[2025-11-11T23:16:59.428+0000] {processor.py:186} INFO - Started process (PID=189) to work on /opt/airflow/dags/etl_pipeline_dag.py
[2025-11-11T23:16:59.429+0000] {processor.py:914} INFO - Processing file /opt/airflow/dags/etl_pipeline_dag.py for tasks to queue
[2025-11-11T23:16:59.431+0000] {logging_mixin.py:190} INFO - [2025-11-11T23:16:59.431+0000] {dagbag.py:588} INFO - Filling up the DagBag from /opt/airflow/dags/etl_pipeline_dag.py
[2025-11-11T23:16:59.455+0000] {processor.py:925} INFO - DAG(s) 'etl_pipeline' retrieved from /opt/airflow/dags/etl_pipeline_dag.py
[2025-11-11T23:16:59.487+0000] {logging_mixin.py:190} INFO - [2025-11-11T23:16:59.487+0000] {dag.py:3239} INFO - Sync 1 DAGs
[2025-11-11T23:16:59.512+0000] {logging_mixin.py:190} INFO - [2025-11-11T23:16:59.512+0000] {dag.py:4180} INFO - Setting next_dagrun for etl_pipeline to 2025-11-10 00:00:00+00:00, run_after=2025-11-11 00:00:00+00:00
[2025-11-11T23:16:59.529+0000] {processor.py:208} INFO - Processing /opt/airflow/dags/etl_pipeline_dag.py took 0.107 seconds
[2025-11-11T23:17:29.727+0000] {processor.py:186} INFO - Started process (PID=200) to work on /opt/airflow/dags/etl_pipeline_dag.py
[2025-11-11T23:17:29.728+0000] {processor.py:914} INFO - Processing file /opt/airflow/dags/etl_pipeline_dag.py for tasks to queue
[2025-11-11T23:17:29.731+0000] {logging_mixin.py:190} INFO - [2025-11-11T23:17:29.731+0000] {dagbag.py:588} INFO - Filling up the DagBag from /opt/airflow/dags/etl_pipeline_dag.py
[2025-11-11T23:17:29.749+0000] {processor.py:925} INFO - DAG(s) 'etl_pipeline' retrieved from /opt/airflow/dags/etl_pipeline_dag.py
[2025-11-11T23:17:29.773+0000] {logging_mixin.py:190} INFO - [2025-11-11T23:17:29.772+0000] {dag.py:3239} INFO - Sync 1 DAGs
[2025-11-11T23:17:29.793+0000] {logging_mixin.py:190} INFO - [2025-11-11T23:17:29.792+0000] {dag.py:4180} INFO - Setting next_dagrun for etl_pipeline to 2025-11-10 00:00:00+00:00, run_after=2025-11-11 00:00:00+00:00
[2025-11-11T23:17:29.809+0000] {processor.py:208} INFO - Processing /opt/airflow/dags/etl_pipeline_dag.py took 0.087 seconds
[2025-11-11T23:18:00.037+0000] {processor.py:186} INFO - Started process (PID=211) to work on /opt/airflow/dags/etl_pipeline_dag.py
[2025-11-11T23:18:00.039+0000] {processor.py:914} INFO - Processing file /opt/airflow/dags/etl_pipeline_dag.py for tasks to queue
[2025-11-11T23:18:00.042+0000] {logging_mixin.py:190} INFO - [2025-11-11T23:18:00.041+0000] {dagbag.py:588} INFO - Filling up the DagBag from /opt/airflow/dags/etl_pipeline_dag.py
[2025-11-11T23:18:00.062+0000] {processor.py:925} INFO - DAG(s) 'etl_pipeline' retrieved from /opt/airflow/dags/etl_pipeline_dag.py
[2025-11-11T23:18:00.088+0000] {logging_mixin.py:190} INFO - [2025-11-11T23:18:00.087+0000] {dag.py:3239} INFO - Sync 1 DAGs
[2025-11-11T23:18:00.110+0000] {logging_mixin.py:190} INFO - [2025-11-11T23:18:00.110+0000] {dag.py:4180} INFO - Setting next_dagrun for etl_pipeline to 2025-11-10 00:00:00+00:00, run_after=2025-11-11 00:00:00+00:00
[2025-11-11T23:18:00.128+0000] {processor.py:208} INFO - Processing /opt/airflow/dags/etl_pipeline_dag.py took 0.098 seconds
[2025-11-11T23:18:30.333+0000] {processor.py:186} INFO - Started process (PID=222) to work on /opt/airflow/dags/etl_pipeline_dag.py
[2025-11-11T23:18:30.334+0000] {processor.py:914} INFO - Processing file /opt/airflow/dags/etl_pipeline_dag.py for tasks to queue
[2025-11-11T23:18:30.336+0000] {logging_mixin.py:190} INFO - [2025-11-11T23:18:30.336+0000] {dagbag.py:588} INFO - Filling up the DagBag from /opt/airflow/dags/etl_pipeline_dag.py
[2025-11-11T23:18:30.357+0000] {processor.py:925} INFO - DAG(s) 'etl_pipeline' retrieved from /opt/airflow/dags/etl_pipeline_dag.py
[2025-11-11T23:18:30.382+0000] {logging_mixin.py:190} INFO - [2025-11-11T23:18:30.381+0000] {dag.py:3239} INFO - Sync 1 DAGs
[2025-11-11T23:18:30.404+0000] {logging_mixin.py:190} INFO - [2025-11-11T23:18:30.403+0000] {dag.py:4180} INFO - Setting next_dagrun for etl_pipeline to 2025-11-10 00:00:00+00:00, run_after=2025-11-11 00:00:00+00:00
[2025-11-11T23:18:30.419+0000] {processor.py:208} INFO - Processing /opt/airflow/dags/etl_pipeline_dag.py took 0.092 seconds
[2025-11-11T23:19:00.645+0000] {processor.py:186} INFO - Started process (PID=233) to work on /opt/airflow/dags/etl_pipeline_dag.py
[2025-11-11T23:19:00.646+0000] {processor.py:914} INFO - Processing file /opt/airflow/dags/etl_pipeline_dag.py for tasks to queue
[2025-11-11T23:19:00.649+0000] {logging_mixin.py:190} INFO - [2025-11-11T23:19:00.648+0000] {dagbag.py:588} INFO - Filling up the DagBag from /opt/airflow/dags/etl_pipeline_dag.py
[2025-11-11T23:19:00.667+0000] {processor.py:925} INFO - DAG(s) 'etl_pipeline' retrieved from /opt/airflow/dags/etl_pipeline_dag.py
[2025-11-11T23:19:00.693+0000] {logging_mixin.py:190} INFO - [2025-11-11T23:19:00.693+0000] {dag.py:3239} INFO - Sync 1 DAGs
[2025-11-11T23:19:00.715+0000] {logging_mixin.py:190} INFO - [2025-11-11T23:19:00.715+0000] {dag.py:4180} INFO - Setting next_dagrun for etl_pipeline to 2025-11-10 00:00:00+00:00, run_after=2025-11-11 00:00:00+00:00
[2025-11-11T23:19:00.730+0000] {processor.py:208} INFO - Processing /opt/airflow/dags/etl_pipeline_dag.py took 0.090 seconds
[2025-11-11T23:19:30.950+0000] {processor.py:186} INFO - Started process (PID=244) to work on /opt/airflow/dags/etl_pipeline_dag.py
[2025-11-11T23:19:30.951+0000] {processor.py:914} INFO - Processing file /opt/airflow/dags/etl_pipeline_dag.py for tasks to queue
[2025-11-11T23:19:30.953+0000] {logging_mixin.py:190} INFO - [2025-11-11T23:19:30.953+0000] {dagbag.py:588} INFO - Filling up the DagBag from /opt/airflow/dags/etl_pipeline_dag.py
[2025-11-11T23:19:30.972+0000] {processor.py:925} INFO - DAG(s) 'etl_pipeline' retrieved from /opt/airflow/dags/etl_pipeline_dag.py
[2025-11-11T23:19:30.998+0000] {logging_mixin.py:190} INFO - [2025-11-11T23:19:30.998+0000] {dag.py:3239} INFO - Sync 1 DAGs
[2025-11-11T23:19:31.019+0000] {logging_mixin.py:190} INFO - [2025-11-11T23:19:31.019+0000] {dag.py:4180} INFO - Setting next_dagrun for etl_pipeline to 2025-11-10 00:00:00+00:00, run_after=2025-11-11 00:00:00+00:00
[2025-11-11T23:19:31.037+0000] {processor.py:208} INFO - Processing /opt/airflow/dags/etl_pipeline_dag.py took 0.093 seconds
[2025-11-11T23:20:01.302+0000] {processor.py:186} INFO - Started process (PID=255) to work on /opt/airflow/dags/etl_pipeline_dag.py
[2025-11-11T23:20:01.304+0000] {processor.py:914} INFO - Processing file /opt/airflow/dags/etl_pipeline_dag.py for tasks to queue
[2025-11-11T23:20:01.306+0000] {logging_mixin.py:190} INFO - [2025-11-11T23:20:01.305+0000] {dagbag.py:588} INFO - Filling up the DagBag from /opt/airflow/dags/etl_pipeline_dag.py
[2025-11-11T23:20:01.325+0000] {processor.py:925} INFO - DAG(s) 'etl_pipeline' retrieved from /opt/airflow/dags/etl_pipeline_dag.py
[2025-11-11T23:20:01.349+0000] {logging_mixin.py:190} INFO - [2025-11-11T23:20:01.349+0000] {dag.py:3239} INFO - Sync 1 DAGs
[2025-11-11T23:20:01.371+0000] {logging_mixin.py:190} INFO - [2025-11-11T23:20:01.371+0000] {dag.py:4180} INFO - Setting next_dagrun for etl_pipeline to 2025-11-10 00:00:00+00:00, run_after=2025-11-11 00:00:00+00:00
[2025-11-11T23:20:01.386+0000] {processor.py:208} INFO - Processing /opt/airflow/dags/etl_pipeline_dag.py took 0.089 seconds
[2025-11-11T23:20:31.681+0000] {processor.py:186} INFO - Started process (PID=266) to work on /opt/airflow/dags/etl_pipeline_dag.py
[2025-11-11T23:20:31.682+0000] {processor.py:914} INFO - Processing file /opt/airflow/dags/etl_pipeline_dag.py for tasks to queue
[2025-11-11T23:20:31.684+0000] {logging_mixin.py:190} INFO - [2025-11-11T23:20:31.684+0000] {dagbag.py:588} INFO - Filling up the DagBag from /opt/airflow/dags/etl_pipeline_dag.py
[2025-11-11T23:20:31.702+0000] {processor.py:925} INFO - DAG(s) 'etl_pipeline' retrieved from /opt/airflow/dags/etl_pipeline_dag.py
[2025-11-11T23:20:31.726+0000] {logging_mixin.py:190} INFO - [2025-11-11T23:20:31.726+0000] {dag.py:3239} INFO - Sync 1 DAGs
[2025-11-11T23:20:31.746+0000] {logging_mixin.py:190} INFO - [2025-11-11T23:20:31.746+0000] {dag.py:4180} INFO - Setting next_dagrun for etl_pipeline to 2025-11-10 00:00:00+00:00, run_after=2025-11-11 00:00:00+00:00
[2025-11-11T23:20:31.762+0000] {processor.py:208} INFO - Processing /opt/airflow/dags/etl_pipeline_dag.py took 0.086 seconds
[2025-11-11T23:21:01.971+0000] {processor.py:186} INFO - Started process (PID=277) to work on /opt/airflow/dags/etl_pipeline_dag.py
[2025-11-11T23:21:01.972+0000] {processor.py:914} INFO - Processing file /opt/airflow/dags/etl_pipeline_dag.py for tasks to queue
[2025-11-11T23:21:01.975+0000] {logging_mixin.py:190} INFO - [2025-11-11T23:21:01.974+0000] {dagbag.py:588} INFO - Filling up the DagBag from /opt/airflow/dags/etl_pipeline_dag.py
[2025-11-11T23:21:01.996+0000] {processor.py:925} INFO - DAG(s) 'etl_pipeline' retrieved from /opt/airflow/dags/etl_pipeline_dag.py
[2025-11-11T23:21:02.021+0000] {logging_mixin.py:190} INFO - [2025-11-11T23:21:02.020+0000] {dag.py:3239} INFO - Sync 1 DAGs
[2025-11-11T23:21:02.043+0000] {logging_mixin.py:190} INFO - [2025-11-11T23:21:02.042+0000] {dag.py:4180} INFO - Setting next_dagrun for etl_pipeline to 2025-11-10 00:00:00+00:00, run_after=2025-11-11 00:00:00+00:00
[2025-11-11T23:21:02.057+0000] {processor.py:208} INFO - Processing /opt/airflow/dags/etl_pipeline_dag.py took 0.092 seconds
[2025-11-11T23:21:32.274+0000] {processor.py:186} INFO - Started process (PID=288) to work on /opt/airflow/dags/etl_pipeline_dag.py
[2025-11-11T23:21:32.275+0000] {processor.py:914} INFO - Processing file /opt/airflow/dags/etl_pipeline_dag.py for tasks to queue
[2025-11-11T23:21:32.278+0000] {logging_mixin.py:190} INFO - [2025-11-11T23:21:32.277+0000] {dagbag.py:588} INFO - Filling up the DagBag from /opt/airflow/dags/etl_pipeline_dag.py
[2025-11-11T23:21:32.296+0000] {processor.py:925} INFO - DAG(s) 'etl_pipeline' retrieved from /opt/airflow/dags/etl_pipeline_dag.py
[2025-11-11T23:21:32.318+0000] {logging_mixin.py:190} INFO - [2025-11-11T23:21:32.318+0000] {dag.py:3239} INFO - Sync 1 DAGs
[2025-11-11T23:21:32.341+0000] {logging_mixin.py:190} INFO - [2025-11-11T23:21:32.341+0000] {dag.py:4180} INFO - Setting next_dagrun for etl_pipeline to 2025-11-10 00:00:00+00:00, run_after=2025-11-11 00:00:00+00:00
[2025-11-11T23:21:32.358+0000] {processor.py:208} INFO - Processing /opt/airflow/dags/etl_pipeline_dag.py took 0.089 seconds
[2025-11-11T23:22:03.221+0000] {processor.py:186} INFO - Started process (PID=311) to work on /opt/airflow/dags/etl_pipeline_dag.py
[2025-11-11T23:22:03.222+0000] {processor.py:914} INFO - Processing file /opt/airflow/dags/etl_pipeline_dag.py for tasks to queue
[2025-11-11T23:22:03.224+0000] {logging_mixin.py:190} INFO - [2025-11-11T23:22:03.223+0000] {dagbag.py:588} INFO - Filling up the DagBag from /opt/airflow/dags/etl_pipeline_dag.py
[2025-11-11T23:22:03.240+0000] {processor.py:925} INFO - DAG(s) 'etl_pipeline' retrieved from /opt/airflow/dags/etl_pipeline_dag.py
[2025-11-11T23:22:03.263+0000] {logging_mixin.py:190} INFO - [2025-11-11T23:22:03.263+0000] {dag.py:3239} INFO - Sync 1 DAGs
[2025-11-11T23:22:03.287+0000] {logging_mixin.py:190} INFO - [2025-11-11T23:22:03.287+0000] {dag.py:4180} INFO - Setting next_dagrun for etl_pipeline to 2025-11-10 00:00:00+00:00, run_after=2025-11-11 00:00:00+00:00
[2025-11-11T23:22:03.302+0000] {processor.py:208} INFO - Processing /opt/airflow/dags/etl_pipeline_dag.py took 0.086 seconds
[2025-11-11T23:22:33.631+0000] {processor.py:186} INFO - Started process (PID=334) to work on /opt/airflow/dags/etl_pipeline_dag.py
[2025-11-11T23:22:33.632+0000] {processor.py:914} INFO - Processing file /opt/airflow/dags/etl_pipeline_dag.py for tasks to queue
[2025-11-11T23:22:33.634+0000] {logging_mixin.py:190} INFO - [2025-11-11T23:22:33.634+0000] {dagbag.py:588} INFO - Filling up the DagBag from /opt/airflow/dags/etl_pipeline_dag.py
[2025-11-11T23:22:33.651+0000] {processor.py:925} INFO - DAG(s) 'etl_pipeline' retrieved from /opt/airflow/dags/etl_pipeline_dag.py
[2025-11-11T23:22:33.672+0000] {logging_mixin.py:190} INFO - [2025-11-11T23:22:33.671+0000] {dag.py:3239} INFO - Sync 1 DAGs
[2025-11-11T23:22:33.691+0000] {logging_mixin.py:190} INFO - [2025-11-11T23:22:33.691+0000] {dag.py:4180} INFO - Setting next_dagrun for etl_pipeline to 2025-11-10 00:00:00+00:00, run_after=2025-11-11 00:00:00+00:00
[2025-11-11T23:22:33.705+0000] {processor.py:208} INFO - Processing /opt/airflow/dags/etl_pipeline_dag.py took 0.079 seconds
[2025-11-11T23:23:04.207+0000] {processor.py:186} INFO - Started process (PID=357) to work on /opt/airflow/dags/etl_pipeline_dag.py
[2025-11-11T23:23:04.208+0000] {processor.py:914} INFO - Processing file /opt/airflow/dags/etl_pipeline_dag.py for tasks to queue
[2025-11-11T23:23:04.211+0000] {logging_mixin.py:190} INFO - [2025-11-11T23:23:04.210+0000] {dagbag.py:588} INFO - Filling up the DagBag from /opt/airflow/dags/etl_pipeline_dag.py
[2025-11-11T23:23:04.228+0000] {processor.py:925} INFO - DAG(s) 'etl_pipeline' retrieved from /opt/airflow/dags/etl_pipeline_dag.py
[2025-11-11T23:23:04.253+0000] {logging_mixin.py:190} INFO - [2025-11-11T23:23:04.253+0000] {dag.py:3239} INFO - Sync 1 DAGs
[2025-11-11T23:23:04.274+0000] {logging_mixin.py:190} INFO - [2025-11-11T23:23:04.274+0000] {dag.py:4180} INFO - Setting next_dagrun for etl_pipeline to 2025-11-10 00:00:00+00:00, run_after=2025-11-11 00:00:00+00:00
[2025-11-11T23:23:04.292+0000] {processor.py:208} INFO - Processing /opt/airflow/dags/etl_pipeline_dag.py took 0.089 seconds
[2025-11-11T23:23:34.526+0000] {processor.py:186} INFO - Started process (PID=380) to work on /opt/airflow/dags/etl_pipeline_dag.py
[2025-11-11T23:23:34.527+0000] {processor.py:914} INFO - Processing file /opt/airflow/dags/etl_pipeline_dag.py for tasks to queue
[2025-11-11T23:23:34.529+0000] {logging_mixin.py:190} INFO - [2025-11-11T23:23:34.529+0000] {dagbag.py:588} INFO - Filling up the DagBag from /opt/airflow/dags/etl_pipeline_dag.py
[2025-11-11T23:23:34.547+0000] {processor.py:925} INFO - DAG(s) 'etl_pipeline' retrieved from /opt/airflow/dags/etl_pipeline_dag.py
[2025-11-11T23:23:34.570+0000] {logging_mixin.py:190} INFO - [2025-11-11T23:23:34.570+0000] {dag.py:3239} INFO - Sync 1 DAGs
[2025-11-11T23:23:34.595+0000] {logging_mixin.py:190} INFO - [2025-11-11T23:23:34.594+0000] {dag.py:4180} INFO - Setting next_dagrun for etl_pipeline to 2025-11-10 00:00:00+00:00, run_after=2025-11-11 00:00:00+00:00
[2025-11-11T23:23:34.613+0000] {processor.py:208} INFO - Processing /opt/airflow/dags/etl_pipeline_dag.py took 0.092 seconds
[2025-11-11T23:24:04.791+0000] {processor.py:186} INFO - Started process (PID=403) to work on /opt/airflow/dags/etl_pipeline_dag.py
[2025-11-11T23:24:04.792+0000] {processor.py:914} INFO - Processing file /opt/airflow/dags/etl_pipeline_dag.py for tasks to queue
[2025-11-11T23:24:04.794+0000] {logging_mixin.py:190} INFO - [2025-11-11T23:24:04.794+0000] {dagbag.py:588} INFO - Filling up the DagBag from /opt/airflow/dags/etl_pipeline_dag.py
[2025-11-11T23:24:04.811+0000] {processor.py:925} INFO - DAG(s) 'etl_pipeline' retrieved from /opt/airflow/dags/etl_pipeline_dag.py
[2025-11-11T23:24:04.832+0000] {logging_mixin.py:190} INFO - [2025-11-11T23:24:04.831+0000] {dag.py:3239} INFO - Sync 1 DAGs
[2025-11-11T23:24:04.981+0000] {logging_mixin.py:190} INFO - [2025-11-11T23:24:04.981+0000] {dag.py:4180} INFO - Setting next_dagrun for etl_pipeline to 2025-11-10 00:00:00+00:00, run_after=2025-11-11 00:00:00+00:00
[2025-11-11T23:24:04.994+0000] {processor.py:208} INFO - Processing /opt/airflow/dags/etl_pipeline_dag.py took 0.208 seconds
[2025-11-11T23:24:35.508+0000] {processor.py:186} INFO - Started process (PID=426) to work on /opt/airflow/dags/etl_pipeline_dag.py
[2025-11-11T23:24:35.509+0000] {processor.py:914} INFO - Processing file /opt/airflow/dags/etl_pipeline_dag.py for tasks to queue
[2025-11-11T23:24:35.511+0000] {logging_mixin.py:190} INFO - [2025-11-11T23:24:35.511+0000] {dagbag.py:588} INFO - Filling up the DagBag from /opt/airflow/dags/etl_pipeline_dag.py
[2025-11-11T23:24:35.531+0000] {processor.py:925} INFO - DAG(s) 'etl_pipeline' retrieved from /opt/airflow/dags/etl_pipeline_dag.py
[2025-11-11T23:24:35.554+0000] {logging_mixin.py:190} INFO - [2025-11-11T23:24:35.554+0000] {dag.py:3239} INFO - Sync 1 DAGs
[2025-11-11T23:24:35.704+0000] {logging_mixin.py:190} INFO - [2025-11-11T23:24:35.704+0000] {dag.py:4180} INFO - Setting next_dagrun for etl_pipeline to 2025-11-10 00:00:00+00:00, run_after=2025-11-11 00:00:00+00:00
[2025-11-11T23:24:35.718+0000] {processor.py:208} INFO - Processing /opt/airflow/dags/etl_pipeline_dag.py took 0.215 seconds
[2025-11-11T23:25:06.048+0000] {processor.py:186} INFO - Started process (PID=455) to work on /opt/airflow/dags/etl_pipeline_dag.py
[2025-11-11T23:25:06.049+0000] {processor.py:914} INFO - Processing file /opt/airflow/dags/etl_pipeline_dag.py for tasks to queue
[2025-11-11T23:25:06.051+0000] {logging_mixin.py:190} INFO - [2025-11-11T23:25:06.051+0000] {dagbag.py:588} INFO - Filling up the DagBag from /opt/airflow/dags/etl_pipeline_dag.py
[2025-11-11T23:25:06.068+0000] {processor.py:925} INFO - DAG(s) 'etl_pipeline' retrieved from /opt/airflow/dags/etl_pipeline_dag.py
[2025-11-11T23:25:06.210+0000] {logging_mixin.py:190} INFO - [2025-11-11T23:25:06.209+0000] {dag.py:3239} INFO - Sync 1 DAGs
[2025-11-11T23:25:06.228+0000] {logging_mixin.py:190} INFO - [2025-11-11T23:25:06.228+0000] {dag.py:4180} INFO - Setting next_dagrun for etl_pipeline to 2025-11-10 00:00:00+00:00, run_after=2025-11-11 00:00:00+00:00
[2025-11-11T23:25:06.244+0000] {processor.py:208} INFO - Processing /opt/airflow/dags/etl_pipeline_dag.py took 0.200 seconds
[2025-11-11T23:25:16.117+0000] {processor.py:186} INFO - Started process (PID=200) to work on /opt/airflow/dags/etl_pipeline_dag.py
[2025-11-11T23:25:16.118+0000] {processor.py:914} INFO - Processing file /opt/airflow/dags/etl_pipeline_dag.py for tasks to queue
[2025-11-11T23:25:16.119+0000] {logging_mixin.py:190} INFO - [2025-11-11T23:25:16.119+0000] {dagbag.py:588} INFO - Filling up the DagBag from /opt/airflow/dags/etl_pipeline_dag.py
[2025-11-11T23:25:16.137+0000] {processor.py:925} INFO - DAG(s) 'etl_pipeline' retrieved from /opt/airflow/dags/etl_pipeline_dag.py
[2025-11-11T23:25:16.160+0000] {logging_mixin.py:190} INFO - [2025-11-11T23:25:16.160+0000] {dag.py:3239} INFO - Sync 1 DAGs
[2025-11-11T23:25:16.180+0000] {logging_mixin.py:190} INFO - [2025-11-11T23:25:16.180+0000] {dag.py:4180} INFO - Setting next_dagrun for etl_pipeline to 2025-11-10 00:00:00+00:00, run_after=2025-11-11 00:00:00+00:00
[2025-11-11T23:25:16.195+0000] {processor.py:208} INFO - Processing /opt/airflow/dags/etl_pipeline_dag.py took 0.083 seconds
[2025-11-11T23:25:46.979+0000] {processor.py:186} INFO - Started process (PID=223) to work on /opt/airflow/dags/etl_pipeline_dag.py
[2025-11-11T23:25:46.980+0000] {processor.py:914} INFO - Processing file /opt/airflow/dags/etl_pipeline_dag.py for tasks to queue
[2025-11-11T23:25:46.982+0000] {logging_mixin.py:190} INFO - [2025-11-11T23:25:46.981+0000] {dagbag.py:588} INFO - Filling up the DagBag from /opt/airflow/dags/etl_pipeline_dag.py
[2025-11-11T23:25:46.999+0000] {processor.py:925} INFO - DAG(s) 'etl_pipeline' retrieved from /opt/airflow/dags/etl_pipeline_dag.py
[2025-11-11T23:25:47.022+0000] {logging_mixin.py:190} INFO - [2025-11-11T23:25:47.022+0000] {dag.py:3239} INFO - Sync 1 DAGs
[2025-11-11T23:25:47.043+0000] {logging_mixin.py:190} INFO - [2025-11-11T23:25:47.043+0000] {dag.py:4180} INFO - Setting next_dagrun for etl_pipeline to 2025-11-10 00:00:00+00:00, run_after=2025-11-11 00:00:00+00:00
[2025-11-11T23:25:47.059+0000] {processor.py:208} INFO - Processing /opt/airflow/dags/etl_pipeline_dag.py took 0.084 seconds
[2025-11-11T23:26:17.967+0000] {processor.py:186} INFO - Started process (PID=246) to work on /opt/airflow/dags/etl_pipeline_dag.py
[2025-11-11T23:26:17.968+0000] {processor.py:914} INFO - Processing file /opt/airflow/dags/etl_pipeline_dag.py for tasks to queue
[2025-11-11T23:26:17.970+0000] {logging_mixin.py:190} INFO - [2025-11-11T23:26:17.970+0000] {dagbag.py:588} INFO - Filling up the DagBag from /opt/airflow/dags/etl_pipeline_dag.py
[2025-11-11T23:26:17.989+0000] {processor.py:925} INFO - DAG(s) 'etl_pipeline' retrieved from /opt/airflow/dags/etl_pipeline_dag.py
[2025-11-11T23:26:18.014+0000] {logging_mixin.py:190} INFO - [2025-11-11T23:26:18.014+0000] {dag.py:3239} INFO - Sync 1 DAGs
[2025-11-11T23:26:18.033+0000] {logging_mixin.py:190} INFO - [2025-11-11T23:26:18.033+0000] {dag.py:4180} INFO - Setting next_dagrun for etl_pipeline to 2025-11-10 00:00:00+00:00, run_after=2025-11-11 00:00:00+00:00
[2025-11-11T23:26:18.047+0000] {processor.py:208} INFO - Processing /opt/airflow/dags/etl_pipeline_dag.py took 0.086 seconds
[2025-11-11T23:26:48.831+0000] {processor.py:186} INFO - Started process (PID=269) to work on /opt/airflow/dags/etl_pipeline_dag.py
[2025-11-11T23:26:48.832+0000] {processor.py:914} INFO - Processing file /opt/airflow/dags/etl_pipeline_dag.py for tasks to queue
[2025-11-11T23:26:48.835+0000] {logging_mixin.py:190} INFO - [2025-11-11T23:26:48.834+0000] {dagbag.py:588} INFO - Filling up the DagBag from /opt/airflow/dags/etl_pipeline_dag.py
[2025-11-11T23:26:48.853+0000] {processor.py:925} INFO - DAG(s) 'etl_pipeline' retrieved from /opt/airflow/dags/etl_pipeline_dag.py
[2025-11-11T23:26:48.874+0000] {logging_mixin.py:190} INFO - [2025-11-11T23:26:48.874+0000] {dag.py:3239} INFO - Sync 1 DAGs
[2025-11-11T23:26:48.893+0000] {logging_mixin.py:190} INFO - [2025-11-11T23:26:48.893+0000] {dag.py:4180} INFO - Setting next_dagrun for etl_pipeline to 2025-11-10 00:00:00+00:00, run_after=2025-11-11 00:00:00+00:00
[2025-11-11T23:26:48.906+0000] {processor.py:208} INFO - Processing /opt/airflow/dags/etl_pipeline_dag.py took 0.081 seconds
[2025-11-11T23:27:19.721+0000] {processor.py:186} INFO - Started process (PID=292) to work on /opt/airflow/dags/etl_pipeline_dag.py
[2025-11-11T23:27:19.722+0000] {processor.py:914} INFO - Processing file /opt/airflow/dags/etl_pipeline_dag.py for tasks to queue
[2025-11-11T23:27:19.724+0000] {logging_mixin.py:190} INFO - [2025-11-11T23:27:19.724+0000] {dagbag.py:588} INFO - Filling up the DagBag from /opt/airflow/dags/etl_pipeline_dag.py
[2025-11-11T23:27:19.742+0000] {processor.py:925} INFO - DAG(s) 'etl_pipeline' retrieved from /opt/airflow/dags/etl_pipeline_dag.py
[2025-11-11T23:27:19.763+0000] {logging_mixin.py:190} INFO - [2025-11-11T23:27:19.763+0000] {dag.py:3239} INFO - Sync 1 DAGs
[2025-11-11T23:27:19.782+0000] {logging_mixin.py:190} INFO - [2025-11-11T23:27:19.782+0000] {dag.py:4180} INFO - Setting next_dagrun for etl_pipeline to 2025-11-10 00:00:00+00:00, run_after=2025-11-11 00:00:00+00:00
[2025-11-11T23:27:19.796+0000] {processor.py:208} INFO - Processing /opt/airflow/dags/etl_pipeline_dag.py took 0.080 seconds
[2025-11-11T23:27:50.583+0000] {processor.py:186} INFO - Started process (PID=315) to work on /opt/airflow/dags/etl_pipeline_dag.py
[2025-11-11T23:27:50.584+0000] {processor.py:914} INFO - Processing file /opt/airflow/dags/etl_pipeline_dag.py for tasks to queue
[2025-11-11T23:27:50.587+0000] {logging_mixin.py:190} INFO - [2025-11-11T23:27:50.586+0000] {dagbag.py:588} INFO - Filling up the DagBag from /opt/airflow/dags/etl_pipeline_dag.py
[2025-11-11T23:27:50.604+0000] {processor.py:925} INFO - DAG(s) 'etl_pipeline' retrieved from /opt/airflow/dags/etl_pipeline_dag.py
[2025-11-11T23:27:50.625+0000] {logging_mixin.py:190} INFO - [2025-11-11T23:27:50.625+0000] {dag.py:3239} INFO - Sync 1 DAGs
[2025-11-11T23:27:50.645+0000] {logging_mixin.py:190} INFO - [2025-11-11T23:27:50.645+0000] {dag.py:4180} INFO - Setting next_dagrun for etl_pipeline to 2025-11-10 00:00:00+00:00, run_after=2025-11-11 00:00:00+00:00
[2025-11-11T23:27:50.660+0000] {processor.py:208} INFO - Processing /opt/airflow/dags/etl_pipeline_dag.py took 0.082 seconds
[2025-11-11T23:28:21.507+0000] {processor.py:186} INFO - Started process (PID=338) to work on /opt/airflow/dags/etl_pipeline_dag.py
[2025-11-11T23:28:21.508+0000] {processor.py:914} INFO - Processing file /opt/airflow/dags/etl_pipeline_dag.py for tasks to queue
[2025-11-11T23:28:21.510+0000] {logging_mixin.py:190} INFO - [2025-11-11T23:28:21.509+0000] {dagbag.py:588} INFO - Filling up the DagBag from /opt/airflow/dags/etl_pipeline_dag.py
[2025-11-11T23:28:21.527+0000] {processor.py:925} INFO - DAG(s) 'etl_pipeline' retrieved from /opt/airflow/dags/etl_pipeline_dag.py
[2025-11-11T23:28:21.548+0000] {logging_mixin.py:190} INFO - [2025-11-11T23:28:21.548+0000] {dag.py:3239} INFO - Sync 1 DAGs
[2025-11-11T23:28:21.567+0000] {logging_mixin.py:190} INFO - [2025-11-11T23:28:21.567+0000] {dag.py:4180} INFO - Setting next_dagrun for etl_pipeline to 2025-11-10 00:00:00+00:00, run_after=2025-11-11 00:00:00+00:00
[2025-11-11T23:28:21.582+0000] {processor.py:208} INFO - Processing /opt/airflow/dags/etl_pipeline_dag.py took 0.079 seconds
[2025-11-11T23:28:52.340+0000] {processor.py:186} INFO - Started process (PID=361) to work on /opt/airflow/dags/etl_pipeline_dag.py
[2025-11-11T23:28:52.340+0000] {processor.py:914} INFO - Processing file /opt/airflow/dags/etl_pipeline_dag.py for tasks to queue
[2025-11-11T23:28:52.342+0000] {logging_mixin.py:190} INFO - [2025-11-11T23:28:52.342+0000] {dagbag.py:588} INFO - Filling up the DagBag from /opt/airflow/dags/etl_pipeline_dag.py
[2025-11-11T23:28:52.359+0000] {processor.py:925} INFO - DAG(s) 'etl_pipeline' retrieved from /opt/airflow/dags/etl_pipeline_dag.py
[2025-11-11T23:28:52.381+0000] {logging_mixin.py:190} INFO - [2025-11-11T23:28:52.381+0000] {dag.py:3239} INFO - Sync 1 DAGs
[2025-11-11T23:28:52.399+0000] {logging_mixin.py:190} INFO - [2025-11-11T23:28:52.399+0000] {dag.py:4180} INFO - Setting next_dagrun for etl_pipeline to 2025-11-10 00:00:00+00:00, run_after=2025-11-11 00:00:00+00:00
[2025-11-11T23:28:52.415+0000] {processor.py:208} INFO - Processing /opt/airflow/dags/etl_pipeline_dag.py took 0.080 seconds
[2025-11-11T23:29:23.197+0000] {processor.py:186} INFO - Started process (PID=384) to work on /opt/airflow/dags/etl_pipeline_dag.py
[2025-11-11T23:29:23.198+0000] {processor.py:914} INFO - Processing file /opt/airflow/dags/etl_pipeline_dag.py for tasks to queue
[2025-11-11T23:29:23.200+0000] {logging_mixin.py:190} INFO - [2025-11-11T23:29:23.199+0000] {dagbag.py:588} INFO - Filling up the DagBag from /opt/airflow/dags/etl_pipeline_dag.py
[2025-11-11T23:29:23.217+0000] {processor.py:925} INFO - DAG(s) 'etl_pipeline' retrieved from /opt/airflow/dags/etl_pipeline_dag.py
[2025-11-11T23:29:23.239+0000] {logging_mixin.py:190} INFO - [2025-11-11T23:29:23.239+0000] {dag.py:3239} INFO - Sync 1 DAGs
[2025-11-11T23:29:23.257+0000] {logging_mixin.py:190} INFO - [2025-11-11T23:29:23.257+0000] {dag.py:4180} INFO - Setting next_dagrun for etl_pipeline to 2025-11-10 00:00:00+00:00, run_after=2025-11-11 00:00:00+00:00
[2025-11-11T23:29:23.272+0000] {processor.py:208} INFO - Processing /opt/airflow/dags/etl_pipeline_dag.py took 0.080 seconds
[2025-11-11T23:29:54.170+0000] {processor.py:186} INFO - Started process (PID=410) to work on /opt/airflow/dags/etl_pipeline_dag.py
[2025-11-11T23:29:54.171+0000] {processor.py:914} INFO - Processing file /opt/airflow/dags/etl_pipeline_dag.py for tasks to queue
[2025-11-11T23:29:54.174+0000] {logging_mixin.py:190} INFO - [2025-11-11T23:29:54.174+0000] {dagbag.py:588} INFO - Filling up the DagBag from /opt/airflow/dags/etl_pipeline_dag.py
[2025-11-11T23:29:54.192+0000] {processor.py:925} INFO - DAG(s) 'etl_pipeline' retrieved from /opt/airflow/dags/etl_pipeline_dag.py
[2025-11-11T23:29:54.214+0000] {logging_mixin.py:190} INFO - [2025-11-11T23:29:54.214+0000] {dag.py:3239} INFO - Sync 1 DAGs
[2025-11-11T23:29:54.234+0000] {logging_mixin.py:190} INFO - [2025-11-11T23:29:54.234+0000] {dag.py:4180} INFO - Setting next_dagrun for etl_pipeline to 2025-11-11 00:00:00+00:00, run_after=2025-11-12 00:00:00+00:00
[2025-11-11T23:29:54.250+0000] {processor.py:208} INFO - Processing /opt/airflow/dags/etl_pipeline_dag.py took 0.085 seconds
[2025-11-11T23:30:24.746+0000] {processor.py:186} INFO - Started process (PID=590) to work on /opt/airflow/dags/etl_pipeline_dag.py
[2025-11-11T23:30:24.746+0000] {processor.py:914} INFO - Processing file /opt/airflow/dags/etl_pipeline_dag.py for tasks to queue
[2025-11-11T23:30:24.748+0000] {logging_mixin.py:190} INFO - [2025-11-11T23:30:24.748+0000] {dagbag.py:588} INFO - Filling up the DagBag from /opt/airflow/dags/etl_pipeline_dag.py
[2025-11-11T23:30:24.766+0000] {processor.py:925} INFO - DAG(s) 'etl_pipeline' retrieved from /opt/airflow/dags/etl_pipeline_dag.py
[2025-11-11T23:30:24.788+0000] {logging_mixin.py:190} INFO - [2025-11-11T23:30:24.788+0000] {dag.py:3239} INFO - Sync 1 DAGs
[2025-11-11T23:30:24.807+0000] {logging_mixin.py:190} INFO - [2025-11-11T23:30:24.807+0000] {dag.py:4180} INFO - Setting next_dagrun for etl_pipeline to 2025-11-11 00:00:00+00:00, run_after=2025-11-12 00:00:00+00:00
[2025-11-11T23:30:24.822+0000] {processor.py:208} INFO - Processing /opt/airflow/dags/etl_pipeline_dag.py took 0.081 seconds
[2025-11-11T23:30:55.621+0000] {processor.py:186} INFO - Started process (PID=613) to work on /opt/airflow/dags/etl_pipeline_dag.py
[2025-11-11T23:30:55.622+0000] {processor.py:914} INFO - Processing file /opt/airflow/dags/etl_pipeline_dag.py for tasks to queue
[2025-11-11T23:30:55.624+0000] {logging_mixin.py:190} INFO - [2025-11-11T23:30:55.624+0000] {dagbag.py:588} INFO - Filling up the DagBag from /opt/airflow/dags/etl_pipeline_dag.py
[2025-11-11T23:30:55.643+0000] {processor.py:925} INFO - DAG(s) 'etl_pipeline' retrieved from /opt/airflow/dags/etl_pipeline_dag.py
[2025-11-11T23:30:55.671+0000] {logging_mixin.py:190} INFO - [2025-11-11T23:30:55.671+0000] {dag.py:3239} INFO - Sync 1 DAGs
[2025-11-11T23:30:55.690+0000] {logging_mixin.py:190} INFO - [2025-11-11T23:30:55.690+0000] {dag.py:4180} INFO - Setting next_dagrun for etl_pipeline to 2025-11-11 00:00:00+00:00, run_after=2025-11-12 00:00:00+00:00
[2025-11-11T23:30:55.705+0000] {processor.py:208} INFO - Processing /opt/airflow/dags/etl_pipeline_dag.py took 0.090 seconds
[2025-11-11T23:31:26.446+0000] {processor.py:186} INFO - Started process (PID=636) to work on /opt/airflow/dags/etl_pipeline_dag.py
[2025-11-11T23:31:26.447+0000] {processor.py:914} INFO - Processing file /opt/airflow/dags/etl_pipeline_dag.py for tasks to queue
[2025-11-11T23:31:26.449+0000] {logging_mixin.py:190} INFO - [2025-11-11T23:31:26.448+0000] {dagbag.py:588} INFO - Filling up the DagBag from /opt/airflow/dags/etl_pipeline_dag.py
[2025-11-11T23:31:26.466+0000] {processor.py:925} INFO - DAG(s) 'etl_pipeline' retrieved from /opt/airflow/dags/etl_pipeline_dag.py
[2025-11-11T23:31:26.486+0000] {logging_mixin.py:190} INFO - [2025-11-11T23:31:26.486+0000] {dag.py:3239} INFO - Sync 1 DAGs
[2025-11-11T23:31:26.505+0000] {logging_mixin.py:190} INFO - [2025-11-11T23:31:26.505+0000] {dag.py:4180} INFO - Setting next_dagrun for etl_pipeline to 2025-11-11 00:00:00+00:00, run_after=2025-11-12 00:00:00+00:00
[2025-11-11T23:31:26.520+0000] {processor.py:208} INFO - Processing /opt/airflow/dags/etl_pipeline_dag.py took 0.079 seconds
[2025-11-11T23:31:57.292+0000] {processor.py:186} INFO - Started process (PID=659) to work on /opt/airflow/dags/etl_pipeline_dag.py
[2025-11-11T23:31:57.293+0000] {processor.py:914} INFO - Processing file /opt/airflow/dags/etl_pipeline_dag.py for tasks to queue
[2025-11-11T23:31:57.295+0000] {logging_mixin.py:190} INFO - [2025-11-11T23:31:57.295+0000] {dagbag.py:588} INFO - Filling up the DagBag from /opt/airflow/dags/etl_pipeline_dag.py
[2025-11-11T23:31:57.313+0000] {processor.py:925} INFO - DAG(s) 'etl_pipeline' retrieved from /opt/airflow/dags/etl_pipeline_dag.py
[2025-11-11T23:31:57.336+0000] {logging_mixin.py:190} INFO - [2025-11-11T23:31:57.335+0000] {dag.py:3239} INFO - Sync 1 DAGs
[2025-11-11T23:31:57.355+0000] {logging_mixin.py:190} INFO - [2025-11-11T23:31:57.355+0000] {dag.py:4180} INFO - Setting next_dagrun for etl_pipeline to 2025-11-11 00:00:00+00:00, run_after=2025-11-12 00:00:00+00:00
[2025-11-11T23:31:57.494+0000] {processor.py:208} INFO - Processing /opt/airflow/dags/etl_pipeline_dag.py took 0.207 seconds
[2025-11-11T23:32:28.275+0000] {processor.py:186} INFO - Started process (PID=682) to work on /opt/airflow/dags/etl_pipeline_dag.py
[2025-11-11T23:32:28.276+0000] {processor.py:914} INFO - Processing file /opt/airflow/dags/etl_pipeline_dag.py for tasks to queue
[2025-11-11T23:32:28.278+0000] {logging_mixin.py:190} INFO - [2025-11-11T23:32:28.278+0000] {dagbag.py:588} INFO - Filling up the DagBag from /opt/airflow/dags/etl_pipeline_dag.py
[2025-11-11T23:32:28.297+0000] {processor.py:925} INFO - DAG(s) 'etl_pipeline' retrieved from /opt/airflow/dags/etl_pipeline_dag.py
[2025-11-11T23:32:28.318+0000] {logging_mixin.py:190} INFO - [2025-11-11T23:32:28.318+0000] {dag.py:3239} INFO - Sync 1 DAGs
[2025-11-11T23:32:28.463+0000] {logging_mixin.py:190} INFO - [2025-11-11T23:32:28.462+0000] {dag.py:4180} INFO - Setting next_dagrun for etl_pipeline to 2025-11-11 00:00:00+00:00, run_after=2025-11-12 00:00:00+00:00
[2025-11-11T23:32:28.476+0000] {processor.py:208} INFO - Processing /opt/airflow/dags/etl_pipeline_dag.py took 0.206 seconds
[2025-11-11T23:32:59.316+0000] {processor.py:186} INFO - Started process (PID=705) to work on /opt/airflow/dags/etl_pipeline_dag.py
[2025-11-11T23:32:59.317+0000] {processor.py:914} INFO - Processing file /opt/airflow/dags/etl_pipeline_dag.py for tasks to queue
[2025-11-11T23:32:59.319+0000] {logging_mixin.py:190} INFO - [2025-11-11T23:32:59.319+0000] {dagbag.py:588} INFO - Filling up the DagBag from /opt/airflow/dags/etl_pipeline_dag.py
[2025-11-11T23:32:59.338+0000] {processor.py:925} INFO - DAG(s) 'etl_pipeline' retrieved from /opt/airflow/dags/etl_pipeline_dag.py
[2025-11-11T23:32:59.361+0000] {logging_mixin.py:190} INFO - [2025-11-11T23:32:59.361+0000] {dag.py:3239} INFO - Sync 1 DAGs
[2025-11-11T23:32:59.519+0000] {logging_mixin.py:190} INFO - [2025-11-11T23:32:59.519+0000] {dag.py:4180} INFO - Setting next_dagrun for etl_pipeline to 2025-11-11 00:00:00+00:00, run_after=2025-11-12 00:00:00+00:00
[2025-11-11T23:32:59.533+0000] {processor.py:208} INFO - Processing /opt/airflow/dags/etl_pipeline_dag.py took 0.222 seconds
[2025-11-11T23:33:30.353+0000] {processor.py:186} INFO - Started process (PID=728) to work on /opt/airflow/dags/etl_pipeline_dag.py
[2025-11-11T23:33:30.354+0000] {processor.py:914} INFO - Processing file /opt/airflow/dags/etl_pipeline_dag.py for tasks to queue
[2025-11-11T23:33:30.357+0000] {logging_mixin.py:190} INFO - [2025-11-11T23:33:30.356+0000] {dagbag.py:588} INFO - Filling up the DagBag from /opt/airflow/dags/etl_pipeline_dag.py
[2025-11-11T23:33:30.375+0000] {processor.py:925} INFO - DAG(s) 'etl_pipeline' retrieved from /opt/airflow/dags/etl_pipeline_dag.py
[2025-11-11T23:33:30.525+0000] {logging_mixin.py:190} INFO - [2025-11-11T23:33:30.525+0000] {dag.py:3239} INFO - Sync 1 DAGs
[2025-11-11T23:33:30.542+0000] {logging_mixin.py:190} INFO - [2025-11-11T23:33:30.542+0000] {dag.py:4180} INFO - Setting next_dagrun for etl_pipeline to 2025-11-11 00:00:00+00:00, run_after=2025-11-12 00:00:00+00:00
[2025-11-11T23:33:30.559+0000] {processor.py:208} INFO - Processing /opt/airflow/dags/etl_pipeline_dag.py took 0.211 seconds
[2025-11-11T23:34:01.253+0000] {processor.py:186} INFO - Started process (PID=751) to work on /opt/airflow/dags/etl_pipeline_dag.py
[2025-11-11T23:34:01.254+0000] {processor.py:914} INFO - Processing file /opt/airflow/dags/etl_pipeline_dag.py for tasks to queue
[2025-11-11T23:34:01.257+0000] {logging_mixin.py:190} INFO - [2025-11-11T23:34:01.256+0000] {dagbag.py:588} INFO - Filling up the DagBag from /opt/airflow/dags/etl_pipeline_dag.py
[2025-11-11T23:34:01.276+0000] {processor.py:925} INFO - DAG(s) 'etl_pipeline' retrieved from /opt/airflow/dags/etl_pipeline_dag.py
[2025-11-11T23:34:01.304+0000] {logging_mixin.py:190} INFO - [2025-11-11T23:34:01.304+0000] {dag.py:3239} INFO - Sync 1 DAGs
[2025-11-11T23:34:01.327+0000] {logging_mixin.py:190} INFO - [2025-11-11T23:34:01.327+0000] {dag.py:4180} INFO - Setting next_dagrun for etl_pipeline to 2025-11-11 00:00:00+00:00, run_after=2025-11-12 00:00:00+00:00
[2025-11-11T23:34:01.346+0000] {processor.py:208} INFO - Processing /opt/airflow/dags/etl_pipeline_dag.py took 0.100 seconds
[2025-11-11T23:34:31.699+0000] {processor.py:186} INFO - Started process (PID=774) to work on /opt/airflow/dags/etl_pipeline_dag.py
[2025-11-11T23:34:31.700+0000] {processor.py:914} INFO - Processing file /opt/airflow/dags/etl_pipeline_dag.py for tasks to queue
[2025-11-11T23:34:31.703+0000] {logging_mixin.py:190} INFO - [2025-11-11T23:34:31.702+0000] {dagbag.py:588} INFO - Filling up the DagBag from /opt/airflow/dags/etl_pipeline_dag.py
[2025-11-11T23:34:31.720+0000] {processor.py:925} INFO - DAG(s) 'etl_pipeline' retrieved from /opt/airflow/dags/etl_pipeline_dag.py
[2025-11-11T23:34:31.742+0000] {logging_mixin.py:190} INFO - [2025-11-11T23:34:31.742+0000] {dag.py:3239} INFO - Sync 1 DAGs
[2025-11-11T23:34:31.761+0000] {logging_mixin.py:190} INFO - [2025-11-11T23:34:31.761+0000] {dag.py:4180} INFO - Setting next_dagrun for etl_pipeline to 2025-11-11 00:00:00+00:00, run_after=2025-11-12 00:00:00+00:00
[2025-11-11T23:34:31.777+0000] {processor.py:208} INFO - Processing /opt/airflow/dags/etl_pipeline_dag.py took 0.083 seconds
[2025-11-11T23:35:02.146+0000] {processor.py:186} INFO - Started process (PID=797) to work on /opt/airflow/dags/etl_pipeline_dag.py
[2025-11-11T23:35:02.147+0000] {processor.py:914} INFO - Processing file /opt/airflow/dags/etl_pipeline_dag.py for tasks to queue
[2025-11-11T23:35:02.149+0000] {logging_mixin.py:190} INFO - [2025-11-11T23:35:02.149+0000] {dagbag.py:588} INFO - Filling up the DagBag from /opt/airflow/dags/etl_pipeline_dag.py
[2025-11-11T23:35:02.167+0000] {processor.py:925} INFO - DAG(s) 'etl_pipeline' retrieved from /opt/airflow/dags/etl_pipeline_dag.py
[2025-11-11T23:35:02.189+0000] {logging_mixin.py:190} INFO - [2025-11-11T23:35:02.189+0000] {dag.py:3239} INFO - Sync 1 DAGs
[2025-11-11T23:35:02.211+0000] {logging_mixin.py:190} INFO - [2025-11-11T23:35:02.210+0000] {dag.py:4180} INFO - Setting next_dagrun for etl_pipeline to 2025-11-11 00:00:00+00:00, run_after=2025-11-12 00:00:00+00:00
[2025-11-11T23:35:02.224+0000] {processor.py:208} INFO - Processing /opt/airflow/dags/etl_pipeline_dag.py took 0.083 seconds
[2025-11-11T23:35:32.517+0000] {processor.py:186} INFO - Started process (PID=817) to work on /opt/airflow/dags/etl_pipeline_dag.py
[2025-11-11T23:35:32.518+0000] {processor.py:914} INFO - Processing file /opt/airflow/dags/etl_pipeline_dag.py for tasks to queue
[2025-11-11T23:35:32.520+0000] {logging_mixin.py:190} INFO - [2025-11-11T23:35:32.520+0000] {dagbag.py:588} INFO - Filling up the DagBag from /opt/airflow/dags/etl_pipeline_dag.py
[2025-11-11T23:35:32.538+0000] {processor.py:925} INFO - DAG(s) 'etl_pipeline' retrieved from /opt/airflow/dags/etl_pipeline_dag.py
[2025-11-11T23:35:32.562+0000] {logging_mixin.py:190} INFO - [2025-11-11T23:35:32.562+0000] {dag.py:3239} INFO - Sync 1 DAGs
[2025-11-11T23:35:32.582+0000] {logging_mixin.py:190} INFO - [2025-11-11T23:35:32.582+0000] {dag.py:4180} INFO - Setting next_dagrun for etl_pipeline to 2025-11-11 00:00:00+00:00, run_after=2025-11-12 00:00:00+00:00
[2025-11-11T23:35:32.598+0000] {processor.py:208} INFO - Processing /opt/airflow/dags/etl_pipeline_dag.py took 0.086 seconds
[2025-11-11T23:36:02.696+0000] {processor.py:186} INFO - Started process (PID=835) to work on /opt/airflow/dags/etl_pipeline_dag.py
[2025-11-11T23:36:02.698+0000] {processor.py:914} INFO - Processing file /opt/airflow/dags/etl_pipeline_dag.py for tasks to queue
[2025-11-11T23:36:02.700+0000] {logging_mixin.py:190} INFO - [2025-11-11T23:36:02.700+0000] {dagbag.py:588} INFO - Filling up the DagBag from /opt/airflow/dags/etl_pipeline_dag.py
[2025-11-11T23:36:02.720+0000] {processor.py:925} INFO - DAG(s) 'etl_pipeline' retrieved from /opt/airflow/dags/etl_pipeline_dag.py
[2025-11-11T23:36:02.745+0000] {logging_mixin.py:190} INFO - [2025-11-11T23:36:02.745+0000] {dag.py:3239} INFO - Sync 1 DAGs
[2025-11-11T23:36:02.767+0000] {logging_mixin.py:190} INFO - [2025-11-11T23:36:02.767+0000] {dag.py:4180} INFO - Setting next_dagrun for etl_pipeline to 2025-11-11 00:00:00+00:00, run_after=2025-11-12 00:00:00+00:00
[2025-11-11T23:36:02.784+0000] {processor.py:208} INFO - Processing /opt/airflow/dags/etl_pipeline_dag.py took 0.094 seconds
[2025-11-11T23:36:33.102+0000] {processor.py:186} INFO - Started process (PID=857) to work on /opt/airflow/dags/etl_pipeline_dag.py
[2025-11-11T23:36:33.103+0000] {processor.py:914} INFO - Processing file /opt/airflow/dags/etl_pipeline_dag.py for tasks to queue
[2025-11-11T23:36:33.105+0000] {logging_mixin.py:190} INFO - [2025-11-11T23:36:33.105+0000] {dagbag.py:588} INFO - Filling up the DagBag from /opt/airflow/dags/etl_pipeline_dag.py
[2025-11-11T23:36:33.125+0000] {processor.py:925} INFO - DAG(s) 'etl_pipeline' retrieved from /opt/airflow/dags/etl_pipeline_dag.py
[2025-11-11T23:36:33.150+0000] {logging_mixin.py:190} INFO - [2025-11-11T23:36:33.150+0000] {dag.py:3239} INFO - Sync 1 DAGs
[2025-11-11T23:36:33.171+0000] {logging_mixin.py:190} INFO - [2025-11-11T23:36:33.171+0000] {dag.py:4180} INFO - Setting next_dagrun for etl_pipeline to 2025-11-11 00:00:00+00:00, run_after=2025-11-12 00:00:00+00:00
[2025-11-11T23:36:33.186+0000] {processor.py:208} INFO - Processing /opt/airflow/dags/etl_pipeline_dag.py took 0.089 seconds
[2025-11-11T23:37:03.673+0000] {processor.py:186} INFO - Started process (PID=880) to work on /opt/airflow/dags/etl_pipeline_dag.py
[2025-11-11T23:37:03.674+0000] {processor.py:914} INFO - Processing file /opt/airflow/dags/etl_pipeline_dag.py for tasks to queue
[2025-11-11T23:37:03.676+0000] {logging_mixin.py:190} INFO - [2025-11-11T23:37:03.676+0000] {dagbag.py:588} INFO - Filling up the DagBag from /opt/airflow/dags/etl_pipeline_dag.py
[2025-11-11T23:37:03.695+0000] {processor.py:925} INFO - DAG(s) 'etl_pipeline' retrieved from /opt/airflow/dags/etl_pipeline_dag.py
[2025-11-11T23:37:03.721+0000] {logging_mixin.py:190} INFO - [2025-11-11T23:37:03.721+0000] {dag.py:3239} INFO - Sync 1 DAGs
[2025-11-11T23:37:03.742+0000] {logging_mixin.py:190} INFO - [2025-11-11T23:37:03.742+0000] {dag.py:4180} INFO - Setting next_dagrun for etl_pipeline to 2025-11-11 00:00:00+00:00, run_after=2025-11-12 00:00:00+00:00
[2025-11-11T23:37:03.758+0000] {processor.py:208} INFO - Processing /opt/airflow/dags/etl_pipeline_dag.py took 0.091 seconds
[2025-11-11T23:37:34.142+0000] {processor.py:186} INFO - Started process (PID=903) to work on /opt/airflow/dags/etl_pipeline_dag.py
[2025-11-11T23:37:34.143+0000] {processor.py:914} INFO - Processing file /opt/airflow/dags/etl_pipeline_dag.py for tasks to queue
[2025-11-11T23:37:34.145+0000] {logging_mixin.py:190} INFO - [2025-11-11T23:37:34.145+0000] {dagbag.py:588} INFO - Filling up the DagBag from /opt/airflow/dags/etl_pipeline_dag.py
[2025-11-11T23:37:34.162+0000] {processor.py:925} INFO - DAG(s) 'etl_pipeline' retrieved from /opt/airflow/dags/etl_pipeline_dag.py
[2025-11-11T23:37:34.186+0000] {logging_mixin.py:190} INFO - [2025-11-11T23:37:34.186+0000] {dag.py:3239} INFO - Sync 1 DAGs
[2025-11-11T23:37:34.208+0000] {logging_mixin.py:190} INFO - [2025-11-11T23:37:34.208+0000] {dag.py:4180} INFO - Setting next_dagrun for etl_pipeline to 2025-11-11 00:00:00+00:00, run_after=2025-11-12 00:00:00+00:00
[2025-11-11T23:37:34.222+0000] {processor.py:208} INFO - Processing /opt/airflow/dags/etl_pipeline_dag.py took 0.085 seconds
[2025-11-11T23:38:05.458+0000] {processor.py:186} INFO - Started process (PID=935) to work on /opt/airflow/dags/etl_pipeline_dag.py
[2025-11-11T23:38:05.460+0000] {processor.py:914} INFO - Processing file /opt/airflow/dags/etl_pipeline_dag.py for tasks to queue
[2025-11-11T23:38:05.462+0000] {logging_mixin.py:190} INFO - [2025-11-11T23:38:05.462+0000] {dagbag.py:588} INFO - Filling up the DagBag from /opt/airflow/dags/etl_pipeline_dag.py
[2025-11-11T23:38:05.485+0000] {processor.py:925} INFO - DAG(s) 'etl_pipeline' retrieved from /opt/airflow/dags/etl_pipeline_dag.py
[2025-11-11T23:38:05.508+0000] {logging_mixin.py:190} INFO - [2025-11-11T23:38:05.508+0000] {dag.py:3239} INFO - Sync 1 DAGs
[2025-11-11T23:38:05.528+0000] {logging_mixin.py:190} INFO - [2025-11-11T23:38:05.528+0000] {dag.py:4180} INFO - Setting next_dagrun for etl_pipeline to 2025-11-11 00:00:00+00:00, run_after=2025-11-12 00:00:00+00:00
[2025-11-11T23:38:05.542+0000] {processor.py:208} INFO - Processing /opt/airflow/dags/etl_pipeline_dag.py took 0.090 seconds
[2025-11-11T23:38:36.821+0000] {processor.py:186} INFO - Started process (PID=958) to work on /opt/airflow/dags/etl_pipeline_dag.py
[2025-11-11T23:38:36.822+0000] {processor.py:914} INFO - Processing file /opt/airflow/dags/etl_pipeline_dag.py for tasks to queue
[2025-11-11T23:38:36.825+0000] {logging_mixin.py:190} INFO - [2025-11-11T23:38:36.824+0000] {dagbag.py:588} INFO - Filling up the DagBag from /opt/airflow/dags/etl_pipeline_dag.py
[2025-11-11T23:38:36.845+0000] {processor.py:925} INFO - DAG(s) 'etl_pipeline' retrieved from /opt/airflow/dags/etl_pipeline_dag.py
[2025-11-11T23:38:36.871+0000] {logging_mixin.py:190} INFO - [2025-11-11T23:38:36.871+0000] {dag.py:3239} INFO - Sync 1 DAGs
[2025-11-11T23:38:36.893+0000] {logging_mixin.py:190} INFO - [2025-11-11T23:38:36.893+0000] {dag.py:4180} INFO - Setting next_dagrun for etl_pipeline to 2025-11-11 00:00:00+00:00, run_after=2025-11-12 00:00:00+00:00
[2025-11-11T23:38:36.912+0000] {processor.py:208} INFO - Processing /opt/airflow/dags/etl_pipeline_dag.py took 0.097 seconds
[2025-11-11T23:39:07.856+0000] {processor.py:186} INFO - Started process (PID=981) to work on /opt/airflow/dags/etl_pipeline_dag.py
[2025-11-11T23:39:07.857+0000] {processor.py:914} INFO - Processing file /opt/airflow/dags/etl_pipeline_dag.py for tasks to queue
[2025-11-11T23:39:07.859+0000] {logging_mixin.py:190} INFO - [2025-11-11T23:39:07.859+0000] {dagbag.py:588} INFO - Filling up the DagBag from /opt/airflow/dags/etl_pipeline_dag.py
[2025-11-11T23:39:07.880+0000] {processor.py:925} INFO - DAG(s) 'etl_pipeline' retrieved from /opt/airflow/dags/etl_pipeline_dag.py
[2025-11-11T23:39:07.906+0000] {logging_mixin.py:190} INFO - [2025-11-11T23:39:07.905+0000] {dag.py:3239} INFO - Sync 1 DAGs
[2025-11-11T23:39:07.929+0000] {logging_mixin.py:190} INFO - [2025-11-11T23:39:07.929+0000] {dag.py:4180} INFO - Setting next_dagrun for etl_pipeline to 2025-11-11 00:00:00+00:00, run_after=2025-11-12 00:00:00+00:00
[2025-11-11T23:39:07.945+0000] {processor.py:208} INFO - Processing /opt/airflow/dags/etl_pipeline_dag.py took 0.095 seconds
[2025-11-11T23:39:39.186+0000] {processor.py:186} INFO - Started process (PID=1004) to work on /opt/airflow/dags/etl_pipeline_dag.py
[2025-11-11T23:39:39.187+0000] {processor.py:914} INFO - Processing file /opt/airflow/dags/etl_pipeline_dag.py for tasks to queue
[2025-11-11T23:39:39.189+0000] {logging_mixin.py:190} INFO - [2025-11-11T23:39:39.188+0000] {dagbag.py:588} INFO - Filling up the DagBag from /opt/airflow/dags/etl_pipeline_dag.py
[2025-11-11T23:39:39.207+0000] {processor.py:925} INFO - DAG(s) 'etl_pipeline' retrieved from /opt/airflow/dags/etl_pipeline_dag.py
[2025-11-11T23:39:39.229+0000] {logging_mixin.py:190} INFO - [2025-11-11T23:39:39.229+0000] {dag.py:3239} INFO - Sync 1 DAGs
[2025-11-11T23:39:39.248+0000] {logging_mixin.py:190} INFO - [2025-11-11T23:39:39.248+0000] {dag.py:4180} INFO - Setting next_dagrun for etl_pipeline to 2025-11-11 00:00:00+00:00, run_after=2025-11-12 00:00:00+00:00
[2025-11-11T23:39:39.262+0000] {processor.py:208} INFO - Processing /opt/airflow/dags/etl_pipeline_dag.py took 0.081 seconds
[2025-11-11T23:40:10.298+0000] {processor.py:186} INFO - Started process (PID=1027) to work on /opt/airflow/dags/etl_pipeline_dag.py
[2025-11-11T23:40:10.299+0000] {processor.py:914} INFO - Processing file /opt/airflow/dags/etl_pipeline_dag.py for tasks to queue
[2025-11-11T23:40:10.301+0000] {logging_mixin.py:190} INFO - [2025-11-11T23:40:10.301+0000] {dagbag.py:588} INFO - Filling up the DagBag from /opt/airflow/dags/etl_pipeline_dag.py
[2025-11-11T23:40:10.320+0000] {processor.py:925} INFO - DAG(s) 'etl_pipeline' retrieved from /opt/airflow/dags/etl_pipeline_dag.py
[2025-11-11T23:40:10.342+0000] {logging_mixin.py:190} INFO - [2025-11-11T23:40:10.342+0000] {dag.py:3239} INFO - Sync 1 DAGs
[2025-11-11T23:40:10.361+0000] {logging_mixin.py:190} INFO - [2025-11-11T23:40:10.361+0000] {dag.py:4180} INFO - Setting next_dagrun for etl_pipeline to 2025-11-11 00:00:00+00:00, run_after=2025-11-12 00:00:00+00:00
[2025-11-11T23:40:10.378+0000] {processor.py:208} INFO - Processing /opt/airflow/dags/etl_pipeline_dag.py took 0.085 seconds
[2025-11-11T23:40:41.821+0000] {processor.py:186} INFO - Started process (PID=1050) to work on /opt/airflow/dags/etl_pipeline_dag.py
[2025-11-11T23:40:41.823+0000] {processor.py:914} INFO - Processing file /opt/airflow/dags/etl_pipeline_dag.py for tasks to queue
[2025-11-11T23:40:41.825+0000] {logging_mixin.py:190} INFO - [2025-11-11T23:40:41.825+0000] {dagbag.py:588} INFO - Filling up the DagBag from /opt/airflow/dags/etl_pipeline_dag.py
[2025-11-11T23:40:41.844+0000] {processor.py:925} INFO - DAG(s) 'etl_pipeline' retrieved from /opt/airflow/dags/etl_pipeline_dag.py
[2025-11-11T23:40:41.869+0000] {logging_mixin.py:190} INFO - [2025-11-11T23:40:41.869+0000] {dag.py:3239} INFO - Sync 1 DAGs
[2025-11-11T23:40:41.891+0000] {logging_mixin.py:190} INFO - [2025-11-11T23:40:41.891+0000] {dag.py:4180} INFO - Setting next_dagrun for etl_pipeline to 2025-11-11 00:00:00+00:00, run_after=2025-11-12 00:00:00+00:00
[2025-11-11T23:40:41.908+0000] {processor.py:208} INFO - Processing /opt/airflow/dags/etl_pipeline_dag.py took 0.093 seconds
[2025-11-11T23:41:12.762+0000] {processor.py:186} INFO - Started process (PID=1073) to work on /opt/airflow/dags/etl_pipeline_dag.py
[2025-11-11T23:41:12.763+0000] {processor.py:914} INFO - Processing file /opt/airflow/dags/etl_pipeline_dag.py for tasks to queue
[2025-11-11T23:41:12.765+0000] {logging_mixin.py:190} INFO - [2025-11-11T23:41:12.765+0000] {dagbag.py:588} INFO - Filling up the DagBag from /opt/airflow/dags/etl_pipeline_dag.py
[2025-11-11T23:41:12.783+0000] {processor.py:925} INFO - DAG(s) 'etl_pipeline' retrieved from /opt/airflow/dags/etl_pipeline_dag.py
[2025-11-11T23:41:12.806+0000] {logging_mixin.py:190} INFO - [2025-11-11T23:41:12.805+0000] {dag.py:3239} INFO - Sync 1 DAGs
[2025-11-11T23:41:12.825+0000] {logging_mixin.py:190} INFO - [2025-11-11T23:41:12.825+0000] {dag.py:4180} INFO - Setting next_dagrun for etl_pipeline to 2025-11-11 00:00:00+00:00, run_after=2025-11-12 00:00:00+00:00
[2025-11-11T23:41:12.839+0000] {processor.py:208} INFO - Processing /opt/airflow/dags/etl_pipeline_dag.py took 0.083 seconds
[2025-11-11T23:41:44.027+0000] {processor.py:186} INFO - Started process (PID=1096) to work on /opt/airflow/dags/etl_pipeline_dag.py
[2025-11-11T23:41:44.028+0000] {processor.py:914} INFO - Processing file /opt/airflow/dags/etl_pipeline_dag.py for tasks to queue
[2025-11-11T23:41:44.031+0000] {logging_mixin.py:190} INFO - [2025-11-11T23:41:44.031+0000] {dagbag.py:588} INFO - Filling up the DagBag from /opt/airflow/dags/etl_pipeline_dag.py
[2025-11-11T23:41:44.057+0000] {processor.py:925} INFO - DAG(s) 'etl_pipeline' retrieved from /opt/airflow/dags/etl_pipeline_dag.py
[2025-11-11T23:41:44.081+0000] {logging_mixin.py:190} INFO - [2025-11-11T23:41:44.081+0000] {dag.py:3239} INFO - Sync 1 DAGs
[2025-11-11T23:41:44.102+0000] {logging_mixin.py:190} INFO - [2025-11-11T23:41:44.102+0000] {dag.py:4180} INFO - Setting next_dagrun for etl_pipeline to 2025-11-11 00:00:00+00:00, run_after=2025-11-12 00:00:00+00:00
[2025-11-11T23:41:44.118+0000] {processor.py:208} INFO - Processing /opt/airflow/dags/etl_pipeline_dag.py took 0.100 seconds
[2025-11-11T23:42:14.851+0000] {processor.py:186} INFO - Started process (PID=1119) to work on /opt/airflow/dags/etl_pipeline_dag.py
[2025-11-11T23:42:14.852+0000] {processor.py:914} INFO - Processing file /opt/airflow/dags/etl_pipeline_dag.py for tasks to queue
[2025-11-11T23:42:14.854+0000] {logging_mixin.py:190} INFO - [2025-11-11T23:42:14.854+0000] {dagbag.py:588} INFO - Filling up the DagBag from /opt/airflow/dags/etl_pipeline_dag.py
[2025-11-11T23:42:14.873+0000] {processor.py:925} INFO - DAG(s) 'etl_pipeline' retrieved from /opt/airflow/dags/etl_pipeline_dag.py
[2025-11-11T23:42:14.899+0000] {logging_mixin.py:190} INFO - [2025-11-11T23:42:14.898+0000] {dag.py:3239} INFO - Sync 1 DAGs
[2025-11-11T23:42:14.919+0000] {logging_mixin.py:190} INFO - [2025-11-11T23:42:14.919+0000] {dag.py:4180} INFO - Setting next_dagrun for etl_pipeline to 2025-11-11 00:00:00+00:00, run_after=2025-11-12 00:00:00+00:00
[2025-11-11T23:42:14.934+0000] {processor.py:208} INFO - Processing /opt/airflow/dags/etl_pipeline_dag.py took 0.088 seconds
[2025-11-11T23:42:45.730+0000] {processor.py:186} INFO - Started process (PID=1142) to work on /opt/airflow/dags/etl_pipeline_dag.py
[2025-11-11T23:42:45.731+0000] {processor.py:914} INFO - Processing file /opt/airflow/dags/etl_pipeline_dag.py for tasks to queue
[2025-11-11T23:42:45.733+0000] {logging_mixin.py:190} INFO - [2025-11-11T23:42:45.732+0000] {dagbag.py:588} INFO - Filling up the DagBag from /opt/airflow/dags/etl_pipeline_dag.py
[2025-11-11T23:42:45.755+0000] {processor.py:925} INFO - DAG(s) 'etl_pipeline' retrieved from /opt/airflow/dags/etl_pipeline_dag.py
[2025-11-11T23:42:45.782+0000] {logging_mixin.py:190} INFO - [2025-11-11T23:42:45.782+0000] {dag.py:3239} INFO - Sync 1 DAGs
[2025-11-11T23:42:45.801+0000] {logging_mixin.py:190} INFO - [2025-11-11T23:42:45.801+0000] {dag.py:4180} INFO - Setting next_dagrun for etl_pipeline to 2025-11-11 00:00:00+00:00, run_after=2025-11-12 00:00:00+00:00
[2025-11-11T23:42:45.815+0000] {processor.py:208} INFO - Processing /opt/airflow/dags/etl_pipeline_dag.py took 0.090 seconds
[2025-11-11T23:43:16.435+0000] {processor.py:186} INFO - Started process (PID=1165) to work on /opt/airflow/dags/etl_pipeline_dag.py
[2025-11-11T23:43:16.436+0000] {processor.py:914} INFO - Processing file /opt/airflow/dags/etl_pipeline_dag.py for tasks to queue
[2025-11-11T23:43:16.438+0000] {logging_mixin.py:190} INFO - [2025-11-11T23:43:16.438+0000] {dagbag.py:588} INFO - Filling up the DagBag from /opt/airflow/dags/etl_pipeline_dag.py
[2025-11-11T23:43:16.456+0000] {processor.py:925} INFO - DAG(s) 'etl_pipeline' retrieved from /opt/airflow/dags/etl_pipeline_dag.py
[2025-11-11T23:43:16.478+0000] {logging_mixin.py:190} INFO - [2025-11-11T23:43:16.478+0000] {dag.py:3239} INFO - Sync 1 DAGs
[2025-11-11T23:43:16.498+0000] {logging_mixin.py:190} INFO - [2025-11-11T23:43:16.498+0000] {dag.py:4180} INFO - Setting next_dagrun for etl_pipeline to 2025-11-11 00:00:00+00:00, run_after=2025-11-12 00:00:00+00:00
[2025-11-11T23:43:16.513+0000] {processor.py:208} INFO - Processing /opt/airflow/dags/etl_pipeline_dag.py took 0.083 seconds
[2025-11-11T23:43:47.135+0000] {processor.py:186} INFO - Started process (PID=1188) to work on /opt/airflow/dags/etl_pipeline_dag.py
[2025-11-11T23:43:47.136+0000] {processor.py:914} INFO - Processing file /opt/airflow/dags/etl_pipeline_dag.py for tasks to queue
[2025-11-11T23:43:47.139+0000] {logging_mixin.py:190} INFO - [2025-11-11T23:43:47.139+0000] {dagbag.py:588} INFO - Filling up the DagBag from /opt/airflow/dags/etl_pipeline_dag.py
[2025-11-11T23:43:47.156+0000] {processor.py:925} INFO - DAG(s) 'etl_pipeline' retrieved from /opt/airflow/dags/etl_pipeline_dag.py
[2025-11-11T23:43:47.178+0000] {logging_mixin.py:190} INFO - [2025-11-11T23:43:47.178+0000] {dag.py:3239} INFO - Sync 1 DAGs
[2025-11-11T23:43:47.198+0000] {logging_mixin.py:190} INFO - [2025-11-11T23:43:47.198+0000] {dag.py:4180} INFO - Setting next_dagrun for etl_pipeline to 2025-11-11 00:00:00+00:00, run_after=2025-11-12 00:00:00+00:00
[2025-11-11T23:43:47.213+0000] {processor.py:208} INFO - Processing /opt/airflow/dags/etl_pipeline_dag.py took 0.082 seconds
[2025-11-11T23:44:17.841+0000] {processor.py:186} INFO - Started process (PID=1211) to work on /opt/airflow/dags/etl_pipeline_dag.py
[2025-11-11T23:44:17.842+0000] {processor.py:914} INFO - Processing file /opt/airflow/dags/etl_pipeline_dag.py for tasks to queue
[2025-11-11T23:44:17.844+0000] {logging_mixin.py:190} INFO - [2025-11-11T23:44:17.843+0000] {dagbag.py:588} INFO - Filling up the DagBag from /opt/airflow/dags/etl_pipeline_dag.py
[2025-11-11T23:44:17.861+0000] {processor.py:925} INFO - DAG(s) 'etl_pipeline' retrieved from /opt/airflow/dags/etl_pipeline_dag.py
[2025-11-11T23:44:17.884+0000] {logging_mixin.py:190} INFO - [2025-11-11T23:44:17.883+0000] {dag.py:3239} INFO - Sync 1 DAGs
[2025-11-11T23:44:17.904+0000] {logging_mixin.py:190} INFO - [2025-11-11T23:44:17.904+0000] {dag.py:4180} INFO - Setting next_dagrun for etl_pipeline to 2025-11-11 00:00:00+00:00, run_after=2025-11-12 00:00:00+00:00
[2025-11-11T23:44:17.922+0000] {processor.py:208} INFO - Processing /opt/airflow/dags/etl_pipeline_dag.py took 0.087 seconds
[2025-11-11T23:44:48.543+0000] {processor.py:186} INFO - Started process (PID=1234) to work on /opt/airflow/dags/etl_pipeline_dag.py
[2025-11-11T23:44:48.544+0000] {processor.py:914} INFO - Processing file /opt/airflow/dags/etl_pipeline_dag.py for tasks to queue
[2025-11-11T23:44:48.546+0000] {logging_mixin.py:190} INFO - [2025-11-11T23:44:48.546+0000] {dagbag.py:588} INFO - Filling up the DagBag from /opt/airflow/dags/etl_pipeline_dag.py
[2025-11-11T23:44:48.563+0000] {processor.py:925} INFO - DAG(s) 'etl_pipeline' retrieved from /opt/airflow/dags/etl_pipeline_dag.py
[2025-11-11T23:44:48.585+0000] {logging_mixin.py:190} INFO - [2025-11-11T23:44:48.585+0000] {dag.py:3239} INFO - Sync 1 DAGs
[2025-11-11T23:44:48.603+0000] {logging_mixin.py:190} INFO - [2025-11-11T23:44:48.603+0000] {dag.py:4180} INFO - Setting next_dagrun for etl_pipeline to 2025-11-11 00:00:00+00:00, run_after=2025-11-12 00:00:00+00:00
[2025-11-11T23:44:48.617+0000] {processor.py:208} INFO - Processing /opt/airflow/dags/etl_pipeline_dag.py took 0.079 seconds
[2025-11-11T23:45:19.232+0000] {processor.py:186} INFO - Started process (PID=1257) to work on /opt/airflow/dags/etl_pipeline_dag.py
[2025-11-11T23:45:19.233+0000] {processor.py:914} INFO - Processing file /opt/airflow/dags/etl_pipeline_dag.py for tasks to queue
[2025-11-11T23:45:19.236+0000] {logging_mixin.py:190} INFO - [2025-11-11T23:45:19.236+0000] {dagbag.py:588} INFO - Filling up the DagBag from /opt/airflow/dags/etl_pipeline_dag.py
[2025-11-11T23:45:19.253+0000] {processor.py:925} INFO - DAG(s) 'etl_pipeline' retrieved from /opt/airflow/dags/etl_pipeline_dag.py
[2025-11-11T23:45:19.275+0000] {logging_mixin.py:190} INFO - [2025-11-11T23:45:19.275+0000] {dag.py:3239} INFO - Sync 1 DAGs
[2025-11-11T23:45:19.293+0000] {logging_mixin.py:190} INFO - [2025-11-11T23:45:19.293+0000] {dag.py:4180} INFO - Setting next_dagrun for etl_pipeline to 2025-11-11 00:00:00+00:00, run_after=2025-11-12 00:00:00+00:00
[2025-11-11T23:45:19.308+0000] {processor.py:208} INFO - Processing /opt/airflow/dags/etl_pipeline_dag.py took 0.080 seconds
[2025-11-11T23:45:49.954+0000] {processor.py:186} INFO - Started process (PID=1280) to work on /opt/airflow/dags/etl_pipeline_dag.py
[2025-11-11T23:45:49.955+0000] {processor.py:914} INFO - Processing file /opt/airflow/dags/etl_pipeline_dag.py for tasks to queue
[2025-11-11T23:45:49.957+0000] {logging_mixin.py:190} INFO - [2025-11-11T23:45:49.957+0000] {dagbag.py:588} INFO - Filling up the DagBag from /opt/airflow/dags/etl_pipeline_dag.py
[2025-11-11T23:45:49.975+0000] {processor.py:925} INFO - DAG(s) 'etl_pipeline' retrieved from /opt/airflow/dags/etl_pipeline_dag.py
[2025-11-11T23:45:49.996+0000] {logging_mixin.py:190} INFO - [2025-11-11T23:45:49.996+0000] {dag.py:3239} INFO - Sync 1 DAGs
[2025-11-11T23:45:50.015+0000] {logging_mixin.py:190} INFO - [2025-11-11T23:45:50.015+0000] {dag.py:4180} INFO - Setting next_dagrun for etl_pipeline to 2025-11-11 00:00:00+00:00, run_after=2025-11-12 00:00:00+00:00
[2025-11-11T23:45:50.030+0000] {processor.py:208} INFO - Processing /opt/airflow/dags/etl_pipeline_dag.py took 0.081 seconds
