[2025-12-22T23:54:07.978+0000] {local_task_job_runner.py:123} INFO - ::group::Pre task execution logs
[2025-12-22T23:54:07.994+0000] {taskinstance.py:2612} INFO - Dependencies all met for dep_context=non-requeueable deps ti=<TaskInstance: etl_pipeline.transform_data manual__2025-12-22T23:54:05.666182+00:00 [queued]>
[2025-12-22T23:54:08.002+0000] {taskinstance.py:2612} INFO - Dependencies all met for dep_context=requeueable deps ti=<TaskInstance: etl_pipeline.transform_data manual__2025-12-22T23:54:05.666182+00:00 [queued]>
[2025-12-22T23:54:08.002+0000] {taskinstance.py:2865} INFO - Starting attempt 1 of 1
[2025-12-22T23:54:08.012+0000] {taskinstance.py:2888} INFO - Executing <Task(BashOperator): transform_data> on 2025-12-22 23:54:05.666182+00:00
[2025-12-22T23:54:08.020+0000] {standard_task_runner.py:104} INFO - Running: ['***', 'tasks', 'run', 'etl_pipeline', 'transform_data', 'manual__2025-12-22T23:54:05.666182+00:00', '--job-id', '5', '--raw', '--subdir', 'DAGS_FOLDER/etl_pipeline_dag.py', '--cfg-path', '/tmp/tmp8v6ve2jz']
[2025-12-22T23:54:08.023+0000] {standard_task_runner.py:105} INFO - Job 5: Subtask transform_data
[2025-12-22T23:54:08.026+0000] {logging_mixin.py:190} WARNING - /home/***/.local/lib/python3.12/site-packages/***/task/task_runner/standard_task_runner.py:70 DeprecationWarning: This process (pid=443) is multi-threaded, use of fork() may lead to deadlocks in the child.
[2025-12-22T23:54:08.027+0000] {standard_task_runner.py:72} INFO - Started process 446 to run task
[2025-12-22T23:54:08.069+0000] {task_command.py:467} INFO - Running <TaskInstance: etl_pipeline.transform_data manual__2025-12-22T23:54:05.666182+00:00 [running]> on host f04ce2bff625
[2025-12-22T23:54:08.134+0000] {taskinstance.py:3131} INFO - Exporting env vars: AIRFLOW_CTX_DAG_OWNER='***' AIRFLOW_CTX_DAG_ID='etl_pipeline' AIRFLOW_CTX_TASK_ID='transform_data' AIRFLOW_CTX_EXECUTION_DATE='2025-12-22T23:54:05.666182+00:00' AIRFLOW_CTX_TRY_NUMBER='1' AIRFLOW_CTX_DAG_RUN_ID='manual__2025-12-22T23:54:05.666182+00:00'
[2025-12-22T23:54:08.135+0000] {taskinstance.py:731} INFO - ::endgroup::
[2025-12-22T23:54:08.147+0000] {subprocess.py:63} INFO - Tmp dir root location: /tmp
[2025-12-22T23:54:08.149+0000] {subprocess.py:75} INFO - Running command: ['/usr/bin/bash', '-c', 'python /opt/***/dags/scripts/transform_data.py']
[2025-12-22T23:54:08.160+0000] {subprocess.py:86} INFO - Output:
[2025-12-22T23:54:08.955+0000] {subprocess.py:93} INFO - Files in processed data folder: ['sample1.csv', 'sample2.csv']
[2025-12-22T23:54:08.955+0000] {subprocess.py:93} INFO - 
[2025-12-22T23:54:08.956+0000] {subprocess.py:93} INFO - Transformed sample1.csv saved to /opt/***/dags/transformed_data/sample1.csv
[2025-12-22T23:54:08.956+0000] {subprocess.py:93} INFO -       name   age                email age_group  name_length email_domain
[2025-12-22T23:54:08.956+0000] {subprocess.py:93} INFO - 0    Alice  25.0    alice@example.com     Adult            5  example.com
[2025-12-22T23:54:08.957+0000] {subprocess.py:93} INFO - 1      Bob  30.0      bob@example.com     Adult            3  example.com
[2025-12-22T23:54:08.957+0000] {subprocess.py:93} INFO - 2  Charlie  27.5  charlie@example.com     Adult            7  example.com
[2025-12-22T23:54:08.957+0000] {subprocess.py:93} INFO - 
[2025-12-22T23:54:08.957+0000] {subprocess.py:93} INFO - Transformed sample2.csv saved to /opt/***/dags/transformed_data/sample2.csv
[2025-12-22T23:54:08.958+0000] {subprocess.py:93} INFO -     name   age              email   age_group  name_length email_domain
[2025-12-22T23:54:08.958+0000] {subprocess.py:93} INFO - 0  Vince  22.0  vince@example.com       Adult            5  example.com
[2025-12-22T23:54:08.958+0000] {subprocess.py:93} INFO - 1   John  56.0   john@example.com  Middle Age            4  example.com
[2025-12-22T23:54:08.959+0000] {subprocess.py:93} INFO - 2   Will  39.0   will@example.com  Middle Age            4  example.com
[2025-12-22T23:54:09.020+0000] {subprocess.py:97} INFO - Command exited with return code 0
[2025-12-22T23:54:09.042+0000] {taskinstance.py:340} INFO - ::group::Post task execution logs
[2025-12-22T23:54:09.043+0000] {taskinstance.py:352} INFO - Marking task as SUCCESS. dag_id=etl_pipeline, task_id=transform_data, run_id=manual__2025-12-22T23:54:05.666182+00:00, execution_date=20251222T235405, start_date=20251222T235407, end_date=20251222T235409
[2025-12-22T23:54:09.085+0000] {local_task_job_runner.py:266} INFO - Task exited with return code 0
[2025-12-22T23:54:09.103+0000] {taskinstance.py:3900} INFO - 2 downstream tasks scheduled from follow-on schedule check
[2025-12-22T23:54:09.105+0000] {local_task_job_runner.py:245} INFO - ::endgroup::
