[2025-12-22T23:49:52.790+0000] {processor.py:186} INFO - Started process (PID=189) to work on /opt/airflow/dags/scripts/ingest_data.py
[2025-12-22T23:49:52.791+0000] {processor.py:914} INFO - Processing file /opt/airflow/dags/scripts/ingest_data.py for tasks to queue
[2025-12-22T23:49:52.793+0000] {logging_mixin.py:190} INFO - [2025-12-22T23:49:52.793+0000] {dagbag.py:588} INFO - Filling up the DagBag from /opt/airflow/dags/scripts/ingest_data.py
[2025-12-22T23:49:54.202+0000] {logging_mixin.py:190} INFO - Files in raw data folder: ['sample1.csv', 'sample2.csv']
[2025-12-22T23:49:54.220+0000] {logging_mixin.py:190} INFO - 
Processed sample1.csv saved to /opt/airflow/dags/processed_data/sample1.csv
[2025-12-22T23:49:54.226+0000] {logging_mixin.py:190} INFO -       name   age                email
0    Alice  25.0    alice@example.com
1      Bob  30.0      bob@example.com
2  Charlie  27.5  charlie@example.com
[2025-12-22T23:49:54.234+0000] {logging_mixin.py:190} INFO - 
Processed sample2.csv saved to /opt/airflow/dags/processed_data/sample2.csv
[2025-12-22T23:49:54.237+0000] {logging_mixin.py:190} INFO -     name   age              email
0  Vince  22.0  vince@example.com
1   John  56.0   john@example.com
2   Will  39.0   will@example.com
[2025-12-22T23:49:54.237+0000] {processor.py:927} WARNING - No viable dags retrieved from /opt/airflow/dags/scripts/ingest_data.py
[2025-12-22T23:49:54.248+0000] {processor.py:208} INFO - Processing /opt/airflow/dags/scripts/ingest_data.py took 1.465 seconds
[2025-12-22T23:50:24.561+0000] {processor.py:186} INFO - Started process (PID=212) to work on /opt/airflow/dags/scripts/ingest_data.py
[2025-12-22T23:50:24.562+0000] {processor.py:914} INFO - Processing file /opt/airflow/dags/scripts/ingest_data.py for tasks to queue
[2025-12-22T23:50:24.566+0000] {logging_mixin.py:190} INFO - [2025-12-22T23:50:24.565+0000] {dagbag.py:588} INFO - Filling up the DagBag from /opt/airflow/dags/scripts/ingest_data.py
[2025-12-22T23:50:25.041+0000] {logging_mixin.py:190} INFO - Files in raw data folder: ['sample1.csv', 'sample2.csv']
[2025-12-22T23:50:25.053+0000] {logging_mixin.py:190} INFO - 
Processed sample1.csv saved to /opt/airflow/dags/processed_data/sample1.csv
[2025-12-22T23:50:25.056+0000] {logging_mixin.py:190} INFO -       name   age                email
0    Alice  25.0    alice@example.com
1      Bob  30.0      bob@example.com
2  Charlie  27.5  charlie@example.com
[2025-12-22T23:50:25.065+0000] {logging_mixin.py:190} INFO - 
Processed sample2.csv saved to /opt/airflow/dags/processed_data/sample2.csv
[2025-12-22T23:50:25.068+0000] {logging_mixin.py:190} INFO -     name   age              email
0  Vince  22.0  vince@example.com
1   John  56.0   john@example.com
2   Will  39.0   will@example.com
[2025-12-22T23:50:25.069+0000] {processor.py:927} WARNING - No viable dags retrieved from /opt/airflow/dags/scripts/ingest_data.py
[2025-12-22T23:50:25.079+0000] {processor.py:208} INFO - Processing /opt/airflow/dags/scripts/ingest_data.py took 0.525 seconds
[2025-12-22T23:50:55.748+0000] {processor.py:186} INFO - Started process (PID=235) to work on /opt/airflow/dags/scripts/ingest_data.py
[2025-12-22T23:50:55.749+0000] {processor.py:914} INFO - Processing file /opt/airflow/dags/scripts/ingest_data.py for tasks to queue
[2025-12-22T23:50:55.752+0000] {logging_mixin.py:190} INFO - [2025-12-22T23:50:55.751+0000] {dagbag.py:588} INFO - Filling up the DagBag from /opt/airflow/dags/scripts/ingest_data.py
[2025-12-22T23:50:56.184+0000] {logging_mixin.py:190} INFO - Files in raw data folder: ['sample1.csv', 'sample2.csv']
[2025-12-22T23:50:56.196+0000] {logging_mixin.py:190} INFO - 
Processed sample1.csv saved to /opt/airflow/dags/processed_data/sample1.csv
[2025-12-22T23:50:56.199+0000] {logging_mixin.py:190} INFO -       name   age                email
0    Alice  25.0    alice@example.com
1      Bob  30.0      bob@example.com
2  Charlie  27.5  charlie@example.com
[2025-12-22T23:50:56.208+0000] {logging_mixin.py:190} INFO - 
Processed sample2.csv saved to /opt/airflow/dags/processed_data/sample2.csv
[2025-12-22T23:50:56.211+0000] {logging_mixin.py:190} INFO -     name   age              email
0  Vince  22.0  vince@example.com
1   John  56.0   john@example.com
2   Will  39.0   will@example.com
[2025-12-22T23:50:56.211+0000] {processor.py:927} WARNING - No viable dags retrieved from /opt/airflow/dags/scripts/ingest_data.py
[2025-12-22T23:50:56.221+0000] {processor.py:208} INFO - Processing /opt/airflow/dags/scripts/ingest_data.py took 0.479 seconds
[2025-12-22T23:51:26.675+0000] {processor.py:186} INFO - Started process (PID=258) to work on /opt/airflow/dags/scripts/ingest_data.py
[2025-12-22T23:51:26.676+0000] {processor.py:914} INFO - Processing file /opt/airflow/dags/scripts/ingest_data.py for tasks to queue
[2025-12-22T23:51:26.678+0000] {logging_mixin.py:190} INFO - [2025-12-22T23:51:26.678+0000] {dagbag.py:588} INFO - Filling up the DagBag from /opt/airflow/dags/scripts/ingest_data.py
[2025-12-22T23:51:27.132+0000] {logging_mixin.py:190} INFO - Files in raw data folder: ['sample1.csv', 'sample2.csv']
[2025-12-22T23:51:27.144+0000] {logging_mixin.py:190} INFO - 
Processed sample1.csv saved to /opt/airflow/dags/processed_data/sample1.csv
[2025-12-22T23:51:27.149+0000] {logging_mixin.py:190} INFO -       name   age                email
0    Alice  25.0    alice@example.com
1      Bob  30.0      bob@example.com
2  Charlie  27.5  charlie@example.com
[2025-12-22T23:51:27.158+0000] {logging_mixin.py:190} INFO - 
Processed sample2.csv saved to /opt/airflow/dags/processed_data/sample2.csv
[2025-12-22T23:51:27.161+0000] {logging_mixin.py:190} INFO -     name   age              email
0  Vince  22.0  vince@example.com
1   John  56.0   john@example.com
2   Will  39.0   will@example.com
[2025-12-22T23:51:27.162+0000] {processor.py:927} WARNING - No viable dags retrieved from /opt/airflow/dags/scripts/ingest_data.py
[2025-12-22T23:51:27.177+0000] {processor.py:208} INFO - Processing /opt/airflow/dags/scripts/ingest_data.py took 0.507 seconds
[2025-12-22T23:51:57.614+0000] {processor.py:186} INFO - Started process (PID=281) to work on /opt/airflow/dags/scripts/ingest_data.py
[2025-12-22T23:51:57.615+0000] {processor.py:914} INFO - Processing file /opt/airflow/dags/scripts/ingest_data.py for tasks to queue
[2025-12-22T23:51:57.617+0000] {logging_mixin.py:190} INFO - [2025-12-22T23:51:57.617+0000] {dagbag.py:588} INFO - Filling up the DagBag from /opt/airflow/dags/scripts/ingest_data.py
[2025-12-22T23:51:58.073+0000] {logging_mixin.py:190} INFO - Files in raw data folder: ['sample1.csv', 'sample2.csv']
[2025-12-22T23:51:58.085+0000] {logging_mixin.py:190} INFO - 
Processed sample1.csv saved to /opt/airflow/dags/processed_data/sample1.csv
[2025-12-22T23:51:58.089+0000] {logging_mixin.py:190} INFO -       name   age                email
0    Alice  25.0    alice@example.com
1      Bob  30.0      bob@example.com
2  Charlie  27.5  charlie@example.com
[2025-12-22T23:51:58.098+0000] {logging_mixin.py:190} INFO - 
Processed sample2.csv saved to /opt/airflow/dags/processed_data/sample2.csv
[2025-12-22T23:51:58.101+0000] {logging_mixin.py:190} INFO -     name   age              email
0  Vince  22.0  vince@example.com
1   John  56.0   john@example.com
2   Will  39.0   will@example.com
[2025-12-22T23:51:58.101+0000] {processor.py:927} WARNING - No viable dags retrieved from /opt/airflow/dags/scripts/ingest_data.py
[2025-12-22T23:51:58.112+0000] {processor.py:208} INFO - Processing /opt/airflow/dags/scripts/ingest_data.py took 0.504 seconds
[2025-12-22T23:52:28.633+0000] {processor.py:186} INFO - Started process (PID=304) to work on /opt/airflow/dags/scripts/ingest_data.py
[2025-12-22T23:52:28.634+0000] {processor.py:914} INFO - Processing file /opt/airflow/dags/scripts/ingest_data.py for tasks to queue
[2025-12-22T23:52:28.636+0000] {logging_mixin.py:190} INFO - [2025-12-22T23:52:28.636+0000] {dagbag.py:588} INFO - Filling up the DagBag from /opt/airflow/dags/scripts/ingest_data.py
[2025-12-22T23:52:29.069+0000] {logging_mixin.py:190} INFO - Files in raw data folder: ['sample1.csv', 'sample2.csv']
[2025-12-22T23:52:29.081+0000] {logging_mixin.py:190} INFO - 
Processed sample1.csv saved to /opt/airflow/dags/processed_data/sample1.csv
[2025-12-22T23:52:29.084+0000] {logging_mixin.py:190} INFO -       name   age                email
0    Alice  25.0    alice@example.com
1      Bob  30.0      bob@example.com
2  Charlie  27.5  charlie@example.com
[2025-12-22T23:52:29.092+0000] {logging_mixin.py:190} INFO - 
Processed sample2.csv saved to /opt/airflow/dags/processed_data/sample2.csv
[2025-12-22T23:52:29.095+0000] {logging_mixin.py:190} INFO -     name   age              email
0  Vince  22.0  vince@example.com
1   John  56.0   john@example.com
2   Will  39.0   will@example.com
[2025-12-22T23:52:29.096+0000] {processor.py:927} WARNING - No viable dags retrieved from /opt/airflow/dags/scripts/ingest_data.py
[2025-12-22T23:52:29.106+0000] {processor.py:208} INFO - Processing /opt/airflow/dags/scripts/ingest_data.py took 0.477 seconds
[2025-12-22T23:52:59.538+0000] {processor.py:186} INFO - Started process (PID=327) to work on /opt/airflow/dags/scripts/ingest_data.py
[2025-12-22T23:52:59.539+0000] {processor.py:914} INFO - Processing file /opt/airflow/dags/scripts/ingest_data.py for tasks to queue
[2025-12-22T23:52:59.541+0000] {logging_mixin.py:190} INFO - [2025-12-22T23:52:59.541+0000] {dagbag.py:588} INFO - Filling up the DagBag from /opt/airflow/dags/scripts/ingest_data.py
[2025-12-22T23:52:59.973+0000] {logging_mixin.py:190} INFO - Files in raw data folder: ['sample1.csv', 'sample2.csv']
[2025-12-22T23:52:59.984+0000] {logging_mixin.py:190} INFO - 
Processed sample1.csv saved to /opt/airflow/dags/processed_data/sample1.csv
[2025-12-22T23:52:59.989+0000] {logging_mixin.py:190} INFO -       name   age                email
0    Alice  25.0    alice@example.com
1      Bob  30.0      bob@example.com
2  Charlie  27.5  charlie@example.com
[2025-12-22T23:52:59.997+0000] {logging_mixin.py:190} INFO - 
Processed sample2.csv saved to /opt/airflow/dags/processed_data/sample2.csv
[2025-12-22T23:53:00.000+0000] {logging_mixin.py:190} INFO -     name   age              email
0  Vince  22.0  vince@example.com
1   John  56.0   john@example.com
2   Will  39.0   will@example.com
[2025-12-22T23:53:00.000+0000] {processor.py:927} WARNING - No viable dags retrieved from /opt/airflow/dags/scripts/ingest_data.py
[2025-12-22T23:53:00.011+0000] {processor.py:208} INFO - Processing /opt/airflow/dags/scripts/ingest_data.py took 0.478 seconds
[2025-12-22T23:53:30.422+0000] {processor.py:186} INFO - Started process (PID=350) to work on /opt/airflow/dags/scripts/ingest_data.py
[2025-12-22T23:53:30.423+0000] {processor.py:914} INFO - Processing file /opt/airflow/dags/scripts/ingest_data.py for tasks to queue
[2025-12-22T23:53:30.427+0000] {logging_mixin.py:190} INFO - [2025-12-22T23:53:30.427+0000] {dagbag.py:588} INFO - Filling up the DagBag from /opt/airflow/dags/scripts/ingest_data.py
[2025-12-22T23:53:30.966+0000] {logging_mixin.py:190} INFO - Files in raw data folder: ['sample1.csv', 'sample2.csv']
[2025-12-22T23:53:30.980+0000] {logging_mixin.py:190} INFO - 
Processed sample1.csv saved to /opt/airflow/dags/processed_data/sample1.csv
[2025-12-22T23:53:30.985+0000] {logging_mixin.py:190} INFO -       name   age                email
0    Alice  25.0    alice@example.com
1      Bob  30.0      bob@example.com
2  Charlie  27.5  charlie@example.com
[2025-12-22T23:53:30.994+0000] {logging_mixin.py:190} INFO - 
Processed sample2.csv saved to /opt/airflow/dags/processed_data/sample2.csv
[2025-12-22T23:53:30.997+0000] {logging_mixin.py:190} INFO -     name   age              email
0  Vince  22.0  vince@example.com
1   John  56.0   john@example.com
2   Will  39.0   will@example.com
[2025-12-22T23:53:30.998+0000] {processor.py:927} WARNING - No viable dags retrieved from /opt/airflow/dags/scripts/ingest_data.py
[2025-12-22T23:53:31.010+0000] {processor.py:208} INFO - Processing /opt/airflow/dags/scripts/ingest_data.py took 0.596 seconds
[2025-12-22T23:54:01.493+0000] {processor.py:186} INFO - Started process (PID=380) to work on /opt/airflow/dags/scripts/ingest_data.py
[2025-12-22T23:54:01.494+0000] {processor.py:914} INFO - Processing file /opt/airflow/dags/scripts/ingest_data.py for tasks to queue
[2025-12-22T23:54:01.497+0000] {logging_mixin.py:190} INFO - [2025-12-22T23:54:01.496+0000] {dagbag.py:588} INFO - Filling up the DagBag from /opt/airflow/dags/scripts/ingest_data.py
[2025-12-22T23:54:02.036+0000] {logging_mixin.py:190} INFO - Files in raw data folder: ['sample1.csv', 'sample2.csv']
[2025-12-22T23:54:02.047+0000] {logging_mixin.py:190} INFO - 
Processed sample1.csv saved to /opt/airflow/dags/processed_data/sample1.csv
[2025-12-22T23:54:02.051+0000] {logging_mixin.py:190} INFO -       name   age                email
0    Alice  25.0    alice@example.com
1      Bob  30.0      bob@example.com
2  Charlie  27.5  charlie@example.com
[2025-12-22T23:54:02.060+0000] {logging_mixin.py:190} INFO - 
Processed sample2.csv saved to /opt/airflow/dags/processed_data/sample2.csv
[2025-12-22T23:54:02.063+0000] {logging_mixin.py:190} INFO -     name   age              email
0  Vince  22.0  vince@example.com
1   John  56.0   john@example.com
2   Will  39.0   will@example.com
[2025-12-22T23:54:02.063+0000] {processor.py:927} WARNING - No viable dags retrieved from /opt/airflow/dags/scripts/ingest_data.py
[2025-12-22T23:54:02.074+0000] {processor.py:208} INFO - Processing /opt/airflow/dags/scripts/ingest_data.py took 0.591 seconds
[2025-12-22T23:54:32.489+0000] {processor.py:186} INFO - Started process (PID=563) to work on /opt/airflow/dags/scripts/ingest_data.py
[2025-12-22T23:54:32.490+0000] {processor.py:914} INFO - Processing file /opt/airflow/dags/scripts/ingest_data.py for tasks to queue
[2025-12-22T23:54:32.492+0000] {logging_mixin.py:190} INFO - [2025-12-22T23:54:32.491+0000] {dagbag.py:588} INFO - Filling up the DagBag from /opt/airflow/dags/scripts/ingest_data.py
[2025-12-22T23:54:32.924+0000] {logging_mixin.py:190} INFO - Files in raw data folder: ['sample1.csv', 'sample2.csv']
[2025-12-22T23:54:32.936+0000] {logging_mixin.py:190} INFO - 
Processed sample1.csv saved to /opt/airflow/dags/processed_data/sample1.csv
[2025-12-22T23:54:32.939+0000] {logging_mixin.py:190} INFO -       name   age                email
0    Alice  25.0    alice@example.com
1      Bob  30.0      bob@example.com
2  Charlie  27.5  charlie@example.com
[2025-12-22T23:54:32.947+0000] {logging_mixin.py:190} INFO - 
Processed sample2.csv saved to /opt/airflow/dags/processed_data/sample2.csv
[2025-12-22T23:54:32.950+0000] {logging_mixin.py:190} INFO -     name   age              email
0  Vince  22.0  vince@example.com
1   John  56.0   john@example.com
2   Will  39.0   will@example.com
[2025-12-22T23:54:32.951+0000] {processor.py:927} WARNING - No viable dags retrieved from /opt/airflow/dags/scripts/ingest_data.py
[2025-12-22T23:54:32.962+0000] {processor.py:208} INFO - Processing /opt/airflow/dags/scripts/ingest_data.py took 0.478 seconds
[2025-12-22T23:55:03.388+0000] {processor.py:186} INFO - Started process (PID=586) to work on /opt/airflow/dags/scripts/ingest_data.py
[2025-12-22T23:55:03.389+0000] {processor.py:914} INFO - Processing file /opt/airflow/dags/scripts/ingest_data.py for tasks to queue
[2025-12-22T23:55:03.391+0000] {logging_mixin.py:190} INFO - [2025-12-22T23:55:03.391+0000] {dagbag.py:588} INFO - Filling up the DagBag from /opt/airflow/dags/scripts/ingest_data.py
[2025-12-22T23:55:03.789+0000] {logging_mixin.py:190} INFO - Files in raw data folder: ['sample1.csv', 'sample2.csv']
[2025-12-22T23:55:03.800+0000] {logging_mixin.py:190} INFO - 
Processed sample1.csv saved to /opt/airflow/dags/processed_data/sample1.csv
[2025-12-22T23:55:03.803+0000] {logging_mixin.py:190} INFO -       name   age                email
0    Alice  25.0    alice@example.com
1      Bob  30.0      bob@example.com
2  Charlie  27.5  charlie@example.com
[2025-12-22T23:55:03.812+0000] {logging_mixin.py:190} INFO - 
Processed sample2.csv saved to /opt/airflow/dags/processed_data/sample2.csv
[2025-12-22T23:55:03.816+0000] {logging_mixin.py:190} INFO -     name   age              email
0  Vince  22.0  vince@example.com
1   John  56.0   john@example.com
2   Will  39.0   will@example.com
[2025-12-22T23:55:03.816+0000] {processor.py:927} WARNING - No viable dags retrieved from /opt/airflow/dags/scripts/ingest_data.py
[2025-12-22T23:55:03.827+0000] {processor.py:208} INFO - Processing /opt/airflow/dags/scripts/ingest_data.py took 0.445 seconds
[2025-12-22T23:55:34.248+0000] {processor.py:186} INFO - Started process (PID=609) to work on /opt/airflow/dags/scripts/ingest_data.py
[2025-12-22T23:55:34.249+0000] {processor.py:914} INFO - Processing file /opt/airflow/dags/scripts/ingest_data.py for tasks to queue
[2025-12-22T23:55:34.251+0000] {logging_mixin.py:190} INFO - [2025-12-22T23:55:34.250+0000] {dagbag.py:588} INFO - Filling up the DagBag from /opt/airflow/dags/scripts/ingest_data.py
[2025-12-22T23:55:34.666+0000] {logging_mixin.py:190} INFO - Files in raw data folder: ['sample1.csv', 'sample2.csv']
[2025-12-22T23:55:34.678+0000] {logging_mixin.py:190} INFO - 
Processed sample1.csv saved to /opt/airflow/dags/processed_data/sample1.csv
[2025-12-22T23:55:34.681+0000] {logging_mixin.py:190} INFO -       name   age                email
0    Alice  25.0    alice@example.com
1      Bob  30.0      bob@example.com
2  Charlie  27.5  charlie@example.com
[2025-12-22T23:55:34.689+0000] {logging_mixin.py:190} INFO - 
Processed sample2.csv saved to /opt/airflow/dags/processed_data/sample2.csv
[2025-12-22T23:55:34.692+0000] {logging_mixin.py:190} INFO -     name   age              email
0  Vince  22.0  vince@example.com
1   John  56.0   john@example.com
2   Will  39.0   will@example.com
[2025-12-22T23:55:34.693+0000] {processor.py:927} WARNING - No viable dags retrieved from /opt/airflow/dags/scripts/ingest_data.py
[2025-12-22T23:55:34.703+0000] {processor.py:208} INFO - Processing /opt/airflow/dags/scripts/ingest_data.py took 0.461 seconds
[2025-12-22T23:56:05.095+0000] {processor.py:186} INFO - Started process (PID=632) to work on /opt/airflow/dags/scripts/ingest_data.py
[2025-12-22T23:56:05.096+0000] {processor.py:914} INFO - Processing file /opt/airflow/dags/scripts/ingest_data.py for tasks to queue
[2025-12-22T23:56:05.098+0000] {logging_mixin.py:190} INFO - [2025-12-22T23:56:05.098+0000] {dagbag.py:588} INFO - Filling up the DagBag from /opt/airflow/dags/scripts/ingest_data.py
[2025-12-22T23:56:05.525+0000] {logging_mixin.py:190} INFO - Files in raw data folder: ['sample1.csv', 'sample2.csv']
[2025-12-22T23:56:05.535+0000] {logging_mixin.py:190} INFO - 
Processed sample1.csv saved to /opt/airflow/dags/processed_data/sample1.csv
[2025-12-22T23:56:05.539+0000] {logging_mixin.py:190} INFO -       name   age                email
0    Alice  25.0    alice@example.com
1      Bob  30.0      bob@example.com
2  Charlie  27.5  charlie@example.com
[2025-12-22T23:56:05.548+0000] {logging_mixin.py:190} INFO - 
Processed sample2.csv saved to /opt/airflow/dags/processed_data/sample2.csv
[2025-12-22T23:56:05.551+0000] {logging_mixin.py:190} INFO -     name   age              email
0  Vince  22.0  vince@example.com
1   John  56.0   john@example.com
2   Will  39.0   will@example.com
[2025-12-22T23:56:05.551+0000] {processor.py:927} WARNING - No viable dags retrieved from /opt/airflow/dags/scripts/ingest_data.py
[2025-12-22T23:56:05.560+0000] {processor.py:208} INFO - Processing /opt/airflow/dags/scripts/ingest_data.py took 0.470 seconds
[2025-12-22T23:56:35.944+0000] {processor.py:186} INFO - Started process (PID=655) to work on /opt/airflow/dags/scripts/ingest_data.py
[2025-12-22T23:56:35.945+0000] {processor.py:914} INFO - Processing file /opt/airflow/dags/scripts/ingest_data.py for tasks to queue
[2025-12-22T23:56:35.947+0000] {logging_mixin.py:190} INFO - [2025-12-22T23:56:35.946+0000] {dagbag.py:588} INFO - Filling up the DagBag from /opt/airflow/dags/scripts/ingest_data.py
[2025-12-22T23:56:36.377+0000] {logging_mixin.py:190} INFO - Files in raw data folder: ['sample1.csv', 'sample2.csv']
[2025-12-22T23:56:36.388+0000] {logging_mixin.py:190} INFO - 
Processed sample1.csv saved to /opt/airflow/dags/processed_data/sample1.csv
[2025-12-22T23:56:36.391+0000] {logging_mixin.py:190} INFO -       name   age                email
0    Alice  25.0    alice@example.com
1      Bob  30.0      bob@example.com
2  Charlie  27.5  charlie@example.com
[2025-12-22T23:56:36.399+0000] {logging_mixin.py:190} INFO - 
Processed sample2.csv saved to /opt/airflow/dags/processed_data/sample2.csv
[2025-12-22T23:56:36.402+0000] {logging_mixin.py:190} INFO -     name   age              email
0  Vince  22.0  vince@example.com
1   John  56.0   john@example.com
2   Will  39.0   will@example.com
[2025-12-22T23:56:36.402+0000] {processor.py:927} WARNING - No viable dags retrieved from /opt/airflow/dags/scripts/ingest_data.py
[2025-12-22T23:56:36.413+0000] {processor.py:208} INFO - Processing /opt/airflow/dags/scripts/ingest_data.py took 0.474 seconds
[2025-12-22T23:57:06.811+0000] {processor.py:186} INFO - Started process (PID=678) to work on /opt/airflow/dags/scripts/ingest_data.py
[2025-12-22T23:57:06.812+0000] {processor.py:914} INFO - Processing file /opt/airflow/dags/scripts/ingest_data.py for tasks to queue
[2025-12-22T23:57:06.814+0000] {logging_mixin.py:190} INFO - [2025-12-22T23:57:06.814+0000] {dagbag.py:588} INFO - Filling up the DagBag from /opt/airflow/dags/scripts/ingest_data.py
[2025-12-22T23:57:07.249+0000] {logging_mixin.py:190} INFO - Files in raw data folder: ['sample1.csv', 'sample2.csv']
[2025-12-22T23:57:07.260+0000] {logging_mixin.py:190} INFO - 
Processed sample1.csv saved to /opt/airflow/dags/processed_data/sample1.csv
[2025-12-22T23:57:07.263+0000] {logging_mixin.py:190} INFO -       name   age                email
0    Alice  25.0    alice@example.com
1      Bob  30.0      bob@example.com
2  Charlie  27.5  charlie@example.com
[2025-12-22T23:57:07.271+0000] {logging_mixin.py:190} INFO - 
Processed sample2.csv saved to /opt/airflow/dags/processed_data/sample2.csv
[2025-12-22T23:57:07.273+0000] {logging_mixin.py:190} INFO -     name   age              email
0  Vince  22.0  vince@example.com
1   John  56.0   john@example.com
2   Will  39.0   will@example.com
[2025-12-22T23:57:07.273+0000] {processor.py:927} WARNING - No viable dags retrieved from /opt/airflow/dags/scripts/ingest_data.py
[2025-12-22T23:57:07.283+0000] {processor.py:208} INFO - Processing /opt/airflow/dags/scripts/ingest_data.py took 0.478 seconds
[2025-12-22T23:57:37.688+0000] {processor.py:186} INFO - Started process (PID=701) to work on /opt/airflow/dags/scripts/ingest_data.py
[2025-12-22T23:57:37.689+0000] {processor.py:914} INFO - Processing file /opt/airflow/dags/scripts/ingest_data.py for tasks to queue
[2025-12-22T23:57:37.691+0000] {logging_mixin.py:190} INFO - [2025-12-22T23:57:37.691+0000] {dagbag.py:588} INFO - Filling up the DagBag from /opt/airflow/dags/scripts/ingest_data.py
[2025-12-22T23:57:38.130+0000] {logging_mixin.py:190} INFO - Files in raw data folder: ['sample1.csv', 'sample2.csv']
[2025-12-22T23:57:38.140+0000] {logging_mixin.py:190} INFO - 
Processed sample1.csv saved to /opt/airflow/dags/processed_data/sample1.csv
[2025-12-22T23:57:38.144+0000] {logging_mixin.py:190} INFO -       name   age                email
0    Alice  25.0    alice@example.com
1      Bob  30.0      bob@example.com
2  Charlie  27.5  charlie@example.com
[2025-12-22T23:57:38.151+0000] {logging_mixin.py:190} INFO - 
Processed sample2.csv saved to /opt/airflow/dags/processed_data/sample2.csv
[2025-12-22T23:57:38.153+0000] {logging_mixin.py:190} INFO -     name   age              email
0  Vince  22.0  vince@example.com
1   John  56.0   john@example.com
2   Will  39.0   will@example.com
[2025-12-22T23:57:38.154+0000] {processor.py:927} WARNING - No viable dags retrieved from /opt/airflow/dags/scripts/ingest_data.py
[2025-12-22T23:57:38.164+0000] {processor.py:208} INFO - Processing /opt/airflow/dags/scripts/ingest_data.py took 0.481 seconds
[2025-12-22T23:58:08.560+0000] {processor.py:186} INFO - Started process (PID=724) to work on /opt/airflow/dags/scripts/ingest_data.py
[2025-12-22T23:58:08.561+0000] {processor.py:914} INFO - Processing file /opt/airflow/dags/scripts/ingest_data.py for tasks to queue
[2025-12-22T23:58:08.563+0000] {logging_mixin.py:190} INFO - [2025-12-22T23:58:08.563+0000] {dagbag.py:588} INFO - Filling up the DagBag from /opt/airflow/dags/scripts/ingest_data.py
[2025-12-22T23:58:09.038+0000] {logging_mixin.py:190} INFO - Files in raw data folder: ['sample1.csv', 'sample2.csv']
[2025-12-22T23:58:09.050+0000] {logging_mixin.py:190} INFO - 
Processed sample1.csv saved to /opt/airflow/dags/processed_data/sample1.csv
[2025-12-22T23:58:09.053+0000] {logging_mixin.py:190} INFO -       name   age                email
0    Alice  25.0    alice@example.com
1      Bob  30.0      bob@example.com
2  Charlie  27.5  charlie@example.com
[2025-12-22T23:58:09.064+0000] {logging_mixin.py:190} INFO - 
Processed sample2.csv saved to /opt/airflow/dags/processed_data/sample2.csv
[2025-12-22T23:58:09.068+0000] {logging_mixin.py:190} INFO -     name   age              email
0  Vince  22.0  vince@example.com
1   John  56.0   john@example.com
2   Will  39.0   will@example.com
[2025-12-22T23:58:09.068+0000] {processor.py:927} WARNING - No viable dags retrieved from /opt/airflow/dags/scripts/ingest_data.py
[2025-12-22T23:58:09.081+0000] {processor.py:208} INFO - Processing /opt/airflow/dags/scripts/ingest_data.py took 0.526 seconds
[2025-12-22T23:58:39.505+0000] {processor.py:186} INFO - Started process (PID=747) to work on /opt/airflow/dags/scripts/ingest_data.py
[2025-12-22T23:58:39.506+0000] {processor.py:914} INFO - Processing file /opt/airflow/dags/scripts/ingest_data.py for tasks to queue
[2025-12-22T23:58:39.509+0000] {logging_mixin.py:190} INFO - [2025-12-22T23:58:39.509+0000] {dagbag.py:588} INFO - Filling up the DagBag from /opt/airflow/dags/scripts/ingest_data.py
[2025-12-22T23:58:39.958+0000] {logging_mixin.py:190} INFO - Files in raw data folder: ['sample1.csv', 'sample2.csv']
[2025-12-22T23:58:39.970+0000] {logging_mixin.py:190} INFO - 
Processed sample1.csv saved to /opt/airflow/dags/processed_data/sample1.csv
[2025-12-22T23:58:39.974+0000] {logging_mixin.py:190} INFO -       name   age                email
0    Alice  25.0    alice@example.com
1      Bob  30.0      bob@example.com
2  Charlie  27.5  charlie@example.com
[2025-12-22T23:58:39.983+0000] {logging_mixin.py:190} INFO - 
Processed sample2.csv saved to /opt/airflow/dags/processed_data/sample2.csv
[2025-12-22T23:58:39.986+0000] {logging_mixin.py:190} INFO -     name   age              email
0  Vince  22.0  vince@example.com
1   John  56.0   john@example.com
2   Will  39.0   will@example.com
[2025-12-22T23:58:39.986+0000] {processor.py:927} WARNING - No viable dags retrieved from /opt/airflow/dags/scripts/ingest_data.py
[2025-12-22T23:58:39.997+0000] {processor.py:208} INFO - Processing /opt/airflow/dags/scripts/ingest_data.py took 0.498 seconds
[2025-12-22T23:59:10.404+0000] {processor.py:186} INFO - Started process (PID=770) to work on /opt/airflow/dags/scripts/ingest_data.py
[2025-12-22T23:59:10.405+0000] {processor.py:914} INFO - Processing file /opt/airflow/dags/scripts/ingest_data.py for tasks to queue
[2025-12-22T23:59:10.407+0000] {logging_mixin.py:190} INFO - [2025-12-22T23:59:10.406+0000] {dagbag.py:588} INFO - Filling up the DagBag from /opt/airflow/dags/scripts/ingest_data.py
[2025-12-22T23:59:10.835+0000] {logging_mixin.py:190} INFO - Files in raw data folder: ['sample1.csv', 'sample2.csv']
[2025-12-22T23:59:10.846+0000] {logging_mixin.py:190} INFO - 
Processed sample1.csv saved to /opt/airflow/dags/processed_data/sample1.csv
[2025-12-22T23:59:10.849+0000] {logging_mixin.py:190} INFO -       name   age                email
0    Alice  25.0    alice@example.com
1      Bob  30.0      bob@example.com
2  Charlie  27.5  charlie@example.com
[2025-12-22T23:59:10.858+0000] {logging_mixin.py:190} INFO - 
Processed sample2.csv saved to /opt/airflow/dags/processed_data/sample2.csv
[2025-12-22T23:59:10.861+0000] {logging_mixin.py:190} INFO -     name   age              email
0  Vince  22.0  vince@example.com
1   John  56.0   john@example.com
2   Will  39.0   will@example.com
[2025-12-22T23:59:10.861+0000] {processor.py:927} WARNING - No viable dags retrieved from /opt/airflow/dags/scripts/ingest_data.py
[2025-12-22T23:59:10.872+0000] {processor.py:208} INFO - Processing /opt/airflow/dags/scripts/ingest_data.py took 0.474 seconds
[2025-12-22T23:59:41.405+0000] {processor.py:186} INFO - Started process (PID=793) to work on /opt/airflow/dags/scripts/ingest_data.py
[2025-12-22T23:59:41.406+0000] {processor.py:914} INFO - Processing file /opt/airflow/dags/scripts/ingest_data.py for tasks to queue
[2025-12-22T23:59:41.408+0000] {logging_mixin.py:190} INFO - [2025-12-22T23:59:41.408+0000] {dagbag.py:588} INFO - Filling up the DagBag from /opt/airflow/dags/scripts/ingest_data.py
[2025-12-22T23:59:41.866+0000] {logging_mixin.py:190} INFO - Files in raw data folder: ['sample1.csv', 'sample2.csv']
[2025-12-22T23:59:41.879+0000] {logging_mixin.py:190} INFO - 
Processed sample1.csv saved to /opt/airflow/dags/processed_data/sample1.csv
[2025-12-22T23:59:41.883+0000] {logging_mixin.py:190} INFO -       name   age                email
0    Alice  25.0    alice@example.com
1      Bob  30.0      bob@example.com
2  Charlie  27.5  charlie@example.com
[2025-12-22T23:59:41.892+0000] {logging_mixin.py:190} INFO - 
Processed sample2.csv saved to /opt/airflow/dags/processed_data/sample2.csv
[2025-12-22T23:59:41.894+0000] {logging_mixin.py:190} INFO -     name   age              email
0  Vince  22.0  vince@example.com
1   John  56.0   john@example.com
2   Will  39.0   will@example.com
[2025-12-22T23:59:41.895+0000] {processor.py:927} WARNING - No viable dags retrieved from /opt/airflow/dags/scripts/ingest_data.py
[2025-12-22T23:59:41.906+0000] {processor.py:208} INFO - Processing /opt/airflow/dags/scripts/ingest_data.py took 0.506 seconds
