[2025-12-22T23:49:54.696+0000] {processor.py:186} INFO - Started process (PID=206) to work on /opt/airflow/dags/scripts/load_to_mongodb.py
[2025-12-22T23:49:54.697+0000] {processor.py:914} INFO - Processing file /opt/airflow/dags/scripts/load_to_mongodb.py for tasks to queue
[2025-12-22T23:49:54.699+0000] {logging_mixin.py:190} INFO - [2025-12-22T23:49:54.699+0000] {dagbag.py:588} INFO - Filling up the DagBag from /opt/airflow/dags/scripts/load_to_mongodb.py
[2025-12-22T23:49:55.204+0000] {processor.py:925} INFO - DAG(s) 'load_to_mongodb' retrieved from /opt/airflow/dags/scripts/load_to_mongodb.py
[2025-12-22T23:49:55.288+0000] {logging_mixin.py:190} INFO - [2025-12-22T23:49:55.287+0000] {override.py:1900} INFO - Created Permission View: can read on DAG:load_to_mongodb
[2025-12-22T23:49:55.295+0000] {logging_mixin.py:190} INFO - [2025-12-22T23:49:55.294+0000] {override.py:1900} INFO - Created Permission View: can delete on DAG:load_to_mongodb
[2025-12-22T23:49:55.299+0000] {logging_mixin.py:190} INFO - [2025-12-22T23:49:55.299+0000] {override.py:1900} INFO - Created Permission View: can edit on DAG:load_to_mongodb
[2025-12-22T23:49:55.305+0000] {logging_mixin.py:190} INFO - [2025-12-22T23:49:55.305+0000] {override.py:1900} INFO - Created Permission View: can create on DAG Run:load_to_mongodb
[2025-12-22T23:49:55.310+0000] {logging_mixin.py:190} INFO - [2025-12-22T23:49:55.310+0000] {override.py:1900} INFO - Created Permission View: can read on DAG Run:load_to_mongodb
[2025-12-22T23:49:55.315+0000] {logging_mixin.py:190} INFO - [2025-12-22T23:49:55.314+0000] {override.py:1900} INFO - Created Permission View: menu access on DAG Run:load_to_mongodb
[2025-12-22T23:49:55.319+0000] {logging_mixin.py:190} INFO - [2025-12-22T23:49:55.319+0000] {override.py:1900} INFO - Created Permission View: can delete on DAG Run:load_to_mongodb
[2025-12-22T23:49:55.320+0000] {logging_mixin.py:190} INFO - [2025-12-22T23:49:55.320+0000] {dag.py:3239} INFO - Sync 1 DAGs
[2025-12-22T23:49:55.329+0000] {logging_mixin.py:190} INFO - [2025-12-22T23:49:55.329+0000] {dag.py:3262} INFO - Creating ORM DAG for load_to_mongodb
[2025-12-22T23:49:55.330+0000] {logging_mixin.py:190} INFO - [2025-12-22T23:49:55.330+0000] {dag.py:4180} INFO - Setting next_dagrun for load_to_mongodb to None, run_after=None
[2025-12-22T23:49:55.349+0000] {processor.py:208} INFO - Processing /opt/airflow/dags/scripts/load_to_mongodb.py took 0.659 seconds
[2025-12-22T23:50:26.163+0000] {processor.py:186} INFO - Started process (PID=229) to work on /opt/airflow/dags/scripts/load_to_mongodb.py
[2025-12-22T23:50:26.164+0000] {processor.py:914} INFO - Processing file /opt/airflow/dags/scripts/load_to_mongodb.py for tasks to queue
[2025-12-22T23:50:26.167+0000] {logging_mixin.py:190} INFO - [2025-12-22T23:50:26.166+0000] {dagbag.py:588} INFO - Filling up the DagBag from /opt/airflow/dags/scripts/load_to_mongodb.py
[2025-12-22T23:50:26.611+0000] {processor.py:925} INFO - DAG(s) 'load_to_mongodb' retrieved from /opt/airflow/dags/scripts/load_to_mongodb.py
[2025-12-22T23:50:26.627+0000] {logging_mixin.py:190} INFO - [2025-12-22T23:50:26.627+0000] {dag.py:3239} INFO - Sync 1 DAGs
[2025-12-22T23:50:26.636+0000] {logging_mixin.py:190} INFO - [2025-12-22T23:50:26.636+0000] {dag.py:4180} INFO - Setting next_dagrun for load_to_mongodb to None, run_after=None
[2025-12-22T23:50:26.656+0000] {processor.py:208} INFO - Processing /opt/airflow/dags/scripts/load_to_mongodb.py took 0.499 seconds
[2025-12-22T23:50:57.295+0000] {processor.py:186} INFO - Started process (PID=252) to work on /opt/airflow/dags/scripts/load_to_mongodb.py
[2025-12-22T23:50:57.296+0000] {processor.py:914} INFO - Processing file /opt/airflow/dags/scripts/load_to_mongodb.py for tasks to queue
[2025-12-22T23:50:57.298+0000] {logging_mixin.py:190} INFO - [2025-12-22T23:50:57.298+0000] {dagbag.py:588} INFO - Filling up the DagBag from /opt/airflow/dags/scripts/load_to_mongodb.py
[2025-12-22T23:50:57.722+0000] {processor.py:925} INFO - DAG(s) 'load_to_mongodb' retrieved from /opt/airflow/dags/scripts/load_to_mongodb.py
[2025-12-22T23:50:57.738+0000] {logging_mixin.py:190} INFO - [2025-12-22T23:50:57.737+0000] {dag.py:3239} INFO - Sync 1 DAGs
[2025-12-22T23:50:57.747+0000] {logging_mixin.py:190} INFO - [2025-12-22T23:50:57.747+0000] {dag.py:4180} INFO - Setting next_dagrun for load_to_mongodb to None, run_after=None
[2025-12-22T23:50:57.767+0000] {processor.py:208} INFO - Processing /opt/airflow/dags/scripts/load_to_mongodb.py took 0.476 seconds
[2025-12-22T23:51:28.265+0000] {processor.py:186} INFO - Started process (PID=275) to work on /opt/airflow/dags/scripts/load_to_mongodb.py
[2025-12-22T23:51:28.266+0000] {processor.py:914} INFO - Processing file /opt/airflow/dags/scripts/load_to_mongodb.py for tasks to queue
[2025-12-22T23:51:28.269+0000] {logging_mixin.py:190} INFO - [2025-12-22T23:51:28.268+0000] {dagbag.py:588} INFO - Filling up the DagBag from /opt/airflow/dags/scripts/load_to_mongodb.py
[2025-12-22T23:51:28.777+0000] {processor.py:925} INFO - DAG(s) 'load_to_mongodb' retrieved from /opt/airflow/dags/scripts/load_to_mongodb.py
[2025-12-22T23:51:28.800+0000] {logging_mixin.py:190} INFO - [2025-12-22T23:51:28.799+0000] {dag.py:3239} INFO - Sync 1 DAGs
[2025-12-22T23:51:28.810+0000] {logging_mixin.py:190} INFO - [2025-12-22T23:51:28.809+0000] {dag.py:4180} INFO - Setting next_dagrun for load_to_mongodb to None, run_after=None
[2025-12-22T23:51:28.824+0000] {processor.py:208} INFO - Processing /opt/airflow/dags/scripts/load_to_mongodb.py took 0.566 seconds
[2025-12-22T23:51:59.191+0000] {processor.py:186} INFO - Started process (PID=298) to work on /opt/airflow/dags/scripts/load_to_mongodb.py
[2025-12-22T23:51:59.192+0000] {processor.py:914} INFO - Processing file /opt/airflow/dags/scripts/load_to_mongodb.py for tasks to queue
[2025-12-22T23:51:59.194+0000] {logging_mixin.py:190} INFO - [2025-12-22T23:51:59.194+0000] {dagbag.py:588} INFO - Filling up the DagBag from /opt/airflow/dags/scripts/load_to_mongodb.py
[2025-12-22T23:51:59.610+0000] {processor.py:925} INFO - DAG(s) 'load_to_mongodb' retrieved from /opt/airflow/dags/scripts/load_to_mongodb.py
[2025-12-22T23:51:59.625+0000] {logging_mixin.py:190} INFO - [2025-12-22T23:51:59.625+0000] {dag.py:3239} INFO - Sync 1 DAGs
[2025-12-22T23:51:59.633+0000] {logging_mixin.py:190} INFO - [2025-12-22T23:51:59.633+0000] {dag.py:4180} INFO - Setting next_dagrun for load_to_mongodb to None, run_after=None
[2025-12-22T23:51:59.647+0000] {processor.py:208} INFO - Processing /opt/airflow/dags/scripts/load_to_mongodb.py took 0.462 seconds
[2025-12-22T23:52:30.181+0000] {processor.py:186} INFO - Started process (PID=321) to work on /opt/airflow/dags/scripts/load_to_mongodb.py
[2025-12-22T23:52:30.183+0000] {processor.py:914} INFO - Processing file /opt/airflow/dags/scripts/load_to_mongodb.py for tasks to queue
[2025-12-22T23:52:30.185+0000] {logging_mixin.py:190} INFO - [2025-12-22T23:52:30.185+0000] {dagbag.py:588} INFO - Filling up the DagBag from /opt/airflow/dags/scripts/load_to_mongodb.py
[2025-12-22T23:52:30.602+0000] {processor.py:925} INFO - DAG(s) 'load_to_mongodb' retrieved from /opt/airflow/dags/scripts/load_to_mongodb.py
[2025-12-22T23:52:30.618+0000] {logging_mixin.py:190} INFO - [2025-12-22T23:52:30.618+0000] {dag.py:3239} INFO - Sync 1 DAGs
[2025-12-22T23:52:30.627+0000] {logging_mixin.py:190} INFO - [2025-12-22T23:52:30.627+0000] {dag.py:4180} INFO - Setting next_dagrun for load_to_mongodb to None, run_after=None
[2025-12-22T23:52:30.638+0000] {processor.py:208} INFO - Processing /opt/airflow/dags/scripts/load_to_mongodb.py took 0.463 seconds
[2025-12-22T23:53:01.084+0000] {processor.py:186} INFO - Started process (PID=344) to work on /opt/airflow/dags/scripts/load_to_mongodb.py
[2025-12-22T23:53:01.084+0000] {processor.py:914} INFO - Processing file /opt/airflow/dags/scripts/load_to_mongodb.py for tasks to queue
[2025-12-22T23:53:01.087+0000] {logging_mixin.py:190} INFO - [2025-12-22T23:53:01.087+0000] {dagbag.py:588} INFO - Filling up the DagBag from /opt/airflow/dags/scripts/load_to_mongodb.py
[2025-12-22T23:53:01.547+0000] {processor.py:925} INFO - DAG(s) 'load_to_mongodb' retrieved from /opt/airflow/dags/scripts/load_to_mongodb.py
[2025-12-22T23:53:01.563+0000] {logging_mixin.py:190} INFO - [2025-12-22T23:53:01.563+0000] {dag.py:3239} INFO - Sync 1 DAGs
[2025-12-22T23:53:01.572+0000] {logging_mixin.py:190} INFO - [2025-12-22T23:53:01.572+0000] {dag.py:4180} INFO - Setting next_dagrun for load_to_mongodb to None, run_after=None
[2025-12-22T23:53:01.585+0000] {processor.py:208} INFO - Processing /opt/airflow/dags/scripts/load_to_mongodb.py took 0.507 seconds
[2025-12-22T23:53:32.095+0000] {processor.py:186} INFO - Started process (PID=367) to work on /opt/airflow/dags/scripts/load_to_mongodb.py
[2025-12-22T23:53:32.096+0000] {processor.py:914} INFO - Processing file /opt/airflow/dags/scripts/load_to_mongodb.py for tasks to queue
[2025-12-22T23:53:32.098+0000] {logging_mixin.py:190} INFO - [2025-12-22T23:53:32.098+0000] {dagbag.py:588} INFO - Filling up the DagBag from /opt/airflow/dags/scripts/load_to_mongodb.py
[2025-12-22T23:53:32.603+0000] {processor.py:925} INFO - DAG(s) 'load_to_mongodb' retrieved from /opt/airflow/dags/scripts/load_to_mongodb.py
[2025-12-22T23:53:32.621+0000] {logging_mixin.py:190} INFO - [2025-12-22T23:53:32.621+0000] {dag.py:3239} INFO - Sync 1 DAGs
[2025-12-22T23:53:32.633+0000] {logging_mixin.py:190} INFO - [2025-12-22T23:53:32.632+0000] {dag.py:4180} INFO - Setting next_dagrun for load_to_mongodb to None, run_after=None
[2025-12-22T23:53:32.647+0000] {processor.py:208} INFO - Processing /opt/airflow/dags/scripts/load_to_mongodb.py took 0.557 seconds
[2025-12-22T23:54:03.151+0000] {processor.py:186} INFO - Started process (PID=397) to work on /opt/airflow/dags/scripts/load_to_mongodb.py
[2025-12-22T23:54:03.152+0000] {processor.py:914} INFO - Processing file /opt/airflow/dags/scripts/load_to_mongodb.py for tasks to queue
[2025-12-22T23:54:03.154+0000] {logging_mixin.py:190} INFO - [2025-12-22T23:54:03.153+0000] {dagbag.py:588} INFO - Filling up the DagBag from /opt/airflow/dags/scripts/load_to_mongodb.py
[2025-12-22T23:54:03.626+0000] {processor.py:925} INFO - DAG(s) 'load_to_mongodb' retrieved from /opt/airflow/dags/scripts/load_to_mongodb.py
[2025-12-22T23:54:03.646+0000] {logging_mixin.py:190} INFO - [2025-12-22T23:54:03.645+0000] {dag.py:3239} INFO - Sync 1 DAGs
[2025-12-22T23:54:03.665+0000] {logging_mixin.py:190} INFO - [2025-12-22T23:54:03.664+0000] {dag.py:4180} INFO - Setting next_dagrun for load_to_mongodb to None, run_after=None
[2025-12-22T23:54:03.680+0000] {processor.py:208} INFO - Processing /opt/airflow/dags/scripts/load_to_mongodb.py took 0.535 seconds
[2025-12-22T23:54:34.040+0000] {processor.py:186} INFO - Started process (PID=580) to work on /opt/airflow/dags/scripts/load_to_mongodb.py
[2025-12-22T23:54:34.041+0000] {processor.py:914} INFO - Processing file /opt/airflow/dags/scripts/load_to_mongodb.py for tasks to queue
[2025-12-22T23:54:34.043+0000] {logging_mixin.py:190} INFO - [2025-12-22T23:54:34.042+0000] {dagbag.py:588} INFO - Filling up the DagBag from /opt/airflow/dags/scripts/load_to_mongodb.py
[2025-12-22T23:54:34.453+0000] {processor.py:925} INFO - DAG(s) 'load_to_mongodb' retrieved from /opt/airflow/dags/scripts/load_to_mongodb.py
[2025-12-22T23:54:34.470+0000] {logging_mixin.py:190} INFO - [2025-12-22T23:54:34.470+0000] {dag.py:3239} INFO - Sync 1 DAGs
[2025-12-22T23:54:34.479+0000] {logging_mixin.py:190} INFO - [2025-12-22T23:54:34.479+0000] {dag.py:4180} INFO - Setting next_dagrun for load_to_mongodb to None, run_after=None
[2025-12-22T23:54:34.495+0000] {processor.py:208} INFO - Processing /opt/airflow/dags/scripts/load_to_mongodb.py took 0.461 seconds
[2025-12-22T23:55:04.924+0000] {processor.py:186} INFO - Started process (PID=603) to work on /opt/airflow/dags/scripts/load_to_mongodb.py
[2025-12-22T23:55:04.925+0000] {processor.py:914} INFO - Processing file /opt/airflow/dags/scripts/load_to_mongodb.py for tasks to queue
[2025-12-22T23:55:04.927+0000] {logging_mixin.py:190} INFO - [2025-12-22T23:55:04.926+0000] {dagbag.py:588} INFO - Filling up the DagBag from /opt/airflow/dags/scripts/load_to_mongodb.py
[2025-12-22T23:55:05.328+0000] {processor.py:925} INFO - DAG(s) 'load_to_mongodb' retrieved from /opt/airflow/dags/scripts/load_to_mongodb.py
[2025-12-22T23:55:05.343+0000] {logging_mixin.py:190} INFO - [2025-12-22T23:55:05.343+0000] {dag.py:3239} INFO - Sync 1 DAGs
[2025-12-22T23:55:05.351+0000] {logging_mixin.py:190} INFO - [2025-12-22T23:55:05.351+0000] {dag.py:4180} INFO - Setting next_dagrun for load_to_mongodb to None, run_after=None
[2025-12-22T23:55:05.363+0000] {processor.py:208} INFO - Processing /opt/airflow/dags/scripts/load_to_mongodb.py took 0.445 seconds
[2025-12-22T23:55:35.785+0000] {processor.py:186} INFO - Started process (PID=626) to work on /opt/airflow/dags/scripts/load_to_mongodb.py
[2025-12-22T23:55:35.786+0000] {processor.py:914} INFO - Processing file /opt/airflow/dags/scripts/load_to_mongodb.py for tasks to queue
[2025-12-22T23:55:35.788+0000] {logging_mixin.py:190} INFO - [2025-12-22T23:55:35.787+0000] {dagbag.py:588} INFO - Filling up the DagBag from /opt/airflow/dags/scripts/load_to_mongodb.py
[2025-12-22T23:55:36.208+0000] {processor.py:925} INFO - DAG(s) 'load_to_mongodb' retrieved from /opt/airflow/dags/scripts/load_to_mongodb.py
[2025-12-22T23:55:36.224+0000] {logging_mixin.py:190} INFO - [2025-12-22T23:55:36.223+0000] {dag.py:3239} INFO - Sync 1 DAGs
[2025-12-22T23:55:36.232+0000] {logging_mixin.py:190} INFO - [2025-12-22T23:55:36.232+0000] {dag.py:4180} INFO - Setting next_dagrun for load_to_mongodb to None, run_after=None
[2025-12-22T23:55:36.246+0000] {processor.py:208} INFO - Processing /opt/airflow/dags/scripts/load_to_mongodb.py took 0.466 seconds
[2025-12-22T23:56:06.623+0000] {processor.py:186} INFO - Started process (PID=649) to work on /opt/airflow/dags/scripts/load_to_mongodb.py
[2025-12-22T23:56:06.624+0000] {processor.py:914} INFO - Processing file /opt/airflow/dags/scripts/load_to_mongodb.py for tasks to queue
[2025-12-22T23:56:06.626+0000] {logging_mixin.py:190} INFO - [2025-12-22T23:56:06.625+0000] {dagbag.py:588} INFO - Filling up the DagBag from /opt/airflow/dags/scripts/load_to_mongodb.py
[2025-12-22T23:56:07.050+0000] {processor.py:925} INFO - DAG(s) 'load_to_mongodb' retrieved from /opt/airflow/dags/scripts/load_to_mongodb.py
[2025-12-22T23:56:07.065+0000] {logging_mixin.py:190} INFO - [2025-12-22T23:56:07.065+0000] {dag.py:3239} INFO - Sync 1 DAGs
[2025-12-22T23:56:07.074+0000] {logging_mixin.py:190} INFO - [2025-12-22T23:56:07.074+0000] {dag.py:4180} INFO - Setting next_dagrun for load_to_mongodb to None, run_after=None
[2025-12-22T23:56:07.088+0000] {processor.py:208} INFO - Processing /opt/airflow/dags/scripts/load_to_mongodb.py took 0.470 seconds
[2025-12-22T23:56:37.485+0000] {processor.py:186} INFO - Started process (PID=672) to work on /opt/airflow/dags/scripts/load_to_mongodb.py
[2025-12-22T23:56:37.486+0000] {processor.py:914} INFO - Processing file /opt/airflow/dags/scripts/load_to_mongodb.py for tasks to queue
[2025-12-22T23:56:37.489+0000] {logging_mixin.py:190} INFO - [2025-12-22T23:56:37.488+0000] {dagbag.py:588} INFO - Filling up the DagBag from /opt/airflow/dags/scripts/load_to_mongodb.py
[2025-12-22T23:56:37.914+0000] {processor.py:925} INFO - DAG(s) 'load_to_mongodb' retrieved from /opt/airflow/dags/scripts/load_to_mongodb.py
[2025-12-22T23:56:37.930+0000] {logging_mixin.py:190} INFO - [2025-12-22T23:56:37.930+0000] {dag.py:3239} INFO - Sync 1 DAGs
[2025-12-22T23:56:37.940+0000] {logging_mixin.py:190} INFO - [2025-12-22T23:56:37.939+0000] {dag.py:4180} INFO - Setting next_dagrun for load_to_mongodb to None, run_after=None
[2025-12-22T23:56:37.952+0000] {processor.py:208} INFO - Processing /opt/airflow/dags/scripts/load_to_mongodb.py took 0.472 seconds
[2025-12-22T23:57:08.358+0000] {processor.py:186} INFO - Started process (PID=695) to work on /opt/airflow/dags/scripts/load_to_mongodb.py
[2025-12-22T23:57:08.358+0000] {processor.py:914} INFO - Processing file /opt/airflow/dags/scripts/load_to_mongodb.py for tasks to queue
[2025-12-22T23:57:08.361+0000] {logging_mixin.py:190} INFO - [2025-12-22T23:57:08.361+0000] {dagbag.py:588} INFO - Filling up the DagBag from /opt/airflow/dags/scripts/load_to_mongodb.py
[2025-12-22T23:57:08.783+0000] {processor.py:925} INFO - DAG(s) 'load_to_mongodb' retrieved from /opt/airflow/dags/scripts/load_to_mongodb.py
[2025-12-22T23:57:08.800+0000] {logging_mixin.py:190} INFO - [2025-12-22T23:57:08.800+0000] {dag.py:3239} INFO - Sync 1 DAGs
[2025-12-22T23:57:08.809+0000] {logging_mixin.py:190} INFO - [2025-12-22T23:57:08.809+0000] {dag.py:4180} INFO - Setting next_dagrun for load_to_mongodb to None, run_after=None
[2025-12-22T23:57:08.823+0000] {processor.py:208} INFO - Processing /opt/airflow/dags/scripts/load_to_mongodb.py took 0.470 seconds
[2025-12-22T23:57:39.237+0000] {processor.py:186} INFO - Started process (PID=718) to work on /opt/airflow/dags/scripts/load_to_mongodb.py
[2025-12-22T23:57:39.238+0000] {processor.py:914} INFO - Processing file /opt/airflow/dags/scripts/load_to_mongodb.py for tasks to queue
[2025-12-22T23:57:39.240+0000] {logging_mixin.py:190} INFO - [2025-12-22T23:57:39.240+0000] {dagbag.py:588} INFO - Filling up the DagBag from /opt/airflow/dags/scripts/load_to_mongodb.py
[2025-12-22T23:57:39.682+0000] {processor.py:925} INFO - DAG(s) 'load_to_mongodb' retrieved from /opt/airflow/dags/scripts/load_to_mongodb.py
[2025-12-22T23:57:39.698+0000] {logging_mixin.py:190} INFO - [2025-12-22T23:57:39.698+0000] {dag.py:3239} INFO - Sync 1 DAGs
[2025-12-22T23:57:39.708+0000] {logging_mixin.py:190} INFO - [2025-12-22T23:57:39.707+0000] {dag.py:4180} INFO - Setting next_dagrun for load_to_mongodb to None, run_after=None
[2025-12-22T23:57:39.721+0000] {processor.py:208} INFO - Processing /opt/airflow/dags/scripts/load_to_mongodb.py took 0.489 seconds
[2025-12-22T23:58:10.173+0000] {processor.py:186} INFO - Started process (PID=741) to work on /opt/airflow/dags/scripts/load_to_mongodb.py
[2025-12-22T23:58:10.175+0000] {processor.py:914} INFO - Processing file /opt/airflow/dags/scripts/load_to_mongodb.py for tasks to queue
[2025-12-22T23:58:10.178+0000] {logging_mixin.py:190} INFO - [2025-12-22T23:58:10.178+0000] {dagbag.py:588} INFO - Filling up the DagBag from /opt/airflow/dags/scripts/load_to_mongodb.py
[2025-12-22T23:58:10.720+0000] {processor.py:925} INFO - DAG(s) 'load_to_mongodb' retrieved from /opt/airflow/dags/scripts/load_to_mongodb.py
[2025-12-22T23:58:10.742+0000] {logging_mixin.py:190} INFO - [2025-12-22T23:58:10.741+0000] {dag.py:3239} INFO - Sync 1 DAGs
[2025-12-22T23:58:10.752+0000] {logging_mixin.py:190} INFO - [2025-12-22T23:58:10.752+0000] {dag.py:4180} INFO - Setting next_dagrun for load_to_mongodb to None, run_after=None
[2025-12-22T23:58:10.768+0000] {processor.py:208} INFO - Processing /opt/airflow/dags/scripts/load_to_mongodb.py took 0.604 seconds
[2025-12-22T23:58:41.077+0000] {processor.py:186} INFO - Started process (PID=764) to work on /opt/airflow/dags/scripts/load_to_mongodb.py
[2025-12-22T23:58:41.078+0000] {processor.py:914} INFO - Processing file /opt/airflow/dags/scripts/load_to_mongodb.py for tasks to queue
[2025-12-22T23:58:41.080+0000] {logging_mixin.py:190} INFO - [2025-12-22T23:58:41.080+0000] {dagbag.py:588} INFO - Filling up the DagBag from /opt/airflow/dags/scripts/load_to_mongodb.py
[2025-12-22T23:58:41.625+0000] {processor.py:925} INFO - DAG(s) 'load_to_mongodb' retrieved from /opt/airflow/dags/scripts/load_to_mongodb.py
[2025-12-22T23:58:41.649+0000] {logging_mixin.py:190} INFO - [2025-12-22T23:58:41.648+0000] {dag.py:3239} INFO - Sync 1 DAGs
[2025-12-22T23:58:41.661+0000] {logging_mixin.py:190} INFO - [2025-12-22T23:58:41.661+0000] {dag.py:4180} INFO - Setting next_dagrun for load_to_mongodb to None, run_after=None
[2025-12-22T23:58:41.682+0000] {processor.py:208} INFO - Processing /opt/airflow/dags/scripts/load_to_mongodb.py took 0.610 seconds
[2025-12-22T23:59:11.941+0000] {processor.py:186} INFO - Started process (PID=787) to work on /opt/airflow/dags/scripts/load_to_mongodb.py
[2025-12-22T23:59:11.942+0000] {processor.py:914} INFO - Processing file /opt/airflow/dags/scripts/load_to_mongodb.py for tasks to queue
[2025-12-22T23:59:11.944+0000] {logging_mixin.py:190} INFO - [2025-12-22T23:59:11.944+0000] {dagbag.py:588} INFO - Filling up the DagBag from /opt/airflow/dags/scripts/load_to_mongodb.py
[2025-12-22T23:59:12.398+0000] {processor.py:925} INFO - DAG(s) 'load_to_mongodb' retrieved from /opt/airflow/dags/scripts/load_to_mongodb.py
[2025-12-22T23:59:12.415+0000] {logging_mixin.py:190} INFO - [2025-12-22T23:59:12.414+0000] {dag.py:3239} INFO - Sync 1 DAGs
[2025-12-22T23:59:12.425+0000] {logging_mixin.py:190} INFO - [2025-12-22T23:59:12.425+0000] {dag.py:4180} INFO - Setting next_dagrun for load_to_mongodb to None, run_after=None
[2025-12-22T23:59:12.438+0000] {processor.py:208} INFO - Processing /opt/airflow/dags/scripts/load_to_mongodb.py took 0.502 seconds
[2025-12-22T23:59:42.981+0000] {processor.py:186} INFO - Started process (PID=810) to work on /opt/airflow/dags/scripts/load_to_mongodb.py
[2025-12-22T23:59:42.982+0000] {processor.py:914} INFO - Processing file /opt/airflow/dags/scripts/load_to_mongodb.py for tasks to queue
[2025-12-22T23:59:42.985+0000] {logging_mixin.py:190} INFO - [2025-12-22T23:59:42.984+0000] {dagbag.py:588} INFO - Filling up the DagBag from /opt/airflow/dags/scripts/load_to_mongodb.py
[2025-12-22T23:59:43.421+0000] {processor.py:925} INFO - DAG(s) 'load_to_mongodb' retrieved from /opt/airflow/dags/scripts/load_to_mongodb.py
[2025-12-22T23:59:43.437+0000] {logging_mixin.py:190} INFO - [2025-12-22T23:59:43.437+0000] {dag.py:3239} INFO - Sync 1 DAGs
[2025-12-22T23:59:43.447+0000] {logging_mixin.py:190} INFO - [2025-12-22T23:59:43.447+0000] {dag.py:4180} INFO - Setting next_dagrun for load_to_mongodb to None, run_after=None
[2025-12-22T23:59:43.461+0000] {processor.py:208} INFO - Processing /opt/airflow/dags/scripts/load_to_mongodb.py took 0.485 seconds
