[2025-12-22T23:49:52.796+0000] {processor.py:186} INFO - Started process (PID=192) to work on /opt/airflow/dags/scripts/transform_data.py
[2025-12-22T23:49:52.797+0000] {processor.py:914} INFO - Processing file /opt/airflow/dags/scripts/transform_data.py for tasks to queue
[2025-12-22T23:49:52.799+0000] {logging_mixin.py:190} INFO - [2025-12-22T23:49:52.798+0000] {dagbag.py:588} INFO - Filling up the DagBag from /opt/airflow/dags/scripts/transform_data.py
[2025-12-22T23:49:54.203+0000] {logging_mixin.py:190} INFO - Files in processed data folder: ['sample1.csv', 'sample2.csv']
[2025-12-22T23:49:54.221+0000] {logging_mixin.py:190} INFO - 
Transformed sample1.csv saved to /opt/airflow/dags/transformed_data/sample1.csv
[2025-12-22T23:49:54.227+0000] {logging_mixin.py:190} INFO -       name   age                email age_group  name_length email_domain
0    Alice  25.0    alice@example.com     Adult            5  example.com
1      Bob  30.0      bob@example.com     Adult            3  example.com
2  Charlie  27.5  charlie@example.com     Adult            7  example.com
[2025-12-22T23:49:54.235+0000] {logging_mixin.py:190} INFO - 
Transformed sample2.csv saved to /opt/airflow/dags/transformed_data/sample2.csv
[2025-12-22T23:49:54.240+0000] {logging_mixin.py:190} INFO -     name   age              email   age_group  name_length email_domain
0  Vince  22.0  vince@example.com       Adult            5  example.com
1   John  56.0   john@example.com  Middle Age            4  example.com
2   Will  39.0   will@example.com  Middle Age            4  example.com
[2025-12-22T23:49:54.240+0000] {processor.py:927} WARNING - No viable dags retrieved from /opt/airflow/dags/scripts/transform_data.py
[2025-12-22T23:49:54.249+0000] {processor.py:208} INFO - Processing /opt/airflow/dags/scripts/transform_data.py took 1.458 seconds
[2025-12-22T23:50:24.567+0000] {processor.py:186} INFO - Started process (PID=215) to work on /opt/airflow/dags/scripts/transform_data.py
[2025-12-22T23:50:24.568+0000] {processor.py:914} INFO - Processing file /opt/airflow/dags/scripts/transform_data.py for tasks to queue
[2025-12-22T23:50:24.571+0000] {logging_mixin.py:190} INFO - [2025-12-22T23:50:24.571+0000] {dagbag.py:588} INFO - Filling up the DagBag from /opt/airflow/dags/scripts/transform_data.py
[2025-12-22T23:50:25.036+0000] {logging_mixin.py:190} INFO - Files in processed data folder: ['sample1.csv', 'sample2.csv']
[2025-12-22T23:50:25.048+0000] {logging_mixin.py:190} INFO - 
Transformed sample1.csv saved to /opt/airflow/dags/transformed_data/sample1.csv
[2025-12-22T23:50:25.053+0000] {logging_mixin.py:190} INFO -       name   age                email age_group  name_length email_domain
0    Alice  25.0    alice@example.com     Adult            5  example.com
1      Bob  30.0      bob@example.com     Adult            3  example.com
2  Charlie  27.5  charlie@example.com     Adult            7  example.com
[2025-12-22T23:50:25.061+0000] {logging_mixin.py:190} INFO - 
Transformed sample2.csv saved to /opt/airflow/dags/transformed_data/sample2.csv
[2025-12-22T23:50:25.065+0000] {logging_mixin.py:190} INFO -     name   age              email   age_group  name_length email_domain
0  Vince  22.0  vince@example.com       Adult            5  example.com
1   John  56.0   john@example.com  Middle Age            4  example.com
2   Will  39.0   will@example.com  Middle Age            4  example.com
[2025-12-22T23:50:25.066+0000] {processor.py:927} WARNING - No viable dags retrieved from /opt/airflow/dags/scripts/transform_data.py
[2025-12-22T23:50:25.076+0000] {processor.py:208} INFO - Processing /opt/airflow/dags/scripts/transform_data.py took 0.516 seconds
[2025-12-22T23:50:55.757+0000] {processor.py:186} INFO - Started process (PID=238) to work on /opt/airflow/dags/scripts/transform_data.py
[2025-12-22T23:50:55.758+0000] {processor.py:914} INFO - Processing file /opt/airflow/dags/scripts/transform_data.py for tasks to queue
[2025-12-22T23:50:55.760+0000] {logging_mixin.py:190} INFO - [2025-12-22T23:50:55.760+0000] {dagbag.py:588} INFO - Filling up the DagBag from /opt/airflow/dags/scripts/transform_data.py
[2025-12-22T23:50:56.185+0000] {logging_mixin.py:190} INFO - Files in processed data folder: ['sample1.csv', 'sample2.csv']
[2025-12-22T23:50:56.196+0000] {logging_mixin.py:190} INFO - 
Transformed sample1.csv saved to /opt/airflow/dags/transformed_data/sample1.csv
[2025-12-22T23:50:56.201+0000] {logging_mixin.py:190} INFO -       name   age                email age_group  name_length email_domain
0    Alice  25.0    alice@example.com     Adult            5  example.com
1      Bob  30.0      bob@example.com     Adult            3  example.com
2  Charlie  27.5  charlie@example.com     Adult            7  example.com
[2025-12-22T23:50:56.209+0000] {logging_mixin.py:190} INFO - 
Transformed sample2.csv saved to /opt/airflow/dags/transformed_data/sample2.csv
[2025-12-22T23:50:56.213+0000] {logging_mixin.py:190} INFO -     name   age              email   age_group  name_length email_domain
0  Vince  22.0  vince@example.com       Adult            5  example.com
1   John  56.0   john@example.com  Middle Age            4  example.com
2   Will  39.0   will@example.com  Middle Age            4  example.com
[2025-12-22T23:50:56.213+0000] {processor.py:927} WARNING - No viable dags retrieved from /opt/airflow/dags/scripts/transform_data.py
[2025-12-22T23:50:56.222+0000] {processor.py:208} INFO - Processing /opt/airflow/dags/scripts/transform_data.py took 0.472 seconds
[2025-12-22T23:51:26.681+0000] {processor.py:186} INFO - Started process (PID=261) to work on /opt/airflow/dags/scripts/transform_data.py
[2025-12-22T23:51:26.682+0000] {processor.py:914} INFO - Processing file /opt/airflow/dags/scripts/transform_data.py for tasks to queue
[2025-12-22T23:51:26.684+0000] {logging_mixin.py:190} INFO - [2025-12-22T23:51:26.684+0000] {dagbag.py:588} INFO - Filling up the DagBag from /opt/airflow/dags/scripts/transform_data.py
[2025-12-22T23:51:27.134+0000] {logging_mixin.py:190} INFO - Files in processed data folder: ['sample1.csv', 'sample2.csv']
[2025-12-22T23:51:27.145+0000] {logging_mixin.py:190} INFO - 
Transformed sample1.csv saved to /opt/airflow/dags/transformed_data/sample1.csv
[2025-12-22T23:51:27.151+0000] {logging_mixin.py:190} INFO -       name   age                email age_group  name_length email_domain
0    Alice  25.0    alice@example.com     Adult            5  example.com
1      Bob  30.0      bob@example.com     Adult            3  example.com
2  Charlie  27.5  charlie@example.com     Adult            7  example.com
[2025-12-22T23:51:27.160+0000] {logging_mixin.py:190} INFO - 
Transformed sample2.csv saved to /opt/airflow/dags/transformed_data/sample2.csv
[2025-12-22T23:51:27.165+0000] {logging_mixin.py:190} INFO -     name   age              email   age_group  name_length email_domain
0  Vince  22.0  vince@example.com       Adult            5  example.com
1   John  56.0   john@example.com  Middle Age            4  example.com
2   Will  39.0   will@example.com  Middle Age            4  example.com
[2025-12-22T23:51:27.165+0000] {processor.py:927} WARNING - No viable dags retrieved from /opt/airflow/dags/scripts/transform_data.py
[2025-12-22T23:51:27.178+0000] {processor.py:208} INFO - Processing /opt/airflow/dags/scripts/transform_data.py took 0.503 seconds
[2025-12-22T23:51:57.621+0000] {processor.py:186} INFO - Started process (PID=284) to work on /opt/airflow/dags/scripts/transform_data.py
[2025-12-22T23:51:57.621+0000] {processor.py:914} INFO - Processing file /opt/airflow/dags/scripts/transform_data.py for tasks to queue
[2025-12-22T23:51:57.624+0000] {logging_mixin.py:190} INFO - [2025-12-22T23:51:57.623+0000] {dagbag.py:588} INFO - Filling up the DagBag from /opt/airflow/dags/scripts/transform_data.py
[2025-12-22T23:51:58.075+0000] {logging_mixin.py:190} INFO - Files in processed data folder: ['sample1.csv', 'sample2.csv']
[2025-12-22T23:51:58.086+0000] {logging_mixin.py:190} INFO - 
Transformed sample1.csv saved to /opt/airflow/dags/transformed_data/sample1.csv
[2025-12-22T23:51:58.091+0000] {logging_mixin.py:190} INFO -       name   age                email age_group  name_length email_domain
0    Alice  25.0    alice@example.com     Adult            5  example.com
1      Bob  30.0      bob@example.com     Adult            3  example.com
2  Charlie  27.5  charlie@example.com     Adult            7  example.com
[2025-12-22T23:51:58.099+0000] {logging_mixin.py:190} INFO - 
Transformed sample2.csv saved to /opt/airflow/dags/transformed_data/sample2.csv
[2025-12-22T23:51:58.103+0000] {logging_mixin.py:190} INFO -     name   age              email   age_group  name_length email_domain
0  Vince  22.0  vince@example.com       Adult            5  example.com
1   John  56.0   john@example.com  Middle Age            4  example.com
2   Will  39.0   will@example.com  Middle Age            4  example.com
[2025-12-22T23:51:58.104+0000] {processor.py:927} WARNING - No viable dags retrieved from /opt/airflow/dags/scripts/transform_data.py
[2025-12-22T23:51:58.113+0000] {processor.py:208} INFO - Processing /opt/airflow/dags/scripts/transform_data.py took 0.498 seconds
[2025-12-22T23:52:28.640+0000] {processor.py:186} INFO - Started process (PID=307) to work on /opt/airflow/dags/scripts/transform_data.py
[2025-12-22T23:52:28.641+0000] {processor.py:914} INFO - Processing file /opt/airflow/dags/scripts/transform_data.py for tasks to queue
[2025-12-22T23:52:28.643+0000] {logging_mixin.py:190} INFO - [2025-12-22T23:52:28.642+0000] {dagbag.py:588} INFO - Filling up the DagBag from /opt/airflow/dags/scripts/transform_data.py
[2025-12-22T23:52:29.071+0000] {logging_mixin.py:190} INFO - Files in processed data folder: ['sample1.csv', 'sample2.csv']
[2025-12-22T23:52:29.081+0000] {logging_mixin.py:190} INFO - 
Transformed sample1.csv saved to /opt/airflow/dags/transformed_data/sample1.csv
[2025-12-22T23:52:29.086+0000] {logging_mixin.py:190} INFO -       name   age                email age_group  name_length email_domain
0    Alice  25.0    alice@example.com     Adult            5  example.com
1      Bob  30.0      bob@example.com     Adult            3  example.com
2  Charlie  27.5  charlie@example.com     Adult            7  example.com
[2025-12-22T23:52:29.094+0000] {logging_mixin.py:190} INFO - 
Transformed sample2.csv saved to /opt/airflow/dags/transformed_data/sample2.csv
[2025-12-22T23:52:29.098+0000] {logging_mixin.py:190} INFO -     name   age              email   age_group  name_length email_domain
0  Vince  22.0  vince@example.com       Adult            5  example.com
1   John  56.0   john@example.com  Middle Age            4  example.com
2   Will  39.0   will@example.com  Middle Age            4  example.com
[2025-12-22T23:52:29.098+0000] {processor.py:927} WARNING - No viable dags retrieved from /opt/airflow/dags/scripts/transform_data.py
[2025-12-22T23:52:29.108+0000] {processor.py:208} INFO - Processing /opt/airflow/dags/scripts/transform_data.py took 0.473 seconds
[2025-12-22T23:52:59.544+0000] {processor.py:186} INFO - Started process (PID=330) to work on /opt/airflow/dags/scripts/transform_data.py
[2025-12-22T23:52:59.545+0000] {processor.py:914} INFO - Processing file /opt/airflow/dags/scripts/transform_data.py for tasks to queue
[2025-12-22T23:52:59.548+0000] {logging_mixin.py:190} INFO - [2025-12-22T23:52:59.547+0000] {dagbag.py:588} INFO - Filling up the DagBag from /opt/airflow/dags/scripts/transform_data.py
[2025-12-22T23:52:59.974+0000] {logging_mixin.py:190} INFO - Files in processed data folder: ['sample1.csv', 'sample2.csv']
[2025-12-22T23:52:59.985+0000] {logging_mixin.py:190} INFO - 
Transformed sample1.csv saved to /opt/airflow/dags/transformed_data/sample1.csv
[2025-12-22T23:52:59.990+0000] {logging_mixin.py:190} INFO -       name   age                email age_group  name_length email_domain
0    Alice  25.0    alice@example.com     Adult            5  example.com
1      Bob  30.0      bob@example.com     Adult            3  example.com
2  Charlie  27.5  charlie@example.com     Adult            7  example.com
[2025-12-22T23:52:59.998+0000] {logging_mixin.py:190} INFO - 
Transformed sample2.csv saved to /opt/airflow/dags/transformed_data/sample2.csv
[2025-12-22T23:53:00.003+0000] {logging_mixin.py:190} INFO -     name   age              email   age_group  name_length email_domain
0  Vince  22.0  vince@example.com       Adult            5  example.com
1   John  56.0   john@example.com  Middle Age            4  example.com
2   Will  39.0   will@example.com  Middle Age            4  example.com
[2025-12-22T23:53:00.003+0000] {processor.py:927} WARNING - No viable dags retrieved from /opt/airflow/dags/scripts/transform_data.py
[2025-12-22T23:53:00.013+0000] {processor.py:208} INFO - Processing /opt/airflow/dags/scripts/transform_data.py took 0.475 seconds
[2025-12-22T23:53:30.434+0000] {processor.py:186} INFO - Started process (PID=353) to work on /opt/airflow/dags/scripts/transform_data.py
[2025-12-22T23:53:30.435+0000] {processor.py:914} INFO - Processing file /opt/airflow/dags/scripts/transform_data.py for tasks to queue
[2025-12-22T23:53:30.438+0000] {logging_mixin.py:190} INFO - [2025-12-22T23:53:30.437+0000] {dagbag.py:588} INFO - Filling up the DagBag from /opt/airflow/dags/scripts/transform_data.py
[2025-12-22T23:53:30.962+0000] {logging_mixin.py:190} INFO - Files in processed data folder: ['sample1.csv', 'sample2.csv']
[2025-12-22T23:53:30.977+0000] {logging_mixin.py:190} INFO - 
Transformed sample1.csv saved to /opt/airflow/dags/transformed_data/sample1.csv
[2025-12-22T23:53:30.984+0000] {logging_mixin.py:190} INFO -       name   age                email age_group  name_length email_domain
0    Alice  25.0    alice@example.com     Adult            5  example.com
1      Bob  30.0      bob@example.com     Adult            3  example.com
2  Charlie  27.5  charlie@example.com     Adult            7  example.com
[2025-12-22T23:53:30.994+0000] {logging_mixin.py:190} INFO - 
Transformed sample2.csv saved to /opt/airflow/dags/transformed_data/sample2.csv
[2025-12-22T23:53:30.999+0000] {logging_mixin.py:190} INFO -     name   age              email   age_group  name_length email_domain
0  Vince  22.0  vince@example.com       Adult            5  example.com
1   John  56.0   john@example.com  Middle Age            4  example.com
2   Will  39.0   will@example.com  Middle Age            4  example.com
[2025-12-22T23:53:30.999+0000] {processor.py:927} WARNING - No viable dags retrieved from /opt/airflow/dags/scripts/transform_data.py
[2025-12-22T23:53:31.010+0000] {processor.py:208} INFO - Processing /opt/airflow/dags/scripts/transform_data.py took 0.584 seconds
[2025-12-22T23:54:01.500+0000] {processor.py:186} INFO - Started process (PID=383) to work on /opt/airflow/dags/scripts/transform_data.py
[2025-12-22T23:54:01.501+0000] {processor.py:914} INFO - Processing file /opt/airflow/dags/scripts/transform_data.py for tasks to queue
[2025-12-22T23:54:01.505+0000] {logging_mixin.py:190} INFO - [2025-12-22T23:54:01.504+0000] {dagbag.py:588} INFO - Filling up the DagBag from /opt/airflow/dags/scripts/transform_data.py
[2025-12-22T23:54:02.045+0000] {logging_mixin.py:190} INFO - Files in processed data folder: ['sample1.csv', 'sample2.csv']
[2025-12-22T23:54:02.056+0000] {logging_mixin.py:190} INFO - 
Transformed sample1.csv saved to /opt/airflow/dags/transformed_data/sample1.csv
[2025-12-22T23:54:02.062+0000] {logging_mixin.py:190} INFO -       name   age                email age_group  name_length email_domain
0    Alice  25.0    alice@example.com     Adult            5  example.com
1      Bob  30.0      bob@example.com     Adult            3  example.com
2  Charlie  27.5  charlie@example.com     Adult            7  example.com
[2025-12-22T23:54:02.071+0000] {logging_mixin.py:190} INFO - 
Transformed sample2.csv saved to /opt/airflow/dags/transformed_data/sample2.csv
[2025-12-22T23:54:02.075+0000] {logging_mixin.py:190} INFO -     name   age              email   age_group  name_length email_domain
0  Vince  22.0  vince@example.com       Adult            5  example.com
1   John  56.0   john@example.com  Middle Age            4  example.com
2   Will  39.0   will@example.com  Middle Age            4  example.com
[2025-12-22T23:54:02.076+0000] {processor.py:927} WARNING - No viable dags retrieved from /opt/airflow/dags/scripts/transform_data.py
[2025-12-22T23:54:02.086+0000] {processor.py:208} INFO - Processing /opt/airflow/dags/scripts/transform_data.py took 0.592 seconds
[2025-12-22T23:54:32.495+0000] {processor.py:186} INFO - Started process (PID=566) to work on /opt/airflow/dags/scripts/transform_data.py
[2025-12-22T23:54:32.496+0000] {processor.py:914} INFO - Processing file /opt/airflow/dags/scripts/transform_data.py for tasks to queue
[2025-12-22T23:54:32.498+0000] {logging_mixin.py:190} INFO - [2025-12-22T23:54:32.498+0000] {dagbag.py:588} INFO - Filling up the DagBag from /opt/airflow/dags/scripts/transform_data.py
[2025-12-22T23:54:32.925+0000] {logging_mixin.py:190} INFO - Files in processed data folder: ['sample1.csv', 'sample2.csv']
[2025-12-22T23:54:32.937+0000] {logging_mixin.py:190} INFO - 
Transformed sample1.csv saved to /opt/airflow/dags/transformed_data/sample1.csv
[2025-12-22T23:54:32.942+0000] {logging_mixin.py:190} INFO -       name   age                email age_group  name_length email_domain
0    Alice  25.0    alice@example.com     Adult            5  example.com
1      Bob  30.0      bob@example.com     Adult            3  example.com
2  Charlie  27.5  charlie@example.com     Adult            7  example.com
[2025-12-22T23:54:32.950+0000] {logging_mixin.py:190} INFO - 
Transformed sample2.csv saved to /opt/airflow/dags/transformed_data/sample2.csv
[2025-12-22T23:54:32.955+0000] {logging_mixin.py:190} INFO -     name   age              email   age_group  name_length email_domain
0  Vince  22.0  vince@example.com       Adult            5  example.com
1   John  56.0   john@example.com  Middle Age            4  example.com
2   Will  39.0   will@example.com  Middle Age            4  example.com
[2025-12-22T23:54:32.955+0000] {processor.py:927} WARNING - No viable dags retrieved from /opt/airflow/dags/scripts/transform_data.py
[2025-12-22T23:54:32.965+0000] {processor.py:208} INFO - Processing /opt/airflow/dags/scripts/transform_data.py took 0.475 seconds
[2025-12-22T23:55:03.393+0000] {processor.py:186} INFO - Started process (PID=589) to work on /opt/airflow/dags/scripts/transform_data.py
[2025-12-22T23:55:03.394+0000] {processor.py:914} INFO - Processing file /opt/airflow/dags/scripts/transform_data.py for tasks to queue
[2025-12-22T23:55:03.396+0000] {logging_mixin.py:190} INFO - [2025-12-22T23:55:03.396+0000] {dagbag.py:588} INFO - Filling up the DagBag from /opt/airflow/dags/scripts/transform_data.py
[2025-12-22T23:55:03.811+0000] {logging_mixin.py:190} INFO - Files in processed data folder: ['sample1.csv', 'sample2.csv']
[2025-12-22T23:55:03.824+0000] {logging_mixin.py:190} INFO - 
Transformed sample1.csv saved to /opt/airflow/dags/transformed_data/sample1.csv
[2025-12-22T23:55:03.829+0000] {logging_mixin.py:190} INFO -       name   age                email age_group  name_length email_domain
0    Alice  25.0    alice@example.com     Adult            5  example.com
1      Bob  30.0      bob@example.com     Adult            3  example.com
2  Charlie  27.5  charlie@example.com     Adult            7  example.com
[2025-12-22T23:55:03.838+0000] {logging_mixin.py:190} INFO - 
Transformed sample2.csv saved to /opt/airflow/dags/transformed_data/sample2.csv
[2025-12-22T23:55:03.841+0000] {logging_mixin.py:190} INFO -     name   age              email   age_group  name_length email_domain
0  Vince  22.0  vince@example.com       Adult            5  example.com
1   John  56.0   john@example.com  Middle Age            4  example.com
2   Will  39.0   will@example.com  Middle Age            4  example.com
[2025-12-22T23:55:03.842+0000] {processor.py:927} WARNING - No viable dags retrieved from /opt/airflow/dags/scripts/transform_data.py
[2025-12-22T23:55:03.852+0000] {processor.py:208} INFO - Processing /opt/airflow/dags/scripts/transform_data.py took 0.464 seconds
[2025-12-22T23:55:34.252+0000] {processor.py:186} INFO - Started process (PID=612) to work on /opt/airflow/dags/scripts/transform_data.py
[2025-12-22T23:55:34.253+0000] {processor.py:914} INFO - Processing file /opt/airflow/dags/scripts/transform_data.py for tasks to queue
[2025-12-22T23:55:34.255+0000] {logging_mixin.py:190} INFO - [2025-12-22T23:55:34.254+0000] {dagbag.py:588} INFO - Filling up the DagBag from /opt/airflow/dags/scripts/transform_data.py
[2025-12-22T23:55:34.678+0000] {logging_mixin.py:190} INFO - Files in processed data folder: ['sample1.csv', 'sample2.csv']
[2025-12-22T23:55:34.689+0000] {logging_mixin.py:190} INFO - 
Transformed sample1.csv saved to /opt/airflow/dags/transformed_data/sample1.csv
[2025-12-22T23:55:34.693+0000] {logging_mixin.py:190} INFO -       name   age                email age_group  name_length email_domain
0    Alice  25.0    alice@example.com     Adult            5  example.com
1      Bob  30.0      bob@example.com     Adult            3  example.com
2  Charlie  27.5  charlie@example.com     Adult            7  example.com
[2025-12-22T23:55:34.702+0000] {logging_mixin.py:190} INFO - 
Transformed sample2.csv saved to /opt/airflow/dags/transformed_data/sample2.csv
[2025-12-22T23:55:34.706+0000] {logging_mixin.py:190} INFO -     name   age              email   age_group  name_length email_domain
0  Vince  22.0  vince@example.com       Adult            5  example.com
1   John  56.0   john@example.com  Middle Age            4  example.com
2   Will  39.0   will@example.com  Middle Age            4  example.com
[2025-12-22T23:55:34.707+0000] {processor.py:927} WARNING - No viable dags retrieved from /opt/airflow/dags/scripts/transform_data.py
[2025-12-22T23:55:34.716+0000] {processor.py:208} INFO - Processing /opt/airflow/dags/scripts/transform_data.py took 0.468 seconds
[2025-12-22T23:56:05.101+0000] {processor.py:186} INFO - Started process (PID=635) to work on /opt/airflow/dags/scripts/transform_data.py
[2025-12-22T23:56:05.101+0000] {processor.py:914} INFO - Processing file /opt/airflow/dags/scripts/transform_data.py for tasks to queue
[2025-12-22T23:56:05.103+0000] {logging_mixin.py:190} INFO - [2025-12-22T23:56:05.103+0000] {dagbag.py:588} INFO - Filling up the DagBag from /opt/airflow/dags/scripts/transform_data.py
[2025-12-22T23:56:05.506+0000] {logging_mixin.py:190} INFO - Files in processed data folder: ['sample1.csv', 'sample2.csv']
[2025-12-22T23:56:05.517+0000] {logging_mixin.py:190} INFO - 
Transformed sample1.csv saved to /opt/airflow/dags/transformed_data/sample1.csv
[2025-12-22T23:56:05.522+0000] {logging_mixin.py:190} INFO -       name   age                email age_group  name_length email_domain
0    Alice  25.0    alice@example.com     Adult            5  example.com
1      Bob  30.0      bob@example.com     Adult            3  example.com
2  Charlie  27.5  charlie@example.com     Adult            7  example.com
[2025-12-22T23:56:05.530+0000] {logging_mixin.py:190} INFO - 
Transformed sample2.csv saved to /opt/airflow/dags/transformed_data/sample2.csv
[2025-12-22T23:56:05.534+0000] {logging_mixin.py:190} INFO -     name   age              email   age_group  name_length email_domain
0  Vince  22.0  vince@example.com       Adult            5  example.com
1   John  56.0   john@example.com  Middle Age            4  example.com
2   Will  39.0   will@example.com  Middle Age            4  example.com
[2025-12-22T23:56:05.534+0000] {processor.py:927} WARNING - No viable dags retrieved from /opt/airflow/dags/scripts/transform_data.py
[2025-12-22T23:56:05.545+0000] {processor.py:208} INFO - Processing /opt/airflow/dags/scripts/transform_data.py took 0.449 seconds
[2025-12-22T23:56:35.949+0000] {processor.py:186} INFO - Started process (PID=658) to work on /opt/airflow/dags/scripts/transform_data.py
[2025-12-22T23:56:35.950+0000] {processor.py:914} INFO - Processing file /opt/airflow/dags/scripts/transform_data.py for tasks to queue
[2025-12-22T23:56:35.952+0000] {logging_mixin.py:190} INFO - [2025-12-22T23:56:35.952+0000] {dagbag.py:588} INFO - Filling up the DagBag from /opt/airflow/dags/scripts/transform_data.py
[2025-12-22T23:56:36.378+0000] {logging_mixin.py:190} INFO - Files in processed data folder: ['sample1.csv', 'sample2.csv']
[2025-12-22T23:56:36.389+0000] {logging_mixin.py:190} INFO - 
Transformed sample1.csv saved to /opt/airflow/dags/transformed_data/sample1.csv
[2025-12-22T23:56:36.394+0000] {logging_mixin.py:190} INFO -       name   age                email age_group  name_length email_domain
0    Alice  25.0    alice@example.com     Adult            5  example.com
1      Bob  30.0      bob@example.com     Adult            3  example.com
2  Charlie  27.5  charlie@example.com     Adult            7  example.com
[2025-12-22T23:56:36.402+0000] {logging_mixin.py:190} INFO - 
Transformed sample2.csv saved to /opt/airflow/dags/transformed_data/sample2.csv
[2025-12-22T23:56:36.406+0000] {logging_mixin.py:190} INFO -     name   age              email   age_group  name_length email_domain
0  Vince  22.0  vince@example.com       Adult            5  example.com
1   John  56.0   john@example.com  Middle Age            4  example.com
2   Will  39.0   will@example.com  Middle Age            4  example.com
[2025-12-22T23:56:36.406+0000] {processor.py:927} WARNING - No viable dags retrieved from /opt/airflow/dags/scripts/transform_data.py
[2025-12-22T23:56:36.415+0000] {processor.py:208} INFO - Processing /opt/airflow/dags/scripts/transform_data.py took 0.470 seconds
[2025-12-22T23:57:06.816+0000] {processor.py:186} INFO - Started process (PID=681) to work on /opt/airflow/dags/scripts/transform_data.py
[2025-12-22T23:57:06.817+0000] {processor.py:914} INFO - Processing file /opt/airflow/dags/scripts/transform_data.py for tasks to queue
[2025-12-22T23:57:06.819+0000] {logging_mixin.py:190} INFO - [2025-12-22T23:57:06.819+0000] {dagbag.py:588} INFO - Filling up the DagBag from /opt/airflow/dags/scripts/transform_data.py
[2025-12-22T23:57:07.250+0000] {logging_mixin.py:190} INFO - Files in processed data folder: ['sample1.csv', 'sample2.csv']
[2025-12-22T23:57:07.261+0000] {logging_mixin.py:190} INFO - 
Transformed sample1.csv saved to /opt/airflow/dags/transformed_data/sample1.csv
[2025-12-22T23:57:07.266+0000] {logging_mixin.py:190} INFO -       name   age                email age_group  name_length email_domain
0    Alice  25.0    alice@example.com     Adult            5  example.com
1      Bob  30.0      bob@example.com     Adult            3  example.com
2  Charlie  27.5  charlie@example.com     Adult            7  example.com
[2025-12-22T23:57:07.273+0000] {logging_mixin.py:190} INFO - 
Transformed sample2.csv saved to /opt/airflow/dags/transformed_data/sample2.csv
[2025-12-22T23:57:07.277+0000] {logging_mixin.py:190} INFO -     name   age              email   age_group  name_length email_domain
0  Vince  22.0  vince@example.com       Adult            5  example.com
1   John  56.0   john@example.com  Middle Age            4  example.com
2   Will  39.0   will@example.com  Middle Age            4  example.com
[2025-12-22T23:57:07.277+0000] {processor.py:927} WARNING - No viable dags retrieved from /opt/airflow/dags/scripts/transform_data.py
[2025-12-22T23:57:07.287+0000] {processor.py:208} INFO - Processing /opt/airflow/dags/scripts/transform_data.py took 0.475 seconds
[2025-12-22T23:57:37.695+0000] {processor.py:186} INFO - Started process (PID=704) to work on /opt/airflow/dags/scripts/transform_data.py
[2025-12-22T23:57:37.696+0000] {processor.py:914} INFO - Processing file /opt/airflow/dags/scripts/transform_data.py for tasks to queue
[2025-12-22T23:57:37.698+0000] {logging_mixin.py:190} INFO - [2025-12-22T23:57:37.698+0000] {dagbag.py:588} INFO - Filling up the DagBag from /opt/airflow/dags/scripts/transform_data.py
[2025-12-22T23:57:38.131+0000] {logging_mixin.py:190} INFO - Files in processed data folder: ['sample1.csv', 'sample2.csv']
[2025-12-22T23:57:38.141+0000] {logging_mixin.py:190} INFO - 
Transformed sample1.csv saved to /opt/airflow/dags/transformed_data/sample1.csv
[2025-12-22T23:57:38.146+0000] {logging_mixin.py:190} INFO -       name   age                email age_group  name_length email_domain
0    Alice  25.0    alice@example.com     Adult            5  example.com
1      Bob  30.0      bob@example.com     Adult            3  example.com
2  Charlie  27.5  charlie@example.com     Adult            7  example.com
[2025-12-22T23:57:38.154+0000] {logging_mixin.py:190} INFO - 
Transformed sample2.csv saved to /opt/airflow/dags/transformed_data/sample2.csv
[2025-12-22T23:57:38.158+0000] {logging_mixin.py:190} INFO -     name   age              email   age_group  name_length email_domain
0  Vince  22.0  vince@example.com       Adult            5  example.com
1   John  56.0   john@example.com  Middle Age            4  example.com
2   Will  39.0   will@example.com  Middle Age            4  example.com
[2025-12-22T23:57:38.158+0000] {processor.py:927} WARNING - No viable dags retrieved from /opt/airflow/dags/scripts/transform_data.py
[2025-12-22T23:57:38.168+0000] {processor.py:208} INFO - Processing /opt/airflow/dags/scripts/transform_data.py took 0.478 seconds
[2025-12-22T23:58:08.567+0000] {processor.py:186} INFO - Started process (PID=727) to work on /opt/airflow/dags/scripts/transform_data.py
[2025-12-22T23:58:08.568+0000] {processor.py:914} INFO - Processing file /opt/airflow/dags/scripts/transform_data.py for tasks to queue
[2025-12-22T23:58:08.570+0000] {logging_mixin.py:190} INFO - [2025-12-22T23:58:08.570+0000] {dagbag.py:588} INFO - Filling up the DagBag from /opt/airflow/dags/scripts/transform_data.py
[2025-12-22T23:58:09.026+0000] {logging_mixin.py:190} INFO - Files in processed data folder: ['sample1.csv', 'sample2.csv']
[2025-12-22T23:58:09.040+0000] {logging_mixin.py:190} INFO - 
Transformed sample1.csv saved to /opt/airflow/dags/transformed_data/sample1.csv
[2025-12-22T23:58:09.046+0000] {logging_mixin.py:190} INFO -       name   age                email age_group  name_length email_domain
0    Alice  25.0    alice@example.com     Adult            5  example.com
1      Bob  30.0      bob@example.com     Adult            3  example.com
2  Charlie  27.5  charlie@example.com     Adult            7  example.com
[2025-12-22T23:58:09.055+0000] {logging_mixin.py:190} INFO - 
Transformed sample2.csv saved to /opt/airflow/dags/transformed_data/sample2.csv
[2025-12-22T23:58:09.060+0000] {logging_mixin.py:190} INFO -     name   age              email   age_group  name_length email_domain
0  Vince  22.0  vince@example.com       Adult            5  example.com
1   John  56.0   john@example.com  Middle Age            4  example.com
2   Will  39.0   will@example.com  Middle Age            4  example.com
[2025-12-22T23:58:09.061+0000] {processor.py:927} WARNING - No viable dags retrieved from /opt/airflow/dags/scripts/transform_data.py
[2025-12-22T23:58:09.074+0000] {processor.py:208} INFO - Processing /opt/airflow/dags/scripts/transform_data.py took 0.512 seconds
[2025-12-22T23:58:39.514+0000] {processor.py:186} INFO - Started process (PID=750) to work on /opt/airflow/dags/scripts/transform_data.py
[2025-12-22T23:58:39.515+0000] {processor.py:914} INFO - Processing file /opt/airflow/dags/scripts/transform_data.py for tasks to queue
[2025-12-22T23:58:39.518+0000] {logging_mixin.py:190} INFO - [2025-12-22T23:58:39.518+0000] {dagbag.py:588} INFO - Filling up the DagBag from /opt/airflow/dags/scripts/transform_data.py
[2025-12-22T23:58:39.959+0000] {logging_mixin.py:190} INFO - Files in processed data folder: ['sample1.csv', 'sample2.csv']
[2025-12-22T23:58:39.970+0000] {logging_mixin.py:190} INFO - 
Transformed sample1.csv saved to /opt/airflow/dags/transformed_data/sample1.csv
[2025-12-22T23:58:39.975+0000] {logging_mixin.py:190} INFO -       name   age                email age_group  name_length email_domain
0    Alice  25.0    alice@example.com     Adult            5  example.com
1      Bob  30.0      bob@example.com     Adult            3  example.com
2  Charlie  27.5  charlie@example.com     Adult            7  example.com
[2025-12-22T23:58:39.983+0000] {logging_mixin.py:190} INFO - 
Transformed sample2.csv saved to /opt/airflow/dags/transformed_data/sample2.csv
[2025-12-22T23:58:39.987+0000] {logging_mixin.py:190} INFO -     name   age              email   age_group  name_length email_domain
0  Vince  22.0  vince@example.com       Adult            5  example.com
1   John  56.0   john@example.com  Middle Age            4  example.com
2   Will  39.0   will@example.com  Middle Age            4  example.com
[2025-12-22T23:58:39.988+0000] {processor.py:927} WARNING - No viable dags retrieved from /opt/airflow/dags/scripts/transform_data.py
[2025-12-22T23:58:39.996+0000] {processor.py:208} INFO - Processing /opt/airflow/dags/scripts/transform_data.py took 0.488 seconds
[2025-12-22T23:59:10.409+0000] {processor.py:186} INFO - Started process (PID=773) to work on /opt/airflow/dags/scripts/transform_data.py
[2025-12-22T23:59:10.410+0000] {processor.py:914} INFO - Processing file /opt/airflow/dags/scripts/transform_data.py for tasks to queue
[2025-12-22T23:59:10.412+0000] {logging_mixin.py:190} INFO - [2025-12-22T23:59:10.412+0000] {dagbag.py:588} INFO - Filling up the DagBag from /opt/airflow/dags/scripts/transform_data.py
[2025-12-22T23:59:10.827+0000] {logging_mixin.py:190} INFO - Files in processed data folder: ['sample1.csv', 'sample2.csv']
[2025-12-22T23:59:10.838+0000] {logging_mixin.py:190} INFO - 
Transformed sample1.csv saved to /opt/airflow/dags/transformed_data/sample1.csv
[2025-12-22T23:59:10.843+0000] {logging_mixin.py:190} INFO -       name   age                email age_group  name_length email_domain
0    Alice  25.0    alice@example.com     Adult            5  example.com
1      Bob  30.0      bob@example.com     Adult            3  example.com
2  Charlie  27.5  charlie@example.com     Adult            7  example.com
[2025-12-22T23:59:10.851+0000] {logging_mixin.py:190} INFO - 
Transformed sample2.csv saved to /opt/airflow/dags/transformed_data/sample2.csv
[2025-12-22T23:59:10.855+0000] {logging_mixin.py:190} INFO -     name   age              email   age_group  name_length email_domain
0  Vince  22.0  vince@example.com       Adult            5  example.com
1   John  56.0   john@example.com  Middle Age            4  example.com
2   Will  39.0   will@example.com  Middle Age            4  example.com
[2025-12-22T23:59:10.856+0000] {processor.py:927} WARNING - No viable dags retrieved from /opt/airflow/dags/scripts/transform_data.py
[2025-12-22T23:59:10.866+0000] {processor.py:208} INFO - Processing /opt/airflow/dags/scripts/transform_data.py took 0.462 seconds
[2025-12-22T23:59:41.411+0000] {processor.py:186} INFO - Started process (PID=796) to work on /opt/airflow/dags/scripts/transform_data.py
[2025-12-22T23:59:41.412+0000] {processor.py:914} INFO - Processing file /opt/airflow/dags/scripts/transform_data.py for tasks to queue
[2025-12-22T23:59:41.414+0000] {logging_mixin.py:190} INFO - [2025-12-22T23:59:41.414+0000] {dagbag.py:588} INFO - Filling up the DagBag from /opt/airflow/dags/scripts/transform_data.py
[2025-12-22T23:59:41.868+0000] {logging_mixin.py:190} INFO - Files in processed data folder: ['sample1.csv', 'sample2.csv']
[2025-12-22T23:59:41.879+0000] {logging_mixin.py:190} INFO - 
Transformed sample1.csv saved to /opt/airflow/dags/transformed_data/sample1.csv
[2025-12-22T23:59:41.884+0000] {logging_mixin.py:190} INFO -       name   age                email age_group  name_length email_domain
0    Alice  25.0    alice@example.com     Adult            5  example.com
1      Bob  30.0      bob@example.com     Adult            3  example.com
2  Charlie  27.5  charlie@example.com     Adult            7  example.com
[2025-12-22T23:59:41.893+0000] {logging_mixin.py:190} INFO - 
Transformed sample2.csv saved to /opt/airflow/dags/transformed_data/sample2.csv
[2025-12-22T23:59:41.898+0000] {logging_mixin.py:190} INFO -     name   age              email   age_group  name_length email_domain
0  Vince  22.0  vince@example.com       Adult            5  example.com
1   John  56.0   john@example.com  Middle Age            4  example.com
2   Will  39.0   will@example.com  Middle Age            4  example.com
[2025-12-22T23:59:41.898+0000] {processor.py:927} WARNING - No viable dags retrieved from /opt/airflow/dags/scripts/transform_data.py
[2025-12-22T23:59:41.907+0000] {processor.py:208} INFO - Processing /opt/airflow/dags/scripts/transform_data.py took 0.501 seconds
