[2025-10-13T20:29:55.319+0000] {processor.py:186} INFO - Started process (PID=178) to work on /opt/airflow/dags/etl_dag.py
[2025-10-13T20:29:55.320+0000] {processor.py:914} INFO - Processing file /opt/airflow/dags/etl_dag.py for tasks to queue
[2025-10-13T20:29:55.323+0000] {logging_mixin.py:190} INFO - [2025-10-13T20:29:55.322+0000] {dagbag.py:588} INFO - Filling up the DagBag from /opt/airflow/dags/etl_dag.py
[2025-10-13T20:29:55.343+0000] {processor.py:925} INFO - DAG(s) 'etl_pipeline' retrieved from /opt/airflow/dags/etl_dag.py
[2025-10-13T20:29:55.376+0000] {logging_mixin.py:190} INFO - [2025-10-13T20:29:55.376+0000] {dag.py:3239} INFO - Sync 1 DAGs
[2025-10-13T20:29:55.392+0000] {logging_mixin.py:190} INFO - [2025-10-13T20:29:55.391+0000] {dag.py:4180} INFO - Setting next_dagrun for etl_pipeline to None, run_after=None
[2025-10-13T20:29:55.409+0000] {processor.py:208} INFO - Processing /opt/airflow/dags/etl_dag.py took 0.095 seconds
[2025-10-13T20:30:25.958+0000] {processor.py:186} INFO - Started process (PID=188) to work on /opt/airflow/dags/etl_dag.py
[2025-10-13T20:30:25.959+0000] {processor.py:914} INFO - Processing file /opt/airflow/dags/etl_dag.py for tasks to queue
[2025-10-13T20:30:25.961+0000] {logging_mixin.py:190} INFO - [2025-10-13T20:30:25.961+0000] {dagbag.py:588} INFO - Filling up the DagBag from /opt/airflow/dags/etl_dag.py
[2025-10-13T20:30:25.978+0000] {processor.py:925} INFO - DAG(s) 'etl_pipeline' retrieved from /opt/airflow/dags/etl_dag.py
[2025-10-13T20:30:26.075+0000] {logging_mixin.py:190} INFO - [2025-10-13T20:30:26.075+0000] {dag.py:3239} INFO - Sync 1 DAGs
[2025-10-13T20:30:26.085+0000] {logging_mixin.py:190} INFO - [2025-10-13T20:30:26.085+0000] {dag.py:4180} INFO - Setting next_dagrun for etl_pipeline to None, run_after=None
[2025-10-13T20:30:26.099+0000] {processor.py:208} INFO - Processing /opt/airflow/dags/etl_dag.py took 0.146 seconds
[2025-10-13T20:30:56.691+0000] {processor.py:186} INFO - Started process (PID=198) to work on /opt/airflow/dags/etl_dag.py
[2025-10-13T20:30:56.692+0000] {processor.py:914} INFO - Processing file /opt/airflow/dags/etl_dag.py for tasks to queue
[2025-10-13T20:30:56.694+0000] {logging_mixin.py:190} INFO - [2025-10-13T20:30:56.694+0000] {dagbag.py:588} INFO - Filling up the DagBag from /opt/airflow/dags/etl_dag.py
[2025-10-13T20:30:56.712+0000] {processor.py:925} INFO - DAG(s) 'etl_pipeline' retrieved from /opt/airflow/dags/etl_dag.py
[2025-10-13T20:30:56.736+0000] {logging_mixin.py:190} INFO - [2025-10-13T20:30:56.736+0000] {dag.py:3239} INFO - Sync 1 DAGs
[2025-10-13T20:30:56.749+0000] {logging_mixin.py:190} INFO - [2025-10-13T20:30:56.749+0000] {dag.py:4180} INFO - Setting next_dagrun for etl_pipeline to None, run_after=None
[2025-10-13T20:30:56.767+0000] {processor.py:208} INFO - Processing /opt/airflow/dags/etl_dag.py took 0.082 seconds
[2025-10-13T20:31:27.574+0000] {processor.py:186} INFO - Started process (PID=208) to work on /opt/airflow/dags/etl_dag.py
[2025-10-13T20:31:27.575+0000] {processor.py:914} INFO - Processing file /opt/airflow/dags/etl_dag.py for tasks to queue
[2025-10-13T20:31:27.578+0000] {logging_mixin.py:190} INFO - [2025-10-13T20:31:27.577+0000] {dagbag.py:588} INFO - Filling up the DagBag from /opt/airflow/dags/etl_dag.py
[2025-10-13T20:31:27.595+0000] {processor.py:925} INFO - DAG(s) 'etl_pipeline' retrieved from /opt/airflow/dags/etl_dag.py
[2025-10-13T20:31:27.698+0000] {logging_mixin.py:190} INFO - [2025-10-13T20:31:27.697+0000] {dag.py:3239} INFO - Sync 1 DAGs
[2025-10-13T20:31:27.708+0000] {logging_mixin.py:190} INFO - [2025-10-13T20:31:27.708+0000] {dag.py:4180} INFO - Setting next_dagrun for etl_pipeline to None, run_after=None
[2025-10-13T20:31:27.726+0000] {processor.py:208} INFO - Processing /opt/airflow/dags/etl_dag.py took 0.157 seconds
[2025-10-13T20:31:58.325+0000] {processor.py:186} INFO - Started process (PID=218) to work on /opt/airflow/dags/etl_dag.py
[2025-10-13T20:31:58.326+0000] {processor.py:914} INFO - Processing file /opt/airflow/dags/etl_dag.py for tasks to queue
[2025-10-13T20:31:58.328+0000] {logging_mixin.py:190} INFO - [2025-10-13T20:31:58.328+0000] {dagbag.py:588} INFO - Filling up the DagBag from /opt/airflow/dags/etl_dag.py
[2025-10-13T20:31:58.346+0000] {processor.py:925} INFO - DAG(s) 'etl_pipeline' retrieved from /opt/airflow/dags/etl_dag.py
[2025-10-13T20:31:58.371+0000] {logging_mixin.py:190} INFO - [2025-10-13T20:31:58.371+0000] {dag.py:3239} INFO - Sync 1 DAGs
[2025-10-13T20:31:58.384+0000] {logging_mixin.py:190} INFO - [2025-10-13T20:31:58.384+0000] {dag.py:4180} INFO - Setting next_dagrun for etl_pipeline to None, run_after=None
[2025-10-13T20:31:58.408+0000] {processor.py:208} INFO - Processing /opt/airflow/dags/etl_dag.py took 0.089 seconds
[2025-10-13T20:32:29.195+0000] {processor.py:186} INFO - Started process (PID=228) to work on /opt/airflow/dags/etl_dag.py
[2025-10-13T20:32:29.196+0000] {processor.py:914} INFO - Processing file /opt/airflow/dags/etl_dag.py for tasks to queue
[2025-10-13T20:32:29.199+0000] {logging_mixin.py:190} INFO - [2025-10-13T20:32:29.199+0000] {dagbag.py:588} INFO - Filling up the DagBag from /opt/airflow/dags/etl_dag.py
[2025-10-13T20:32:29.216+0000] {processor.py:925} INFO - DAG(s) 'etl_pipeline' retrieved from /opt/airflow/dags/etl_dag.py
[2025-10-13T20:32:29.314+0000] {logging_mixin.py:190} INFO - [2025-10-13T20:32:29.314+0000] {dag.py:3239} INFO - Sync 1 DAGs
[2025-10-13T20:32:29.324+0000] {logging_mixin.py:190} INFO - [2025-10-13T20:32:29.324+0000] {dag.py:4180} INFO - Setting next_dagrun for etl_pipeline to None, run_after=None
[2025-10-13T20:32:29.339+0000] {processor.py:208} INFO - Processing /opt/airflow/dags/etl_dag.py took 0.149 seconds
[2025-10-13T20:33:00.009+0000] {processor.py:186} INFO - Started process (PID=238) to work on /opt/airflow/dags/etl_dag.py
[2025-10-13T20:33:00.010+0000] {processor.py:914} INFO - Processing file /opt/airflow/dags/etl_dag.py for tasks to queue
[2025-10-13T20:33:00.013+0000] {logging_mixin.py:190} INFO - [2025-10-13T20:33:00.012+0000] {dagbag.py:588} INFO - Filling up the DagBag from /opt/airflow/dags/etl_dag.py
[2025-10-13T20:33:00.031+0000] {processor.py:925} INFO - DAG(s) 'etl_pipeline' retrieved from /opt/airflow/dags/etl_dag.py
[2025-10-13T20:33:00.055+0000] {logging_mixin.py:190} INFO - [2025-10-13T20:33:00.055+0000] {dag.py:3239} INFO - Sync 1 DAGs
[2025-10-13T20:33:00.068+0000] {logging_mixin.py:190} INFO - [2025-10-13T20:33:00.068+0000] {dag.py:4180} INFO - Setting next_dagrun for etl_pipeline to None, run_after=None
[2025-10-13T20:33:00.086+0000] {processor.py:208} INFO - Processing /opt/airflow/dags/etl_dag.py took 0.083 seconds
[2025-10-13T20:33:30.782+0000] {processor.py:186} INFO - Started process (PID=248) to work on /opt/airflow/dags/etl_dag.py
[2025-10-13T20:33:30.783+0000] {processor.py:914} INFO - Processing file /opt/airflow/dags/etl_dag.py for tasks to queue
[2025-10-13T20:33:30.785+0000] {logging_mixin.py:190} INFO - [2025-10-13T20:33:30.785+0000] {dagbag.py:588} INFO - Filling up the DagBag from /opt/airflow/dags/etl_dag.py
[2025-10-13T20:33:30.800+0000] {processor.py:925} INFO - DAG(s) 'etl_pipeline' retrieved from /opt/airflow/dags/etl_dag.py
[2025-10-13T20:33:30.896+0000] {logging_mixin.py:190} INFO - [2025-10-13T20:33:30.896+0000] {dag.py:3239} INFO - Sync 1 DAGs
[2025-10-13T20:33:30.906+0000] {logging_mixin.py:190} INFO - [2025-10-13T20:33:30.906+0000] {dag.py:4180} INFO - Setting next_dagrun for etl_pipeline to None, run_after=None
[2025-10-13T20:33:30.923+0000] {processor.py:208} INFO - Processing /opt/airflow/dags/etl_dag.py took 0.145 seconds
[2025-10-13T20:34:01.432+0000] {processor.py:186} INFO - Started process (PID=258) to work on /opt/airflow/dags/etl_dag.py
[2025-10-13T20:34:01.433+0000] {processor.py:914} INFO - Processing file /opt/airflow/dags/etl_dag.py for tasks to queue
[2025-10-13T20:34:01.435+0000] {logging_mixin.py:190} INFO - [2025-10-13T20:34:01.435+0000] {dagbag.py:588} INFO - Filling up the DagBag from /opt/airflow/dags/etl_dag.py
[2025-10-13T20:34:01.452+0000] {processor.py:925} INFO - DAG(s) 'etl_pipeline' retrieved from /opt/airflow/dags/etl_dag.py
[2025-10-13T20:34:01.476+0000] {logging_mixin.py:190} INFO - [2025-10-13T20:34:01.476+0000] {dag.py:3239} INFO - Sync 1 DAGs
[2025-10-13T20:34:01.489+0000] {logging_mixin.py:190} INFO - [2025-10-13T20:34:01.489+0000] {dag.py:4180} INFO - Setting next_dagrun for etl_pipeline to None, run_after=None
[2025-10-13T20:34:01.506+0000] {processor.py:208} INFO - Processing /opt/airflow/dags/etl_dag.py took 0.081 seconds
[2025-10-13T20:34:32.327+0000] {processor.py:186} INFO - Started process (PID=268) to work on /opt/airflow/dags/etl_dag.py
[2025-10-13T20:34:32.328+0000] {processor.py:914} INFO - Processing file /opt/airflow/dags/etl_dag.py for tasks to queue
[2025-10-13T20:34:32.330+0000] {logging_mixin.py:190} INFO - [2025-10-13T20:34:32.330+0000] {dagbag.py:588} INFO - Filling up the DagBag from /opt/airflow/dags/etl_dag.py
[2025-10-13T20:34:32.347+0000] {processor.py:925} INFO - DAG(s) 'etl_pipeline' retrieved from /opt/airflow/dags/etl_dag.py
[2025-10-13T20:34:32.444+0000] {logging_mixin.py:190} INFO - [2025-10-13T20:34:32.444+0000] {dag.py:3239} INFO - Sync 1 DAGs
[2025-10-13T20:34:32.580+0000] {logging_mixin.py:190} INFO - [2025-10-13T20:34:32.580+0000] {dag.py:4180} INFO - Setting next_dagrun for etl_pipeline to None, run_after=None
[2025-10-13T20:34:32.596+0000] {processor.py:208} INFO - Processing /opt/airflow/dags/etl_dag.py took 0.273 seconds
[2025-10-13T20:35:02.993+0000] {processor.py:186} INFO - Started process (PID=278) to work on /opt/airflow/dags/etl_dag.py
[2025-10-13T20:35:02.994+0000] {processor.py:914} INFO - Processing file /opt/airflow/dags/etl_dag.py for tasks to queue
[2025-10-13T20:35:02.996+0000] {logging_mixin.py:190} INFO - [2025-10-13T20:35:02.996+0000] {dagbag.py:588} INFO - Filling up the DagBag from /opt/airflow/dags/etl_dag.py
[2025-10-13T20:35:03.013+0000] {processor.py:925} INFO - DAG(s) 'etl_pipeline' retrieved from /opt/airflow/dags/etl_dag.py
[2025-10-13T20:35:03.037+0000] {logging_mixin.py:190} INFO - [2025-10-13T20:35:03.037+0000] {dag.py:3239} INFO - Sync 1 DAGs
[2025-10-13T20:35:03.050+0000] {logging_mixin.py:190} INFO - [2025-10-13T20:35:03.050+0000] {dag.py:4180} INFO - Setting next_dagrun for etl_pipeline to None, run_after=None
[2025-10-13T20:35:03.067+0000] {processor.py:208} INFO - Processing /opt/airflow/dags/etl_dag.py took 0.080 seconds
[2025-10-13T20:35:33.453+0000] {processor.py:186} INFO - Started process (PID=288) to work on /opt/airflow/dags/etl_dag.py
[2025-10-13T20:35:33.454+0000] {processor.py:914} INFO - Processing file /opt/airflow/dags/etl_dag.py for tasks to queue
[2025-10-13T20:35:33.457+0000] {logging_mixin.py:190} INFO - [2025-10-13T20:35:33.457+0000] {dagbag.py:588} INFO - Filling up the DagBag from /opt/airflow/dags/etl_dag.py
[2025-10-13T20:35:33.474+0000] {processor.py:925} INFO - DAG(s) 'etl_pipeline' retrieved from /opt/airflow/dags/etl_dag.py
[2025-10-13T20:35:33.733+0000] {logging_mixin.py:190} INFO - [2025-10-13T20:35:33.733+0000] {dag.py:3239} INFO - Sync 1 DAGs
[2025-10-13T20:35:33.742+0000] {logging_mixin.py:190} INFO - [2025-10-13T20:35:33.742+0000] {dag.py:4180} INFO - Setting next_dagrun for etl_pipeline to None, run_after=None
[2025-10-13T20:35:33.755+0000] {processor.py:208} INFO - Processing /opt/airflow/dags/etl_dag.py took 0.308 seconds
[2025-10-13T20:36:04.060+0000] {processor.py:186} INFO - Started process (PID=298) to work on /opt/airflow/dags/etl_dag.py
[2025-10-13T20:36:04.061+0000] {processor.py:914} INFO - Processing file /opt/airflow/dags/etl_dag.py for tasks to queue
[2025-10-13T20:36:04.063+0000] {logging_mixin.py:190} INFO - [2025-10-13T20:36:04.063+0000] {dagbag.py:588} INFO - Filling up the DagBag from /opt/airflow/dags/etl_dag.py
[2025-10-13T20:36:04.080+0000] {processor.py:925} INFO - DAG(s) 'etl_pipeline' retrieved from /opt/airflow/dags/etl_dag.py
[2025-10-13T20:36:04.104+0000] {logging_mixin.py:190} INFO - [2025-10-13T20:36:04.104+0000] {dag.py:3239} INFO - Sync 1 DAGs
[2025-10-13T20:36:04.117+0000] {logging_mixin.py:190} INFO - [2025-10-13T20:36:04.117+0000] {dag.py:4180} INFO - Setting next_dagrun for etl_pipeline to None, run_after=None
[2025-10-13T20:36:04.132+0000] {processor.py:208} INFO - Processing /opt/airflow/dags/etl_dag.py took 0.078 seconds
[2025-10-13T20:36:34.594+0000] {processor.py:186} INFO - Started process (PID=308) to work on /opt/airflow/dags/etl_dag.py
[2025-10-13T20:36:34.595+0000] {processor.py:914} INFO - Processing file /opt/airflow/dags/etl_dag.py for tasks to queue
[2025-10-13T20:36:34.597+0000] {logging_mixin.py:190} INFO - [2025-10-13T20:36:34.597+0000] {dagbag.py:588} INFO - Filling up the DagBag from /opt/airflow/dags/etl_dag.py
[2025-10-13T20:36:34.614+0000] {processor.py:925} INFO - DAG(s) 'etl_pipeline' retrieved from /opt/airflow/dags/etl_dag.py
[2025-10-13T20:36:34.845+0000] {logging_mixin.py:190} INFO - [2025-10-13T20:36:34.845+0000] {dag.py:3239} INFO - Sync 1 DAGs
[2025-10-13T20:36:34.855+0000] {logging_mixin.py:190} INFO - [2025-10-13T20:36:34.854+0000] {dag.py:4180} INFO - Setting next_dagrun for etl_pipeline to None, run_after=None
[2025-10-13T20:36:34.868+0000] {processor.py:208} INFO - Processing /opt/airflow/dags/etl_dag.py took 0.281 seconds
[2025-10-13T20:37:05.084+0000] {processor.py:186} INFO - Started process (PID=318) to work on /opt/airflow/dags/etl_dag.py
[2025-10-13T20:37:05.085+0000] {processor.py:914} INFO - Processing file /opt/airflow/dags/etl_dag.py for tasks to queue
[2025-10-13T20:37:05.088+0000] {logging_mixin.py:190} INFO - [2025-10-13T20:37:05.087+0000] {dagbag.py:588} INFO - Filling up the DagBag from /opt/airflow/dags/etl_dag.py
[2025-10-13T20:37:05.104+0000] {processor.py:925} INFO - DAG(s) 'etl_pipeline' retrieved from /opt/airflow/dags/etl_dag.py
[2025-10-13T20:37:05.128+0000] {logging_mixin.py:190} INFO - [2025-10-13T20:37:05.128+0000] {dag.py:3239} INFO - Sync 1 DAGs
[2025-10-13T20:37:05.142+0000] {logging_mixin.py:190} INFO - [2025-10-13T20:37:05.142+0000] {dag.py:4180} INFO - Setting next_dagrun for etl_pipeline to None, run_after=None
[2025-10-13T20:37:05.297+0000] {processor.py:208} INFO - Processing /opt/airflow/dags/etl_dag.py took 0.218 seconds
[2025-10-13T20:37:35.875+0000] {processor.py:186} INFO - Started process (PID=328) to work on /opt/airflow/dags/etl_dag.py
[2025-10-13T20:37:35.876+0000] {processor.py:914} INFO - Processing file /opt/airflow/dags/etl_dag.py for tasks to queue
[2025-10-13T20:37:35.878+0000] {logging_mixin.py:190} INFO - [2025-10-13T20:37:35.877+0000] {dagbag.py:588} INFO - Filling up the DagBag from /opt/airflow/dags/etl_dag.py
[2025-10-13T20:37:35.894+0000] {processor.py:925} INFO - DAG(s) 'etl_pipeline' retrieved from /opt/airflow/dags/etl_dag.py
[2025-10-13T20:37:36.154+0000] {logging_mixin.py:190} INFO - [2025-10-13T20:37:36.154+0000] {dag.py:3239} INFO - Sync 1 DAGs
[2025-10-13T20:37:36.163+0000] {logging_mixin.py:190} INFO - [2025-10-13T20:37:36.163+0000] {dag.py:4180} INFO - Setting next_dagrun for etl_pipeline to None, run_after=None
[2025-10-13T20:37:36.177+0000] {processor.py:208} INFO - Processing /opt/airflow/dags/etl_dag.py took 0.307 seconds
[2025-10-13T20:38:06.639+0000] {processor.py:186} INFO - Started process (PID=338) to work on /opt/airflow/dags/etl_dag.py
[2025-10-13T20:38:06.640+0000] {processor.py:914} INFO - Processing file /opt/airflow/dags/etl_dag.py for tasks to queue
[2025-10-13T20:38:06.643+0000] {logging_mixin.py:190} INFO - [2025-10-13T20:38:06.642+0000] {dagbag.py:588} INFO - Filling up the DagBag from /opt/airflow/dags/etl_dag.py
[2025-10-13T20:38:06.661+0000] {processor.py:925} INFO - DAG(s) 'etl_pipeline' retrieved from /opt/airflow/dags/etl_dag.py
[2025-10-13T20:38:06.833+0000] {logging_mixin.py:190} INFO - [2025-10-13T20:38:06.833+0000] {dag.py:3239} INFO - Sync 1 DAGs
[2025-10-13T20:38:06.844+0000] {logging_mixin.py:190} INFO - [2025-10-13T20:38:06.843+0000] {dag.py:4180} INFO - Setting next_dagrun for etl_pipeline to None, run_after=None
[2025-10-13T20:38:06.857+0000] {processor.py:208} INFO - Processing /opt/airflow/dags/etl_dag.py took 0.224 seconds
[2025-10-13T20:38:37.387+0000] {processor.py:186} INFO - Started process (PID=348) to work on /opt/airflow/dags/etl_dag.py
[2025-10-13T20:38:37.388+0000] {processor.py:914} INFO - Processing file /opt/airflow/dags/etl_dag.py for tasks to queue
[2025-10-13T20:38:37.540+0000] {logging_mixin.py:190} INFO - [2025-10-13T20:38:37.540+0000] {dagbag.py:588} INFO - Filling up the DagBag from /opt/airflow/dags/etl_dag.py
[2025-10-13T20:38:37.555+0000] {processor.py:925} INFO - DAG(s) 'etl_pipeline' retrieved from /opt/airflow/dags/etl_dag.py
[2025-10-13T20:38:37.644+0000] {logging_mixin.py:190} INFO - [2025-10-13T20:38:37.644+0000] {dag.py:3239} INFO - Sync 1 DAGs
[2025-10-13T20:38:37.653+0000] {logging_mixin.py:190} INFO - [2025-10-13T20:38:37.653+0000] {dag.py:4180} INFO - Setting next_dagrun for etl_pipeline to None, run_after=None
[2025-10-13T20:38:37.667+0000] {processor.py:208} INFO - Processing /opt/airflow/dags/etl_dag.py took 0.286 seconds
[2025-10-13T20:39:08.140+0000] {processor.py:186} INFO - Started process (PID=358) to work on /opt/airflow/dags/etl_dag.py
[2025-10-13T20:39:08.141+0000] {processor.py:914} INFO - Processing file /opt/airflow/dags/etl_dag.py for tasks to queue
[2025-10-13T20:39:08.144+0000] {logging_mixin.py:190} INFO - [2025-10-13T20:39:08.143+0000] {dagbag.py:588} INFO - Filling up the DagBag from /opt/airflow/dags/etl_dag.py
[2025-10-13T20:39:08.160+0000] {processor.py:925} INFO - DAG(s) 'etl_pipeline' retrieved from /opt/airflow/dags/etl_dag.py
[2025-10-13T20:39:08.185+0000] {logging_mixin.py:190} INFO - [2025-10-13T20:39:08.184+0000] {dag.py:3239} INFO - Sync 1 DAGs
[2025-10-13T20:39:08.198+0000] {logging_mixin.py:190} INFO - [2025-10-13T20:39:08.198+0000] {dag.py:4180} INFO - Setting next_dagrun for etl_pipeline to None, run_after=None
[2025-10-13T20:39:08.214+0000] {processor.py:208} INFO - Processing /opt/airflow/dags/etl_dag.py took 0.081 seconds
[2025-10-13T20:39:38.696+0000] {processor.py:186} INFO - Started process (PID=368) to work on /opt/airflow/dags/etl_dag.py
[2025-10-13T20:39:38.697+0000] {processor.py:914} INFO - Processing file /opt/airflow/dags/etl_dag.py for tasks to queue
[2025-10-13T20:39:38.699+0000] {logging_mixin.py:190} INFO - [2025-10-13T20:39:38.699+0000] {dagbag.py:588} INFO - Filling up the DagBag from /opt/airflow/dags/etl_dag.py
[2025-10-13T20:39:38.722+0000] {processor.py:925} INFO - DAG(s) 'etl_pipeline' retrieved from /opt/airflow/dags/etl_dag.py
[2025-10-13T20:39:38.864+0000] {logging_mixin.py:190} INFO - [2025-10-13T20:39:38.864+0000] {dag.py:3239} INFO - Sync 1 DAGs
[2025-10-13T20:39:38.875+0000] {logging_mixin.py:190} INFO - [2025-10-13T20:39:38.875+0000] {dag.py:4180} INFO - Setting next_dagrun for etl_pipeline to None, run_after=None
[2025-10-13T20:39:38.894+0000] {processor.py:208} INFO - Processing /opt/airflow/dags/etl_dag.py took 0.204 seconds
[2025-10-13T20:40:09.070+0000] {processor.py:186} INFO - Started process (PID=378) to work on /opt/airflow/dags/etl_dag.py
[2025-10-13T20:40:09.071+0000] {processor.py:914} INFO - Processing file /opt/airflow/dags/etl_dag.py for tasks to queue
[2025-10-13T20:40:09.074+0000] {logging_mixin.py:190} INFO - [2025-10-13T20:40:09.073+0000] {dagbag.py:588} INFO - Filling up the DagBag from /opt/airflow/dags/etl_dag.py
[2025-10-13T20:40:09.089+0000] {processor.py:925} INFO - DAG(s) 'etl_pipeline' retrieved from /opt/airflow/dags/etl_dag.py
[2025-10-13T20:40:09.110+0000] {logging_mixin.py:190} INFO - [2025-10-13T20:40:09.110+0000] {dag.py:3239} INFO - Sync 1 DAGs
[2025-10-13T20:40:09.122+0000] {logging_mixin.py:190} INFO - [2025-10-13T20:40:09.122+0000] {dag.py:4180} INFO - Setting next_dagrun for etl_pipeline to None, run_after=None
[2025-10-13T20:40:09.137+0000] {processor.py:208} INFO - Processing /opt/airflow/dags/etl_dag.py took 0.072 seconds
[2025-10-13T20:40:39.939+0000] {processor.py:186} INFO - Started process (PID=388) to work on /opt/airflow/dags/etl_dag.py
[2025-10-13T20:40:39.940+0000] {processor.py:914} INFO - Processing file /opt/airflow/dags/etl_dag.py for tasks to queue
[2025-10-13T20:40:39.943+0000] {logging_mixin.py:190} INFO - [2025-10-13T20:40:39.942+0000] {dagbag.py:588} INFO - Filling up the DagBag from /opt/airflow/dags/etl_dag.py
[2025-10-13T20:40:39.960+0000] {processor.py:925} INFO - DAG(s) 'etl_pipeline' retrieved from /opt/airflow/dags/etl_dag.py
[2025-10-13T20:40:40.064+0000] {logging_mixin.py:190} INFO - [2025-10-13T20:40:40.063+0000] {dag.py:3239} INFO - Sync 1 DAGs
[2025-10-13T20:40:40.074+0000] {logging_mixin.py:190} INFO - [2025-10-13T20:40:40.074+0000] {dag.py:4180} INFO - Setting next_dagrun for etl_pipeline to None, run_after=None
[2025-10-13T20:40:40.091+0000] {processor.py:208} INFO - Processing /opt/airflow/dags/etl_dag.py took 0.157 seconds
[2025-10-13T20:41:10.701+0000] {processor.py:186} INFO - Started process (PID=398) to work on /opt/airflow/dags/etl_dag.py
[2025-10-13T20:41:10.702+0000] {processor.py:914} INFO - Processing file /opt/airflow/dags/etl_dag.py for tasks to queue
[2025-10-13T20:41:10.703+0000] {logging_mixin.py:190} INFO - [2025-10-13T20:41:10.703+0000] {dagbag.py:588} INFO - Filling up the DagBag from /opt/airflow/dags/etl_dag.py
[2025-10-13T20:41:10.720+0000] {processor.py:925} INFO - DAG(s) 'etl_pipeline' retrieved from /opt/airflow/dags/etl_dag.py
[2025-10-13T20:41:10.744+0000] {logging_mixin.py:190} INFO - [2025-10-13T20:41:10.744+0000] {dag.py:3239} INFO - Sync 1 DAGs
[2025-10-13T20:41:10.758+0000] {logging_mixin.py:190} INFO - [2025-10-13T20:41:10.757+0000] {dag.py:4180} INFO - Setting next_dagrun for etl_pipeline to None, run_after=None
[2025-10-13T20:41:10.776+0000] {processor.py:208} INFO - Processing /opt/airflow/dags/etl_dag.py took 0.081 seconds
[2025-10-13T20:41:41.219+0000] {processor.py:186} INFO - Started process (PID=408) to work on /opt/airflow/dags/etl_dag.py
[2025-10-13T20:41:41.220+0000] {processor.py:914} INFO - Processing file /opt/airflow/dags/etl_dag.py for tasks to queue
[2025-10-13T20:41:41.222+0000] {logging_mixin.py:190} INFO - [2025-10-13T20:41:41.222+0000] {dagbag.py:588} INFO - Filling up the DagBag from /opt/airflow/dags/etl_dag.py
[2025-10-13T20:41:41.238+0000] {processor.py:925} INFO - DAG(s) 'etl_pipeline' retrieved from /opt/airflow/dags/etl_dag.py
[2025-10-13T20:41:41.340+0000] {logging_mixin.py:190} INFO - [2025-10-13T20:41:41.339+0000] {dag.py:3239} INFO - Sync 1 DAGs
[2025-10-13T20:41:41.350+0000] {logging_mixin.py:190} INFO - [2025-10-13T20:41:41.350+0000] {dag.py:4180} INFO - Setting next_dagrun for etl_pipeline to None, run_after=None
[2025-10-13T20:41:41.365+0000] {processor.py:208} INFO - Processing /opt/airflow/dags/etl_dag.py took 0.151 seconds
[2025-10-13T20:42:12.100+0000] {processor.py:186} INFO - Started process (PID=418) to work on /opt/airflow/dags/etl_dag.py
[2025-10-13T20:42:12.101+0000] {processor.py:914} INFO - Processing file /opt/airflow/dags/etl_dag.py for tasks to queue
[2025-10-13T20:42:12.103+0000] {logging_mixin.py:190} INFO - [2025-10-13T20:42:12.103+0000] {dagbag.py:588} INFO - Filling up the DagBag from /opt/airflow/dags/etl_dag.py
[2025-10-13T20:42:12.125+0000] {processor.py:925} INFO - DAG(s) 'etl_pipeline' retrieved from /opt/airflow/dags/etl_dag.py
[2025-10-13T20:42:12.164+0000] {logging_mixin.py:190} INFO - [2025-10-13T20:42:12.164+0000] {dag.py:3239} INFO - Sync 1 DAGs
[2025-10-13T20:42:12.179+0000] {logging_mixin.py:190} INFO - [2025-10-13T20:42:12.179+0000] {dag.py:4180} INFO - Setting next_dagrun for etl_pipeline to None, run_after=None
[2025-10-13T20:42:12.199+0000] {processor.py:208} INFO - Processing /opt/airflow/dags/etl_dag.py took 0.107 seconds
