[2025-10-13T20:29:55.325+0000] {processor.py:186} INFO - Started process (PID=181) to work on /opt/airflow/dags/etl_pipeline_dag.py
[2025-10-13T20:29:55.326+0000] {processor.py:914} INFO - Processing file /opt/airflow/dags/etl_pipeline_dag.py for tasks to queue
[2025-10-13T20:29:55.329+0000] {logging_mixin.py:190} INFO - [2025-10-13T20:29:55.328+0000] {dagbag.py:588} INFO - Filling up the DagBag from /opt/airflow/dags/etl_pipeline_dag.py
[2025-10-13T20:29:55.350+0000] {processor.py:925} INFO - DAG(s) 'etl_pipeline' retrieved from /opt/airflow/dags/etl_pipeline_dag.py
[2025-10-13T20:29:55.483+0000] {logging_mixin.py:190} INFO - [2025-10-13T20:29:55.483+0000] {dag.py:3239} INFO - Sync 1 DAGs
[2025-10-13T20:29:55.501+0000] {logging_mixin.py:190} INFO - [2025-10-13T20:29:55.501+0000] {dag.py:4180} INFO - Setting next_dagrun for etl_pipeline to 2025-10-12 00:00:00+00:00, run_after=2025-10-13 00:00:00+00:00
[2025-10-13T20:29:55.518+0000] {processor.py:208} INFO - Processing /opt/airflow/dags/etl_pipeline_dag.py took 0.197 seconds
[2025-10-13T20:30:25.965+0000] {processor.py:186} INFO - Started process (PID=191) to work on /opt/airflow/dags/etl_pipeline_dag.py
[2025-10-13T20:30:25.965+0000] {processor.py:914} INFO - Processing file /opt/airflow/dags/etl_pipeline_dag.py for tasks to queue
[2025-10-13T20:30:25.967+0000] {logging_mixin.py:190} INFO - [2025-10-13T20:30:25.967+0000] {dagbag.py:588} INFO - Filling up the DagBag from /opt/airflow/dags/etl_pipeline_dag.py
[2025-10-13T20:30:25.985+0000] {processor.py:925} INFO - DAG(s) 'etl_pipeline' retrieved from /opt/airflow/dags/etl_pipeline_dag.py
[2025-10-13T20:30:26.008+0000] {logging_mixin.py:190} INFO - [2025-10-13T20:30:26.007+0000] {dag.py:3239} INFO - Sync 1 DAGs
[2025-10-13T20:30:26.028+0000] {logging_mixin.py:190} INFO - [2025-10-13T20:30:26.028+0000] {dag.py:4180} INFO - Setting next_dagrun for etl_pipeline to 2025-10-12 00:00:00+00:00, run_after=2025-10-13 00:00:00+00:00
[2025-10-13T20:30:26.045+0000] {processor.py:208} INFO - Processing /opt/airflow/dags/etl_pipeline_dag.py took 0.086 seconds
[2025-10-13T20:30:56.698+0000] {processor.py:186} INFO - Started process (PID=201) to work on /opt/airflow/dags/etl_pipeline_dag.py
[2025-10-13T20:30:56.699+0000] {processor.py:914} INFO - Processing file /opt/airflow/dags/etl_pipeline_dag.py for tasks to queue
[2025-10-13T20:30:56.701+0000] {logging_mixin.py:190} INFO - [2025-10-13T20:30:56.701+0000] {dagbag.py:588} INFO - Filling up the DagBag from /opt/airflow/dags/etl_pipeline_dag.py
[2025-10-13T20:30:56.720+0000] {processor.py:925} INFO - DAG(s) 'etl_pipeline' retrieved from /opt/airflow/dags/etl_pipeline_dag.py
[2025-10-13T20:30:56.819+0000] {logging_mixin.py:190} INFO - [2025-10-13T20:30:56.818+0000] {dag.py:3239} INFO - Sync 1 DAGs
[2025-10-13T20:30:56.837+0000] {logging_mixin.py:190} INFO - [2025-10-13T20:30:56.837+0000] {dag.py:4180} INFO - Setting next_dagrun for etl_pipeline to 2025-10-12 00:00:00+00:00, run_after=2025-10-13 00:00:00+00:00
[2025-10-13T20:30:56.855+0000] {processor.py:208} INFO - Processing /opt/airflow/dags/etl_pipeline_dag.py took 0.162 seconds
[2025-10-13T20:31:27.581+0000] {processor.py:186} INFO - Started process (PID=211) to work on /opt/airflow/dags/etl_pipeline_dag.py
[2025-10-13T20:31:27.582+0000] {processor.py:914} INFO - Processing file /opt/airflow/dags/etl_pipeline_dag.py for tasks to queue
[2025-10-13T20:31:27.584+0000] {logging_mixin.py:190} INFO - [2025-10-13T20:31:27.584+0000] {dagbag.py:588} INFO - Filling up the DagBag from /opt/airflow/dags/etl_pipeline_dag.py
[2025-10-13T20:31:27.603+0000] {processor.py:925} INFO - DAG(s) 'etl_pipeline' retrieved from /opt/airflow/dags/etl_pipeline_dag.py
[2025-10-13T20:31:27.625+0000] {logging_mixin.py:190} INFO - [2025-10-13T20:31:27.624+0000] {dag.py:3239} INFO - Sync 1 DAGs
[2025-10-13T20:31:27.646+0000] {logging_mixin.py:190} INFO - [2025-10-13T20:31:27.646+0000] {dag.py:4180} INFO - Setting next_dagrun for etl_pipeline to 2025-10-12 00:00:00+00:00, run_after=2025-10-13 00:00:00+00:00
[2025-10-13T20:31:27.665+0000] {processor.py:208} INFO - Processing /opt/airflow/dags/etl_pipeline_dag.py took 0.089 seconds
[2025-10-13T20:31:58.330+0000] {processor.py:186} INFO - Started process (PID=221) to work on /opt/airflow/dags/etl_pipeline_dag.py
[2025-10-13T20:31:58.331+0000] {processor.py:914} INFO - Processing file /opt/airflow/dags/etl_pipeline_dag.py for tasks to queue
[2025-10-13T20:31:58.334+0000] {logging_mixin.py:190} INFO - [2025-10-13T20:31:58.334+0000] {dagbag.py:588} INFO - Filling up the DagBag from /opt/airflow/dags/etl_pipeline_dag.py
[2025-10-13T20:31:58.353+0000] {processor.py:925} INFO - DAG(s) 'etl_pipeline' retrieved from /opt/airflow/dags/etl_pipeline_dag.py
[2025-10-13T20:31:58.454+0000] {logging_mixin.py:190} INFO - [2025-10-13T20:31:58.454+0000] {dag.py:3239} INFO - Sync 1 DAGs
[2025-10-13T20:31:58.471+0000] {logging_mixin.py:190} INFO - [2025-10-13T20:31:58.471+0000] {dag.py:4180} INFO - Setting next_dagrun for etl_pipeline to 2025-10-12 00:00:00+00:00, run_after=2025-10-13 00:00:00+00:00
[2025-10-13T20:31:58.490+0000] {processor.py:208} INFO - Processing /opt/airflow/dags/etl_pipeline_dag.py took 0.165 seconds
[2025-10-13T20:32:29.202+0000] {processor.py:186} INFO - Started process (PID=231) to work on /opt/airflow/dags/etl_pipeline_dag.py
[2025-10-13T20:32:29.203+0000] {processor.py:914} INFO - Processing file /opt/airflow/dags/etl_pipeline_dag.py for tasks to queue
[2025-10-13T20:32:29.205+0000] {logging_mixin.py:190} INFO - [2025-10-13T20:32:29.205+0000] {dagbag.py:588} INFO - Filling up the DagBag from /opt/airflow/dags/etl_pipeline_dag.py
[2025-10-13T20:32:29.224+0000] {processor.py:925} INFO - DAG(s) 'etl_pipeline' retrieved from /opt/airflow/dags/etl_pipeline_dag.py
[2025-10-13T20:32:29.246+0000] {logging_mixin.py:190} INFO - [2025-10-13T20:32:29.246+0000] {dag.py:3239} INFO - Sync 1 DAGs
[2025-10-13T20:32:29.267+0000] {logging_mixin.py:190} INFO - [2025-10-13T20:32:29.267+0000] {dag.py:4180} INFO - Setting next_dagrun for etl_pipeline to 2025-10-12 00:00:00+00:00, run_after=2025-10-13 00:00:00+00:00
[2025-10-13T20:32:29.285+0000] {processor.py:208} INFO - Processing /opt/airflow/dags/etl_pipeline_dag.py took 0.088 seconds
[2025-10-13T20:33:00.015+0000] {processor.py:186} INFO - Started process (PID=241) to work on /opt/airflow/dags/etl_pipeline_dag.py
[2025-10-13T20:33:00.016+0000] {processor.py:914} INFO - Processing file /opt/airflow/dags/etl_pipeline_dag.py for tasks to queue
[2025-10-13T20:33:00.018+0000] {logging_mixin.py:190} INFO - [2025-10-13T20:33:00.018+0000] {dagbag.py:588} INFO - Filling up the DagBag from /opt/airflow/dags/etl_pipeline_dag.py
[2025-10-13T20:33:00.038+0000] {processor.py:925} INFO - DAG(s) 'etl_pipeline' retrieved from /opt/airflow/dags/etl_pipeline_dag.py
[2025-10-13T20:33:00.138+0000] {logging_mixin.py:190} INFO - [2025-10-13T20:33:00.137+0000] {dag.py:3239} INFO - Sync 1 DAGs
[2025-10-13T20:33:00.154+0000] {logging_mixin.py:190} INFO - [2025-10-13T20:33:00.154+0000] {dag.py:4180} INFO - Setting next_dagrun for etl_pipeline to 2025-10-12 00:00:00+00:00, run_after=2025-10-13 00:00:00+00:00
[2025-10-13T20:33:00.168+0000] {processor.py:208} INFO - Processing /opt/airflow/dags/etl_pipeline_dag.py took 0.158 seconds
[2025-10-13T20:33:30.788+0000] {processor.py:186} INFO - Started process (PID=251) to work on /opt/airflow/dags/etl_pipeline_dag.py
[2025-10-13T20:33:30.789+0000] {processor.py:914} INFO - Processing file /opt/airflow/dags/etl_pipeline_dag.py for tasks to queue
[2025-10-13T20:33:30.791+0000] {logging_mixin.py:190} INFO - [2025-10-13T20:33:30.791+0000] {dagbag.py:588} INFO - Filling up the DagBag from /opt/airflow/dags/etl_pipeline_dag.py
[2025-10-13T20:33:30.808+0000] {processor.py:925} INFO - DAG(s) 'etl_pipeline' retrieved from /opt/airflow/dags/etl_pipeline_dag.py
[2025-10-13T20:33:30.830+0000] {logging_mixin.py:190} INFO - [2025-10-13T20:33:30.830+0000] {dag.py:3239} INFO - Sync 1 DAGs
[2025-10-13T20:33:30.850+0000] {logging_mixin.py:190} INFO - [2025-10-13T20:33:30.849+0000] {dag.py:4180} INFO - Setting next_dagrun for etl_pipeline to 2025-10-12 00:00:00+00:00, run_after=2025-10-13 00:00:00+00:00
[2025-10-13T20:33:30.868+0000] {processor.py:208} INFO - Processing /opt/airflow/dags/etl_pipeline_dag.py took 0.083 seconds
[2025-10-13T20:34:01.438+0000] {processor.py:186} INFO - Started process (PID=261) to work on /opt/airflow/dags/etl_pipeline_dag.py
[2025-10-13T20:34:01.439+0000] {processor.py:914} INFO - Processing file /opt/airflow/dags/etl_pipeline_dag.py for tasks to queue
[2025-10-13T20:34:01.441+0000] {logging_mixin.py:190} INFO - [2025-10-13T20:34:01.441+0000] {dagbag.py:588} INFO - Filling up the DagBag from /opt/airflow/dags/etl_pipeline_dag.py
[2025-10-13T20:34:01.460+0000] {processor.py:925} INFO - DAG(s) 'etl_pipeline' retrieved from /opt/airflow/dags/etl_pipeline_dag.py
[2025-10-13T20:34:01.557+0000] {logging_mixin.py:190} INFO - [2025-10-13T20:34:01.557+0000] {dag.py:3239} INFO - Sync 1 DAGs
[2025-10-13T20:34:01.575+0000] {logging_mixin.py:190} INFO - [2025-10-13T20:34:01.575+0000] {dag.py:4180} INFO - Setting next_dagrun for etl_pipeline to 2025-10-12 00:00:00+00:00, run_after=2025-10-13 00:00:00+00:00
[2025-10-13T20:34:01.745+0000] {processor.py:208} INFO - Processing /opt/airflow/dags/etl_pipeline_dag.py took 0.312 seconds
[2025-10-13T20:34:32.334+0000] {processor.py:186} INFO - Started process (PID=271) to work on /opt/airflow/dags/etl_pipeline_dag.py
[2025-10-13T20:34:32.335+0000] {processor.py:914} INFO - Processing file /opt/airflow/dags/etl_pipeline_dag.py for tasks to queue
[2025-10-13T20:34:32.338+0000] {logging_mixin.py:190} INFO - [2025-10-13T20:34:32.338+0000] {dagbag.py:588} INFO - Filling up the DagBag from /opt/airflow/dags/etl_pipeline_dag.py
[2025-10-13T20:34:32.357+0000] {processor.py:925} INFO - DAG(s) 'etl_pipeline' retrieved from /opt/airflow/dags/etl_pipeline_dag.py
[2025-10-13T20:34:32.381+0000] {logging_mixin.py:190} INFO - [2025-10-13T20:34:32.381+0000] {dag.py:3239} INFO - Sync 1 DAGs
[2025-10-13T20:34:32.403+0000] {logging_mixin.py:190} INFO - [2025-10-13T20:34:32.402+0000] {dag.py:4180} INFO - Setting next_dagrun for etl_pipeline to 2025-10-12 00:00:00+00:00, run_after=2025-10-13 00:00:00+00:00
[2025-10-13T20:34:32.418+0000] {processor.py:208} INFO - Processing /opt/airflow/dags/etl_pipeline_dag.py took 0.089 seconds
[2025-10-13T20:35:02.999+0000] {processor.py:186} INFO - Started process (PID=281) to work on /opt/airflow/dags/etl_pipeline_dag.py
[2025-10-13T20:35:03.000+0000] {processor.py:914} INFO - Processing file /opt/airflow/dags/etl_pipeline_dag.py for tasks to queue
[2025-10-13T20:35:03.002+0000] {logging_mixin.py:190} INFO - [2025-10-13T20:35:03.002+0000] {dagbag.py:588} INFO - Filling up the DagBag from /opt/airflow/dags/etl_pipeline_dag.py
[2025-10-13T20:35:03.021+0000] {processor.py:925} INFO - DAG(s) 'etl_pipeline' retrieved from /opt/airflow/dags/etl_pipeline_dag.py
[2025-10-13T20:35:03.252+0000] {logging_mixin.py:190} INFO - [2025-10-13T20:35:03.252+0000] {dag.py:3239} INFO - Sync 1 DAGs
[2025-10-13T20:35:03.270+0000] {logging_mixin.py:190} INFO - [2025-10-13T20:35:03.269+0000] {dag.py:4180} INFO - Setting next_dagrun for etl_pipeline to 2025-10-12 00:00:00+00:00, run_after=2025-10-13 00:00:00+00:00
[2025-10-13T20:35:03.286+0000] {processor.py:208} INFO - Processing /opt/airflow/dags/etl_pipeline_dag.py took 0.292 seconds
[2025-10-13T20:35:33.461+0000] {processor.py:186} INFO - Started process (PID=291) to work on /opt/airflow/dags/etl_pipeline_dag.py
[2025-10-13T20:35:33.462+0000] {processor.py:914} INFO - Processing file /opt/airflow/dags/etl_pipeline_dag.py for tasks to queue
[2025-10-13T20:35:33.464+0000] {logging_mixin.py:190} INFO - [2025-10-13T20:35:33.464+0000] {dagbag.py:588} INFO - Filling up the DagBag from /opt/airflow/dags/etl_pipeline_dag.py
[2025-10-13T20:35:33.484+0000] {processor.py:925} INFO - DAG(s) 'etl_pipeline' retrieved from /opt/airflow/dags/etl_pipeline_dag.py
[2025-10-13T20:35:33.509+0000] {logging_mixin.py:190} INFO - [2025-10-13T20:35:33.509+0000] {dag.py:3239} INFO - Sync 1 DAGs
[2025-10-13T20:35:33.530+0000] {logging_mixin.py:190} INFO - [2025-10-13T20:35:33.530+0000] {dag.py:4180} INFO - Setting next_dagrun for etl_pipeline to 2025-10-12 00:00:00+00:00, run_after=2025-10-13 00:00:00+00:00
[2025-10-13T20:35:33.548+0000] {processor.py:208} INFO - Processing /opt/airflow/dags/etl_pipeline_dag.py took 0.093 seconds
[2025-10-13T20:36:04.067+0000] {processor.py:186} INFO - Started process (PID=301) to work on /opt/airflow/dags/etl_pipeline_dag.py
[2025-10-13T20:36:04.068+0000] {processor.py:914} INFO - Processing file /opt/airflow/dags/etl_pipeline_dag.py for tasks to queue
[2025-10-13T20:36:04.070+0000] {logging_mixin.py:190} INFO - [2025-10-13T20:36:04.070+0000] {dagbag.py:588} INFO - Filling up the DagBag from /opt/airflow/dags/etl_pipeline_dag.py
[2025-10-13T20:36:04.089+0000] {processor.py:925} INFO - DAG(s) 'etl_pipeline' retrieved from /opt/airflow/dags/etl_pipeline_dag.py
[2025-10-13T20:36:04.319+0000] {logging_mixin.py:190} INFO - [2025-10-13T20:36:04.319+0000] {dag.py:3239} INFO - Sync 1 DAGs
[2025-10-13T20:36:04.336+0000] {logging_mixin.py:190} INFO - [2025-10-13T20:36:04.335+0000] {dag.py:4180} INFO - Setting next_dagrun for etl_pipeline to 2025-10-12 00:00:00+00:00, run_after=2025-10-13 00:00:00+00:00
[2025-10-13T20:36:04.352+0000] {processor.py:208} INFO - Processing /opt/airflow/dags/etl_pipeline_dag.py took 0.291 seconds
[2025-10-13T20:36:34.600+0000] {processor.py:186} INFO - Started process (PID=311) to work on /opt/airflow/dags/etl_pipeline_dag.py
[2025-10-13T20:36:34.601+0000] {processor.py:914} INFO - Processing file /opt/airflow/dags/etl_pipeline_dag.py for tasks to queue
[2025-10-13T20:36:34.604+0000] {logging_mixin.py:190} INFO - [2025-10-13T20:36:34.604+0000] {dagbag.py:588} INFO - Filling up the DagBag from /opt/airflow/dags/etl_pipeline_dag.py
[2025-10-13T20:36:34.623+0000] {processor.py:925} INFO - DAG(s) 'etl_pipeline' retrieved from /opt/airflow/dags/etl_pipeline_dag.py
[2025-10-13T20:36:34.646+0000] {logging_mixin.py:190} INFO - [2025-10-13T20:36:34.646+0000] {dag.py:3239} INFO - Sync 1 DAGs
[2025-10-13T20:36:34.667+0000] {logging_mixin.py:190} INFO - [2025-10-13T20:36:34.667+0000] {dag.py:4180} INFO - Setting next_dagrun for etl_pipeline to 2025-10-12 00:00:00+00:00, run_after=2025-10-13 00:00:00+00:00
[2025-10-13T20:36:34.683+0000] {processor.py:208} INFO - Processing /opt/airflow/dags/etl_pipeline_dag.py took 0.088 seconds
[2025-10-13T20:37:05.091+0000] {processor.py:186} INFO - Started process (PID=321) to work on /opt/airflow/dags/etl_pipeline_dag.py
[2025-10-13T20:37:05.092+0000] {processor.py:914} INFO - Processing file /opt/airflow/dags/etl_pipeline_dag.py for tasks to queue
[2025-10-13T20:37:05.094+0000] {logging_mixin.py:190} INFO - [2025-10-13T20:37:05.094+0000] {dagbag.py:588} INFO - Filling up the DagBag from /opt/airflow/dags/etl_pipeline_dag.py
[2025-10-13T20:37:05.114+0000] {processor.py:925} INFO - DAG(s) 'etl_pipeline' retrieved from /opt/airflow/dags/etl_pipeline_dag.py
[2025-10-13T20:37:05.351+0000] {logging_mixin.py:190} INFO - [2025-10-13T20:37:05.351+0000] {dag.py:3239} INFO - Sync 1 DAGs
[2025-10-13T20:37:05.367+0000] {logging_mixin.py:190} INFO - [2025-10-13T20:37:05.366+0000] {dag.py:4180} INFO - Setting next_dagrun for etl_pipeline to 2025-10-12 00:00:00+00:00, run_after=2025-10-13 00:00:00+00:00
[2025-10-13T20:37:05.382+0000] {processor.py:208} INFO - Processing /opt/airflow/dags/etl_pipeline_dag.py took 0.296 seconds
[2025-10-13T20:37:35.881+0000] {processor.py:186} INFO - Started process (PID=331) to work on /opt/airflow/dags/etl_pipeline_dag.py
[2025-10-13T20:37:35.882+0000] {processor.py:914} INFO - Processing file /opt/airflow/dags/etl_pipeline_dag.py for tasks to queue
[2025-10-13T20:37:35.884+0000] {logging_mixin.py:190} INFO - [2025-10-13T20:37:35.883+0000] {dagbag.py:588} INFO - Filling up the DagBag from /opt/airflow/dags/etl_pipeline_dag.py
[2025-10-13T20:37:35.901+0000] {processor.py:925} INFO - DAG(s) 'etl_pipeline' retrieved from /opt/airflow/dags/etl_pipeline_dag.py
[2025-10-13T20:37:35.921+0000] {logging_mixin.py:190} INFO - [2025-10-13T20:37:35.921+0000] {dag.py:3239} INFO - Sync 1 DAGs
[2025-10-13T20:37:36.101+0000] {logging_mixin.py:190} INFO - [2025-10-13T20:37:36.101+0000] {dag.py:4180} INFO - Setting next_dagrun for etl_pipeline to 2025-10-12 00:00:00+00:00, run_after=2025-10-13 00:00:00+00:00
[2025-10-13T20:37:36.114+0000] {processor.py:208} INFO - Processing /opt/airflow/dags/etl_pipeline_dag.py took 0.238 seconds
[2025-10-13T20:38:06.646+0000] {processor.py:186} INFO - Started process (PID=341) to work on /opt/airflow/dags/etl_pipeline_dag.py
[2025-10-13T20:38:06.646+0000] {processor.py:914} INFO - Processing file /opt/airflow/dags/etl_pipeline_dag.py for tasks to queue
[2025-10-13T20:38:06.649+0000] {logging_mixin.py:190} INFO - [2025-10-13T20:38:06.648+0000] {dagbag.py:588} INFO - Filling up the DagBag from /opt/airflow/dags/etl_pipeline_dag.py
[2025-10-13T20:38:06.669+0000] {processor.py:925} INFO - DAG(s) 'etl_pipeline' retrieved from /opt/airflow/dags/etl_pipeline_dag.py
[2025-10-13T20:38:06.930+0000] {logging_mixin.py:190} INFO - [2025-10-13T20:38:06.929+0000] {dag.py:3239} INFO - Sync 1 DAGs
[2025-10-13T20:38:06.945+0000] {logging_mixin.py:190} INFO - [2025-10-13T20:38:06.945+0000] {dag.py:4180} INFO - Setting next_dagrun for etl_pipeline to 2025-10-12 00:00:00+00:00, run_after=2025-10-13 00:00:00+00:00
[2025-10-13T20:38:06.958+0000] {processor.py:208} INFO - Processing /opt/airflow/dags/etl_pipeline_dag.py took 0.318 seconds
[2025-10-13T20:38:37.394+0000] {processor.py:186} INFO - Started process (PID=351) to work on /opt/airflow/dags/etl_pipeline_dag.py
[2025-10-13T20:38:37.395+0000] {processor.py:914} INFO - Processing file /opt/airflow/dags/etl_pipeline_dag.py for tasks to queue
[2025-10-13T20:38:37.543+0000] {logging_mixin.py:190} INFO - [2025-10-13T20:38:37.543+0000] {dagbag.py:588} INFO - Filling up the DagBag from /opt/airflow/dags/etl_pipeline_dag.py
[2025-10-13T20:38:37.559+0000] {processor.py:925} INFO - DAG(s) 'etl_pipeline' retrieved from /opt/airflow/dags/etl_pipeline_dag.py
[2025-10-13T20:38:37.577+0000] {logging_mixin.py:190} INFO - [2025-10-13T20:38:37.577+0000] {dag.py:3239} INFO - Sync 1 DAGs
[2025-10-13T20:38:37.594+0000] {logging_mixin.py:190} INFO - [2025-10-13T20:38:37.594+0000] {dag.py:4180} INFO - Setting next_dagrun for etl_pipeline to 2025-10-12 00:00:00+00:00, run_after=2025-10-13 00:00:00+00:00
[2025-10-13T20:38:37.609+0000] {processor.py:208} INFO - Processing /opt/airflow/dags/etl_pipeline_dag.py took 0.222 seconds
[2025-10-13T20:39:08.147+0000] {processor.py:186} INFO - Started process (PID=361) to work on /opt/airflow/dags/etl_pipeline_dag.py
[2025-10-13T20:39:08.148+0000] {processor.py:914} INFO - Processing file /opt/airflow/dags/etl_pipeline_dag.py for tasks to queue
[2025-10-13T20:39:08.150+0000] {logging_mixin.py:190} INFO - [2025-10-13T20:39:08.150+0000] {dagbag.py:588} INFO - Filling up the DagBag from /opt/airflow/dags/etl_pipeline_dag.py
[2025-10-13T20:39:08.168+0000] {processor.py:925} INFO - DAG(s) 'etl_pipeline' retrieved from /opt/airflow/dags/etl_pipeline_dag.py
[2025-10-13T20:39:08.269+0000] {logging_mixin.py:190} INFO - [2025-10-13T20:39:08.268+0000] {dag.py:3239} INFO - Sync 1 DAGs
[2025-10-13T20:39:08.287+0000] {logging_mixin.py:190} INFO - [2025-10-13T20:39:08.287+0000] {dag.py:4180} INFO - Setting next_dagrun for etl_pipeline to 2025-10-12 00:00:00+00:00, run_after=2025-10-13 00:00:00+00:00
[2025-10-13T20:39:08.302+0000] {processor.py:208} INFO - Processing /opt/airflow/dags/etl_pipeline_dag.py took 0.161 seconds
[2025-10-13T20:39:38.704+0000] {processor.py:186} INFO - Started process (PID=371) to work on /opt/airflow/dags/etl_pipeline_dag.py
[2025-10-13T20:39:38.705+0000] {processor.py:914} INFO - Processing file /opt/airflow/dags/etl_pipeline_dag.py for tasks to queue
[2025-10-13T20:39:38.707+0000] {logging_mixin.py:190} INFO - [2025-10-13T20:39:38.706+0000] {dagbag.py:588} INFO - Filling up the DagBag from /opt/airflow/dags/etl_pipeline_dag.py
[2025-10-13T20:39:38.728+0000] {processor.py:925} INFO - DAG(s) 'etl_pipeline' retrieved from /opt/airflow/dags/etl_pipeline_dag.py
[2025-10-13T20:39:38.752+0000] {logging_mixin.py:190} INFO - [2025-10-13T20:39:38.751+0000] {dag.py:3239} INFO - Sync 1 DAGs
[2025-10-13T20:39:38.775+0000] {logging_mixin.py:190} INFO - [2025-10-13T20:39:38.775+0000] {dag.py:4180} INFO - Setting next_dagrun for etl_pipeline to 2025-10-12 00:00:00+00:00, run_after=2025-10-13 00:00:00+00:00
[2025-10-13T20:39:38.792+0000] {processor.py:208} INFO - Processing /opt/airflow/dags/etl_pipeline_dag.py took 0.094 seconds
[2025-10-13T20:40:09.077+0000] {processor.py:186} INFO - Started process (PID=381) to work on /opt/airflow/dags/etl_pipeline_dag.py
[2025-10-13T20:40:09.078+0000] {processor.py:914} INFO - Processing file /opt/airflow/dags/etl_pipeline_dag.py for tasks to queue
[2025-10-13T20:40:09.080+0000] {logging_mixin.py:190} INFO - [2025-10-13T20:40:09.079+0000] {dagbag.py:588} INFO - Filling up the DagBag from /opt/airflow/dags/etl_pipeline_dag.py
[2025-10-13T20:40:09.096+0000] {processor.py:925} INFO - DAG(s) 'etl_pipeline' retrieved from /opt/airflow/dags/etl_pipeline_dag.py
[2025-10-13T20:40:09.194+0000] {logging_mixin.py:190} INFO - [2025-10-13T20:40:09.194+0000] {dag.py:3239} INFO - Sync 1 DAGs
[2025-10-13T20:40:09.211+0000] {logging_mixin.py:190} INFO - [2025-10-13T20:40:09.210+0000] {dag.py:4180} INFO - Setting next_dagrun for etl_pipeline to 2025-10-12 00:00:00+00:00, run_after=2025-10-13 00:00:00+00:00
[2025-10-13T20:40:09.225+0000] {processor.py:208} INFO - Processing /opt/airflow/dags/etl_pipeline_dag.py took 0.153 seconds
[2025-10-13T20:40:39.946+0000] {processor.py:186} INFO - Started process (PID=391) to work on /opt/airflow/dags/etl_pipeline_dag.py
[2025-10-13T20:40:39.948+0000] {processor.py:914} INFO - Processing file /opt/airflow/dags/etl_pipeline_dag.py for tasks to queue
[2025-10-13T20:40:39.950+0000] {logging_mixin.py:190} INFO - [2025-10-13T20:40:39.950+0000] {dagbag.py:588} INFO - Filling up the DagBag from /opt/airflow/dags/etl_pipeline_dag.py
[2025-10-13T20:40:39.970+0000] {processor.py:925} INFO - DAG(s) 'etl_pipeline' retrieved from /opt/airflow/dags/etl_pipeline_dag.py
[2025-10-13T20:40:39.994+0000] {logging_mixin.py:190} INFO - [2025-10-13T20:40:39.994+0000] {dag.py:3239} INFO - Sync 1 DAGs
[2025-10-13T20:40:40.016+0000] {logging_mixin.py:190} INFO - [2025-10-13T20:40:40.015+0000] {dag.py:4180} INFO - Setting next_dagrun for etl_pipeline to 2025-10-12 00:00:00+00:00, run_after=2025-10-13 00:00:00+00:00
[2025-10-13T20:40:40.031+0000] {processor.py:208} INFO - Processing /opt/airflow/dags/etl_pipeline_dag.py took 0.090 seconds
[2025-10-13T20:41:10.708+0000] {processor.py:186} INFO - Started process (PID=401) to work on /opt/airflow/dags/etl_pipeline_dag.py
[2025-10-13T20:41:10.709+0000] {processor.py:914} INFO - Processing file /opt/airflow/dags/etl_pipeline_dag.py for tasks to queue
[2025-10-13T20:41:10.711+0000] {logging_mixin.py:190} INFO - [2025-10-13T20:41:10.710+0000] {dagbag.py:588} INFO - Filling up the DagBag from /opt/airflow/dags/etl_pipeline_dag.py
[2025-10-13T20:41:10.731+0000] {processor.py:925} INFO - DAG(s) 'etl_pipeline' retrieved from /opt/airflow/dags/etl_pipeline_dag.py
[2025-10-13T20:41:10.833+0000] {logging_mixin.py:190} INFO - [2025-10-13T20:41:10.833+0000] {dag.py:3239} INFO - Sync 1 DAGs
[2025-10-13T20:41:10.850+0000] {logging_mixin.py:190} INFO - [2025-10-13T20:41:10.849+0000] {dag.py:4180} INFO - Setting next_dagrun for etl_pipeline to 2025-10-12 00:00:00+00:00, run_after=2025-10-13 00:00:00+00:00
[2025-10-13T20:41:10.865+0000] {processor.py:208} INFO - Processing /opt/airflow/dags/etl_pipeline_dag.py took 0.162 seconds
[2025-10-13T20:41:41.227+0000] {processor.py:186} INFO - Started process (PID=411) to work on /opt/airflow/dags/etl_pipeline_dag.py
[2025-10-13T20:41:41.228+0000] {processor.py:914} INFO - Processing file /opt/airflow/dags/etl_pipeline_dag.py for tasks to queue
[2025-10-13T20:41:41.230+0000] {logging_mixin.py:190} INFO - [2025-10-13T20:41:41.229+0000] {dagbag.py:588} INFO - Filling up the DagBag from /opt/airflow/dags/etl_pipeline_dag.py
[2025-10-13T20:41:41.248+0000] {processor.py:925} INFO - DAG(s) 'etl_pipeline' retrieved from /opt/airflow/dags/etl_pipeline_dag.py
[2025-10-13T20:41:41.272+0000] {logging_mixin.py:190} INFO - [2025-10-13T20:41:41.272+0000] {dag.py:3239} INFO - Sync 1 DAGs
[2025-10-13T20:41:41.295+0000] {logging_mixin.py:190} INFO - [2025-10-13T20:41:41.294+0000] {dag.py:4180} INFO - Setting next_dagrun for etl_pipeline to 2025-10-12 00:00:00+00:00, run_after=2025-10-13 00:00:00+00:00
[2025-10-13T20:41:41.312+0000] {processor.py:208} INFO - Processing /opt/airflow/dags/etl_pipeline_dag.py took 0.089 seconds
[2025-10-13T20:42:12.107+0000] {processor.py:186} INFO - Started process (PID=421) to work on /opt/airflow/dags/etl_pipeline_dag.py
[2025-10-13T20:42:12.108+0000] {processor.py:914} INFO - Processing file /opt/airflow/dags/etl_pipeline_dag.py for tasks to queue
[2025-10-13T20:42:12.111+0000] {logging_mixin.py:190} INFO - [2025-10-13T20:42:12.110+0000] {dagbag.py:588} INFO - Filling up the DagBag from /opt/airflow/dags/etl_pipeline_dag.py
[2025-10-13T20:42:12.137+0000] {processor.py:925} INFO - DAG(s) 'etl_pipeline' retrieved from /opt/airflow/dags/etl_pipeline_dag.py
[2025-10-13T20:42:12.256+0000] {logging_mixin.py:190} INFO - [2025-10-13T20:42:12.256+0000] {dag.py:3239} INFO - Sync 1 DAGs
[2025-10-13T20:42:12.286+0000] {logging_mixin.py:190} INFO - [2025-10-13T20:42:12.286+0000] {dag.py:4180} INFO - Setting next_dagrun for etl_pipeline to 2025-10-12 00:00:00+00:00, run_after=2025-10-13 00:00:00+00:00
[2025-10-13T20:42:12.302+0000] {processor.py:208} INFO - Processing /opt/airflow/dags/etl_pipeline_dag.py took 0.201 seconds
