[2025-11-20T22:43:11.415+0000] {local_task_job_runner.py:123} INFO - ::group::Pre task execution logs
[2025-11-20T22:43:11.430+0000] {taskinstance.py:2612} INFO - Dependencies all met for dep_context=non-requeueable deps ti=<TaskInstance: etl_pipeline.load_to_mongodb manual__2025-11-20T22:43:06.585661+00:00 [queued]>
[2025-11-20T22:43:11.437+0000] {taskinstance.py:2612} INFO - Dependencies all met for dep_context=requeueable deps ti=<TaskInstance: etl_pipeline.load_to_mongodb manual__2025-11-20T22:43:06.585661+00:00 [queued]>
[2025-11-20T22:43:11.438+0000] {taskinstance.py:2865} INFO - Starting attempt 1 of 1
[2025-11-20T22:43:11.448+0000] {taskinstance.py:2888} INFO - Executing <Task(BashOperator): load_to_mongodb> on 2025-11-20 22:43:06.585661+00:00
[2025-11-20T22:43:11.463+0000] {logging_mixin.py:190} WARNING - /home/***/.local/lib/python3.12/site-packages/***/task/task_runner/standard_task_runner.py:70 DeprecationWarning: This process (pid=361) is multi-threaded, use of fork() may lead to deadlocks in the child.
[2025-11-20T22:43:11.465+0000] {standard_task_runner.py:72} INFO - Started process 364 to run task
[2025-11-20T22:43:11.465+0000] {standard_task_runner.py:104} INFO - Running: ['***', 'tasks', 'run', 'etl_pipeline', 'load_to_mongodb', 'manual__2025-11-20T22:43:06.585661+00:00', '--job-id', '9', '--raw', '--subdir', 'DAGS_FOLDER/etl_pipeline_dag.py', '--cfg-path', '/tmp/tmphf5zxbjs']
[2025-11-20T22:43:11.468+0000] {standard_task_runner.py:105} INFO - Job 9: Subtask load_to_mongodb
[2025-11-20T22:43:11.513+0000] {task_command.py:467} INFO - Running <TaskInstance: etl_pipeline.load_to_mongodb manual__2025-11-20T22:43:06.585661+00:00 [running]> on host 56fecf72cd7e
[2025-11-20T22:43:11.585+0000] {taskinstance.py:3131} INFO - Exporting env vars: AIRFLOW_CTX_DAG_OWNER='***' AIRFLOW_CTX_DAG_ID='etl_pipeline' AIRFLOW_CTX_TASK_ID='load_to_mongodb' AIRFLOW_CTX_EXECUTION_DATE='2025-11-20T22:43:06.585661+00:00' AIRFLOW_CTX_TRY_NUMBER='1' AIRFLOW_CTX_DAG_RUN_ID='manual__2025-11-20T22:43:06.585661+00:00'
[2025-11-20T22:43:11.586+0000] {taskinstance.py:731} INFO - ::endgroup::
[2025-11-20T22:43:11.600+0000] {subprocess.py:63} INFO - Tmp dir root location: /tmp
[2025-11-20T22:43:11.602+0000] {subprocess.py:75} INFO - Running command: ['/usr/bin/bash', '-c', 'python /opt/***/dags/scripts/load_to_mongodb.py']
[2025-11-20T22:43:11.614+0000] {subprocess.py:86} INFO - Output:
[2025-11-20T22:43:14.105+0000] {subprocess.py:93} INFO - /opt/***/dags/scripts/load_to_mongodb.py:33 RemovedInAirflow3Warning: Param `schedule_interval` is deprecated and will be removed in a future release. Please use `schedule` instead.
[2025-11-20T22:43:14.522+0000] {subprocess.py:97} INFO - Command exited with return code 0
[2025-11-20T22:43:14.543+0000] {taskinstance.py:340} INFO - ::group::Post task execution logs
[2025-11-20T22:43:14.544+0000] {taskinstance.py:352} INFO - Marking task as SUCCESS. dag_id=etl_pipeline, task_id=load_to_mongodb, run_id=manual__2025-11-20T22:43:06.585661+00:00, execution_date=20251120T224306, start_date=20251120T224311, end_date=20251120T224314
[2025-11-20T22:43:14.599+0000] {local_task_job_runner.py:266} INFO - Task exited with return code 0
[2025-11-20T22:43:14.613+0000] {taskinstance.py:3900} INFO - 0 downstream tasks scheduled from follow-on schedule check
[2025-11-20T22:43:14.615+0000] {local_task_job_runner.py:245} INFO - ::endgroup::
