[2025-11-19T22:00:36.440+0000] {local_task_job_runner.py:123} INFO - ::group::Pre task execution logs
[2025-11-19T22:00:36.458+0000] {taskinstance.py:2612} INFO - Dependencies all met for dep_context=non-requeueable deps ti=<TaskInstance: etl_pipeline.ingest_data manual__2025-11-19T22:00:35.295952+00:00 [queued]>
[2025-11-19T22:00:36.466+0000] {taskinstance.py:2612} INFO - Dependencies all met for dep_context=requeueable deps ti=<TaskInstance: etl_pipeline.ingest_data manual__2025-11-19T22:00:35.295952+00:00 [queued]>
[2025-11-19T22:00:36.467+0000] {taskinstance.py:2865} INFO - Starting attempt 1 of 1
[2025-11-19T22:00:36.478+0000] {taskinstance.py:2888} INFO - Executing <Task(BashOperator): ingest_data> on 2025-11-19 22:00:35.295952+00:00
[2025-11-19T22:00:36.491+0000] {logging_mixin.py:190} WARNING - /home/***/.local/lib/python3.12/site-packages/***/task/task_runner/standard_task_runner.py:70 DeprecationWarning: This process (pid=417) is multi-threaded, use of fork() may lead to deadlocks in the child.
[2025-11-19T22:00:36.487+0000] {standard_task_runner.py:104} INFO - Running: ['***', 'tasks', 'run', 'etl_pipeline', 'ingest_data', 'manual__2025-11-19T22:00:35.295952+00:00', '--job-id', '43', '--raw', '--subdir', 'DAGS_FOLDER/etl_pipeline_dag.py', '--cfg-path', '/tmp/tmpac31gsed']
[2025-11-19T22:00:36.492+0000] {standard_task_runner.py:72} INFO - Started process 418 to run task
[2025-11-19T22:00:36.492+0000] {standard_task_runner.py:105} INFO - Job 43: Subtask ingest_data
[2025-11-19T22:00:36.550+0000] {task_command.py:467} INFO - Running <TaskInstance: etl_pipeline.ingest_data manual__2025-11-19T22:00:35.295952+00:00 [running]> on host b4c6e0d2ed01
[2025-11-19T22:00:36.646+0000] {taskinstance.py:3131} INFO - Exporting env vars: AIRFLOW_CTX_DAG_OWNER='***' AIRFLOW_CTX_DAG_ID='etl_pipeline' AIRFLOW_CTX_TASK_ID='ingest_data' AIRFLOW_CTX_EXECUTION_DATE='2025-11-19T22:00:35.295952+00:00' AIRFLOW_CTX_TRY_NUMBER='1' AIRFLOW_CTX_DAG_RUN_ID='manual__2025-11-19T22:00:35.295952+00:00'
[2025-11-19T22:00:36.647+0000] {taskinstance.py:731} INFO - ::endgroup::
[2025-11-19T22:00:36.661+0000] {subprocess.py:63} INFO - Tmp dir root location: /tmp
[2025-11-19T22:00:36.662+0000] {subprocess.py:75} INFO - Running command: ['/usr/bin/bash', '-c', 'python /opt/***/dags/scripts/ingest_data.py']
[2025-11-19T22:00:36.674+0000] {subprocess.py:86} INFO - Output:
[2025-11-19T22:00:37.470+0000] {subprocess.py:93} INFO - Files in raw data folder: ['sample1.csv', 'sample2.csv']
[2025-11-19T22:00:37.471+0000] {subprocess.py:93} INFO - 
[2025-11-19T22:00:37.471+0000] {subprocess.py:93} INFO - Processed sample1.csv saved to /opt/***/dags/processed_data/sample1.csv
[2025-11-19T22:00:37.472+0000] {subprocess.py:93} INFO -       name   age                email
[2025-11-19T22:00:37.472+0000] {subprocess.py:93} INFO - 0    Alice  25.0    alice@example.com
[2025-11-19T22:00:37.473+0000] {subprocess.py:93} INFO - 1      Bob  30.0      bob@example.com
[2025-11-19T22:00:37.473+0000] {subprocess.py:93} INFO - 2  Charlie  27.5  charlie@example.com
[2025-11-19T22:00:37.473+0000] {subprocess.py:93} INFO - 
[2025-11-19T22:00:37.473+0000] {subprocess.py:93} INFO - Processed sample2.csv saved to /opt/***/dags/processed_data/sample2.csv
[2025-11-19T22:00:37.474+0000] {subprocess.py:93} INFO -     name   age              email
[2025-11-19T22:00:37.474+0000] {subprocess.py:93} INFO - 0  Vince  22.0  vince@example.com
[2025-11-19T22:00:37.474+0000] {subprocess.py:93} INFO - 1   John  56.0   john@example.com
[2025-11-19T22:00:37.475+0000] {subprocess.py:93} INFO - 2   Will  39.0   will@example.com
[2025-11-19T22:00:37.533+0000] {subprocess.py:97} INFO - Command exited with return code 0
[2025-11-19T22:00:37.555+0000] {taskinstance.py:340} INFO - ::group::Post task execution logs
[2025-11-19T22:00:37.556+0000] {taskinstance.py:352} INFO - Marking task as SUCCESS. dag_id=etl_pipeline, task_id=ingest_data, run_id=manual__2025-11-19T22:00:35.295952+00:00, execution_date=20251119T220035, start_date=20251119T220036, end_date=20251119T220037
[2025-11-19T22:00:37.611+0000] {local_task_job_runner.py:266} INFO - Task exited with return code 0
[2025-11-19T22:00:37.633+0000] {taskinstance.py:3900} INFO - 1 downstream tasks scheduled from follow-on schedule check
[2025-11-19T22:00:37.635+0000] {local_task_job_runner.py:245} INFO - ::endgroup::
