[2025-11-19T21:59:23.829+0000] {local_task_job_runner.py:123} INFO - ::group::Pre task execution logs
[2025-11-19T21:59:23.844+0000] {taskinstance.py:2612} INFO - Dependencies all met for dep_context=non-requeueable deps ti=<TaskInstance: etl_pipeline.transform_data scheduled__2025-11-18T00:00:00+00:00 [queued]>
[2025-11-19T21:59:23.851+0000] {taskinstance.py:2612} INFO - Dependencies all met for dep_context=requeueable deps ti=<TaskInstance: etl_pipeline.transform_data scheduled__2025-11-18T00:00:00+00:00 [queued]>
[2025-11-19T21:59:23.851+0000] {taskinstance.py:2865} INFO - Starting attempt 1 of 1
[2025-11-19T21:59:23.862+0000] {taskinstance.py:2888} INFO - Executing <Task(BashOperator): transform_data> on 2025-11-18 00:00:00+00:00
[2025-11-19T21:59:23.869+0000] {standard_task_runner.py:104} INFO - Running: ['***', 'tasks', 'run', 'etl_pipeline', 'transform_data', 'scheduled__2025-11-18T00:00:00+00:00', '--job-id', '37', '--raw', '--subdir', 'DAGS_FOLDER/etl_pipeline_dag.py', '--cfg-path', '/tmp/tmp4mu1bscm']
[2025-11-19T21:59:23.871+0000] {standard_task_runner.py:105} INFO - Job 37: Subtask transform_data
[2025-11-19T21:59:23.871+0000] {logging_mixin.py:190} WARNING - /home/***/.local/lib/python3.12/site-packages/***/task/task_runner/standard_task_runner.py:70 DeprecationWarning: This process (pid=251) is multi-threaded, use of fork() may lead to deadlocks in the child.
[2025-11-19T21:59:23.872+0000] {standard_task_runner.py:72} INFO - Started process 253 to run task
[2025-11-19T21:59:23.914+0000] {task_command.py:467} INFO - Running <TaskInstance: etl_pipeline.transform_data scheduled__2025-11-18T00:00:00+00:00 [running]> on host b4c6e0d2ed01
[2025-11-19T21:59:23.983+0000] {taskinstance.py:3131} INFO - Exporting env vars: AIRFLOW_CTX_DAG_OWNER='***' AIRFLOW_CTX_DAG_ID='etl_pipeline' AIRFLOW_CTX_TASK_ID='transform_data' AIRFLOW_CTX_EXECUTION_DATE='2025-11-18T00:00:00+00:00' AIRFLOW_CTX_TRY_NUMBER='1' AIRFLOW_CTX_DAG_RUN_ID='scheduled__2025-11-18T00:00:00+00:00'
[2025-11-19T21:59:23.984+0000] {taskinstance.py:731} INFO - ::endgroup::
[2025-11-19T21:59:23.997+0000] {subprocess.py:63} INFO - Tmp dir root location: /tmp
[2025-11-19T21:59:23.998+0000] {subprocess.py:75} INFO - Running command: ['/usr/bin/bash', '-c', 'python /opt/***/dags/scripts/transform_data.py']
[2025-11-19T21:59:24.010+0000] {subprocess.py:86} INFO - Output:
[2025-11-19T21:59:24.784+0000] {subprocess.py:93} INFO - Files in processed data folder: ['sample1.csv', 'sample2.csv']
[2025-11-19T21:59:24.784+0000] {subprocess.py:93} INFO - 
[2025-11-19T21:59:24.784+0000] {subprocess.py:93} INFO - Transformed sample1.csv saved to /opt/***/dags/transformed_data/sample1.csv
[2025-11-19T21:59:24.785+0000] {subprocess.py:93} INFO -       name   age                email age_group  name_length email_domain
[2025-11-19T21:59:24.785+0000] {subprocess.py:93} INFO - 0    Alice  25.0    alice@example.com     Adult            5  example.com
[2025-11-19T21:59:24.785+0000] {subprocess.py:93} INFO - 1      Bob  30.0      bob@example.com     Adult            3  example.com
[2025-11-19T21:59:24.786+0000] {subprocess.py:93} INFO - 2  Charlie  27.5  charlie@example.com     Adult            7  example.com
[2025-11-19T21:59:24.786+0000] {subprocess.py:93} INFO - 
[2025-11-19T21:59:24.786+0000] {subprocess.py:93} INFO - Transformed sample2.csv saved to /opt/***/dags/transformed_data/sample2.csv
[2025-11-19T21:59:24.787+0000] {subprocess.py:93} INFO -     name   age              email   age_group  name_length email_domain
[2025-11-19T21:59:24.787+0000] {subprocess.py:93} INFO - 0  Vince  22.0  vince@example.com       Adult            5  example.com
[2025-11-19T21:59:24.787+0000] {subprocess.py:93} INFO - 1   John  56.0   john@example.com  Middle Age            4  example.com
[2025-11-19T21:59:24.787+0000] {subprocess.py:93} INFO - 2   Will  39.0   will@example.com  Middle Age            4  example.com
[2025-11-19T21:59:24.850+0000] {subprocess.py:97} INFO - Command exited with return code 0
[2025-11-19T21:59:24.873+0000] {taskinstance.py:340} INFO - ::group::Post task execution logs
[2025-11-19T21:59:24.874+0000] {taskinstance.py:352} INFO - Marking task as SUCCESS. dag_id=etl_pipeline, task_id=transform_data, run_id=scheduled__2025-11-18T00:00:00+00:00, execution_date=20251118T000000, start_date=20251119T215923, end_date=20251119T215924
[2025-11-19T21:59:24.898+0000] {local_task_job_runner.py:266} INFO - Task exited with return code 0
[2025-11-19T21:59:24.922+0000] {taskinstance.py:3900} INFO - 2 downstream tasks scheduled from follow-on schedule check
[2025-11-19T21:59:24.924+0000] {local_task_job_runner.py:245} INFO - ::endgroup::
