[2025-09-25T22:15:56.671+0000] {manager.py:483} INFO - Processing files using up to 2 processes at a time 
[2025-09-25T22:15:56.671+0000] {manager.py:484} INFO - Process each file at most once every 30 seconds
[2025-09-25T22:15:56.672+0000] {manager.py:485} INFO - Checking for new files in /opt/airflow/dags every 300 seconds
[2025-09-25T22:15:56.672+0000] {manager.py:821} INFO - Searching for files in /opt/airflow/dags
[2025-09-25T22:15:56.684+0000] {manager.py:824} INFO - There are 2 files in /opt/airflow/dags
[2025-09-25T22:15:56.769+0000] {manager.py:997} INFO - 
================================================================================
DAG File Processing Stats

File Path                                PID  Runtime      # DAGs    # Errors  Last Runtime    Last Run      Last # of DB Queries
-------------------------------------  -----  ---------  --------  ----------  --------------  ----------  ----------------------
/opt/airflow/dags/etl_dag.py             172  0.04s             0           0                                                   0
/opt/airflow/dags/etl_pipeline_dag.py    175  0.02s             0           0                                                   0
================================================================================
[2025-09-25T22:15:57.128+0000] {manager.py:1146} ERROR - Processor for /opt/airflow/dags/etl_pipeline_dag.py exited with return code 1.
[2025-09-25T22:16:25.859+0000] {manager.py:997} INFO - 
================================================================================
DAG File Processing Stats

File Path                              PID    Runtime      # DAGs    # Errors  Last Runtime    Last Run               Last # of DB Queries
-------------------------------------  -----  ---------  --------  ----------  --------------  -------------------  ----------------------
/opt/airflow/dags/etl_pipeline_dag.py                           0          -1  0.39s           2025-09-25T22:15:57                       0
/opt/airflow/dags/etl_dag.py                                    1           0  0.38s           2025-09-25T22:15:57                      43
================================================================================
[2025-09-25T22:16:54.429+0000] {manager.py:997} INFO - 
================================================================================
DAG File Processing Stats

File Path                              PID    Runtime      # DAGs    # Errors  Last Runtime    Last Run               Last # of DB Queries
-------------------------------------  -----  ---------  --------  ----------  --------------  -------------------  ----------------------
/opt/airflow/dags/etl_pipeline_dag.py                           1           0  0.21s           2025-09-25T22:16:28                      34
/opt/airflow/dags/etl_dag.py                                    1           0  0.13s           2025-09-25T22:16:28                      10
================================================================================
[2025-09-25T22:17:22.534+0000] {manager.py:997} INFO - 
================================================================================
DAG File Processing Stats

File Path                              PID    Runtime      # DAGs    # Errors  Last Runtime    Last Run               Last # of DB Queries
-------------------------------------  -----  ---------  --------  ----------  --------------  -------------------  ----------------------
/opt/airflow/dags/etl_dag.py                                    1           0  0.41s           2025-09-25T22:16:59                      32
/opt/airflow/dags/etl_pipeline_dag.py                           1           0  0.14s           2025-09-25T22:16:59                      12
================================================================================
[2025-09-25T22:17:51.412+0000] {manager.py:997} INFO - 
================================================================================
DAG File Processing Stats

File Path                              PID    Runtime      # DAGs    # Errors  Last Runtime    Last Run               Last # of DB Queries
-------------------------------------  -----  ---------  --------  ----------  --------------  -------------------  ----------------------
/opt/airflow/dags/etl_pipeline_dag.py                           1           0  0.21s           2025-09-25T22:17:29                      34
/opt/airflow/dags/etl_dag.py                                    1           0  0.12s           2025-09-25T22:17:29                      10
================================================================================
[2025-09-25T22:18:19.193+0000] {manager.py:997} INFO - 
================================================================================
DAG File Processing Stats

File Path                              PID    Runtime      # DAGs    # Errors  Last Runtime    Last Run               Last # of DB Queries
-------------------------------------  -----  ---------  --------  ----------  --------------  -------------------  ----------------------
/opt/airflow/dags/etl_dag.py                                    1           0  0.20s           2025-09-25T22:18:00                      32
/opt/airflow/dags/etl_pipeline_dag.py                           1           0  0.12s           2025-09-25T22:18:00                      12
================================================================================
[2025-09-25T22:18:47.627+0000] {manager.py:997} INFO - 
================================================================================
DAG File Processing Stats

File Path                              PID    Runtime      # DAGs    # Errors  Last Runtime    Last Run               Last # of DB Queries
-------------------------------------  -----  ---------  --------  ----------  --------------  -------------------  ----------------------
/opt/airflow/dags/etl_pipeline_dag.py                           1           0  0.21s           2025-09-25T22:18:31                      34
/opt/airflow/dags/etl_dag.py                                    1           0  0.13s           2025-09-25T22:18:31                      10
================================================================================
[2025-09-25T22:19:16.074+0000] {manager.py:997} INFO - 
================================================================================
DAG File Processing Stats

File Path                              PID    Runtime      # DAGs    # Errors  Last Runtime    Last Run               Last # of DB Queries
-------------------------------------  -----  ---------  --------  ----------  --------------  -------------------  ----------------------
/opt/airflow/dags/etl_dag.py                                    1           0  0.19s           2025-09-25T22:19:01                      32
/opt/airflow/dags/etl_pipeline_dag.py                           1           0  0.12s           2025-09-25T22:19:01                      12
================================================================================
[2025-09-25T22:19:16.484+0000] {manager.py:465} INFO - Exiting gracefully upon receiving signal 15
[2025-09-25T22:19:51.495+0000] {manager.py:483} INFO - Processing files using up to 2 processes at a time 
[2025-09-25T22:19:51.496+0000] {manager.py:484} INFO - Process each file at most once every 30 seconds
[2025-09-25T22:19:51.496+0000] {manager.py:485} INFO - Checking for new files in /opt/airflow/dags every 300 seconds
[2025-09-25T22:19:51.497+0000] {manager.py:821} INFO - Searching for files in /opt/airflow/dags
[2025-09-25T22:19:51.522+0000] {manager.py:824} INFO - There are 2 files in /opt/airflow/dags
[2025-09-25T22:19:51.603+0000] {manager.py:997} INFO - 
================================================================================
DAG File Processing Stats

File Path                                PID  Runtime      # DAGs    # Errors  Last Runtime    Last Run      Last # of DB Queries
-------------------------------------  -----  ---------  --------  ----------  --------------  ----------  ----------------------
/opt/airflow/dags/etl_dag.py             172  0.04s             0           0                                                   0
/opt/airflow/dags/etl_pipeline_dag.py    175  0.02s             0           0                                                   0
================================================================================
[2025-09-25T22:20:19.887+0000] {manager.py:997} INFO - 
================================================================================
DAG File Processing Stats

File Path                              PID    Runtime      # DAGs    # Errors  Last Runtime    Last Run               Last # of DB Queries
-------------------------------------  -----  ---------  --------  ----------  --------------  -------------------  ----------------------
/opt/airflow/dags/etl_pipeline_dag.py                           1           0  0.33s           2025-09-25T22:19:51                      34
/opt/airflow/dags/etl_dag.py                                    1           0  0.14s           2025-09-25T22:19:51                      10
================================================================================
[2025-09-25T22:20:48.235+0000] {manager.py:997} INFO - 
================================================================================
DAG File Processing Stats

File Path                              PID    Runtime      # DAGs    # Errors  Last Runtime    Last Run               Last # of DB Queries
-------------------------------------  -----  ---------  --------  ----------  --------------  -------------------  ----------------------
/opt/airflow/dags/etl_dag.py                                    1           0  0.21s           2025-09-25T22:20:22                      32
/opt/airflow/dags/etl_pipeline_dag.py                           1           0  0.13s           2025-09-25T22:20:22                      12
================================================================================
[2025-09-25T22:21:16.441+0000] {manager.py:997} INFO - 
================================================================================
DAG File Processing Stats

File Path                              PID    Runtime      # DAGs    # Errors  Last Runtime    Last Run               Last # of DB Queries
-------------------------------------  -----  ---------  --------  ----------  --------------  -------------------  ----------------------
/opt/airflow/dags/etl_pipeline_dag.py                           1           0  0.20s           2025-09-25T22:20:52                      34
/opt/airflow/dags/etl_dag.py                                    1           0  0.11s           2025-09-25T22:20:52                      10
================================================================================
[2025-09-25T22:21:43.954+0000] {manager.py:997} INFO - 
================================================================================
DAG File Processing Stats

File Path                              PID    Runtime      # DAGs    # Errors  Last Runtime    Last Run               Last # of DB Queries
-------------------------------------  -----  ---------  --------  ----------  --------------  -------------------  ----------------------
/opt/airflow/dags/etl_dag.py                                    1           0  0.19s           2025-09-25T22:21:22                      32
/opt/airflow/dags/etl_pipeline_dag.py                           1           0  0.13s           2025-09-25T22:21:22                      12
================================================================================
[2025-09-25T22:22:11.510+0000] {manager.py:997} INFO - 
================================================================================
DAG File Processing Stats

File Path                              PID    Runtime      # DAGs    # Errors  Last Runtime    Last Run               Last # of DB Queries
-------------------------------------  -----  ---------  --------  ----------  --------------  -------------------  ----------------------
/opt/airflow/dags/etl_pipeline_dag.py                           1           0  0.19s           2025-09-25T22:21:53                      34
/opt/airflow/dags/etl_dag.py                                    1           0  0.12s           2025-09-25T22:21:53                      10
================================================================================
[2025-09-25T22:22:40.007+0000] {manager.py:997} INFO - 
================================================================================
DAG File Processing Stats

File Path                              PID    Runtime      # DAGs    # Errors  Last Runtime    Last Run               Last # of DB Queries
-------------------------------------  -----  ---------  --------  ----------  --------------  -------------------  ----------------------
/opt/airflow/dags/etl_dag.py                                    1           0  0.19s           2025-09-25T22:22:24                      32
/opt/airflow/dags/etl_pipeline_dag.py                           1           0  0.12s           2025-09-25T22:22:24                      12
================================================================================
[2025-09-25T22:23:08.129+0000] {manager.py:997} INFO - 
================================================================================
DAG File Processing Stats

File Path                              PID    Runtime      # DAGs    # Errors  Last Runtime    Last Run               Last # of DB Queries
-------------------------------------  -----  ---------  --------  ----------  --------------  -------------------  ----------------------
/opt/airflow/dags/etl_pipeline_dag.py                           1           0  0.20s           2025-09-25T22:22:54                      34
/opt/airflow/dags/etl_dag.py                                    1           0  0.12s           2025-09-25T22:22:54                      10
================================================================================
[2025-09-25T22:23:36.373+0000] {manager.py:997} INFO - 
================================================================================
DAG File Processing Stats

File Path                              PID    Runtime      # DAGs    # Errors  Last Runtime    Last Run               Last # of DB Queries
-------------------------------------  -----  ---------  --------  ----------  --------------  -------------------  ----------------------
/opt/airflow/dags/etl_dag.py                                    1           0  0.21s           2025-09-25T22:23:24                      32
/opt/airflow/dags/etl_pipeline_dag.py                           1           0  0.13s           2025-09-25T22:23:24                      12
================================================================================
[2025-09-25T22:24:04.022+0000] {manager.py:997} INFO - 
================================================================================
DAG File Processing Stats

File Path                              PID    Runtime      # DAGs    # Errors  Last Runtime    Last Run               Last # of DB Queries
-------------------------------------  -----  ---------  --------  ----------  --------------  -------------------  ----------------------
/opt/airflow/dags/etl_pipeline_dag.py                           1           0  0.20s           2025-09-25T22:23:54                      34
/opt/airflow/dags/etl_dag.py                                    1           0  0.12s           2025-09-25T22:23:54                      10
================================================================================
[2025-09-25T22:24:32.469+0000] {manager.py:997} INFO - 
================================================================================
DAG File Processing Stats

File Path                              PID    Runtime      # DAGs    # Errors  Last Runtime    Last Run               Last # of DB Queries
-------------------------------------  -----  ---------  --------  ----------  --------------  -------------------  ----------------------
/opt/airflow/dags/etl_dag.py                                    1           0  0.19s           2025-09-25T22:24:25                      32
/opt/airflow/dags/etl_pipeline_dag.py                           1           0  0.12s           2025-09-25T22:24:25                      12
================================================================================
[2025-09-25T22:24:52.010+0000] {manager.py:821} INFO - Searching for files in /opt/airflow/dags
[2025-09-25T22:24:52.034+0000] {manager.py:824} INFO - There are 2 files in /opt/airflow/dags
[2025-09-25T22:25:00.275+0000] {manager.py:997} INFO - 
================================================================================
DAG File Processing Stats

File Path                              PID    Runtime      # DAGs    # Errors  Last Runtime    Last Run               Last # of DB Queries
-------------------------------------  -----  ---------  --------  ----------  --------------  -------------------  ----------------------
/opt/airflow/dags/etl_pipeline_dag.py                           1           0  0.37s           2025-09-25T22:24:56                      34
/opt/airflow/dags/etl_dag.py                                    1           0  0.11s           2025-09-25T22:24:55                      10
================================================================================
[2025-09-25T22:25:28.688+0000] {manager.py:997} INFO - 
================================================================================
DAG File Processing Stats

File Path                              PID    Runtime      # DAGs    # Errors  Last Runtime    Last Run               Last # of DB Queries
-------------------------------------  -----  ---------  --------  ----------  --------------  -------------------  ----------------------
/opt/airflow/dags/etl_dag.py                                    1           0  0.35s           2025-09-25T22:25:26                      32
/opt/airflow/dags/etl_pipeline_dag.py                           1           0  0.12s           2025-09-25T22:25:26                      12
================================================================================
[2025-09-25T22:25:56.446+0000] {manager.py:997} INFO - 
================================================================================
DAG File Processing Stats

File Path                              PID    Runtime      # DAGs    # Errors  Last Runtime    Last Run               Last # of DB Queries
-------------------------------------  -----  ---------  --------  ----------  --------------  -------------------  ----------------------
/opt/airflow/dags/etl_dag.py                                    1           0  0.35s           2025-09-25T22:25:26                      32
/opt/airflow/dags/etl_pipeline_dag.py                           1           0  0.12s           2025-09-25T22:25:26                      12
================================================================================
[2025-09-25T22:26:24.149+0000] {manager.py:997} INFO - 
================================================================================
DAG File Processing Stats

File Path                              PID    Runtime      # DAGs    # Errors  Last Runtime    Last Run               Last # of DB Queries
-------------------------------------  -----  ---------  --------  ----------  --------------  -------------------  ----------------------
/opt/airflow/dags/etl_pipeline_dag.py                           1           0  0.37s           2025-09-25T22:25:57                      34
/opt/airflow/dags/etl_dag.py                                    1           0  0.13s           2025-09-25T22:25:57                      10
================================================================================
[2025-09-25T22:26:51.855+0000] {manager.py:997} INFO - 
================================================================================
DAG File Processing Stats

File Path                              PID    Runtime      # DAGs    # Errors  Last Runtime    Last Run               Last # of DB Queries
-------------------------------------  -----  ---------  --------  ----------  --------------  -------------------  ----------------------
/opt/airflow/dags/etl_dag.py                                    1           0  0.20s           2025-09-25T22:26:28                      32
/opt/airflow/dags/etl_pipeline_dag.py                           1           0  0.12s           2025-09-25T22:26:28                      12
================================================================================
[2025-09-25T22:27:19.850+0000] {manager.py:997} INFO - 
================================================================================
DAG File Processing Stats

File Path                              PID    Runtime      # DAGs    # Errors  Last Runtime    Last Run               Last # of DB Queries
-------------------------------------  -----  ---------  --------  ----------  --------------  -------------------  ----------------------
/opt/airflow/dags/etl_pipeline_dag.py                           1           0  0.21s           2025-09-25T22:26:59                      34
/opt/airflow/dags/etl_dag.py                                    1           0  0.12s           2025-09-25T22:26:59                      10
================================================================================
[2025-09-25T22:27:48.044+0000] {manager.py:997} INFO - 
================================================================================
DAG File Processing Stats

File Path                              PID    Runtime      # DAGs    # Errors  Last Runtime    Last Run               Last # of DB Queries
-------------------------------------  -----  ---------  --------  ----------  --------------  -------------------  ----------------------
/opt/airflow/dags/etl_dag.py                                    1           0  0.20s           2025-09-25T22:27:30                      32
/opt/airflow/dags/etl_pipeline_dag.py                           1           0  0.12s           2025-09-25T22:27:30                      12
================================================================================
[2025-09-25T22:28:16.619+0000] {manager.py:997} INFO - 
================================================================================
DAG File Processing Stats

File Path                              PID    Runtime      # DAGs    # Errors  Last Runtime    Last Run               Last # of DB Queries
-------------------------------------  -----  ---------  --------  ----------  --------------  -------------------  ----------------------
/opt/airflow/dags/etl_pipeline_dag.py                           1           0  0.38s           2025-09-25T22:28:00                      34
/opt/airflow/dags/etl_dag.py                                    1           0  0.13s           2025-09-25T22:28:00                      10
================================================================================
[2025-09-25T22:28:44.111+0000] {manager.py:997} INFO - 
================================================================================
DAG File Processing Stats

File Path                              PID    Runtime      # DAGs    # Errors  Last Runtime    Last Run               Last # of DB Queries
-------------------------------------  -----  ---------  --------  ----------  --------------  -------------------  ----------------------
/opt/airflow/dags/etl_dag.py                                    1           0  0.39s           2025-09-25T22:28:31                      32
/opt/airflow/dags/etl_pipeline_dag.py                           1           0  0.13s           2025-09-25T22:28:31                      12
================================================================================
[2025-09-25T22:29:11.798+0000] {manager.py:997} INFO - 
================================================================================
DAG File Processing Stats

File Path                              PID    Runtime      # DAGs    # Errors  Last Runtime    Last Run               Last # of DB Queries
-------------------------------------  -----  ---------  --------  ----------  --------------  -------------------  ----------------------
/opt/airflow/dags/etl_pipeline_dag.py                           1           0  0.35s           2025-09-25T22:29:02                      34
/opt/airflow/dags/etl_dag.py                                    1           0  0.23s           2025-09-25T22:29:02                      10
================================================================================
[2025-09-25T22:29:39.159+0000] {manager.py:997} INFO - 
================================================================================
DAG File Processing Stats

File Path                              PID    Runtime      # DAGs    # Errors  Last Runtime    Last Run               Last # of DB Queries
-------------------------------------  -----  ---------  --------  ----------  --------------  -------------------  ----------------------
/opt/airflow/dags/etl_dag.py                                    1           0  0.22s           2025-09-25T22:29:33                      32
/opt/airflow/dags/etl_pipeline_dag.py                           1           0  0.14s           2025-09-25T22:29:33                      12
================================================================================
[2025-09-25T22:29:52.548+0000] {manager.py:821} INFO - Searching for files in /opt/airflow/dags
[2025-09-25T22:29:52.574+0000] {manager.py:824} INFO - There are 2 files in /opt/airflow/dags
[2025-09-25T22:30:06.836+0000] {manager.py:997} INFO - 
================================================================================
DAG File Processing Stats

File Path                              PID    Runtime      # DAGs    # Errors  Last Runtime    Last Run               Last # of DB Queries
-------------------------------------  -----  ---------  --------  ----------  --------------  -------------------  ----------------------
/opt/airflow/dags/etl_pipeline_dag.py                           1           0  0.19s           2025-09-25T22:30:03                      34
/opt/airflow/dags/etl_dag.py                                    1           0  0.11s           2025-09-25T22:30:03                      10
================================================================================
[2025-09-25T22:30:35.260+0000] {manager.py:997} INFO - 
================================================================================
DAG File Processing Stats

File Path                              PID    Runtime      # DAGs    # Errors  Last Runtime    Last Run               Last # of DB Queries
-------------------------------------  -----  ---------  --------  ----------  --------------  -------------------  ----------------------
/opt/airflow/dags/etl_dag.py                                    1           0  0.20s           2025-09-25T22:30:34                      32
/opt/airflow/dags/etl_pipeline_dag.py                           1           0  0.12s           2025-09-25T22:30:34                      12
================================================================================
[2025-09-25T22:31:04.651+0000] {manager.py:997} INFO - 
================================================================================
DAG File Processing Stats

File Path                                PID  Runtime      # DAGs    # Errors  Last Runtime    Last Run               Last # of DB Queries
-------------------------------------  -----  ---------  --------  ----------  --------------  -------------------  ----------------------
/opt/airflow/dags/etl_pipeline_dag.py    395  0.10s             1           0  0.12s           2025-09-25T22:30:34                      12
/opt/airflow/dags/etl_dag.py                                    1           0  0.11s           2025-09-25T22:31:04                      10
================================================================================
[2025-09-25T22:31:30.827+0000] {manager.py:997} INFO - 
================================================================================
DAG File Processing Stats

File Path                              PID    Runtime      # DAGs    # Errors  Last Runtime    Last Run               Last # of DB Queries
-------------------------------------  -----  ---------  --------  ----------  --------------  -------------------  ----------------------
/opt/airflow/dags/etl_pipeline_dag.py                           1           0  0.35s           2025-09-25T22:31:04                      34
/opt/airflow/dags/etl_dag.py                                    1           0  0.11s           2025-09-25T22:31:04                      10
================================================================================
[2025-09-25T22:31:58.466+0000] {manager.py:997} INFO - 
================================================================================
DAG File Processing Stats

File Path                              PID    Runtime      # DAGs    # Errors  Last Runtime    Last Run               Last # of DB Queries
-------------------------------------  -----  ---------  --------  ----------  --------------  -------------------  ----------------------
/opt/airflow/dags/etl_dag.py                                    1           0  0.37s           2025-09-25T22:31:35                      32
/opt/airflow/dags/etl_pipeline_dag.py                           1           0  0.12s           2025-09-25T22:31:35                      12
================================================================================
