[2025-11-20T22:32:54.479+0000] {local_task_job_runner.py:123} INFO - ::group::Pre task execution logs
[2025-11-20T22:32:54.496+0000] {taskinstance.py:2612} INFO - Dependencies all met for dep_context=non-requeueable deps ti=<TaskInstance: etl_pipeline.ingest_data scheduled__2025-11-19T00:00:00+00:00 [queued]>
[2025-11-20T22:32:54.503+0000] {taskinstance.py:2612} INFO - Dependencies all met for dep_context=requeueable deps ti=<TaskInstance: etl_pipeline.ingest_data scheduled__2025-11-19T00:00:00+00:00 [queued]>
[2025-11-20T22:32:54.504+0000] {taskinstance.py:2865} INFO - Starting attempt 1 of 1
[2025-11-20T22:32:54.514+0000] {taskinstance.py:2888} INFO - Executing <Task(BashOperator): ingest_data> on 2025-11-19 00:00:00+00:00
[2025-11-20T22:32:54.523+0000] {standard_task_runner.py:104} INFO - Running: ['***', 'tasks', 'run', 'etl_pipeline', 'ingest_data', 'scheduled__2025-11-19T00:00:00+00:00', '--job-id', '3', '--raw', '--subdir', 'DAGS_FOLDER/etl_pipeline_dag.py', '--cfg-path', '/tmp/tmpjgvbbk02']
[2025-11-20T22:32:54.525+0000] {logging_mixin.py:190} WARNING - /home/***/.local/lib/python3.12/site-packages/***/task/task_runner/standard_task_runner.py:70 DeprecationWarning: This process (pid=234) is multi-threaded, use of fork() may lead to deadlocks in the child.
[2025-11-20T22:32:54.526+0000] {standard_task_runner.py:105} INFO - Job 3: Subtask ingest_data
[2025-11-20T22:32:54.526+0000] {standard_task_runner.py:72} INFO - Started process 235 to run task
[2025-11-20T22:32:54.575+0000] {task_command.py:467} INFO - Running <TaskInstance: etl_pipeline.ingest_data scheduled__2025-11-19T00:00:00+00:00 [running]> on host e3a8374b0d29
[2025-11-20T22:32:54.658+0000] {taskinstance.py:3131} INFO - Exporting env vars: AIRFLOW_CTX_DAG_OWNER='***' AIRFLOW_CTX_DAG_ID='etl_pipeline' AIRFLOW_CTX_TASK_ID='ingest_data' AIRFLOW_CTX_EXECUTION_DATE='2025-11-19T00:00:00+00:00' AIRFLOW_CTX_TRY_NUMBER='1' AIRFLOW_CTX_DAG_RUN_ID='scheduled__2025-11-19T00:00:00+00:00'
[2025-11-20T22:32:54.659+0000] {taskinstance.py:731} INFO - ::endgroup::
[2025-11-20T22:32:54.690+0000] {subprocess.py:63} INFO - Tmp dir root location: /tmp
[2025-11-20T22:32:54.692+0000] {subprocess.py:75} INFO - Running command: ['/usr/bin/bash', '-c', 'python /opt/***/dags/scripts/ingest_data.py']
[2025-11-20T22:32:54.704+0000] {subprocess.py:86} INFO - Output:
[2025-11-20T22:32:55.605+0000] {subprocess.py:93} INFO - Files in raw data folder: ['sample1.csv', 'sample2.csv']
[2025-11-20T22:32:55.606+0000] {subprocess.py:93} INFO - 
[2025-11-20T22:32:55.607+0000] {subprocess.py:93} INFO - Processed sample1.csv saved to /opt/***/dags/processed_data/sample1.csv
[2025-11-20T22:32:55.607+0000] {subprocess.py:93} INFO -       name   age                email
[2025-11-20T22:32:55.607+0000] {subprocess.py:93} INFO - 0    Alice  25.0    alice@example.com
[2025-11-20T22:32:55.608+0000] {subprocess.py:93} INFO - 1      Bob  30.0      bob@example.com
[2025-11-20T22:32:55.608+0000] {subprocess.py:93} INFO - 2  Charlie  27.5  charlie@example.com
[2025-11-20T22:32:55.609+0000] {subprocess.py:93} INFO - 
[2025-11-20T22:32:55.609+0000] {subprocess.py:93} INFO - Processed sample2.csv saved to /opt/***/dags/processed_data/sample2.csv
[2025-11-20T22:32:55.609+0000] {subprocess.py:93} INFO -     name   age              email
[2025-11-20T22:32:55.609+0000] {subprocess.py:93} INFO - 0  Vince  22.0  vince@example.com
[2025-11-20T22:32:55.610+0000] {subprocess.py:93} INFO - 1   John  56.0   john@example.com
[2025-11-20T22:32:55.610+0000] {subprocess.py:93} INFO - 2   Will  39.0   will@example.com
[2025-11-20T22:32:55.679+0000] {subprocess.py:97} INFO - Command exited with return code 0
[2025-11-20T22:32:55.702+0000] {taskinstance.py:340} INFO - ::group::Post task execution logs
[2025-11-20T22:32:55.703+0000] {taskinstance.py:352} INFO - Marking task as SUCCESS. dag_id=etl_pipeline, task_id=ingest_data, run_id=scheduled__2025-11-19T00:00:00+00:00, execution_date=20251119T000000, start_date=20251120T223254, end_date=20251120T223255
[2025-11-20T22:32:55.725+0000] {local_task_job_runner.py:266} INFO - Task exited with return code 0
[2025-11-20T22:32:55.747+0000] {taskinstance.py:3900} INFO - 1 downstream tasks scheduled from follow-on schedule check
[2025-11-20T22:32:55.749+0000] {local_task_job_runner.py:245} INFO - ::endgroup::
[2025-11-20T22:43:07.177+0000] {local_task_job_runner.py:123} INFO - ::group::Pre task execution logs
[2025-11-20T22:43:07.192+0000] {taskinstance.py:2612} INFO - Dependencies all met for dep_context=non-requeueable deps ti=<TaskInstance: etl_pipeline.ingest_data scheduled__2025-11-19T00:00:00+00:00 [queued]>
[2025-11-20T22:43:07.200+0000] {taskinstance.py:2612} INFO - Dependencies all met for dep_context=requeueable deps ti=<TaskInstance: etl_pipeline.ingest_data scheduled__2025-11-19T00:00:00+00:00 [queued]>
[2025-11-20T22:43:07.200+0000] {taskinstance.py:2865} INFO - Starting attempt 1 of 1
[2025-11-20T22:43:07.213+0000] {taskinstance.py:2888} INFO - Executing <Task(BashOperator): ingest_data> on 2025-11-19 00:00:00+00:00
[2025-11-20T22:43:07.221+0000] {standard_task_runner.py:104} INFO - Running: ['***', 'tasks', 'run', 'etl_pipeline', 'ingest_data', 'scheduled__2025-11-19T00:00:00+00:00', '--job-id', '3', '--raw', '--subdir', 'DAGS_FOLDER/etl_pipeline_dag.py', '--cfg-path', '/tmp/tmp9iawkjbx']
[2025-11-20T22:43:07.224+0000] {logging_mixin.py:190} WARNING - /home/***/.local/lib/python3.12/site-packages/***/task/task_runner/standard_task_runner.py:70 DeprecationWarning: This process (pid=280) is multi-threaded, use of fork() may lead to deadlocks in the child.
[2025-11-20T22:43:07.224+0000] {standard_task_runner.py:105} INFO - Job 3: Subtask ingest_data
[2025-11-20T22:43:07.224+0000] {standard_task_runner.py:72} INFO - Started process 283 to run task
[2025-11-20T22:43:07.272+0000] {task_command.py:467} INFO - Running <TaskInstance: etl_pipeline.ingest_data scheduled__2025-11-19T00:00:00+00:00 [running]> on host 56fecf72cd7e
[2025-11-20T22:43:07.350+0000] {taskinstance.py:3131} INFO - Exporting env vars: AIRFLOW_CTX_DAG_OWNER='***' AIRFLOW_CTX_DAG_ID='etl_pipeline' AIRFLOW_CTX_TASK_ID='ingest_data' AIRFLOW_CTX_EXECUTION_DATE='2025-11-19T00:00:00+00:00' AIRFLOW_CTX_TRY_NUMBER='1' AIRFLOW_CTX_DAG_RUN_ID='scheduled__2025-11-19T00:00:00+00:00'
[2025-11-20T22:43:07.351+0000] {taskinstance.py:731} INFO - ::endgroup::
[2025-11-20T22:43:07.376+0000] {subprocess.py:63} INFO - Tmp dir root location: /tmp
[2025-11-20T22:43:07.377+0000] {subprocess.py:75} INFO - Running command: ['/usr/bin/bash', '-c', 'python /opt/***/dags/scripts/ingest_data.py']
[2025-11-20T22:43:07.389+0000] {subprocess.py:86} INFO - Output:
[2025-11-20T22:43:08.220+0000] {subprocess.py:93} INFO - Files in raw data folder: ['sample1.csv', 'sample2.csv']
[2025-11-20T22:43:08.221+0000] {subprocess.py:93} INFO - 
[2025-11-20T22:43:08.222+0000] {subprocess.py:93} INFO - Processed sample1.csv saved to /opt/***/dags/processed_data/sample1.csv
[2025-11-20T22:43:08.222+0000] {subprocess.py:93} INFO -       name   age                email
[2025-11-20T22:43:08.222+0000] {subprocess.py:93} INFO - 0    Alice  25.0    alice@example.com
[2025-11-20T22:43:08.223+0000] {subprocess.py:93} INFO - 1      Bob  30.0      bob@example.com
[2025-11-20T22:43:08.223+0000] {subprocess.py:93} INFO - 2  Charlie  27.5  charlie@example.com
[2025-11-20T22:43:08.223+0000] {subprocess.py:93} INFO - 
[2025-11-20T22:43:08.224+0000] {subprocess.py:93} INFO - Processed sample2.csv saved to /opt/***/dags/processed_data/sample2.csv
[2025-11-20T22:43:08.224+0000] {subprocess.py:93} INFO -     name   age              email
[2025-11-20T22:43:08.224+0000] {subprocess.py:93} INFO - 0  Vince  22.0  vince@example.com
[2025-11-20T22:43:08.225+0000] {subprocess.py:93} INFO - 1   John  56.0   john@example.com
[2025-11-20T22:43:08.225+0000] {subprocess.py:93} INFO - 2   Will  39.0   will@example.com
[2025-11-20T22:43:08.293+0000] {subprocess.py:97} INFO - Command exited with return code 0
[2025-11-20T22:43:08.314+0000] {taskinstance.py:340} INFO - ::group::Post task execution logs
[2025-11-20T22:43:08.315+0000] {taskinstance.py:352} INFO - Marking task as SUCCESS. dag_id=etl_pipeline, task_id=ingest_data, run_id=scheduled__2025-11-19T00:00:00+00:00, execution_date=20251119T000000, start_date=20251120T224307, end_date=20251120T224308
[2025-11-20T22:43:08.352+0000] {local_task_job_runner.py:266} INFO - Task exited with return code 0
[2025-11-20T22:43:08.374+0000] {taskinstance.py:3900} INFO - 1 downstream tasks scheduled from follow-on schedule check
[2025-11-20T22:43:08.375+0000] {local_task_job_runner.py:245} INFO - ::endgroup::
