[2025-11-20T22:32:56.149+0000] {local_task_job_runner.py:123} INFO - ::group::Pre task execution logs
[2025-11-20T22:32:56.164+0000] {taskinstance.py:2612} INFO - Dependencies all met for dep_context=non-requeueable deps ti=<TaskInstance: etl_pipeline.transform_data scheduled__2025-11-19T00:00:00+00:00 [queued]>
[2025-11-20T22:32:56.170+0000] {taskinstance.py:2612} INFO - Dependencies all met for dep_context=requeueable deps ti=<TaskInstance: etl_pipeline.transform_data scheduled__2025-11-19T00:00:00+00:00 [queued]>
[2025-11-20T22:32:56.171+0000] {taskinstance.py:2865} INFO - Starting attempt 1 of 1
[2025-11-20T22:32:56.182+0000] {taskinstance.py:2888} INFO - Executing <Task(BashOperator): transform_data> on 2025-11-19 00:00:00+00:00
[2025-11-20T22:32:56.191+0000] {standard_task_runner.py:104} INFO - Running: ['***', 'tasks', 'run', 'etl_pipeline', 'transform_data', 'scheduled__2025-11-19T00:00:00+00:00', '--job-id', '4', '--raw', '--subdir', 'DAGS_FOLDER/etl_pipeline_dag.py', '--cfg-path', '/tmp/tmp2qqvz741']
[2025-11-20T22:32:56.194+0000] {standard_task_runner.py:105} INFO - Job 4: Subtask transform_data
[2025-11-20T22:32:56.194+0000] {logging_mixin.py:190} WARNING - /home/***/.local/lib/python3.12/site-packages/***/task/task_runner/standard_task_runner.py:70 DeprecationWarning: This process (pid=254) is multi-threaded, use of fork() may lead to deadlocks in the child.
[2025-11-20T22:32:56.195+0000] {standard_task_runner.py:72} INFO - Started process 255 to run task
[2025-11-20T22:32:56.242+0000] {task_command.py:467} INFO - Running <TaskInstance: etl_pipeline.transform_data scheduled__2025-11-19T00:00:00+00:00 [running]> on host e3a8374b0d29
[2025-11-20T22:32:56.317+0000] {taskinstance.py:3131} INFO - Exporting env vars: AIRFLOW_CTX_DAG_OWNER='***' AIRFLOW_CTX_DAG_ID='etl_pipeline' AIRFLOW_CTX_TASK_ID='transform_data' AIRFLOW_CTX_EXECUTION_DATE='2025-11-19T00:00:00+00:00' AIRFLOW_CTX_TRY_NUMBER='1' AIRFLOW_CTX_DAG_RUN_ID='scheduled__2025-11-19T00:00:00+00:00'
[2025-11-20T22:32:56.318+0000] {taskinstance.py:731} INFO - ::endgroup::
[2025-11-20T22:32:56.333+0000] {subprocess.py:63} INFO - Tmp dir root location: /tmp
[2025-11-20T22:32:56.335+0000] {subprocess.py:75} INFO - Running command: ['/usr/bin/bash', '-c', 'python /opt/***/dags/scripts/transform_data.py']
[2025-11-20T22:32:56.347+0000] {subprocess.py:86} INFO - Output:
[2025-11-20T22:32:57.132+0000] {subprocess.py:93} INFO - Files in processed data folder: ['sample1.csv', 'sample2.csv']
[2025-11-20T22:32:57.133+0000] {subprocess.py:93} INFO - 
[2025-11-20T22:32:57.133+0000] {subprocess.py:93} INFO - Transformed sample1.csv saved to /opt/***/dags/transformed_data/sample1.csv
[2025-11-20T22:32:57.133+0000] {subprocess.py:93} INFO -       name   age                email age_group  name_length email_domain
[2025-11-20T22:32:57.134+0000] {subprocess.py:93} INFO - 0    Alice  25.0    alice@example.com     Adult            5  example.com
[2025-11-20T22:32:57.134+0000] {subprocess.py:93} INFO - 1      Bob  30.0      bob@example.com     Adult            3  example.com
[2025-11-20T22:32:57.134+0000] {subprocess.py:93} INFO - 2  Charlie  27.5  charlie@example.com     Adult            7  example.com
[2025-11-20T22:32:57.135+0000] {subprocess.py:93} INFO - 
[2025-11-20T22:32:57.135+0000] {subprocess.py:93} INFO - Transformed sample2.csv saved to /opt/***/dags/transformed_data/sample2.csv
[2025-11-20T22:32:57.136+0000] {subprocess.py:93} INFO -     name   age              email   age_group  name_length email_domain
[2025-11-20T22:32:57.136+0000] {subprocess.py:93} INFO - 0  Vince  22.0  vince@example.com       Adult            5  example.com
[2025-11-20T22:32:57.136+0000] {subprocess.py:93} INFO - 1   John  56.0   john@example.com  Middle Age            4  example.com
[2025-11-20T22:32:57.137+0000] {subprocess.py:93} INFO - 2   Will  39.0   will@example.com  Middle Age            4  example.com
[2025-11-20T22:32:57.197+0000] {subprocess.py:97} INFO - Command exited with return code 0
[2025-11-20T22:32:57.222+0000] {taskinstance.py:340} INFO - ::group::Post task execution logs
[2025-11-20T22:32:57.222+0000] {taskinstance.py:352} INFO - Marking task as SUCCESS. dag_id=etl_pipeline, task_id=transform_data, run_id=scheduled__2025-11-19T00:00:00+00:00, execution_date=20251119T000000, start_date=20251120T223256, end_date=20251120T223257
[2025-11-20T22:32:57.269+0000] {local_task_job_runner.py:266} INFO - Task exited with return code 0
[2025-11-20T22:32:57.289+0000] {taskinstance.py:3900} INFO - 2 downstream tasks scheduled from follow-on schedule check
[2025-11-20T22:32:57.291+0000] {local_task_job_runner.py:245} INFO - ::endgroup::
[2025-11-20T22:43:09.270+0000] {local_task_job_runner.py:123} INFO - ::group::Pre task execution logs
[2025-11-20T22:43:09.286+0000] {taskinstance.py:2612} INFO - Dependencies all met for dep_context=non-requeueable deps ti=<TaskInstance: etl_pipeline.transform_data scheduled__2025-11-19T00:00:00+00:00 [queued]>
[2025-11-20T22:43:09.292+0000] {taskinstance.py:2612} INFO - Dependencies all met for dep_context=requeueable deps ti=<TaskInstance: etl_pipeline.transform_data scheduled__2025-11-19T00:00:00+00:00 [queued]>
[2025-11-20T22:43:09.293+0000] {taskinstance.py:2865} INFO - Starting attempt 1 of 1
[2025-11-20T22:43:09.303+0000] {taskinstance.py:2888} INFO - Executing <Task(BashOperator): transform_data> on 2025-11-19 00:00:00+00:00
[2025-11-20T22:43:09.312+0000] {standard_task_runner.py:104} INFO - Running: ['***', 'tasks', 'run', 'etl_pipeline', 'transform_data', 'scheduled__2025-11-19T00:00:00+00:00', '--job-id', '6', '--raw', '--subdir', 'DAGS_FOLDER/etl_pipeline_dag.py', '--cfg-path', '/tmp/tmpos21wh5s']
[2025-11-20T22:43:09.314+0000] {standard_task_runner.py:105} INFO - Job 6: Subtask transform_data
[2025-11-20T22:43:09.315+0000] {logging_mixin.py:190} WARNING - /home/***/.local/lib/python3.12/site-packages/***/task/task_runner/standard_task_runner.py:70 DeprecationWarning: This process (pid=321) is multi-threaded, use of fork() may lead to deadlocks in the child.
[2025-11-20T22:43:09.315+0000] {standard_task_runner.py:72} INFO - Started process 323 to run task
[2025-11-20T22:43:09.356+0000] {task_command.py:467} INFO - Running <TaskInstance: etl_pipeline.transform_data scheduled__2025-11-19T00:00:00+00:00 [running]> on host 56fecf72cd7e
[2025-11-20T22:43:09.426+0000] {taskinstance.py:3131} INFO - Exporting env vars: AIRFLOW_CTX_DAG_OWNER='***' AIRFLOW_CTX_DAG_ID='etl_pipeline' AIRFLOW_CTX_TASK_ID='transform_data' AIRFLOW_CTX_EXECUTION_DATE='2025-11-19T00:00:00+00:00' AIRFLOW_CTX_TRY_NUMBER='1' AIRFLOW_CTX_DAG_RUN_ID='scheduled__2025-11-19T00:00:00+00:00'
[2025-11-20T22:43:09.427+0000] {taskinstance.py:731} INFO - ::endgroup::
[2025-11-20T22:43:09.439+0000] {subprocess.py:63} INFO - Tmp dir root location: /tmp
[2025-11-20T22:43:09.441+0000] {subprocess.py:75} INFO - Running command: ['/usr/bin/bash', '-c', 'python /opt/***/dags/scripts/transform_data.py']
[2025-11-20T22:43:09.452+0000] {subprocess.py:86} INFO - Output:
[2025-11-20T22:43:10.253+0000] {subprocess.py:93} INFO - Files in processed data folder: ['sample1.csv', 'sample2.csv']
[2025-11-20T22:43:10.254+0000] {subprocess.py:93} INFO - 
[2025-11-20T22:43:10.254+0000] {subprocess.py:93} INFO - Transformed sample1.csv saved to /opt/***/dags/transformed_data/sample1.csv
[2025-11-20T22:43:10.254+0000] {subprocess.py:93} INFO -       name   age                email age_group  name_length email_domain
[2025-11-20T22:43:10.255+0000] {subprocess.py:93} INFO - 0    Alice  25.0    alice@example.com     Adult            5  example.com
[2025-11-20T22:43:10.255+0000] {subprocess.py:93} INFO - 1      Bob  30.0      bob@example.com     Adult            3  example.com
[2025-11-20T22:43:10.255+0000] {subprocess.py:93} INFO - 2  Charlie  27.5  charlie@example.com     Adult            7  example.com
[2025-11-20T22:43:10.256+0000] {subprocess.py:93} INFO - 
[2025-11-20T22:43:10.256+0000] {subprocess.py:93} INFO - Transformed sample2.csv saved to /opt/***/dags/transformed_data/sample2.csv
[2025-11-20T22:43:10.256+0000] {subprocess.py:93} INFO -     name   age              email   age_group  name_length email_domain
[2025-11-20T22:43:10.257+0000] {subprocess.py:93} INFO - 0  Vince  22.0  vince@example.com       Adult            5  example.com
[2025-11-20T22:43:10.257+0000] {subprocess.py:93} INFO - 1   John  56.0   john@example.com  Middle Age            4  example.com
[2025-11-20T22:43:10.257+0000] {subprocess.py:93} INFO - 2   Will  39.0   will@example.com  Middle Age            4  example.com
[2025-11-20T22:43:10.322+0000] {subprocess.py:97} INFO - Command exited with return code 0
[2025-11-20T22:43:10.345+0000] {taskinstance.py:340} INFO - ::group::Post task execution logs
[2025-11-20T22:43:10.345+0000] {taskinstance.py:352} INFO - Marking task as SUCCESS. dag_id=etl_pipeline, task_id=transform_data, run_id=scheduled__2025-11-19T00:00:00+00:00, execution_date=20251119T000000, start_date=20251120T224309, end_date=20251120T224310
[2025-11-20T22:43:10.383+0000] {local_task_job_runner.py:266} INFO - Task exited with return code 0
[2025-11-20T22:43:10.402+0000] {taskinstance.py:3900} INFO - 2 downstream tasks scheduled from follow-on schedule check
[2025-11-20T22:43:10.404+0000] {local_task_job_runner.py:245} INFO - ::endgroup::
