[2025-11-20T22:32:11.408+0000] {processor.py:186} INFO - Started process (PID=188) to work on /opt/airflow/dags/scripts/ingest_data.py
[2025-11-20T22:32:11.409+0000] {processor.py:914} INFO - Processing file /opt/airflow/dags/scripts/ingest_data.py for tasks to queue
[2025-11-20T22:32:11.411+0000] {logging_mixin.py:190} INFO - [2025-11-20T22:32:11.411+0000] {dagbag.py:588} INFO - Filling up the DagBag from /opt/airflow/dags/scripts/ingest_data.py
[2025-11-20T22:32:12.107+0000] {logging_mixin.py:190} INFO - Files in raw data folder: ['sample1.csv', 'sample2.csv']
[2025-11-20T22:32:12.124+0000] {logging_mixin.py:190} INFO - 
Processed sample1.csv saved to /opt/airflow/dags/processed_data/sample1.csv
[2025-11-20T22:32:12.127+0000] {logging_mixin.py:190} INFO -       name   age                email
0    Alice  25.0    alice@example.com
1      Bob  30.0      bob@example.com
2  Charlie  27.5  charlie@example.com
[2025-11-20T22:32:12.135+0000] {logging_mixin.py:190} INFO - 
Processed sample2.csv saved to /opt/airflow/dags/processed_data/sample2.csv
[2025-11-20T22:32:12.138+0000] {logging_mixin.py:190} INFO -     name   age              email
0  Vince  22.0  vince@example.com
1   John  56.0   john@example.com
2   Will  39.0   will@example.com
[2025-11-20T22:32:12.139+0000] {processor.py:927} WARNING - No viable dags retrieved from /opt/airflow/dags/scripts/ingest_data.py
[2025-11-20T22:32:12.149+0000] {processor.py:208} INFO - Processing /opt/airflow/dags/scripts/ingest_data.py took 0.747 seconds
[2025-11-20T22:32:42.603+0000] {processor.py:186} INFO - Started process (PID=211) to work on /opt/airflow/dags/scripts/ingest_data.py
[2025-11-20T22:32:42.604+0000] {processor.py:914} INFO - Processing file /opt/airflow/dags/scripts/ingest_data.py for tasks to queue
[2025-11-20T22:32:42.606+0000] {logging_mixin.py:190} INFO - [2025-11-20T22:32:42.606+0000] {dagbag.py:588} INFO - Filling up the DagBag from /opt/airflow/dags/scripts/ingest_data.py
[2025-11-20T22:32:43.069+0000] {logging_mixin.py:190} INFO - Files in raw data folder: ['sample1.csv', 'sample2.csv']
[2025-11-20T22:32:43.082+0000] {logging_mixin.py:190} INFO - 
Processed sample1.csv saved to /opt/airflow/dags/processed_data/sample1.csv
[2025-11-20T22:32:43.086+0000] {logging_mixin.py:190} INFO -       name   age                email
0    Alice  25.0    alice@example.com
1      Bob  30.0      bob@example.com
2  Charlie  27.5  charlie@example.com
[2025-11-20T22:32:43.095+0000] {logging_mixin.py:190} INFO - 
Processed sample2.csv saved to /opt/airflow/dags/processed_data/sample2.csv
[2025-11-20T22:32:43.099+0000] {logging_mixin.py:190} INFO -     name   age              email
0  Vince  22.0  vince@example.com
1   John  56.0   john@example.com
2   Will  39.0   will@example.com
[2025-11-20T22:32:43.099+0000] {processor.py:927} WARNING - No viable dags retrieved from /opt/airflow/dags/scripts/ingest_data.py
[2025-11-20T22:32:43.111+0000] {processor.py:208} INFO - Processing /opt/airflow/dags/scripts/ingest_data.py took 0.515 seconds
[2025-11-20T22:33:13.441+0000] {processor.py:186} INFO - Started process (PID=314) to work on /opt/airflow/dags/scripts/ingest_data.py
[2025-11-20T22:33:13.442+0000] {processor.py:914} INFO - Processing file /opt/airflow/dags/scripts/ingest_data.py for tasks to queue
[2025-11-20T22:33:13.444+0000] {logging_mixin.py:190} INFO - [2025-11-20T22:33:13.444+0000] {dagbag.py:588} INFO - Filling up the DagBag from /opt/airflow/dags/scripts/ingest_data.py
[2025-11-20T22:33:13.870+0000] {logging_mixin.py:190} INFO - Files in raw data folder: ['sample1.csv', 'sample2.csv']
[2025-11-20T22:33:13.882+0000] {logging_mixin.py:190} INFO - 
Processed sample1.csv saved to /opt/airflow/dags/processed_data/sample1.csv
[2025-11-20T22:33:13.885+0000] {logging_mixin.py:190} INFO -       name   age                email
0    Alice  25.0    alice@example.com
1      Bob  30.0      bob@example.com
2  Charlie  27.5  charlie@example.com
[2025-11-20T22:33:13.893+0000] {logging_mixin.py:190} INFO - 
Processed sample2.csv saved to /opt/airflow/dags/processed_data/sample2.csv
[2025-11-20T22:33:13.896+0000] {logging_mixin.py:190} INFO -     name   age              email
0  Vince  22.0  vince@example.com
1   John  56.0   john@example.com
2   Will  39.0   will@example.com
[2025-11-20T22:33:13.896+0000] {processor.py:927} WARNING - No viable dags retrieved from /opt/airflow/dags/scripts/ingest_data.py
[2025-11-20T22:33:13.907+0000] {processor.py:208} INFO - Processing /opt/airflow/dags/scripts/ingest_data.py took 0.471 seconds
[2025-11-20T22:33:44.071+0000] {processor.py:186} INFO - Started process (PID=337) to work on /opt/airflow/dags/scripts/ingest_data.py
[2025-11-20T22:33:44.072+0000] {processor.py:914} INFO - Processing file /opt/airflow/dags/scripts/ingest_data.py for tasks to queue
[2025-11-20T22:33:44.074+0000] {logging_mixin.py:190} INFO - [2025-11-20T22:33:44.074+0000] {dagbag.py:588} INFO - Filling up the DagBag from /opt/airflow/dags/scripts/ingest_data.py
[2025-11-20T22:33:44.540+0000] {logging_mixin.py:190} INFO - Files in raw data folder: ['sample1.csv', 'sample2.csv']
[2025-11-20T22:33:44.553+0000] {logging_mixin.py:190} INFO - 
Processed sample1.csv saved to /opt/airflow/dags/processed_data/sample1.csv
[2025-11-20T22:33:44.558+0000] {logging_mixin.py:190} INFO -       name   age                email
0    Alice  25.0    alice@example.com
1      Bob  30.0      bob@example.com
2  Charlie  27.5  charlie@example.com
[2025-11-20T22:33:44.567+0000] {logging_mixin.py:190} INFO - 
Processed sample2.csv saved to /opt/airflow/dags/processed_data/sample2.csv
[2025-11-20T22:33:44.570+0000] {logging_mixin.py:190} INFO -     name   age              email
0  Vince  22.0  vince@example.com
1   John  56.0   john@example.com
2   Will  39.0   will@example.com
[2025-11-20T22:33:44.571+0000] {processor.py:927} WARNING - No viable dags retrieved from /opt/airflow/dags/scripts/ingest_data.py
[2025-11-20T22:33:44.581+0000] {processor.py:208} INFO - Processing /opt/airflow/dags/scripts/ingest_data.py took 0.516 seconds
[2025-11-20T22:34:14.859+0000] {processor.py:186} INFO - Started process (PID=360) to work on /opt/airflow/dags/scripts/ingest_data.py
[2025-11-20T22:34:14.860+0000] {processor.py:914} INFO - Processing file /opt/airflow/dags/scripts/ingest_data.py for tasks to queue
[2025-11-20T22:34:14.863+0000] {logging_mixin.py:190} INFO - [2025-11-20T22:34:14.862+0000] {dagbag.py:588} INFO - Filling up the DagBag from /opt/airflow/dags/scripts/ingest_data.py
[2025-11-20T22:34:15.283+0000] {logging_mixin.py:190} INFO - Files in raw data folder: ['sample1.csv', 'sample2.csv']
[2025-11-20T22:34:15.294+0000] {logging_mixin.py:190} INFO - 
Processed sample1.csv saved to /opt/airflow/dags/processed_data/sample1.csv
[2025-11-20T22:34:15.297+0000] {logging_mixin.py:190} INFO -       name   age                email
0    Alice  25.0    alice@example.com
1      Bob  30.0      bob@example.com
2  Charlie  27.5  charlie@example.com
[2025-11-20T22:34:15.306+0000] {logging_mixin.py:190} INFO - 
Processed sample2.csv saved to /opt/airflow/dags/processed_data/sample2.csv
[2025-11-20T22:34:15.309+0000] {logging_mixin.py:190} INFO -     name   age              email
0  Vince  22.0  vince@example.com
1   John  56.0   john@example.com
2   Will  39.0   will@example.com
[2025-11-20T22:34:15.309+0000] {processor.py:927} WARNING - No viable dags retrieved from /opt/airflow/dags/scripts/ingest_data.py
[2025-11-20T22:34:15.318+0000] {processor.py:208} INFO - Processing /opt/airflow/dags/scripts/ingest_data.py took 0.464 seconds
[2025-11-20T22:34:45.475+0000] {processor.py:186} INFO - Started process (PID=383) to work on /opt/airflow/dags/scripts/ingest_data.py
[2025-11-20T22:34:45.476+0000] {processor.py:914} INFO - Processing file /opt/airflow/dags/scripts/ingest_data.py for tasks to queue
[2025-11-20T22:34:45.478+0000] {logging_mixin.py:190} INFO - [2025-11-20T22:34:45.478+0000] {dagbag.py:588} INFO - Filling up the DagBag from /opt/airflow/dags/scripts/ingest_data.py
[2025-11-20T22:34:45.917+0000] {logging_mixin.py:190} INFO - Files in raw data folder: ['sample1.csv', 'sample2.csv']
[2025-11-20T22:34:45.929+0000] {logging_mixin.py:190} INFO - 
Processed sample1.csv saved to /opt/airflow/dags/processed_data/sample1.csv
[2025-11-20T22:34:45.932+0000] {logging_mixin.py:190} INFO -       name   age                email
0    Alice  25.0    alice@example.com
1      Bob  30.0      bob@example.com
2  Charlie  27.5  charlie@example.com
[2025-11-20T22:34:45.942+0000] {logging_mixin.py:190} INFO - 
Processed sample2.csv saved to /opt/airflow/dags/processed_data/sample2.csv
[2025-11-20T22:34:45.945+0000] {logging_mixin.py:190} INFO -     name   age              email
0  Vince  22.0  vince@example.com
1   John  56.0   john@example.com
2   Will  39.0   will@example.com
[2025-11-20T22:34:45.945+0000] {processor.py:927} WARNING - No viable dags retrieved from /opt/airflow/dags/scripts/ingest_data.py
[2025-11-20T22:34:45.955+0000] {processor.py:208} INFO - Processing /opt/airflow/dags/scripts/ingest_data.py took 0.485 seconds
[2025-11-20T22:35:16.443+0000] {processor.py:186} INFO - Started process (PID=406) to work on /opt/airflow/dags/scripts/ingest_data.py
[2025-11-20T22:35:16.444+0000] {processor.py:914} INFO - Processing file /opt/airflow/dags/scripts/ingest_data.py for tasks to queue
[2025-11-20T22:35:16.446+0000] {logging_mixin.py:190} INFO - [2025-11-20T22:35:16.446+0000] {dagbag.py:588} INFO - Filling up the DagBag from /opt/airflow/dags/scripts/ingest_data.py
[2025-11-20T22:35:16.868+0000] {logging_mixin.py:190} INFO - Files in raw data folder: ['sample1.csv', 'sample2.csv']
[2025-11-20T22:35:16.879+0000] {logging_mixin.py:190} INFO - 
Processed sample1.csv saved to /opt/airflow/dags/processed_data/sample1.csv
[2025-11-20T22:35:16.882+0000] {logging_mixin.py:190} INFO -       name   age                email
0    Alice  25.0    alice@example.com
1      Bob  30.0      bob@example.com
2  Charlie  27.5  charlie@example.com
[2025-11-20T22:35:16.890+0000] {logging_mixin.py:190} INFO - 
Processed sample2.csv saved to /opt/airflow/dags/processed_data/sample2.csv
[2025-11-20T22:35:16.892+0000] {logging_mixin.py:190} INFO -     name   age              email
0  Vince  22.0  vince@example.com
1   John  56.0   john@example.com
2   Will  39.0   will@example.com
[2025-11-20T22:35:16.893+0000] {processor.py:927} WARNING - No viable dags retrieved from /opt/airflow/dags/scripts/ingest_data.py
[2025-11-20T22:35:16.903+0000] {processor.py:208} INFO - Processing /opt/airflow/dags/scripts/ingest_data.py took 0.465 seconds
[2025-11-20T22:35:47.279+0000] {processor.py:186} INFO - Started process (PID=429) to work on /opt/airflow/dags/scripts/ingest_data.py
[2025-11-20T22:35:47.280+0000] {processor.py:914} INFO - Processing file /opt/airflow/dags/scripts/ingest_data.py for tasks to queue
[2025-11-20T22:35:47.283+0000] {logging_mixin.py:190} INFO - [2025-11-20T22:35:47.282+0000] {dagbag.py:588} INFO - Filling up the DagBag from /opt/airflow/dags/scripts/ingest_data.py
[2025-11-20T22:35:47.751+0000] {logging_mixin.py:190} INFO - Files in raw data folder: ['sample1.csv', 'sample2.csv']
[2025-11-20T22:35:47.762+0000] {logging_mixin.py:190} INFO - 
Processed sample1.csv saved to /opt/airflow/dags/processed_data/sample1.csv
[2025-11-20T22:35:47.766+0000] {logging_mixin.py:190} INFO -       name   age                email
0    Alice  25.0    alice@example.com
1      Bob  30.0      bob@example.com
2  Charlie  27.5  charlie@example.com
[2025-11-20T22:35:47.775+0000] {logging_mixin.py:190} INFO - 
Processed sample2.csv saved to /opt/airflow/dags/processed_data/sample2.csv
[2025-11-20T22:35:47.778+0000] {logging_mixin.py:190} INFO -     name   age              email
0  Vince  22.0  vince@example.com
1   John  56.0   john@example.com
2   Will  39.0   will@example.com
[2025-11-20T22:35:47.778+0000] {processor.py:927} WARNING - No viable dags retrieved from /opt/airflow/dags/scripts/ingest_data.py
[2025-11-20T22:35:47.789+0000] {processor.py:208} INFO - Processing /opt/airflow/dags/scripts/ingest_data.py took 0.516 seconds
[2025-11-20T22:36:17.855+0000] {processor.py:186} INFO - Started process (PID=452) to work on /opt/airflow/dags/scripts/ingest_data.py
[2025-11-20T22:36:17.856+0000] {processor.py:914} INFO - Processing file /opt/airflow/dags/scripts/ingest_data.py for tasks to queue
[2025-11-20T22:36:17.859+0000] {logging_mixin.py:190} INFO - [2025-11-20T22:36:17.858+0000] {dagbag.py:588} INFO - Filling up the DagBag from /opt/airflow/dags/scripts/ingest_data.py
[2025-11-20T22:36:18.336+0000] {logging_mixin.py:190} INFO - Files in raw data folder: ['sample1.csv', 'sample2.csv']
[2025-11-20T22:36:18.350+0000] {logging_mixin.py:190} INFO - 
Processed sample1.csv saved to /opt/airflow/dags/processed_data/sample1.csv
[2025-11-20T22:36:18.355+0000] {logging_mixin.py:190} INFO -       name   age                email
0    Alice  25.0    alice@example.com
1      Bob  30.0      bob@example.com
2  Charlie  27.5  charlie@example.com
[2025-11-20T22:36:18.364+0000] {logging_mixin.py:190} INFO - 
Processed sample2.csv saved to /opt/airflow/dags/processed_data/sample2.csv
[2025-11-20T22:36:18.368+0000] {logging_mixin.py:190} INFO -     name   age              email
0  Vince  22.0  vince@example.com
1   John  56.0   john@example.com
2   Will  39.0   will@example.com
[2025-11-20T22:36:18.368+0000] {processor.py:927} WARNING - No viable dags retrieved from /opt/airflow/dags/scripts/ingest_data.py
[2025-11-20T22:36:18.381+0000] {processor.py:208} INFO - Processing /opt/airflow/dags/scripts/ingest_data.py took 0.531 seconds
[2025-11-20T22:36:48.820+0000] {processor.py:186} INFO - Started process (PID=475) to work on /opt/airflow/dags/scripts/ingest_data.py
[2025-11-20T22:36:48.821+0000] {processor.py:914} INFO - Processing file /opt/airflow/dags/scripts/ingest_data.py for tasks to queue
[2025-11-20T22:36:48.824+0000] {logging_mixin.py:190} INFO - [2025-11-20T22:36:48.823+0000] {dagbag.py:588} INFO - Filling up the DagBag from /opt/airflow/dags/scripts/ingest_data.py
[2025-11-20T22:36:49.307+0000] {logging_mixin.py:190} INFO - Files in raw data folder: ['sample1.csv', 'sample2.csv']
[2025-11-20T22:36:49.319+0000] {logging_mixin.py:190} INFO - 
Processed sample1.csv saved to /opt/airflow/dags/processed_data/sample1.csv
[2025-11-20T22:36:49.322+0000] {logging_mixin.py:190} INFO -       name   age                email
0    Alice  25.0    alice@example.com
1      Bob  30.0      bob@example.com
2  Charlie  27.5  charlie@example.com
[2025-11-20T22:36:49.332+0000] {logging_mixin.py:190} INFO - 
Processed sample2.csv saved to /opt/airflow/dags/processed_data/sample2.csv
[2025-11-20T22:36:49.335+0000] {logging_mixin.py:190} INFO -     name   age              email
0  Vince  22.0  vince@example.com
1   John  56.0   john@example.com
2   Will  39.0   will@example.com
[2025-11-20T22:36:49.336+0000] {processor.py:927} WARNING - No viable dags retrieved from /opt/airflow/dags/scripts/ingest_data.py
[2025-11-20T22:36:49.346+0000] {processor.py:208} INFO - Processing /opt/airflow/dags/scripts/ingest_data.py took 0.531 seconds
[2025-11-20T22:37:19.916+0000] {processor.py:186} INFO - Started process (PID=498) to work on /opt/airflow/dags/scripts/ingest_data.py
[2025-11-20T22:37:19.917+0000] {processor.py:914} INFO - Processing file /opt/airflow/dags/scripts/ingest_data.py for tasks to queue
[2025-11-20T22:37:19.920+0000] {logging_mixin.py:190} INFO - [2025-11-20T22:37:19.919+0000] {dagbag.py:588} INFO - Filling up the DagBag from /opt/airflow/dags/scripts/ingest_data.py
[2025-11-20T22:37:20.389+0000] {logging_mixin.py:190} INFO - Files in raw data folder: ['sample1.csv', 'sample2.csv']
[2025-11-20T22:37:20.401+0000] {logging_mixin.py:190} INFO - 
Processed sample1.csv saved to /opt/airflow/dags/processed_data/sample1.csv
[2025-11-20T22:37:20.405+0000] {logging_mixin.py:190} INFO -       name   age                email
0    Alice  25.0    alice@example.com
1      Bob  30.0      bob@example.com
2  Charlie  27.5  charlie@example.com
[2025-11-20T22:37:20.416+0000] {logging_mixin.py:190} INFO - 
Processed sample2.csv saved to /opt/airflow/dags/processed_data/sample2.csv
[2025-11-20T22:37:20.419+0000] {logging_mixin.py:190} INFO -     name   age              email
0  Vince  22.0  vince@example.com
1   John  56.0   john@example.com
2   Will  39.0   will@example.com
[2025-11-20T22:37:20.419+0000] {processor.py:927} WARNING - No viable dags retrieved from /opt/airflow/dags/scripts/ingest_data.py
[2025-11-20T22:37:20.431+0000] {processor.py:208} INFO - Processing /opt/airflow/dags/scripts/ingest_data.py took 0.521 seconds
[2025-11-20T22:37:50.871+0000] {processor.py:186} INFO - Started process (PID=521) to work on /opt/airflow/dags/scripts/ingest_data.py
[2025-11-20T22:37:50.872+0000] {processor.py:914} INFO - Processing file /opt/airflow/dags/scripts/ingest_data.py for tasks to queue
[2025-11-20T22:37:50.875+0000] {logging_mixin.py:190} INFO - [2025-11-20T22:37:50.875+0000] {dagbag.py:588} INFO - Filling up the DagBag from /opt/airflow/dags/scripts/ingest_data.py
[2025-11-20T22:37:51.347+0000] {logging_mixin.py:190} INFO - Files in raw data folder: ['sample1.csv', 'sample2.csv']
[2025-11-20T22:37:51.358+0000] {logging_mixin.py:190} INFO - 
Processed sample1.csv saved to /opt/airflow/dags/processed_data/sample1.csv
[2025-11-20T22:37:51.362+0000] {logging_mixin.py:190} INFO -       name   age                email
0    Alice  25.0    alice@example.com
1      Bob  30.0      bob@example.com
2  Charlie  27.5  charlie@example.com
[2025-11-20T22:37:51.370+0000] {logging_mixin.py:190} INFO - 
Processed sample2.csv saved to /opt/airflow/dags/processed_data/sample2.csv
[2025-11-20T22:37:51.374+0000] {logging_mixin.py:190} INFO -     name   age              email
0  Vince  22.0  vince@example.com
1   John  56.0   john@example.com
2   Will  39.0   will@example.com
[2025-11-20T22:37:51.374+0000] {processor.py:927} WARNING - No viable dags retrieved from /opt/airflow/dags/scripts/ingest_data.py
[2025-11-20T22:37:51.385+0000] {processor.py:208} INFO - Processing /opt/airflow/dags/scripts/ingest_data.py took 0.520 seconds
[2025-11-20T22:38:21.451+0000] {processor.py:186} INFO - Started process (PID=544) to work on /opt/airflow/dags/scripts/ingest_data.py
[2025-11-20T22:38:21.452+0000] {processor.py:914} INFO - Processing file /opt/airflow/dags/scripts/ingest_data.py for tasks to queue
[2025-11-20T22:38:21.454+0000] {logging_mixin.py:190} INFO - [2025-11-20T22:38:21.454+0000] {dagbag.py:588} INFO - Filling up the DagBag from /opt/airflow/dags/scripts/ingest_data.py
[2025-11-20T22:38:21.916+0000] {logging_mixin.py:190} INFO - Files in raw data folder: ['sample1.csv', 'sample2.csv']
[2025-11-20T22:38:21.928+0000] {logging_mixin.py:190} INFO - 
Processed sample1.csv saved to /opt/airflow/dags/processed_data/sample1.csv
[2025-11-20T22:38:21.933+0000] {logging_mixin.py:190} INFO -       name   age                email
0    Alice  25.0    alice@example.com
1      Bob  30.0      bob@example.com
2  Charlie  27.5  charlie@example.com
[2025-11-20T22:38:21.942+0000] {logging_mixin.py:190} INFO - 
Processed sample2.csv saved to /opt/airflow/dags/processed_data/sample2.csv
[2025-11-20T22:38:21.945+0000] {logging_mixin.py:190} INFO -     name   age              email
0  Vince  22.0  vince@example.com
1   John  56.0   john@example.com
2   Will  39.0   will@example.com
[2025-11-20T22:38:21.945+0000] {processor.py:927} WARNING - No viable dags retrieved from /opt/airflow/dags/scripts/ingest_data.py
[2025-11-20T22:38:21.956+0000] {processor.py:208} INFO - Processing /opt/airflow/dags/scripts/ingest_data.py took 0.510 seconds
[2025-11-20T22:38:52.075+0000] {processor.py:186} INFO - Started process (PID=567) to work on /opt/airflow/dags/scripts/ingest_data.py
[2025-11-20T22:38:52.077+0000] {processor.py:914} INFO - Processing file /opt/airflow/dags/scripts/ingest_data.py for tasks to queue
[2025-11-20T22:38:52.079+0000] {logging_mixin.py:190} INFO - [2025-11-20T22:38:52.079+0000] {dagbag.py:588} INFO - Filling up the DagBag from /opt/airflow/dags/scripts/ingest_data.py
[2025-11-20T22:38:52.582+0000] {logging_mixin.py:190} INFO - Files in raw data folder: ['sample1.csv', 'sample2.csv']
[2025-11-20T22:38:52.595+0000] {logging_mixin.py:190} INFO - 
Processed sample1.csv saved to /opt/airflow/dags/processed_data/sample1.csv
[2025-11-20T22:38:52.599+0000] {logging_mixin.py:190} INFO -       name   age                email
0    Alice  25.0    alice@example.com
1      Bob  30.0      bob@example.com
2  Charlie  27.5  charlie@example.com
[2025-11-20T22:38:52.610+0000] {logging_mixin.py:190} INFO - 
Processed sample2.csv saved to /opt/airflow/dags/processed_data/sample2.csv
[2025-11-20T22:38:52.613+0000] {logging_mixin.py:190} INFO -     name   age              email
0  Vince  22.0  vince@example.com
1   John  56.0   john@example.com
2   Will  39.0   will@example.com
[2025-11-20T22:38:52.614+0000] {processor.py:927} WARNING - No viable dags retrieved from /opt/airflow/dags/scripts/ingest_data.py
[2025-11-20T22:38:52.627+0000] {processor.py:208} INFO - Processing /opt/airflow/dags/scripts/ingest_data.py took 0.558 seconds
[2025-11-20T22:39:23.612+0000] {processor.py:186} INFO - Started process (PID=590) to work on /opt/airflow/dags/scripts/ingest_data.py
[2025-11-20T22:39:23.613+0000] {processor.py:914} INFO - Processing file /opt/airflow/dags/scripts/ingest_data.py for tasks to queue
[2025-11-20T22:39:23.615+0000] {logging_mixin.py:190} INFO - [2025-11-20T22:39:23.615+0000] {dagbag.py:588} INFO - Filling up the DagBag from /opt/airflow/dags/scripts/ingest_data.py
[2025-11-20T22:39:24.050+0000] {logging_mixin.py:190} INFO - Files in raw data folder: ['sample1.csv', 'sample2.csv']
[2025-11-20T22:39:24.063+0000] {logging_mixin.py:190} INFO - 
Processed sample1.csv saved to /opt/airflow/dags/processed_data/sample1.csv
[2025-11-20T22:39:24.067+0000] {logging_mixin.py:190} INFO -       name   age                email
0    Alice  25.0    alice@example.com
1      Bob  30.0      bob@example.com
2  Charlie  27.5  charlie@example.com
[2025-11-20T22:39:24.076+0000] {logging_mixin.py:190} INFO - 
Processed sample2.csv saved to /opt/airflow/dags/processed_data/sample2.csv
[2025-11-20T22:39:24.079+0000] {logging_mixin.py:190} INFO -     name   age              email
0  Vince  22.0  vince@example.com
1   John  56.0   john@example.com
2   Will  39.0   will@example.com
[2025-11-20T22:39:24.079+0000] {processor.py:927} WARNING - No viable dags retrieved from /opt/airflow/dags/scripts/ingest_data.py
[2025-11-20T22:39:24.090+0000] {processor.py:208} INFO - Processing /opt/airflow/dags/scripts/ingest_data.py took 0.485 seconds
[2025-11-20T22:41:13.782+0000] {processor.py:186} INFO - Started process (PID=189) to work on /opt/airflow/dags/scripts/ingest_data.py
[2025-11-20T22:41:13.783+0000] {processor.py:914} INFO - Processing file /opt/airflow/dags/scripts/ingest_data.py for tasks to queue
[2025-11-20T22:41:13.786+0000] {logging_mixin.py:190} INFO - [2025-11-20T22:41:13.785+0000] {dagbag.py:588} INFO - Filling up the DagBag from /opt/airflow/dags/scripts/ingest_data.py
[2025-11-20T22:41:27.030+0000] {processor.py:186} INFO - Started process (PID=188) to work on /opt/airflow/dags/scripts/ingest_data.py
[2025-11-20T22:41:27.031+0000] {processor.py:914} INFO - Processing file /opt/airflow/dags/scripts/ingest_data.py for tasks to queue
[2025-11-20T22:41:27.034+0000] {logging_mixin.py:190} INFO - [2025-11-20T22:41:27.033+0000] {dagbag.py:588} INFO - Filling up the DagBag from /opt/airflow/dags/scripts/ingest_data.py
[2025-11-20T22:41:27.517+0000] {logging_mixin.py:190} INFO - Files in raw data folder: ['sample1.csv', 'sample2.csv']
[2025-11-20T22:41:27.531+0000] {logging_mixin.py:190} INFO - 
Processed sample1.csv saved to /opt/airflow/dags/processed_data/sample1.csv
[2025-11-20T22:41:27.536+0000] {logging_mixin.py:190} INFO -       name   age                email
0    Alice  25.0    alice@example.com
1      Bob  30.0      bob@example.com
2  Charlie  27.5  charlie@example.com
[2025-11-20T22:41:27.545+0000] {logging_mixin.py:190} INFO - 
Processed sample2.csv saved to /opt/airflow/dags/processed_data/sample2.csv
[2025-11-20T22:41:27.548+0000] {logging_mixin.py:190} INFO -     name   age              email
0  Vince  22.0  vince@example.com
1   John  56.0   john@example.com
2   Will  39.0   will@example.com
[2025-11-20T22:41:27.548+0000] {processor.py:927} WARNING - No viable dags retrieved from /opt/airflow/dags/scripts/ingest_data.py
[2025-11-20T22:41:27.559+0000] {processor.py:208} INFO - Processing /opt/airflow/dags/scripts/ingest_data.py took 0.535 seconds
[2025-11-20T22:41:57.798+0000] {processor.py:186} INFO - Started process (PID=222) to work on /opt/airflow/dags/scripts/ingest_data.py
[2025-11-20T22:41:57.799+0000] {processor.py:914} INFO - Processing file /opt/airflow/dags/scripts/ingest_data.py for tasks to queue
[2025-11-20T22:41:57.800+0000] {logging_mixin.py:190} INFO - [2025-11-20T22:41:57.800+0000] {dagbag.py:588} INFO - Filling up the DagBag from /opt/airflow/dags/scripts/ingest_data.py
[2025-11-20T22:41:58.210+0000] {logging_mixin.py:190} INFO - Files in raw data folder: ['sample1.csv', 'sample2.csv']
[2025-11-20T22:41:58.222+0000] {logging_mixin.py:190} INFO - 
Processed sample1.csv saved to /opt/airflow/dags/processed_data/sample1.csv
[2025-11-20T22:41:58.225+0000] {logging_mixin.py:190} INFO -       name   age                email
0    Alice  25.0    alice@example.com
1      Bob  30.0      bob@example.com
2  Charlie  27.5  charlie@example.com
[2025-11-20T22:41:58.234+0000] {logging_mixin.py:190} INFO - 
Processed sample2.csv saved to /opt/airflow/dags/processed_data/sample2.csv
[2025-11-20T22:41:58.236+0000] {logging_mixin.py:190} INFO -     name   age              email
0  Vince  22.0  vince@example.com
1   John  56.0   john@example.com
2   Will  39.0   will@example.com
[2025-11-20T22:41:58.237+0000] {processor.py:927} WARNING - No viable dags retrieved from /opt/airflow/dags/scripts/ingest_data.py
[2025-11-20T22:41:58.248+0000] {processor.py:208} INFO - Processing /opt/airflow/dags/scripts/ingest_data.py took 0.455 seconds
[2025-11-20T22:42:28.600+0000] {processor.py:186} INFO - Started process (PID=239) to work on /opt/airflow/dags/scripts/ingest_data.py
[2025-11-20T22:42:28.601+0000] {processor.py:914} INFO - Processing file /opt/airflow/dags/scripts/ingest_data.py for tasks to queue
[2025-11-20T22:42:28.602+0000] {logging_mixin.py:190} INFO - [2025-11-20T22:42:28.602+0000] {dagbag.py:588} INFO - Filling up the DagBag from /opt/airflow/dags/scripts/ingest_data.py
[2025-11-20T22:42:29.051+0000] {logging_mixin.py:190} INFO - Files in raw data folder: ['sample1.csv', 'sample2.csv']
[2025-11-20T22:42:29.063+0000] {logging_mixin.py:190} INFO - 
Processed sample1.csv saved to /opt/airflow/dags/processed_data/sample1.csv
[2025-11-20T22:42:29.066+0000] {logging_mixin.py:190} INFO -       name   age                email
0    Alice  25.0    alice@example.com
1      Bob  30.0      bob@example.com
2  Charlie  27.5  charlie@example.com
[2025-11-20T22:42:29.075+0000] {logging_mixin.py:190} INFO - 
Processed sample2.csv saved to /opt/airflow/dags/processed_data/sample2.csv
[2025-11-20T22:42:29.078+0000] {logging_mixin.py:190} INFO -     name   age              email
0  Vince  22.0  vince@example.com
1   John  56.0   john@example.com
2   Will  39.0   will@example.com
[2025-11-20T22:42:29.078+0000] {processor.py:927} WARNING - No viable dags retrieved from /opt/airflow/dags/scripts/ingest_data.py
[2025-11-20T22:42:29.089+0000] {processor.py:208} INFO - Processing /opt/airflow/dags/scripts/ingest_data.py took 0.494 seconds
[2025-11-20T22:42:59.794+0000] {processor.py:186} INFO - Started process (PID=262) to work on /opt/airflow/dags/scripts/ingest_data.py
[2025-11-20T22:42:59.795+0000] {processor.py:914} INFO - Processing file /opt/airflow/dags/scripts/ingest_data.py for tasks to queue
[2025-11-20T22:42:59.797+0000] {logging_mixin.py:190} INFO - [2025-11-20T22:42:59.797+0000] {dagbag.py:588} INFO - Filling up the DagBag from /opt/airflow/dags/scripts/ingest_data.py
[2025-11-20T22:43:00.262+0000] {logging_mixin.py:190} INFO - Files in raw data folder: ['sample1.csv', 'sample2.csv']
[2025-11-20T22:43:00.274+0000] {logging_mixin.py:190} INFO - 
Processed sample1.csv saved to /opt/airflow/dags/processed_data/sample1.csv
[2025-11-20T22:43:00.277+0000] {logging_mixin.py:190} INFO -       name   age                email
0    Alice  25.0    alice@example.com
1      Bob  30.0      bob@example.com
2  Charlie  27.5  charlie@example.com
[2025-11-20T22:43:00.287+0000] {logging_mixin.py:190} INFO - 
Processed sample2.csv saved to /opt/airflow/dags/processed_data/sample2.csv
[2025-11-20T22:43:00.290+0000] {logging_mixin.py:190} INFO -     name   age              email
0  Vince  22.0  vince@example.com
1   John  56.0   john@example.com
2   Will  39.0   will@example.com
[2025-11-20T22:43:00.291+0000] {processor.py:927} WARNING - No viable dags retrieved from /opt/airflow/dags/scripts/ingest_data.py
[2025-11-20T22:43:00.303+0000] {processor.py:208} INFO - Processing /opt/airflow/dags/scripts/ingest_data.py took 0.514 seconds
[2025-11-20T22:43:31.131+0000] {processor.py:186} INFO - Started process (PID=445) to work on /opt/airflow/dags/scripts/ingest_data.py
[2025-11-20T22:43:31.131+0000] {processor.py:914} INFO - Processing file /opt/airflow/dags/scripts/ingest_data.py for tasks to queue
[2025-11-20T22:43:31.133+0000] {logging_mixin.py:190} INFO - [2025-11-20T22:43:31.133+0000] {dagbag.py:588} INFO - Filling up the DagBag from /opt/airflow/dags/scripts/ingest_data.py
[2025-11-20T22:43:31.585+0000] {logging_mixin.py:190} INFO - Files in raw data folder: ['sample1.csv', 'sample2.csv']
[2025-11-20T22:43:31.596+0000] {logging_mixin.py:190} INFO - 
Processed sample1.csv saved to /opt/airflow/dags/processed_data/sample1.csv
[2025-11-20T22:43:31.600+0000] {logging_mixin.py:190} INFO -       name   age                email
0    Alice  25.0    alice@example.com
1      Bob  30.0      bob@example.com
2  Charlie  27.5  charlie@example.com
[2025-11-20T22:43:31.610+0000] {logging_mixin.py:190} INFO - 
Processed sample2.csv saved to /opt/airflow/dags/processed_data/sample2.csv
[2025-11-20T22:43:31.613+0000] {logging_mixin.py:190} INFO -     name   age              email
0  Vince  22.0  vince@example.com
1   John  56.0   john@example.com
2   Will  39.0   will@example.com
[2025-11-20T22:43:31.613+0000] {processor.py:927} WARNING - No viable dags retrieved from /opt/airflow/dags/scripts/ingest_data.py
[2025-11-20T22:43:31.623+0000] {processor.py:208} INFO - Processing /opt/airflow/dags/scripts/ingest_data.py took 0.497 seconds
[2025-11-20T22:44:02.375+0000] {processor.py:186} INFO - Started process (PID=468) to work on /opt/airflow/dags/scripts/ingest_data.py
[2025-11-20T22:44:02.375+0000] {processor.py:914} INFO - Processing file /opt/airflow/dags/scripts/ingest_data.py for tasks to queue
[2025-11-20T22:44:02.378+0000] {logging_mixin.py:190} INFO - [2025-11-20T22:44:02.377+0000] {dagbag.py:588} INFO - Filling up the DagBag from /opt/airflow/dags/scripts/ingest_data.py
[2025-11-20T22:44:02.897+0000] {logging_mixin.py:190} INFO - Files in raw data folder: ['sample1.csv', 'sample2.csv']
[2025-11-20T22:44:02.910+0000] {logging_mixin.py:190} INFO - 
Processed sample1.csv saved to /opt/airflow/dags/processed_data/sample1.csv
[2025-11-20T22:44:02.914+0000] {logging_mixin.py:190} INFO -       name   age                email
0    Alice  25.0    alice@example.com
1      Bob  30.0      bob@example.com
2  Charlie  27.5  charlie@example.com
[2025-11-20T22:44:02.923+0000] {logging_mixin.py:190} INFO - 
Processed sample2.csv saved to /opt/airflow/dags/processed_data/sample2.csv
[2025-11-20T22:44:02.926+0000] {logging_mixin.py:190} INFO -     name   age              email
0  Vince  22.0  vince@example.com
1   John  56.0   john@example.com
2   Will  39.0   will@example.com
[2025-11-20T22:44:02.926+0000] {processor.py:927} WARNING - No viable dags retrieved from /opt/airflow/dags/scripts/ingest_data.py
[2025-11-20T22:44:02.938+0000] {processor.py:208} INFO - Processing /opt/airflow/dags/scripts/ingest_data.py took 0.569 seconds
[2025-11-20T22:44:33.670+0000] {processor.py:186} INFO - Started process (PID=491) to work on /opt/airflow/dags/scripts/ingest_data.py
[2025-11-20T22:44:33.671+0000] {processor.py:914} INFO - Processing file /opt/airflow/dags/scripts/ingest_data.py for tasks to queue
[2025-11-20T22:44:33.673+0000] {logging_mixin.py:190} INFO - [2025-11-20T22:44:33.673+0000] {dagbag.py:588} INFO - Filling up the DagBag from /opt/airflow/dags/scripts/ingest_data.py
[2025-11-20T22:44:34.132+0000] {logging_mixin.py:190} INFO - Files in raw data folder: ['sample1.csv', 'sample2.csv']
[2025-11-20T22:44:34.144+0000] {logging_mixin.py:190} INFO - 
Processed sample1.csv saved to /opt/airflow/dags/processed_data/sample1.csv
[2025-11-20T22:44:34.148+0000] {logging_mixin.py:190} INFO -       name   age                email
0    Alice  25.0    alice@example.com
1      Bob  30.0      bob@example.com
2  Charlie  27.5  charlie@example.com
[2025-11-20T22:44:34.157+0000] {logging_mixin.py:190} INFO - 
Processed sample2.csv saved to /opt/airflow/dags/processed_data/sample2.csv
[2025-11-20T22:44:34.160+0000] {logging_mixin.py:190} INFO -     name   age              email
0  Vince  22.0  vince@example.com
1   John  56.0   john@example.com
2   Will  39.0   will@example.com
[2025-11-20T22:44:34.161+0000] {processor.py:927} WARNING - No viable dags retrieved from /opt/airflow/dags/scripts/ingest_data.py
[2025-11-20T22:44:34.172+0000] {processor.py:208} INFO - Processing /opt/airflow/dags/scripts/ingest_data.py took 0.507 seconds
[2025-11-20T22:45:05.082+0000] {processor.py:186} INFO - Started process (PID=514) to work on /opt/airflow/dags/scripts/ingest_data.py
[2025-11-20T22:45:05.083+0000] {processor.py:914} INFO - Processing file /opt/airflow/dags/scripts/ingest_data.py for tasks to queue
[2025-11-20T22:45:05.085+0000] {logging_mixin.py:190} INFO - [2025-11-20T22:45:05.085+0000] {dagbag.py:588} INFO - Filling up the DagBag from /opt/airflow/dags/scripts/ingest_data.py
[2025-11-20T22:45:05.537+0000] {logging_mixin.py:190} INFO - Files in raw data folder: ['sample1.csv', 'sample2.csv']
[2025-11-20T22:45:05.549+0000] {logging_mixin.py:190} INFO - 
Processed sample1.csv saved to /opt/airflow/dags/processed_data/sample1.csv
[2025-11-20T22:45:05.553+0000] {logging_mixin.py:190} INFO -       name   age                email
0    Alice  25.0    alice@example.com
1      Bob  30.0      bob@example.com
2  Charlie  27.5  charlie@example.com
[2025-11-20T22:45:05.562+0000] {logging_mixin.py:190} INFO - 
Processed sample2.csv saved to /opt/airflow/dags/processed_data/sample2.csv
[2025-11-20T22:45:05.565+0000] {logging_mixin.py:190} INFO -     name   age              email
0  Vince  22.0  vince@example.com
1   John  56.0   john@example.com
2   Will  39.0   will@example.com
[2025-11-20T22:45:05.565+0000] {processor.py:927} WARNING - No viable dags retrieved from /opt/airflow/dags/scripts/ingest_data.py
[2025-11-20T22:45:05.577+0000] {processor.py:208} INFO - Processing /opt/airflow/dags/scripts/ingest_data.py took 0.500 seconds
[2025-11-20T22:45:36.297+0000] {processor.py:186} INFO - Started process (PID=537) to work on /opt/airflow/dags/scripts/ingest_data.py
[2025-11-20T22:45:36.298+0000] {processor.py:914} INFO - Processing file /opt/airflow/dags/scripts/ingest_data.py for tasks to queue
[2025-11-20T22:45:36.300+0000] {logging_mixin.py:190} INFO - [2025-11-20T22:45:36.300+0000] {dagbag.py:588} INFO - Filling up the DagBag from /opt/airflow/dags/scripts/ingest_data.py
[2025-11-20T22:45:36.781+0000] {logging_mixin.py:190} INFO - Files in raw data folder: ['sample1.csv', 'sample2.csv']
[2025-11-20T22:45:36.794+0000] {logging_mixin.py:190} INFO - 
Processed sample1.csv saved to /opt/airflow/dags/processed_data/sample1.csv
[2025-11-20T22:45:36.798+0000] {logging_mixin.py:190} INFO -       name   age                email
0    Alice  25.0    alice@example.com
1      Bob  30.0      bob@example.com
2  Charlie  27.5  charlie@example.com
[2025-11-20T22:45:36.807+0000] {logging_mixin.py:190} INFO - 
Processed sample2.csv saved to /opt/airflow/dags/processed_data/sample2.csv
[2025-11-20T22:45:36.811+0000] {logging_mixin.py:190} INFO -     name   age              email
0  Vince  22.0  vince@example.com
1   John  56.0   john@example.com
2   Will  39.0   will@example.com
[2025-11-20T22:45:36.811+0000] {processor.py:927} WARNING - No viable dags retrieved from /opt/airflow/dags/scripts/ingest_data.py
[2025-11-20T22:45:36.822+0000] {processor.py:208} INFO - Processing /opt/airflow/dags/scripts/ingest_data.py took 0.530 seconds
[2025-11-20T22:46:07.379+0000] {processor.py:186} INFO - Started process (PID=560) to work on /opt/airflow/dags/scripts/ingest_data.py
[2025-11-20T22:46:07.380+0000] {processor.py:914} INFO - Processing file /opt/airflow/dags/scripts/ingest_data.py for tasks to queue
[2025-11-20T22:46:07.382+0000] {logging_mixin.py:190} INFO - [2025-11-20T22:46:07.382+0000] {dagbag.py:588} INFO - Filling up the DagBag from /opt/airflow/dags/scripts/ingest_data.py
[2025-11-20T22:46:07.827+0000] {logging_mixin.py:190} INFO - Files in raw data folder: ['sample1.csv', 'sample2.csv']
[2025-11-20T22:46:07.838+0000] {logging_mixin.py:190} INFO - 
Processed sample1.csv saved to /opt/airflow/dags/processed_data/sample1.csv
[2025-11-20T22:46:07.841+0000] {logging_mixin.py:190} INFO -       name   age                email
0    Alice  25.0    alice@example.com
1      Bob  30.0      bob@example.com
2  Charlie  27.5  charlie@example.com
[2025-11-20T22:46:07.848+0000] {logging_mixin.py:190} INFO - 
Processed sample2.csv saved to /opt/airflow/dags/processed_data/sample2.csv
[2025-11-20T22:46:07.851+0000] {logging_mixin.py:190} INFO -     name   age              email
0  Vince  22.0  vince@example.com
1   John  56.0   john@example.com
2   Will  39.0   will@example.com
[2025-11-20T22:46:07.851+0000] {processor.py:927} WARNING - No viable dags retrieved from /opt/airflow/dags/scripts/ingest_data.py
[2025-11-20T22:46:07.863+0000] {processor.py:208} INFO - Processing /opt/airflow/dags/scripts/ingest_data.py took 0.489 seconds
[2025-11-20T22:46:38.658+0000] {processor.py:186} INFO - Started process (PID=583) to work on /opt/airflow/dags/scripts/ingest_data.py
[2025-11-20T22:46:38.659+0000] {processor.py:914} INFO - Processing file /opt/airflow/dags/scripts/ingest_data.py for tasks to queue
[2025-11-20T22:46:38.661+0000] {logging_mixin.py:190} INFO - [2025-11-20T22:46:38.661+0000] {dagbag.py:588} INFO - Filling up the DagBag from /opt/airflow/dags/scripts/ingest_data.py
[2025-11-20T22:46:39.143+0000] {logging_mixin.py:190} INFO - Files in raw data folder: ['sample1.csv', 'sample2.csv']
[2025-11-20T22:46:39.156+0000] {logging_mixin.py:190} INFO - 
Processed sample1.csv saved to /opt/airflow/dags/processed_data/sample1.csv
[2025-11-20T22:46:39.160+0000] {logging_mixin.py:190} INFO -       name   age                email
0    Alice  25.0    alice@example.com
1      Bob  30.0      bob@example.com
2  Charlie  27.5  charlie@example.com
[2025-11-20T22:46:39.169+0000] {logging_mixin.py:190} INFO - 
Processed sample2.csv saved to /opt/airflow/dags/processed_data/sample2.csv
[2025-11-20T22:46:39.172+0000] {logging_mixin.py:190} INFO -     name   age              email
0  Vince  22.0  vince@example.com
1   John  56.0   john@example.com
2   Will  39.0   will@example.com
[2025-11-20T22:46:39.172+0000] {processor.py:927} WARNING - No viable dags retrieved from /opt/airflow/dags/scripts/ingest_data.py
[2025-11-20T22:46:39.181+0000] {processor.py:208} INFO - Processing /opt/airflow/dags/scripts/ingest_data.py took 0.528 seconds
[2025-11-20T22:48:55.785+0000] {processor.py:186} INFO - Started process (PID=189) to work on /opt/airflow/dags/scripts/ingest_data.py
[2025-11-20T22:48:55.786+0000] {processor.py:914} INFO - Processing file /opt/airflow/dags/scripts/ingest_data.py for tasks to queue
[2025-11-20T22:48:55.789+0000] {logging_mixin.py:190} INFO - [2025-11-20T22:48:55.789+0000] {dagbag.py:588} INFO - Filling up the DagBag from /opt/airflow/dags/scripts/ingest_data.py
[2025-11-20T22:48:56.937+0000] {logging_mixin.py:190} INFO - Files in raw data folder: ['sample1.csv', 'sample2.csv']
[2025-11-20T22:48:56.951+0000] {logging_mixin.py:190} INFO - 
Processed sample1.csv saved to /opt/airflow/dags/processed_data/sample1.csv
[2025-11-20T22:48:56.956+0000] {logging_mixin.py:190} INFO -       name   age                email
0    Alice  25.0    alice@example.com
1      Bob  30.0      bob@example.com
2  Charlie  27.5  charlie@example.com
[2025-11-20T22:48:56.965+0000] {logging_mixin.py:190} INFO - 
Processed sample2.csv saved to /opt/airflow/dags/processed_data/sample2.csv
[2025-11-20T22:48:56.968+0000] {logging_mixin.py:190} INFO -     name   age              email
0  Vince  22.0  vince@example.com
1   John  56.0   john@example.com
2   Will  39.0   will@example.com
[2025-11-20T22:48:56.969+0000] {processor.py:927} WARNING - No viable dags retrieved from /opt/airflow/dags/scripts/ingest_data.py
[2025-11-20T22:48:56.980+0000] {processor.py:208} INFO - Processing /opt/airflow/dags/scripts/ingest_data.py took 1.202 seconds
[2025-11-20T22:49:27.114+0000] {processor.py:186} INFO - Started process (PID=212) to work on /opt/airflow/dags/scripts/ingest_data.py
[2025-11-20T22:49:27.115+0000] {processor.py:914} INFO - Processing file /opt/airflow/dags/scripts/ingest_data.py for tasks to queue
[2025-11-20T22:49:27.117+0000] {logging_mixin.py:190} INFO - [2025-11-20T22:49:27.117+0000] {dagbag.py:588} INFO - Filling up the DagBag from /opt/airflow/dags/scripts/ingest_data.py
[2025-11-20T22:49:27.594+0000] {logging_mixin.py:190} INFO - Files in raw data folder: ['sample1.csv', 'sample2.csv']
[2025-11-20T22:49:27.606+0000] {logging_mixin.py:190} INFO - 
Processed sample1.csv saved to /opt/airflow/dags/processed_data/sample1.csv
[2025-11-20T22:49:27.610+0000] {logging_mixin.py:190} INFO -       name   age                email
0    Alice  25.0    alice@example.com
1      Bob  30.0      bob@example.com
2  Charlie  27.5  charlie@example.com
[2025-11-20T22:49:27.620+0000] {logging_mixin.py:190} INFO - 
Processed sample2.csv saved to /opt/airflow/dags/processed_data/sample2.csv
[2025-11-20T22:49:27.623+0000] {logging_mixin.py:190} INFO -     name   age              email
0  Vince  22.0  vince@example.com
1   John  56.0   john@example.com
2   Will  39.0   will@example.com
[2025-11-20T22:49:27.623+0000] {processor.py:927} WARNING - No viable dags retrieved from /opt/airflow/dags/scripts/ingest_data.py
[2025-11-20T22:49:27.637+0000] {processor.py:208} INFO - Processing /opt/airflow/dags/scripts/ingest_data.py took 0.529 seconds
[2025-11-20T22:49:58.325+0000] {processor.py:186} INFO - Started process (PID=235) to work on /opt/airflow/dags/scripts/ingest_data.py
[2025-11-20T22:49:58.325+0000] {processor.py:914} INFO - Processing file /opt/airflow/dags/scripts/ingest_data.py for tasks to queue
[2025-11-20T22:49:58.328+0000] {logging_mixin.py:190} INFO - [2025-11-20T22:49:58.327+0000] {dagbag.py:588} INFO - Filling up the DagBag from /opt/airflow/dags/scripts/ingest_data.py
[2025-11-20T22:49:58.809+0000] {logging_mixin.py:190} INFO - Files in raw data folder: ['sample1.csv', 'sample2.csv']
[2025-11-20T22:49:58.820+0000] {logging_mixin.py:190} INFO - 
Processed sample1.csv saved to /opt/airflow/dags/processed_data/sample1.csv
[2025-11-20T22:49:58.824+0000] {logging_mixin.py:190} INFO -       name   age                email
0    Alice  25.0    alice@example.com
1      Bob  30.0      bob@example.com
2  Charlie  27.5  charlie@example.com
[2025-11-20T22:49:58.834+0000] {logging_mixin.py:190} INFO - 
Processed sample2.csv saved to /opt/airflow/dags/processed_data/sample2.csv
[2025-11-20T22:49:58.837+0000] {logging_mixin.py:190} INFO -     name   age              email
0  Vince  22.0  vince@example.com
1   John  56.0   john@example.com
2   Will  39.0   will@example.com
[2025-11-20T22:49:58.837+0000] {processor.py:927} WARNING - No viable dags retrieved from /opt/airflow/dags/scripts/ingest_data.py
[2025-11-20T22:49:58.847+0000] {processor.py:208} INFO - Processing /opt/airflow/dags/scripts/ingest_data.py took 0.528 seconds
[2025-11-20T22:50:29.319+0000] {processor.py:186} INFO - Started process (PID=258) to work on /opt/airflow/dags/scripts/ingest_data.py
[2025-11-20T22:50:29.320+0000] {processor.py:914} INFO - Processing file /opt/airflow/dags/scripts/ingest_data.py for tasks to queue
[2025-11-20T22:50:29.323+0000] {logging_mixin.py:190} INFO - [2025-11-20T22:50:29.322+0000] {dagbag.py:588} INFO - Filling up the DagBag from /opt/airflow/dags/scripts/ingest_data.py
[2025-11-20T22:50:29.787+0000] {logging_mixin.py:190} INFO - Files in raw data folder: ['sample1.csv', 'sample2.csv']
[2025-11-20T22:50:29.799+0000] {logging_mixin.py:190} INFO - 
Processed sample1.csv saved to /opt/airflow/dags/processed_data/sample1.csv
[2025-11-20T22:50:29.802+0000] {logging_mixin.py:190} INFO -       name   age                email
0    Alice  25.0    alice@example.com
1      Bob  30.0      bob@example.com
2  Charlie  27.5  charlie@example.com
[2025-11-20T22:50:29.812+0000] {logging_mixin.py:190} INFO - 
Processed sample2.csv saved to /opt/airflow/dags/processed_data/sample2.csv
[2025-11-20T22:50:29.814+0000] {logging_mixin.py:190} INFO -     name   age              email
0  Vince  22.0  vince@example.com
1   John  56.0   john@example.com
2   Will  39.0   will@example.com
[2025-11-20T22:50:29.815+0000] {processor.py:927} WARNING - No viable dags retrieved from /opt/airflow/dags/scripts/ingest_data.py
[2025-11-20T22:50:29.826+0000] {processor.py:208} INFO - Processing /opt/airflow/dags/scripts/ingest_data.py took 0.512 seconds
[2025-11-20T22:51:00.037+0000] {processor.py:186} INFO - Started process (PID=281) to work on /opt/airflow/dags/scripts/ingest_data.py
[2025-11-20T22:51:00.038+0000] {processor.py:914} INFO - Processing file /opt/airflow/dags/scripts/ingest_data.py for tasks to queue
[2025-11-20T22:51:00.040+0000] {logging_mixin.py:190} INFO - [2025-11-20T22:51:00.040+0000] {dagbag.py:588} INFO - Filling up the DagBag from /opt/airflow/dags/scripts/ingest_data.py
[2025-11-20T22:51:00.587+0000] {logging_mixin.py:190} INFO - Files in raw data folder: ['sample1.csv', 'sample2.csv']
[2025-11-20T22:51:00.781+0000] {logging_mixin.py:190} INFO - 
Processed sample1.csv saved to /opt/airflow/dags/processed_data/sample1.csv
[2025-11-20T22:51:00.788+0000] {logging_mixin.py:190} INFO -       name   age                email
0    Alice  25.0    alice@example.com
1      Bob  30.0      bob@example.com
2  Charlie  27.5  charlie@example.com
[2025-11-20T22:51:01.007+0000] {logging_mixin.py:190} INFO - 
Processed sample2.csv saved to /opt/airflow/dags/processed_data/sample2.csv
[2025-11-20T22:51:01.043+0000] {logging_mixin.py:190} INFO -     name   age              email
0  Vince  22.0  vince@example.com
1   John  56.0   john@example.com
2   Will  39.0   will@example.com
[2025-11-20T22:51:01.073+0000] {processor.py:927} WARNING - No viable dags retrieved from /opt/airflow/dags/scripts/ingest_data.py
[2025-11-20T22:51:01.092+0000] {processor.py:208} INFO - Processing /opt/airflow/dags/scripts/ingest_data.py took 1.061 seconds
[2025-11-20T22:51:31.432+0000] {processor.py:186} INFO - Started process (PID=304) to work on /opt/airflow/dags/scripts/ingest_data.py
[2025-11-20T22:51:31.433+0000] {processor.py:914} INFO - Processing file /opt/airflow/dags/scripts/ingest_data.py for tasks to queue
[2025-11-20T22:51:31.436+0000] {logging_mixin.py:190} INFO - [2025-11-20T22:51:31.435+0000] {dagbag.py:588} INFO - Filling up the DagBag from /opt/airflow/dags/scripts/ingest_data.py
[2025-11-20T22:51:32.004+0000] {logging_mixin.py:190} INFO - Files in raw data folder: ['sample1.csv', 'sample2.csv']
[2025-11-20T22:51:32.019+0000] {logging_mixin.py:190} INFO - 
Processed sample1.csv saved to /opt/airflow/dags/processed_data/sample1.csv
[2025-11-20T22:51:32.026+0000] {logging_mixin.py:190} INFO -       name   age                email
0    Alice  25.0    alice@example.com
1      Bob  30.0      bob@example.com
2  Charlie  27.5  charlie@example.com
[2025-11-20T22:51:32.036+0000] {logging_mixin.py:190} INFO - 
Processed sample2.csv saved to /opt/airflow/dags/processed_data/sample2.csv
[2025-11-20T22:51:32.040+0000] {logging_mixin.py:190} INFO -     name   age              email
0  Vince  22.0  vince@example.com
1   John  56.0   john@example.com
2   Will  39.0   will@example.com
[2025-11-20T22:51:32.041+0000] {processor.py:927} WARNING - No viable dags retrieved from /opt/airflow/dags/scripts/ingest_data.py
[2025-11-20T22:51:32.055+0000] {processor.py:208} INFO - Processing /opt/airflow/dags/scripts/ingest_data.py took 0.628 seconds
[2025-11-20T22:52:02.373+0000] {processor.py:186} INFO - Started process (PID=327) to work on /opt/airflow/dags/scripts/ingest_data.py
[2025-11-20T22:52:02.374+0000] {processor.py:914} INFO - Processing file /opt/airflow/dags/scripts/ingest_data.py for tasks to queue
[2025-11-20T22:52:02.376+0000] {logging_mixin.py:190} INFO - [2025-11-20T22:52:02.376+0000] {dagbag.py:588} INFO - Filling up the DagBag from /opt/airflow/dags/scripts/ingest_data.py
[2025-11-20T22:52:02.840+0000] {logging_mixin.py:190} INFO - Files in raw data folder: ['sample1.csv', 'sample2.csv']
[2025-11-20T22:52:02.851+0000] {logging_mixin.py:190} INFO - 
Processed sample1.csv saved to /opt/airflow/dags/processed_data/sample1.csv
[2025-11-20T22:52:02.854+0000] {logging_mixin.py:190} INFO -       name   age                email
0    Alice  25.0    alice@example.com
1      Bob  30.0      bob@example.com
2  Charlie  27.5  charlie@example.com
[2025-11-20T22:52:02.862+0000] {logging_mixin.py:190} INFO - 
Processed sample2.csv saved to /opt/airflow/dags/processed_data/sample2.csv
[2025-11-20T22:52:02.865+0000] {logging_mixin.py:190} INFO -     name   age              email
0  Vince  22.0  vince@example.com
1   John  56.0   john@example.com
2   Will  39.0   will@example.com
[2025-11-20T22:52:02.866+0000] {processor.py:927} WARNING - No viable dags retrieved from /opt/airflow/dags/scripts/ingest_data.py
[2025-11-20T22:52:02.876+0000] {processor.py:208} INFO - Processing /opt/airflow/dags/scripts/ingest_data.py took 0.509 seconds
[2025-11-20T22:52:33.148+0000] {processor.py:186} INFO - Started process (PID=350) to work on /opt/airflow/dags/scripts/ingest_data.py
[2025-11-20T22:52:33.149+0000] {processor.py:914} INFO - Processing file /opt/airflow/dags/scripts/ingest_data.py for tasks to queue
[2025-11-20T22:52:33.152+0000] {logging_mixin.py:190} INFO - [2025-11-20T22:52:33.152+0000] {dagbag.py:588} INFO - Filling up the DagBag from /opt/airflow/dags/scripts/ingest_data.py
[2025-11-20T22:52:33.639+0000] {logging_mixin.py:190} INFO - Files in raw data folder: ['sample1.csv', 'sample2.csv']
[2025-11-20T22:52:33.650+0000] {logging_mixin.py:190} INFO - 
Processed sample1.csv saved to /opt/airflow/dags/processed_data/sample1.csv
[2025-11-20T22:52:33.653+0000] {logging_mixin.py:190} INFO -       name   age                email
0    Alice  25.0    alice@example.com
1      Bob  30.0      bob@example.com
2  Charlie  27.5  charlie@example.com
[2025-11-20T22:52:33.663+0000] {logging_mixin.py:190} INFO - 
Processed sample2.csv saved to /opt/airflow/dags/processed_data/sample2.csv
[2025-11-20T22:52:33.666+0000] {logging_mixin.py:190} INFO -     name   age              email
0  Vince  22.0  vince@example.com
1   John  56.0   john@example.com
2   Will  39.0   will@example.com
[2025-11-20T22:52:33.666+0000] {processor.py:927} WARNING - No viable dags retrieved from /opt/airflow/dags/scripts/ingest_data.py
[2025-11-20T22:52:33.675+0000] {processor.py:208} INFO - Processing /opt/airflow/dags/scripts/ingest_data.py took 0.533 seconds
[2025-11-20T22:53:04.133+0000] {processor.py:186} INFO - Started process (PID=373) to work on /opt/airflow/dags/scripts/ingest_data.py
[2025-11-20T22:53:04.134+0000] {processor.py:914} INFO - Processing file /opt/airflow/dags/scripts/ingest_data.py for tasks to queue
[2025-11-20T22:53:04.136+0000] {logging_mixin.py:190} INFO - [2025-11-20T22:53:04.136+0000] {dagbag.py:588} INFO - Filling up the DagBag from /opt/airflow/dags/scripts/ingest_data.py
[2025-11-20T22:53:04.587+0000] {logging_mixin.py:190} INFO - Files in raw data folder: ['sample1.csv', 'sample2.csv']
[2025-11-20T22:53:04.599+0000] {logging_mixin.py:190} INFO - 
Processed sample1.csv saved to /opt/airflow/dags/processed_data/sample1.csv
[2025-11-20T22:53:04.602+0000] {logging_mixin.py:190} INFO -       name   age                email
0    Alice  25.0    alice@example.com
1      Bob  30.0      bob@example.com
2  Charlie  27.5  charlie@example.com
[2025-11-20T22:53:04.610+0000] {logging_mixin.py:190} INFO - 
Processed sample2.csv saved to /opt/airflow/dags/processed_data/sample2.csv
[2025-11-20T22:53:04.613+0000] {logging_mixin.py:190} INFO -     name   age              email
0  Vince  22.0  vince@example.com
1   John  56.0   john@example.com
2   Will  39.0   will@example.com
[2025-11-20T22:53:04.614+0000] {processor.py:927} WARNING - No viable dags retrieved from /opt/airflow/dags/scripts/ingest_data.py
[2025-11-20T22:53:04.624+0000] {processor.py:208} INFO - Processing /opt/airflow/dags/scripts/ingest_data.py took 0.496 seconds
[2025-11-20T22:53:34.865+0000] {processor.py:186} INFO - Started process (PID=396) to work on /opt/airflow/dags/scripts/ingest_data.py
[2025-11-20T22:53:34.866+0000] {processor.py:914} INFO - Processing file /opt/airflow/dags/scripts/ingest_data.py for tasks to queue
[2025-11-20T22:53:34.870+0000] {logging_mixin.py:190} INFO - [2025-11-20T22:53:34.869+0000] {dagbag.py:588} INFO - Filling up the DagBag from /opt/airflow/dags/scripts/ingest_data.py
[2025-11-20T22:53:35.359+0000] {logging_mixin.py:190} INFO - Files in raw data folder: ['sample1.csv', 'sample2.csv']
[2025-11-20T22:53:35.371+0000] {logging_mixin.py:190} INFO - 
Processed sample1.csv saved to /opt/airflow/dags/processed_data/sample1.csv
[2025-11-20T22:53:35.375+0000] {logging_mixin.py:190} INFO -       name   age                email
0    Alice  25.0    alice@example.com
1      Bob  30.0      bob@example.com
2  Charlie  27.5  charlie@example.com
[2025-11-20T22:53:35.384+0000] {logging_mixin.py:190} INFO - 
Processed sample2.csv saved to /opt/airflow/dags/processed_data/sample2.csv
[2025-11-20T22:53:35.387+0000] {logging_mixin.py:190} INFO -     name   age              email
0  Vince  22.0  vince@example.com
1   John  56.0   john@example.com
2   Will  39.0   will@example.com
[2025-11-20T22:53:35.387+0000] {processor.py:927} WARNING - No viable dags retrieved from /opt/airflow/dags/scripts/ingest_data.py
[2025-11-20T22:53:35.399+0000] {processor.py:208} INFO - Processing /opt/airflow/dags/scripts/ingest_data.py took 0.542 seconds
[2025-11-20T22:54:05.584+0000] {processor.py:186} INFO - Started process (PID=419) to work on /opt/airflow/dags/scripts/ingest_data.py
[2025-11-20T22:54:05.585+0000] {processor.py:914} INFO - Processing file /opt/airflow/dags/scripts/ingest_data.py for tasks to queue
[2025-11-20T22:54:05.587+0000] {logging_mixin.py:190} INFO - [2025-11-20T22:54:05.587+0000] {dagbag.py:588} INFO - Filling up the DagBag from /opt/airflow/dags/scripts/ingest_data.py
[2025-11-20T22:54:06.098+0000] {logging_mixin.py:190} INFO - Files in raw data folder: ['sample1.csv', 'sample2.csv']
[2025-11-20T22:54:06.112+0000] {logging_mixin.py:190} INFO - 
Processed sample1.csv saved to /opt/airflow/dags/processed_data/sample1.csv
[2025-11-20T22:54:06.116+0000] {logging_mixin.py:190} INFO -       name   age                email
0    Alice  25.0    alice@example.com
1      Bob  30.0      bob@example.com
2  Charlie  27.5  charlie@example.com
[2025-11-20T22:54:06.129+0000] {logging_mixin.py:190} INFO - 
Processed sample2.csv saved to /opt/airflow/dags/processed_data/sample2.csv
[2025-11-20T22:54:06.132+0000] {logging_mixin.py:190} INFO -     name   age              email
0  Vince  22.0  vince@example.com
1   John  56.0   john@example.com
2   Will  39.0   will@example.com
[2025-11-20T22:54:06.133+0000] {processor.py:927} WARNING - No viable dags retrieved from /opt/airflow/dags/scripts/ingest_data.py
[2025-11-20T22:54:06.144+0000] {processor.py:208} INFO - Processing /opt/airflow/dags/scripts/ingest_data.py took 0.566 seconds
[2025-11-20T22:54:36.443+0000] {processor.py:186} INFO - Started process (PID=442) to work on /opt/airflow/dags/scripts/ingest_data.py
[2025-11-20T22:54:36.444+0000] {processor.py:914} INFO - Processing file /opt/airflow/dags/scripts/ingest_data.py for tasks to queue
[2025-11-20T22:54:36.447+0000] {logging_mixin.py:190} INFO - [2025-11-20T22:54:36.447+0000] {dagbag.py:588} INFO - Filling up the DagBag from /opt/airflow/dags/scripts/ingest_data.py
[2025-11-20T22:54:37.110+0000] {logging_mixin.py:190} INFO - Files in raw data folder: ['sample1.csv', 'sample2.csv']
[2025-11-20T22:54:37.127+0000] {logging_mixin.py:190} INFO - 
Processed sample1.csv saved to /opt/airflow/dags/processed_data/sample1.csv
[2025-11-20T22:54:37.132+0000] {logging_mixin.py:190} INFO -       name   age                email
0    Alice  25.0    alice@example.com
1      Bob  30.0      bob@example.com
2  Charlie  27.5  charlie@example.com
[2025-11-20T22:54:37.144+0000] {logging_mixin.py:190} INFO - 
Processed sample2.csv saved to /opt/airflow/dags/processed_data/sample2.csv
[2025-11-20T22:54:37.149+0000] {logging_mixin.py:190} INFO -     name   age              email
0  Vince  22.0  vince@example.com
1   John  56.0   john@example.com
2   Will  39.0   will@example.com
[2025-11-20T22:54:37.150+0000] {processor.py:927} WARNING - No viable dags retrieved from /opt/airflow/dags/scripts/ingest_data.py
[2025-11-20T22:54:37.163+0000] {processor.py:208} INFO - Processing /opt/airflow/dags/scripts/ingest_data.py took 0.727 seconds
[2025-11-20T22:55:07.418+0000] {processor.py:186} INFO - Started process (PID=465) to work on /opt/airflow/dags/scripts/ingest_data.py
[2025-11-20T22:55:07.419+0000] {processor.py:914} INFO - Processing file /opt/airflow/dags/scripts/ingest_data.py for tasks to queue
[2025-11-20T22:55:07.421+0000] {logging_mixin.py:190} INFO - [2025-11-20T22:55:07.421+0000] {dagbag.py:588} INFO - Filling up the DagBag from /opt/airflow/dags/scripts/ingest_data.py
[2025-11-20T22:55:07.900+0000] {logging_mixin.py:190} INFO - Files in raw data folder: ['sample1.csv', 'sample2.csv']
[2025-11-20T22:55:07.913+0000] {logging_mixin.py:190} INFO - 
Processed sample1.csv saved to /opt/airflow/dags/processed_data/sample1.csv
[2025-11-20T22:55:07.917+0000] {logging_mixin.py:190} INFO -       name   age                email
0    Alice  25.0    alice@example.com
1      Bob  30.0      bob@example.com
2  Charlie  27.5  charlie@example.com
[2025-11-20T22:55:07.928+0000] {logging_mixin.py:190} INFO - 
Processed sample2.csv saved to /opt/airflow/dags/processed_data/sample2.csv
[2025-11-20T22:55:07.932+0000] {logging_mixin.py:190} INFO -     name   age              email
0  Vince  22.0  vince@example.com
1   John  56.0   john@example.com
2   Will  39.0   will@example.com
[2025-11-20T22:55:07.933+0000] {processor.py:927} WARNING - No viable dags retrieved from /opt/airflow/dags/scripts/ingest_data.py
[2025-11-20T22:55:07.943+0000] {processor.py:208} INFO - Processing /opt/airflow/dags/scripts/ingest_data.py took 0.530 seconds
[2025-11-20T22:55:38.531+0000] {processor.py:186} INFO - Started process (PID=488) to work on /opt/airflow/dags/scripts/ingest_data.py
[2025-11-20T22:55:38.532+0000] {processor.py:914} INFO - Processing file /opt/airflow/dags/scripts/ingest_data.py for tasks to queue
[2025-11-20T22:55:38.534+0000] {logging_mixin.py:190} INFO - [2025-11-20T22:55:38.534+0000] {dagbag.py:588} INFO - Filling up the DagBag from /opt/airflow/dags/scripts/ingest_data.py
[2025-11-20T22:55:38.988+0000] {logging_mixin.py:190} INFO - Files in raw data folder: ['sample1.csv', 'sample2.csv']
[2025-11-20T22:55:38.999+0000] {logging_mixin.py:190} INFO - 
Processed sample1.csv saved to /opt/airflow/dags/processed_data/sample1.csv
[2025-11-20T22:55:39.003+0000] {logging_mixin.py:190} INFO -       name   age                email
0    Alice  25.0    alice@example.com
1      Bob  30.0      bob@example.com
2  Charlie  27.5  charlie@example.com
[2025-11-20T22:55:39.011+0000] {logging_mixin.py:190} INFO - 
Processed sample2.csv saved to /opt/airflow/dags/processed_data/sample2.csv
[2025-11-20T22:55:39.014+0000] {logging_mixin.py:190} INFO -     name   age              email
0  Vince  22.0  vince@example.com
1   John  56.0   john@example.com
2   Will  39.0   will@example.com
[2025-11-20T22:55:39.014+0000] {processor.py:927} WARNING - No viable dags retrieved from /opt/airflow/dags/scripts/ingest_data.py
[2025-11-20T22:55:39.026+0000] {processor.py:208} INFO - Processing /opt/airflow/dags/scripts/ingest_data.py took 0.500 seconds
[2025-11-20T22:56:09.108+0000] {processor.py:186} INFO - Started process (PID=511) to work on /opt/airflow/dags/scripts/ingest_data.py
[2025-11-20T22:56:09.109+0000] {processor.py:914} INFO - Processing file /opt/airflow/dags/scripts/ingest_data.py for tasks to queue
[2025-11-20T22:56:09.111+0000] {logging_mixin.py:190} INFO - [2025-11-20T22:56:09.111+0000] {dagbag.py:588} INFO - Filling up the DagBag from /opt/airflow/dags/scripts/ingest_data.py
[2025-11-20T22:56:09.571+0000] {logging_mixin.py:190} INFO - Files in raw data folder: ['sample1.csv', 'sample2.csv']
[2025-11-20T22:56:09.582+0000] {logging_mixin.py:190} INFO - 
Processed sample1.csv saved to /opt/airflow/dags/processed_data/sample1.csv
[2025-11-20T22:56:09.586+0000] {logging_mixin.py:190} INFO -       name   age                email
0    Alice  25.0    alice@example.com
1      Bob  30.0      bob@example.com
2  Charlie  27.5  charlie@example.com
[2025-11-20T22:56:09.594+0000] {logging_mixin.py:190} INFO - 
Processed sample2.csv saved to /opt/airflow/dags/processed_data/sample2.csv
[2025-11-20T22:56:09.597+0000] {logging_mixin.py:190} INFO -     name   age              email
0  Vince  22.0  vince@example.com
1   John  56.0   john@example.com
2   Will  39.0   will@example.com
[2025-11-20T22:56:09.598+0000] {processor.py:927} WARNING - No viable dags retrieved from /opt/airflow/dags/scripts/ingest_data.py
[2025-11-20T22:56:09.608+0000] {processor.py:208} INFO - Processing /opt/airflow/dags/scripts/ingest_data.py took 0.506 seconds
[2025-11-20T22:56:39.684+0000] {processor.py:186} INFO - Started process (PID=534) to work on /opt/airflow/dags/scripts/ingest_data.py
[2025-11-20T22:56:39.685+0000] {processor.py:914} INFO - Processing file /opt/airflow/dags/scripts/ingest_data.py for tasks to queue
[2025-11-20T22:56:39.688+0000] {logging_mixin.py:190} INFO - [2025-11-20T22:56:39.687+0000] {dagbag.py:588} INFO - Filling up the DagBag from /opt/airflow/dags/scripts/ingest_data.py
[2025-11-20T22:56:40.156+0000] {logging_mixin.py:190} INFO - Files in raw data folder: ['sample1.csv', 'sample2.csv']
[2025-11-20T22:56:40.169+0000] {logging_mixin.py:190} INFO - 
Processed sample1.csv saved to /opt/airflow/dags/processed_data/sample1.csv
[2025-11-20T22:56:40.173+0000] {logging_mixin.py:190} INFO -       name   age                email
0    Alice  25.0    alice@example.com
1      Bob  30.0      bob@example.com
2  Charlie  27.5  charlie@example.com
[2025-11-20T22:56:40.181+0000] {logging_mixin.py:190} INFO - 
Processed sample2.csv saved to /opt/airflow/dags/processed_data/sample2.csv
[2025-11-20T22:56:40.184+0000] {logging_mixin.py:190} INFO -     name   age              email
0  Vince  22.0  vince@example.com
1   John  56.0   john@example.com
2   Will  39.0   will@example.com
[2025-11-20T22:56:40.184+0000] {processor.py:927} WARNING - No viable dags retrieved from /opt/airflow/dags/scripts/ingest_data.py
[2025-11-20T22:56:40.197+0000] {processor.py:208} INFO - Processing /opt/airflow/dags/scripts/ingest_data.py took 0.518 seconds
[2025-11-20T22:57:10.719+0000] {processor.py:186} INFO - Started process (PID=557) to work on /opt/airflow/dags/scripts/ingest_data.py
[2025-11-20T22:57:10.719+0000] {processor.py:914} INFO - Processing file /opt/airflow/dags/scripts/ingest_data.py for tasks to queue
[2025-11-20T22:57:10.722+0000] {logging_mixin.py:190} INFO - [2025-11-20T22:57:10.721+0000] {dagbag.py:588} INFO - Filling up the DagBag from /opt/airflow/dags/scripts/ingest_data.py
[2025-11-20T22:57:11.184+0000] {logging_mixin.py:190} INFO - Files in raw data folder: ['sample1.csv', 'sample2.csv']
[2025-11-20T22:57:11.195+0000] {logging_mixin.py:190} INFO - 
Processed sample1.csv saved to /opt/airflow/dags/processed_data/sample1.csv
[2025-11-20T22:57:11.198+0000] {logging_mixin.py:190} INFO -       name   age                email
0    Alice  25.0    alice@example.com
1      Bob  30.0      bob@example.com
2  Charlie  27.5  charlie@example.com
[2025-11-20T22:57:11.208+0000] {logging_mixin.py:190} INFO - 
Processed sample2.csv saved to /opt/airflow/dags/processed_data/sample2.csv
[2025-11-20T22:57:11.211+0000] {logging_mixin.py:190} INFO -     name   age              email
0  Vince  22.0  vince@example.com
1   John  56.0   john@example.com
2   Will  39.0   will@example.com
[2025-11-20T22:57:11.212+0000] {processor.py:927} WARNING - No viable dags retrieved from /opt/airflow/dags/scripts/ingest_data.py
[2025-11-20T22:57:11.223+0000] {processor.py:208} INFO - Processing /opt/airflow/dags/scripts/ingest_data.py took 0.509 seconds
