[2025-11-20T22:32:12.351+0000] {processor.py:186} INFO - Started process (PID=205) to work on /opt/airflow/dags/scripts/load_to_mongodb.py
[2025-11-20T22:32:12.352+0000] {processor.py:914} INFO - Processing file /opt/airflow/dags/scripts/load_to_mongodb.py for tasks to queue
[2025-11-20T22:32:12.354+0000] {logging_mixin.py:190} INFO - [2025-11-20T22:32:12.353+0000] {dagbag.py:588} INFO - Filling up the DagBag from /opt/airflow/dags/scripts/load_to_mongodb.py
[2025-11-20T22:32:12.847+0000] {processor.py:925} INFO - DAG(s) 'load_to_mongodb' retrieved from /opt/airflow/dags/scripts/load_to_mongodb.py
[2025-11-20T22:32:12.866+0000] {logging_mixin.py:190} INFO - [2025-11-20T22:32:12.866+0000] {dag.py:3239} INFO - Sync 1 DAGs
[2025-11-20T22:32:12.876+0000] {logging_mixin.py:190} INFO - [2025-11-20T22:32:12.876+0000] {dag.py:4180} INFO - Setting next_dagrun for load_to_mongodb to None, run_after=None
[2025-11-20T22:32:12.890+0000] {processor.py:208} INFO - Processing /opt/airflow/dags/scripts/load_to_mongodb.py took 0.544 seconds
[2025-11-20T22:32:43.304+0000] {processor.py:186} INFO - Started process (PID=228) to work on /opt/airflow/dags/scripts/load_to_mongodb.py
[2025-11-20T22:32:43.305+0000] {processor.py:914} INFO - Processing file /opt/airflow/dags/scripts/load_to_mongodb.py for tasks to queue
[2025-11-20T22:32:43.307+0000] {logging_mixin.py:190} INFO - [2025-11-20T22:32:43.307+0000] {dagbag.py:588} INFO - Filling up the DagBag from /opt/airflow/dags/scripts/load_to_mongodb.py
[2025-11-20T22:32:43.742+0000] {processor.py:925} INFO - DAG(s) 'load_to_mongodb' retrieved from /opt/airflow/dags/scripts/load_to_mongodb.py
[2025-11-20T22:32:43.759+0000] {logging_mixin.py:190} INFO - [2025-11-20T22:32:43.758+0000] {dag.py:3239} INFO - Sync 1 DAGs
[2025-11-20T22:32:43.768+0000] {logging_mixin.py:190} INFO - [2025-11-20T22:32:43.768+0000] {dag.py:4180} INFO - Setting next_dagrun for load_to_mongodb to None, run_after=None
[2025-11-20T22:32:43.782+0000] {processor.py:208} INFO - Processing /opt/airflow/dags/scripts/load_to_mongodb.py took 0.482 seconds
[2025-11-20T22:33:14.012+0000] {processor.py:186} INFO - Started process (PID=329) to work on /opt/airflow/dags/scripts/load_to_mongodb.py
[2025-11-20T22:33:14.014+0000] {processor.py:914} INFO - Processing file /opt/airflow/dags/scripts/load_to_mongodb.py for tasks to queue
[2025-11-20T22:33:14.016+0000] {logging_mixin.py:190} INFO - [2025-11-20T22:33:14.016+0000] {dagbag.py:588} INFO - Filling up the DagBag from /opt/airflow/dags/scripts/load_to_mongodb.py
[2025-11-20T22:33:14.473+0000] {processor.py:925} INFO - DAG(s) 'load_to_mongodb' retrieved from /opt/airflow/dags/scripts/load_to_mongodb.py
[2025-11-20T22:33:14.491+0000] {logging_mixin.py:190} INFO - [2025-11-20T22:33:14.490+0000] {dag.py:3239} INFO - Sync 1 DAGs
[2025-11-20T22:33:14.501+0000] {logging_mixin.py:190} INFO - [2025-11-20T22:33:14.501+0000] {dag.py:4180} INFO - Setting next_dagrun for load_to_mongodb to None, run_after=None
[2025-11-20T22:33:14.517+0000] {processor.py:208} INFO - Processing /opt/airflow/dags/scripts/load_to_mongodb.py took 0.511 seconds
[2025-11-20T22:33:44.774+0000] {processor.py:186} INFO - Started process (PID=354) to work on /opt/airflow/dags/scripts/load_to_mongodb.py
[2025-11-20T22:33:44.775+0000] {processor.py:914} INFO - Processing file /opt/airflow/dags/scripts/load_to_mongodb.py for tasks to queue
[2025-11-20T22:33:44.777+0000] {logging_mixin.py:190} INFO - [2025-11-20T22:33:44.777+0000] {dagbag.py:588} INFO - Filling up the DagBag from /opt/airflow/dags/scripts/load_to_mongodb.py
[2025-11-20T22:33:45.246+0000] {processor.py:925} INFO - DAG(s) 'load_to_mongodb' retrieved from /opt/airflow/dags/scripts/load_to_mongodb.py
[2025-11-20T22:33:45.264+0000] {logging_mixin.py:190} INFO - [2025-11-20T22:33:45.264+0000] {dag.py:3239} INFO - Sync 1 DAGs
[2025-11-20T22:33:45.274+0000] {logging_mixin.py:190} INFO - [2025-11-20T22:33:45.274+0000] {dag.py:4180} INFO - Setting next_dagrun for load_to_mongodb to None, run_after=None
[2025-11-20T22:33:45.291+0000] {processor.py:208} INFO - Processing /opt/airflow/dags/scripts/load_to_mongodb.py took 0.522 seconds
[2025-11-20T22:34:15.477+0000] {processor.py:186} INFO - Started process (PID=377) to work on /opt/airflow/dags/scripts/load_to_mongodb.py
[2025-11-20T22:34:15.478+0000] {processor.py:914} INFO - Processing file /opt/airflow/dags/scripts/load_to_mongodb.py for tasks to queue
[2025-11-20T22:34:15.481+0000] {logging_mixin.py:190} INFO - [2025-11-20T22:34:15.481+0000] {dagbag.py:588} INFO - Filling up the DagBag from /opt/airflow/dags/scripts/load_to_mongodb.py
[2025-11-20T22:34:15.791+0000] {processor.py:925} INFO - DAG(s) 'load_to_mongodb' retrieved from /opt/airflow/dags/scripts/load_to_mongodb.py
[2025-11-20T22:34:15.807+0000] {logging_mixin.py:190} INFO - [2025-11-20T22:34:15.807+0000] {dag.py:3239} INFO - Sync 1 DAGs
[2025-11-20T22:34:15.817+0000] {logging_mixin.py:190} INFO - [2025-11-20T22:34:15.817+0000] {dag.py:4180} INFO - Setting next_dagrun for load_to_mongodb to None, run_after=None
[2025-11-20T22:34:15.830+0000] {processor.py:208} INFO - Processing /opt/airflow/dags/scripts/load_to_mongodb.py took 0.464 seconds
[2025-11-20T22:34:46.134+0000] {processor.py:186} INFO - Started process (PID=400) to work on /opt/airflow/dags/scripts/load_to_mongodb.py
[2025-11-20T22:34:46.135+0000] {processor.py:914} INFO - Processing file /opt/airflow/dags/scripts/load_to_mongodb.py for tasks to queue
[2025-11-20T22:34:46.136+0000] {logging_mixin.py:190} INFO - [2025-11-20T22:34:46.136+0000] {dagbag.py:588} INFO - Filling up the DagBag from /opt/airflow/dags/scripts/load_to_mongodb.py
[2025-11-20T22:34:46.557+0000] {processor.py:925} INFO - DAG(s) 'load_to_mongodb' retrieved from /opt/airflow/dags/scripts/load_to_mongodb.py
[2025-11-20T22:34:46.576+0000] {logging_mixin.py:190} INFO - [2025-11-20T22:34:46.575+0000] {dag.py:3239} INFO - Sync 1 DAGs
[2025-11-20T22:34:46.586+0000] {logging_mixin.py:190} INFO - [2025-11-20T22:34:46.585+0000] {dag.py:4180} INFO - Setting next_dagrun for load_to_mongodb to None, run_after=None
[2025-11-20T22:34:46.599+0000] {processor.py:208} INFO - Processing /opt/airflow/dags/scripts/load_to_mongodb.py took 0.471 seconds
[2025-11-20T22:35:17.092+0000] {processor.py:186} INFO - Started process (PID=423) to work on /opt/airflow/dags/scripts/load_to_mongodb.py
[2025-11-20T22:35:17.093+0000] {processor.py:914} INFO - Processing file /opt/airflow/dags/scripts/load_to_mongodb.py for tasks to queue
[2025-11-20T22:35:17.095+0000] {logging_mixin.py:190} INFO - [2025-11-20T22:35:17.095+0000] {dagbag.py:588} INFO - Filling up the DagBag from /opt/airflow/dags/scripts/load_to_mongodb.py
[2025-11-20T22:35:17.504+0000] {processor.py:925} INFO - DAG(s) 'load_to_mongodb' retrieved from /opt/airflow/dags/scripts/load_to_mongodb.py
[2025-11-20T22:35:17.521+0000] {logging_mixin.py:190} INFO - [2025-11-20T22:35:17.520+0000] {dag.py:3239} INFO - Sync 1 DAGs
[2025-11-20T22:35:17.529+0000] {logging_mixin.py:190} INFO - [2025-11-20T22:35:17.529+0000] {dag.py:4180} INFO - Setting next_dagrun for load_to_mongodb to None, run_after=None
[2025-11-20T22:35:17.542+0000] {processor.py:208} INFO - Processing /opt/airflow/dags/scripts/load_to_mongodb.py took 0.455 seconds
[2025-11-20T22:35:47.992+0000] {processor.py:186} INFO - Started process (PID=446) to work on /opt/airflow/dags/scripts/load_to_mongodb.py
[2025-11-20T22:35:47.993+0000] {processor.py:914} INFO - Processing file /opt/airflow/dags/scripts/load_to_mongodb.py for tasks to queue
[2025-11-20T22:35:47.996+0000] {logging_mixin.py:190} INFO - [2025-11-20T22:35:47.996+0000] {dagbag.py:588} INFO - Filling up the DagBag from /opt/airflow/dags/scripts/load_to_mongodb.py
[2025-11-20T22:35:48.562+0000] {processor.py:925} INFO - DAG(s) 'load_to_mongodb' retrieved from /opt/airflow/dags/scripts/load_to_mongodb.py
[2025-11-20T22:35:48.580+0000] {logging_mixin.py:190} INFO - [2025-11-20T22:35:48.580+0000] {dag.py:3239} INFO - Sync 1 DAGs
[2025-11-20T22:35:48.590+0000] {logging_mixin.py:190} INFO - [2025-11-20T22:35:48.590+0000] {dag.py:4180} INFO - Setting next_dagrun for load_to_mongodb to None, run_after=None
[2025-11-20T22:35:48.605+0000] {processor.py:208} INFO - Processing /opt/airflow/dags/scripts/load_to_mongodb.py took 0.619 seconds
[2025-11-20T22:36:19.467+0000] {processor.py:186} INFO - Started process (PID=469) to work on /opt/airflow/dags/scripts/load_to_mongodb.py
[2025-11-20T22:36:19.468+0000] {processor.py:914} INFO - Processing file /opt/airflow/dags/scripts/load_to_mongodb.py for tasks to queue
[2025-11-20T22:36:19.470+0000] {logging_mixin.py:190} INFO - [2025-11-20T22:36:19.470+0000] {dagbag.py:588} INFO - Filling up the DagBag from /opt/airflow/dags/scripts/load_to_mongodb.py
[2025-11-20T22:36:19.943+0000] {processor.py:925} INFO - DAG(s) 'load_to_mongodb' retrieved from /opt/airflow/dags/scripts/load_to_mongodb.py
[2025-11-20T22:36:19.961+0000] {logging_mixin.py:190} INFO - [2025-11-20T22:36:19.960+0000] {dag.py:3239} INFO - Sync 1 DAGs
[2025-11-20T22:36:19.971+0000] {logging_mixin.py:190} INFO - [2025-11-20T22:36:19.971+0000] {dag.py:4180} INFO - Setting next_dagrun for load_to_mongodb to None, run_after=None
[2025-11-20T22:36:19.988+0000] {processor.py:208} INFO - Processing /opt/airflow/dags/scripts/load_to_mongodb.py took 0.527 seconds
[2025-11-20T22:36:50.429+0000] {processor.py:186} INFO - Started process (PID=492) to work on /opt/airflow/dags/scripts/load_to_mongodb.py
[2025-11-20T22:36:50.430+0000] {processor.py:914} INFO - Processing file /opt/airflow/dags/scripts/load_to_mongodb.py for tasks to queue
[2025-11-20T22:36:50.433+0000] {logging_mixin.py:190} INFO - [2025-11-20T22:36:50.433+0000] {dagbag.py:588} INFO - Filling up the DagBag from /opt/airflow/dags/scripts/load_to_mongodb.py
[2025-11-20T22:36:50.886+0000] {processor.py:925} INFO - DAG(s) 'load_to_mongodb' retrieved from /opt/airflow/dags/scripts/load_to_mongodb.py
[2025-11-20T22:36:50.904+0000] {logging_mixin.py:190} INFO - [2025-11-20T22:36:50.904+0000] {dag.py:3239} INFO - Sync 1 DAGs
[2025-11-20T22:36:50.915+0000] {logging_mixin.py:190} INFO - [2025-11-20T22:36:50.914+0000] {dag.py:4180} INFO - Setting next_dagrun for load_to_mongodb to None, run_after=None
[2025-11-20T22:36:50.929+0000] {processor.py:208} INFO - Processing /opt/airflow/dags/scripts/load_to_mongodb.py took 0.506 seconds
[2025-11-20T22:37:21.517+0000] {processor.py:186} INFO - Started process (PID=515) to work on /opt/airflow/dags/scripts/load_to_mongodb.py
[2025-11-20T22:37:21.518+0000] {processor.py:914} INFO - Processing file /opt/airflow/dags/scripts/load_to_mongodb.py for tasks to queue
[2025-11-20T22:37:21.520+0000] {logging_mixin.py:190} INFO - [2025-11-20T22:37:21.520+0000] {dagbag.py:588} INFO - Filling up the DagBag from /opt/airflow/dags/scripts/load_to_mongodb.py
[2025-11-20T22:37:21.987+0000] {processor.py:925} INFO - DAG(s) 'load_to_mongodb' retrieved from /opt/airflow/dags/scripts/load_to_mongodb.py
[2025-11-20T22:37:22.004+0000] {logging_mixin.py:190} INFO - [2025-11-20T22:37:22.004+0000] {dag.py:3239} INFO - Sync 1 DAGs
[2025-11-20T22:37:22.015+0000] {logging_mixin.py:190} INFO - [2025-11-20T22:37:22.014+0000] {dag.py:4180} INFO - Setting next_dagrun for load_to_mongodb to None, run_after=None
[2025-11-20T22:37:22.030+0000] {processor.py:208} INFO - Processing /opt/airflow/dags/scripts/load_to_mongodb.py took 0.519 seconds
[2025-11-20T22:37:52.492+0000] {processor.py:186} INFO - Started process (PID=538) to work on /opt/airflow/dags/scripts/load_to_mongodb.py
[2025-11-20T22:37:52.493+0000] {processor.py:914} INFO - Processing file /opt/airflow/dags/scripts/load_to_mongodb.py for tasks to queue
[2025-11-20T22:37:52.496+0000] {logging_mixin.py:190} INFO - [2025-11-20T22:37:52.496+0000] {dagbag.py:588} INFO - Filling up the DagBag from /opt/airflow/dags/scripts/load_to_mongodb.py
[2025-11-20T22:37:52.985+0000] {processor.py:925} INFO - DAG(s) 'load_to_mongodb' retrieved from /opt/airflow/dags/scripts/load_to_mongodb.py
[2025-11-20T22:37:53.006+0000] {logging_mixin.py:190} INFO - [2025-11-20T22:37:53.006+0000] {dag.py:3239} INFO - Sync 1 DAGs
[2025-11-20T22:37:53.016+0000] {logging_mixin.py:190} INFO - [2025-11-20T22:37:53.016+0000] {dag.py:4180} INFO - Setting next_dagrun for load_to_mongodb to None, run_after=None
[2025-11-20T22:37:53.036+0000] {processor.py:208} INFO - Processing /opt/airflow/dags/scripts/load_to_mongodb.py took 0.549 seconds
[2025-11-20T22:38:23.163+0000] {processor.py:186} INFO - Started process (PID=561) to work on /opt/airflow/dags/scripts/load_to_mongodb.py
[2025-11-20T22:38:23.163+0000] {processor.py:914} INFO - Processing file /opt/airflow/dags/scripts/load_to_mongodb.py for tasks to queue
[2025-11-20T22:38:23.165+0000] {logging_mixin.py:190} INFO - [2025-11-20T22:38:23.165+0000] {dagbag.py:588} INFO - Filling up the DagBag from /opt/airflow/dags/scripts/load_to_mongodb.py
[2025-11-20T22:38:23.616+0000] {processor.py:925} INFO - DAG(s) 'load_to_mongodb' retrieved from /opt/airflow/dags/scripts/load_to_mongodb.py
[2025-11-20T22:38:23.632+0000] {logging_mixin.py:190} INFO - [2025-11-20T22:38:23.632+0000] {dag.py:3239} INFO - Sync 1 DAGs
[2025-11-20T22:38:23.642+0000] {logging_mixin.py:190} INFO - [2025-11-20T22:38:23.642+0000] {dag.py:4180} INFO - Setting next_dagrun for load_to_mongodb to None, run_after=None
[2025-11-20T22:38:23.655+0000] {processor.py:208} INFO - Processing /opt/airflow/dags/scripts/load_to_mongodb.py took 0.498 seconds
[2025-11-20T22:38:54.019+0000] {processor.py:186} INFO - Started process (PID=584) to work on /opt/airflow/dags/scripts/load_to_mongodb.py
[2025-11-20T22:38:54.020+0000] {processor.py:914} INFO - Processing file /opt/airflow/dags/scripts/load_to_mongodb.py for tasks to queue
[2025-11-20T22:38:54.022+0000] {logging_mixin.py:190} INFO - [2025-11-20T22:38:54.022+0000] {dagbag.py:588} INFO - Filling up the DagBag from /opt/airflow/dags/scripts/load_to_mongodb.py
[2025-11-20T22:38:54.549+0000] {processor.py:925} INFO - DAG(s) 'load_to_mongodb' retrieved from /opt/airflow/dags/scripts/load_to_mongodb.py
[2025-11-20T22:38:54.570+0000] {logging_mixin.py:190} INFO - [2025-11-20T22:38:54.570+0000] {dag.py:3239} INFO - Sync 1 DAGs
[2025-11-20T22:38:54.583+0000] {logging_mixin.py:190} INFO - [2025-11-20T22:38:54.582+0000] {dag.py:4180} INFO - Setting next_dagrun for load_to_mongodb to None, run_after=None
[2025-11-20T22:38:54.601+0000] {processor.py:208} INFO - Processing /opt/airflow/dags/scripts/load_to_mongodb.py took 0.588 seconds
[2025-11-20T22:39:25.164+0000] {processor.py:186} INFO - Started process (PID=607) to work on /opt/airflow/dags/scripts/load_to_mongodb.py
[2025-11-20T22:39:25.164+0000] {processor.py:914} INFO - Processing file /opt/airflow/dags/scripts/load_to_mongodb.py for tasks to queue
[2025-11-20T22:39:25.167+0000] {logging_mixin.py:190} INFO - [2025-11-20T22:39:25.166+0000] {dagbag.py:588} INFO - Filling up the DagBag from /opt/airflow/dags/scripts/load_to_mongodb.py
[2025-11-20T22:39:25.910+0000] {processor.py:925} INFO - DAG(s) 'load_to_mongodb' retrieved from /opt/airflow/dags/scripts/load_to_mongodb.py
[2025-11-20T22:39:25.930+0000] {logging_mixin.py:190} INFO - [2025-11-20T22:39:25.930+0000] {dag.py:3239} INFO - Sync 1 DAGs
[2025-11-20T22:39:25.944+0000] {logging_mixin.py:190} INFO - [2025-11-20T22:39:25.943+0000] {dag.py:4180} INFO - Setting next_dagrun for load_to_mongodb to None, run_after=None
[2025-11-20T22:39:25.965+0000] {processor.py:208} INFO - Processing /opt/airflow/dags/scripts/load_to_mongodb.py took 0.806 seconds
[2025-11-20T22:41:26.437+0000] {processor.py:186} INFO - Started process (PID=205) to work on /opt/airflow/dags/scripts/load_to_mongodb.py
[2025-11-20T22:41:26.438+0000] {processor.py:914} INFO - Processing file /opt/airflow/dags/scripts/load_to_mongodb.py for tasks to queue
[2025-11-20T22:41:26.440+0000] {logging_mixin.py:190} INFO - [2025-11-20T22:41:26.440+0000] {dagbag.py:588} INFO - Filling up the DagBag from /opt/airflow/dags/scripts/load_to_mongodb.py
[2025-11-20T22:41:26.893+0000] {processor.py:925} INFO - DAG(s) 'load_to_mongodb' retrieved from /opt/airflow/dags/scripts/load_to_mongodb.py
[2025-11-20T22:41:26.976+0000] {logging_mixin.py:190} INFO - [2025-11-20T22:41:26.976+0000] {override.py:1900} INFO - Created Permission View: can edit on DAG:load_to_mongodb
[2025-11-20T22:41:26.984+0000] {logging_mixin.py:190} INFO - [2025-11-20T22:41:26.983+0000] {override.py:1900} INFO - Created Permission View: can delete on DAG:load_to_mongodb
[2025-11-20T22:41:26.989+0000] {logging_mixin.py:190} INFO - [2025-11-20T22:41:26.989+0000] {override.py:1900} INFO - Created Permission View: can read on DAG:load_to_mongodb
[2025-11-20T22:41:26.994+0000] {logging_mixin.py:190} INFO - [2025-11-20T22:41:26.994+0000] {override.py:1900} INFO - Created Permission View: can delete on DAG Run:load_to_mongodb
[2025-11-20T22:41:26.998+0000] {logging_mixin.py:190} INFO - [2025-11-20T22:41:26.998+0000] {override.py:1900} INFO - Created Permission View: menu access on DAG Run:load_to_mongodb
[2025-11-20T22:41:27.003+0000] {logging_mixin.py:190} INFO - [2025-11-20T22:41:27.003+0000] {override.py:1900} INFO - Created Permission View: can create on DAG Run:load_to_mongodb
[2025-11-20T22:41:27.007+0000] {logging_mixin.py:190} INFO - [2025-11-20T22:41:27.007+0000] {override.py:1900} INFO - Created Permission View: can read on DAG Run:load_to_mongodb
[2025-11-20T22:41:27.008+0000] {logging_mixin.py:190} INFO - [2025-11-20T22:41:27.008+0000] {dag.py:3239} INFO - Sync 1 DAGs
[2025-11-20T22:41:27.016+0000] {logging_mixin.py:190} INFO - [2025-11-20T22:41:27.016+0000] {dag.py:3262} INFO - Creating ORM DAG for load_to_mongodb
[2025-11-20T22:41:27.017+0000] {logging_mixin.py:190} INFO - [2025-11-20T22:41:27.017+0000] {dag.py:4180} INFO - Setting next_dagrun for load_to_mongodb to None, run_after=None
[2025-11-20T22:41:27.032+0000] {processor.py:208} INFO - Processing /opt/airflow/dags/scripts/load_to_mongodb.py took 0.600 seconds
[2025-11-20T22:41:57.245+0000] {processor.py:186} INFO - Started process (PID=214) to work on /opt/airflow/dags/scripts/load_to_mongodb.py
[2025-11-20T22:41:57.246+0000] {processor.py:914} INFO - Processing file /opt/airflow/dags/scripts/load_to_mongodb.py for tasks to queue
[2025-11-20T22:41:57.248+0000] {logging_mixin.py:190} INFO - [2025-11-20T22:41:57.248+0000] {dagbag.py:588} INFO - Filling up the DagBag from /opt/airflow/dags/scripts/load_to_mongodb.py
[2025-11-20T22:41:57.691+0000] {processor.py:925} INFO - DAG(s) 'load_to_mongodb' retrieved from /opt/airflow/dags/scripts/load_to_mongodb.py
[2025-11-20T22:41:57.711+0000] {logging_mixin.py:190} INFO - [2025-11-20T22:41:57.710+0000] {dag.py:3239} INFO - Sync 1 DAGs
[2025-11-20T22:41:57.722+0000] {logging_mixin.py:190} INFO - [2025-11-20T22:41:57.721+0000] {dag.py:4180} INFO - Setting next_dagrun for load_to_mongodb to None, run_after=None
[2025-11-20T22:41:57.738+0000] {processor.py:208} INFO - Processing /opt/airflow/dags/scripts/load_to_mongodb.py took 0.500 seconds
[2025-11-20T22:42:29.147+0000] {processor.py:186} INFO - Started process (PID=251) to work on /opt/airflow/dags/scripts/load_to_mongodb.py
[2025-11-20T22:42:29.148+0000] {processor.py:914} INFO - Processing file /opt/airflow/dags/scripts/load_to_mongodb.py for tasks to queue
[2025-11-20T22:42:29.151+0000] {logging_mixin.py:190} INFO - [2025-11-20T22:42:29.150+0000] {dagbag.py:588} INFO - Filling up the DagBag from /opt/airflow/dags/scripts/load_to_mongodb.py
[2025-11-20T22:42:29.591+0000] {processor.py:925} INFO - DAG(s) 'load_to_mongodb' retrieved from /opt/airflow/dags/scripts/load_to_mongodb.py
[2025-11-20T22:42:29.608+0000] {logging_mixin.py:190} INFO - [2025-11-20T22:42:29.608+0000] {dag.py:3239} INFO - Sync 1 DAGs
[2025-11-20T22:42:29.618+0000] {logging_mixin.py:190} INFO - [2025-11-20T22:42:29.618+0000] {dag.py:4180} INFO - Setting next_dagrun for load_to_mongodb to None, run_after=None
[2025-11-20T22:42:29.632+0000] {processor.py:208} INFO - Processing /opt/airflow/dags/scripts/load_to_mongodb.py took 0.489 seconds
[2025-11-20T22:43:00.369+0000] {processor.py:186} INFO - Started process (PID=274) to work on /opt/airflow/dags/scripts/load_to_mongodb.py
[2025-11-20T22:43:00.370+0000] {processor.py:914} INFO - Processing file /opt/airflow/dags/scripts/load_to_mongodb.py for tasks to queue
[2025-11-20T22:43:00.373+0000] {logging_mixin.py:190} INFO - [2025-11-20T22:43:00.373+0000] {dagbag.py:588} INFO - Filling up the DagBag from /opt/airflow/dags/scripts/load_to_mongodb.py
[2025-11-20T22:43:00.839+0000] {processor.py:925} INFO - DAG(s) 'load_to_mongodb' retrieved from /opt/airflow/dags/scripts/load_to_mongodb.py
[2025-11-20T22:43:00.857+0000] {logging_mixin.py:190} INFO - [2025-11-20T22:43:00.857+0000] {dag.py:3239} INFO - Sync 1 DAGs
[2025-11-20T22:43:00.867+0000] {logging_mixin.py:190} INFO - [2025-11-20T22:43:00.867+0000] {dag.py:4180} INFO - Setting next_dagrun for load_to_mongodb to None, run_after=None
[2025-11-20T22:43:00.884+0000] {processor.py:208} INFO - Processing /opt/airflow/dags/scripts/load_to_mongodb.py took 0.521 seconds
[2025-11-20T22:43:31.666+0000] {processor.py:186} INFO - Started process (PID=457) to work on /opt/airflow/dags/scripts/load_to_mongodb.py
[2025-11-20T22:43:31.667+0000] {processor.py:914} INFO - Processing file /opt/airflow/dags/scripts/load_to_mongodb.py for tasks to queue
[2025-11-20T22:43:31.669+0000] {logging_mixin.py:190} INFO - [2025-11-20T22:43:31.668+0000] {dagbag.py:588} INFO - Filling up the DagBag from /opt/airflow/dags/scripts/load_to_mongodb.py
[2025-11-20T22:43:32.114+0000] {processor.py:925} INFO - DAG(s) 'load_to_mongodb' retrieved from /opt/airflow/dags/scripts/load_to_mongodb.py
[2025-11-20T22:43:32.132+0000] {logging_mixin.py:190} INFO - [2025-11-20T22:43:32.132+0000] {dag.py:3239} INFO - Sync 1 DAGs
[2025-11-20T22:43:32.142+0000] {logging_mixin.py:190} INFO - [2025-11-20T22:43:32.142+0000] {dag.py:4180} INFO - Setting next_dagrun for load_to_mongodb to None, run_after=None
[2025-11-20T22:43:32.157+0000] {processor.py:208} INFO - Processing /opt/airflow/dags/scripts/load_to_mongodb.py took 0.496 seconds
[2025-11-20T22:44:03.000+0000] {processor.py:186} INFO - Started process (PID=480) to work on /opt/airflow/dags/scripts/load_to_mongodb.py
[2025-11-20T22:44:03.001+0000] {processor.py:914} INFO - Processing file /opt/airflow/dags/scripts/load_to_mongodb.py for tasks to queue
[2025-11-20T22:44:03.003+0000] {logging_mixin.py:190} INFO - [2025-11-20T22:44:03.003+0000] {dagbag.py:588} INFO - Filling up the DagBag from /opt/airflow/dags/scripts/load_to_mongodb.py
[2025-11-20T22:44:03.508+0000] {processor.py:925} INFO - DAG(s) 'load_to_mongodb' retrieved from /opt/airflow/dags/scripts/load_to_mongodb.py
[2025-11-20T22:44:03.527+0000] {logging_mixin.py:190} INFO - [2025-11-20T22:44:03.527+0000] {dag.py:3239} INFO - Sync 1 DAGs
[2025-11-20T22:44:03.539+0000] {logging_mixin.py:190} INFO - [2025-11-20T22:44:03.539+0000] {dag.py:4180} INFO - Setting next_dagrun for load_to_mongodb to None, run_after=None
[2025-11-20T22:44:03.558+0000] {processor.py:208} INFO - Processing /opt/airflow/dags/scripts/load_to_mongodb.py took 0.564 seconds
[2025-11-20T22:44:34.234+0000] {processor.py:186} INFO - Started process (PID=503) to work on /opt/airflow/dags/scripts/load_to_mongodb.py
[2025-11-20T22:44:34.235+0000] {processor.py:914} INFO - Processing file /opt/airflow/dags/scripts/load_to_mongodb.py for tasks to queue
[2025-11-20T22:44:34.238+0000] {logging_mixin.py:190} INFO - [2025-11-20T22:44:34.237+0000] {dagbag.py:588} INFO - Filling up the DagBag from /opt/airflow/dags/scripts/load_to_mongodb.py
[2025-11-20T22:44:34.684+0000] {processor.py:925} INFO - DAG(s) 'load_to_mongodb' retrieved from /opt/airflow/dags/scripts/load_to_mongodb.py
[2025-11-20T22:44:34.702+0000] {logging_mixin.py:190} INFO - [2025-11-20T22:44:34.702+0000] {dag.py:3239} INFO - Sync 1 DAGs
[2025-11-20T22:44:34.711+0000] {logging_mixin.py:190} INFO - [2025-11-20T22:44:34.711+0000] {dag.py:4180} INFO - Setting next_dagrun for load_to_mongodb to None, run_after=None
[2025-11-20T22:44:34.724+0000] {processor.py:208} INFO - Processing /opt/airflow/dags/scripts/load_to_mongodb.py took 0.496 seconds
[2025-11-20T22:45:05.636+0000] {processor.py:186} INFO - Started process (PID=526) to work on /opt/airflow/dags/scripts/load_to_mongodb.py
[2025-11-20T22:45:05.637+0000] {processor.py:914} INFO - Processing file /opt/airflow/dags/scripts/load_to_mongodb.py for tasks to queue
[2025-11-20T22:45:05.640+0000] {logging_mixin.py:190} INFO - [2025-11-20T22:45:05.640+0000] {dagbag.py:588} INFO - Filling up the DagBag from /opt/airflow/dags/scripts/load_to_mongodb.py
[2025-11-20T22:45:06.102+0000] {processor.py:925} INFO - DAG(s) 'load_to_mongodb' retrieved from /opt/airflow/dags/scripts/load_to_mongodb.py
[2025-11-20T22:45:06.120+0000] {logging_mixin.py:190} INFO - [2025-11-20T22:45:06.119+0000] {dag.py:3239} INFO - Sync 1 DAGs
[2025-11-20T22:45:06.129+0000] {logging_mixin.py:190} INFO - [2025-11-20T22:45:06.129+0000] {dag.py:4180} INFO - Setting next_dagrun for load_to_mongodb to None, run_after=None
[2025-11-20T22:45:06.142+0000] {processor.py:208} INFO - Processing /opt/airflow/dags/scripts/load_to_mongodb.py took 0.512 seconds
[2025-11-20T22:45:36.869+0000] {processor.py:186} INFO - Started process (PID=549) to work on /opt/airflow/dags/scripts/load_to_mongodb.py
[2025-11-20T22:45:36.870+0000] {processor.py:914} INFO - Processing file /opt/airflow/dags/scripts/load_to_mongodb.py for tasks to queue
[2025-11-20T22:45:36.872+0000] {logging_mixin.py:190} INFO - [2025-11-20T22:45:36.872+0000] {dagbag.py:588} INFO - Filling up the DagBag from /opt/airflow/dags/scripts/load_to_mongodb.py
[2025-11-20T22:45:37.378+0000] {processor.py:925} INFO - DAG(s) 'load_to_mongodb' retrieved from /opt/airflow/dags/scripts/load_to_mongodb.py
[2025-11-20T22:45:37.399+0000] {logging_mixin.py:190} INFO - [2025-11-20T22:45:37.398+0000] {dag.py:3239} INFO - Sync 1 DAGs
[2025-11-20T22:45:37.409+0000] {logging_mixin.py:190} INFO - [2025-11-20T22:45:37.409+0000] {dag.py:4180} INFO - Setting next_dagrun for load_to_mongodb to None, run_after=None
[2025-11-20T22:45:37.426+0000] {processor.py:208} INFO - Processing /opt/airflow/dags/scripts/load_to_mongodb.py took 0.563 seconds
[2025-11-20T22:46:07.924+0000] {processor.py:186} INFO - Started process (PID=572) to work on /opt/airflow/dags/scripts/load_to_mongodb.py
[2025-11-20T22:46:07.926+0000] {processor.py:914} INFO - Processing file /opt/airflow/dags/scripts/load_to_mongodb.py for tasks to queue
[2025-11-20T22:46:07.928+0000] {logging_mixin.py:190} INFO - [2025-11-20T22:46:07.927+0000] {dagbag.py:588} INFO - Filling up the DagBag from /opt/airflow/dags/scripts/load_to_mongodb.py
[2025-11-20T22:46:08.376+0000] {processor.py:925} INFO - DAG(s) 'load_to_mongodb' retrieved from /opt/airflow/dags/scripts/load_to_mongodb.py
[2025-11-20T22:46:08.394+0000] {logging_mixin.py:190} INFO - [2025-11-20T22:46:08.393+0000] {dag.py:3239} INFO - Sync 1 DAGs
[2025-11-20T22:46:08.403+0000] {logging_mixin.py:190} INFO - [2025-11-20T22:46:08.403+0000] {dag.py:4180} INFO - Setting next_dagrun for load_to_mongodb to None, run_after=None
[2025-11-20T22:46:08.418+0000] {processor.py:208} INFO - Processing /opt/airflow/dags/scripts/load_to_mongodb.py took 0.499 seconds
[2025-11-20T22:46:39.250+0000] {processor.py:186} INFO - Started process (PID=591) to work on /opt/airflow/dags/scripts/load_to_mongodb.py
[2025-11-20T22:46:39.251+0000] {processor.py:914} INFO - Processing file /opt/airflow/dags/scripts/load_to_mongodb.py for tasks to queue
[2025-11-20T22:46:39.255+0000] {logging_mixin.py:190} INFO - [2025-11-20T22:46:39.254+0000] {dagbag.py:588} INFO - Filling up the DagBag from /opt/airflow/dags/scripts/load_to_mongodb.py
[2025-11-20T22:46:39.779+0000] {processor.py:925} INFO - DAG(s) 'load_to_mongodb' retrieved from /opt/airflow/dags/scripts/load_to_mongodb.py
[2025-11-20T22:46:39.797+0000] {logging_mixin.py:190} INFO - [2025-11-20T22:46:39.797+0000] {dag.py:3239} INFO - Sync 1 DAGs
[2025-11-20T22:46:39.811+0000] {logging_mixin.py:190} INFO - [2025-11-20T22:46:39.811+0000] {dag.py:4180} INFO - Setting next_dagrun for load_to_mongodb to None, run_after=None
[2025-11-20T22:46:39.828+0000] {processor.py:208} INFO - Processing /opt/airflow/dags/scripts/load_to_mongodb.py took 0.584 seconds
[2025-11-20T22:48:57.445+0000] {processor.py:186} INFO - Started process (PID=206) to work on /opt/airflow/dags/scripts/load_to_mongodb.py
[2025-11-20T22:48:57.446+0000] {processor.py:914} INFO - Processing file /opt/airflow/dags/scripts/load_to_mongodb.py for tasks to queue
[2025-11-20T22:48:57.448+0000] {logging_mixin.py:190} INFO - [2025-11-20T22:48:57.448+0000] {dagbag.py:588} INFO - Filling up the DagBag from /opt/airflow/dags/scripts/load_to_mongodb.py
[2025-11-20T22:48:57.931+0000] {processor.py:925} INFO - DAG(s) 'load_to_mongodb' retrieved from /opt/airflow/dags/scripts/load_to_mongodb.py
[2025-11-20T22:48:58.030+0000] {logging_mixin.py:190} INFO - [2025-11-20T22:48:58.029+0000] {override.py:1900} INFO - Created Permission View: can read on DAG:load_to_mongodb
[2025-11-20T22:48:58.044+0000] {logging_mixin.py:190} INFO - [2025-11-20T22:48:58.044+0000] {override.py:1900} INFO - Created Permission View: can edit on DAG:load_to_mongodb
[2025-11-20T22:48:58.051+0000] {logging_mixin.py:190} INFO - [2025-11-20T22:48:58.050+0000] {override.py:1900} INFO - Created Permission View: can delete on DAG:load_to_mongodb
[2025-11-20T22:48:58.060+0000] {logging_mixin.py:190} INFO - [2025-11-20T22:48:58.060+0000] {override.py:1900} INFO - Created Permission View: can read on DAG Run:load_to_mongodb
[2025-11-20T22:48:58.065+0000] {logging_mixin.py:190} INFO - [2025-11-20T22:48:58.064+0000] {override.py:1900} INFO - Created Permission View: menu access on DAG Run:load_to_mongodb
[2025-11-20T22:48:58.070+0000] {logging_mixin.py:190} INFO - [2025-11-20T22:48:58.070+0000] {override.py:1900} INFO - Created Permission View: can delete on DAG Run:load_to_mongodb
[2025-11-20T22:48:58.076+0000] {logging_mixin.py:190} INFO - [2025-11-20T22:48:58.075+0000] {override.py:1900} INFO - Created Permission View: can create on DAG Run:load_to_mongodb
[2025-11-20T22:48:58.076+0000] {logging_mixin.py:190} INFO - [2025-11-20T22:48:58.076+0000] {dag.py:3239} INFO - Sync 1 DAGs
[2025-11-20T22:48:58.087+0000] {logging_mixin.py:190} INFO - [2025-11-20T22:48:58.086+0000] {dag.py:3262} INFO - Creating ORM DAG for load_to_mongodb
[2025-11-20T22:48:58.088+0000] {logging_mixin.py:190} INFO - [2025-11-20T22:48:58.087+0000] {dag.py:4180} INFO - Setting next_dagrun for load_to_mongodb to None, run_after=None
[2025-11-20T22:48:58.108+0000] {processor.py:208} INFO - Processing /opt/airflow/dags/scripts/load_to_mongodb.py took 0.668 seconds
[2025-11-20T22:49:29.112+0000] {processor.py:186} INFO - Started process (PID=229) to work on /opt/airflow/dags/scripts/load_to_mongodb.py
[2025-11-20T22:49:29.114+0000] {processor.py:914} INFO - Processing file /opt/airflow/dags/scripts/load_to_mongodb.py for tasks to queue
[2025-11-20T22:49:29.126+0000] {logging_mixin.py:190} INFO - [2025-11-20T22:49:29.125+0000] {dagbag.py:588} INFO - Filling up the DagBag from /opt/airflow/dags/scripts/load_to_mongodb.py
[2025-11-20T22:49:29.968+0000] {processor.py:925} INFO - DAG(s) 'load_to_mongodb' retrieved from /opt/airflow/dags/scripts/load_to_mongodb.py
[2025-11-20T22:49:29.990+0000] {logging_mixin.py:190} INFO - [2025-11-20T22:49:29.990+0000] {dag.py:3239} INFO - Sync 1 DAGs
[2025-11-20T22:49:30.005+0000] {logging_mixin.py:190} INFO - [2025-11-20T22:49:30.004+0000] {dag.py:4180} INFO - Setting next_dagrun for load_to_mongodb to None, run_after=None
[2025-11-20T22:49:30.025+0000] {processor.py:208} INFO - Processing /opt/airflow/dags/scripts/load_to_mongodb.py took 0.927 seconds
[2025-11-20T22:50:00.927+0000] {processor.py:186} INFO - Started process (PID=252) to work on /opt/airflow/dags/scripts/load_to_mongodb.py
[2025-11-20T22:50:00.928+0000] {processor.py:914} INFO - Processing file /opt/airflow/dags/scripts/load_to_mongodb.py for tasks to queue
[2025-11-20T22:50:00.930+0000] {logging_mixin.py:190} INFO - [2025-11-20T22:50:00.930+0000] {dagbag.py:588} INFO - Filling up the DagBag from /opt/airflow/dags/scripts/load_to_mongodb.py
[2025-11-20T22:50:01.420+0000] {processor.py:925} INFO - DAG(s) 'load_to_mongodb' retrieved from /opt/airflow/dags/scripts/load_to_mongodb.py
[2025-11-20T22:50:01.440+0000] {logging_mixin.py:190} INFO - [2025-11-20T22:50:01.439+0000] {dag.py:3239} INFO - Sync 1 DAGs
[2025-11-20T22:50:01.452+0000] {logging_mixin.py:190} INFO - [2025-11-20T22:50:01.452+0000] {dag.py:4180} INFO - Setting next_dagrun for load_to_mongodb to None, run_after=None
[2025-11-20T22:50:01.467+0000] {processor.py:208} INFO - Processing /opt/airflow/dags/scripts/load_to_mongodb.py took 0.545 seconds
[2025-11-20T22:50:32.491+0000] {processor.py:186} INFO - Started process (PID=275) to work on /opt/airflow/dags/scripts/load_to_mongodb.py
[2025-11-20T22:50:32.492+0000] {processor.py:914} INFO - Processing file /opt/airflow/dags/scripts/load_to_mongodb.py for tasks to queue
[2025-11-20T22:50:32.494+0000] {logging_mixin.py:190} INFO - [2025-11-20T22:50:32.494+0000] {dagbag.py:588} INFO - Filling up the DagBag from /opt/airflow/dags/scripts/load_to_mongodb.py
[2025-11-20T22:50:33.027+0000] {processor.py:925} INFO - DAG(s) 'load_to_mongodb' retrieved from /opt/airflow/dags/scripts/load_to_mongodb.py
[2025-11-20T22:50:33.051+0000] {logging_mixin.py:190} INFO - [2025-11-20T22:50:33.051+0000] {dag.py:3239} INFO - Sync 1 DAGs
[2025-11-20T22:50:33.064+0000] {logging_mixin.py:190} INFO - [2025-11-20T22:50:33.064+0000] {dag.py:4180} INFO - Setting next_dagrun for load_to_mongodb to None, run_after=None
[2025-11-20T22:50:33.082+0000] {processor.py:208} INFO - Processing /opt/airflow/dags/scripts/load_to_mongodb.py took 0.597 seconds
[2025-11-20T22:51:03.414+0000] {processor.py:186} INFO - Started process (PID=298) to work on /opt/airflow/dags/scripts/load_to_mongodb.py
[2025-11-20T22:51:03.415+0000] {processor.py:914} INFO - Processing file /opt/airflow/dags/scripts/load_to_mongodb.py for tasks to queue
[2025-11-20T22:51:03.417+0000] {logging_mixin.py:190} INFO - [2025-11-20T22:51:03.417+0000] {dagbag.py:588} INFO - Filling up the DagBag from /opt/airflow/dags/scripts/load_to_mongodb.py
[2025-11-20T22:51:03.859+0000] {processor.py:925} INFO - DAG(s) 'load_to_mongodb' retrieved from /opt/airflow/dags/scripts/load_to_mongodb.py
[2025-11-20T22:51:03.877+0000] {logging_mixin.py:190} INFO - [2025-11-20T22:51:03.877+0000] {dag.py:3239} INFO - Sync 1 DAGs
[2025-11-20T22:51:03.887+0000] {logging_mixin.py:190} INFO - [2025-11-20T22:51:03.887+0000] {dag.py:4180} INFO - Setting next_dagrun for load_to_mongodb to None, run_after=None
[2025-11-20T22:51:03.902+0000] {processor.py:208} INFO - Processing /opt/airflow/dags/scripts/load_to_mongodb.py took 0.493 seconds
[2025-11-20T22:51:34.147+0000] {processor.py:186} INFO - Started process (PID=321) to work on /opt/airflow/dags/scripts/load_to_mongodb.py
[2025-11-20T22:51:34.148+0000] {processor.py:914} INFO - Processing file /opt/airflow/dags/scripts/load_to_mongodb.py for tasks to queue
[2025-11-20T22:51:34.151+0000] {logging_mixin.py:190} INFO - [2025-11-20T22:51:34.150+0000] {dagbag.py:588} INFO - Filling up the DagBag from /opt/airflow/dags/scripts/load_to_mongodb.py
[2025-11-20T22:51:34.631+0000] {processor.py:925} INFO - DAG(s) 'load_to_mongodb' retrieved from /opt/airflow/dags/scripts/load_to_mongodb.py
[2025-11-20T22:51:34.648+0000] {logging_mixin.py:190} INFO - [2025-11-20T22:51:34.648+0000] {dag.py:3239} INFO - Sync 1 DAGs
[2025-11-20T22:51:34.658+0000] {logging_mixin.py:190} INFO - [2025-11-20T22:51:34.658+0000] {dag.py:4180} INFO - Setting next_dagrun for load_to_mongodb to None, run_after=None
[2025-11-20T22:51:34.673+0000] {processor.py:208} INFO - Processing /opt/airflow/dags/scripts/load_to_mongodb.py took 0.531 seconds
[2025-11-20T22:52:04.978+0000] {processor.py:186} INFO - Started process (PID=344) to work on /opt/airflow/dags/scripts/load_to_mongodb.py
[2025-11-20T22:52:04.979+0000] {processor.py:914} INFO - Processing file /opt/airflow/dags/scripts/load_to_mongodb.py for tasks to queue
[2025-11-20T22:52:04.981+0000] {logging_mixin.py:190} INFO - [2025-11-20T22:52:04.981+0000] {dagbag.py:588} INFO - Filling up the DagBag from /opt/airflow/dags/scripts/load_to_mongodb.py
[2025-11-20T22:52:05.461+0000] {processor.py:925} INFO - DAG(s) 'load_to_mongodb' retrieved from /opt/airflow/dags/scripts/load_to_mongodb.py
[2025-11-20T22:52:05.480+0000] {logging_mixin.py:190} INFO - [2025-11-20T22:52:05.479+0000] {dag.py:3239} INFO - Sync 1 DAGs
[2025-11-20T22:52:05.490+0000] {logging_mixin.py:190} INFO - [2025-11-20T22:52:05.490+0000] {dag.py:4180} INFO - Setting next_dagrun for load_to_mongodb to None, run_after=None
[2025-11-20T22:52:05.507+0000] {processor.py:208} INFO - Processing /opt/airflow/dags/scripts/load_to_mongodb.py took 0.535 seconds
[2025-11-20T22:52:35.765+0000] {processor.py:186} INFO - Started process (PID=367) to work on /opt/airflow/dags/scripts/load_to_mongodb.py
[2025-11-20T22:52:35.766+0000] {processor.py:914} INFO - Processing file /opt/airflow/dags/scripts/load_to_mongodb.py for tasks to queue
[2025-11-20T22:52:35.768+0000] {logging_mixin.py:190} INFO - [2025-11-20T22:52:35.768+0000] {dagbag.py:588} INFO - Filling up the DagBag from /opt/airflow/dags/scripts/load_to_mongodb.py
[2025-11-20T22:52:36.233+0000] {processor.py:925} INFO - DAG(s) 'load_to_mongodb' retrieved from /opt/airflow/dags/scripts/load_to_mongodb.py
[2025-11-20T22:52:36.250+0000] {logging_mixin.py:190} INFO - [2025-11-20T22:52:36.250+0000] {dag.py:3239} INFO - Sync 1 DAGs
[2025-11-20T22:52:36.261+0000] {logging_mixin.py:190} INFO - [2025-11-20T22:52:36.261+0000] {dag.py:4180} INFO - Setting next_dagrun for load_to_mongodb to None, run_after=None
[2025-11-20T22:52:36.275+0000] {processor.py:208} INFO - Processing /opt/airflow/dags/scripts/load_to_mongodb.py took 0.516 seconds
[2025-11-20T22:53:06.743+0000] {processor.py:186} INFO - Started process (PID=390) to work on /opt/airflow/dags/scripts/load_to_mongodb.py
[2025-11-20T22:53:06.744+0000] {processor.py:914} INFO - Processing file /opt/airflow/dags/scripts/load_to_mongodb.py for tasks to queue
[2025-11-20T22:53:06.747+0000] {logging_mixin.py:190} INFO - [2025-11-20T22:53:06.746+0000] {dagbag.py:588} INFO - Filling up the DagBag from /opt/airflow/dags/scripts/load_to_mongodb.py
[2025-11-20T22:53:07.827+0000] {processor.py:925} INFO - DAG(s) 'load_to_mongodb' retrieved from /opt/airflow/dags/scripts/load_to_mongodb.py
[2025-11-20T22:53:07.890+0000] {logging_mixin.py:190} INFO - [2025-11-20T22:53:07.889+0000] {dag.py:3239} INFO - Sync 1 DAGs
[2025-11-20T22:53:07.928+0000] {logging_mixin.py:190} INFO - [2025-11-20T22:53:07.927+0000] {dag.py:4180} INFO - Setting next_dagrun for load_to_mongodb to None, run_after=None
[2025-11-20T22:53:08.036+0000] {processor.py:208} INFO - Processing /opt/airflow/dags/scripts/load_to_mongodb.py took 1.299 seconds
[2025-11-20T22:53:38.730+0000] {processor.py:186} INFO - Started process (PID=413) to work on /opt/airflow/dags/scripts/load_to_mongodb.py
[2025-11-20T22:53:38.731+0000] {processor.py:914} INFO - Processing file /opt/airflow/dags/scripts/load_to_mongodb.py for tasks to queue
[2025-11-20T22:53:38.733+0000] {logging_mixin.py:190} INFO - [2025-11-20T22:53:38.733+0000] {dagbag.py:588} INFO - Filling up the DagBag from /opt/airflow/dags/scripts/load_to_mongodb.py
[2025-11-20T22:53:39.173+0000] {processor.py:925} INFO - DAG(s) 'load_to_mongodb' retrieved from /opt/airflow/dags/scripts/load_to_mongodb.py
[2025-11-20T22:53:39.192+0000] {logging_mixin.py:190} INFO - [2025-11-20T22:53:39.191+0000] {dag.py:3239} INFO - Sync 1 DAGs
[2025-11-20T22:53:39.202+0000] {logging_mixin.py:190} INFO - [2025-11-20T22:53:39.202+0000] {dag.py:4180} INFO - Setting next_dagrun for load_to_mongodb to None, run_after=None
[2025-11-20T22:53:39.217+0000] {processor.py:208} INFO - Processing /opt/airflow/dags/scripts/load_to_mongodb.py took 0.493 seconds
[2025-11-20T22:54:09.526+0000] {processor.py:186} INFO - Started process (PID=436) to work on /opt/airflow/dags/scripts/load_to_mongodb.py
[2025-11-20T22:54:09.527+0000] {processor.py:914} INFO - Processing file /opt/airflow/dags/scripts/load_to_mongodb.py for tasks to queue
[2025-11-20T22:54:09.529+0000] {logging_mixin.py:190} INFO - [2025-11-20T22:54:09.529+0000] {dagbag.py:588} INFO - Filling up the DagBag from /opt/airflow/dags/scripts/load_to_mongodb.py
[2025-11-20T22:54:10.032+0000] {processor.py:925} INFO - DAG(s) 'load_to_mongodb' retrieved from /opt/airflow/dags/scripts/load_to_mongodb.py
[2025-11-20T22:54:10.051+0000] {logging_mixin.py:190} INFO - [2025-11-20T22:54:10.050+0000] {dag.py:3239} INFO - Sync 1 DAGs
[2025-11-20T22:54:10.062+0000] {logging_mixin.py:190} INFO - [2025-11-20T22:54:10.062+0000] {dag.py:4180} INFO - Setting next_dagrun for load_to_mongodb to None, run_after=None
[2025-11-20T22:54:10.076+0000] {processor.py:208} INFO - Processing /opt/airflow/dags/scripts/load_to_mongodb.py took 0.556 seconds
[2025-11-20T22:54:40.310+0000] {processor.py:186} INFO - Started process (PID=459) to work on /opt/airflow/dags/scripts/load_to_mongodb.py
[2025-11-20T22:54:40.311+0000] {processor.py:914} INFO - Processing file /opt/airflow/dags/scripts/load_to_mongodb.py for tasks to queue
[2025-11-20T22:54:40.314+0000] {logging_mixin.py:190} INFO - [2025-11-20T22:54:40.313+0000] {dagbag.py:588} INFO - Filling up the DagBag from /opt/airflow/dags/scripts/load_to_mongodb.py
[2025-11-20T22:54:40.956+0000] {processor.py:925} INFO - DAG(s) 'load_to_mongodb' retrieved from /opt/airflow/dags/scripts/load_to_mongodb.py
[2025-11-20T22:54:40.986+0000] {logging_mixin.py:190} INFO - [2025-11-20T22:54:40.985+0000] {dag.py:3239} INFO - Sync 1 DAGs
[2025-11-20T22:54:41.003+0000] {logging_mixin.py:190} INFO - [2025-11-20T22:54:41.003+0000] {dag.py:4180} INFO - Setting next_dagrun for load_to_mongodb to None, run_after=None
[2025-11-20T22:54:41.035+0000] {processor.py:208} INFO - Processing /opt/airflow/dags/scripts/load_to_mongodb.py took 0.733 seconds
[2025-11-20T22:55:11.138+0000] {processor.py:186} INFO - Started process (PID=482) to work on /opt/airflow/dags/scripts/load_to_mongodb.py
[2025-11-20T22:55:11.139+0000] {processor.py:914} INFO - Processing file /opt/airflow/dags/scripts/load_to_mongodb.py for tasks to queue
[2025-11-20T22:55:11.141+0000] {logging_mixin.py:190} INFO - [2025-11-20T22:55:11.141+0000] {dagbag.py:588} INFO - Filling up the DagBag from /opt/airflow/dags/scripts/load_to_mongodb.py
[2025-11-20T22:55:11.616+0000] {processor.py:925} INFO - DAG(s) 'load_to_mongodb' retrieved from /opt/airflow/dags/scripts/load_to_mongodb.py
[2025-11-20T22:55:11.636+0000] {logging_mixin.py:190} INFO - [2025-11-20T22:55:11.635+0000] {dag.py:3239} INFO - Sync 1 DAGs
[2025-11-20T22:55:11.647+0000] {logging_mixin.py:190} INFO - [2025-11-20T22:55:11.647+0000] {dag.py:4180} INFO - Setting next_dagrun for load_to_mongodb to None, run_after=None
[2025-11-20T22:55:11.663+0000] {processor.py:208} INFO - Processing /opt/airflow/dags/scripts/load_to_mongodb.py took 0.531 seconds
[2025-11-20T22:55:42.192+0000] {processor.py:186} INFO - Started process (PID=505) to work on /opt/airflow/dags/scripts/load_to_mongodb.py
[2025-11-20T22:55:42.193+0000] {processor.py:914} INFO - Processing file /opt/airflow/dags/scripts/load_to_mongodb.py for tasks to queue
[2025-11-20T22:55:42.195+0000] {logging_mixin.py:190} INFO - [2025-11-20T22:55:42.195+0000] {dagbag.py:588} INFO - Filling up the DagBag from /opt/airflow/dags/scripts/load_to_mongodb.py
[2025-11-20T22:55:42.680+0000] {processor.py:925} INFO - DAG(s) 'load_to_mongodb' retrieved from /opt/airflow/dags/scripts/load_to_mongodb.py
[2025-11-20T22:55:42.698+0000] {logging_mixin.py:190} INFO - [2025-11-20T22:55:42.698+0000] {dag.py:3239} INFO - Sync 1 DAGs
[2025-11-20T22:55:42.709+0000] {logging_mixin.py:190} INFO - [2025-11-20T22:55:42.709+0000] {dag.py:4180} INFO - Setting next_dagrun for load_to_mongodb to None, run_after=None
[2025-11-20T22:55:42.723+0000] {processor.py:208} INFO - Processing /opt/airflow/dags/scripts/load_to_mongodb.py took 0.536 seconds
[2025-11-20T22:56:13.138+0000] {processor.py:186} INFO - Started process (PID=528) to work on /opt/airflow/dags/scripts/load_to_mongodb.py
[2025-11-20T22:56:13.139+0000] {processor.py:914} INFO - Processing file /opt/airflow/dags/scripts/load_to_mongodb.py for tasks to queue
[2025-11-20T22:56:13.141+0000] {logging_mixin.py:190} INFO - [2025-11-20T22:56:13.141+0000] {dagbag.py:588} INFO - Filling up the DagBag from /opt/airflow/dags/scripts/load_to_mongodb.py
[2025-11-20T22:56:13.626+0000] {processor.py:925} INFO - DAG(s) 'load_to_mongodb' retrieved from /opt/airflow/dags/scripts/load_to_mongodb.py
[2025-11-20T22:56:13.644+0000] {logging_mixin.py:190} INFO - [2025-11-20T22:56:13.643+0000] {dag.py:3239} INFO - Sync 1 DAGs
[2025-11-20T22:56:13.653+0000] {logging_mixin.py:190} INFO - [2025-11-20T22:56:13.653+0000] {dag.py:4180} INFO - Setting next_dagrun for load_to_mongodb to None, run_after=None
[2025-11-20T22:56:13.666+0000] {processor.py:208} INFO - Processing /opt/airflow/dags/scripts/load_to_mongodb.py took 0.533 seconds
[2025-11-20T22:56:43.810+0000] {processor.py:186} INFO - Started process (PID=551) to work on /opt/airflow/dags/scripts/load_to_mongodb.py
[2025-11-20T22:56:43.811+0000] {processor.py:914} INFO - Processing file /opt/airflow/dags/scripts/load_to_mongodb.py for tasks to queue
[2025-11-20T22:56:43.814+0000] {logging_mixin.py:190} INFO - [2025-11-20T22:56:43.813+0000] {dagbag.py:588} INFO - Filling up the DagBag from /opt/airflow/dags/scripts/load_to_mongodb.py
[2025-11-20T22:56:44.280+0000] {processor.py:925} INFO - DAG(s) 'load_to_mongodb' retrieved from /opt/airflow/dags/scripts/load_to_mongodb.py
[2025-11-20T22:56:44.299+0000] {logging_mixin.py:190} INFO - [2025-11-20T22:56:44.299+0000] {dag.py:3239} INFO - Sync 1 DAGs
[2025-11-20T22:56:44.310+0000] {logging_mixin.py:190} INFO - [2025-11-20T22:56:44.310+0000] {dag.py:4180} INFO - Setting next_dagrun for load_to_mongodb to None, run_after=None
[2025-11-20T22:56:44.326+0000] {processor.py:208} INFO - Processing /opt/airflow/dags/scripts/load_to_mongodb.py took 0.521 seconds
[2025-11-20T22:57:14.424+0000] {processor.py:186} INFO - Started process (PID=574) to work on /opt/airflow/dags/scripts/load_to_mongodb.py
[2025-11-20T22:57:14.425+0000] {processor.py:914} INFO - Processing file /opt/airflow/dags/scripts/load_to_mongodb.py for tasks to queue
[2025-11-20T22:57:14.427+0000] {logging_mixin.py:190} INFO - [2025-11-20T22:57:14.427+0000] {dagbag.py:588} INFO - Filling up the DagBag from /opt/airflow/dags/scripts/load_to_mongodb.py
[2025-11-20T22:57:14.916+0000] {processor.py:925} INFO - DAG(s) 'load_to_mongodb' retrieved from /opt/airflow/dags/scripts/load_to_mongodb.py
[2025-11-20T22:57:14.936+0000] {logging_mixin.py:190} INFO - [2025-11-20T22:57:14.935+0000] {dag.py:3239} INFO - Sync 1 DAGs
[2025-11-20T22:57:14.946+0000] {logging_mixin.py:190} INFO - [2025-11-20T22:57:14.945+0000] {dag.py:4180} INFO - Setting next_dagrun for load_to_mongodb to None, run_after=None
[2025-11-20T22:57:14.962+0000] {processor.py:208} INFO - Processing /opt/airflow/dags/scripts/load_to_mongodb.py took 0.544 seconds
