[2025-11-20T22:32:11.415+0000] {processor.py:186} INFO - Started process (PID=191) to work on /opt/airflow/dags/scripts/transform_data.py
[2025-11-20T22:32:11.416+0000] {processor.py:914} INFO - Processing file /opt/airflow/dags/scripts/transform_data.py for tasks to queue
[2025-11-20T22:32:11.418+0000] {logging_mixin.py:190} INFO - [2025-11-20T22:32:11.418+0000] {dagbag.py:588} INFO - Filling up the DagBag from /opt/airflow/dags/scripts/transform_data.py
[2025-11-20T22:32:12.109+0000] {logging_mixin.py:190} INFO - Files in processed data folder: ['sample1.csv', 'sample2.csv']
[2025-11-20T22:32:12.125+0000] {logging_mixin.py:190} INFO - 
Transformed sample1.csv saved to /opt/airflow/dags/transformed_data/sample1.csv
[2025-11-20T22:32:12.131+0000] {logging_mixin.py:190} INFO -       name   age                email age_group  name_length email_domain
0    Alice  25.0    alice@example.com     Adult            5  example.com
1      Bob  30.0      bob@example.com     Adult            3  example.com
2  Charlie  27.5  charlie@example.com     Adult            7  example.com
[2025-11-20T22:32:12.139+0000] {logging_mixin.py:190} INFO - 
Transformed sample2.csv saved to /opt/airflow/dags/transformed_data/sample2.csv
[2025-11-20T22:32:12.143+0000] {logging_mixin.py:190} INFO -     name   age              email   age_group  name_length email_domain
0  Vince  22.0  vince@example.com       Adult            5  example.com
1   John  56.0   john@example.com  Middle Age            4  example.com
2   Will  39.0   will@example.com  Middle Age            4  example.com
[2025-11-20T22:32:12.144+0000] {processor.py:927} WARNING - No viable dags retrieved from /opt/airflow/dags/scripts/transform_data.py
[2025-11-20T22:32:12.153+0000] {processor.py:208} INFO - Processing /opt/airflow/dags/scripts/transform_data.py took 0.744 seconds
[2025-11-20T22:32:42.608+0000] {processor.py:186} INFO - Started process (PID=214) to work on /opt/airflow/dags/scripts/transform_data.py
[2025-11-20T22:32:42.609+0000] {processor.py:914} INFO - Processing file /opt/airflow/dags/scripts/transform_data.py for tasks to queue
[2025-11-20T22:32:42.611+0000] {logging_mixin.py:190} INFO - [2025-11-20T22:32:42.611+0000] {dagbag.py:588} INFO - Filling up the DagBag from /opt/airflow/dags/scripts/transform_data.py
[2025-11-20T22:32:43.081+0000] {logging_mixin.py:190} INFO - Files in processed data folder: ['sample1.csv', 'sample2.csv']
[2025-11-20T22:32:43.092+0000] {logging_mixin.py:190} INFO - 
Transformed sample1.csv saved to /opt/airflow/dags/transformed_data/sample1.csv
[2025-11-20T22:32:43.098+0000] {logging_mixin.py:190} INFO -       name   age                email age_group  name_length email_domain
0    Alice  25.0    alice@example.com     Adult            5  example.com
1      Bob  30.0      bob@example.com     Adult            3  example.com
2  Charlie  27.5  charlie@example.com     Adult            7  example.com
[2025-11-20T22:32:43.108+0000] {logging_mixin.py:190} INFO - 
Transformed sample2.csv saved to /opt/airflow/dags/transformed_data/sample2.csv
[2025-11-20T22:32:43.113+0000] {logging_mixin.py:190} INFO -     name   age              email   age_group  name_length email_domain
0  Vince  22.0  vince@example.com       Adult            5  example.com
1   John  56.0   john@example.com  Middle Age            4  example.com
2   Will  39.0   will@example.com  Middle Age            4  example.com
[2025-11-20T22:32:43.114+0000] {processor.py:927} WARNING - No viable dags retrieved from /opt/airflow/dags/scripts/transform_data.py
[2025-11-20T22:32:43.124+0000] {processor.py:208} INFO - Processing /opt/airflow/dags/scripts/transform_data.py took 0.522 seconds
[2025-11-20T22:33:13.446+0000] {processor.py:186} INFO - Started process (PID=317) to work on /opt/airflow/dags/scripts/transform_data.py
[2025-11-20T22:33:13.447+0000] {processor.py:914} INFO - Processing file /opt/airflow/dags/scripts/transform_data.py for tasks to queue
[2025-11-20T22:33:13.449+0000] {logging_mixin.py:190} INFO - [2025-11-20T22:33:13.449+0000] {dagbag.py:588} INFO - Filling up the DagBag from /opt/airflow/dags/scripts/transform_data.py
[2025-11-20T22:33:13.886+0000] {logging_mixin.py:190} INFO - Files in processed data folder: ['sample1.csv', 'sample2.csv']
[2025-11-20T22:33:13.896+0000] {logging_mixin.py:190} INFO - 
Transformed sample1.csv saved to /opt/airflow/dags/transformed_data/sample1.csv
[2025-11-20T22:33:13.901+0000] {logging_mixin.py:190} INFO -       name   age                email age_group  name_length email_domain
0    Alice  25.0    alice@example.com     Adult            5  example.com
1      Bob  30.0      bob@example.com     Adult            3  example.com
2  Charlie  27.5  charlie@example.com     Adult            7  example.com
[2025-11-20T22:33:13.910+0000] {logging_mixin.py:190} INFO - 
Transformed sample2.csv saved to /opt/airflow/dags/transformed_data/sample2.csv
[2025-11-20T22:33:13.914+0000] {logging_mixin.py:190} INFO -     name   age              email   age_group  name_length email_domain
0  Vince  22.0  vince@example.com       Adult            5  example.com
1   John  56.0   john@example.com  Middle Age            4  example.com
2   Will  39.0   will@example.com  Middle Age            4  example.com
[2025-11-20T22:33:13.915+0000] {processor.py:927} WARNING - No viable dags retrieved from /opt/airflow/dags/scripts/transform_data.py
[2025-11-20T22:33:13.924+0000] {processor.py:208} INFO - Processing /opt/airflow/dags/scripts/transform_data.py took 0.483 seconds
[2025-11-20T22:33:44.079+0000] {processor.py:186} INFO - Started process (PID=340) to work on /opt/airflow/dags/scripts/transform_data.py
[2025-11-20T22:33:44.080+0000] {processor.py:914} INFO - Processing file /opt/airflow/dags/scripts/transform_data.py for tasks to queue
[2025-11-20T22:33:44.082+0000] {logging_mixin.py:190} INFO - [2025-11-20T22:33:44.082+0000] {dagbag.py:588} INFO - Filling up the DagBag from /opt/airflow/dags/scripts/transform_data.py
[2025-11-20T22:33:44.541+0000] {logging_mixin.py:190} INFO - Files in processed data folder: ['sample1.csv', 'sample2.csv']
[2025-11-20T22:33:44.553+0000] {logging_mixin.py:190} INFO - 
Transformed sample1.csv saved to /opt/airflow/dags/transformed_data/sample1.csv
[2025-11-20T22:33:44.559+0000] {logging_mixin.py:190} INFO -       name   age                email age_group  name_length email_domain
0    Alice  25.0    alice@example.com     Adult            5  example.com
1      Bob  30.0      bob@example.com     Adult            3  example.com
2  Charlie  27.5  charlie@example.com     Adult            7  example.com
[2025-11-20T22:33:44.568+0000] {logging_mixin.py:190} INFO - 
Transformed sample2.csv saved to /opt/airflow/dags/transformed_data/sample2.csv
[2025-11-20T22:33:44.573+0000] {logging_mixin.py:190} INFO -     name   age              email   age_group  name_length email_domain
0  Vince  22.0  vince@example.com       Adult            5  example.com
1   John  56.0   john@example.com  Middle Age            4  example.com
2   Will  39.0   will@example.com  Middle Age            4  example.com
[2025-11-20T22:33:44.573+0000] {processor.py:927} WARNING - No viable dags retrieved from /opt/airflow/dags/scripts/transform_data.py
[2025-11-20T22:33:44.583+0000] {processor.py:208} INFO - Processing /opt/airflow/dags/scripts/transform_data.py took 0.510 seconds
[2025-11-20T22:34:14.865+0000] {processor.py:186} INFO - Started process (PID=363) to work on /opt/airflow/dags/scripts/transform_data.py
[2025-11-20T22:34:14.866+0000] {processor.py:914} INFO - Processing file /opt/airflow/dags/scripts/transform_data.py for tasks to queue
[2025-11-20T22:34:14.868+0000] {logging_mixin.py:190} INFO - [2025-11-20T22:34:14.868+0000] {dagbag.py:588} INFO - Filling up the DagBag from /opt/airflow/dags/scripts/transform_data.py
[2025-11-20T22:34:15.267+0000] {logging_mixin.py:190} INFO - Files in processed data folder: ['sample1.csv', 'sample2.csv']
[2025-11-20T22:34:15.278+0000] {logging_mixin.py:190} INFO - 
Transformed sample1.csv saved to /opt/airflow/dags/transformed_data/sample1.csv
[2025-11-20T22:34:15.283+0000] {logging_mixin.py:190} INFO -       name   age                email age_group  name_length email_domain
0    Alice  25.0    alice@example.com     Adult            5  example.com
1      Bob  30.0      bob@example.com     Adult            3  example.com
2  Charlie  27.5  charlie@example.com     Adult            7  example.com
[2025-11-20T22:34:15.291+0000] {logging_mixin.py:190} INFO - 
Transformed sample2.csv saved to /opt/airflow/dags/transformed_data/sample2.csv
[2025-11-20T22:34:15.295+0000] {logging_mixin.py:190} INFO -     name   age              email   age_group  name_length email_domain
0  Vince  22.0  vince@example.com       Adult            5  example.com
1   John  56.0   john@example.com  Middle Age            4  example.com
2   Will  39.0   will@example.com  Middle Age            4  example.com
[2025-11-20T22:34:15.295+0000] {processor.py:927} WARNING - No viable dags retrieved from /opt/airflow/dags/scripts/transform_data.py
[2025-11-20T22:34:15.306+0000] {processor.py:208} INFO - Processing /opt/airflow/dags/scripts/transform_data.py took 0.445 seconds
[2025-11-20T22:34:45.482+0000] {processor.py:186} INFO - Started process (PID=386) to work on /opt/airflow/dags/scripts/transform_data.py
[2025-11-20T22:34:45.482+0000] {processor.py:914} INFO - Processing file /opt/airflow/dags/scripts/transform_data.py for tasks to queue
[2025-11-20T22:34:45.484+0000] {logging_mixin.py:190} INFO - [2025-11-20T22:34:45.484+0000] {dagbag.py:588} INFO - Filling up the DagBag from /opt/airflow/dags/scripts/transform_data.py
[2025-11-20T22:34:45.909+0000] {logging_mixin.py:190} INFO - Files in processed data folder: ['sample1.csv', 'sample2.csv']
[2025-11-20T22:34:45.920+0000] {logging_mixin.py:190} INFO - 
Transformed sample1.csv saved to /opt/airflow/dags/transformed_data/sample1.csv
[2025-11-20T22:34:45.926+0000] {logging_mixin.py:190} INFO -       name   age                email age_group  name_length email_domain
0    Alice  25.0    alice@example.com     Adult            5  example.com
1      Bob  30.0      bob@example.com     Adult            3  example.com
2  Charlie  27.5  charlie@example.com     Adult            7  example.com
[2025-11-20T22:34:45.934+0000] {logging_mixin.py:190} INFO - 
Transformed sample2.csv saved to /opt/airflow/dags/transformed_data/sample2.csv
[2025-11-20T22:34:45.939+0000] {logging_mixin.py:190} INFO -     name   age              email   age_group  name_length email_domain
0  Vince  22.0  vince@example.com       Adult            5  example.com
1   John  56.0   john@example.com  Middle Age            4  example.com
2   Will  39.0   will@example.com  Middle Age            4  example.com
[2025-11-20T22:34:45.939+0000] {processor.py:927} WARNING - No viable dags retrieved from /opt/airflow/dags/scripts/transform_data.py
[2025-11-20T22:34:45.950+0000] {processor.py:208} INFO - Processing /opt/airflow/dags/scripts/transform_data.py took 0.474 seconds
[2025-11-20T22:35:16.449+0000] {processor.py:186} INFO - Started process (PID=409) to work on /opt/airflow/dags/scripts/transform_data.py
[2025-11-20T22:35:16.450+0000] {processor.py:914} INFO - Processing file /opt/airflow/dags/scripts/transform_data.py for tasks to queue
[2025-11-20T22:35:16.452+0000] {logging_mixin.py:190} INFO - [2025-11-20T22:35:16.452+0000] {dagbag.py:588} INFO - Filling up the DagBag from /opt/airflow/dags/scripts/transform_data.py
[2025-11-20T22:35:16.881+0000] {logging_mixin.py:190} INFO - Files in processed data folder: ['sample1.csv', 'sample2.csv']
[2025-11-20T22:35:16.892+0000] {logging_mixin.py:190} INFO - 
Transformed sample1.csv saved to /opt/airflow/dags/transformed_data/sample1.csv
[2025-11-20T22:35:16.897+0000] {logging_mixin.py:190} INFO -       name   age                email age_group  name_length email_domain
0    Alice  25.0    alice@example.com     Adult            5  example.com
1      Bob  30.0      bob@example.com     Adult            3  example.com
2  Charlie  27.5  charlie@example.com     Adult            7  example.com
[2025-11-20T22:35:16.906+0000] {logging_mixin.py:190} INFO - 
Transformed sample2.csv saved to /opt/airflow/dags/transformed_data/sample2.csv
[2025-11-20T22:35:16.910+0000] {logging_mixin.py:190} INFO -     name   age              email   age_group  name_length email_domain
0  Vince  22.0  vince@example.com       Adult            5  example.com
1   John  56.0   john@example.com  Middle Age            4  example.com
2   Will  39.0   will@example.com  Middle Age            4  example.com
[2025-11-20T22:35:16.910+0000] {processor.py:927} WARNING - No viable dags retrieved from /opt/airflow/dags/scripts/transform_data.py
[2025-11-20T22:35:16.919+0000] {processor.py:208} INFO - Processing /opt/airflow/dags/scripts/transform_data.py took 0.476 seconds
[2025-11-20T22:35:47.286+0000] {processor.py:186} INFO - Started process (PID=432) to work on /opt/airflow/dags/scripts/transform_data.py
[2025-11-20T22:35:47.287+0000] {processor.py:914} INFO - Processing file /opt/airflow/dags/scripts/transform_data.py for tasks to queue
[2025-11-20T22:35:47.290+0000] {logging_mixin.py:190} INFO - [2025-11-20T22:35:47.290+0000] {dagbag.py:588} INFO - Filling up the DagBag from /opt/airflow/dags/scripts/transform_data.py
[2025-11-20T22:35:47.737+0000] {logging_mixin.py:190} INFO - Files in processed data folder: ['sample1.csv', 'sample2.csv']
[2025-11-20T22:35:47.750+0000] {logging_mixin.py:190} INFO - 
Transformed sample1.csv saved to /opt/airflow/dags/transformed_data/sample1.csv
[2025-11-20T22:35:47.756+0000] {logging_mixin.py:190} INFO -       name   age                email age_group  name_length email_domain
0    Alice  25.0    alice@example.com     Adult            5  example.com
1      Bob  30.0      bob@example.com     Adult            3  example.com
2  Charlie  27.5  charlie@example.com     Adult            7  example.com
[2025-11-20T22:35:47.764+0000] {logging_mixin.py:190} INFO - 
Transformed sample2.csv saved to /opt/airflow/dags/transformed_data/sample2.csv
[2025-11-20T22:35:47.769+0000] {logging_mixin.py:190} INFO -     name   age              email   age_group  name_length email_domain
0  Vince  22.0  vince@example.com       Adult            5  example.com
1   John  56.0   john@example.com  Middle Age            4  example.com
2   Will  39.0   will@example.com  Middle Age            4  example.com
[2025-11-20T22:35:47.769+0000] {processor.py:927} WARNING - No viable dags retrieved from /opt/airflow/dags/scripts/transform_data.py
[2025-11-20T22:35:47.781+0000] {processor.py:208} INFO - Processing /opt/airflow/dags/scripts/transform_data.py took 0.501 seconds
[2025-11-20T22:36:17.862+0000] {processor.py:186} INFO - Started process (PID=455) to work on /opt/airflow/dags/scripts/transform_data.py
[2025-11-20T22:36:17.863+0000] {processor.py:914} INFO - Processing file /opt/airflow/dags/scripts/transform_data.py for tasks to queue
[2025-11-20T22:36:17.866+0000] {logging_mixin.py:190} INFO - [2025-11-20T22:36:17.866+0000] {dagbag.py:588} INFO - Filling up the DagBag from /opt/airflow/dags/scripts/transform_data.py
[2025-11-20T22:36:18.338+0000] {logging_mixin.py:190} INFO - Files in processed data folder: ['sample1.csv', 'sample2.csv']
[2025-11-20T22:36:18.351+0000] {logging_mixin.py:190} INFO - 
Transformed sample1.csv saved to /opt/airflow/dags/transformed_data/sample1.csv
[2025-11-20T22:36:18.356+0000] {logging_mixin.py:190} INFO -       name   age                email age_group  name_length email_domain
0    Alice  25.0    alice@example.com     Adult            5  example.com
1      Bob  30.0      bob@example.com     Adult            3  example.com
2  Charlie  27.5  charlie@example.com     Adult            7  example.com
[2025-11-20T22:36:18.366+0000] {logging_mixin.py:190} INFO - 
Transformed sample2.csv saved to /opt/airflow/dags/transformed_data/sample2.csv
[2025-11-20T22:36:18.371+0000] {logging_mixin.py:190} INFO -     name   age              email   age_group  name_length email_domain
0  Vince  22.0  vince@example.com       Adult            5  example.com
1   John  56.0   john@example.com  Middle Age            4  example.com
2   Will  39.0   will@example.com  Middle Age            4  example.com
[2025-11-20T22:36:18.371+0000] {processor.py:927} WARNING - No viable dags retrieved from /opt/airflow/dags/scripts/transform_data.py
[2025-11-20T22:36:18.382+0000] {processor.py:208} INFO - Processing /opt/airflow/dags/scripts/transform_data.py took 0.525 seconds
[2025-11-20T22:36:48.827+0000] {processor.py:186} INFO - Started process (PID=478) to work on /opt/airflow/dags/scripts/transform_data.py
[2025-11-20T22:36:48.828+0000] {processor.py:914} INFO - Processing file /opt/airflow/dags/scripts/transform_data.py for tasks to queue
[2025-11-20T22:36:48.831+0000] {logging_mixin.py:190} INFO - [2025-11-20T22:36:48.831+0000] {dagbag.py:588} INFO - Filling up the DagBag from /opt/airflow/dags/scripts/transform_data.py
[2025-11-20T22:36:49.297+0000] {logging_mixin.py:190} INFO - Files in processed data folder: ['sample1.csv', 'sample2.csv']
[2025-11-20T22:36:49.310+0000] {logging_mixin.py:190} INFO - 
Transformed sample1.csv saved to /opt/airflow/dags/transformed_data/sample1.csv
[2025-11-20T22:36:49.315+0000] {logging_mixin.py:190} INFO -       name   age                email age_group  name_length email_domain
0    Alice  25.0    alice@example.com     Adult            5  example.com
1      Bob  30.0      bob@example.com     Adult            3  example.com
2  Charlie  27.5  charlie@example.com     Adult            7  example.com
[2025-11-20T22:36:49.324+0000] {logging_mixin.py:190} INFO - 
Transformed sample2.csv saved to /opt/airflow/dags/transformed_data/sample2.csv
[2025-11-20T22:36:49.328+0000] {logging_mixin.py:190} INFO -     name   age              email   age_group  name_length email_domain
0  Vince  22.0  vince@example.com       Adult            5  example.com
1   John  56.0   john@example.com  Middle Age            4  example.com
2   Will  39.0   will@example.com  Middle Age            4  example.com
[2025-11-20T22:36:49.329+0000] {processor.py:927} WARNING - No viable dags retrieved from /opt/airflow/dags/scripts/transform_data.py
[2025-11-20T22:36:49.340+0000] {processor.py:208} INFO - Processing /opt/airflow/dags/scripts/transform_data.py took 0.518 seconds
[2025-11-20T22:37:19.923+0000] {processor.py:186} INFO - Started process (PID=501) to work on /opt/airflow/dags/scripts/transform_data.py
[2025-11-20T22:37:19.924+0000] {processor.py:914} INFO - Processing file /opt/airflow/dags/scripts/transform_data.py for tasks to queue
[2025-11-20T22:37:19.926+0000] {logging_mixin.py:190} INFO - [2025-11-20T22:37:19.926+0000] {dagbag.py:588} INFO - Filling up the DagBag from /opt/airflow/dags/scripts/transform_data.py
[2025-11-20T22:37:20.389+0000] {logging_mixin.py:190} INFO - Files in processed data folder: ['sample1.csv', 'sample2.csv']
[2025-11-20T22:37:20.401+0000] {logging_mixin.py:190} INFO - 
Transformed sample1.csv saved to /opt/airflow/dags/transformed_data/sample1.csv
[2025-11-20T22:37:20.408+0000] {logging_mixin.py:190} INFO -       name   age                email age_group  name_length email_domain
0    Alice  25.0    alice@example.com     Adult            5  example.com
1      Bob  30.0      bob@example.com     Adult            3  example.com
2  Charlie  27.5  charlie@example.com     Adult            7  example.com
[2025-11-20T22:37:20.418+0000] {logging_mixin.py:190} INFO - 
Transformed sample2.csv saved to /opt/airflow/dags/transformed_data/sample2.csv
[2025-11-20T22:37:20.422+0000] {logging_mixin.py:190} INFO -     name   age              email   age_group  name_length email_domain
0  Vince  22.0  vince@example.com       Adult            5  example.com
1   John  56.0   john@example.com  Middle Age            4  example.com
2   Will  39.0   will@example.com  Middle Age            4  example.com
[2025-11-20T22:37:20.423+0000] {processor.py:927} WARNING - No viable dags retrieved from /opt/airflow/dags/scripts/transform_data.py
[2025-11-20T22:37:20.433+0000] {processor.py:208} INFO - Processing /opt/airflow/dags/scripts/transform_data.py took 0.516 seconds
[2025-11-20T22:37:50.879+0000] {processor.py:186} INFO - Started process (PID=524) to work on /opt/airflow/dags/scripts/transform_data.py
[2025-11-20T22:37:50.880+0000] {processor.py:914} INFO - Processing file /opt/airflow/dags/scripts/transform_data.py for tasks to queue
[2025-11-20T22:37:50.883+0000] {logging_mixin.py:190} INFO - [2025-11-20T22:37:50.883+0000] {dagbag.py:588} INFO - Filling up the DagBag from /opt/airflow/dags/scripts/transform_data.py
[2025-11-20T22:37:51.375+0000] {logging_mixin.py:190} INFO - Files in processed data folder: ['sample1.csv', 'sample2.csv']
[2025-11-20T22:37:51.386+0000] {logging_mixin.py:190} INFO - 
Transformed sample1.csv saved to /opt/airflow/dags/transformed_data/sample1.csv
[2025-11-20T22:37:51.392+0000] {logging_mixin.py:190} INFO -       name   age                email age_group  name_length email_domain
0    Alice  25.0    alice@example.com     Adult            5  example.com
1      Bob  30.0      bob@example.com     Adult            3  example.com
2  Charlie  27.5  charlie@example.com     Adult            7  example.com
[2025-11-20T22:37:51.401+0000] {logging_mixin.py:190} INFO - 
Transformed sample2.csv saved to /opt/airflow/dags/transformed_data/sample2.csv
[2025-11-20T22:37:51.405+0000] {logging_mixin.py:190} INFO -     name   age              email   age_group  name_length email_domain
0  Vince  22.0  vince@example.com       Adult            5  example.com
1   John  56.0   john@example.com  Middle Age            4  example.com
2   Will  39.0   will@example.com  Middle Age            4  example.com
[2025-11-20T22:37:51.406+0000] {processor.py:927} WARNING - No viable dags retrieved from /opt/airflow/dags/scripts/transform_data.py
[2025-11-20T22:37:51.415+0000] {processor.py:208} INFO - Processing /opt/airflow/dags/scripts/transform_data.py took 0.543 seconds
[2025-11-20T22:38:21.690+0000] {processor.py:186} INFO - Started process (PID=548) to work on /opt/airflow/dags/scripts/transform_data.py
[2025-11-20T22:38:21.691+0000] {processor.py:914} INFO - Processing file /opt/airflow/dags/scripts/transform_data.py for tasks to queue
[2025-11-20T22:38:21.694+0000] {logging_mixin.py:190} INFO - [2025-11-20T22:38:21.693+0000] {dagbag.py:588} INFO - Filling up the DagBag from /opt/airflow/dags/scripts/transform_data.py
[2025-11-20T22:38:22.147+0000] {logging_mixin.py:190} INFO - Files in processed data folder: ['sample1.csv', 'sample2.csv']
[2025-11-20T22:38:22.158+0000] {logging_mixin.py:190} INFO - 
Transformed sample1.csv saved to /opt/airflow/dags/transformed_data/sample1.csv
[2025-11-20T22:38:22.163+0000] {logging_mixin.py:190} INFO -       name   age                email age_group  name_length email_domain
0    Alice  25.0    alice@example.com     Adult            5  example.com
1      Bob  30.0      bob@example.com     Adult            3  example.com
2  Charlie  27.5  charlie@example.com     Adult            7  example.com
[2025-11-20T22:38:22.171+0000] {logging_mixin.py:190} INFO - 
Transformed sample2.csv saved to /opt/airflow/dags/transformed_data/sample2.csv
[2025-11-20T22:38:22.175+0000] {logging_mixin.py:190} INFO -     name   age              email   age_group  name_length email_domain
0  Vince  22.0  vince@example.com       Adult            5  example.com
1   John  56.0   john@example.com  Middle Age            4  example.com
2   Will  39.0   will@example.com  Middle Age            4  example.com
[2025-11-20T22:38:22.175+0000] {processor.py:927} WARNING - No viable dags retrieved from /opt/airflow/dags/scripts/transform_data.py
[2025-11-20T22:38:22.184+0000] {processor.py:208} INFO - Processing /opt/airflow/dags/scripts/transform_data.py took 0.502 seconds
[2025-11-20T22:38:52.576+0000] {processor.py:186} INFO - Started process (PID=571) to work on /opt/airflow/dags/scripts/transform_data.py
[2025-11-20T22:38:52.577+0000] {processor.py:914} INFO - Processing file /opt/airflow/dags/scripts/transform_data.py for tasks to queue
[2025-11-20T22:38:52.580+0000] {logging_mixin.py:190} INFO - [2025-11-20T22:38:52.580+0000] {dagbag.py:588} INFO - Filling up the DagBag from /opt/airflow/dags/scripts/transform_data.py
[2025-11-20T22:38:53.056+0000] {logging_mixin.py:190} INFO - Files in processed data folder: ['sample1.csv', 'sample2.csv']
[2025-11-20T22:38:53.068+0000] {logging_mixin.py:190} INFO - 
Transformed sample1.csv saved to /opt/airflow/dags/transformed_data/sample1.csv
[2025-11-20T22:38:53.074+0000] {logging_mixin.py:190} INFO -       name   age                email age_group  name_length email_domain
0    Alice  25.0    alice@example.com     Adult            5  example.com
1      Bob  30.0      bob@example.com     Adult            3  example.com
2  Charlie  27.5  charlie@example.com     Adult            7  example.com
[2025-11-20T22:38:53.083+0000] {logging_mixin.py:190} INFO - 
Transformed sample2.csv saved to /opt/airflow/dags/transformed_data/sample2.csv
[2025-11-20T22:38:53.087+0000] {logging_mixin.py:190} INFO -     name   age              email   age_group  name_length email_domain
0  Vince  22.0  vince@example.com       Adult            5  example.com
1   John  56.0   john@example.com  Middle Age            4  example.com
2   Will  39.0   will@example.com  Middle Age            4  example.com
[2025-11-20T22:38:53.088+0000] {processor.py:927} WARNING - No viable dags retrieved from /opt/airflow/dags/scripts/transform_data.py
[2025-11-20T22:38:53.098+0000] {processor.py:208} INFO - Processing /opt/airflow/dags/scripts/transform_data.py took 0.530 seconds
[2025-11-20T22:39:23.618+0000] {processor.py:186} INFO - Started process (PID=593) to work on /opt/airflow/dags/scripts/transform_data.py
[2025-11-20T22:39:23.619+0000] {processor.py:914} INFO - Processing file /opt/airflow/dags/scripts/transform_data.py for tasks to queue
[2025-11-20T22:39:23.621+0000] {logging_mixin.py:190} INFO - [2025-11-20T22:39:23.621+0000] {dagbag.py:588} INFO - Filling up the DagBag from /opt/airflow/dags/scripts/transform_data.py
[2025-11-20T22:39:24.052+0000] {logging_mixin.py:190} INFO - Files in processed data folder: ['sample1.csv', 'sample2.csv']
[2025-11-20T22:39:24.064+0000] {logging_mixin.py:190} INFO - 
Transformed sample1.csv saved to /opt/airflow/dags/transformed_data/sample1.csv
[2025-11-20T22:39:24.069+0000] {logging_mixin.py:190} INFO -       name   age                email age_group  name_length email_domain
0    Alice  25.0    alice@example.com     Adult            5  example.com
1      Bob  30.0      bob@example.com     Adult            3  example.com
2  Charlie  27.5  charlie@example.com     Adult            7  example.com
[2025-11-20T22:39:24.078+0000] {logging_mixin.py:190} INFO - 
Transformed sample2.csv saved to /opt/airflow/dags/transformed_data/sample2.csv
[2025-11-20T22:39:24.082+0000] {logging_mixin.py:190} INFO -     name   age              email   age_group  name_length email_domain
0  Vince  22.0  vince@example.com       Adult            5  example.com
1   John  56.0   john@example.com  Middle Age            4  example.com
2   Will  39.0   will@example.com  Middle Age            4  example.com
[2025-11-20T22:39:24.083+0000] {processor.py:927} WARNING - No viable dags retrieved from /opt/airflow/dags/scripts/transform_data.py
[2025-11-20T22:39:24.093+0000] {processor.py:208} INFO - Processing /opt/airflow/dags/scripts/transform_data.py took 0.480 seconds
[2025-11-20T22:41:13.789+0000] {processor.py:186} INFO - Started process (PID=192) to work on /opt/airflow/dags/scripts/transform_data.py
[2025-11-20T22:41:13.790+0000] {processor.py:914} INFO - Processing file /opt/airflow/dags/scripts/transform_data.py for tasks to queue
[2025-11-20T22:41:13.792+0000] {logging_mixin.py:190} INFO - [2025-11-20T22:41:13.792+0000] {dagbag.py:588} INFO - Filling up the DagBag from /opt/airflow/dags/scripts/transform_data.py
[2025-11-20T22:41:15.865+0000] {logging_mixin.py:190} INFO - [2025-11-20T22:41:15.865+0000] {process_utils.py:266} INFO - Waiting up to 5 seconds for processes to exit...
[2025-11-20T22:41:27.038+0000] {processor.py:186} INFO - Started process (PID=191) to work on /opt/airflow/dags/scripts/transform_data.py
[2025-11-20T22:41:27.039+0000] {processor.py:914} INFO - Processing file /opt/airflow/dags/scripts/transform_data.py for tasks to queue
[2025-11-20T22:41:27.041+0000] {logging_mixin.py:190} INFO - [2025-11-20T22:41:27.041+0000] {dagbag.py:588} INFO - Filling up the DagBag from /opt/airflow/dags/scripts/transform_data.py
[2025-11-20T22:41:27.518+0000] {logging_mixin.py:190} INFO - Files in processed data folder: ['sample1.csv', 'sample2.csv']
[2025-11-20T22:41:27.532+0000] {logging_mixin.py:190} INFO - 
Transformed sample1.csv saved to /opt/airflow/dags/transformed_data/sample1.csv
[2025-11-20T22:41:27.538+0000] {logging_mixin.py:190} INFO -       name   age                email age_group  name_length email_domain
0    Alice  25.0    alice@example.com     Adult            5  example.com
1      Bob  30.0      bob@example.com     Adult            3  example.com
2  Charlie  27.5  charlie@example.com     Adult            7  example.com
[2025-11-20T22:41:27.546+0000] {logging_mixin.py:190} INFO - 
Transformed sample2.csv saved to /opt/airflow/dags/transformed_data/sample2.csv
[2025-11-20T22:41:27.551+0000] {logging_mixin.py:190} INFO -     name   age              email   age_group  name_length email_domain
0  Vince  22.0  vince@example.com       Adult            5  example.com
1   John  56.0   john@example.com  Middle Age            4  example.com
2   Will  39.0   will@example.com  Middle Age            4  example.com
[2025-11-20T22:41:27.551+0000] {processor.py:927} WARNING - No viable dags retrieved from /opt/airflow/dags/scripts/transform_data.py
[2025-11-20T22:41:27.561+0000] {processor.py:208} INFO - Processing /opt/airflow/dags/scripts/transform_data.py took 0.528 seconds
[2025-11-20T22:41:57.804+0000] {processor.py:186} INFO - Started process (PID=225) to work on /opt/airflow/dags/scripts/transform_data.py
[2025-11-20T22:41:57.805+0000] {processor.py:914} INFO - Processing file /opt/airflow/dags/scripts/transform_data.py for tasks to queue
[2025-11-20T22:41:57.807+0000] {logging_mixin.py:190} INFO - [2025-11-20T22:41:57.806+0000] {dagbag.py:588} INFO - Filling up the DagBag from /opt/airflow/dags/scripts/transform_data.py
[2025-11-20T22:41:58.221+0000] {logging_mixin.py:190} INFO - Files in processed data folder: ['sample1.csv', 'sample2.csv']
[2025-11-20T22:41:58.232+0000] {logging_mixin.py:190} INFO - 
Transformed sample1.csv saved to /opt/airflow/dags/transformed_data/sample1.csv
[2025-11-20T22:41:58.236+0000] {logging_mixin.py:190} INFO -       name   age                email age_group  name_length email_domain
0    Alice  25.0    alice@example.com     Adult            5  example.com
1      Bob  30.0      bob@example.com     Adult            3  example.com
2  Charlie  27.5  charlie@example.com     Adult            7  example.com
[2025-11-20T22:41:58.245+0000] {logging_mixin.py:190} INFO - 
Transformed sample2.csv saved to /opt/airflow/dags/transformed_data/sample2.csv
[2025-11-20T22:41:58.249+0000] {logging_mixin.py:190} INFO -     name   age              email   age_group  name_length email_domain
0  Vince  22.0  vince@example.com       Adult            5  example.com
1   John  56.0   john@example.com  Middle Age            4  example.com
2   Will  39.0   will@example.com  Middle Age            4  example.com
[2025-11-20T22:41:58.250+0000] {processor.py:927} WARNING - No viable dags retrieved from /opt/airflow/dags/scripts/transform_data.py
[2025-11-20T22:41:58.259+0000] {processor.py:208} INFO - Processing /opt/airflow/dags/scripts/transform_data.py took 0.460 seconds
[2025-11-20T22:42:28.606+0000] {processor.py:186} INFO - Started process (PID=242) to work on /opt/airflow/dags/scripts/transform_data.py
[2025-11-20T22:42:28.607+0000] {processor.py:914} INFO - Processing file /opt/airflow/dags/scripts/transform_data.py for tasks to queue
[2025-11-20T22:42:28.608+0000] {logging_mixin.py:190} INFO - [2025-11-20T22:42:28.608+0000] {dagbag.py:588} INFO - Filling up the DagBag from /opt/airflow/dags/scripts/transform_data.py
[2025-11-20T22:42:29.052+0000] {logging_mixin.py:190} INFO - Files in processed data folder: ['sample1.csv', 'sample2.csv']
[2025-11-20T22:42:29.064+0000] {logging_mixin.py:190} INFO - 
Transformed sample1.csv saved to /opt/airflow/dags/transformed_data/sample1.csv
[2025-11-20T22:42:29.069+0000] {logging_mixin.py:190} INFO -       name   age                email age_group  name_length email_domain
0    Alice  25.0    alice@example.com     Adult            5  example.com
1      Bob  30.0      bob@example.com     Adult            3  example.com
2  Charlie  27.5  charlie@example.com     Adult            7  example.com
[2025-11-20T22:42:29.077+0000] {logging_mixin.py:190} INFO - 
Transformed sample2.csv saved to /opt/airflow/dags/transformed_data/sample2.csv
[2025-11-20T22:42:29.081+0000] {logging_mixin.py:190} INFO -     name   age              email   age_group  name_length email_domain
0  Vince  22.0  vince@example.com       Adult            5  example.com
1   John  56.0   john@example.com  Middle Age            4  example.com
2   Will  39.0   will@example.com  Middle Age            4  example.com
[2025-11-20T22:42:29.082+0000] {processor.py:927} WARNING - No viable dags retrieved from /opt/airflow/dags/scripts/transform_data.py
[2025-11-20T22:42:29.092+0000] {processor.py:208} INFO - Processing /opt/airflow/dags/scripts/transform_data.py took 0.491 seconds
[2025-11-20T22:42:59.801+0000] {processor.py:186} INFO - Started process (PID=265) to work on /opt/airflow/dags/scripts/transform_data.py
[2025-11-20T22:42:59.802+0000] {processor.py:914} INFO - Processing file /opt/airflow/dags/scripts/transform_data.py for tasks to queue
[2025-11-20T22:42:59.804+0000] {logging_mixin.py:190} INFO - [2025-11-20T22:42:59.804+0000] {dagbag.py:588} INFO - Filling up the DagBag from /opt/airflow/dags/scripts/transform_data.py
[2025-11-20T22:43:00.261+0000] {logging_mixin.py:190} INFO - Files in processed data folder: ['sample1.csv', 'sample2.csv']
[2025-11-20T22:43:00.274+0000] {logging_mixin.py:190} INFO - 
Transformed sample1.csv saved to /opt/airflow/dags/transformed_data/sample1.csv
[2025-11-20T22:43:00.279+0000] {logging_mixin.py:190} INFO -       name   age                email age_group  name_length email_domain
0    Alice  25.0    alice@example.com     Adult            5  example.com
1      Bob  30.0      bob@example.com     Adult            3  example.com
2  Charlie  27.5  charlie@example.com     Adult            7  example.com
[2025-11-20T22:43:00.288+0000] {logging_mixin.py:190} INFO - 
Transformed sample2.csv saved to /opt/airflow/dags/transformed_data/sample2.csv
[2025-11-20T22:43:00.293+0000] {logging_mixin.py:190} INFO -     name   age              email   age_group  name_length email_domain
0  Vince  22.0  vince@example.com       Adult            5  example.com
1   John  56.0   john@example.com  Middle Age            4  example.com
2   Will  39.0   will@example.com  Middle Age            4  example.com
[2025-11-20T22:43:00.293+0000] {processor.py:927} WARNING - No viable dags retrieved from /opt/airflow/dags/scripts/transform_data.py
[2025-11-20T22:43:00.304+0000] {processor.py:208} INFO - Processing /opt/airflow/dags/scripts/transform_data.py took 0.508 seconds
[2025-11-20T22:43:31.137+0000] {processor.py:186} INFO - Started process (PID=448) to work on /opt/airflow/dags/scripts/transform_data.py
[2025-11-20T22:43:31.138+0000] {processor.py:914} INFO - Processing file /opt/airflow/dags/scripts/transform_data.py for tasks to queue
[2025-11-20T22:43:31.139+0000] {logging_mixin.py:190} INFO - [2025-11-20T22:43:31.139+0000] {dagbag.py:588} INFO - Filling up the DagBag from /opt/airflow/dags/scripts/transform_data.py
[2025-11-20T22:43:31.569+0000] {logging_mixin.py:190} INFO - Files in processed data folder: ['sample1.csv', 'sample2.csv']
[2025-11-20T22:43:31.580+0000] {logging_mixin.py:190} INFO - 
Transformed sample1.csv saved to /opt/airflow/dags/transformed_data/sample1.csv
[2025-11-20T22:43:31.586+0000] {logging_mixin.py:190} INFO -       name   age                email age_group  name_length email_domain
0    Alice  25.0    alice@example.com     Adult            5  example.com
1      Bob  30.0      bob@example.com     Adult            3  example.com
2  Charlie  27.5  charlie@example.com     Adult            7  example.com
[2025-11-20T22:43:31.594+0000] {logging_mixin.py:190} INFO - 
Transformed sample2.csv saved to /opt/airflow/dags/transformed_data/sample2.csv
[2025-11-20T22:43:31.599+0000] {logging_mixin.py:190} INFO -     name   age              email   age_group  name_length email_domain
0  Vince  22.0  vince@example.com       Adult            5  example.com
1   John  56.0   john@example.com  Middle Age            4  example.com
2   Will  39.0   will@example.com  Middle Age            4  example.com
[2025-11-20T22:43:31.599+0000] {processor.py:927} WARNING - No viable dags retrieved from /opt/airflow/dags/scripts/transform_data.py
[2025-11-20T22:43:31.610+0000] {processor.py:208} INFO - Processing /opt/airflow/dags/scripts/transform_data.py took 0.478 seconds
[2025-11-20T22:44:02.382+0000] {processor.py:186} INFO - Started process (PID=471) to work on /opt/airflow/dags/scripts/transform_data.py
[2025-11-20T22:44:02.382+0000] {processor.py:914} INFO - Processing file /opt/airflow/dags/scripts/transform_data.py for tasks to queue
[2025-11-20T22:44:02.384+0000] {logging_mixin.py:190} INFO - [2025-11-20T22:44:02.384+0000] {dagbag.py:588} INFO - Filling up the DagBag from /opt/airflow/dags/scripts/transform_data.py
[2025-11-20T22:44:02.900+0000] {logging_mixin.py:190} INFO - Files in processed data folder: ['sample1.csv', 'sample2.csv']
[2025-11-20T22:44:02.912+0000] {logging_mixin.py:190} INFO - 
Transformed sample1.csv saved to /opt/airflow/dags/transformed_data/sample1.csv
[2025-11-20T22:44:02.918+0000] {logging_mixin.py:190} INFO -       name   age                email age_group  name_length email_domain
0    Alice  25.0    alice@example.com     Adult            5  example.com
1      Bob  30.0      bob@example.com     Adult            3  example.com
2  Charlie  27.5  charlie@example.com     Adult            7  example.com
[2025-11-20T22:44:02.927+0000] {logging_mixin.py:190} INFO - 
Transformed sample2.csv saved to /opt/airflow/dags/transformed_data/sample2.csv
[2025-11-20T22:44:02.932+0000] {logging_mixin.py:190} INFO -     name   age              email   age_group  name_length email_domain
0  Vince  22.0  vince@example.com       Adult            5  example.com
1   John  56.0   john@example.com  Middle Age            4  example.com
2   Will  39.0   will@example.com  Middle Age            4  example.com
[2025-11-20T22:44:02.933+0000] {processor.py:927} WARNING - No viable dags retrieved from /opt/airflow/dags/scripts/transform_data.py
[2025-11-20T22:44:02.944+0000] {processor.py:208} INFO - Processing /opt/airflow/dags/scripts/transform_data.py took 0.568 seconds
[2025-11-20T22:44:33.677+0000] {processor.py:186} INFO - Started process (PID=494) to work on /opt/airflow/dags/scripts/transform_data.py
[2025-11-20T22:44:33.678+0000] {processor.py:914} INFO - Processing file /opt/airflow/dags/scripts/transform_data.py for tasks to queue
[2025-11-20T22:44:33.680+0000] {logging_mixin.py:190} INFO - [2025-11-20T22:44:33.680+0000] {dagbag.py:588} INFO - Filling up the DagBag from /opt/airflow/dags/scripts/transform_data.py
[2025-11-20T22:44:34.133+0000] {logging_mixin.py:190} INFO - Files in processed data folder: ['sample1.csv', 'sample2.csv']
[2025-11-20T22:44:34.144+0000] {logging_mixin.py:190} INFO - 
Transformed sample1.csv saved to /opt/airflow/dags/transformed_data/sample1.csv
[2025-11-20T22:44:34.149+0000] {logging_mixin.py:190} INFO -       name   age                email age_group  name_length email_domain
0    Alice  25.0    alice@example.com     Adult            5  example.com
1      Bob  30.0      bob@example.com     Adult            3  example.com
2  Charlie  27.5  charlie@example.com     Adult            7  example.com
[2025-11-20T22:44:34.158+0000] {logging_mixin.py:190} INFO - 
Transformed sample2.csv saved to /opt/airflow/dags/transformed_data/sample2.csv
[2025-11-20T22:44:34.162+0000] {logging_mixin.py:190} INFO -     name   age              email   age_group  name_length email_domain
0  Vince  22.0  vince@example.com       Adult            5  example.com
1   John  56.0   john@example.com  Middle Age            4  example.com
2   Will  39.0   will@example.com  Middle Age            4  example.com
[2025-11-20T22:44:34.163+0000] {processor.py:927} WARNING - No viable dags retrieved from /opt/airflow/dags/scripts/transform_data.py
[2025-11-20T22:44:34.172+0000] {processor.py:208} INFO - Processing /opt/airflow/dags/scripts/transform_data.py took 0.500 seconds
[2025-11-20T22:45:05.089+0000] {processor.py:186} INFO - Started process (PID=517) to work on /opt/airflow/dags/scripts/transform_data.py
[2025-11-20T22:45:05.090+0000] {processor.py:914} INFO - Processing file /opt/airflow/dags/scripts/transform_data.py for tasks to queue
[2025-11-20T22:45:05.093+0000] {logging_mixin.py:190} INFO - [2025-11-20T22:45:05.092+0000] {dagbag.py:588} INFO - Filling up the DagBag from /opt/airflow/dags/scripts/transform_data.py
[2025-11-20T22:45:05.551+0000] {logging_mixin.py:190} INFO - Files in processed data folder: ['sample1.csv', 'sample2.csv']
[2025-11-20T22:45:05.563+0000] {logging_mixin.py:190} INFO - 
Transformed sample1.csv saved to /opt/airflow/dags/transformed_data/sample1.csv
[2025-11-20T22:45:05.568+0000] {logging_mixin.py:190} INFO -       name   age                email age_group  name_length email_domain
0    Alice  25.0    alice@example.com     Adult            5  example.com
1      Bob  30.0      bob@example.com     Adult            3  example.com
2  Charlie  27.5  charlie@example.com     Adult            7  example.com
[2025-11-20T22:45:05.577+0000] {logging_mixin.py:190} INFO - 
Transformed sample2.csv saved to /opt/airflow/dags/transformed_data/sample2.csv
[2025-11-20T22:45:05.581+0000] {logging_mixin.py:190} INFO -     name   age              email   age_group  name_length email_domain
0  Vince  22.0  vince@example.com       Adult            5  example.com
1   John  56.0   john@example.com  Middle Age            4  example.com
2   Will  39.0   will@example.com  Middle Age            4  example.com
[2025-11-20T22:45:05.582+0000] {processor.py:927} WARNING - No viable dags retrieved from /opt/airflow/dags/scripts/transform_data.py
[2025-11-20T22:45:05.592+0000] {processor.py:208} INFO - Processing /opt/airflow/dags/scripts/transform_data.py took 0.508 seconds
[2025-11-20T22:45:36.303+0000] {processor.py:186} INFO - Started process (PID=540) to work on /opt/airflow/dags/scripts/transform_data.py
[2025-11-20T22:45:36.304+0000] {processor.py:914} INFO - Processing file /opt/airflow/dags/scripts/transform_data.py for tasks to queue
[2025-11-20T22:45:36.306+0000] {logging_mixin.py:190} INFO - [2025-11-20T22:45:36.306+0000] {dagbag.py:588} INFO - Filling up the DagBag from /opt/airflow/dags/scripts/transform_data.py
[2025-11-20T22:45:36.762+0000] {logging_mixin.py:190} INFO - Files in processed data folder: ['sample1.csv', 'sample2.csv']
[2025-11-20T22:45:36.775+0000] {logging_mixin.py:190} INFO - 
Transformed sample1.csv saved to /opt/airflow/dags/transformed_data/sample1.csv
[2025-11-20T22:45:36.782+0000] {logging_mixin.py:190} INFO -       name   age                email age_group  name_length email_domain
0    Alice  25.0    alice@example.com     Adult            5  example.com
1      Bob  30.0      bob@example.com     Adult            3  example.com
2  Charlie  27.5  charlie@example.com     Adult            7  example.com
[2025-11-20T22:45:36.791+0000] {logging_mixin.py:190} INFO - 
Transformed sample2.csv saved to /opt/airflow/dags/transformed_data/sample2.csv
[2025-11-20T22:45:36.795+0000] {logging_mixin.py:190} INFO -     name   age              email   age_group  name_length email_domain
0  Vince  22.0  vince@example.com       Adult            5  example.com
1   John  56.0   john@example.com  Middle Age            4  example.com
2   Will  39.0   will@example.com  Middle Age            4  example.com
[2025-11-20T22:45:36.795+0000] {processor.py:927} WARNING - No viable dags retrieved from /opt/airflow/dags/scripts/transform_data.py
[2025-11-20T22:45:36.808+0000] {processor.py:208} INFO - Processing /opt/airflow/dags/scripts/transform_data.py took 0.510 seconds
[2025-11-20T22:46:07.386+0000] {processor.py:186} INFO - Started process (PID=563) to work on /opt/airflow/dags/scripts/transform_data.py
[2025-11-20T22:46:07.387+0000] {processor.py:914} INFO - Processing file /opt/airflow/dags/scripts/transform_data.py for tasks to queue
[2025-11-20T22:46:07.389+0000] {logging_mixin.py:190} INFO - [2025-11-20T22:46:07.389+0000] {dagbag.py:588} INFO - Filling up the DagBag from /opt/airflow/dags/scripts/transform_data.py
[2025-11-20T22:46:07.828+0000] {logging_mixin.py:190} INFO - Files in processed data folder: ['sample1.csv', 'sample2.csv']
[2025-11-20T22:46:07.839+0000] {logging_mixin.py:190} INFO - 
Transformed sample1.csv saved to /opt/airflow/dags/transformed_data/sample1.csv
[2025-11-20T22:46:07.844+0000] {logging_mixin.py:190} INFO -       name   age                email age_group  name_length email_domain
0    Alice  25.0    alice@example.com     Adult            5  example.com
1      Bob  30.0      bob@example.com     Adult            3  example.com
2  Charlie  27.5  charlie@example.com     Adult            7  example.com
[2025-11-20T22:46:07.851+0000] {logging_mixin.py:190} INFO - 
Transformed sample2.csv saved to /opt/airflow/dags/transformed_data/sample2.csv
[2025-11-20T22:46:07.856+0000] {logging_mixin.py:190} INFO -     name   age              email   age_group  name_length email_domain
0  Vince  22.0  vince@example.com       Adult            5  example.com
1   John  56.0   john@example.com  Middle Age            4  example.com
2   Will  39.0   will@example.com  Middle Age            4  example.com
[2025-11-20T22:46:07.856+0000] {processor.py:927} WARNING - No viable dags retrieved from /opt/airflow/dags/scripts/transform_data.py
[2025-11-20T22:46:07.866+0000] {processor.py:208} INFO - Processing /opt/airflow/dags/scripts/transform_data.py took 0.485 seconds
[2025-11-20T22:46:38.665+0000] {processor.py:186} INFO - Started process (PID=586) to work on /opt/airflow/dags/scripts/transform_data.py
[2025-11-20T22:46:38.665+0000] {processor.py:914} INFO - Processing file /opt/airflow/dags/scripts/transform_data.py for tasks to queue
[2025-11-20T22:46:38.667+0000] {logging_mixin.py:190} INFO - [2025-11-20T22:46:38.667+0000] {dagbag.py:588} INFO - Filling up the DagBag from /opt/airflow/dags/scripts/transform_data.py
[2025-11-20T22:46:39.139+0000] {logging_mixin.py:190} INFO - Files in processed data folder: ['sample1.csv', 'sample2.csv']
[2025-11-20T22:46:39.151+0000] {logging_mixin.py:190} INFO - 
Transformed sample1.csv saved to /opt/airflow/dags/transformed_data/sample1.csv
[2025-11-20T22:46:39.156+0000] {logging_mixin.py:190} INFO -       name   age                email age_group  name_length email_domain
0    Alice  25.0    alice@example.com     Adult            5  example.com
1      Bob  30.0      bob@example.com     Adult            3  example.com
2  Charlie  27.5  charlie@example.com     Adult            7  example.com
[2025-11-20T22:46:39.165+0000] {logging_mixin.py:190} INFO - 
Transformed sample2.csv saved to /opt/airflow/dags/transformed_data/sample2.csv
[2025-11-20T22:46:39.169+0000] {logging_mixin.py:190} INFO -     name   age              email   age_group  name_length email_domain
0  Vince  22.0  vince@example.com       Adult            5  example.com
1   John  56.0   john@example.com  Middle Age            4  example.com
2   Will  39.0   will@example.com  Middle Age            4  example.com
[2025-11-20T22:46:39.170+0000] {processor.py:927} WARNING - No viable dags retrieved from /opt/airflow/dags/scripts/transform_data.py
[2025-11-20T22:46:39.180+0000] {processor.py:208} INFO - Processing /opt/airflow/dags/scripts/transform_data.py took 0.520 seconds
[2025-11-20T22:48:55.792+0000] {processor.py:186} INFO - Started process (PID=192) to work on /opt/airflow/dags/scripts/transform_data.py
[2025-11-20T22:48:55.793+0000] {processor.py:914} INFO - Processing file /opt/airflow/dags/scripts/transform_data.py for tasks to queue
[2025-11-20T22:48:55.796+0000] {logging_mixin.py:190} INFO - [2025-11-20T22:48:55.795+0000] {dagbag.py:588} INFO - Filling up the DagBag from /opt/airflow/dags/scripts/transform_data.py
[2025-11-20T22:48:56.939+0000] {logging_mixin.py:190} INFO - Files in processed data folder: ['sample1.csv', 'sample2.csv']
[2025-11-20T22:48:56.952+0000] {logging_mixin.py:190} INFO - 
Transformed sample1.csv saved to /opt/airflow/dags/transformed_data/sample1.csv
[2025-11-20T22:48:56.958+0000] {logging_mixin.py:190} INFO -       name   age                email age_group  name_length email_domain
0    Alice  25.0    alice@example.com     Adult            5  example.com
1      Bob  30.0      bob@example.com     Adult            3  example.com
2  Charlie  27.5  charlie@example.com     Adult            7  example.com
[2025-11-20T22:48:56.966+0000] {logging_mixin.py:190} INFO - 
Transformed sample2.csv saved to /opt/airflow/dags/transformed_data/sample2.csv
[2025-11-20T22:48:56.971+0000] {logging_mixin.py:190} INFO -     name   age              email   age_group  name_length email_domain
0  Vince  22.0  vince@example.com       Adult            5  example.com
1   John  56.0   john@example.com  Middle Age            4  example.com
2   Will  39.0   will@example.com  Middle Age            4  example.com
[2025-11-20T22:48:56.971+0000] {processor.py:927} WARNING - No viable dags retrieved from /opt/airflow/dags/scripts/transform_data.py
[2025-11-20T22:48:56.981+0000] {processor.py:208} INFO - Processing /opt/airflow/dags/scripts/transform_data.py took 1.194 seconds
[2025-11-20T22:49:27.120+0000] {processor.py:186} INFO - Started process (PID=215) to work on /opt/airflow/dags/scripts/transform_data.py
[2025-11-20T22:49:27.121+0000] {processor.py:914} INFO - Processing file /opt/airflow/dags/scripts/transform_data.py for tasks to queue
[2025-11-20T22:49:27.124+0000] {logging_mixin.py:190} INFO - [2025-11-20T22:49:27.123+0000] {dagbag.py:588} INFO - Filling up the DagBag from /opt/airflow/dags/scripts/transform_data.py
[2025-11-20T22:49:27.622+0000] {logging_mixin.py:190} INFO - Files in processed data folder: ['sample1.csv', 'sample2.csv']
[2025-11-20T22:49:27.638+0000] {logging_mixin.py:190} INFO - 
Transformed sample1.csv saved to /opt/airflow/dags/transformed_data/sample1.csv
[2025-11-20T22:49:27.646+0000] {logging_mixin.py:190} INFO -       name   age                email age_group  name_length email_domain
0    Alice  25.0    alice@example.com     Adult            5  example.com
1      Bob  30.0      bob@example.com     Adult            3  example.com
2  Charlie  27.5  charlie@example.com     Adult            7  example.com
[2025-11-20T22:49:27.659+0000] {logging_mixin.py:190} INFO - 
Transformed sample2.csv saved to /opt/airflow/dags/transformed_data/sample2.csv
[2025-11-20T22:49:27.665+0000] {logging_mixin.py:190} INFO -     name   age              email   age_group  name_length email_domain
0  Vince  22.0  vince@example.com       Adult            5  example.com
1   John  56.0   john@example.com  Middle Age            4  example.com
2   Will  39.0   will@example.com  Middle Age            4  example.com
[2025-11-20T22:49:27.666+0000] {processor.py:927} WARNING - No viable dags retrieved from /opt/airflow/dags/scripts/transform_data.py
[2025-11-20T22:49:27.677+0000] {processor.py:208} INFO - Processing /opt/airflow/dags/scripts/transform_data.py took 0.563 seconds
[2025-11-20T22:49:58.331+0000] {processor.py:186} INFO - Started process (PID=238) to work on /opt/airflow/dags/scripts/transform_data.py
[2025-11-20T22:49:58.332+0000] {processor.py:914} INFO - Processing file /opt/airflow/dags/scripts/transform_data.py for tasks to queue
[2025-11-20T22:49:58.334+0000] {logging_mixin.py:190} INFO - [2025-11-20T22:49:58.333+0000] {dagbag.py:588} INFO - Filling up the DagBag from /opt/airflow/dags/scripts/transform_data.py
[2025-11-20T22:49:58.796+0000] {logging_mixin.py:190} INFO - Files in processed data folder: ['sample1.csv', 'sample2.csv']
[2025-11-20T22:49:58.808+0000] {logging_mixin.py:190} INFO - 
Transformed sample1.csv saved to /opt/airflow/dags/transformed_data/sample1.csv
[2025-11-20T22:49:58.814+0000] {logging_mixin.py:190} INFO -       name   age                email age_group  name_length email_domain
0    Alice  25.0    alice@example.com     Adult            5  example.com
1      Bob  30.0      bob@example.com     Adult            3  example.com
2  Charlie  27.5  charlie@example.com     Adult            7  example.com
[2025-11-20T22:49:58.822+0000] {logging_mixin.py:190} INFO - 
Transformed sample2.csv saved to /opt/airflow/dags/transformed_data/sample2.csv
[2025-11-20T22:49:58.826+0000] {logging_mixin.py:190} INFO -     name   age              email   age_group  name_length email_domain
0  Vince  22.0  vince@example.com       Adult            5  example.com
1   John  56.0   john@example.com  Middle Age            4  example.com
2   Will  39.0   will@example.com  Middle Age            4  example.com
[2025-11-20T22:49:58.827+0000] {processor.py:927} WARNING - No viable dags retrieved from /opt/airflow/dags/scripts/transform_data.py
[2025-11-20T22:49:58.838+0000] {processor.py:208} INFO - Processing /opt/airflow/dags/scripts/transform_data.py took 0.512 seconds
[2025-11-20T22:50:29.326+0000] {processor.py:186} INFO - Started process (PID=261) to work on /opt/airflow/dags/scripts/transform_data.py
[2025-11-20T22:50:29.327+0000] {processor.py:914} INFO - Processing file /opt/airflow/dags/scripts/transform_data.py for tasks to queue
[2025-11-20T22:50:29.329+0000] {logging_mixin.py:190} INFO - [2025-11-20T22:50:29.328+0000] {dagbag.py:588} INFO - Filling up the DagBag from /opt/airflow/dags/scripts/transform_data.py
[2025-11-20T22:50:29.767+0000] {logging_mixin.py:190} INFO - Files in processed data folder: ['sample1.csv', 'sample2.csv']
[2025-11-20T22:50:29.778+0000] {logging_mixin.py:190} INFO - 
Transformed sample1.csv saved to /opt/airflow/dags/transformed_data/sample1.csv
[2025-11-20T22:50:29.783+0000] {logging_mixin.py:190} INFO -       name   age                email age_group  name_length email_domain
0    Alice  25.0    alice@example.com     Adult            5  example.com
1      Bob  30.0      bob@example.com     Adult            3  example.com
2  Charlie  27.5  charlie@example.com     Adult            7  example.com
[2025-11-20T22:50:29.791+0000] {logging_mixin.py:190} INFO - 
Transformed sample2.csv saved to /opt/airflow/dags/transformed_data/sample2.csv
[2025-11-20T22:50:29.795+0000] {logging_mixin.py:190} INFO -     name   age              email   age_group  name_length email_domain
0  Vince  22.0  vince@example.com       Adult            5  example.com
1   John  56.0   john@example.com  Middle Age            4  example.com
2   Will  39.0   will@example.com  Middle Age            4  example.com
[2025-11-20T22:50:29.795+0000] {processor.py:927} WARNING - No viable dags retrieved from /opt/airflow/dags/scripts/transform_data.py
[2025-11-20T22:50:29.807+0000] {processor.py:208} INFO - Processing /opt/airflow/dags/scripts/transform_data.py took 0.486 seconds
[2025-11-20T22:51:00.044+0000] {processor.py:186} INFO - Started process (PID=284) to work on /opt/airflow/dags/scripts/transform_data.py
[2025-11-20T22:51:00.045+0000] {processor.py:914} INFO - Processing file /opt/airflow/dags/scripts/transform_data.py for tasks to queue
[2025-11-20T22:51:00.047+0000] {logging_mixin.py:190} INFO - [2025-11-20T22:51:00.047+0000] {dagbag.py:588} INFO - Filling up the DagBag from /opt/airflow/dags/scripts/transform_data.py
[2025-11-20T22:51:00.521+0000] {logging_mixin.py:190} INFO - Files in processed data folder: ['sample1.csv', 'sample2.csv']
[2025-11-20T22:51:00.748+0000] {logging_mixin.py:190} INFO - 
Transformed sample1.csv saved to /opt/airflow/dags/transformed_data/sample1.csv
[2025-11-20T22:51:00.763+0000] {logging_mixin.py:190} INFO -       name   age                email age_group  name_length email_domain
0    Alice  25.0    alice@example.com     Adult            5  example.com
1      Bob  30.0      bob@example.com     Adult            3  example.com
2  Charlie  27.5  charlie@example.com     Adult            7  example.com
[2025-11-20T22:51:00.900+0000] {logging_mixin.py:190} INFO - 
Transformed sample2.csv saved to /opt/airflow/dags/transformed_data/sample2.csv
[2025-11-20T22:51:00.911+0000] {logging_mixin.py:190} INFO -     name   age              email   age_group  name_length email_domain
0  Vince  22.0  vince@example.com       Adult            5  example.com
1   John  56.0   john@example.com  Middle Age            4  example.com
2   Will  39.0   will@example.com  Middle Age            4  example.com
[2025-11-20T22:51:00.921+0000] {processor.py:927} WARNING - No viable dags retrieved from /opt/airflow/dags/scripts/transform_data.py
[2025-11-20T22:51:00.955+0000] {processor.py:208} INFO - Processing /opt/airflow/dags/scripts/transform_data.py took 0.916 seconds
[2025-11-20T22:51:31.439+0000] {processor.py:186} INFO - Started process (PID=307) to work on /opt/airflow/dags/scripts/transform_data.py
[2025-11-20T22:51:31.440+0000] {processor.py:914} INFO - Processing file /opt/airflow/dags/scripts/transform_data.py for tasks to queue
[2025-11-20T22:51:31.442+0000] {logging_mixin.py:190} INFO - [2025-11-20T22:51:31.442+0000] {dagbag.py:588} INFO - Filling up the DagBag from /opt/airflow/dags/scripts/transform_data.py
[2025-11-20T22:51:32.007+0000] {logging_mixin.py:190} INFO - Files in processed data folder: ['sample1.csv', 'sample2.csv']
[2025-11-20T22:51:32.022+0000] {logging_mixin.py:190} INFO - 
Transformed sample1.csv saved to /opt/airflow/dags/transformed_data/sample1.csv
[2025-11-20T22:51:32.029+0000] {logging_mixin.py:190} INFO -       name   age                email age_group  name_length email_domain
0    Alice  25.0    alice@example.com     Adult            5  example.com
1      Bob  30.0      bob@example.com     Adult            3  example.com
2  Charlie  27.5  charlie@example.com     Adult            7  example.com
[2025-11-20T22:51:32.038+0000] {logging_mixin.py:190} INFO - 
Transformed sample2.csv saved to /opt/airflow/dags/transformed_data/sample2.csv
[2025-11-20T22:51:32.044+0000] {logging_mixin.py:190} INFO -     name   age              email   age_group  name_length email_domain
0  Vince  22.0  vince@example.com       Adult            5  example.com
1   John  56.0   john@example.com  Middle Age            4  example.com
2   Will  39.0   will@example.com  Middle Age            4  example.com
[2025-11-20T22:51:32.044+0000] {processor.py:927} WARNING - No viable dags retrieved from /opt/airflow/dags/scripts/transform_data.py
[2025-11-20T22:51:32.056+0000] {processor.py:208} INFO - Processing /opt/airflow/dags/scripts/transform_data.py took 0.623 seconds
[2025-11-20T22:52:02.379+0000] {processor.py:186} INFO - Started process (PID=330) to work on /opt/airflow/dags/scripts/transform_data.py
[2025-11-20T22:52:02.380+0000] {processor.py:914} INFO - Processing file /opt/airflow/dags/scripts/transform_data.py for tasks to queue
[2025-11-20T22:52:02.383+0000] {logging_mixin.py:190} INFO - [2025-11-20T22:52:02.382+0000] {dagbag.py:588} INFO - Filling up the DagBag from /opt/airflow/dags/scripts/transform_data.py
[2025-11-20T22:52:02.837+0000] {logging_mixin.py:190} INFO - Files in processed data folder: ['sample1.csv', 'sample2.csv']
[2025-11-20T22:52:02.848+0000] {logging_mixin.py:190} INFO - 
Transformed sample1.csv saved to /opt/airflow/dags/transformed_data/sample1.csv
[2025-11-20T22:52:02.853+0000] {logging_mixin.py:190} INFO -       name   age                email age_group  name_length email_domain
0    Alice  25.0    alice@example.com     Adult            5  example.com
1      Bob  30.0      bob@example.com     Adult            3  example.com
2  Charlie  27.5  charlie@example.com     Adult            7  example.com
[2025-11-20T22:52:02.861+0000] {logging_mixin.py:190} INFO - 
Transformed sample2.csv saved to /opt/airflow/dags/transformed_data/sample2.csv
[2025-11-20T22:52:02.865+0000] {logging_mixin.py:190} INFO -     name   age              email   age_group  name_length email_domain
0  Vince  22.0  vince@example.com       Adult            5  example.com
1   John  56.0   john@example.com  Middle Age            4  example.com
2   Will  39.0   will@example.com  Middle Age            4  example.com
[2025-11-20T22:52:02.866+0000] {processor.py:927} WARNING - No viable dags retrieved from /opt/airflow/dags/scripts/transform_data.py
[2025-11-20T22:52:02.876+0000] {processor.py:208} INFO - Processing /opt/airflow/dags/scripts/transform_data.py took 0.503 seconds
[2025-11-20T22:52:33.156+0000] {processor.py:186} INFO - Started process (PID=353) to work on /opt/airflow/dags/scripts/transform_data.py
[2025-11-20T22:52:33.157+0000] {processor.py:914} INFO - Processing file /opt/airflow/dags/scripts/transform_data.py for tasks to queue
[2025-11-20T22:52:33.160+0000] {logging_mixin.py:190} INFO - [2025-11-20T22:52:33.160+0000] {dagbag.py:588} INFO - Filling up the DagBag from /opt/airflow/dags/scripts/transform_data.py
[2025-11-20T22:52:33.620+0000] {logging_mixin.py:190} INFO - Files in processed data folder: ['sample1.csv', 'sample2.csv']
[2025-11-20T22:52:33.632+0000] {logging_mixin.py:190} INFO - 
Transformed sample1.csv saved to /opt/airflow/dags/transformed_data/sample1.csv
[2025-11-20T22:52:33.637+0000] {logging_mixin.py:190} INFO -       name   age                email age_group  name_length email_domain
0    Alice  25.0    alice@example.com     Adult            5  example.com
1      Bob  30.0      bob@example.com     Adult            3  example.com
2  Charlie  27.5  charlie@example.com     Adult            7  example.com
[2025-11-20T22:52:33.645+0000] {logging_mixin.py:190} INFO - 
Transformed sample2.csv saved to /opt/airflow/dags/transformed_data/sample2.csv
[2025-11-20T22:52:33.649+0000] {logging_mixin.py:190} INFO -     name   age              email   age_group  name_length email_domain
0  Vince  22.0  vince@example.com       Adult            5  example.com
1   John  56.0   john@example.com  Middle Age            4  example.com
2   Will  39.0   will@example.com  Middle Age            4  example.com
[2025-11-20T22:52:33.650+0000] {processor.py:927} WARNING - No viable dags retrieved from /opt/airflow/dags/scripts/transform_data.py
[2025-11-20T22:52:33.661+0000] {processor.py:208} INFO - Processing /opt/airflow/dags/scripts/transform_data.py took 0.512 seconds
[2025-11-20T22:53:04.139+0000] {processor.py:186} INFO - Started process (PID=376) to work on /opt/airflow/dags/scripts/transform_data.py
[2025-11-20T22:53:04.140+0000] {processor.py:914} INFO - Processing file /opt/airflow/dags/scripts/transform_data.py for tasks to queue
[2025-11-20T22:53:04.142+0000] {logging_mixin.py:190} INFO - [2025-11-20T22:53:04.142+0000] {dagbag.py:588} INFO - Filling up the DagBag from /opt/airflow/dags/scripts/transform_data.py
[2025-11-20T22:53:04.600+0000] {logging_mixin.py:190} INFO - Files in processed data folder: ['sample1.csv', 'sample2.csv']
[2025-11-20T22:53:04.612+0000] {logging_mixin.py:190} INFO - 
Transformed sample1.csv saved to /opt/airflow/dags/transformed_data/sample1.csv
[2025-11-20T22:53:04.617+0000] {logging_mixin.py:190} INFO -       name   age                email age_group  name_length email_domain
0    Alice  25.0    alice@example.com     Adult            5  example.com
1      Bob  30.0      bob@example.com     Adult            3  example.com
2  Charlie  27.5  charlie@example.com     Adult            7  example.com
[2025-11-20T22:53:04.625+0000] {logging_mixin.py:190} INFO - 
Transformed sample2.csv saved to /opt/airflow/dags/transformed_data/sample2.csv
[2025-11-20T22:53:04.629+0000] {logging_mixin.py:190} INFO -     name   age              email   age_group  name_length email_domain
0  Vince  22.0  vince@example.com       Adult            5  example.com
1   John  56.0   john@example.com  Middle Age            4  example.com
2   Will  39.0   will@example.com  Middle Age            4  example.com
[2025-11-20T22:53:04.630+0000] {processor.py:927} WARNING - No viable dags retrieved from /opt/airflow/dags/scripts/transform_data.py
[2025-11-20T22:53:04.639+0000] {processor.py:208} INFO - Processing /opt/airflow/dags/scripts/transform_data.py took 0.505 seconds
[2025-11-20T22:53:34.876+0000] {processor.py:186} INFO - Started process (PID=399) to work on /opt/airflow/dags/scripts/transform_data.py
[2025-11-20T22:53:34.878+0000] {processor.py:914} INFO - Processing file /opt/airflow/dags/scripts/transform_data.py for tasks to queue
[2025-11-20T22:53:34.881+0000] {logging_mixin.py:190} INFO - [2025-11-20T22:53:34.880+0000] {dagbag.py:588} INFO - Filling up the DagBag from /opt/airflow/dags/scripts/transform_data.py
[2025-11-20T22:53:35.383+0000] {logging_mixin.py:190} INFO - Files in processed data folder: ['sample1.csv', 'sample2.csv']
[2025-11-20T22:53:35.395+0000] {logging_mixin.py:190} INFO - 
Transformed sample1.csv saved to /opt/airflow/dags/transformed_data/sample1.csv
[2025-11-20T22:53:35.401+0000] {logging_mixin.py:190} INFO -       name   age                email age_group  name_length email_domain
0    Alice  25.0    alice@example.com     Adult            5  example.com
1      Bob  30.0      bob@example.com     Adult            3  example.com
2  Charlie  27.5  charlie@example.com     Adult            7  example.com
[2025-11-20T22:53:35.410+0000] {logging_mixin.py:190} INFO - 
Transformed sample2.csv saved to /opt/airflow/dags/transformed_data/sample2.csv
[2025-11-20T22:53:35.414+0000] {logging_mixin.py:190} INFO -     name   age              email   age_group  name_length email_domain
0  Vince  22.0  vince@example.com       Adult            5  example.com
1   John  56.0   john@example.com  Middle Age            4  example.com
2   Will  39.0   will@example.com  Middle Age            4  example.com
[2025-11-20T22:53:35.415+0000] {processor.py:927} WARNING - No viable dags retrieved from /opt/airflow/dags/scripts/transform_data.py
[2025-11-20T22:53:35.425+0000] {processor.py:208} INFO - Processing /opt/airflow/dags/scripts/transform_data.py took 0.557 seconds
[2025-11-20T22:54:05.591+0000] {processor.py:186} INFO - Started process (PID=422) to work on /opt/airflow/dags/scripts/transform_data.py
[2025-11-20T22:54:05.592+0000] {processor.py:914} INFO - Processing file /opt/airflow/dags/scripts/transform_data.py for tasks to queue
[2025-11-20T22:54:05.595+0000] {logging_mixin.py:190} INFO - [2025-11-20T22:54:05.595+0000] {dagbag.py:588} INFO - Filling up the DagBag from /opt/airflow/dags/scripts/transform_data.py
[2025-11-20T22:54:06.100+0000] {logging_mixin.py:190} INFO - Files in processed data folder: ['sample1.csv', 'sample2.csv']
[2025-11-20T22:54:06.113+0000] {logging_mixin.py:190} INFO - 
Transformed sample1.csv saved to /opt/airflow/dags/transformed_data/sample1.csv
[2025-11-20T22:54:06.118+0000] {logging_mixin.py:190} INFO -       name   age                email age_group  name_length email_domain
0    Alice  25.0    alice@example.com     Adult            5  example.com
1      Bob  30.0      bob@example.com     Adult            3  example.com
2  Charlie  27.5  charlie@example.com     Adult            7  example.com
[2025-11-20T22:54:06.129+0000] {logging_mixin.py:190} INFO - 
Transformed sample2.csv saved to /opt/airflow/dags/transformed_data/sample2.csv
[2025-11-20T22:54:06.133+0000] {logging_mixin.py:190} INFO -     name   age              email   age_group  name_length email_domain
0  Vince  22.0  vince@example.com       Adult            5  example.com
1   John  56.0   john@example.com  Middle Age            4  example.com
2   Will  39.0   will@example.com  Middle Age            4  example.com
[2025-11-20T22:54:06.134+0000] {processor.py:927} WARNING - No viable dags retrieved from /opt/airflow/dags/scripts/transform_data.py
[2025-11-20T22:54:06.144+0000] {processor.py:208} INFO - Processing /opt/airflow/dags/scripts/transform_data.py took 0.559 seconds
[2025-11-20T22:54:36.454+0000] {processor.py:186} INFO - Started process (PID=445) to work on /opt/airflow/dags/scripts/transform_data.py
[2025-11-20T22:54:36.456+0000] {processor.py:914} INFO - Processing file /opt/airflow/dags/scripts/transform_data.py for tasks to queue
[2025-11-20T22:54:36.459+0000] {logging_mixin.py:190} INFO - [2025-11-20T22:54:36.458+0000] {dagbag.py:588} INFO - Filling up the DagBag from /opt/airflow/dags/scripts/transform_data.py
[2025-11-20T22:54:37.087+0000] {logging_mixin.py:190} INFO - Files in processed data folder: ['sample1.csv', 'sample2.csv']
[2025-11-20T22:54:37.101+0000] {logging_mixin.py:190} INFO - 
Transformed sample1.csv saved to /opt/airflow/dags/transformed_data/sample1.csv
[2025-11-20T22:54:37.108+0000] {logging_mixin.py:190} INFO -       name   age                email age_group  name_length email_domain
0    Alice  25.0    alice@example.com     Adult            5  example.com
1      Bob  30.0      bob@example.com     Adult            3  example.com
2  Charlie  27.5  charlie@example.com     Adult            7  example.com
[2025-11-20T22:54:37.122+0000] {logging_mixin.py:190} INFO - 
Transformed sample2.csv saved to /opt/airflow/dags/transformed_data/sample2.csv
[2025-11-20T22:54:37.129+0000] {logging_mixin.py:190} INFO -     name   age              email   age_group  name_length email_domain
0  Vince  22.0  vince@example.com       Adult            5  example.com
1   John  56.0   john@example.com  Middle Age            4  example.com
2   Will  39.0   will@example.com  Middle Age            4  example.com
[2025-11-20T22:54:37.130+0000] {processor.py:927} WARNING - No viable dags retrieved from /opt/airflow/dags/scripts/transform_data.py
[2025-11-20T22:54:37.146+0000] {processor.py:208} INFO - Processing /opt/airflow/dags/scripts/transform_data.py took 0.700 seconds
[2025-11-20T22:55:07.425+0000] {processor.py:186} INFO - Started process (PID=468) to work on /opt/airflow/dags/scripts/transform_data.py
[2025-11-20T22:55:07.426+0000] {processor.py:914} INFO - Processing file /opt/airflow/dags/scripts/transform_data.py for tasks to queue
[2025-11-20T22:55:07.428+0000] {logging_mixin.py:190} INFO - [2025-11-20T22:55:07.428+0000] {dagbag.py:588} INFO - Filling up the DagBag from /opt/airflow/dags/scripts/transform_data.py
[2025-11-20T22:55:07.877+0000] {logging_mixin.py:190} INFO - Files in processed data folder: ['sample1.csv', 'sample2.csv']
[2025-11-20T22:55:07.891+0000] {logging_mixin.py:190} INFO - 
Transformed sample1.csv saved to /opt/airflow/dags/transformed_data/sample1.csv
[2025-11-20T22:55:07.897+0000] {logging_mixin.py:190} INFO -       name   age                email age_group  name_length email_domain
0    Alice  25.0    alice@example.com     Adult            5  example.com
1      Bob  30.0      bob@example.com     Adult            3  example.com
2  Charlie  27.5  charlie@example.com     Adult            7  example.com
[2025-11-20T22:55:07.907+0000] {logging_mixin.py:190} INFO - 
Transformed sample2.csv saved to /opt/airflow/dags/transformed_data/sample2.csv
[2025-11-20T22:55:07.912+0000] {logging_mixin.py:190} INFO -     name   age              email   age_group  name_length email_domain
0  Vince  22.0  vince@example.com       Adult            5  example.com
1   John  56.0   john@example.com  Middle Age            4  example.com
2   Will  39.0   will@example.com  Middle Age            4  example.com
[2025-11-20T22:55:07.913+0000] {processor.py:927} WARNING - No viable dags retrieved from /opt/airflow/dags/scripts/transform_data.py
[2025-11-20T22:55:07.924+0000] {processor.py:208} INFO - Processing /opt/airflow/dags/scripts/transform_data.py took 0.505 seconds
[2025-11-20T22:55:38.538+0000] {processor.py:186} INFO - Started process (PID=491) to work on /opt/airflow/dags/scripts/transform_data.py
[2025-11-20T22:55:38.539+0000] {processor.py:914} INFO - Processing file /opt/airflow/dags/scripts/transform_data.py for tasks to queue
[2025-11-20T22:55:38.541+0000] {logging_mixin.py:190} INFO - [2025-11-20T22:55:38.541+0000] {dagbag.py:588} INFO - Filling up the DagBag from /opt/airflow/dags/scripts/transform_data.py
[2025-11-20T22:55:38.998+0000] {logging_mixin.py:190} INFO - Files in processed data folder: ['sample1.csv', 'sample2.csv']
[2025-11-20T22:55:39.010+0000] {logging_mixin.py:190} INFO - 
Transformed sample1.csv saved to /opt/airflow/dags/transformed_data/sample1.csv
[2025-11-20T22:55:39.015+0000] {logging_mixin.py:190} INFO -       name   age                email age_group  name_length email_domain
0    Alice  25.0    alice@example.com     Adult            5  example.com
1      Bob  30.0      bob@example.com     Adult            3  example.com
2  Charlie  27.5  charlie@example.com     Adult            7  example.com
[2025-11-20T22:55:39.024+0000] {logging_mixin.py:190} INFO - 
Transformed sample2.csv saved to /opt/airflow/dags/transformed_data/sample2.csv
[2025-11-20T22:55:39.028+0000] {logging_mixin.py:190} INFO -     name   age              email   age_group  name_length email_domain
0  Vince  22.0  vince@example.com       Adult            5  example.com
1   John  56.0   john@example.com  Middle Age            4  example.com
2   Will  39.0   will@example.com  Middle Age            4  example.com
[2025-11-20T22:55:39.029+0000] {processor.py:927} WARNING - No viable dags retrieved from /opt/airflow/dags/scripts/transform_data.py
[2025-11-20T22:55:39.038+0000] {processor.py:208} INFO - Processing /opt/airflow/dags/scripts/transform_data.py took 0.505 seconds
[2025-11-20T22:56:09.115+0000] {processor.py:186} INFO - Started process (PID=514) to work on /opt/airflow/dags/scripts/transform_data.py
[2025-11-20T22:56:09.116+0000] {processor.py:914} INFO - Processing file /opt/airflow/dags/scripts/transform_data.py for tasks to queue
[2025-11-20T22:56:09.118+0000] {logging_mixin.py:190} INFO - [2025-11-20T22:56:09.118+0000] {dagbag.py:588} INFO - Filling up the DagBag from /opt/airflow/dags/scripts/transform_data.py
[2025-11-20T22:56:09.569+0000] {logging_mixin.py:190} INFO - Files in processed data folder: ['sample1.csv', 'sample2.csv']
[2025-11-20T22:56:09.581+0000] {logging_mixin.py:190} INFO - 
Transformed sample1.csv saved to /opt/airflow/dags/transformed_data/sample1.csv
[2025-11-20T22:56:09.586+0000] {logging_mixin.py:190} INFO -       name   age                email age_group  name_length email_domain
0    Alice  25.0    alice@example.com     Adult            5  example.com
1      Bob  30.0      bob@example.com     Adult            3  example.com
2  Charlie  27.5  charlie@example.com     Adult            7  example.com
[2025-11-20T22:56:09.594+0000] {logging_mixin.py:190} INFO - 
Transformed sample2.csv saved to /opt/airflow/dags/transformed_data/sample2.csv
[2025-11-20T22:56:09.598+0000] {logging_mixin.py:190} INFO -     name   age              email   age_group  name_length email_domain
0  Vince  22.0  vince@example.com       Adult            5  example.com
1   John  56.0   john@example.com  Middle Age            4  example.com
2   Will  39.0   will@example.com  Middle Age            4  example.com
[2025-11-20T22:56:09.598+0000] {processor.py:927} WARNING - No viable dags retrieved from /opt/airflow/dags/scripts/transform_data.py
[2025-11-20T22:56:09.608+0000] {processor.py:208} INFO - Processing /opt/airflow/dags/scripts/transform_data.py took 0.500 seconds
[2025-11-20T22:56:39.691+0000] {processor.py:186} INFO - Started process (PID=537) to work on /opt/airflow/dags/scripts/transform_data.py
[2025-11-20T22:56:39.692+0000] {processor.py:914} INFO - Processing file /opt/airflow/dags/scripts/transform_data.py for tasks to queue
[2025-11-20T22:56:39.695+0000] {logging_mixin.py:190} INFO - [2025-11-20T22:56:39.694+0000] {dagbag.py:588} INFO - Filling up the DagBag from /opt/airflow/dags/scripts/transform_data.py
[2025-11-20T22:56:40.158+0000] {logging_mixin.py:190} INFO - Files in processed data folder: ['sample1.csv', 'sample2.csv']
[2025-11-20T22:56:40.170+0000] {logging_mixin.py:190} INFO - 
Transformed sample1.csv saved to /opt/airflow/dags/transformed_data/sample1.csv
[2025-11-20T22:56:40.175+0000] {logging_mixin.py:190} INFO -       name   age                email age_group  name_length email_domain
0    Alice  25.0    alice@example.com     Adult            5  example.com
1      Bob  30.0      bob@example.com     Adult            3  example.com
2  Charlie  27.5  charlie@example.com     Adult            7  example.com
[2025-11-20T22:56:40.184+0000] {logging_mixin.py:190} INFO - 
Transformed sample2.csv saved to /opt/airflow/dags/transformed_data/sample2.csv
[2025-11-20T22:56:40.189+0000] {logging_mixin.py:190} INFO -     name   age              email   age_group  name_length email_domain
0  Vince  22.0  vince@example.com       Adult            5  example.com
1   John  56.0   john@example.com  Middle Age            4  example.com
2   Will  39.0   will@example.com  Middle Age            4  example.com
[2025-11-20T22:56:40.190+0000] {processor.py:927} WARNING - No viable dags retrieved from /opt/airflow/dags/scripts/transform_data.py
[2025-11-20T22:56:40.201+0000] {processor.py:208} INFO - Processing /opt/airflow/dags/scripts/transform_data.py took 0.516 seconds
[2025-11-20T22:57:10.725+0000] {processor.py:186} INFO - Started process (PID=560) to work on /opt/airflow/dags/scripts/transform_data.py
[2025-11-20T22:57:10.726+0000] {processor.py:914} INFO - Processing file /opt/airflow/dags/scripts/transform_data.py for tasks to queue
[2025-11-20T22:57:10.729+0000] {logging_mixin.py:190} INFO - [2025-11-20T22:57:10.728+0000] {dagbag.py:588} INFO - Filling up the DagBag from /opt/airflow/dags/scripts/transform_data.py
[2025-11-20T22:57:11.167+0000] {logging_mixin.py:190} INFO - Files in processed data folder: ['sample1.csv', 'sample2.csv']
[2025-11-20T22:57:11.178+0000] {logging_mixin.py:190} INFO - 
Transformed sample1.csv saved to /opt/airflow/dags/transformed_data/sample1.csv
[2025-11-20T22:57:11.183+0000] {logging_mixin.py:190} INFO -       name   age                email age_group  name_length email_domain
0    Alice  25.0    alice@example.com     Adult            5  example.com
1      Bob  30.0      bob@example.com     Adult            3  example.com
2  Charlie  27.5  charlie@example.com     Adult            7  example.com
[2025-11-20T22:57:11.192+0000] {logging_mixin.py:190} INFO - 
Transformed sample2.csv saved to /opt/airflow/dags/transformed_data/sample2.csv
[2025-11-20T22:57:11.196+0000] {logging_mixin.py:190} INFO -     name   age              email   age_group  name_length email_domain
0  Vince  22.0  vince@example.com       Adult            5  example.com
1   John  56.0   john@example.com  Middle Age            4  example.com
2   Will  39.0   will@example.com  Middle Age            4  example.com
[2025-11-20T22:57:11.196+0000] {processor.py:927} WARNING - No viable dags retrieved from /opt/airflow/dags/scripts/transform_data.py
[2025-11-20T22:57:11.207+0000] {processor.py:208} INFO - Processing /opt/airflow/dags/scripts/transform_data.py took 0.487 seconds
