[2025-11-07T22:12:34.929+0000] {processor.py:186} INFO - Started process (PID=191) to work on /opt/airflow/dags/load_to_mongodb.py
[2025-11-07T22:12:34.930+0000] {processor.py:914} INFO - Processing file /opt/airflow/dags/load_to_mongodb.py for tasks to queue
[2025-11-07T22:12:34.931+0000] {logging_mixin.py:190} INFO - [2025-11-07T22:12:34.931+0000] {dagbag.py:588} INFO - Filling up the DagBag from /opt/airflow/dags/load_to_mongodb.py
[2025-11-07T22:12:35.676+0000] {processor.py:925} INFO - DAG(s) 'load_to_mongodb' retrieved from /opt/airflow/dags/load_to_mongodb.py
[2025-11-07T22:12:35.696+0000] {logging_mixin.py:190} INFO - [2025-11-07T22:12:35.695+0000] {dag.py:3239} INFO - Sync 1 DAGs
[2025-11-07T22:12:35.706+0000] {logging_mixin.py:190} INFO - [2025-11-07T22:12:35.706+0000] {dag.py:4180} INFO - Setting next_dagrun for load_to_mongodb to None, run_after=None
[2025-11-07T22:12:35.719+0000] {processor.py:208} INFO - Processing /opt/airflow/dags/load_to_mongodb.py took 0.796 seconds
[2025-11-07T22:13:06.265+0000] {processor.py:186} INFO - Started process (PID=204) to work on /opt/airflow/dags/load_to_mongodb.py
[2025-11-07T22:13:06.266+0000] {processor.py:914} INFO - Processing file /opt/airflow/dags/load_to_mongodb.py for tasks to queue
[2025-11-07T22:13:06.269+0000] {logging_mixin.py:190} INFO - [2025-11-07T22:13:06.269+0000] {dagbag.py:588} INFO - Filling up the DagBag from /opt/airflow/dags/load_to_mongodb.py
[2025-11-07T22:13:06.745+0000] {processor.py:925} INFO - DAG(s) 'load_to_mongodb' retrieved from /opt/airflow/dags/load_to_mongodb.py
[2025-11-07T22:13:06.763+0000] {logging_mixin.py:190} INFO - [2025-11-07T22:13:06.763+0000] {dag.py:3239} INFO - Sync 1 DAGs
[2025-11-07T22:13:06.774+0000] {logging_mixin.py:190} INFO - [2025-11-07T22:13:06.774+0000] {dag.py:4180} INFO - Setting next_dagrun for load_to_mongodb to None, run_after=None
[2025-11-07T22:13:06.789+0000] {processor.py:208} INFO - Processing /opt/airflow/dags/load_to_mongodb.py took 0.527 seconds
[2025-11-07T22:13:40.779+0000] {processor.py:186} INFO - Started process (PID=215) to work on /opt/airflow/dags/load_to_mongodb.py
[2025-11-07T22:13:40.780+0000] {processor.py:914} INFO - Processing file /opt/airflow/dags/load_to_mongodb.py for tasks to queue
[2025-11-07T22:13:40.782+0000] {logging_mixin.py:190} INFO - [2025-11-07T22:13:40.782+0000] {dagbag.py:588} INFO - Filling up the DagBag from /opt/airflow/dags/load_to_mongodb.py
[2025-11-07T22:13:37.036+0000] {processor.py:925} INFO - DAG(s) 'load_to_mongodb' retrieved from /opt/airflow/dags/load_to_mongodb.py
[2025-11-07T22:13:37.054+0000] {logging_mixin.py:190} INFO - [2025-11-07T22:13:37.053+0000] {dag.py:3239} INFO - Sync 1 DAGs
[2025-11-07T22:13:37.063+0000] {logging_mixin.py:190} INFO - [2025-11-07T22:13:37.063+0000] {dag.py:4180} INFO - Setting next_dagrun for load_to_mongodb to None, run_after=None
[2025-11-07T22:13:37.077+0000] {processor.py:208} INFO - Processing /opt/airflow/dags/load_to_mongodb.py took 0.501 seconds
[2025-11-07T22:14:07.925+0000] {processor.py:186} INFO - Started process (PID=226) to work on /opt/airflow/dags/load_to_mongodb.py
[2025-11-07T22:14:07.926+0000] {processor.py:914} INFO - Processing file /opt/airflow/dags/load_to_mongodb.py for tasks to queue
[2025-11-07T22:14:07.928+0000] {logging_mixin.py:190} INFO - [2025-11-07T22:14:07.928+0000] {dagbag.py:588} INFO - Filling up the DagBag from /opt/airflow/dags/load_to_mongodb.py
[2025-11-07T22:14:08.379+0000] {processor.py:925} INFO - DAG(s) 'load_to_mongodb' retrieved from /opt/airflow/dags/load_to_mongodb.py
[2025-11-07T22:14:08.397+0000] {logging_mixin.py:190} INFO - [2025-11-07T22:14:08.396+0000] {dag.py:3239} INFO - Sync 1 DAGs
[2025-11-07T22:14:08.407+0000] {logging_mixin.py:190} INFO - [2025-11-07T22:14:08.406+0000] {dag.py:4180} INFO - Setting next_dagrun for load_to_mongodb to None, run_after=None
[2025-11-07T22:14:08.421+0000] {processor.py:208} INFO - Processing /opt/airflow/dags/load_to_mongodb.py took 0.502 seconds
[2025-11-07T22:14:39.227+0000] {processor.py:186} INFO - Started process (PID=237) to work on /opt/airflow/dags/load_to_mongodb.py
[2025-11-07T22:14:39.228+0000] {processor.py:914} INFO - Processing file /opt/airflow/dags/load_to_mongodb.py for tasks to queue
[2025-11-07T22:14:39.230+0000] {logging_mixin.py:190} INFO - [2025-11-07T22:14:39.230+0000] {dagbag.py:588} INFO - Filling up the DagBag from /opt/airflow/dags/load_to_mongodb.py
[2025-11-07T22:14:39.668+0000] {processor.py:925} INFO - DAG(s) 'load_to_mongodb' retrieved from /opt/airflow/dags/load_to_mongodb.py
[2025-11-07T22:14:39.685+0000] {logging_mixin.py:190} INFO - [2025-11-07T22:14:39.685+0000] {dag.py:3239} INFO - Sync 1 DAGs
[2025-11-07T22:14:39.697+0000] {logging_mixin.py:190} INFO - [2025-11-07T22:14:39.696+0000] {dag.py:4180} INFO - Setting next_dagrun for load_to_mongodb to None, run_after=None
[2025-11-07T22:14:39.709+0000] {processor.py:208} INFO - Processing /opt/airflow/dags/load_to_mongodb.py took 0.488 seconds
[2025-11-07T22:15:10.795+0000] {processor.py:186} INFO - Started process (PID=246) to work on /opt/airflow/dags/load_to_mongodb.py
[2025-11-07T22:15:10.796+0000] {processor.py:914} INFO - Processing file /opt/airflow/dags/load_to_mongodb.py for tasks to queue
[2025-11-07T22:15:10.798+0000] {logging_mixin.py:190} INFO - [2025-11-07T22:15:10.798+0000] {dagbag.py:588} INFO - Filling up the DagBag from /opt/airflow/dags/load_to_mongodb.py
[2025-11-07T22:15:07.029+0000] {processor.py:925} INFO - DAG(s) 'load_to_mongodb' retrieved from /opt/airflow/dags/load_to_mongodb.py
[2025-11-07T22:15:07.047+0000] {logging_mixin.py:190} INFO - [2025-11-07T22:15:07.047+0000] {dag.py:3239} INFO - Sync 1 DAGs
[2025-11-07T22:15:07.058+0000] {logging_mixin.py:190} INFO - [2025-11-07T22:15:07.058+0000] {dag.py:4180} INFO - Setting next_dagrun for load_to_mongodb to None, run_after=None
[2025-11-07T22:15:07.072+0000] {processor.py:208} INFO - Processing /opt/airflow/dags/load_to_mongodb.py took 0.482 seconds
[2025-11-07T22:15:37.472+0000] {processor.py:186} INFO - Started process (PID=257) to work on /opt/airflow/dags/load_to_mongodb.py
[2025-11-07T22:15:37.473+0000] {processor.py:914} INFO - Processing file /opt/airflow/dags/load_to_mongodb.py for tasks to queue
[2025-11-07T22:15:37.475+0000] {logging_mixin.py:190} INFO - [2025-11-07T22:15:37.474+0000] {dagbag.py:588} INFO - Filling up the DagBag from /opt/airflow/dags/load_to_mongodb.py
[2025-11-07T22:15:37.934+0000] {processor.py:925} INFO - DAG(s) 'load_to_mongodb' retrieved from /opt/airflow/dags/load_to_mongodb.py
[2025-11-07T22:15:37.954+0000] {logging_mixin.py:190} INFO - [2025-11-07T22:15:37.954+0000] {dag.py:3239} INFO - Sync 1 DAGs
[2025-11-07T22:15:37.964+0000] {logging_mixin.py:190} INFO - [2025-11-07T22:15:37.964+0000] {dag.py:4180} INFO - Setting next_dagrun for load_to_mongodb to None, run_after=None
[2025-11-07T22:15:37.980+0000] {processor.py:208} INFO - Processing /opt/airflow/dags/load_to_mongodb.py took 0.513 seconds
[2025-11-07T22:16:08.892+0000] {processor.py:186} INFO - Started process (PID=270) to work on /opt/airflow/dags/load_to_mongodb.py
[2025-11-07T22:16:08.892+0000] {processor.py:914} INFO - Processing file /opt/airflow/dags/load_to_mongodb.py for tasks to queue
[2025-11-07T22:16:08.895+0000] {logging_mixin.py:190} INFO - [2025-11-07T22:16:08.895+0000] {dagbag.py:588} INFO - Filling up the DagBag from /opt/airflow/dags/load_to_mongodb.py
[2025-11-07T22:16:09.345+0000] {processor.py:925} INFO - DAG(s) 'load_to_mongodb' retrieved from /opt/airflow/dags/load_to_mongodb.py
[2025-11-07T22:16:09.364+0000] {logging_mixin.py:190} INFO - [2025-11-07T22:16:09.364+0000] {dag.py:3239} INFO - Sync 1 DAGs
[2025-11-07T22:16:09.374+0000] {logging_mixin.py:190} INFO - [2025-11-07T22:16:09.374+0000] {dag.py:4180} INFO - Setting next_dagrun for load_to_mongodb to None, run_after=None
[2025-11-07T22:16:09.389+0000] {processor.py:208} INFO - Processing /opt/airflow/dags/load_to_mongodb.py took 0.503 seconds
[2025-11-07T22:16:39.555+0000] {processor.py:186} INFO - Started process (PID=281) to work on /opt/airflow/dags/load_to_mongodb.py
[2025-11-07T22:16:39.556+0000] {processor.py:914} INFO - Processing file /opt/airflow/dags/load_to_mongodb.py for tasks to queue
[2025-11-07T22:16:39.558+0000] {logging_mixin.py:190} INFO - [2025-11-07T22:16:39.557+0000] {dagbag.py:588} INFO - Filling up the DagBag from /opt/airflow/dags/load_to_mongodb.py
[2025-11-07T22:16:39.991+0000] {processor.py:925} INFO - DAG(s) 'load_to_mongodb' retrieved from /opt/airflow/dags/load_to_mongodb.py
[2025-11-07T22:16:40.008+0000] {logging_mixin.py:190} INFO - [2025-11-07T22:16:40.008+0000] {dag.py:3239} INFO - Sync 1 DAGs
[2025-11-07T22:16:40.018+0000] {logging_mixin.py:190} INFO - [2025-11-07T22:16:40.018+0000] {dag.py:4180} INFO - Setting next_dagrun for load_to_mongodb to None, run_after=None
[2025-11-07T22:16:40.030+0000] {processor.py:208} INFO - Processing /opt/airflow/dags/load_to_mongodb.py took 0.480 seconds
[2025-11-07T22:17:10.932+0000] {processor.py:186} INFO - Started process (PID=292) to work on /opt/airflow/dags/load_to_mongodb.py
[2025-11-07T22:17:10.933+0000] {processor.py:914} INFO - Processing file /opt/airflow/dags/load_to_mongodb.py for tasks to queue
[2025-11-07T22:17:10.935+0000] {logging_mixin.py:190} INFO - [2025-11-07T22:17:10.935+0000] {dagbag.py:588} INFO - Filling up the DagBag from /opt/airflow/dags/load_to_mongodb.py
[2025-11-07T22:17:11.427+0000] {processor.py:925} INFO - DAG(s) 'load_to_mongodb' retrieved from /opt/airflow/dags/load_to_mongodb.py
[2025-11-07T22:17:11.445+0000] {logging_mixin.py:190} INFO - [2025-11-07T22:17:11.444+0000] {dag.py:3239} INFO - Sync 1 DAGs
[2025-11-07T22:17:11.456+0000] {logging_mixin.py:190} INFO - [2025-11-07T22:17:11.455+0000] {dag.py:4180} INFO - Setting next_dagrun for load_to_mongodb to None, run_after=None
[2025-11-07T22:17:11.470+0000] {processor.py:208} INFO - Processing /opt/airflow/dags/load_to_mongodb.py took 0.543 seconds
[2025-11-07T22:17:42.157+0000] {processor.py:186} INFO - Started process (PID=303) to work on /opt/airflow/dags/load_to_mongodb.py
[2025-11-07T22:17:42.158+0000] {processor.py:914} INFO - Processing file /opt/airflow/dags/load_to_mongodb.py for tasks to queue
[2025-11-07T22:17:42.160+0000] {logging_mixin.py:190} INFO - [2025-11-07T22:17:42.160+0000] {dagbag.py:588} INFO - Filling up the DagBag from /opt/airflow/dags/load_to_mongodb.py
[2025-11-07T22:17:42.631+0000] {processor.py:925} INFO - DAG(s) 'load_to_mongodb' retrieved from /opt/airflow/dags/load_to_mongodb.py
[2025-11-07T22:17:42.649+0000] {logging_mixin.py:190} INFO - [2025-11-07T22:17:42.649+0000] {dag.py:3239} INFO - Sync 1 DAGs
[2025-11-07T22:17:42.660+0000] {logging_mixin.py:190} INFO - [2025-11-07T22:17:42.660+0000] {dag.py:4180} INFO - Setting next_dagrun for load_to_mongodb to None, run_after=None
[2025-11-07T22:17:42.674+0000] {processor.py:208} INFO - Processing /opt/airflow/dags/load_to_mongodb.py took 0.522 seconds
[2025-11-07T22:18:12.832+0000] {processor.py:186} INFO - Started process (PID=314) to work on /opt/airflow/dags/load_to_mongodb.py
[2025-11-07T22:18:12.834+0000] {processor.py:914} INFO - Processing file /opt/airflow/dags/load_to_mongodb.py for tasks to queue
[2025-11-07T22:18:12.836+0000] {logging_mixin.py:190} INFO - [2025-11-07T22:18:12.836+0000] {dagbag.py:588} INFO - Filling up the DagBag from /opt/airflow/dags/load_to_mongodb.py
[2025-11-07T22:18:13.307+0000] {processor.py:925} INFO - DAG(s) 'load_to_mongodb' retrieved from /opt/airflow/dags/load_to_mongodb.py
[2025-11-07T22:18:13.326+0000] {logging_mixin.py:190} INFO - [2025-11-07T22:18:13.326+0000] {dag.py:3239} INFO - Sync 1 DAGs
[2025-11-07T22:18:13.336+0000] {logging_mixin.py:190} INFO - [2025-11-07T22:18:13.336+0000] {dag.py:4180} INFO - Setting next_dagrun for load_to_mongodb to None, run_after=None
[2025-11-07T22:18:13.350+0000] {processor.py:208} INFO - Processing /opt/airflow/dags/load_to_mongodb.py took 0.523 seconds
[2025-11-07T22:18:44.034+0000] {processor.py:186} INFO - Started process (PID=325) to work on /opt/airflow/dags/load_to_mongodb.py
[2025-11-07T22:18:44.035+0000] {processor.py:914} INFO - Processing file /opt/airflow/dags/load_to_mongodb.py for tasks to queue
[2025-11-07T22:18:44.038+0000] {logging_mixin.py:190} INFO - [2025-11-07T22:18:44.037+0000] {dagbag.py:588} INFO - Filling up the DagBag from /opt/airflow/dags/load_to_mongodb.py
[2025-11-07T22:18:44.519+0000] {processor.py:925} INFO - DAG(s) 'load_to_mongodb' retrieved from /opt/airflow/dags/load_to_mongodb.py
[2025-11-07T22:18:44.538+0000] {logging_mixin.py:190} INFO - [2025-11-07T22:18:44.537+0000] {dag.py:3239} INFO - Sync 1 DAGs
[2025-11-07T22:18:44.548+0000] {logging_mixin.py:190} INFO - [2025-11-07T22:18:44.548+0000] {dag.py:4180} INFO - Setting next_dagrun for load_to_mongodb to None, run_after=None
[2025-11-07T22:18:44.562+0000] {processor.py:208} INFO - Processing /opt/airflow/dags/load_to_mongodb.py took 0.533 seconds
[2025-11-07T22:19:14.767+0000] {processor.py:186} INFO - Started process (PID=336) to work on /opt/airflow/dags/load_to_mongodb.py
[2025-11-07T22:19:14.768+0000] {processor.py:914} INFO - Processing file /opt/airflow/dags/load_to_mongodb.py for tasks to queue
[2025-11-07T22:19:14.770+0000] {logging_mixin.py:190} INFO - [2025-11-07T22:19:14.770+0000] {dagbag.py:588} INFO - Filling up the DagBag from /opt/airflow/dags/load_to_mongodb.py
[2025-11-07T22:19:15.241+0000] {processor.py:925} INFO - DAG(s) 'load_to_mongodb' retrieved from /opt/airflow/dags/load_to_mongodb.py
[2025-11-07T22:19:15.262+0000] {logging_mixin.py:190} INFO - [2025-11-07T22:19:15.262+0000] {dag.py:3239} INFO - Sync 1 DAGs
[2025-11-07T22:19:15.273+0000] {logging_mixin.py:190} INFO - [2025-11-07T22:19:15.273+0000] {dag.py:4180} INFO - Setting next_dagrun for load_to_mongodb to None, run_after=None
[2025-11-07T22:19:15.287+0000] {processor.py:208} INFO - Processing /opt/airflow/dags/load_to_mongodb.py took 0.525 seconds
[2025-11-07T22:19:46.097+0000] {processor.py:186} INFO - Started process (PID=347) to work on /opt/airflow/dags/load_to_mongodb.py
[2025-11-07T22:19:46.097+0000] {processor.py:914} INFO - Processing file /opt/airflow/dags/load_to_mongodb.py for tasks to queue
[2025-11-07T22:19:46.099+0000] {logging_mixin.py:190} INFO - [2025-11-07T22:19:46.099+0000] {dagbag.py:588} INFO - Filling up the DagBag from /opt/airflow/dags/load_to_mongodb.py
[2025-11-07T22:19:46.562+0000] {processor.py:925} INFO - DAG(s) 'load_to_mongodb' retrieved from /opt/airflow/dags/load_to_mongodb.py
[2025-11-07T22:19:46.580+0000] {logging_mixin.py:190} INFO - [2025-11-07T22:19:46.580+0000] {dag.py:3239} INFO - Sync 1 DAGs
[2025-11-07T22:19:46.591+0000] {logging_mixin.py:190} INFO - [2025-11-07T22:19:46.591+0000] {dag.py:4180} INFO - Setting next_dagrun for load_to_mongodb to None, run_after=None
[2025-11-07T22:19:46.609+0000] {processor.py:208} INFO - Processing /opt/airflow/dags/load_to_mongodb.py took 0.517 seconds
[2025-11-07T22:20:16.685+0000] {processor.py:186} INFO - Started process (PID=358) to work on /opt/airflow/dags/load_to_mongodb.py
[2025-11-07T22:20:16.686+0000] {processor.py:914} INFO - Processing file /opt/airflow/dags/load_to_mongodb.py for tasks to queue
[2025-11-07T22:20:16.688+0000] {logging_mixin.py:190} INFO - [2025-11-07T22:20:16.688+0000] {dagbag.py:588} INFO - Filling up the DagBag from /opt/airflow/dags/load_to_mongodb.py
[2025-11-07T22:20:12.954+0000] {processor.py:925} INFO - DAG(s) 'load_to_mongodb' retrieved from /opt/airflow/dags/load_to_mongodb.py
[2025-11-07T22:20:12.973+0000] {logging_mixin.py:190} INFO - [2025-11-07T22:20:12.973+0000] {dag.py:3239} INFO - Sync 1 DAGs
[2025-11-07T22:20:12.984+0000] {logging_mixin.py:190} INFO - [2025-11-07T22:20:12.984+0000] {dag.py:4180} INFO - Setting next_dagrun for load_to_mongodb to None, run_after=None
[2025-11-07T22:20:13.005+0000] {processor.py:208} INFO - Processing /opt/airflow/dags/load_to_mongodb.py took 0.534 seconds
[2025-11-07T22:20:44.335+0000] {processor.py:186} INFO - Started process (PID=369) to work on /opt/airflow/dags/load_to_mongodb.py
[2025-11-07T22:20:44.336+0000] {processor.py:914} INFO - Processing file /opt/airflow/dags/load_to_mongodb.py for tasks to queue
[2025-11-07T22:20:44.339+0000] {logging_mixin.py:190} INFO - [2025-11-07T22:20:44.338+0000] {dagbag.py:588} INFO - Filling up the DagBag from /opt/airflow/dags/load_to_mongodb.py
[2025-11-07T22:20:40.615+0000] {processor.py:925} INFO - DAG(s) 'load_to_mongodb' retrieved from /opt/airflow/dags/load_to_mongodb.py
[2025-11-07T22:20:40.638+0000] {logging_mixin.py:190} INFO - [2025-11-07T22:20:40.637+0000] {dag.py:3239} INFO - Sync 1 DAGs
[2025-11-07T22:20:40.649+0000] {logging_mixin.py:190} INFO - [2025-11-07T22:20:40.649+0000] {dag.py:4180} INFO - Setting next_dagrun for load_to_mongodb to None, run_after=None
[2025-11-07T22:20:40.665+0000] {processor.py:208} INFO - Processing /opt/airflow/dags/load_to_mongodb.py took 0.551 seconds
[2025-11-07T22:21:11.163+0000] {processor.py:186} INFO - Started process (PID=375) to work on /opt/airflow/dags/load_to_mongodb.py
[2025-11-07T22:21:11.164+0000] {processor.py:914} INFO - Processing file /opt/airflow/dags/load_to_mongodb.py for tasks to queue
[2025-11-07T22:21:11.166+0000] {logging_mixin.py:190} INFO - [2025-11-07T22:21:11.166+0000] {dagbag.py:588} INFO - Filling up the DagBag from /opt/airflow/dags/load_to_mongodb.py
[2025-11-07T22:21:11.487+0000] {processor.py:925} INFO - DAG(s) 'load_to_mongodb' retrieved from /opt/airflow/dags/load_to_mongodb.py
[2025-11-07T22:21:11.509+0000] {logging_mixin.py:190} INFO - [2025-11-07T22:21:11.509+0000] {dag.py:3239} INFO - Sync 1 DAGs
[2025-11-07T22:21:11.522+0000] {logging_mixin.py:190} INFO - [2025-11-07T22:21:11.522+0000] {dag.py:4180} INFO - Setting next_dagrun for load_to_mongodb to None, run_after=None
[2025-11-07T22:21:11.538+0000] {processor.py:208} INFO - Processing /opt/airflow/dags/load_to_mongodb.py took 0.381 seconds
[2025-11-07T22:21:41.664+0000] {processor.py:186} INFO - Started process (PID=386) to work on /opt/airflow/dags/load_to_mongodb.py
[2025-11-07T22:21:41.665+0000] {processor.py:914} INFO - Processing file /opt/airflow/dags/load_to_mongodb.py for tasks to queue
[2025-11-07T22:21:41.667+0000] {logging_mixin.py:190} INFO - [2025-11-07T22:21:41.667+0000] {dagbag.py:588} INFO - Filling up the DagBag from /opt/airflow/dags/load_to_mongodb.py
[2025-11-07T22:21:42.008+0000] {processor.py:925} INFO - DAG(s) 'load_to_mongodb' retrieved from /opt/airflow/dags/load_to_mongodb.py
[2025-11-07T22:21:42.033+0000] {logging_mixin.py:190} INFO - [2025-11-07T22:21:42.032+0000] {dag.py:3239} INFO - Sync 1 DAGs
[2025-11-07T22:21:42.047+0000] {logging_mixin.py:190} INFO - [2025-11-07T22:21:42.046+0000] {dag.py:4180} INFO - Setting next_dagrun for load_to_mongodb to None, run_after=None
[2025-11-07T22:21:42.063+0000] {processor.py:208} INFO - Processing /opt/airflow/dags/load_to_mongodb.py took 0.406 seconds
[2025-11-07T22:22:12.271+0000] {processor.py:186} INFO - Started process (PID=397) to work on /opt/airflow/dags/load_to_mongodb.py
[2025-11-07T22:22:12.272+0000] {processor.py:914} INFO - Processing file /opt/airflow/dags/load_to_mongodb.py for tasks to queue
[2025-11-07T22:22:12.275+0000] {logging_mixin.py:190} INFO - [2025-11-07T22:22:12.274+0000] {dagbag.py:588} INFO - Filling up the DagBag from /opt/airflow/dags/load_to_mongodb.py
[2025-11-07T22:22:12.584+0000] {processor.py:925} INFO - DAG(s) 'load_to_mongodb' retrieved from /opt/airflow/dags/load_to_mongodb.py
[2025-11-07T22:22:12.605+0000] {logging_mixin.py:190} INFO - [2025-11-07T22:22:12.605+0000] {dag.py:3239} INFO - Sync 1 DAGs
[2025-11-07T22:22:12.619+0000] {logging_mixin.py:190} INFO - [2025-11-07T22:22:12.619+0000] {dag.py:4180} INFO - Setting next_dagrun for load_to_mongodb to None, run_after=None
[2025-11-07T22:22:12.636+0000] {processor.py:208} INFO - Processing /opt/airflow/dags/load_to_mongodb.py took 0.370 seconds
[2025-11-07T22:22:42.848+0000] {processor.py:186} INFO - Started process (PID=408) to work on /opt/airflow/dags/load_to_mongodb.py
[2025-11-07T22:22:42.849+0000] {processor.py:914} INFO - Processing file /opt/airflow/dags/load_to_mongodb.py for tasks to queue
[2025-11-07T22:22:42.852+0000] {logging_mixin.py:190} INFO - [2025-11-07T22:22:42.851+0000] {dagbag.py:588} INFO - Filling up the DagBag from /opt/airflow/dags/load_to_mongodb.py
[2025-11-07T22:22:43.330+0000] {processor.py:925} INFO - DAG(s) 'load_to_mongodb' retrieved from /opt/airflow/dags/load_to_mongodb.py
[2025-11-07T22:22:43.356+0000] {logging_mixin.py:190} INFO - [2025-11-07T22:22:43.355+0000] {dag.py:3239} INFO - Sync 1 DAGs
[2025-11-07T22:22:43.369+0000] {logging_mixin.py:190} INFO - [2025-11-07T22:22:43.369+0000] {dag.py:4180} INFO - Setting next_dagrun for load_to_mongodb to None, run_after=None
[2025-11-07T22:22:43.383+0000] {processor.py:208} INFO - Processing /opt/airflow/dags/load_to_mongodb.py took 0.542 seconds
[2025-11-07T22:23:14.364+0000] {processor.py:186} INFO - Started process (PID=419) to work on /opt/airflow/dags/load_to_mongodb.py
[2025-11-07T22:23:14.365+0000] {processor.py:914} INFO - Processing file /opt/airflow/dags/load_to_mongodb.py for tasks to queue
[2025-11-07T22:23:14.367+0000] {logging_mixin.py:190} INFO - [2025-11-07T22:23:14.367+0000] {dagbag.py:588} INFO - Filling up the DagBag from /opt/airflow/dags/load_to_mongodb.py
[2025-11-07T22:23:14.687+0000] {processor.py:925} INFO - DAG(s) 'load_to_mongodb' retrieved from /opt/airflow/dags/load_to_mongodb.py
[2025-11-07T22:23:14.711+0000] {logging_mixin.py:190} INFO - [2025-11-07T22:23:14.710+0000] {dag.py:3239} INFO - Sync 1 DAGs
[2025-11-07T22:23:14.724+0000] {logging_mixin.py:190} INFO - [2025-11-07T22:23:14.724+0000] {dag.py:4180} INFO - Setting next_dagrun for load_to_mongodb to None, run_after=None
[2025-11-07T22:23:14.742+0000] {processor.py:208} INFO - Processing /opt/airflow/dags/load_to_mongodb.py took 0.383 seconds
[2025-11-07T22:23:45.511+0000] {processor.py:186} INFO - Started process (PID=430) to work on /opt/airflow/dags/load_to_mongodb.py
[2025-11-07T22:23:45.512+0000] {processor.py:914} INFO - Processing file /opt/airflow/dags/load_to_mongodb.py for tasks to queue
[2025-11-07T22:23:45.514+0000] {logging_mixin.py:190} INFO - [2025-11-07T22:23:45.514+0000] {dagbag.py:588} INFO - Filling up the DagBag from /opt/airflow/dags/load_to_mongodb.py
[2025-11-07T22:23:45.836+0000] {processor.py:925} INFO - DAG(s) 'load_to_mongodb' retrieved from /opt/airflow/dags/load_to_mongodb.py
[2025-11-07T22:23:45.859+0000] {logging_mixin.py:190} INFO - [2025-11-07T22:23:45.858+0000] {dag.py:3239} INFO - Sync 1 DAGs
[2025-11-07T22:23:45.872+0000] {logging_mixin.py:190} INFO - [2025-11-07T22:23:45.872+0000] {dag.py:4180} INFO - Setting next_dagrun for load_to_mongodb to None, run_after=None
[2025-11-07T22:23:45.889+0000] {processor.py:208} INFO - Processing /opt/airflow/dags/load_to_mongodb.py took 0.383 seconds
[2025-11-07T22:24:16.794+0000] {processor.py:186} INFO - Started process (PID=444) to work on /opt/airflow/dags/load_to_mongodb.py
[2025-11-07T22:24:16.795+0000] {processor.py:914} INFO - Processing file /opt/airflow/dags/load_to_mongodb.py for tasks to queue
[2025-11-07T22:24:16.798+0000] {logging_mixin.py:190} INFO - [2025-11-07T22:24:16.798+0000] {dagbag.py:588} INFO - Filling up the DagBag from /opt/airflow/dags/load_to_mongodb.py
[2025-11-07T22:24:17.104+0000] {processor.py:925} INFO - DAG(s) 'load_to_mongodb' retrieved from /opt/airflow/dags/load_to_mongodb.py
[2025-11-07T22:24:17.125+0000] {logging_mixin.py:190} INFO - [2025-11-07T22:24:17.125+0000] {dag.py:3239} INFO - Sync 1 DAGs
[2025-11-07T22:24:17.137+0000] {logging_mixin.py:190} INFO - [2025-11-07T22:24:17.137+0000] {dag.py:4180} INFO - Setting next_dagrun for load_to_mongodb to None, run_after=None
[2025-11-07T22:24:17.152+0000] {processor.py:208} INFO - Processing /opt/airflow/dags/load_to_mongodb.py took 0.363 seconds
[2025-11-07T22:24:47.287+0000] {processor.py:186} INFO - Started process (PID=455) to work on /opt/airflow/dags/load_to_mongodb.py
[2025-11-07T22:24:47.289+0000] {processor.py:914} INFO - Processing file /opt/airflow/dags/load_to_mongodb.py for tasks to queue
[2025-11-07T22:24:47.291+0000] {logging_mixin.py:190} INFO - [2025-11-07T22:24:47.291+0000] {dagbag.py:588} INFO - Filling up the DagBag from /opt/airflow/dags/load_to_mongodb.py
[2025-11-07T22:24:47.616+0000] {processor.py:925} INFO - DAG(s) 'load_to_mongodb' retrieved from /opt/airflow/dags/load_to_mongodb.py
[2025-11-07T22:24:47.639+0000] {logging_mixin.py:190} INFO - [2025-11-07T22:24:47.638+0000] {dag.py:3239} INFO - Sync 1 DAGs
[2025-11-07T22:24:47.652+0000] {logging_mixin.py:190} INFO - [2025-11-07T22:24:47.652+0000] {dag.py:4180} INFO - Setting next_dagrun for load_to_mongodb to None, run_after=None
[2025-11-07T22:24:47.670+0000] {processor.py:208} INFO - Processing /opt/airflow/dags/load_to_mongodb.py took 0.388 seconds
[2025-11-07T22:25:17.798+0000] {processor.py:186} INFO - Started process (PID=466) to work on /opt/airflow/dags/load_to_mongodb.py
[2025-11-07T22:25:17.798+0000] {processor.py:914} INFO - Processing file /opt/airflow/dags/load_to_mongodb.py for tasks to queue
[2025-11-07T22:25:17.800+0000] {logging_mixin.py:190} INFO - [2025-11-07T22:25:17.800+0000] {dagbag.py:588} INFO - Filling up the DagBag from /opt/airflow/dags/load_to_mongodb.py
[2025-11-07T22:25:18.102+0000] {processor.py:925} INFO - DAG(s) 'load_to_mongodb' retrieved from /opt/airflow/dags/load_to_mongodb.py
[2025-11-07T22:25:18.122+0000] {logging_mixin.py:190} INFO - [2025-11-07T22:25:18.122+0000] {dag.py:3239} INFO - Sync 1 DAGs
[2025-11-07T22:25:18.135+0000] {logging_mixin.py:190} INFO - [2025-11-07T22:25:18.135+0000] {dag.py:4180} INFO - Setting next_dagrun for load_to_mongodb to None, run_after=None
[2025-11-07T22:25:18.151+0000] {processor.py:208} INFO - Processing /opt/airflow/dags/load_to_mongodb.py took 0.358 seconds
[2025-11-07T22:25:44.984+0000] {processor.py:186} INFO - Started process (PID=477) to work on /opt/airflow/dags/load_to_mongodb.py
[2025-11-07T22:25:44.985+0000] {processor.py:914} INFO - Processing file /opt/airflow/dags/load_to_mongodb.py for tasks to queue
[2025-11-07T22:25:44.987+0000] {logging_mixin.py:190} INFO - [2025-11-07T22:25:44.987+0000] {dagbag.py:588} INFO - Filling up the DagBag from /opt/airflow/dags/load_to_mongodb.py
[2025-11-07T22:25:45.311+0000] {processor.py:925} INFO - DAG(s) 'load_to_mongodb' retrieved from /opt/airflow/dags/load_to_mongodb.py
[2025-11-07T22:25:45.334+0000] {logging_mixin.py:190} INFO - [2025-11-07T22:25:45.333+0000] {dag.py:3239} INFO - Sync 1 DAGs
[2025-11-07T22:25:45.347+0000] {logging_mixin.py:190} INFO - [2025-11-07T22:25:45.347+0000] {dag.py:4180} INFO - Setting next_dagrun for load_to_mongodb to None, run_after=None
[2025-11-07T22:25:45.362+0000] {processor.py:208} INFO - Processing /opt/airflow/dags/load_to_mongodb.py took 0.384 seconds
[2025-11-07T22:26:16.302+0000] {processor.py:186} INFO - Started process (PID=490) to work on /opt/airflow/dags/load_to_mongodb.py
[2025-11-07T22:26:16.303+0000] {processor.py:914} INFO - Processing file /opt/airflow/dags/load_to_mongodb.py for tasks to queue
[2025-11-07T22:26:16.306+0000] {logging_mixin.py:190} INFO - [2025-11-07T22:26:16.306+0000] {dagbag.py:588} INFO - Filling up the DagBag from /opt/airflow/dags/load_to_mongodb.py
[2025-11-07T22:26:16.620+0000] {processor.py:925} INFO - DAG(s) 'load_to_mongodb' retrieved from /opt/airflow/dags/load_to_mongodb.py
[2025-11-07T22:26:16.643+0000] {logging_mixin.py:190} INFO - [2025-11-07T22:26:16.643+0000] {dag.py:3239} INFO - Sync 1 DAGs
[2025-11-07T22:26:16.657+0000] {logging_mixin.py:190} INFO - [2025-11-07T22:26:16.656+0000] {dag.py:4180} INFO - Setting next_dagrun for load_to_mongodb to None, run_after=None
[2025-11-07T22:26:16.672+0000] {processor.py:208} INFO - Processing /opt/airflow/dags/load_to_mongodb.py took 0.375 seconds
[2025-11-07T22:26:46.781+0000] {processor.py:186} INFO - Started process (PID=501) to work on /opt/airflow/dags/load_to_mongodb.py
[2025-11-07T22:26:46.782+0000] {processor.py:914} INFO - Processing file /opt/airflow/dags/load_to_mongodb.py for tasks to queue
[2025-11-07T22:26:46.784+0000] {logging_mixin.py:190} INFO - [2025-11-07T22:26:46.784+0000] {dagbag.py:588} INFO - Filling up the DagBag from /opt/airflow/dags/load_to_mongodb.py
[2025-11-07T22:26:47.095+0000] {processor.py:925} INFO - DAG(s) 'load_to_mongodb' retrieved from /opt/airflow/dags/load_to_mongodb.py
[2025-11-07T22:26:47.117+0000] {logging_mixin.py:190} INFO - [2025-11-07T22:26:47.116+0000] {dag.py:3239} INFO - Sync 1 DAGs
[2025-11-07T22:26:47.130+0000] {logging_mixin.py:190} INFO - [2025-11-07T22:26:47.129+0000] {dag.py:4180} INFO - Setting next_dagrun for load_to_mongodb to None, run_after=None
[2025-11-07T22:26:47.144+0000] {processor.py:208} INFO - Processing /opt/airflow/dags/load_to_mongodb.py took 0.369 seconds
[2025-11-07T22:27:17.484+0000] {processor.py:186} INFO - Started process (PID=512) to work on /opt/airflow/dags/load_to_mongodb.py
[2025-11-07T22:27:17.485+0000] {processor.py:914} INFO - Processing file /opt/airflow/dags/load_to_mongodb.py for tasks to queue
[2025-11-07T22:27:17.488+0000] {logging_mixin.py:190} INFO - [2025-11-07T22:27:17.488+0000] {dagbag.py:588} INFO - Filling up the DagBag from /opt/airflow/dags/load_to_mongodb.py
[2025-11-07T22:27:17.823+0000] {processor.py:925} INFO - DAG(s) 'load_to_mongodb' retrieved from /opt/airflow/dags/load_to_mongodb.py
[2025-11-07T22:27:17.846+0000] {logging_mixin.py:190} INFO - [2025-11-07T22:27:17.846+0000] {dag.py:3239} INFO - Sync 1 DAGs
[2025-11-07T22:27:17.860+0000] {logging_mixin.py:190} INFO - [2025-11-07T22:27:17.860+0000] {dag.py:4180} INFO - Setting next_dagrun for load_to_mongodb to None, run_after=None
[2025-11-07T22:27:17.877+0000] {processor.py:208} INFO - Processing /opt/airflow/dags/load_to_mongodb.py took 0.400 seconds
[2025-11-07T22:27:48.102+0000] {processor.py:186} INFO - Started process (PID=523) to work on /opt/airflow/dags/load_to_mongodb.py
[2025-11-07T22:27:48.103+0000] {processor.py:914} INFO - Processing file /opt/airflow/dags/load_to_mongodb.py for tasks to queue
[2025-11-07T22:27:48.106+0000] {logging_mixin.py:190} INFO - [2025-11-07T22:27:48.106+0000] {dagbag.py:588} INFO - Filling up the DagBag from /opt/airflow/dags/load_to_mongodb.py
[2025-11-07T22:27:48.412+0000] {processor.py:925} INFO - DAG(s) 'load_to_mongodb' retrieved from /opt/airflow/dags/load_to_mongodb.py
[2025-11-07T22:27:48.435+0000] {logging_mixin.py:190} INFO - [2025-11-07T22:27:48.435+0000] {dag.py:3239} INFO - Sync 1 DAGs
[2025-11-07T22:27:48.449+0000] {logging_mixin.py:190} INFO - [2025-11-07T22:27:48.449+0000] {dag.py:4180} INFO - Setting next_dagrun for load_to_mongodb to None, run_after=None
[2025-11-07T22:27:48.467+0000] {processor.py:208} INFO - Processing /opt/airflow/dags/load_to_mongodb.py took 0.370 seconds
[2025-11-07T22:28:18.957+0000] {processor.py:186} INFO - Started process (PID=534) to work on /opt/airflow/dags/load_to_mongodb.py
[2025-11-07T22:28:18.958+0000] {processor.py:914} INFO - Processing file /opt/airflow/dags/load_to_mongodb.py for tasks to queue
[2025-11-07T22:28:18.960+0000] {logging_mixin.py:190} INFO - [2025-11-07T22:28:18.960+0000] {dagbag.py:588} INFO - Filling up the DagBag from /opt/airflow/dags/load_to_mongodb.py
[2025-11-07T22:28:19.415+0000] {processor.py:925} INFO - DAG(s) 'load_to_mongodb' retrieved from /opt/airflow/dags/load_to_mongodb.py
[2025-11-07T22:28:19.435+0000] {logging_mixin.py:190} INFO - [2025-11-07T22:28:19.435+0000] {dag.py:3239} INFO - Sync 1 DAGs
[2025-11-07T22:28:19.447+0000] {logging_mixin.py:190} INFO - [2025-11-07T22:28:19.447+0000] {dag.py:4180} INFO - Setting next_dagrun for load_to_mongodb to None, run_after=None
[2025-11-07T22:28:19.461+0000] {processor.py:208} INFO - Processing /opt/airflow/dags/load_to_mongodb.py took 0.510 seconds
[2025-11-07T22:28:49.564+0000] {processor.py:186} INFO - Started process (PID=545) to work on /opt/airflow/dags/load_to_mongodb.py
[2025-11-07T22:28:49.565+0000] {processor.py:914} INFO - Processing file /opt/airflow/dags/load_to_mongodb.py for tasks to queue
[2025-11-07T22:28:49.568+0000] {logging_mixin.py:190} INFO - [2025-11-07T22:28:49.567+0000] {dagbag.py:588} INFO - Filling up the DagBag from /opt/airflow/dags/load_to_mongodb.py
[2025-11-07T22:28:49.886+0000] {processor.py:925} INFO - DAG(s) 'load_to_mongodb' retrieved from /opt/airflow/dags/load_to_mongodb.py
[2025-11-07T22:28:49.909+0000] {logging_mixin.py:190} INFO - [2025-11-07T22:28:49.909+0000] {dag.py:3239} INFO - Sync 1 DAGs
[2025-11-07T22:28:49.923+0000] {logging_mixin.py:190} INFO - [2025-11-07T22:28:49.923+0000] {dag.py:4180} INFO - Setting next_dagrun for load_to_mongodb to None, run_after=None
[2025-11-07T22:28:49.940+0000] {processor.py:208} INFO - Processing /opt/airflow/dags/load_to_mongodb.py took 0.382 seconds
[2025-11-07T22:29:20.113+0000] {processor.py:186} INFO - Started process (PID=556) to work on /opt/airflow/dags/load_to_mongodb.py
[2025-11-07T22:29:20.114+0000] {processor.py:914} INFO - Processing file /opt/airflow/dags/load_to_mongodb.py for tasks to queue
[2025-11-07T22:29:20.117+0000] {logging_mixin.py:190} INFO - [2025-11-07T22:29:20.117+0000] {dagbag.py:588} INFO - Filling up the DagBag from /opt/airflow/dags/load_to_mongodb.py
[2025-11-07T22:29:20.415+0000] {processor.py:925} INFO - DAG(s) 'load_to_mongodb' retrieved from /opt/airflow/dags/load_to_mongodb.py
[2025-11-07T22:29:20.436+0000] {logging_mixin.py:190} INFO - [2025-11-07T22:29:20.436+0000] {dag.py:3239} INFO - Sync 1 DAGs
[2025-11-07T22:29:20.449+0000] {logging_mixin.py:190} INFO - [2025-11-07T22:29:20.448+0000] {dag.py:4180} INFO - Setting next_dagrun for load_to_mongodb to None, run_after=None
[2025-11-07T22:29:20.465+0000] {processor.py:208} INFO - Processing /opt/airflow/dags/load_to_mongodb.py took 0.357 seconds
[2025-11-07T22:29:50.732+0000] {processor.py:186} INFO - Started process (PID=567) to work on /opt/airflow/dags/load_to_mongodb.py
[2025-11-07T22:29:50.733+0000] {processor.py:914} INFO - Processing file /opt/airflow/dags/load_to_mongodb.py for tasks to queue
[2025-11-07T22:29:50.736+0000] {logging_mixin.py:190} INFO - [2025-11-07T22:29:50.736+0000] {dagbag.py:588} INFO - Filling up the DagBag from /opt/airflow/dags/load_to_mongodb.py
[2025-11-07T22:29:51.035+0000] {processor.py:925} INFO - DAG(s) 'load_to_mongodb' retrieved from /opt/airflow/dags/load_to_mongodb.py
[2025-11-07T22:29:51.057+0000] {logging_mixin.py:190} INFO - [2025-11-07T22:29:51.056+0000] {dag.py:3239} INFO - Sync 1 DAGs
[2025-11-07T22:29:51.069+0000] {logging_mixin.py:190} INFO - [2025-11-07T22:29:51.069+0000] {dag.py:4180} INFO - Setting next_dagrun for load_to_mongodb to None, run_after=None
[2025-11-07T22:29:51.087+0000] {processor.py:208} INFO - Processing /opt/airflow/dags/load_to_mongodb.py took 0.360 seconds
[2025-11-07T22:30:21.511+0000] {processor.py:186} INFO - Started process (PID=578) to work on /opt/airflow/dags/load_to_mongodb.py
[2025-11-07T22:30:21.512+0000] {processor.py:914} INFO - Processing file /opt/airflow/dags/load_to_mongodb.py for tasks to queue
[2025-11-07T22:30:21.515+0000] {logging_mixin.py:190} INFO - [2025-11-07T22:30:21.514+0000] {dagbag.py:588} INFO - Filling up the DagBag from /opt/airflow/dags/load_to_mongodb.py
[2025-11-07T22:30:21.852+0000] {processor.py:925} INFO - DAG(s) 'load_to_mongodb' retrieved from /opt/airflow/dags/load_to_mongodb.py
[2025-11-07T22:30:21.876+0000] {logging_mixin.py:190} INFO - [2025-11-07T22:30:21.875+0000] {dag.py:3239} INFO - Sync 1 DAGs
[2025-11-07T22:30:21.891+0000] {logging_mixin.py:190} INFO - [2025-11-07T22:30:21.891+0000] {dag.py:4180} INFO - Setting next_dagrun for load_to_mongodb to None, run_after=None
[2025-11-07T22:30:21.909+0000] {processor.py:208} INFO - Processing /opt/airflow/dags/load_to_mongodb.py took 0.404 seconds
[2025-11-07T22:30:52.895+0000] {processor.py:186} INFO - Started process (PID=589) to work on /opt/airflow/dags/load_to_mongodb.py
[2025-11-07T22:30:52.896+0000] {processor.py:914} INFO - Processing file /opt/airflow/dags/load_to_mongodb.py for tasks to queue
[2025-11-07T22:30:52.899+0000] {logging_mixin.py:190} INFO - [2025-11-07T22:30:52.899+0000] {dagbag.py:588} INFO - Filling up the DagBag from /opt/airflow/dags/load_to_mongodb.py
[2025-11-07T22:30:53.218+0000] {processor.py:925} INFO - DAG(s) 'load_to_mongodb' retrieved from /opt/airflow/dags/load_to_mongodb.py
[2025-11-07T22:30:53.242+0000] {logging_mixin.py:190} INFO - [2025-11-07T22:30:53.242+0000] {dag.py:3239} INFO - Sync 1 DAGs
[2025-11-07T22:30:53.257+0000] {logging_mixin.py:190} INFO - [2025-11-07T22:30:53.256+0000] {dag.py:4180} INFO - Setting next_dagrun for load_to_mongodb to None, run_after=None
[2025-11-07T22:30:53.272+0000] {processor.py:208} INFO - Processing /opt/airflow/dags/load_to_mongodb.py took 0.383 seconds
[2025-11-07T22:31:23.518+0000] {processor.py:186} INFO - Started process (PID=600) to work on /opt/airflow/dags/load_to_mongodb.py
[2025-11-07T22:31:23.519+0000] {processor.py:914} INFO - Processing file /opt/airflow/dags/load_to_mongodb.py for tasks to queue
[2025-11-07T22:31:23.523+0000] {logging_mixin.py:190} INFO - [2025-11-07T22:31:23.523+0000] {dagbag.py:588} INFO - Filling up the DagBag from /opt/airflow/dags/load_to_mongodb.py
[2025-11-07T22:31:23.875+0000] {processor.py:925} INFO - DAG(s) 'load_to_mongodb' retrieved from /opt/airflow/dags/load_to_mongodb.py
[2025-11-07T22:31:23.898+0000] {logging_mixin.py:190} INFO - [2025-11-07T22:31:23.898+0000] {dag.py:3239} INFO - Sync 1 DAGs
[2025-11-07T22:31:23.911+0000] {logging_mixin.py:190} INFO - [2025-11-07T22:31:23.911+0000] {dag.py:4180} INFO - Setting next_dagrun for load_to_mongodb to None, run_after=None
[2025-11-07T22:31:23.927+0000] {processor.py:208} INFO - Processing /opt/airflow/dags/load_to_mongodb.py took 0.416 seconds
[2025-11-07T22:31:54.125+0000] {processor.py:186} INFO - Started process (PID=611) to work on /opt/airflow/dags/load_to_mongodb.py
[2025-11-07T22:31:54.126+0000] {processor.py:914} INFO - Processing file /opt/airflow/dags/load_to_mongodb.py for tasks to queue
[2025-11-07T22:31:54.128+0000] {logging_mixin.py:190} INFO - [2025-11-07T22:31:54.128+0000] {dagbag.py:588} INFO - Filling up the DagBag from /opt/airflow/dags/load_to_mongodb.py
[2025-11-07T22:31:54.443+0000] {processor.py:925} INFO - DAG(s) 'load_to_mongodb' retrieved from /opt/airflow/dags/load_to_mongodb.py
[2025-11-07T22:31:54.465+0000] {logging_mixin.py:190} INFO - [2025-11-07T22:31:54.465+0000] {dag.py:3239} INFO - Sync 1 DAGs
[2025-11-07T22:31:54.479+0000] {logging_mixin.py:190} INFO - [2025-11-07T22:31:54.479+0000] {dag.py:4180} INFO - Setting next_dagrun for load_to_mongodb to None, run_after=None
[2025-11-07T22:31:54.494+0000] {processor.py:208} INFO - Processing /opt/airflow/dags/load_to_mongodb.py took 0.375 seconds
[2025-11-07T22:32:25.286+0000] {processor.py:186} INFO - Started process (PID=622) to work on /opt/airflow/dags/load_to_mongodb.py
[2025-11-07T22:32:25.287+0000] {processor.py:914} INFO - Processing file /opt/airflow/dags/load_to_mongodb.py for tasks to queue
[2025-11-07T22:32:25.289+0000] {logging_mixin.py:190} INFO - [2025-11-07T22:32:25.288+0000] {dagbag.py:588} INFO - Filling up the DagBag from /opt/airflow/dags/load_to_mongodb.py
[2025-11-07T22:32:25.602+0000] {processor.py:925} INFO - DAG(s) 'load_to_mongodb' retrieved from /opt/airflow/dags/load_to_mongodb.py
[2025-11-07T22:32:25.623+0000] {logging_mixin.py:190} INFO - [2025-11-07T22:32:25.623+0000] {dag.py:3239} INFO - Sync 1 DAGs
[2025-11-07T22:32:25.636+0000] {logging_mixin.py:190} INFO - [2025-11-07T22:32:25.636+0000] {dag.py:4180} INFO - Setting next_dagrun for load_to_mongodb to None, run_after=None
[2025-11-07T22:32:25.653+0000] {processor.py:208} INFO - Processing /opt/airflow/dags/load_to_mongodb.py took 0.373 seconds
[2025-11-07T22:32:56.420+0000] {processor.py:186} INFO - Started process (PID=633) to work on /opt/airflow/dags/load_to_mongodb.py
[2025-11-07T22:32:56.421+0000] {processor.py:914} INFO - Processing file /opt/airflow/dags/load_to_mongodb.py for tasks to queue
[2025-11-07T22:32:56.423+0000] {logging_mixin.py:190} INFO - [2025-11-07T22:32:56.423+0000] {dagbag.py:588} INFO - Filling up the DagBag from /opt/airflow/dags/load_to_mongodb.py
[2025-11-07T22:32:56.750+0000] {processor.py:925} INFO - DAG(s) 'load_to_mongodb' retrieved from /opt/airflow/dags/load_to_mongodb.py
[2025-11-07T22:32:56.773+0000] {logging_mixin.py:190} INFO - [2025-11-07T22:32:56.772+0000] {dag.py:3239} INFO - Sync 1 DAGs
[2025-11-07T22:32:56.786+0000] {logging_mixin.py:190} INFO - [2025-11-07T22:32:56.786+0000] {dag.py:4180} INFO - Setting next_dagrun for load_to_mongodb to None, run_after=None
[2025-11-07T22:32:56.803+0000] {processor.py:208} INFO - Processing /opt/airflow/dags/load_to_mongodb.py took 0.388 seconds
[2025-11-07T22:33:27.859+0000] {processor.py:186} INFO - Started process (PID=644) to work on /opt/airflow/dags/load_to_mongodb.py
[2025-11-07T22:33:27.861+0000] {processor.py:914} INFO - Processing file /opt/airflow/dags/load_to_mongodb.py for tasks to queue
[2025-11-07T22:33:27.863+0000] {logging_mixin.py:190} INFO - [2025-11-07T22:33:27.863+0000] {dagbag.py:588} INFO - Filling up the DagBag from /opt/airflow/dags/load_to_mongodb.py
[2025-11-07T22:33:28.178+0000] {processor.py:925} INFO - DAG(s) 'load_to_mongodb' retrieved from /opt/airflow/dags/load_to_mongodb.py
[2025-11-07T22:33:28.201+0000] {logging_mixin.py:190} INFO - [2025-11-07T22:33:28.201+0000] {dag.py:3239} INFO - Sync 1 DAGs
[2025-11-07T22:33:28.214+0000] {logging_mixin.py:190} INFO - [2025-11-07T22:33:28.214+0000] {dag.py:4180} INFO - Setting next_dagrun for load_to_mongodb to None, run_after=None
[2025-11-07T22:33:28.228+0000] {processor.py:208} INFO - Processing /opt/airflow/dags/load_to_mongodb.py took 0.375 seconds
[2025-11-07T22:33:58.300+0000] {processor.py:186} INFO - Started process (PID=655) to work on /opt/airflow/dags/load_to_mongodb.py
[2025-11-07T22:33:58.302+0000] {processor.py:914} INFO - Processing file /opt/airflow/dags/load_to_mongodb.py for tasks to queue
[2025-11-07T22:33:58.305+0000] {logging_mixin.py:190} INFO - [2025-11-07T22:33:58.304+0000] {dagbag.py:588} INFO - Filling up the DagBag from /opt/airflow/dags/load_to_mongodb.py
[2025-11-07T22:33:58.620+0000] {processor.py:925} INFO - DAG(s) 'load_to_mongodb' retrieved from /opt/airflow/dags/load_to_mongodb.py
[2025-11-07T22:33:58.645+0000] {logging_mixin.py:190} INFO - [2025-11-07T22:33:58.644+0000] {dag.py:3239} INFO - Sync 1 DAGs
[2025-11-07T22:33:58.658+0000] {logging_mixin.py:190} INFO - [2025-11-07T22:33:58.657+0000] {dag.py:4180} INFO - Setting next_dagrun for load_to_mongodb to None, run_after=None
[2025-11-07T22:33:58.672+0000] {processor.py:208} INFO - Processing /opt/airflow/dags/load_to_mongodb.py took 0.377 seconds
[2025-11-07T22:34:29.578+0000] {processor.py:186} INFO - Started process (PID=666) to work on /opt/airflow/dags/load_to_mongodb.py
[2025-11-07T22:34:29.579+0000] {processor.py:914} INFO - Processing file /opt/airflow/dags/load_to_mongodb.py for tasks to queue
[2025-11-07T22:34:29.582+0000] {logging_mixin.py:190} INFO - [2025-11-07T22:34:29.581+0000] {dagbag.py:588} INFO - Filling up the DagBag from /opt/airflow/dags/load_to_mongodb.py
[2025-11-07T22:34:29.896+0000] {processor.py:925} INFO - DAG(s) 'load_to_mongodb' retrieved from /opt/airflow/dags/load_to_mongodb.py
[2025-11-07T22:34:29.918+0000] {logging_mixin.py:190} INFO - [2025-11-07T22:34:29.918+0000] {dag.py:3239} INFO - Sync 1 DAGs
[2025-11-07T22:34:29.931+0000] {logging_mixin.py:190} INFO - [2025-11-07T22:34:29.930+0000] {dag.py:4180} INFO - Setting next_dagrun for load_to_mongodb to None, run_after=None
[2025-11-07T22:34:29.947+0000] {processor.py:208} INFO - Processing /opt/airflow/dags/load_to_mongodb.py took 0.375 seconds
[2025-11-07T22:35:00.832+0000] {processor.py:186} INFO - Started process (PID=677) to work on /opt/airflow/dags/load_to_mongodb.py
[2025-11-07T22:35:00.833+0000] {processor.py:914} INFO - Processing file /opt/airflow/dags/load_to_mongodb.py for tasks to queue
[2025-11-07T22:35:00.835+0000] {logging_mixin.py:190} INFO - [2025-11-07T22:35:00.835+0000] {dagbag.py:588} INFO - Filling up the DagBag from /opt/airflow/dags/load_to_mongodb.py
[2025-11-07T22:34:59.143+0000] {processor.py:925} INFO - DAG(s) 'load_to_mongodb' retrieved from /opt/airflow/dags/load_to_mongodb.py
[2025-11-07T22:34:59.198+0000] {logging_mixin.py:190} INFO - [2025-11-07T22:34:59.197+0000] {dag.py:3239} INFO - Sync 1 DAGs
[2025-11-07T22:34:59.248+0000] {logging_mixin.py:190} INFO - [2025-11-07T22:34:59.248+0000] {dag.py:4180} INFO - Setting next_dagrun for load_to_mongodb to None, run_after=None
[2025-11-07T22:34:59.342+0000] {processor.py:208} INFO - Processing /opt/airflow/dags/load_to_mongodb.py took 0.829 seconds
[2025-11-07T22:35:29.938+0000] {processor.py:186} INFO - Started process (PID=688) to work on /opt/airflow/dags/load_to_mongodb.py
[2025-11-07T22:35:29.939+0000] {processor.py:914} INFO - Processing file /opt/airflow/dags/load_to_mongodb.py for tasks to queue
[2025-11-07T22:35:29.942+0000] {logging_mixin.py:190} INFO - [2025-11-07T22:35:29.942+0000] {dagbag.py:588} INFO - Filling up the DagBag from /opt/airflow/dags/load_to_mongodb.py
[2025-11-07T22:35:30.295+0000] {processor.py:925} INFO - DAG(s) 'load_to_mongodb' retrieved from /opt/airflow/dags/load_to_mongodb.py
[2025-11-07T22:35:30.318+0000] {logging_mixin.py:190} INFO - [2025-11-07T22:35:30.317+0000] {dag.py:3239} INFO - Sync 1 DAGs
[2025-11-07T22:35:30.331+0000] {logging_mixin.py:190} INFO - [2025-11-07T22:35:30.331+0000] {dag.py:4180} INFO - Setting next_dagrun for load_to_mongodb to None, run_after=None
[2025-11-07T22:35:30.355+0000] {processor.py:208} INFO - Processing /opt/airflow/dags/load_to_mongodb.py took 0.424 seconds
[2025-11-07T22:36:01.113+0000] {processor.py:186} INFO - Started process (PID=699) to work on /opt/airflow/dags/load_to_mongodb.py
[2025-11-07T22:36:01.114+0000] {processor.py:914} INFO - Processing file /opt/airflow/dags/load_to_mongodb.py for tasks to queue
[2025-11-07T22:36:01.117+0000] {logging_mixin.py:190} INFO - [2025-11-07T22:36:01.117+0000] {dagbag.py:588} INFO - Filling up the DagBag from /opt/airflow/dags/load_to_mongodb.py
[2025-11-07T22:36:01.447+0000] {processor.py:925} INFO - DAG(s) 'load_to_mongodb' retrieved from /opt/airflow/dags/load_to_mongodb.py
[2025-11-07T22:36:01.470+0000] {logging_mixin.py:190} INFO - [2025-11-07T22:36:01.470+0000] {dag.py:3239} INFO - Sync 1 DAGs
[2025-11-07T22:36:01.484+0000] {logging_mixin.py:190} INFO - [2025-11-07T22:36:01.484+0000] {dag.py:4180} INFO - Setting next_dagrun for load_to_mongodb to None, run_after=None
[2025-11-07T22:36:01.502+0000] {processor.py:208} INFO - Processing /opt/airflow/dags/load_to_mongodb.py took 0.396 seconds
[2025-11-07T22:36:31.672+0000] {processor.py:186} INFO - Started process (PID=710) to work on /opt/airflow/dags/load_to_mongodb.py
[2025-11-07T22:36:31.673+0000] {processor.py:914} INFO - Processing file /opt/airflow/dags/load_to_mongodb.py for tasks to queue
[2025-11-07T22:36:31.676+0000] {logging_mixin.py:190} INFO - [2025-11-07T22:36:31.676+0000] {dagbag.py:588} INFO - Filling up the DagBag from /opt/airflow/dags/load_to_mongodb.py
[2025-11-07T22:36:32.028+0000] {processor.py:925} INFO - DAG(s) 'load_to_mongodb' retrieved from /opt/airflow/dags/load_to_mongodb.py
[2025-11-07T22:36:32.053+0000] {logging_mixin.py:190} INFO - [2025-11-07T22:36:32.053+0000] {dag.py:3239} INFO - Sync 1 DAGs
[2025-11-07T22:36:32.070+0000] {logging_mixin.py:190} INFO - [2025-11-07T22:36:32.070+0000] {dag.py:4180} INFO - Setting next_dagrun for load_to_mongodb to None, run_after=None
[2025-11-07T22:36:32.088+0000] {processor.py:208} INFO - Processing /opt/airflow/dags/load_to_mongodb.py took 0.422 seconds
[2025-11-07T22:37:03.017+0000] {processor.py:186} INFO - Started process (PID=721) to work on /opt/airflow/dags/load_to_mongodb.py
[2025-11-07T22:37:03.018+0000] {processor.py:914} INFO - Processing file /opt/airflow/dags/load_to_mongodb.py for tasks to queue
[2025-11-07T22:37:03.020+0000] {logging_mixin.py:190} INFO - [2025-11-07T22:37:03.020+0000] {dagbag.py:588} INFO - Filling up the DagBag from /opt/airflow/dags/load_to_mongodb.py
[2025-11-07T22:37:03.340+0000] {processor.py:925} INFO - DAG(s) 'load_to_mongodb' retrieved from /opt/airflow/dags/load_to_mongodb.py
[2025-11-07T22:37:03.366+0000] {logging_mixin.py:190} INFO - [2025-11-07T22:37:03.365+0000] {dag.py:3239} INFO - Sync 1 DAGs
[2025-11-07T22:37:03.379+0000] {logging_mixin.py:190} INFO - [2025-11-07T22:37:03.378+0000] {dag.py:4180} INFO - Setting next_dagrun for load_to_mongodb to None, run_after=None
[2025-11-07T22:37:03.395+0000] {processor.py:208} INFO - Processing /opt/airflow/dags/load_to_mongodb.py took 0.383 seconds
[2025-11-07T22:37:34.407+0000] {processor.py:186} INFO - Started process (PID=732) to work on /opt/airflow/dags/load_to_mongodb.py
[2025-11-07T22:37:34.408+0000] {processor.py:914} INFO - Processing file /opt/airflow/dags/load_to_mongodb.py for tasks to queue
[2025-11-07T22:37:34.412+0000] {logging_mixin.py:190} INFO - [2025-11-07T22:37:34.411+0000] {dagbag.py:588} INFO - Filling up the DagBag from /opt/airflow/dags/load_to_mongodb.py
[2025-11-07T22:37:34.748+0000] {processor.py:925} INFO - DAG(s) 'load_to_mongodb' retrieved from /opt/airflow/dags/load_to_mongodb.py
[2025-11-07T22:37:34.770+0000] {logging_mixin.py:190} INFO - [2025-11-07T22:37:34.770+0000] {dag.py:3239} INFO - Sync 1 DAGs
[2025-11-07T22:37:34.784+0000] {logging_mixin.py:190} INFO - [2025-11-07T22:37:34.784+0000] {dag.py:4180} INFO - Setting next_dagrun for load_to_mongodb to None, run_after=None
[2025-11-07T22:37:34.801+0000] {processor.py:208} INFO - Processing /opt/airflow/dags/load_to_mongodb.py took 0.400 seconds
[2025-11-07T22:38:04.970+0000] {processor.py:186} INFO - Started process (PID=743) to work on /opt/airflow/dags/load_to_mongodb.py
[2025-11-07T22:38:04.971+0000] {processor.py:914} INFO - Processing file /opt/airflow/dags/load_to_mongodb.py for tasks to queue
[2025-11-07T22:38:04.974+0000] {logging_mixin.py:190} INFO - [2025-11-07T22:38:04.973+0000] {dagbag.py:588} INFO - Filling up the DagBag from /opt/airflow/dags/load_to_mongodb.py
[2025-11-07T22:38:05.298+0000] {processor.py:925} INFO - DAG(s) 'load_to_mongodb' retrieved from /opt/airflow/dags/load_to_mongodb.py
[2025-11-07T22:38:05.321+0000] {logging_mixin.py:190} INFO - [2025-11-07T22:38:05.321+0000] {dag.py:3239} INFO - Sync 1 DAGs
[2025-11-07T22:38:05.334+0000] {logging_mixin.py:190} INFO - [2025-11-07T22:38:05.334+0000] {dag.py:4180} INFO - Setting next_dagrun for load_to_mongodb to None, run_after=None
[2025-11-07T22:38:05.350+0000] {processor.py:208} INFO - Processing /opt/airflow/dags/load_to_mongodb.py took 0.386 seconds
[2025-11-07T22:38:35.612+0000] {processor.py:186} INFO - Started process (PID=754) to work on /opt/airflow/dags/load_to_mongodb.py
[2025-11-07T22:38:35.613+0000] {processor.py:914} INFO - Processing file /opt/airflow/dags/load_to_mongodb.py for tasks to queue
[2025-11-07T22:38:35.616+0000] {logging_mixin.py:190} INFO - [2025-11-07T22:38:35.615+0000] {dagbag.py:588} INFO - Filling up the DagBag from /opt/airflow/dags/load_to_mongodb.py
[2025-11-07T22:38:35.946+0000] {processor.py:925} INFO - DAG(s) 'load_to_mongodb' retrieved from /opt/airflow/dags/load_to_mongodb.py
[2025-11-07T22:38:35.970+0000] {logging_mixin.py:190} INFO - [2025-11-07T22:38:35.969+0000] {dag.py:3239} INFO - Sync 1 DAGs
[2025-11-07T22:38:35.984+0000] {logging_mixin.py:190} INFO - [2025-11-07T22:38:35.984+0000] {dag.py:4180} INFO - Setting next_dagrun for load_to_mongodb to None, run_after=None
[2025-11-07T22:38:36.001+0000] {processor.py:208} INFO - Processing /opt/airflow/dags/load_to_mongodb.py took 0.394 seconds
[2025-11-07T22:39:06.940+0000] {processor.py:186} INFO - Started process (PID=765) to work on /opt/airflow/dags/load_to_mongodb.py
[2025-11-07T22:39:06.941+0000] {processor.py:914} INFO - Processing file /opt/airflow/dags/load_to_mongodb.py for tasks to queue
[2025-11-07T22:39:06.944+0000] {logging_mixin.py:190} INFO - [2025-11-07T22:39:06.944+0000] {dagbag.py:588} INFO - Filling up the DagBag from /opt/airflow/dags/load_to_mongodb.py
[2025-11-07T22:39:07.253+0000] {processor.py:925} INFO - DAG(s) 'load_to_mongodb' retrieved from /opt/airflow/dags/load_to_mongodb.py
[2025-11-07T22:39:07.274+0000] {logging_mixin.py:190} INFO - [2025-11-07T22:39:07.273+0000] {dag.py:3239} INFO - Sync 1 DAGs
[2025-11-07T22:39:07.287+0000] {logging_mixin.py:190} INFO - [2025-11-07T22:39:07.287+0000] {dag.py:4180} INFO - Setting next_dagrun for load_to_mongodb to None, run_after=None
[2025-11-07T22:39:07.303+0000] {processor.py:208} INFO - Processing /opt/airflow/dags/load_to_mongodb.py took 0.369 seconds
[2025-11-07T22:39:37.466+0000] {processor.py:186} INFO - Started process (PID=776) to work on /opt/airflow/dags/load_to_mongodb.py
[2025-11-07T22:39:37.467+0000] {processor.py:914} INFO - Processing file /opt/airflow/dags/load_to_mongodb.py for tasks to queue
[2025-11-07T22:39:37.469+0000] {logging_mixin.py:190} INFO - [2025-11-07T22:39:37.469+0000] {dagbag.py:588} INFO - Filling up the DagBag from /opt/airflow/dags/load_to_mongodb.py
[2025-11-07T22:39:37.780+0000] {processor.py:925} INFO - DAG(s) 'load_to_mongodb' retrieved from /opt/airflow/dags/load_to_mongodb.py
[2025-11-07T22:39:37.804+0000] {logging_mixin.py:190} INFO - [2025-11-07T22:39:37.803+0000] {dag.py:3239} INFO - Sync 1 DAGs
[2025-11-07T22:39:37.816+0000] {logging_mixin.py:190} INFO - [2025-11-07T22:39:37.816+0000] {dag.py:4180} INFO - Setting next_dagrun for load_to_mongodb to None, run_after=None
[2025-11-07T22:39:37.830+0000] {processor.py:208} INFO - Processing /opt/airflow/dags/load_to_mongodb.py took 0.371 seconds
[2025-11-07T22:40:08.588+0000] {processor.py:186} INFO - Started process (PID=787) to work on /opt/airflow/dags/load_to_mongodb.py
[2025-11-07T22:40:08.589+0000] {processor.py:914} INFO - Processing file /opt/airflow/dags/load_to_mongodb.py for tasks to queue
[2025-11-07T22:40:08.592+0000] {logging_mixin.py:190} INFO - [2025-11-07T22:40:08.592+0000] {dagbag.py:588} INFO - Filling up the DagBag from /opt/airflow/dags/load_to_mongodb.py
[2025-11-07T22:40:08.937+0000] {processor.py:925} INFO - DAG(s) 'load_to_mongodb' retrieved from /opt/airflow/dags/load_to_mongodb.py
[2025-11-07T22:40:08.960+0000] {logging_mixin.py:190} INFO - [2025-11-07T22:40:08.960+0000] {dag.py:3239} INFO - Sync 1 DAGs
[2025-11-07T22:40:08.973+0000] {logging_mixin.py:190} INFO - [2025-11-07T22:40:08.973+0000] {dag.py:4180} INFO - Setting next_dagrun for load_to_mongodb to None, run_after=None
[2025-11-07T22:40:08.989+0000] {processor.py:208} INFO - Processing /opt/airflow/dags/load_to_mongodb.py took 0.408 seconds
[2025-11-07T22:40:39.169+0000] {processor.py:186} INFO - Started process (PID=798) to work on /opt/airflow/dags/load_to_mongodb.py
[2025-11-07T22:40:39.170+0000] {processor.py:914} INFO - Processing file /opt/airflow/dags/load_to_mongodb.py for tasks to queue
[2025-11-07T22:40:39.173+0000] {logging_mixin.py:190} INFO - [2025-11-07T22:40:39.173+0000] {dagbag.py:588} INFO - Filling up the DagBag from /opt/airflow/dags/load_to_mongodb.py
[2025-11-07T22:40:39.492+0000] {processor.py:925} INFO - DAG(s) 'load_to_mongodb' retrieved from /opt/airflow/dags/load_to_mongodb.py
[2025-11-07T22:40:39.515+0000] {logging_mixin.py:190} INFO - [2025-11-07T22:40:39.514+0000] {dag.py:3239} INFO - Sync 1 DAGs
[2025-11-07T22:40:39.527+0000] {logging_mixin.py:190} INFO - [2025-11-07T22:40:39.527+0000] {dag.py:4180} INFO - Setting next_dagrun for load_to_mongodb to None, run_after=None
[2025-11-07T22:40:39.543+0000] {processor.py:208} INFO - Processing /opt/airflow/dags/load_to_mongodb.py took 0.381 seconds
[2025-11-07T22:41:10.592+0000] {processor.py:186} INFO - Started process (PID=809) to work on /opt/airflow/dags/load_to_mongodb.py
[2025-11-07T22:41:10.593+0000] {processor.py:914} INFO - Processing file /opt/airflow/dags/load_to_mongodb.py for tasks to queue
[2025-11-07T22:41:10.596+0000] {logging_mixin.py:190} INFO - [2025-11-07T22:41:10.596+0000] {dagbag.py:588} INFO - Filling up the DagBag from /opt/airflow/dags/load_to_mongodb.py
[2025-11-07T22:41:10.963+0000] {processor.py:925} INFO - DAG(s) 'load_to_mongodb' retrieved from /opt/airflow/dags/load_to_mongodb.py
[2025-11-07T22:41:10.987+0000] {logging_mixin.py:190} INFO - [2025-11-07T22:41:10.986+0000] {dag.py:3239} INFO - Sync 1 DAGs
[2025-11-07T22:41:11.001+0000] {logging_mixin.py:190} INFO - [2025-11-07T22:41:11.001+0000] {dag.py:4180} INFO - Setting next_dagrun for load_to_mongodb to None, run_after=None
[2025-11-07T22:41:11.017+0000] {processor.py:208} INFO - Processing /opt/airflow/dags/load_to_mongodb.py took 0.432 seconds
[2025-11-07T22:41:42.082+0000] {processor.py:186} INFO - Started process (PID=820) to work on /opt/airflow/dags/load_to_mongodb.py
[2025-11-07T22:41:42.083+0000] {processor.py:914} INFO - Processing file /opt/airflow/dags/load_to_mongodb.py for tasks to queue
[2025-11-07T22:41:42.086+0000] {logging_mixin.py:190} INFO - [2025-11-07T22:41:42.085+0000] {dagbag.py:588} INFO - Filling up the DagBag from /opt/airflow/dags/load_to_mongodb.py
[2025-11-07T22:41:42.409+0000] {processor.py:925} INFO - DAG(s) 'load_to_mongodb' retrieved from /opt/airflow/dags/load_to_mongodb.py
[2025-11-07T22:41:42.432+0000] {logging_mixin.py:190} INFO - [2025-11-07T22:41:42.432+0000] {dag.py:3239} INFO - Sync 1 DAGs
[2025-11-07T22:41:42.446+0000] {logging_mixin.py:190} INFO - [2025-11-07T22:41:42.446+0000] {dag.py:4180} INFO - Setting next_dagrun for load_to_mongodb to None, run_after=None
[2025-11-07T22:41:42.463+0000] {processor.py:208} INFO - Processing /opt/airflow/dags/load_to_mongodb.py took 0.388 seconds
[2025-11-07T22:42:12.637+0000] {processor.py:186} INFO - Started process (PID=831) to work on /opt/airflow/dags/load_to_mongodb.py
[2025-11-07T22:42:12.638+0000] {processor.py:914} INFO - Processing file /opt/airflow/dags/load_to_mongodb.py for tasks to queue
[2025-11-07T22:42:12.642+0000] {logging_mixin.py:190} INFO - [2025-11-07T22:42:12.642+0000] {dagbag.py:588} INFO - Filling up the DagBag from /opt/airflow/dags/load_to_mongodb.py
[2025-11-07T22:42:13.040+0000] {processor.py:925} INFO - DAG(s) 'load_to_mongodb' retrieved from /opt/airflow/dags/load_to_mongodb.py
[2025-11-07T22:42:13.065+0000] {logging_mixin.py:190} INFO - [2025-11-07T22:42:13.065+0000] {dag.py:3239} INFO - Sync 1 DAGs
[2025-11-07T22:42:13.079+0000] {logging_mixin.py:190} INFO - [2025-11-07T22:42:13.079+0000] {dag.py:4180} INFO - Setting next_dagrun for load_to_mongodb to None, run_after=None
[2025-11-07T22:42:13.097+0000] {processor.py:208} INFO - Processing /opt/airflow/dags/load_to_mongodb.py took 0.467 seconds
[2025-11-07T22:42:43.607+0000] {processor.py:186} INFO - Started process (PID=842) to work on /opt/airflow/dags/load_to_mongodb.py
[2025-11-07T22:42:43.608+0000] {processor.py:914} INFO - Processing file /opt/airflow/dags/load_to_mongodb.py for tasks to queue
[2025-11-07T22:42:43.612+0000] {logging_mixin.py:190} INFO - [2025-11-07T22:42:43.612+0000] {dagbag.py:588} INFO - Filling up the DagBag from /opt/airflow/dags/load_to_mongodb.py
[2025-11-07T22:42:43.934+0000] {processor.py:925} INFO - DAG(s) 'load_to_mongodb' retrieved from /opt/airflow/dags/load_to_mongodb.py
[2025-11-07T22:42:43.957+0000] {logging_mixin.py:190} INFO - [2025-11-07T22:42:43.956+0000] {dag.py:3239} INFO - Sync 1 DAGs
[2025-11-07T22:42:43.970+0000] {logging_mixin.py:190} INFO - [2025-11-07T22:42:43.969+0000] {dag.py:4180} INFO - Setting next_dagrun for load_to_mongodb to None, run_after=None
[2025-11-07T22:42:43.987+0000] {processor.py:208} INFO - Processing /opt/airflow/dags/load_to_mongodb.py took 0.387 seconds
[2025-11-07T22:43:14.718+0000] {processor.py:186} INFO - Started process (PID=853) to work on /opt/airflow/dags/load_to_mongodb.py
[2025-11-07T22:43:14.719+0000] {processor.py:914} INFO - Processing file /opt/airflow/dags/load_to_mongodb.py for tasks to queue
[2025-11-07T22:43:14.722+0000] {logging_mixin.py:190} INFO - [2025-11-07T22:43:14.721+0000] {dagbag.py:588} INFO - Filling up the DagBag from /opt/airflow/dags/load_to_mongodb.py
[2025-11-07T22:43:15.063+0000] {processor.py:925} INFO - DAG(s) 'load_to_mongodb' retrieved from /opt/airflow/dags/load_to_mongodb.py
[2025-11-07T22:43:15.087+0000] {logging_mixin.py:190} INFO - [2025-11-07T22:43:15.086+0000] {dag.py:3239} INFO - Sync 1 DAGs
[2025-11-07T22:43:15.101+0000] {logging_mixin.py:190} INFO - [2025-11-07T22:43:15.101+0000] {dag.py:4180} INFO - Setting next_dagrun for load_to_mongodb to None, run_after=None
[2025-11-07T22:43:15.120+0000] {processor.py:208} INFO - Processing /opt/airflow/dags/load_to_mongodb.py took 0.408 seconds
[2025-11-07T22:43:46.130+0000] {processor.py:186} INFO - Started process (PID=864) to work on /opt/airflow/dags/load_to_mongodb.py
[2025-11-07T22:43:46.131+0000] {processor.py:914} INFO - Processing file /opt/airflow/dags/load_to_mongodb.py for tasks to queue
[2025-11-07T22:43:46.134+0000] {logging_mixin.py:190} INFO - [2025-11-07T22:43:46.134+0000] {dagbag.py:588} INFO - Filling up the DagBag from /opt/airflow/dags/load_to_mongodb.py
[2025-11-07T22:43:46.479+0000] {processor.py:925} INFO - DAG(s) 'load_to_mongodb' retrieved from /opt/airflow/dags/load_to_mongodb.py
[2025-11-07T22:43:46.502+0000] {logging_mixin.py:190} INFO - [2025-11-07T22:43:46.502+0000] {dag.py:3239} INFO - Sync 1 DAGs
[2025-11-07T22:43:46.515+0000] {logging_mixin.py:190} INFO - [2025-11-07T22:43:46.515+0000] {dag.py:4180} INFO - Setting next_dagrun for load_to_mongodb to None, run_after=None
[2025-11-07T22:43:46.536+0000] {processor.py:208} INFO - Processing /opt/airflow/dags/load_to_mongodb.py took 0.412 seconds
[2025-11-07T22:44:13.072+0000] {processor.py:186} INFO - Started process (PID=875) to work on /opt/airflow/dags/load_to_mongodb.py
[2025-11-07T22:44:13.073+0000] {processor.py:914} INFO - Processing file /opt/airflow/dags/load_to_mongodb.py for tasks to queue
[2025-11-07T22:44:13.075+0000] {logging_mixin.py:190} INFO - [2025-11-07T22:44:13.075+0000] {dagbag.py:588} INFO - Filling up the DagBag from /opt/airflow/dags/load_to_mongodb.py
[2025-11-07T22:44:13.395+0000] {processor.py:925} INFO - DAG(s) 'load_to_mongodb' retrieved from /opt/airflow/dags/load_to_mongodb.py
[2025-11-07T22:44:13.419+0000] {logging_mixin.py:190} INFO - [2025-11-07T22:44:13.419+0000] {dag.py:3239} INFO - Sync 1 DAGs
[2025-11-07T22:44:13.433+0000] {logging_mixin.py:190} INFO - [2025-11-07T22:44:13.432+0000] {dag.py:4180} INFO - Setting next_dagrun for load_to_mongodb to None, run_after=None
[2025-11-07T22:44:13.448+0000] {processor.py:208} INFO - Processing /opt/airflow/dags/load_to_mongodb.py took 0.383 seconds
[2025-11-07T22:44:44.405+0000] {processor.py:186} INFO - Started process (PID=886) to work on /opt/airflow/dags/load_to_mongodb.py
[2025-11-07T22:44:44.406+0000] {processor.py:914} INFO - Processing file /opt/airflow/dags/load_to_mongodb.py for tasks to queue
[2025-11-07T22:44:44.408+0000] {logging_mixin.py:190} INFO - [2025-11-07T22:44:44.408+0000] {dagbag.py:588} INFO - Filling up the DagBag from /opt/airflow/dags/load_to_mongodb.py
[2025-11-07T22:44:44.723+0000] {processor.py:925} INFO - DAG(s) 'load_to_mongodb' retrieved from /opt/airflow/dags/load_to_mongodb.py
[2025-11-07T22:44:44.745+0000] {logging_mixin.py:190} INFO - [2025-11-07T22:44:44.745+0000] {dag.py:3239} INFO - Sync 1 DAGs
[2025-11-07T22:44:44.757+0000] {logging_mixin.py:190} INFO - [2025-11-07T22:44:44.757+0000] {dag.py:4180} INFO - Setting next_dagrun for load_to_mongodb to None, run_after=None
[2025-11-07T22:44:44.773+0000] {processor.py:208} INFO - Processing /opt/airflow/dags/load_to_mongodb.py took 0.374 seconds
[2025-11-07T22:45:15.635+0000] {processor.py:186} INFO - Started process (PID=897) to work on /opt/airflow/dags/load_to_mongodb.py
[2025-11-07T22:45:15.636+0000] {processor.py:914} INFO - Processing file /opt/airflow/dags/load_to_mongodb.py for tasks to queue
[2025-11-07T22:45:15.639+0000] {logging_mixin.py:190} INFO - [2025-11-07T22:45:15.638+0000] {dagbag.py:588} INFO - Filling up the DagBag from /opt/airflow/dags/load_to_mongodb.py
[2025-11-07T22:45:15.959+0000] {processor.py:925} INFO - DAG(s) 'load_to_mongodb' retrieved from /opt/airflow/dags/load_to_mongodb.py
[2025-11-07T22:45:15.982+0000] {logging_mixin.py:190} INFO - [2025-11-07T22:45:15.981+0000] {dag.py:3239} INFO - Sync 1 DAGs
[2025-11-07T22:45:15.995+0000] {logging_mixin.py:190} INFO - [2025-11-07T22:45:15.995+0000] {dag.py:4180} INFO - Setting next_dagrun for load_to_mongodb to None, run_after=None
[2025-11-07T22:45:16.011+0000] {processor.py:208} INFO - Processing /opt/airflow/dags/load_to_mongodb.py took 0.382 seconds
[2025-11-07T22:45:47.052+0000] {processor.py:186} INFO - Started process (PID=908) to work on /opt/airflow/dags/load_to_mongodb.py
[2025-11-07T22:45:47.053+0000] {processor.py:914} INFO - Processing file /opt/airflow/dags/load_to_mongodb.py for tasks to queue
[2025-11-07T22:45:47.056+0000] {logging_mixin.py:190} INFO - [2025-11-07T22:45:47.055+0000] {dagbag.py:588} INFO - Filling up the DagBag from /opt/airflow/dags/load_to_mongodb.py
[2025-11-07T22:45:47.373+0000] {processor.py:925} INFO - DAG(s) 'load_to_mongodb' retrieved from /opt/airflow/dags/load_to_mongodb.py
[2025-11-07T22:45:47.395+0000] {logging_mixin.py:190} INFO - [2025-11-07T22:45:47.394+0000] {dag.py:3239} INFO - Sync 1 DAGs
[2025-11-07T22:45:47.407+0000] {logging_mixin.py:190} INFO - [2025-11-07T22:45:47.407+0000] {dag.py:4180} INFO - Setting next_dagrun for load_to_mongodb to None, run_after=None
[2025-11-07T22:45:47.424+0000] {processor.py:208} INFO - Processing /opt/airflow/dags/load_to_mongodb.py took 0.378 seconds
[2025-11-07T22:46:18.425+0000] {processor.py:186} INFO - Started process (PID=919) to work on /opt/airflow/dags/load_to_mongodb.py
[2025-11-07T22:46:18.426+0000] {processor.py:914} INFO - Processing file /opt/airflow/dags/load_to_mongodb.py for tasks to queue
[2025-11-07T22:46:18.429+0000] {logging_mixin.py:190} INFO - [2025-11-07T22:46:18.428+0000] {dagbag.py:588} INFO - Filling up the DagBag from /opt/airflow/dags/load_to_mongodb.py
[2025-11-07T22:46:18.774+0000] {processor.py:925} INFO - DAG(s) 'load_to_mongodb' retrieved from /opt/airflow/dags/load_to_mongodb.py
[2025-11-07T22:46:18.832+0000] {logging_mixin.py:190} INFO - [2025-11-07T22:46:18.831+0000] {dag.py:3239} INFO - Sync 1 DAGs
[2025-11-07T22:46:18.858+0000] {logging_mixin.py:190} INFO - [2025-11-07T22:46:18.857+0000] {dag.py:4180} INFO - Setting next_dagrun for load_to_mongodb to None, run_after=None
[2025-11-07T22:46:18.929+0000] {processor.py:208} INFO - Processing /opt/airflow/dags/load_to_mongodb.py took 0.511 seconds
[2025-11-07T22:46:49.069+0000] {processor.py:186} INFO - Started process (PID=930) to work on /opt/airflow/dags/load_to_mongodb.py
[2025-11-07T22:46:49.070+0000] {processor.py:914} INFO - Processing file /opt/airflow/dags/load_to_mongodb.py for tasks to queue
[2025-11-07T22:46:49.072+0000] {logging_mixin.py:190} INFO - [2025-11-07T22:46:49.072+0000] {dagbag.py:588} INFO - Filling up the DagBag from /opt/airflow/dags/load_to_mongodb.py
[2025-11-07T22:46:49.386+0000] {processor.py:925} INFO - DAG(s) 'load_to_mongodb' retrieved from /opt/airflow/dags/load_to_mongodb.py
[2025-11-07T22:46:49.409+0000] {logging_mixin.py:190} INFO - [2025-11-07T22:46:49.408+0000] {dag.py:3239} INFO - Sync 1 DAGs
[2025-11-07T22:46:49.422+0000] {logging_mixin.py:190} INFO - [2025-11-07T22:46:49.422+0000] {dag.py:4180} INFO - Setting next_dagrun for load_to_mongodb to None, run_after=None
[2025-11-07T22:46:49.437+0000] {processor.py:208} INFO - Processing /opt/airflow/dags/load_to_mongodb.py took 0.374 seconds
[2025-11-07T22:47:19.534+0000] {processor.py:186} INFO - Started process (PID=941) to work on /opt/airflow/dags/load_to_mongodb.py
[2025-11-07T22:47:19.535+0000] {processor.py:914} INFO - Processing file /opt/airflow/dags/load_to_mongodb.py for tasks to queue
[2025-11-07T22:47:19.538+0000] {logging_mixin.py:190} INFO - [2025-11-07T22:47:19.538+0000] {dagbag.py:588} INFO - Filling up the DagBag from /opt/airflow/dags/load_to_mongodb.py
[2025-11-07T22:47:19.868+0000] {processor.py:925} INFO - DAG(s) 'load_to_mongodb' retrieved from /opt/airflow/dags/load_to_mongodb.py
[2025-11-07T22:47:19.892+0000] {logging_mixin.py:190} INFO - [2025-11-07T22:47:19.891+0000] {dag.py:3239} INFO - Sync 1 DAGs
[2025-11-07T22:47:19.906+0000] {logging_mixin.py:190} INFO - [2025-11-07T22:47:19.906+0000] {dag.py:4180} INFO - Setting next_dagrun for load_to_mongodb to None, run_after=None
[2025-11-07T22:47:19.923+0000] {processor.py:208} INFO - Processing /opt/airflow/dags/load_to_mongodb.py took 0.394 seconds
[2025-11-07T22:47:50.918+0000] {processor.py:186} INFO - Started process (PID=952) to work on /opt/airflow/dags/load_to_mongodb.py
[2025-11-07T22:47:50.919+0000] {processor.py:914} INFO - Processing file /opt/airflow/dags/load_to_mongodb.py for tasks to queue
[2025-11-07T22:47:50.922+0000] {logging_mixin.py:190} INFO - [2025-11-07T22:47:50.921+0000] {dagbag.py:588} INFO - Filling up the DagBag from /opt/airflow/dags/load_to_mongodb.py
[2025-11-07T22:47:51.233+0000] {processor.py:925} INFO - DAG(s) 'load_to_mongodb' retrieved from /opt/airflow/dags/load_to_mongodb.py
[2025-11-07T22:47:51.254+0000] {logging_mixin.py:190} INFO - [2025-11-07T22:47:51.254+0000] {dag.py:3239} INFO - Sync 1 DAGs
[2025-11-07T22:47:51.268+0000] {logging_mixin.py:190} INFO - [2025-11-07T22:47:51.267+0000] {dag.py:4180} INFO - Setting next_dagrun for load_to_mongodb to None, run_after=None
[2025-11-07T22:47:51.285+0000] {processor.py:208} INFO - Processing /opt/airflow/dags/load_to_mongodb.py took 0.373 seconds
[2025-11-07T22:48:22.236+0000] {processor.py:186} INFO - Started process (PID=963) to work on /opt/airflow/dags/load_to_mongodb.py
[2025-11-07T22:48:22.237+0000] {processor.py:914} INFO - Processing file /opt/airflow/dags/load_to_mongodb.py for tasks to queue
[2025-11-07T22:48:22.240+0000] {logging_mixin.py:190} INFO - [2025-11-07T22:48:22.240+0000] {dagbag.py:588} INFO - Filling up the DagBag from /opt/airflow/dags/load_to_mongodb.py
[2025-11-07T22:48:22.591+0000] {processor.py:925} INFO - DAG(s) 'load_to_mongodb' retrieved from /opt/airflow/dags/load_to_mongodb.py
[2025-11-07T22:48:22.614+0000] {logging_mixin.py:190} INFO - [2025-11-07T22:48:22.613+0000] {dag.py:3239} INFO - Sync 1 DAGs
[2025-11-07T22:48:22.629+0000] {logging_mixin.py:190} INFO - [2025-11-07T22:48:22.629+0000] {dag.py:4180} INFO - Setting next_dagrun for load_to_mongodb to None, run_after=None
[2025-11-07T22:48:22.648+0000] {processor.py:208} INFO - Processing /opt/airflow/dags/load_to_mongodb.py took 0.418 seconds
[2025-11-07T22:48:52.742+0000] {processor.py:186} INFO - Started process (PID=977) to work on /opt/airflow/dags/load_to_mongodb.py
[2025-11-07T22:48:52.743+0000] {processor.py:914} INFO - Processing file /opt/airflow/dags/load_to_mongodb.py for tasks to queue
[2025-11-07T22:48:52.745+0000] {logging_mixin.py:190} INFO - [2025-11-07T22:48:52.745+0000] {dagbag.py:588} INFO - Filling up the DagBag from /opt/airflow/dags/load_to_mongodb.py
[2025-11-07T22:48:53.079+0000] {processor.py:925} INFO - DAG(s) 'load_to_mongodb' retrieved from /opt/airflow/dags/load_to_mongodb.py
[2025-11-07T22:48:53.102+0000] {logging_mixin.py:190} INFO - [2025-11-07T22:48:53.102+0000] {dag.py:3239} INFO - Sync 1 DAGs
[2025-11-07T22:48:53.116+0000] {logging_mixin.py:190} INFO - [2025-11-07T22:48:53.116+0000] {dag.py:4180} INFO - Setting next_dagrun for load_to_mongodb to None, run_after=None
[2025-11-07T22:48:53.132+0000] {processor.py:208} INFO - Processing /opt/airflow/dags/load_to_mongodb.py took 0.397 seconds
[2025-11-07T22:49:23.226+0000] {processor.py:186} INFO - Started process (PID=990) to work on /opt/airflow/dags/load_to_mongodb.py
[2025-11-07T22:49:23.228+0000] {processor.py:914} INFO - Processing file /opt/airflow/dags/load_to_mongodb.py for tasks to queue
[2025-11-07T22:49:23.230+0000] {logging_mixin.py:190} INFO - [2025-11-07T22:49:23.229+0000] {dagbag.py:588} INFO - Filling up the DagBag from /opt/airflow/dags/load_to_mongodb.py
[2025-11-07T22:49:23.554+0000] {processor.py:925} INFO - DAG(s) 'load_to_mongodb' retrieved from /opt/airflow/dags/load_to_mongodb.py
[2025-11-07T22:49:23.579+0000] {logging_mixin.py:190} INFO - [2025-11-07T22:49:23.579+0000] {dag.py:3239} INFO - Sync 1 DAGs
[2025-11-07T22:49:23.596+0000] {logging_mixin.py:190} INFO - [2025-11-07T22:49:23.596+0000] {dag.py:4180} INFO - Setting next_dagrun for load_to_mongodb to None, run_after=None
[2025-11-07T22:49:23.617+0000] {processor.py:208} INFO - Processing /opt/airflow/dags/load_to_mongodb.py took 0.396 seconds
[2025-11-07T22:49:54.332+0000] {processor.py:186} INFO - Started process (PID=1001) to work on /opt/airflow/dags/load_to_mongodb.py
[2025-11-07T22:49:54.333+0000] {processor.py:914} INFO - Processing file /opt/airflow/dags/load_to_mongodb.py for tasks to queue
[2025-11-07T22:49:54.335+0000] {logging_mixin.py:190} INFO - [2025-11-07T22:49:54.335+0000] {dagbag.py:588} INFO - Filling up the DagBag from /opt/airflow/dags/load_to_mongodb.py
[2025-11-07T22:49:54.659+0000] {processor.py:925} INFO - DAG(s) 'load_to_mongodb' retrieved from /opt/airflow/dags/load_to_mongodb.py
[2025-11-07T22:49:54.686+0000] {logging_mixin.py:190} INFO - [2025-11-07T22:49:54.686+0000] {dag.py:3239} INFO - Sync 1 DAGs
[2025-11-07T22:49:54.702+0000] {logging_mixin.py:190} INFO - [2025-11-07T22:49:54.702+0000] {dag.py:4180} INFO - Setting next_dagrun for load_to_mongodb to None, run_after=None
[2025-11-07T22:49:54.723+0000] {processor.py:208} INFO - Processing /opt/airflow/dags/load_to_mongodb.py took 0.396 seconds
[2025-11-07T22:50:24.774+0000] {processor.py:186} INFO - Started process (PID=1012) to work on /opt/airflow/dags/load_to_mongodb.py
[2025-11-07T22:50:24.775+0000] {processor.py:914} INFO - Processing file /opt/airflow/dags/load_to_mongodb.py for tasks to queue
[2025-11-07T22:50:24.778+0000] {logging_mixin.py:190} INFO - [2025-11-07T22:50:24.778+0000] {dagbag.py:588} INFO - Filling up the DagBag from /opt/airflow/dags/load_to_mongodb.py
[2025-11-07T22:50:25.125+0000] {processor.py:925} INFO - DAG(s) 'load_to_mongodb' retrieved from /opt/airflow/dags/load_to_mongodb.py
[2025-11-07T22:50:25.149+0000] {logging_mixin.py:190} INFO - [2025-11-07T22:50:25.149+0000] {dag.py:3239} INFO - Sync 1 DAGs
[2025-11-07T22:50:25.163+0000] {logging_mixin.py:190} INFO - [2025-11-07T22:50:25.162+0000] {dag.py:4180} INFO - Setting next_dagrun for load_to_mongodb to None, run_after=None
[2025-11-07T22:50:25.178+0000] {processor.py:208} INFO - Processing /opt/airflow/dags/load_to_mongodb.py took 0.410 seconds
[2025-11-07T22:50:55.483+0000] {processor.py:186} INFO - Started process (PID=1023) to work on /opt/airflow/dags/load_to_mongodb.py
[2025-11-07T22:50:55.484+0000] {processor.py:914} INFO - Processing file /opt/airflow/dags/load_to_mongodb.py for tasks to queue
[2025-11-07T22:50:55.487+0000] {logging_mixin.py:190} INFO - [2025-11-07T22:50:55.486+0000] {dagbag.py:588} INFO - Filling up the DagBag from /opt/airflow/dags/load_to_mongodb.py
[2025-11-07T22:50:55.799+0000] {processor.py:925} INFO - DAG(s) 'load_to_mongodb' retrieved from /opt/airflow/dags/load_to_mongodb.py
[2025-11-07T22:50:55.822+0000] {logging_mixin.py:190} INFO - [2025-11-07T22:50:55.822+0000] {dag.py:3239} INFO - Sync 1 DAGs
[2025-11-07T22:50:55.836+0000] {logging_mixin.py:190} INFO - [2025-11-07T22:50:55.835+0000] {dag.py:4180} INFO - Setting next_dagrun for load_to_mongodb to None, run_after=None
[2025-11-07T22:50:55.852+0000] {processor.py:208} INFO - Processing /opt/airflow/dags/load_to_mongodb.py took 0.374 seconds
[2025-11-07T22:51:26.195+0000] {processor.py:186} INFO - Started process (PID=1034) to work on /opt/airflow/dags/load_to_mongodb.py
[2025-11-07T22:51:26.196+0000] {processor.py:914} INFO - Processing file /opt/airflow/dags/load_to_mongodb.py for tasks to queue
[2025-11-07T22:51:26.198+0000] {logging_mixin.py:190} INFO - [2025-11-07T22:51:26.198+0000] {dagbag.py:588} INFO - Filling up the DagBag from /opt/airflow/dags/load_to_mongodb.py
[2025-11-07T22:51:26.511+0000] {processor.py:925} INFO - DAG(s) 'load_to_mongodb' retrieved from /opt/airflow/dags/load_to_mongodb.py
[2025-11-07T22:51:26.533+0000] {logging_mixin.py:190} INFO - [2025-11-07T22:51:26.533+0000] {dag.py:3239} INFO - Sync 1 DAGs
[2025-11-07T22:51:26.545+0000] {logging_mixin.py:190} INFO - [2025-11-07T22:51:26.545+0000] {dag.py:4180} INFO - Setting next_dagrun for load_to_mongodb to None, run_after=None
[2025-11-07T22:51:26.560+0000] {processor.py:208} INFO - Processing /opt/airflow/dags/load_to_mongodb.py took 0.371 seconds
[2025-11-07T22:51:57.476+0000] {processor.py:186} INFO - Started process (PID=1045) to work on /opt/airflow/dags/load_to_mongodb.py
[2025-11-07T22:51:57.476+0000] {processor.py:914} INFO - Processing file /opt/airflow/dags/load_to_mongodb.py for tasks to queue
[2025-11-07T22:51:57.479+0000] {logging_mixin.py:190} INFO - [2025-11-07T22:51:57.479+0000] {dagbag.py:588} INFO - Filling up the DagBag from /opt/airflow/dags/load_to_mongodb.py
[2025-11-07T22:51:58.002+0000] {processor.py:925} INFO - DAG(s) 'load_to_mongodb' retrieved from /opt/airflow/dags/load_to_mongodb.py
[2025-11-07T22:51:58.070+0000] {logging_mixin.py:190} INFO - [2025-11-07T22:51:58.069+0000] {dag.py:3239} INFO - Sync 1 DAGs
[2025-11-07T22:51:58.139+0000] {logging_mixin.py:190} INFO - [2025-11-07T22:51:58.138+0000] {dag.py:4180} INFO - Setting next_dagrun for load_to_mongodb to None, run_after=None
[2025-11-07T22:51:58.161+0000] {processor.py:208} INFO - Processing /opt/airflow/dags/load_to_mongodb.py took 0.691 seconds
[2025-11-07T22:52:28.736+0000] {processor.py:186} INFO - Started process (PID=1056) to work on /opt/airflow/dags/load_to_mongodb.py
[2025-11-07T22:52:28.737+0000] {processor.py:914} INFO - Processing file /opt/airflow/dags/load_to_mongodb.py for tasks to queue
[2025-11-07T22:52:28.740+0000] {logging_mixin.py:190} INFO - [2025-11-07T22:52:28.739+0000] {dagbag.py:588} INFO - Filling up the DagBag from /opt/airflow/dags/load_to_mongodb.py
[2025-11-07T22:52:29.059+0000] {processor.py:925} INFO - DAG(s) 'load_to_mongodb' retrieved from /opt/airflow/dags/load_to_mongodb.py
[2025-11-07T22:52:29.082+0000] {logging_mixin.py:190} INFO - [2025-11-07T22:52:29.082+0000] {dag.py:3239} INFO - Sync 1 DAGs
[2025-11-07T22:52:29.097+0000] {logging_mixin.py:190} INFO - [2025-11-07T22:52:29.097+0000] {dag.py:4180} INFO - Setting next_dagrun for load_to_mongodb to None, run_after=None
[2025-11-07T22:52:29.115+0000] {processor.py:208} INFO - Processing /opt/airflow/dags/load_to_mongodb.py took 0.386 seconds
[2025-11-07T22:53:00.067+0000] {processor.py:186} INFO - Started process (PID=1067) to work on /opt/airflow/dags/load_to_mongodb.py
[2025-11-07T22:53:00.068+0000] {processor.py:914} INFO - Processing file /opt/airflow/dags/load_to_mongodb.py for tasks to queue
[2025-11-07T22:53:00.071+0000] {logging_mixin.py:190} INFO - [2025-11-07T22:53:00.070+0000] {dagbag.py:588} INFO - Filling up the DagBag from /opt/airflow/dags/load_to_mongodb.py
[2025-11-07T22:53:00.388+0000] {processor.py:925} INFO - DAG(s) 'load_to_mongodb' retrieved from /opt/airflow/dags/load_to_mongodb.py
[2025-11-07T22:53:00.410+0000] {logging_mixin.py:190} INFO - [2025-11-07T22:53:00.409+0000] {dag.py:3239} INFO - Sync 1 DAGs
[2025-11-07T22:53:00.422+0000] {logging_mixin.py:190} INFO - [2025-11-07T22:53:00.422+0000] {dag.py:4180} INFO - Setting next_dagrun for load_to_mongodb to None, run_after=None
[2025-11-07T22:53:00.436+0000] {processor.py:208} INFO - Processing /opt/airflow/dags/load_to_mongodb.py took 0.374 seconds
[2025-11-07T22:53:31.214+0000] {processor.py:186} INFO - Started process (PID=1078) to work on /opt/airflow/dags/load_to_mongodb.py
[2025-11-07T22:53:31.215+0000] {processor.py:914} INFO - Processing file /opt/airflow/dags/load_to_mongodb.py for tasks to queue
[2025-11-07T22:53:31.218+0000] {logging_mixin.py:190} INFO - [2025-11-07T22:53:31.218+0000] {dagbag.py:588} INFO - Filling up the DagBag from /opt/airflow/dags/load_to_mongodb.py
[2025-11-07T22:53:31.540+0000] {processor.py:925} INFO - DAG(s) 'load_to_mongodb' retrieved from /opt/airflow/dags/load_to_mongodb.py
[2025-11-07T22:53:31.562+0000] {logging_mixin.py:190} INFO - [2025-11-07T22:53:31.562+0000] {dag.py:3239} INFO - Sync 1 DAGs
[2025-11-07T22:53:31.576+0000] {logging_mixin.py:190} INFO - [2025-11-07T22:53:31.576+0000] {dag.py:4180} INFO - Setting next_dagrun for load_to_mongodb to None, run_after=None
[2025-11-07T22:53:31.594+0000] {processor.py:208} INFO - Processing /opt/airflow/dags/load_to_mongodb.py took 0.386 seconds
[2025-11-07T22:54:02.504+0000] {processor.py:186} INFO - Started process (PID=1089) to work on /opt/airflow/dags/load_to_mongodb.py
[2025-11-07T22:54:02.505+0000] {processor.py:914} INFO - Processing file /opt/airflow/dags/load_to_mongodb.py for tasks to queue
[2025-11-07T22:54:02.507+0000] {logging_mixin.py:190} INFO - [2025-11-07T22:54:02.507+0000] {dagbag.py:588} INFO - Filling up the DagBag from /opt/airflow/dags/load_to_mongodb.py
[2025-11-07T22:54:02.865+0000] {processor.py:925} INFO - DAG(s) 'load_to_mongodb' retrieved from /opt/airflow/dags/load_to_mongodb.py
[2025-11-07T22:54:02.887+0000] {logging_mixin.py:190} INFO - [2025-11-07T22:54:02.887+0000] {dag.py:3239} INFO - Sync 1 DAGs
[2025-11-07T22:54:02.900+0000] {logging_mixin.py:190} INFO - [2025-11-07T22:54:02.899+0000] {dag.py:4180} INFO - Setting next_dagrun for load_to_mongodb to None, run_after=None
[2025-11-07T22:54:02.917+0000] {processor.py:208} INFO - Processing /opt/airflow/dags/load_to_mongodb.py took 0.420 seconds
[2025-11-07T22:54:33.060+0000] {processor.py:186} INFO - Started process (PID=1100) to work on /opt/airflow/dags/load_to_mongodb.py
[2025-11-07T22:54:33.061+0000] {processor.py:914} INFO - Processing file /opt/airflow/dags/load_to_mongodb.py for tasks to queue
[2025-11-07T22:54:33.064+0000] {logging_mixin.py:190} INFO - [2025-11-07T22:54:33.063+0000] {dagbag.py:588} INFO - Filling up the DagBag from /opt/airflow/dags/load_to_mongodb.py
[2025-11-07T22:54:33.405+0000] {processor.py:925} INFO - DAG(s) 'load_to_mongodb' retrieved from /opt/airflow/dags/load_to_mongodb.py
[2025-11-07T22:54:33.430+0000] {logging_mixin.py:190} INFO - [2025-11-07T22:54:33.430+0000] {dag.py:3239} INFO - Sync 1 DAGs
[2025-11-07T22:54:33.487+0000] {logging_mixin.py:190} INFO - [2025-11-07T22:54:33.487+0000] {dag.py:4180} INFO - Setting next_dagrun for load_to_mongodb to None, run_after=None
[2025-11-07T22:54:33.584+0000] {processor.py:208} INFO - Processing /opt/airflow/dags/load_to_mongodb.py took 0.530 seconds
[2025-11-07T22:55:04.125+0000] {processor.py:186} INFO - Started process (PID=1111) to work on /opt/airflow/dags/load_to_mongodb.py
[2025-11-07T22:55:04.126+0000] {processor.py:914} INFO - Processing file /opt/airflow/dags/load_to_mongodb.py for tasks to queue
[2025-11-07T22:55:04.129+0000] {logging_mixin.py:190} INFO - [2025-11-07T22:55:04.128+0000] {dagbag.py:588} INFO - Filling up the DagBag from /opt/airflow/dags/load_to_mongodb.py
[2025-11-07T22:55:04.454+0000] {processor.py:925} INFO - DAG(s) 'load_to_mongodb' retrieved from /opt/airflow/dags/load_to_mongodb.py
[2025-11-07T22:55:04.476+0000] {logging_mixin.py:190} INFO - [2025-11-07T22:55:04.476+0000] {dag.py:3239} INFO - Sync 1 DAGs
[2025-11-07T22:55:04.490+0000] {logging_mixin.py:190} INFO - [2025-11-07T22:55:04.489+0000] {dag.py:4180} INFO - Setting next_dagrun for load_to_mongodb to None, run_after=None
[2025-11-07T22:55:04.505+0000] {processor.py:208} INFO - Processing /opt/airflow/dags/load_to_mongodb.py took 0.386 seconds
