[2025-12-23T00:00:04.003+0000] {local_task_job_runner.py:123} INFO - ::group::Pre task execution logs
[2025-12-23T00:00:04.017+0000] {taskinstance.py:2612} INFO - Dependencies all met for dep_context=non-requeueable deps ti=<TaskInstance: etl_pipeline.load_to_mongodb scheduled__2025-12-22T00:00:00+00:00 [queued]>
[2025-12-23T00:00:04.023+0000] {taskinstance.py:2612} INFO - Dependencies all met for dep_context=requeueable deps ti=<TaskInstance: etl_pipeline.load_to_mongodb scheduled__2025-12-22T00:00:00+00:00 [queued]>
[2025-12-23T00:00:04.024+0000] {taskinstance.py:2865} INFO - Starting attempt 1 of 1
[2025-12-23T00:00:04.033+0000] {taskinstance.py:2888} INFO - Executing <Task(BashOperator): load_to_mongodb> on 2025-12-22 00:00:00+00:00
[2025-12-23T00:00:04.040+0000] {standard_task_runner.py:104} INFO - Running: ['***', 'tasks', 'run', 'etl_pipeline', 'load_to_mongodb', 'scheduled__2025-12-22T00:00:00+00:00', '--job-id', '14', '--raw', '--subdir', 'DAGS_FOLDER/etl_pipeline_dag.py', '--cfg-path', '/tmp/tmpvd2rdt99']
[2025-12-23T00:00:04.043+0000] {standard_task_runner.py:105} INFO - Job 14: Subtask load_to_mongodb
[2025-12-23T00:00:04.047+0000] {logging_mixin.py:190} WARNING - /home/***/.local/lib/python3.12/site-packages/***/task/task_runner/standard_task_runner.py:70 DeprecationWarning: This process (pid=857) is multi-threaded, use of fork() may lead to deadlocks in the child.
[2025-12-23T00:00:04.047+0000] {standard_task_runner.py:72} INFO - Started process 859 to run task
[2025-12-23T00:00:04.085+0000] {task_command.py:467} INFO - Running <TaskInstance: etl_pipeline.load_to_mongodb scheduled__2025-12-22T00:00:00+00:00 [running]> on host f04ce2bff625
[2025-12-23T00:00:04.154+0000] {taskinstance.py:3131} INFO - Exporting env vars: AIRFLOW_CTX_DAG_OWNER='***' AIRFLOW_CTX_DAG_ID='etl_pipeline' AIRFLOW_CTX_TASK_ID='load_to_mongodb' AIRFLOW_CTX_EXECUTION_DATE='2025-12-22T00:00:00+00:00' AIRFLOW_CTX_TRY_NUMBER='1' AIRFLOW_CTX_DAG_RUN_ID='scheduled__2025-12-22T00:00:00+00:00'
[2025-12-23T00:00:04.155+0000] {taskinstance.py:731} INFO - ::endgroup::
[2025-12-23T00:00:04.168+0000] {subprocess.py:63} INFO - Tmp dir root location: /tmp
[2025-12-23T00:00:04.169+0000] {subprocess.py:75} INFO - Running command: ['/usr/bin/bash', '-c', 'python /opt/***/dags/scripts/load_to_mongodb.py']
[2025-12-23T00:00:04.180+0000] {subprocess.py:86} INFO - Output:
[2025-12-23T00:00:06.393+0000] {subprocess.py:93} INFO - /opt/***/dags/scripts/load_to_mongodb.py:33 RemovedInAirflow3Warning: Param `schedule_interval` is deprecated and will be removed in a future release. Please use `schedule` instead.
[2025-12-23T00:00:06.722+0000] {subprocess.py:97} INFO - Command exited with return code 0
[2025-12-23T00:00:06.746+0000] {taskinstance.py:340} INFO - ::group::Post task execution logs
[2025-12-23T00:00:06.746+0000] {taskinstance.py:352} INFO - Marking task as SUCCESS. dag_id=etl_pipeline, task_id=load_to_mongodb, run_id=scheduled__2025-12-22T00:00:00+00:00, execution_date=20251222T000000, start_date=20251223T000004, end_date=20251223T000006
[2025-12-23T00:00:06.798+0000] {local_task_job_runner.py:266} INFO - Task exited with return code 0
[2025-12-23T00:00:06.811+0000] {taskinstance.py:3900} INFO - 0 downstream tasks scheduled from follow-on schedule check
[2025-12-23T00:00:06.813+0000] {local_task_job_runner.py:245} INFO - ::endgroup::
