[2025-11-11T23:29:59.116+0000] {local_task_job_runner.py:123} INFO - ::group::Pre task execution logs
[2025-11-11T23:29:59.132+0000] {taskinstance.py:2612} INFO - Dependencies all met for dep_context=non-requeueable deps ti=<TaskInstance: etl_pipeline.load_to_mongodb manual__2025-11-11T23:29:54.332196+00:00 [queued]>
[2025-11-11T23:29:59.139+0000] {taskinstance.py:2612} INFO - Dependencies all met for dep_context=requeueable deps ti=<TaskInstance: etl_pipeline.load_to_mongodb manual__2025-11-11T23:29:54.332196+00:00 [queued]>
[2025-11-11T23:29:59.139+0000] {taskinstance.py:2865} INFO - Starting attempt 1 of 1
[2025-11-11T23:29:59.150+0000] {taskinstance.py:2888} INFO - Executing <Task(BashOperator): load_to_mongodb> on 2025-11-11 23:29:54.332196+00:00
[2025-11-11T23:29:59.158+0000] {standard_task_runner.py:104} INFO - Running: ['***', 'tasks', 'run', 'etl_pipeline', 'load_to_mongodb', 'manual__2025-11-11T23:29:54.332196+00:00', '--job-id', '32', '--raw', '--subdir', 'DAGS_FOLDER/etl_pipeline_dag.py', '--cfg-path', '/tmp/tmp4jyz8ugh']
[2025-11-11T23:29:59.160+0000] {standard_task_runner.py:105} INFO - Job 32: Subtask load_to_mongodb
[2025-11-11T23:29:59.161+0000] {logging_mixin.py:190} WARNING - /home/***/.local/lib/python3.12/site-packages/***/task/task_runner/standard_task_runner.py:70 DeprecationWarning: This process (pid=522) is multi-threaded, use of fork() may lead to deadlocks in the child.
[2025-11-11T23:29:59.161+0000] {standard_task_runner.py:72} INFO - Started process 525 to run task
[2025-11-11T23:29:59.202+0000] {task_command.py:467} INFO - Running <TaskInstance: etl_pipeline.load_to_mongodb manual__2025-11-11T23:29:54.332196+00:00 [running]> on host b4c6e0d2ed01
[2025-11-11T23:29:59.267+0000] {taskinstance.py:3131} INFO - Exporting env vars: AIRFLOW_CTX_DAG_OWNER='***' AIRFLOW_CTX_DAG_ID='etl_pipeline' AIRFLOW_CTX_TASK_ID='load_to_mongodb' AIRFLOW_CTX_EXECUTION_DATE='2025-11-11T23:29:54.332196+00:00' AIRFLOW_CTX_TRY_NUMBER='1' AIRFLOW_CTX_DAG_RUN_ID='manual__2025-11-11T23:29:54.332196+00:00'
[2025-11-11T23:29:59.268+0000] {taskinstance.py:731} INFO - ::endgroup::
[2025-11-11T23:29:59.285+0000] {subprocess.py:63} INFO - Tmp dir root location: /tmp
[2025-11-11T23:29:59.286+0000] {subprocess.py:75} INFO - Running command: ['/usr/bin/bash', '-c', 'python /opt/***/dags/scripts/load_to_mongodb.py']
[2025-11-11T23:29:59.298+0000] {subprocess.py:86} INFO - Output:
[2025-11-11T23:30:01.594+0000] {subprocess.py:93} INFO - /opt/***/dags/scripts/load_to_mongodb.py:33 RemovedInAirflow3Warning: Param `schedule_interval` is deprecated and will be removed in a future release. Please use `schedule` instead.
[2025-11-11T23:30:01.956+0000] {subprocess.py:97} INFO - Command exited with return code 0
[2025-11-11T23:30:01.977+0000] {taskinstance.py:340} INFO - ::group::Post task execution logs
[2025-11-11T23:30:01.978+0000] {taskinstance.py:352} INFO - Marking task as SUCCESS. dag_id=etl_pipeline, task_id=load_to_mongodb, run_id=manual__2025-11-11T23:29:54.332196+00:00, execution_date=20251111T232954, start_date=20251111T232959, end_date=20251111T233001
[2025-11-11T23:30:02.028+0000] {local_task_job_runner.py:266} INFO - Task exited with return code 0
[2025-11-11T23:30:02.042+0000] {taskinstance.py:3900} INFO - 0 downstream tasks scheduled from follow-on schedule check
[2025-11-11T23:30:02.044+0000] {local_task_job_runner.py:245} INFO - ::endgroup::
