[2025-12-22T23:49:54.325+0000] {processor.py:186} INFO - Started process (PID=201) to work on /opt/airflow/dags/etl_pipeline_dag.py
[2025-12-22T23:49:54.326+0000] {processor.py:914} INFO - Processing file /opt/airflow/dags/etl_pipeline_dag.py for tasks to queue
[2025-12-22T23:49:54.329+0000] {logging_mixin.py:190} INFO - [2025-12-22T23:49:54.328+0000] {dagbag.py:588} INFO - Filling up the DagBag from /opt/airflow/dags/etl_pipeline_dag.py
[2025-12-22T23:49:54.361+0000] {processor.py:925} INFO - DAG(s) 'etl_pipeline' retrieved from /opt/airflow/dags/etl_pipeline_dag.py
[2025-12-22T23:49:54.567+0000] {logging_mixin.py:190} INFO - [2025-12-22T23:49:54.567+0000] {override.py:1900} INFO - Created Permission View: can read on DAG:etl_pipeline
[2025-12-22T23:49:54.574+0000] {logging_mixin.py:190} INFO - [2025-12-22T23:49:54.574+0000] {override.py:1900} INFO - Created Permission View: can delete on DAG:etl_pipeline
[2025-12-22T23:49:54.579+0000] {logging_mixin.py:190} INFO - [2025-12-22T23:49:54.579+0000] {override.py:1900} INFO - Created Permission View: can edit on DAG:etl_pipeline
[2025-12-22T23:49:54.584+0000] {logging_mixin.py:190} INFO - [2025-12-22T23:49:54.583+0000] {override.py:1900} INFO - Created Permission View: can create on DAG Run:etl_pipeline
[2025-12-22T23:49:54.589+0000] {logging_mixin.py:190} INFO - [2025-12-22T23:49:54.589+0000] {override.py:1900} INFO - Created Permission View: can read on DAG Run:etl_pipeline
[2025-12-22T23:49:54.594+0000] {logging_mixin.py:190} INFO - [2025-12-22T23:49:54.594+0000] {override.py:1900} INFO - Created Permission View: menu access on DAG Run:etl_pipeline
[2025-12-22T23:49:54.599+0000] {logging_mixin.py:190} INFO - [2025-12-22T23:49:54.599+0000] {override.py:1900} INFO - Created Permission View: can delete on DAG Run:etl_pipeline
[2025-12-22T23:49:54.599+0000] {logging_mixin.py:190} INFO - [2025-12-22T23:49:54.599+0000] {dag.py:3239} INFO - Sync 1 DAGs
[2025-12-22T23:49:54.609+0000] {logging_mixin.py:190} INFO - [2025-12-22T23:49:54.609+0000] {dag.py:3262} INFO - Creating ORM DAG for etl_pipeline
[2025-12-22T23:49:54.618+0000] {logging_mixin.py:190} INFO - [2025-12-22T23:49:54.618+0000] {dag.py:4180} INFO - Setting next_dagrun for etl_pipeline to 2025-12-21 00:00:00+00:00, run_after=2025-12-22 00:00:00+00:00
[2025-12-22T23:49:54.632+0000] {processor.py:208} INFO - Processing /opt/airflow/dags/etl_pipeline_dag.py took 0.315 seconds
[2025-12-22T23:50:25.136+0000] {processor.py:186} INFO - Started process (PID=224) to work on /opt/airflow/dags/etl_pipeline_dag.py
[2025-12-22T23:50:25.137+0000] {processor.py:914} INFO - Processing file /opt/airflow/dags/etl_pipeline_dag.py for tasks to queue
[2025-12-22T23:50:25.140+0000] {logging_mixin.py:190} INFO - [2025-12-22T23:50:25.139+0000] {dagbag.py:588} INFO - Filling up the DagBag from /opt/airflow/dags/etl_pipeline_dag.py
[2025-12-22T23:50:25.158+0000] {processor.py:925} INFO - DAG(s) 'etl_pipeline' retrieved from /opt/airflow/dags/etl_pipeline_dag.py
[2025-12-22T23:50:25.182+0000] {logging_mixin.py:190} INFO - [2025-12-22T23:50:25.182+0000] {dag.py:3239} INFO - Sync 1 DAGs
[2025-12-22T23:50:25.204+0000] {logging_mixin.py:190} INFO - [2025-12-22T23:50:25.204+0000] {dag.py:4180} INFO - Setting next_dagrun for etl_pipeline to 2025-12-21 00:00:00+00:00, run_after=2025-12-22 00:00:00+00:00
[2025-12-22T23:50:25.220+0000] {processor.py:208} INFO - Processing /opt/airflow/dags/etl_pipeline_dag.py took 0.090 seconds
[2025-12-22T23:50:56.276+0000] {processor.py:186} INFO - Started process (PID=247) to work on /opt/airflow/dags/etl_pipeline_dag.py
[2025-12-22T23:50:56.277+0000] {processor.py:914} INFO - Processing file /opt/airflow/dags/etl_pipeline_dag.py for tasks to queue
[2025-12-22T23:50:56.280+0000] {logging_mixin.py:190} INFO - [2025-12-22T23:50:56.279+0000] {dagbag.py:588} INFO - Filling up the DagBag from /opt/airflow/dags/etl_pipeline_dag.py
[2025-12-22T23:50:56.299+0000] {processor.py:925} INFO - DAG(s) 'etl_pipeline' retrieved from /opt/airflow/dags/etl_pipeline_dag.py
[2025-12-22T23:50:56.325+0000] {logging_mixin.py:190} INFO - [2025-12-22T23:50:56.325+0000] {dag.py:3239} INFO - Sync 1 DAGs
[2025-12-22T23:50:56.344+0000] {logging_mixin.py:190} INFO - [2025-12-22T23:50:56.344+0000] {dag.py:4180} INFO - Setting next_dagrun for etl_pipeline to 2025-12-21 00:00:00+00:00, run_after=2025-12-22 00:00:00+00:00
[2025-12-22T23:50:56.359+0000] {processor.py:208} INFO - Processing /opt/airflow/dags/etl_pipeline_dag.py took 0.089 seconds
[2025-12-22T23:51:27.239+0000] {processor.py:186} INFO - Started process (PID=270) to work on /opt/airflow/dags/etl_pipeline_dag.py
[2025-12-22T23:51:27.240+0000] {processor.py:914} INFO - Processing file /opt/airflow/dags/etl_pipeline_dag.py for tasks to queue
[2025-12-22T23:51:27.243+0000] {logging_mixin.py:190} INFO - [2025-12-22T23:51:27.242+0000] {dagbag.py:588} INFO - Filling up the DagBag from /opt/airflow/dags/etl_pipeline_dag.py
[2025-12-22T23:51:27.264+0000] {processor.py:925} INFO - DAG(s) 'etl_pipeline' retrieved from /opt/airflow/dags/etl_pipeline_dag.py
[2025-12-22T23:51:27.292+0000] {logging_mixin.py:190} INFO - [2025-12-22T23:51:27.292+0000] {dag.py:3239} INFO - Sync 1 DAGs
[2025-12-22T23:51:27.315+0000] {logging_mixin.py:190} INFO - [2025-12-22T23:51:27.315+0000] {dag.py:4180} INFO - Setting next_dagrun for etl_pipeline to 2025-12-21 00:00:00+00:00, run_after=2025-12-22 00:00:00+00:00
[2025-12-22T23:51:27.331+0000] {processor.py:208} INFO - Processing /opt/airflow/dags/etl_pipeline_dag.py took 0.099 seconds
[2025-12-22T23:51:58.166+0000] {processor.py:186} INFO - Started process (PID=293) to work on /opt/airflow/dags/etl_pipeline_dag.py
[2025-12-22T23:51:58.167+0000] {processor.py:914} INFO - Processing file /opt/airflow/dags/etl_pipeline_dag.py for tasks to queue
[2025-12-22T23:51:58.169+0000] {logging_mixin.py:190} INFO - [2025-12-22T23:51:58.168+0000] {dagbag.py:588} INFO - Filling up the DagBag from /opt/airflow/dags/etl_pipeline_dag.py
[2025-12-22T23:51:58.186+0000] {processor.py:925} INFO - DAG(s) 'etl_pipeline' retrieved from /opt/airflow/dags/etl_pipeline_dag.py
[2025-12-22T23:51:58.210+0000] {logging_mixin.py:190} INFO - [2025-12-22T23:51:58.210+0000] {dag.py:3239} INFO - Sync 1 DAGs
[2025-12-22T23:51:58.230+0000] {logging_mixin.py:190} INFO - [2025-12-22T23:51:58.230+0000] {dag.py:4180} INFO - Setting next_dagrun for etl_pipeline to 2025-12-21 00:00:00+00:00, run_after=2025-12-22 00:00:00+00:00
[2025-12-22T23:51:58.245+0000] {processor.py:208} INFO - Processing /opt/airflow/dags/etl_pipeline_dag.py took 0.085 seconds
[2025-12-22T23:52:29.161+0000] {processor.py:186} INFO - Started process (PID=316) to work on /opt/airflow/dags/etl_pipeline_dag.py
[2025-12-22T23:52:29.162+0000] {processor.py:914} INFO - Processing file /opt/airflow/dags/etl_pipeline_dag.py for tasks to queue
[2025-12-22T23:52:29.165+0000] {logging_mixin.py:190} INFO - [2025-12-22T23:52:29.164+0000] {dagbag.py:588} INFO - Filling up the DagBag from /opt/airflow/dags/etl_pipeline_dag.py
[2025-12-22T23:52:29.184+0000] {processor.py:925} INFO - DAG(s) 'etl_pipeline' retrieved from /opt/airflow/dags/etl_pipeline_dag.py
[2025-12-22T23:52:29.211+0000] {logging_mixin.py:190} INFO - [2025-12-22T23:52:29.211+0000] {dag.py:3239} INFO - Sync 1 DAGs
[2025-12-22T23:52:29.236+0000] {logging_mixin.py:190} INFO - [2025-12-22T23:52:29.236+0000] {dag.py:4180} INFO - Setting next_dagrun for etl_pipeline to 2025-12-21 00:00:00+00:00, run_after=2025-12-22 00:00:00+00:00
[2025-12-22T23:52:29.259+0000] {processor.py:208} INFO - Processing /opt/airflow/dags/etl_pipeline_dag.py took 0.104 seconds
[2025-12-22T23:53:00.062+0000] {processor.py:186} INFO - Started process (PID=339) to work on /opt/airflow/dags/etl_pipeline_dag.py
[2025-12-22T23:53:00.063+0000] {processor.py:914} INFO - Processing file /opt/airflow/dags/etl_pipeline_dag.py for tasks to queue
[2025-12-22T23:53:00.065+0000] {logging_mixin.py:190} INFO - [2025-12-22T23:53:00.065+0000] {dagbag.py:588} INFO - Filling up the DagBag from /opt/airflow/dags/etl_pipeline_dag.py
[2025-12-22T23:53:00.082+0000] {processor.py:925} INFO - DAG(s) 'etl_pipeline' retrieved from /opt/airflow/dags/etl_pipeline_dag.py
[2025-12-22T23:53:00.104+0000] {logging_mixin.py:190} INFO - [2025-12-22T23:53:00.104+0000] {dag.py:3239} INFO - Sync 1 DAGs
[2025-12-22T23:53:00.123+0000] {logging_mixin.py:190} INFO - [2025-12-22T23:53:00.123+0000] {dag.py:4180} INFO - Setting next_dagrun for etl_pipeline to 2025-12-21 00:00:00+00:00, run_after=2025-12-22 00:00:00+00:00
[2025-12-22T23:53:00.137+0000] {processor.py:208} INFO - Processing /opt/airflow/dags/etl_pipeline_dag.py took 0.080 seconds
[2025-12-22T23:53:31.072+0000] {processor.py:186} INFO - Started process (PID=362) to work on /opt/airflow/dags/etl_pipeline_dag.py
[2025-12-22T23:53:31.074+0000] {processor.py:914} INFO - Processing file /opt/airflow/dags/etl_pipeline_dag.py for tasks to queue
[2025-12-22T23:53:31.076+0000] {logging_mixin.py:190} INFO - [2025-12-22T23:53:31.076+0000] {dagbag.py:588} INFO - Filling up the DagBag from /opt/airflow/dags/etl_pipeline_dag.py
[2025-12-22T23:53:31.096+0000] {processor.py:925} INFO - DAG(s) 'etl_pipeline' retrieved from /opt/airflow/dags/etl_pipeline_dag.py
[2025-12-22T23:53:31.122+0000] {logging_mixin.py:190} INFO - [2025-12-22T23:53:31.122+0000] {dag.py:3239} INFO - Sync 1 DAGs
[2025-12-22T23:53:31.147+0000] {logging_mixin.py:190} INFO - [2025-12-22T23:53:31.147+0000] {dag.py:4180} INFO - Setting next_dagrun for etl_pipeline to 2025-12-21 00:00:00+00:00, run_after=2025-12-22 00:00:00+00:00
[2025-12-22T23:53:31.170+0000] {processor.py:208} INFO - Processing /opt/airflow/dags/etl_pipeline_dag.py took 0.104 seconds
[2025-12-22T23:54:02.129+0000] {processor.py:186} INFO - Started process (PID=392) to work on /opt/airflow/dags/etl_pipeline_dag.py
[2025-12-22T23:54:02.130+0000] {processor.py:914} INFO - Processing file /opt/airflow/dags/etl_pipeline_dag.py for tasks to queue
[2025-12-22T23:54:02.133+0000] {logging_mixin.py:190} INFO - [2025-12-22T23:54:02.133+0000] {dagbag.py:588} INFO - Filling up the DagBag from /opt/airflow/dags/etl_pipeline_dag.py
[2025-12-22T23:54:02.153+0000] {processor.py:925} INFO - DAG(s) 'etl_pipeline' retrieved from /opt/airflow/dags/etl_pipeline_dag.py
[2025-12-22T23:54:02.177+0000] {logging_mixin.py:190} INFO - [2025-12-22T23:54:02.177+0000] {dag.py:3239} INFO - Sync 1 DAGs
[2025-12-22T23:54:02.198+0000] {logging_mixin.py:190} INFO - [2025-12-22T23:54:02.197+0000] {dag.py:4180} INFO - Setting next_dagrun for etl_pipeline to 2025-12-21 00:00:00+00:00, run_after=2025-12-22 00:00:00+00:00
[2025-12-22T23:54:02.213+0000] {processor.py:208} INFO - Processing /opt/airflow/dags/etl_pipeline_dag.py took 0.089 seconds
[2025-12-22T23:54:33.021+0000] {processor.py:186} INFO - Started process (PID=575) to work on /opt/airflow/dags/etl_pipeline_dag.py
[2025-12-22T23:54:33.022+0000] {processor.py:914} INFO - Processing file /opt/airflow/dags/etl_pipeline_dag.py for tasks to queue
[2025-12-22T23:54:33.025+0000] {logging_mixin.py:190} INFO - [2025-12-22T23:54:33.024+0000] {dagbag.py:588} INFO - Filling up the DagBag from /opt/airflow/dags/etl_pipeline_dag.py
[2025-12-22T23:54:33.047+0000] {processor.py:925} INFO - DAG(s) 'etl_pipeline' retrieved from /opt/airflow/dags/etl_pipeline_dag.py
[2025-12-22T23:54:33.071+0000] {logging_mixin.py:190} INFO - [2025-12-22T23:54:33.071+0000] {dag.py:3239} INFO - Sync 1 DAGs
[2025-12-22T23:54:33.092+0000] {logging_mixin.py:190} INFO - [2025-12-22T23:54:33.092+0000] {dag.py:4180} INFO - Setting next_dagrun for etl_pipeline to 2025-12-22 00:00:00+00:00, run_after=2025-12-23 00:00:00+00:00
[2025-12-22T23:54:33.109+0000] {processor.py:208} INFO - Processing /opt/airflow/dags/etl_pipeline_dag.py took 0.094 seconds
[2025-12-22T23:55:03.904+0000] {processor.py:186} INFO - Started process (PID=598) to work on /opt/airflow/dags/etl_pipeline_dag.py
[2025-12-22T23:55:03.905+0000] {processor.py:914} INFO - Processing file /opt/airflow/dags/etl_pipeline_dag.py for tasks to queue
[2025-12-22T23:55:03.907+0000] {logging_mixin.py:190} INFO - [2025-12-22T23:55:03.907+0000] {dagbag.py:588} INFO - Filling up the DagBag from /opt/airflow/dags/etl_pipeline_dag.py
[2025-12-22T23:55:03.925+0000] {processor.py:925} INFO - DAG(s) 'etl_pipeline' retrieved from /opt/airflow/dags/etl_pipeline_dag.py
[2025-12-22T23:55:03.946+0000] {logging_mixin.py:190} INFO - [2025-12-22T23:55:03.946+0000] {dag.py:3239} INFO - Sync 1 DAGs
[2025-12-22T23:55:03.964+0000] {logging_mixin.py:190} INFO - [2025-12-22T23:55:03.964+0000] {dag.py:4180} INFO - Setting next_dagrun for etl_pipeline to 2025-12-22 00:00:00+00:00, run_after=2025-12-23 00:00:00+00:00
[2025-12-22T23:55:03.978+0000] {processor.py:208} INFO - Processing /opt/airflow/dags/etl_pipeline_dag.py took 0.080 seconds
[2025-12-22T23:55:34.755+0000] {processor.py:186} INFO - Started process (PID=621) to work on /opt/airflow/dags/etl_pipeline_dag.py
[2025-12-22T23:55:34.756+0000] {processor.py:914} INFO - Processing file /opt/airflow/dags/etl_pipeline_dag.py for tasks to queue
[2025-12-22T23:55:34.758+0000] {logging_mixin.py:190} INFO - [2025-12-22T23:55:34.757+0000] {dagbag.py:588} INFO - Filling up the DagBag from /opt/airflow/dags/etl_pipeline_dag.py
[2025-12-22T23:55:34.775+0000] {processor.py:925} INFO - DAG(s) 'etl_pipeline' retrieved from /opt/airflow/dags/etl_pipeline_dag.py
[2025-12-22T23:55:34.795+0000] {logging_mixin.py:190} INFO - [2025-12-22T23:55:34.795+0000] {dag.py:3239} INFO - Sync 1 DAGs
[2025-12-22T23:55:34.814+0000] {logging_mixin.py:190} INFO - [2025-12-22T23:55:34.814+0000] {dag.py:4180} INFO - Setting next_dagrun for etl_pipeline to 2025-12-22 00:00:00+00:00, run_after=2025-12-23 00:00:00+00:00
[2025-12-22T23:55:34.827+0000] {processor.py:208} INFO - Processing /opt/airflow/dags/etl_pipeline_dag.py took 0.077 seconds
[2025-12-22T23:56:05.604+0000] {processor.py:186} INFO - Started process (PID=644) to work on /opt/airflow/dags/etl_pipeline_dag.py
[2025-12-22T23:56:05.605+0000] {processor.py:914} INFO - Processing file /opt/airflow/dags/etl_pipeline_dag.py for tasks to queue
[2025-12-22T23:56:05.607+0000] {logging_mixin.py:190} INFO - [2025-12-22T23:56:05.607+0000] {dagbag.py:588} INFO - Filling up the DagBag from /opt/airflow/dags/etl_pipeline_dag.py
[2025-12-22T23:56:05.627+0000] {processor.py:925} INFO - DAG(s) 'etl_pipeline' retrieved from /opt/airflow/dags/etl_pipeline_dag.py
[2025-12-22T23:56:05.651+0000] {logging_mixin.py:190} INFO - [2025-12-22T23:56:05.651+0000] {dag.py:3239} INFO - Sync 1 DAGs
[2025-12-22T23:56:05.670+0000] {logging_mixin.py:190} INFO - [2025-12-22T23:56:05.670+0000] {dag.py:4180} INFO - Setting next_dagrun for etl_pipeline to 2025-12-22 00:00:00+00:00, run_after=2025-12-23 00:00:00+00:00
[2025-12-22T23:56:05.683+0000] {processor.py:208} INFO - Processing /opt/airflow/dags/etl_pipeline_dag.py took 0.085 seconds
[2025-12-22T23:56:36.464+0000] {processor.py:186} INFO - Started process (PID=667) to work on /opt/airflow/dags/etl_pipeline_dag.py
[2025-12-22T23:56:36.465+0000] {processor.py:914} INFO - Processing file /opt/airflow/dags/etl_pipeline_dag.py for tasks to queue
[2025-12-22T23:56:36.468+0000] {logging_mixin.py:190} INFO - [2025-12-22T23:56:36.467+0000] {dagbag.py:588} INFO - Filling up the DagBag from /opt/airflow/dags/etl_pipeline_dag.py
[2025-12-22T23:56:36.485+0000] {processor.py:925} INFO - DAG(s) 'etl_pipeline' retrieved from /opt/airflow/dags/etl_pipeline_dag.py
[2025-12-22T23:56:36.506+0000] {logging_mixin.py:190} INFO - [2025-12-22T23:56:36.506+0000] {dag.py:3239} INFO - Sync 1 DAGs
[2025-12-22T23:56:36.525+0000] {logging_mixin.py:190} INFO - [2025-12-22T23:56:36.525+0000] {dag.py:4180} INFO - Setting next_dagrun for etl_pipeline to 2025-12-22 00:00:00+00:00, run_after=2025-12-23 00:00:00+00:00
[2025-12-22T23:56:36.538+0000] {processor.py:208} INFO - Processing /opt/airflow/dags/etl_pipeline_dag.py took 0.079 seconds
[2025-12-22T23:57:07.336+0000] {processor.py:186} INFO - Started process (PID=690) to work on /opt/airflow/dags/etl_pipeline_dag.py
[2025-12-22T23:57:07.337+0000] {processor.py:914} INFO - Processing file /opt/airflow/dags/etl_pipeline_dag.py for tasks to queue
[2025-12-22T23:57:07.339+0000] {logging_mixin.py:190} INFO - [2025-12-22T23:57:07.339+0000] {dagbag.py:588} INFO - Filling up the DagBag from /opt/airflow/dags/etl_pipeline_dag.py
[2025-12-22T23:57:07.357+0000] {processor.py:925} INFO - DAG(s) 'etl_pipeline' retrieved from /opt/airflow/dags/etl_pipeline_dag.py
[2025-12-22T23:57:07.379+0000] {logging_mixin.py:190} INFO - [2025-12-22T23:57:07.378+0000] {dag.py:3239} INFO - Sync 1 DAGs
[2025-12-22T23:57:07.397+0000] {logging_mixin.py:190} INFO - [2025-12-22T23:57:07.397+0000] {dag.py:4180} INFO - Setting next_dagrun for etl_pipeline to 2025-12-22 00:00:00+00:00, run_after=2025-12-23 00:00:00+00:00
[2025-12-22T23:57:07.411+0000] {processor.py:208} INFO - Processing /opt/airflow/dags/etl_pipeline_dag.py took 0.081 seconds
[2025-12-22T23:57:38.217+0000] {processor.py:186} INFO - Started process (PID=713) to work on /opt/airflow/dags/etl_pipeline_dag.py
[2025-12-22T23:57:38.218+0000] {processor.py:914} INFO - Processing file /opt/airflow/dags/etl_pipeline_dag.py for tasks to queue
[2025-12-22T23:57:38.221+0000] {logging_mixin.py:190} INFO - [2025-12-22T23:57:38.220+0000] {dagbag.py:588} INFO - Filling up the DagBag from /opt/airflow/dags/etl_pipeline_dag.py
[2025-12-22T23:57:38.238+0000] {processor.py:925} INFO - DAG(s) 'etl_pipeline' retrieved from /opt/airflow/dags/etl_pipeline_dag.py
[2025-12-22T23:57:38.259+0000] {logging_mixin.py:190} INFO - [2025-12-22T23:57:38.259+0000] {dag.py:3239} INFO - Sync 1 DAGs
[2025-12-22T23:57:38.278+0000] {logging_mixin.py:190} INFO - [2025-12-22T23:57:38.278+0000] {dag.py:4180} INFO - Setting next_dagrun for etl_pipeline to 2025-12-22 00:00:00+00:00, run_after=2025-12-23 00:00:00+00:00
[2025-12-22T23:57:38.292+0000] {processor.py:208} INFO - Processing /opt/airflow/dags/etl_pipeline_dag.py took 0.080 seconds
[2025-12-22T23:58:09.136+0000] {processor.py:186} INFO - Started process (PID=736) to work on /opt/airflow/dags/etl_pipeline_dag.py
[2025-12-22T23:58:09.137+0000] {processor.py:914} INFO - Processing file /opt/airflow/dags/etl_pipeline_dag.py for tasks to queue
[2025-12-22T23:58:09.140+0000] {logging_mixin.py:190} INFO - [2025-12-22T23:58:09.139+0000] {dagbag.py:588} INFO - Filling up the DagBag from /opt/airflow/dags/etl_pipeline_dag.py
[2025-12-22T23:58:09.163+0000] {processor.py:925} INFO - DAG(s) 'etl_pipeline' retrieved from /opt/airflow/dags/etl_pipeline_dag.py
[2025-12-22T23:58:09.192+0000] {logging_mixin.py:190} INFO - [2025-12-22T23:58:09.192+0000] {dag.py:3239} INFO - Sync 1 DAGs
[2025-12-22T23:58:09.216+0000] {logging_mixin.py:190} INFO - [2025-12-22T23:58:09.216+0000] {dag.py:4180} INFO - Setting next_dagrun for etl_pipeline to 2025-12-22 00:00:00+00:00, run_after=2025-12-23 00:00:00+00:00
[2025-12-22T23:58:09.233+0000] {processor.py:208} INFO - Processing /opt/airflow/dags/etl_pipeline_dag.py took 0.104 seconds
[2025-12-22T23:58:40.053+0000] {processor.py:186} INFO - Started process (PID=759) to work on /opt/airflow/dags/etl_pipeline_dag.py
[2025-12-22T23:58:40.054+0000] {processor.py:914} INFO - Processing file /opt/airflow/dags/etl_pipeline_dag.py for tasks to queue
[2025-12-22T23:58:40.056+0000] {logging_mixin.py:190} INFO - [2025-12-22T23:58:40.056+0000] {dagbag.py:588} INFO - Filling up the DagBag from /opt/airflow/dags/etl_pipeline_dag.py
[2025-12-22T23:58:40.074+0000] {processor.py:925} INFO - DAG(s) 'etl_pipeline' retrieved from /opt/airflow/dags/etl_pipeline_dag.py
[2025-12-22T23:58:40.098+0000] {logging_mixin.py:190} INFO - [2025-12-22T23:58:40.097+0000] {dag.py:3239} INFO - Sync 1 DAGs
[2025-12-22T23:58:40.118+0000] {logging_mixin.py:190} INFO - [2025-12-22T23:58:40.117+0000] {dag.py:4180} INFO - Setting next_dagrun for etl_pipeline to 2025-12-22 00:00:00+00:00, run_after=2025-12-23 00:00:00+00:00
[2025-12-22T23:58:40.132+0000] {processor.py:208} INFO - Processing /opt/airflow/dags/etl_pipeline_dag.py took 0.085 seconds
[2025-12-22T23:59:10.921+0000] {processor.py:186} INFO - Started process (PID=782) to work on /opt/airflow/dags/etl_pipeline_dag.py
[2025-12-22T23:59:10.922+0000] {processor.py:914} INFO - Processing file /opt/airflow/dags/etl_pipeline_dag.py for tasks to queue
[2025-12-22T23:59:10.924+0000] {logging_mixin.py:190} INFO - [2025-12-22T23:59:10.924+0000] {dagbag.py:588} INFO - Filling up the DagBag from /opt/airflow/dags/etl_pipeline_dag.py
[2025-12-22T23:59:10.944+0000] {processor.py:925} INFO - DAG(s) 'etl_pipeline' retrieved from /opt/airflow/dags/etl_pipeline_dag.py
[2025-12-22T23:59:10.967+0000] {logging_mixin.py:190} INFO - [2025-12-22T23:59:10.967+0000] {dag.py:3239} INFO - Sync 1 DAGs
[2025-12-22T23:59:10.986+0000] {logging_mixin.py:190} INFO - [2025-12-22T23:59:10.986+0000] {dag.py:4180} INFO - Setting next_dagrun for etl_pipeline to 2025-12-22 00:00:00+00:00, run_after=2025-12-23 00:00:00+00:00
[2025-12-22T23:59:11.001+0000] {processor.py:208} INFO - Processing /opt/airflow/dags/etl_pipeline_dag.py took 0.085 seconds
[2025-12-22T23:59:41.962+0000] {processor.py:186} INFO - Started process (PID=805) to work on /opt/airflow/dags/etl_pipeline_dag.py
[2025-12-22T23:59:41.963+0000] {processor.py:914} INFO - Processing file /opt/airflow/dags/etl_pipeline_dag.py for tasks to queue
[2025-12-22T23:59:41.965+0000] {logging_mixin.py:190} INFO - [2025-12-22T23:59:41.965+0000] {dagbag.py:588} INFO - Filling up the DagBag from /opt/airflow/dags/etl_pipeline_dag.py
[2025-12-22T23:59:41.984+0000] {processor.py:925} INFO - DAG(s) 'etl_pipeline' retrieved from /opt/airflow/dags/etl_pipeline_dag.py
[2025-12-22T23:59:42.008+0000] {logging_mixin.py:190} INFO - [2025-12-22T23:59:42.007+0000] {dag.py:3239} INFO - Sync 1 DAGs
[2025-12-22T23:59:42.029+0000] {logging_mixin.py:190} INFO - [2025-12-22T23:59:42.029+0000] {dag.py:4180} INFO - Setting next_dagrun for etl_pipeline to 2025-12-22 00:00:00+00:00, run_after=2025-12-23 00:00:00+00:00
[2025-12-22T23:59:42.045+0000] {processor.py:208} INFO - Processing /opt/airflow/dags/etl_pipeline_dag.py took 0.089 seconds
