[2025-11-20T22:32:12.209+0000] {processor.py:186} INFO - Started process (PID=200) to work on /opt/airflow/dags/etl_pipeline_dag.py
[2025-11-20T22:32:12.210+0000] {processor.py:914} INFO - Processing file /opt/airflow/dags/etl_pipeline_dag.py for tasks to queue
[2025-11-20T22:32:12.212+0000] {logging_mixin.py:190} INFO - [2025-11-20T22:32:12.212+0000] {dagbag.py:588} INFO - Filling up the DagBag from /opt/airflow/dags/etl_pipeline_dag.py
[2025-11-20T22:32:12.234+0000] {processor.py:925} INFO - DAG(s) 'etl_pipeline' retrieved from /opt/airflow/dags/etl_pipeline_dag.py
[2025-11-20T22:32:12.265+0000] {logging_mixin.py:190} INFO - [2025-11-20T22:32:12.265+0000] {dag.py:3239} INFO - Sync 1 DAGs
[2025-11-20T22:32:12.288+0000] {logging_mixin.py:190} INFO - [2025-11-20T22:32:12.288+0000] {dag.py:4180} INFO - Setting next_dagrun for etl_pipeline to 2025-11-19 00:00:00+00:00, run_after=2025-11-20 00:00:00+00:00
[2025-11-20T22:32:12.303+0000] {processor.py:208} INFO - Processing /opt/airflow/dags/etl_pipeline_dag.py took 0.100 seconds
[2025-11-20T22:32:43.168+0000] {processor.py:186} INFO - Started process (PID=223) to work on /opt/airflow/dags/etl_pipeline_dag.py
[2025-11-20T22:32:43.169+0000] {processor.py:914} INFO - Processing file /opt/airflow/dags/etl_pipeline_dag.py for tasks to queue
[2025-11-20T22:32:43.171+0000] {logging_mixin.py:190} INFO - [2025-11-20T22:32:43.171+0000] {dagbag.py:588} INFO - Filling up the DagBag from /opt/airflow/dags/etl_pipeline_dag.py
[2025-11-20T22:32:43.191+0000] {processor.py:925} INFO - DAG(s) 'etl_pipeline' retrieved from /opt/airflow/dags/etl_pipeline_dag.py
[2025-11-20T22:32:43.214+0000] {logging_mixin.py:190} INFO - [2025-11-20T22:32:43.214+0000] {dag.py:3239} INFO - Sync 1 DAGs
[2025-11-20T22:32:43.237+0000] {logging_mixin.py:190} INFO - [2025-11-20T22:32:43.237+0000] {dag.py:4180} INFO - Setting next_dagrun for etl_pipeline to 2025-11-19 00:00:00+00:00, run_after=2025-11-20 00:00:00+00:00
[2025-11-20T22:32:43.255+0000] {processor.py:208} INFO - Processing /opt/airflow/dags/etl_pipeline_dag.py took 0.093 seconds
[2025-11-20T22:33:13.961+0000] {processor.py:186} INFO - Started process (PID=326) to work on /opt/airflow/dags/etl_pipeline_dag.py
[2025-11-20T22:33:13.962+0000] {processor.py:914} INFO - Processing file /opt/airflow/dags/etl_pipeline_dag.py for tasks to queue
[2025-11-20T22:33:13.964+0000] {logging_mixin.py:190} INFO - [2025-11-20T22:33:13.963+0000] {dagbag.py:588} INFO - Filling up the DagBag from /opt/airflow/dags/etl_pipeline_dag.py
[2025-11-20T22:33:13.988+0000] {processor.py:925} INFO - DAG(s) 'etl_pipeline' retrieved from /opt/airflow/dags/etl_pipeline_dag.py
[2025-11-20T22:33:14.026+0000] {logging_mixin.py:190} INFO - [2025-11-20T22:33:14.025+0000] {dag.py:3239} INFO - Sync 1 DAGs
[2025-11-20T22:33:14.049+0000] {logging_mixin.py:190} INFO - [2025-11-20T22:33:14.049+0000] {dag.py:4180} INFO - Setting next_dagrun for etl_pipeline to 2025-11-20 00:00:00+00:00, run_after=2025-11-21 00:00:00+00:00
[2025-11-20T22:33:14.069+0000] {processor.py:208} INFO - Processing /opt/airflow/dags/etl_pipeline_dag.py took 0.114 seconds
[2025-11-20T22:33:44.640+0000] {processor.py:186} INFO - Started process (PID=349) to work on /opt/airflow/dags/etl_pipeline_dag.py
[2025-11-20T22:33:44.641+0000] {processor.py:914} INFO - Processing file /opt/airflow/dags/etl_pipeline_dag.py for tasks to queue
[2025-11-20T22:33:44.644+0000] {logging_mixin.py:190} INFO - [2025-11-20T22:33:44.643+0000] {dagbag.py:588} INFO - Filling up the DagBag from /opt/airflow/dags/etl_pipeline_dag.py
[2025-11-20T22:33:44.663+0000] {processor.py:925} INFO - DAG(s) 'etl_pipeline' retrieved from /opt/airflow/dags/etl_pipeline_dag.py
[2025-11-20T22:33:44.689+0000] {logging_mixin.py:190} INFO - [2025-11-20T22:33:44.689+0000] {dag.py:3239} INFO - Sync 1 DAGs
[2025-11-20T22:33:44.711+0000] {logging_mixin.py:190} INFO - [2025-11-20T22:33:44.710+0000] {dag.py:4180} INFO - Setting next_dagrun for etl_pipeline to 2025-11-20 00:00:00+00:00, run_after=2025-11-21 00:00:00+00:00
[2025-11-20T22:33:44.727+0000] {processor.py:208} INFO - Processing /opt/airflow/dags/etl_pipeline_dag.py took 0.093 seconds
[2025-11-20T22:34:15.358+0000] {processor.py:186} INFO - Started process (PID=372) to work on /opt/airflow/dags/etl_pipeline_dag.py
[2025-11-20T22:34:15.359+0000] {processor.py:914} INFO - Processing file /opt/airflow/dags/etl_pipeline_dag.py for tasks to queue
[2025-11-20T22:34:15.361+0000] {logging_mixin.py:190} INFO - [2025-11-20T22:34:15.361+0000] {dagbag.py:588} INFO - Filling up the DagBag from /opt/airflow/dags/etl_pipeline_dag.py
[2025-11-20T22:34:15.378+0000] {processor.py:925} INFO - DAG(s) 'etl_pipeline' retrieved from /opt/airflow/dags/etl_pipeline_dag.py
[2025-11-20T22:34:15.400+0000] {logging_mixin.py:190} INFO - [2025-11-20T22:34:15.399+0000] {dag.py:3239} INFO - Sync 1 DAGs
[2025-11-20T22:34:15.418+0000] {logging_mixin.py:190} INFO - [2025-11-20T22:34:15.418+0000] {dag.py:4180} INFO - Setting next_dagrun for etl_pipeline to 2025-11-20 00:00:00+00:00, run_after=2025-11-21 00:00:00+00:00
[2025-11-20T22:34:15.433+0000] {processor.py:208} INFO - Processing /opt/airflow/dags/etl_pipeline_dag.py took 0.080 seconds
[2025-11-20T22:34:46.009+0000] {processor.py:186} INFO - Started process (PID=395) to work on /opt/airflow/dags/etl_pipeline_dag.py
[2025-11-20T22:34:46.010+0000] {processor.py:914} INFO - Processing file /opt/airflow/dags/etl_pipeline_dag.py for tasks to queue
[2025-11-20T22:34:46.012+0000] {logging_mixin.py:190} INFO - [2025-11-20T22:34:46.012+0000] {dagbag.py:588} INFO - Filling up the DagBag from /opt/airflow/dags/etl_pipeline_dag.py
[2025-11-20T22:34:46.030+0000] {processor.py:925} INFO - DAG(s) 'etl_pipeline' retrieved from /opt/airflow/dags/etl_pipeline_dag.py
[2025-11-20T22:34:46.053+0000] {logging_mixin.py:190} INFO - [2025-11-20T22:34:46.053+0000] {dag.py:3239} INFO - Sync 1 DAGs
[2025-11-20T22:34:46.073+0000] {logging_mixin.py:190} INFO - [2025-11-20T22:34:46.073+0000] {dag.py:4180} INFO - Setting next_dagrun for etl_pipeline to 2025-11-20 00:00:00+00:00, run_after=2025-11-21 00:00:00+00:00
[2025-11-20T22:34:46.090+0000] {processor.py:208} INFO - Processing /opt/airflow/dags/etl_pipeline_dag.py took 0.086 seconds
[2025-11-20T22:35:16.970+0000] {processor.py:186} INFO - Started process (PID=418) to work on /opt/airflow/dags/etl_pipeline_dag.py
[2025-11-20T22:35:16.971+0000] {processor.py:914} INFO - Processing file /opt/airflow/dags/etl_pipeline_dag.py for tasks to queue
[2025-11-20T22:35:16.973+0000] {logging_mixin.py:190} INFO - [2025-11-20T22:35:16.973+0000] {dagbag.py:588} INFO - Filling up the DagBag from /opt/airflow/dags/etl_pipeline_dag.py
[2025-11-20T22:35:16.992+0000] {processor.py:925} INFO - DAG(s) 'etl_pipeline' retrieved from /opt/airflow/dags/etl_pipeline_dag.py
[2025-11-20T22:35:17.013+0000] {logging_mixin.py:190} INFO - [2025-11-20T22:35:17.013+0000] {dag.py:3239} INFO - Sync 1 DAGs
[2025-11-20T22:35:17.032+0000] {logging_mixin.py:190} INFO - [2025-11-20T22:35:17.032+0000] {dag.py:4180} INFO - Setting next_dagrun for etl_pipeline to 2025-11-20 00:00:00+00:00, run_after=2025-11-21 00:00:00+00:00
[2025-11-20T22:35:17.047+0000] {processor.py:208} INFO - Processing /opt/airflow/dags/etl_pipeline_dag.py took 0.082 seconds
[2025-11-20T22:35:47.839+0000] {processor.py:186} INFO - Started process (PID=441) to work on /opt/airflow/dags/etl_pipeline_dag.py
[2025-11-20T22:35:47.840+0000] {processor.py:914} INFO - Processing file /opt/airflow/dags/etl_pipeline_dag.py for tasks to queue
[2025-11-20T22:35:47.842+0000] {logging_mixin.py:190} INFO - [2025-11-20T22:35:47.842+0000] {dagbag.py:588} INFO - Filling up the DagBag from /opt/airflow/dags/etl_pipeline_dag.py
[2025-11-20T22:35:47.862+0000] {processor.py:925} INFO - DAG(s) 'etl_pipeline' retrieved from /opt/airflow/dags/etl_pipeline_dag.py
[2025-11-20T22:35:47.889+0000] {logging_mixin.py:190} INFO - [2025-11-20T22:35:47.889+0000] {dag.py:3239} INFO - Sync 1 DAGs
[2025-11-20T22:35:47.913+0000] {logging_mixin.py:190} INFO - [2025-11-20T22:35:47.912+0000] {dag.py:4180} INFO - Setting next_dagrun for etl_pipeline to 2025-11-20 00:00:00+00:00, run_after=2025-11-21 00:00:00+00:00
[2025-11-20T22:35:47.937+0000] {processor.py:208} INFO - Processing /opt/airflow/dags/etl_pipeline_dag.py took 0.104 seconds
[2025-11-20T22:36:18.445+0000] {processor.py:186} INFO - Started process (PID=464) to work on /opt/airflow/dags/etl_pipeline_dag.py
[2025-11-20T22:36:18.446+0000] {processor.py:914} INFO - Processing file /opt/airflow/dags/etl_pipeline_dag.py for tasks to queue
[2025-11-20T22:36:18.448+0000] {logging_mixin.py:190} INFO - [2025-11-20T22:36:18.448+0000] {dagbag.py:588} INFO - Filling up the DagBag from /opt/airflow/dags/etl_pipeline_dag.py
[2025-11-20T22:36:18.471+0000] {processor.py:925} INFO - DAG(s) 'etl_pipeline' retrieved from /opt/airflow/dags/etl_pipeline_dag.py
[2025-11-20T22:36:18.499+0000] {logging_mixin.py:190} INFO - [2025-11-20T22:36:18.498+0000] {dag.py:3239} INFO - Sync 1 DAGs
[2025-11-20T22:36:18.523+0000] {logging_mixin.py:190} INFO - [2025-11-20T22:36:18.523+0000] {dag.py:4180} INFO - Setting next_dagrun for etl_pipeline to 2025-11-20 00:00:00+00:00, run_after=2025-11-21 00:00:00+00:00
[2025-11-20T22:36:18.543+0000] {processor.py:208} INFO - Processing /opt/airflow/dags/etl_pipeline_dag.py took 0.104 seconds
[2025-11-20T22:36:49.396+0000] {processor.py:186} INFO - Started process (PID=487) to work on /opt/airflow/dags/etl_pipeline_dag.py
[2025-11-20T22:36:49.397+0000] {processor.py:914} INFO - Processing file /opt/airflow/dags/etl_pipeline_dag.py for tasks to queue
[2025-11-20T22:36:49.400+0000] {logging_mixin.py:190} INFO - [2025-11-20T22:36:49.399+0000] {dagbag.py:588} INFO - Filling up the DagBag from /opt/airflow/dags/etl_pipeline_dag.py
[2025-11-20T22:36:49.421+0000] {processor.py:925} INFO - DAG(s) 'etl_pipeline' retrieved from /opt/airflow/dags/etl_pipeline_dag.py
[2025-11-20T22:36:49.446+0000] {logging_mixin.py:190} INFO - [2025-11-20T22:36:49.446+0000] {dag.py:3239} INFO - Sync 1 DAGs
[2025-11-20T22:36:49.467+0000] {logging_mixin.py:190} INFO - [2025-11-20T22:36:49.467+0000] {dag.py:4180} INFO - Setting next_dagrun for etl_pipeline to 2025-11-20 00:00:00+00:00, run_after=2025-11-21 00:00:00+00:00
[2025-11-20T22:36:49.483+0000] {processor.py:208} INFO - Processing /opt/airflow/dags/etl_pipeline_dag.py took 0.092 seconds
[2025-11-20T22:37:20.494+0000] {processor.py:186} INFO - Started process (PID=510) to work on /opt/airflow/dags/etl_pipeline_dag.py
[2025-11-20T22:37:20.495+0000] {processor.py:914} INFO - Processing file /opt/airflow/dags/etl_pipeline_dag.py for tasks to queue
[2025-11-20T22:37:20.498+0000] {logging_mixin.py:190} INFO - [2025-11-20T22:37:20.497+0000] {dagbag.py:588} INFO - Filling up the DagBag from /opt/airflow/dags/etl_pipeline_dag.py
[2025-11-20T22:37:20.518+0000] {processor.py:925} INFO - DAG(s) 'etl_pipeline' retrieved from /opt/airflow/dags/etl_pipeline_dag.py
[2025-11-20T22:37:20.543+0000] {logging_mixin.py:190} INFO - [2025-11-20T22:37:20.543+0000] {dag.py:3239} INFO - Sync 1 DAGs
[2025-11-20T22:37:20.564+0000] {logging_mixin.py:190} INFO - [2025-11-20T22:37:20.564+0000] {dag.py:4180} INFO - Setting next_dagrun for etl_pipeline to 2025-11-20 00:00:00+00:00, run_after=2025-11-21 00:00:00+00:00
[2025-11-20T22:37:20.581+0000] {processor.py:208} INFO - Processing /opt/airflow/dags/etl_pipeline_dag.py took 0.092 seconds
[2025-11-20T22:37:51.438+0000] {processor.py:186} INFO - Started process (PID=533) to work on /opt/airflow/dags/etl_pipeline_dag.py
[2025-11-20T22:37:51.439+0000] {processor.py:914} INFO - Processing file /opt/airflow/dags/etl_pipeline_dag.py for tasks to queue
[2025-11-20T22:37:51.442+0000] {logging_mixin.py:190} INFO - [2025-11-20T22:37:51.442+0000] {dagbag.py:588} INFO - Filling up the DagBag from /opt/airflow/dags/etl_pipeline_dag.py
[2025-11-20T22:37:51.463+0000] {processor.py:925} INFO - DAG(s) 'etl_pipeline' retrieved from /opt/airflow/dags/etl_pipeline_dag.py
[2025-11-20T22:37:51.488+0000] {logging_mixin.py:190} INFO - [2025-11-20T22:37:51.487+0000] {dag.py:3239} INFO - Sync 1 DAGs
[2025-11-20T22:37:51.509+0000] {logging_mixin.py:190} INFO - [2025-11-20T22:37:51.509+0000] {dag.py:4180} INFO - Setting next_dagrun for etl_pipeline to 2025-11-20 00:00:00+00:00, run_after=2025-11-21 00:00:00+00:00
[2025-11-20T22:37:51.524+0000] {processor.py:208} INFO - Processing /opt/airflow/dags/etl_pipeline_dag.py took 0.091 seconds
[2025-11-20T22:38:22.012+0000] {processor.py:186} INFO - Started process (PID=554) to work on /opt/airflow/dags/etl_pipeline_dag.py
[2025-11-20T22:38:22.013+0000] {processor.py:914} INFO - Processing file /opt/airflow/dags/etl_pipeline_dag.py for tasks to queue
[2025-11-20T22:38:22.015+0000] {logging_mixin.py:190} INFO - [2025-11-20T22:38:22.015+0000] {dagbag.py:588} INFO - Filling up the DagBag from /opt/airflow/dags/etl_pipeline_dag.py
[2025-11-20T22:38:22.035+0000] {processor.py:925} INFO - DAG(s) 'etl_pipeline' retrieved from /opt/airflow/dags/etl_pipeline_dag.py
[2025-11-20T22:38:22.060+0000] {logging_mixin.py:190} INFO - [2025-11-20T22:38:22.059+0000] {dag.py:3239} INFO - Sync 1 DAGs
[2025-11-20T22:38:22.081+0000] {logging_mixin.py:190} INFO - [2025-11-20T22:38:22.080+0000] {dag.py:4180} INFO - Setting next_dagrun for etl_pipeline to 2025-11-20 00:00:00+00:00, run_after=2025-11-21 00:00:00+00:00
[2025-11-20T22:38:22.101+0000] {processor.py:208} INFO - Processing /opt/airflow/dags/etl_pipeline_dag.py took 0.095 seconds
[2025-11-20T22:38:52.690+0000] {processor.py:186} INFO - Started process (PID=577) to work on /opt/airflow/dags/etl_pipeline_dag.py
[2025-11-20T22:38:52.691+0000] {processor.py:914} INFO - Processing file /opt/airflow/dags/etl_pipeline_dag.py for tasks to queue
[2025-11-20T22:38:52.693+0000] {logging_mixin.py:190} INFO - [2025-11-20T22:38:52.693+0000] {dagbag.py:588} INFO - Filling up the DagBag from /opt/airflow/dags/etl_pipeline_dag.py
[2025-11-20T22:38:52.713+0000] {processor.py:925} INFO - DAG(s) 'etl_pipeline' retrieved from /opt/airflow/dags/etl_pipeline_dag.py
[2025-11-20T22:38:52.740+0000] {logging_mixin.py:190} INFO - [2025-11-20T22:38:52.739+0000] {dag.py:3239} INFO - Sync 1 DAGs
[2025-11-20T22:38:52.763+0000] {logging_mixin.py:190} INFO - [2025-11-20T22:38:52.763+0000] {dag.py:4180} INFO - Setting next_dagrun for etl_pipeline to 2025-11-20 00:00:00+00:00, run_after=2025-11-21 00:00:00+00:00
[2025-11-20T22:38:52.939+0000] {processor.py:208} INFO - Processing /opt/airflow/dags/etl_pipeline_dag.py took 0.255 seconds
[2025-11-20T22:39:24.144+0000] {processor.py:186} INFO - Started process (PID=602) to work on /opt/airflow/dags/etl_pipeline_dag.py
[2025-11-20T22:39:24.145+0000] {processor.py:914} INFO - Processing file /opt/airflow/dags/etl_pipeline_dag.py for tasks to queue
[2025-11-20T22:39:24.148+0000] {logging_mixin.py:190} INFO - [2025-11-20T22:39:24.147+0000] {dagbag.py:588} INFO - Filling up the DagBag from /opt/airflow/dags/etl_pipeline_dag.py
[2025-11-20T22:39:24.167+0000] {processor.py:925} INFO - DAG(s) 'etl_pipeline' retrieved from /opt/airflow/dags/etl_pipeline_dag.py
[2025-11-20T22:39:24.189+0000] {logging_mixin.py:190} INFO - [2025-11-20T22:39:24.189+0000] {dag.py:3239} INFO - Sync 1 DAGs
[2025-11-20T22:39:24.331+0000] {logging_mixin.py:190} INFO - [2025-11-20T22:39:24.331+0000] {dag.py:4180} INFO - Setting next_dagrun for etl_pipeline to 2025-11-20 00:00:00+00:00, run_after=2025-11-21 00:00:00+00:00
[2025-11-20T22:39:24.343+0000] {processor.py:208} INFO - Processing /opt/airflow/dags/etl_pipeline_dag.py took 0.204 seconds
[2025-11-20T22:41:27.622+0000] {processor.py:186} INFO - Started process (PID=200) to work on /opt/airflow/dags/etl_pipeline_dag.py
[2025-11-20T22:41:27.623+0000] {processor.py:914} INFO - Processing file /opt/airflow/dags/etl_pipeline_dag.py for tasks to queue
[2025-11-20T22:41:27.626+0000] {logging_mixin.py:190} INFO - [2025-11-20T22:41:27.626+0000] {dagbag.py:588} INFO - Filling up the DagBag from /opt/airflow/dags/etl_pipeline_dag.py
[2025-11-20T22:41:27.656+0000] {processor.py:925} INFO - DAG(s) 'etl_pipeline' retrieved from /opt/airflow/dags/etl_pipeline_dag.py
[2025-11-20T22:41:27.365+0000] {logging_mixin.py:190} INFO - [2025-11-20T22:41:27.365+0000] {override.py:1900} INFO - Created Permission View: can edit on DAG:etl_pipeline
[2025-11-20T22:41:27.372+0000] {logging_mixin.py:190} INFO - [2025-11-20T22:41:27.372+0000] {override.py:1900} INFO - Created Permission View: can delete on DAG:etl_pipeline
[2025-11-20T22:41:27.377+0000] {logging_mixin.py:190} INFO - [2025-11-20T22:41:27.377+0000] {override.py:1900} INFO - Created Permission View: can read on DAG:etl_pipeline
[2025-11-20T22:41:27.383+0000] {logging_mixin.py:190} INFO - [2025-11-20T22:41:27.383+0000] {override.py:1900} INFO - Created Permission View: can delete on DAG Run:etl_pipeline
[2025-11-20T22:41:27.388+0000] {logging_mixin.py:190} INFO - [2025-11-20T22:41:27.387+0000] {override.py:1900} INFO - Created Permission View: menu access on DAG Run:etl_pipeline
[2025-11-20T22:41:27.393+0000] {logging_mixin.py:190} INFO - [2025-11-20T22:41:27.392+0000] {override.py:1900} INFO - Created Permission View: can create on DAG Run:etl_pipeline
[2025-11-20T22:41:27.397+0000] {logging_mixin.py:190} INFO - [2025-11-20T22:41:27.397+0000] {override.py:1900} INFO - Created Permission View: can read on DAG Run:etl_pipeline
[2025-11-20T22:41:27.398+0000] {logging_mixin.py:190} INFO - [2025-11-20T22:41:27.398+0000] {dag.py:3239} INFO - Sync 1 DAGs
[2025-11-20T22:41:27.408+0000] {logging_mixin.py:190} INFO - [2025-11-20T22:41:27.408+0000] {dag.py:3262} INFO - Creating ORM DAG for etl_pipeline
[2025-11-20T22:41:26.367+0000] {logging_mixin.py:190} INFO - [2025-11-20T22:41:26.367+0000] {dag.py:4180} INFO - Setting next_dagrun for etl_pipeline to 2025-11-19 00:00:00+00:00, run_after=2025-11-20 00:00:00+00:00
[2025-11-20T22:41:26.381+0000] {processor.py:208} INFO - Processing /opt/airflow/dags/etl_pipeline_dag.py took 0.305 seconds
[2025-11-20T22:41:57.234+0000] {processor.py:186} INFO - Started process (PID=211) to work on /opt/airflow/dags/etl_pipeline_dag.py
[2025-11-20T22:41:57.236+0000] {processor.py:914} INFO - Processing file /opt/airflow/dags/etl_pipeline_dag.py for tasks to queue
[2025-11-20T22:41:57.238+0000] {logging_mixin.py:190} INFO - [2025-11-20T22:41:57.238+0000] {dagbag.py:588} INFO - Filling up the DagBag from /opt/airflow/dags/etl_pipeline_dag.py
[2025-11-20T22:41:57.258+0000] {processor.py:925} INFO - DAG(s) 'etl_pipeline' retrieved from /opt/airflow/dags/etl_pipeline_dag.py
[2025-11-20T22:41:57.271+0000] {logging_mixin.py:190} INFO - [2025-11-20T22:41:57.270+0000] {dag.py:3239} INFO - Sync 1 DAGs
[2025-11-20T22:41:57.294+0000] {logging_mixin.py:190} INFO - [2025-11-20T22:41:57.294+0000] {dag.py:4180} INFO - Setting next_dagrun for etl_pipeline to 2025-11-19 00:00:00+00:00, run_after=2025-11-20 00:00:00+00:00
[2025-11-20T22:41:57.309+0000] {processor.py:208} INFO - Processing /opt/airflow/dags/etl_pipeline_dag.py took 0.081 seconds
[2025-11-20T22:42:27.570+0000] {processor.py:186} INFO - Started process (PID=234) to work on /opt/airflow/dags/etl_pipeline_dag.py
[2025-11-20T22:42:27.571+0000] {processor.py:914} INFO - Processing file /opt/airflow/dags/etl_pipeline_dag.py for tasks to queue
[2025-11-20T22:42:27.573+0000] {logging_mixin.py:190} INFO - [2025-11-20T22:42:27.573+0000] {dagbag.py:588} INFO - Filling up the DagBag from /opt/airflow/dags/etl_pipeline_dag.py
[2025-11-20T22:42:27.593+0000] {processor.py:925} INFO - DAG(s) 'etl_pipeline' retrieved from /opt/airflow/dags/etl_pipeline_dag.py
[2025-11-20T22:42:27.616+0000] {logging_mixin.py:190} INFO - [2025-11-20T22:42:27.616+0000] {dag.py:3239} INFO - Sync 1 DAGs
[2025-11-20T22:42:27.636+0000] {logging_mixin.py:190} INFO - [2025-11-20T22:42:27.636+0000] {dag.py:4180} INFO - Setting next_dagrun for etl_pipeline to 2025-11-19 00:00:00+00:00, run_after=2025-11-20 00:00:00+00:00
[2025-11-20T22:42:27.654+0000] {processor.py:208} INFO - Processing /opt/airflow/dags/etl_pipeline_dag.py took 0.089 seconds
[2025-11-20T22:42:57.726+0000] {processor.py:186} INFO - Started process (PID=257) to work on /opt/airflow/dags/etl_pipeline_dag.py
[2025-11-20T22:42:57.727+0000] {processor.py:914} INFO - Processing file /opt/airflow/dags/etl_pipeline_dag.py for tasks to queue
[2025-11-20T22:42:57.730+0000] {logging_mixin.py:190} INFO - [2025-11-20T22:42:57.730+0000] {dagbag.py:588} INFO - Filling up the DagBag from /opt/airflow/dags/etl_pipeline_dag.py
[2025-11-20T22:42:57.753+0000] {processor.py:925} INFO - DAG(s) 'etl_pipeline' retrieved from /opt/airflow/dags/etl_pipeline_dag.py
[2025-11-20T22:42:57.781+0000] {logging_mixin.py:190} INFO - [2025-11-20T22:42:57.780+0000] {dag.py:3239} INFO - Sync 1 DAGs
[2025-11-20T22:42:57.804+0000] {logging_mixin.py:190} INFO - [2025-11-20T22:42:57.804+0000] {dag.py:4180} INFO - Setting next_dagrun for etl_pipeline to 2025-11-19 00:00:00+00:00, run_after=2025-11-20 00:00:00+00:00
[2025-11-20T22:42:57.823+0000] {processor.py:208} INFO - Processing /opt/airflow/dags/etl_pipeline_dag.py took 0.104 seconds
[2025-11-20T22:43:28.071+0000] {processor.py:186} INFO - Started process (PID=440) to work on /opt/airflow/dags/etl_pipeline_dag.py
[2025-11-20T22:43:28.072+0000] {processor.py:914} INFO - Processing file /opt/airflow/dags/etl_pipeline_dag.py for tasks to queue
[2025-11-20T22:43:28.074+0000] {logging_mixin.py:190} INFO - [2025-11-20T22:43:28.074+0000] {dagbag.py:588} INFO - Filling up the DagBag from /opt/airflow/dags/etl_pipeline_dag.py
[2025-11-20T22:43:28.092+0000] {processor.py:925} INFO - DAG(s) 'etl_pipeline' retrieved from /opt/airflow/dags/etl_pipeline_dag.py
[2025-11-20T22:43:28.114+0000] {logging_mixin.py:190} INFO - [2025-11-20T22:43:28.114+0000] {dag.py:3239} INFO - Sync 1 DAGs
[2025-11-20T22:43:28.133+0000] {logging_mixin.py:190} INFO - [2025-11-20T22:43:28.133+0000] {dag.py:4180} INFO - Setting next_dagrun for etl_pipeline to 2025-11-20 00:00:00+00:00, run_after=2025-11-21 00:00:00+00:00
[2025-11-20T22:43:28.149+0000] {processor.py:208} INFO - Processing /opt/airflow/dags/etl_pipeline_dag.py took 0.082 seconds
[2025-11-20T22:43:58.313+0000] {processor.py:186} INFO - Started process (PID=463) to work on /opt/airflow/dags/etl_pipeline_dag.py
[2025-11-20T22:43:58.315+0000] {processor.py:914} INFO - Processing file /opt/airflow/dags/etl_pipeline_dag.py for tasks to queue
[2025-11-20T22:43:58.317+0000] {logging_mixin.py:190} INFO - [2025-11-20T22:43:58.317+0000] {dagbag.py:588} INFO - Filling up the DagBag from /opt/airflow/dags/etl_pipeline_dag.py
[2025-11-20T22:43:58.341+0000] {processor.py:925} INFO - DAG(s) 'etl_pipeline' retrieved from /opt/airflow/dags/etl_pipeline_dag.py
[2025-11-20T22:43:58.376+0000] {logging_mixin.py:190} INFO - [2025-11-20T22:43:58.376+0000] {dag.py:3239} INFO - Sync 1 DAGs
[2025-11-20T22:43:58.401+0000] {logging_mixin.py:190} INFO - [2025-11-20T22:43:58.401+0000] {dag.py:4180} INFO - Setting next_dagrun for etl_pipeline to 2025-11-20 00:00:00+00:00, run_after=2025-11-21 00:00:00+00:00
[2025-11-20T22:43:58.421+0000] {processor.py:208} INFO - Processing /opt/airflow/dags/etl_pipeline_dag.py took 0.116 seconds
[2025-11-20T22:44:28.601+0000] {processor.py:186} INFO - Started process (PID=486) to work on /opt/airflow/dags/etl_pipeline_dag.py
[2025-11-20T22:44:28.602+0000] {processor.py:914} INFO - Processing file /opt/airflow/dags/etl_pipeline_dag.py for tasks to queue
[2025-11-20T22:44:28.604+0000] {logging_mixin.py:190} INFO - [2025-11-20T22:44:28.604+0000] {dagbag.py:588} INFO - Filling up the DagBag from /opt/airflow/dags/etl_pipeline_dag.py
[2025-11-20T22:44:28.626+0000] {processor.py:925} INFO - DAG(s) 'etl_pipeline' retrieved from /opt/airflow/dags/etl_pipeline_dag.py
[2025-11-20T22:44:28.651+0000] {logging_mixin.py:190} INFO - [2025-11-20T22:44:28.651+0000] {dag.py:3239} INFO - Sync 1 DAGs
[2025-11-20T22:44:28.676+0000] {logging_mixin.py:190} INFO - [2025-11-20T22:44:28.676+0000] {dag.py:4180} INFO - Setting next_dagrun for etl_pipeline to 2025-11-20 00:00:00+00:00, run_after=2025-11-21 00:00:00+00:00
[2025-11-20T22:44:28.695+0000] {processor.py:208} INFO - Processing /opt/airflow/dags/etl_pipeline_dag.py took 0.100 seconds
[2025-11-20T22:44:58.958+0000] {processor.py:186} INFO - Started process (PID=509) to work on /opt/airflow/dags/etl_pipeline_dag.py
[2025-11-20T22:44:58.959+0000] {processor.py:914} INFO - Processing file /opt/airflow/dags/etl_pipeline_dag.py for tasks to queue
[2025-11-20T22:44:58.961+0000] {logging_mixin.py:190} INFO - [2025-11-20T22:44:58.961+0000] {dagbag.py:588} INFO - Filling up the DagBag from /opt/airflow/dags/etl_pipeline_dag.py
[2025-11-20T22:44:58.981+0000] {processor.py:925} INFO - DAG(s) 'etl_pipeline' retrieved from /opt/airflow/dags/etl_pipeline_dag.py
[2025-11-20T22:44:59.007+0000] {logging_mixin.py:190} INFO - [2025-11-20T22:44:59.006+0000] {dag.py:3239} INFO - Sync 1 DAGs
[2025-11-20T22:44:59.032+0000] {logging_mixin.py:190} INFO - [2025-11-20T22:44:59.031+0000] {dag.py:4180} INFO - Setting next_dagrun for etl_pipeline to 2025-11-20 00:00:00+00:00, run_after=2025-11-21 00:00:00+00:00
[2025-11-20T22:44:59.049+0000] {processor.py:208} INFO - Processing /opt/airflow/dags/etl_pipeline_dag.py took 0.097 seconds
[2025-11-20T22:45:29.163+0000] {processor.py:186} INFO - Started process (PID=532) to work on /opt/airflow/dags/etl_pipeline_dag.py
[2025-11-20T22:45:29.164+0000] {processor.py:914} INFO - Processing file /opt/airflow/dags/etl_pipeline_dag.py for tasks to queue
[2025-11-20T22:45:29.166+0000] {logging_mixin.py:190} INFO - [2025-11-20T22:45:29.166+0000] {dagbag.py:588} INFO - Filling up the DagBag from /opt/airflow/dags/etl_pipeline_dag.py
[2025-11-20T22:45:29.187+0000] {processor.py:925} INFO - DAG(s) 'etl_pipeline' retrieved from /opt/airflow/dags/etl_pipeline_dag.py
[2025-11-20T22:45:29.211+0000] {logging_mixin.py:190} INFO - [2025-11-20T22:45:29.211+0000] {dag.py:3239} INFO - Sync 1 DAGs
[2025-11-20T22:45:29.232+0000] {logging_mixin.py:190} INFO - [2025-11-20T22:45:29.232+0000] {dag.py:4180} INFO - Setting next_dagrun for etl_pipeline to 2025-11-20 00:00:00+00:00, run_after=2025-11-21 00:00:00+00:00
[2025-11-20T22:45:29.248+0000] {processor.py:208} INFO - Processing /opt/airflow/dags/etl_pipeline_dag.py took 0.090 seconds
[2025-11-20T22:46:00.269+0000] {processor.py:186} INFO - Started process (PID=555) to work on /opt/airflow/dags/etl_pipeline_dag.py
[2025-11-20T22:46:00.270+0000] {processor.py:914} INFO - Processing file /opt/airflow/dags/etl_pipeline_dag.py for tasks to queue
[2025-11-20T22:46:00.272+0000] {logging_mixin.py:190} INFO - [2025-11-20T22:46:00.272+0000] {dagbag.py:588} INFO - Filling up the DagBag from /opt/airflow/dags/etl_pipeline_dag.py
[2025-11-20T22:46:00.290+0000] {processor.py:925} INFO - DAG(s) 'etl_pipeline' retrieved from /opt/airflow/dags/etl_pipeline_dag.py
[2025-11-20T22:46:00.313+0000] {logging_mixin.py:190} INFO - [2025-11-20T22:46:00.313+0000] {dag.py:3239} INFO - Sync 1 DAGs
[2025-11-20T22:46:00.337+0000] {logging_mixin.py:190} INFO - [2025-11-20T22:46:00.337+0000] {dag.py:4180} INFO - Setting next_dagrun for etl_pipeline to 2025-11-20 00:00:00+00:00, run_after=2025-11-21 00:00:00+00:00
[2025-11-20T22:46:00.355+0000] {processor.py:208} INFO - Processing /opt/airflow/dags/etl_pipeline_dag.py took 0.091 seconds
[2025-11-20T22:46:30.504+0000] {processor.py:186} INFO - Started process (PID=578) to work on /opt/airflow/dags/etl_pipeline_dag.py
[2025-11-20T22:46:30.504+0000] {processor.py:914} INFO - Processing file /opt/airflow/dags/etl_pipeline_dag.py for tasks to queue
[2025-11-20T22:46:30.507+0000] {logging_mixin.py:190} INFO - [2025-11-20T22:46:30.506+0000] {dagbag.py:588} INFO - Filling up the DagBag from /opt/airflow/dags/etl_pipeline_dag.py
[2025-11-20T22:46:30.527+0000] {processor.py:925} INFO - DAG(s) 'etl_pipeline' retrieved from /opt/airflow/dags/etl_pipeline_dag.py
[2025-11-20T22:46:30.553+0000] {logging_mixin.py:190} INFO - [2025-11-20T22:46:30.552+0000] {dag.py:3239} INFO - Sync 1 DAGs
[2025-11-20T22:46:30.579+0000] {logging_mixin.py:190} INFO - [2025-11-20T22:46:30.579+0000] {dag.py:4180} INFO - Setting next_dagrun for etl_pipeline to 2025-11-20 00:00:00+00:00, run_after=2025-11-21 00:00:00+00:00
[2025-11-20T22:46:30.599+0000] {processor.py:208} INFO - Processing /opt/airflow/dags/etl_pipeline_dag.py took 0.101 seconds
[2025-11-20T22:48:57.043+0000] {processor.py:186} INFO - Started process (PID=201) to work on /opt/airflow/dags/etl_pipeline_dag.py
[2025-11-20T22:48:57.044+0000] {processor.py:914} INFO - Processing file /opt/airflow/dags/etl_pipeline_dag.py for tasks to queue
[2025-11-20T22:48:57.046+0000] {logging_mixin.py:190} INFO - [2025-11-20T22:48:57.046+0000] {dagbag.py:588} INFO - Filling up the DagBag from /opt/airflow/dags/etl_pipeline_dag.py
[2025-11-20T22:48:57.076+0000] {processor.py:925} INFO - DAG(s) 'etl_pipeline' retrieved from /opt/airflow/dags/etl_pipeline_dag.py
[2025-11-20T22:48:57.294+0000] {logging_mixin.py:190} INFO - [2025-11-20T22:48:57.294+0000] {override.py:1900} INFO - Created Permission View: can read on DAG:etl_pipeline
[2025-11-20T22:48:57.304+0000] {logging_mixin.py:190} INFO - [2025-11-20T22:48:57.304+0000] {override.py:1900} INFO - Created Permission View: can edit on DAG:etl_pipeline
[2025-11-20T22:48:57.312+0000] {logging_mixin.py:190} INFO - [2025-11-20T22:48:57.311+0000] {override.py:1900} INFO - Created Permission View: can delete on DAG:etl_pipeline
[2025-11-20T22:48:57.321+0000] {logging_mixin.py:190} INFO - [2025-11-20T22:48:57.320+0000] {override.py:1900} INFO - Created Permission View: can read on DAG Run:etl_pipeline
[2025-11-20T22:48:57.328+0000] {logging_mixin.py:190} INFO - [2025-11-20T22:48:57.328+0000] {override.py:1900} INFO - Created Permission View: menu access on DAG Run:etl_pipeline
[2025-11-20T22:48:57.336+0000] {logging_mixin.py:190} INFO - [2025-11-20T22:48:57.336+0000] {override.py:1900} INFO - Created Permission View: can delete on DAG Run:etl_pipeline
[2025-11-20T22:48:57.342+0000] {logging_mixin.py:190} INFO - [2025-11-20T22:48:57.342+0000] {override.py:1900} INFO - Created Permission View: can create on DAG Run:etl_pipeline
[2025-11-20T22:48:57.343+0000] {logging_mixin.py:190} INFO - [2025-11-20T22:48:57.343+0000] {dag.py:3239} INFO - Sync 1 DAGs
[2025-11-20T22:48:57.357+0000] {logging_mixin.py:190} INFO - [2025-11-20T22:48:57.356+0000] {dag.py:3262} INFO - Creating ORM DAG for etl_pipeline
[2025-11-20T22:48:57.370+0000] {logging_mixin.py:190} INFO - [2025-11-20T22:48:57.369+0000] {dag.py:4180} INFO - Setting next_dagrun for etl_pipeline to 2025-11-19 00:00:00+00:00, run_after=2025-11-20 00:00:00+00:00
[2025-11-20T22:48:57.387+0000] {processor.py:208} INFO - Processing /opt/airflow/dags/etl_pipeline_dag.py took 0.350 seconds
[2025-11-20T22:49:27.704+0000] {processor.py:186} INFO - Started process (PID=224) to work on /opt/airflow/dags/etl_pipeline_dag.py
[2025-11-20T22:49:27.705+0000] {processor.py:914} INFO - Processing file /opt/airflow/dags/etl_pipeline_dag.py for tasks to queue
[2025-11-20T22:49:27.707+0000] {logging_mixin.py:190} INFO - [2025-11-20T22:49:27.707+0000] {dagbag.py:588} INFO - Filling up the DagBag from /opt/airflow/dags/etl_pipeline_dag.py
[2025-11-20T22:49:27.728+0000] {processor.py:925} INFO - DAG(s) 'etl_pipeline' retrieved from /opt/airflow/dags/etl_pipeline_dag.py
[2025-11-20T22:49:27.755+0000] {logging_mixin.py:190} INFO - [2025-11-20T22:49:27.754+0000] {dag.py:3239} INFO - Sync 1 DAGs
[2025-11-20T22:49:27.780+0000] {logging_mixin.py:190} INFO - [2025-11-20T22:49:27.780+0000] {dag.py:4180} INFO - Setting next_dagrun for etl_pipeline to 2025-11-19 00:00:00+00:00, run_after=2025-11-20 00:00:00+00:00
[2025-11-20T22:49:27.801+0000] {processor.py:208} INFO - Processing /opt/airflow/dags/etl_pipeline_dag.py took 0.104 seconds
[2025-11-20T22:49:58.892+0000] {processor.py:186} INFO - Started process (PID=247) to work on /opt/airflow/dags/etl_pipeline_dag.py
[2025-11-20T22:49:58.893+0000] {processor.py:914} INFO - Processing file /opt/airflow/dags/etl_pipeline_dag.py for tasks to queue
[2025-11-20T22:49:58.895+0000] {logging_mixin.py:190} INFO - [2025-11-20T22:49:58.895+0000] {dagbag.py:588} INFO - Filling up the DagBag from /opt/airflow/dags/etl_pipeline_dag.py
[2025-11-20T22:49:58.914+0000] {processor.py:925} INFO - DAG(s) 'etl_pipeline' retrieved from /opt/airflow/dags/etl_pipeline_dag.py
[2025-11-20T22:49:58.940+0000] {logging_mixin.py:190} INFO - [2025-11-20T22:49:58.940+0000] {dag.py:3239} INFO - Sync 1 DAGs
[2025-11-20T22:49:58.960+0000] {logging_mixin.py:190} INFO - [2025-11-20T22:49:58.960+0000] {dag.py:4180} INFO - Setting next_dagrun for etl_pipeline to 2025-11-19 00:00:00+00:00, run_after=2025-11-20 00:00:00+00:00
[2025-11-20T22:49:58.977+0000] {processor.py:208} INFO - Processing /opt/airflow/dags/etl_pipeline_dag.py took 0.090 seconds
[2025-11-20T22:50:29.860+0000] {processor.py:186} INFO - Started process (PID=270) to work on /opt/airflow/dags/etl_pipeline_dag.py
[2025-11-20T22:50:29.861+0000] {processor.py:914} INFO - Processing file /opt/airflow/dags/etl_pipeline_dag.py for tasks to queue
[2025-11-20T22:50:29.863+0000] {logging_mixin.py:190} INFO - [2025-11-20T22:50:29.863+0000] {dagbag.py:588} INFO - Filling up the DagBag from /opt/airflow/dags/etl_pipeline_dag.py
[2025-11-20T22:50:29.882+0000] {processor.py:925} INFO - DAG(s) 'etl_pipeline' retrieved from /opt/airflow/dags/etl_pipeline_dag.py
[2025-11-20T22:50:29.904+0000] {logging_mixin.py:190} INFO - [2025-11-20T22:50:29.904+0000] {dag.py:3239} INFO - Sync 1 DAGs
[2025-11-20T22:50:29.925+0000] {logging_mixin.py:190} INFO - [2025-11-20T22:50:29.924+0000] {dag.py:4180} INFO - Setting next_dagrun for etl_pipeline to 2025-11-19 00:00:00+00:00, run_after=2025-11-20 00:00:00+00:00
[2025-11-20T22:50:29.939+0000] {processor.py:208} INFO - Processing /opt/airflow/dags/etl_pipeline_dag.py took 0.084 seconds
[2025-11-20T22:51:01.321+0000] {processor.py:186} INFO - Started process (PID=293) to work on /opt/airflow/dags/etl_pipeline_dag.py
[2025-11-20T22:51:01.322+0000] {processor.py:914} INFO - Processing file /opt/airflow/dags/etl_pipeline_dag.py for tasks to queue
[2025-11-20T22:51:01.325+0000] {logging_mixin.py:190} INFO - [2025-11-20T22:51:01.325+0000] {dagbag.py:588} INFO - Filling up the DagBag from /opt/airflow/dags/etl_pipeline_dag.py
[2025-11-20T22:51:01.349+0000] {processor.py:925} INFO - DAG(s) 'etl_pipeline' retrieved from /opt/airflow/dags/etl_pipeline_dag.py
[2025-11-20T22:51:01.378+0000] {logging_mixin.py:190} INFO - [2025-11-20T22:51:01.378+0000] {dag.py:3239} INFO - Sync 1 DAGs
[2025-11-20T22:51:01.403+0000] {logging_mixin.py:190} INFO - [2025-11-20T22:51:01.402+0000] {dag.py:4180} INFO - Setting next_dagrun for etl_pipeline to 2025-11-19 00:00:00+00:00, run_after=2025-11-20 00:00:00+00:00
[2025-11-20T22:51:01.421+0000] {processor.py:208} INFO - Processing /opt/airflow/dags/etl_pipeline_dag.py took 0.106 seconds
[2025-11-20T22:51:32.120+0000] {processor.py:186} INFO - Started process (PID=316) to work on /opt/airflow/dags/etl_pipeline_dag.py
[2025-11-20T22:51:32.121+0000] {processor.py:914} INFO - Processing file /opt/airflow/dags/etl_pipeline_dag.py for tasks to queue
[2025-11-20T22:51:32.124+0000] {logging_mixin.py:190} INFO - [2025-11-20T22:51:32.124+0000] {dagbag.py:588} INFO - Filling up the DagBag from /opt/airflow/dags/etl_pipeline_dag.py
[2025-11-20T22:51:32.145+0000] {processor.py:925} INFO - DAG(s) 'etl_pipeline' retrieved from /opt/airflow/dags/etl_pipeline_dag.py
[2025-11-20T22:51:32.176+0000] {logging_mixin.py:190} INFO - [2025-11-20T22:51:32.175+0000] {dag.py:3239} INFO - Sync 1 DAGs
[2025-11-20T22:51:32.201+0000] {logging_mixin.py:190} INFO - [2025-11-20T22:51:32.200+0000] {dag.py:4180} INFO - Setting next_dagrun for etl_pipeline to 2025-11-19 00:00:00+00:00, run_after=2025-11-20 00:00:00+00:00
[2025-11-20T22:51:32.227+0000] {processor.py:208} INFO - Processing /opt/airflow/dags/etl_pipeline_dag.py took 0.113 seconds
[2025-11-20T22:52:02.934+0000] {processor.py:186} INFO - Started process (PID=339) to work on /opt/airflow/dags/etl_pipeline_dag.py
[2025-11-20T22:52:02.934+0000] {processor.py:914} INFO - Processing file /opt/airflow/dags/etl_pipeline_dag.py for tasks to queue
[2025-11-20T22:52:02.937+0000] {logging_mixin.py:190} INFO - [2025-11-20T22:52:02.937+0000] {dagbag.py:588} INFO - Filling up the DagBag from /opt/airflow/dags/etl_pipeline_dag.py
[2025-11-20T22:52:02.955+0000] {processor.py:925} INFO - DAG(s) 'etl_pipeline' retrieved from /opt/airflow/dags/etl_pipeline_dag.py
[2025-11-20T22:52:02.977+0000] {logging_mixin.py:190} INFO - [2025-11-20T22:52:02.977+0000] {dag.py:3239} INFO - Sync 1 DAGs
[2025-11-20T22:52:02.996+0000] {logging_mixin.py:190} INFO - [2025-11-20T22:52:02.996+0000] {dag.py:4180} INFO - Setting next_dagrun for etl_pipeline to 2025-11-19 00:00:00+00:00, run_after=2025-11-20 00:00:00+00:00
[2025-11-20T22:52:03.012+0000] {processor.py:208} INFO - Processing /opt/airflow/dags/etl_pipeline_dag.py took 0.084 seconds
[2025-11-20T22:52:33.718+0000] {processor.py:186} INFO - Started process (PID=362) to work on /opt/airflow/dags/etl_pipeline_dag.py
[2025-11-20T22:52:33.719+0000] {processor.py:914} INFO - Processing file /opt/airflow/dags/etl_pipeline_dag.py for tasks to queue
[2025-11-20T22:52:33.722+0000] {logging_mixin.py:190} INFO - [2025-11-20T22:52:33.722+0000] {dagbag.py:588} INFO - Filling up the DagBag from /opt/airflow/dags/etl_pipeline_dag.py
[2025-11-20T22:52:33.741+0000] {processor.py:925} INFO - DAG(s) 'etl_pipeline' retrieved from /opt/airflow/dags/etl_pipeline_dag.py
[2025-11-20T22:52:33.765+0000] {logging_mixin.py:190} INFO - [2025-11-20T22:52:33.764+0000] {dag.py:3239} INFO - Sync 1 DAGs
[2025-11-20T22:52:33.785+0000] {logging_mixin.py:190} INFO - [2025-11-20T22:52:33.784+0000] {dag.py:4180} INFO - Setting next_dagrun for etl_pipeline to 2025-11-19 00:00:00+00:00, run_after=2025-11-20 00:00:00+00:00
[2025-11-20T22:52:33.802+0000] {processor.py:208} INFO - Processing /opt/airflow/dags/etl_pipeline_dag.py took 0.090 seconds
[2025-11-20T22:53:04.681+0000] {processor.py:186} INFO - Started process (PID=385) to work on /opt/airflow/dags/etl_pipeline_dag.py
[2025-11-20T22:53:04.682+0000] {processor.py:914} INFO - Processing file /opt/airflow/dags/etl_pipeline_dag.py for tasks to queue
[2025-11-20T22:53:04.685+0000] {logging_mixin.py:190} INFO - [2025-11-20T22:53:04.684+0000] {dagbag.py:588} INFO - Filling up the DagBag from /opt/airflow/dags/etl_pipeline_dag.py
[2025-11-20T22:53:04.703+0000] {processor.py:925} INFO - DAG(s) 'etl_pipeline' retrieved from /opt/airflow/dags/etl_pipeline_dag.py
[2025-11-20T22:53:04.726+0000] {logging_mixin.py:190} INFO - [2025-11-20T22:53:04.726+0000] {dag.py:3239} INFO - Sync 1 DAGs
[2025-11-20T22:53:04.746+0000] {logging_mixin.py:190} INFO - [2025-11-20T22:53:04.746+0000] {dag.py:4180} INFO - Setting next_dagrun for etl_pipeline to 2025-11-19 00:00:00+00:00, run_after=2025-11-20 00:00:00+00:00
[2025-11-20T22:53:04.760+0000] {processor.py:208} INFO - Processing /opt/airflow/dags/etl_pipeline_dag.py took 0.084 seconds
[2025-11-20T22:53:35.460+0000] {processor.py:186} INFO - Started process (PID=408) to work on /opt/airflow/dags/etl_pipeline_dag.py
[2025-11-20T22:53:35.461+0000] {processor.py:914} INFO - Processing file /opt/airflow/dags/etl_pipeline_dag.py for tasks to queue
[2025-11-20T22:53:35.463+0000] {logging_mixin.py:190} INFO - [2025-11-20T22:53:35.463+0000] {dagbag.py:588} INFO - Filling up the DagBag from /opt/airflow/dags/etl_pipeline_dag.py
[2025-11-20T22:53:35.483+0000] {processor.py:925} INFO - DAG(s) 'etl_pipeline' retrieved from /opt/airflow/dags/etl_pipeline_dag.py
[2025-11-20T22:53:35.508+0000] {logging_mixin.py:190} INFO - [2025-11-20T22:53:35.507+0000] {dag.py:3239} INFO - Sync 1 DAGs
[2025-11-20T22:53:35.529+0000] {logging_mixin.py:190} INFO - [2025-11-20T22:53:35.529+0000] {dag.py:4180} INFO - Setting next_dagrun for etl_pipeline to 2025-11-19 00:00:00+00:00, run_after=2025-11-20 00:00:00+00:00
[2025-11-20T22:53:35.544+0000] {processor.py:208} INFO - Processing /opt/airflow/dags/etl_pipeline_dag.py took 0.090 seconds
[2025-11-20T22:54:06.205+0000] {processor.py:186} INFO - Started process (PID=431) to work on /opt/airflow/dags/etl_pipeline_dag.py
[2025-11-20T22:54:06.206+0000] {processor.py:914} INFO - Processing file /opt/airflow/dags/etl_pipeline_dag.py for tasks to queue
[2025-11-20T22:54:06.209+0000] {logging_mixin.py:190} INFO - [2025-11-20T22:54:06.209+0000] {dagbag.py:588} INFO - Filling up the DagBag from /opt/airflow/dags/etl_pipeline_dag.py
[2025-11-20T22:54:06.229+0000] {processor.py:925} INFO - DAG(s) 'etl_pipeline' retrieved from /opt/airflow/dags/etl_pipeline_dag.py
[2025-11-20T22:54:06.253+0000] {logging_mixin.py:190} INFO - [2025-11-20T22:54:06.253+0000] {dag.py:3239} INFO - Sync 1 DAGs
[2025-11-20T22:54:06.274+0000] {logging_mixin.py:190} INFO - [2025-11-20T22:54:06.274+0000] {dag.py:4180} INFO - Setting next_dagrun for etl_pipeline to 2025-11-19 00:00:00+00:00, run_after=2025-11-20 00:00:00+00:00
[2025-11-20T22:54:06.291+0000] {processor.py:208} INFO - Processing /opt/airflow/dags/etl_pipeline_dag.py took 0.092 seconds
[2025-11-20T22:54:37.216+0000] {processor.py:186} INFO - Started process (PID=454) to work on /opt/airflow/dags/etl_pipeline_dag.py
[2025-11-20T22:54:37.217+0000] {processor.py:914} INFO - Processing file /opt/airflow/dags/etl_pipeline_dag.py for tasks to queue
[2025-11-20T22:54:37.220+0000] {logging_mixin.py:190} INFO - [2025-11-20T22:54:37.219+0000] {dagbag.py:588} INFO - Filling up the DagBag from /opt/airflow/dags/etl_pipeline_dag.py
[2025-11-20T22:54:37.244+0000] {processor.py:925} INFO - DAG(s) 'etl_pipeline' retrieved from /opt/airflow/dags/etl_pipeline_dag.py
[2025-11-20T22:54:37.275+0000] {logging_mixin.py:190} INFO - [2025-11-20T22:54:37.274+0000] {dag.py:3239} INFO - Sync 1 DAGs
[2025-11-20T22:54:37.303+0000] {logging_mixin.py:190} INFO - [2025-11-20T22:54:37.303+0000] {dag.py:4180} INFO - Setting next_dagrun for etl_pipeline to 2025-11-19 00:00:00+00:00, run_after=2025-11-20 00:00:00+00:00
[2025-11-20T22:54:37.346+0000] {processor.py:208} INFO - Processing /opt/airflow/dags/etl_pipeline_dag.py took 0.137 seconds
[2025-11-20T22:55:07.977+0000] {processor.py:186} INFO - Started process (PID=477) to work on /opt/airflow/dags/etl_pipeline_dag.py
[2025-11-20T22:55:07.978+0000] {processor.py:914} INFO - Processing file /opt/airflow/dags/etl_pipeline_dag.py for tasks to queue
[2025-11-20T22:55:07.981+0000] {logging_mixin.py:190} INFO - [2025-11-20T22:55:07.980+0000] {dagbag.py:588} INFO - Filling up the DagBag from /opt/airflow/dags/etl_pipeline_dag.py
[2025-11-20T22:55:07.999+0000] {processor.py:925} INFO - DAG(s) 'etl_pipeline' retrieved from /opt/airflow/dags/etl_pipeline_dag.py
[2025-11-20T22:55:08.023+0000] {logging_mixin.py:190} INFO - [2025-11-20T22:55:08.023+0000] {dag.py:3239} INFO - Sync 1 DAGs
[2025-11-20T22:55:08.044+0000] {logging_mixin.py:190} INFO - [2025-11-20T22:55:08.043+0000] {dag.py:4180} INFO - Setting next_dagrun for etl_pipeline to 2025-11-19 00:00:00+00:00, run_after=2025-11-20 00:00:00+00:00
[2025-11-20T22:55:08.060+0000] {processor.py:208} INFO - Processing /opt/airflow/dags/etl_pipeline_dag.py took 0.088 seconds
[2025-11-20T22:55:39.081+0000] {processor.py:186} INFO - Started process (PID=500) to work on /opt/airflow/dags/etl_pipeline_dag.py
[2025-11-20T22:55:39.082+0000] {processor.py:914} INFO - Processing file /opt/airflow/dags/etl_pipeline_dag.py for tasks to queue
[2025-11-20T22:55:39.084+0000] {logging_mixin.py:190} INFO - [2025-11-20T22:55:39.084+0000] {dagbag.py:588} INFO - Filling up the DagBag from /opt/airflow/dags/etl_pipeline_dag.py
[2025-11-20T22:55:39.105+0000] {processor.py:925} INFO - DAG(s) 'etl_pipeline' retrieved from /opt/airflow/dags/etl_pipeline_dag.py
[2025-11-20T22:55:39.133+0000] {logging_mixin.py:190} INFO - [2025-11-20T22:55:39.132+0000] {dag.py:3239} INFO - Sync 1 DAGs
[2025-11-20T22:55:39.154+0000] {logging_mixin.py:190} INFO - [2025-11-20T22:55:39.153+0000] {dag.py:4180} INFO - Setting next_dagrun for etl_pipeline to 2025-11-19 00:00:00+00:00, run_after=2025-11-20 00:00:00+00:00
[2025-11-20T22:55:39.171+0000] {processor.py:208} INFO - Processing /opt/airflow/dags/etl_pipeline_dag.py took 0.096 seconds
[2025-11-20T22:56:09.666+0000] {processor.py:186} INFO - Started process (PID=523) to work on /opt/airflow/dags/etl_pipeline_dag.py
[2025-11-20T22:56:09.667+0000] {processor.py:914} INFO - Processing file /opt/airflow/dags/etl_pipeline_dag.py for tasks to queue
[2025-11-20T22:56:09.669+0000] {logging_mixin.py:190} INFO - [2025-11-20T22:56:09.669+0000] {dagbag.py:588} INFO - Filling up the DagBag from /opt/airflow/dags/etl_pipeline_dag.py
[2025-11-20T22:56:09.687+0000] {processor.py:925} INFO - DAG(s) 'etl_pipeline' retrieved from /opt/airflow/dags/etl_pipeline_dag.py
[2025-11-20T22:56:09.711+0000] {logging_mixin.py:190} INFO - [2025-11-20T22:56:09.711+0000] {dag.py:3239} INFO - Sync 1 DAGs
[2025-11-20T22:56:09.732+0000] {logging_mixin.py:190} INFO - [2025-11-20T22:56:09.732+0000] {dag.py:4180} INFO - Setting next_dagrun for etl_pipeline to 2025-11-19 00:00:00+00:00, run_after=2025-11-20 00:00:00+00:00
[2025-11-20T22:56:09.747+0000] {processor.py:208} INFO - Processing /opt/airflow/dags/etl_pipeline_dag.py took 0.086 seconds
[2025-11-20T22:56:40.258+0000] {processor.py:186} INFO - Started process (PID=546) to work on /opt/airflow/dags/etl_pipeline_dag.py
[2025-11-20T22:56:40.259+0000] {processor.py:914} INFO - Processing file /opt/airflow/dags/etl_pipeline_dag.py for tasks to queue
[2025-11-20T22:56:40.261+0000] {logging_mixin.py:190} INFO - [2025-11-20T22:56:40.261+0000] {dagbag.py:588} INFO - Filling up the DagBag from /opt/airflow/dags/etl_pipeline_dag.py
[2025-11-20T22:56:40.281+0000] {processor.py:925} INFO - DAG(s) 'etl_pipeline' retrieved from /opt/airflow/dags/etl_pipeline_dag.py
[2025-11-20T22:56:40.307+0000] {logging_mixin.py:190} INFO - [2025-11-20T22:56:40.306+0000] {dag.py:3239} INFO - Sync 1 DAGs
[2025-11-20T22:56:40.329+0000] {logging_mixin.py:190} INFO - [2025-11-20T22:56:40.329+0000] {dag.py:4180} INFO - Setting next_dagrun for etl_pipeline to 2025-11-19 00:00:00+00:00, run_after=2025-11-20 00:00:00+00:00
[2025-11-20T22:56:40.345+0000] {processor.py:208} INFO - Processing /opt/airflow/dags/etl_pipeline_dag.py took 0.093 seconds
[2025-11-20T22:57:11.263+0000] {processor.py:186} INFO - Started process (PID=569) to work on /opt/airflow/dags/etl_pipeline_dag.py
[2025-11-20T22:57:11.264+0000] {processor.py:914} INFO - Processing file /opt/airflow/dags/etl_pipeline_dag.py for tasks to queue
[2025-11-20T22:57:11.267+0000] {logging_mixin.py:190} INFO - [2025-11-20T22:57:11.267+0000] {dagbag.py:588} INFO - Filling up the DagBag from /opt/airflow/dags/etl_pipeline_dag.py
[2025-11-20T22:57:11.286+0000] {processor.py:925} INFO - DAG(s) 'etl_pipeline' retrieved from /opt/airflow/dags/etl_pipeline_dag.py
[2025-11-20T22:57:11.309+0000] {logging_mixin.py:190} INFO - [2025-11-20T22:57:11.309+0000] {dag.py:3239} INFO - Sync 1 DAGs
[2025-11-20T22:57:11.332+0000] {logging_mixin.py:190} INFO - [2025-11-20T22:57:11.331+0000] {dag.py:4180} INFO - Setting next_dagrun for etl_pipeline to 2025-11-19 00:00:00+00:00, run_after=2025-11-20 00:00:00+00:00
[2025-11-20T22:57:11.349+0000] {processor.py:208} INFO - Processing /opt/airflow/dags/etl_pipeline_dag.py took 0.091 seconds
