[2025-09-25T22:15:56.757+0000] {processor.py:186} INFO - Started process (PID=172) to work on /opt/airflow/dags/etl_dag.py
[2025-09-25T22:15:56.758+0000] {processor.py:914} INFO - Processing file /opt/airflow/dags/etl_dag.py for tasks to queue
[2025-09-25T22:15:56.761+0000] {logging_mixin.py:190} INFO - [2025-09-25T22:15:56.760+0000] {dagbag.py:588} INFO - Filling up the DagBag from /opt/airflow/dags/etl_dag.py
[2025-09-25T22:15:56.797+0000] {processor.py:925} INFO - DAG(s) 'etl_pipeline' retrieved from /opt/airflow/dags/etl_dag.py
[2025-09-25T22:15:57.031+0000] {logging_mixin.py:190} INFO - [2025-09-25T22:15:57.030+0000] {override.py:1900} INFO - Created Permission View: can edit on DAG:etl_pipeline
[2025-09-25T22:15:57.040+0000] {logging_mixin.py:190} INFO - [2025-09-25T22:15:57.039+0000] {override.py:1900} INFO - Created Permission View: can delete on DAG:etl_pipeline
[2025-09-25T22:15:57.048+0000] {logging_mixin.py:190} INFO - [2025-09-25T22:15:57.047+0000] {override.py:1903} ERROR - Creation of Permission View Error: (psycopg2.errors.UniqueViolation) duplicate key value violates unique constraint "ab_permission_view_permission_id_view_menu_id_uq"
DETAIL:  Key (permission_id, view_menu_id)=(2, 54) already exists.

[SQL: INSERT INTO ab_permission_view (permission_id, view_menu_id) VALUES (%(permission_id)s, %(view_menu_id)s) RETURNING ab_permission_view.id]
[parameters: {'permission_id': 2, 'view_menu_id': 54}]
(Background on this error at: https://sqlalche.me/e/14/gkpj)
[2025-09-25T22:15:57.052+0000] {logging_mixin.py:190} INFO - [2025-09-25T22:15:57.051+0000] {override.py:1808} ERROR - Add View Menu Error: (psycopg2.errors.UniqueViolation) duplicate key value violates unique constraint "ab_view_menu_name_uq"
DETAIL:  Key (name)=(DAG Run:etl_pipeline) already exists.

[SQL: INSERT INTO ab_view_menu (name) VALUES (%(name)s) RETURNING ab_view_menu.id]
[parameters: {'name': 'DAG Run:etl_pipeline'}]
(Background on this error at: https://sqlalche.me/e/14/gkpj)
[2025-09-25T22:15:57.055+0000] {logging_mixin.py:190} INFO - [2025-09-25T22:15:57.055+0000] {override.py:1900} INFO - Created Permission View: can delete on None
[2025-09-25T22:15:57.061+0000] {logging_mixin.py:190} INFO - [2025-09-25T22:15:57.060+0000] {override.py:1903} ERROR - Creation of Permission View Error: (psycopg2.errors.UniqueViolation) duplicate key value violates unique constraint "ab_permission_view_permission_id_view_menu_id_uq"
DETAIL:  Key (permission_id, view_menu_id)=(5, 55) already exists.

[SQL: INSERT INTO ab_permission_view (permission_id, view_menu_id) VALUES (%(permission_id)s, %(view_menu_id)s) RETURNING ab_permission_view.id]
[parameters: {'permission_id': 5, 'view_menu_id': 55}]
(Background on this error at: https://sqlalche.me/e/14/gkpj)
[2025-09-25T22:15:57.065+0000] {logging_mixin.py:190} INFO - [2025-09-25T22:15:57.065+0000] {override.py:1903} ERROR - Creation of Permission View Error: (psycopg2.errors.UniqueViolation) duplicate key value violates unique constraint "ab_permission_view_permission_id_view_menu_id_uq"
DETAIL:  Key (permission_id, view_menu_id)=(3, 55) already exists.

[SQL: INSERT INTO ab_permission_view (permission_id, view_menu_id) VALUES (%(permission_id)s, %(view_menu_id)s) RETURNING ab_permission_view.id]
[parameters: {'permission_id': 3, 'view_menu_id': 55}]
(Background on this error at: https://sqlalche.me/e/14/gkpj)
[2025-09-25T22:15:57.070+0000] {logging_mixin.py:190} INFO - [2025-09-25T22:15:57.070+0000] {override.py:1900} INFO - Created Permission View: can read on DAG Run:etl_pipeline
[2025-09-25T22:15:57.071+0000] {logging_mixin.py:190} INFO - [2025-09-25T22:15:57.071+0000] {dag.py:3239} INFO - Sync 1 DAGs
[2025-09-25T22:15:57.082+0000] {logging_mixin.py:190} INFO - [2025-09-25T22:15:57.082+0000] {dag.py:3262} INFO - Creating ORM DAG for etl_pipeline
[2025-09-25T22:15:57.083+0000] {logging_mixin.py:190} INFO - [2025-09-25T22:15:57.083+0000] {dag.py:4180} INFO - Setting next_dagrun for etl_pipeline to None, run_after=None
[2025-09-25T22:15:57.100+0000] {processor.py:208} INFO - Processing /opt/airflow/dags/etl_dag.py took 0.350 seconds
[2025-09-25T22:16:27.936+0000] {processor.py:186} INFO - Started process (PID=182) to work on /opt/airflow/dags/etl_dag.py
[2025-09-25T22:16:27.937+0000] {processor.py:914} INFO - Processing file /opt/airflow/dags/etl_dag.py for tasks to queue
[2025-09-25T22:16:27.940+0000] {logging_mixin.py:190} INFO - [2025-09-25T22:16:27.939+0000] {dagbag.py:588} INFO - Filling up the DagBag from /opt/airflow/dags/etl_dag.py
[2025-09-25T22:16:27.959+0000] {processor.py:925} INFO - DAG(s) 'etl_pipeline' retrieved from /opt/airflow/dags/etl_dag.py
[2025-09-25T22:16:27.992+0000] {logging_mixin.py:190} INFO - [2025-09-25T22:16:27.992+0000] {dag.py:3239} INFO - Sync 1 DAGs
[2025-09-25T22:16:28.006+0000] {logging_mixin.py:190} INFO - [2025-09-25T22:16:28.006+0000] {dag.py:4180} INFO - Setting next_dagrun for etl_pipeline to None, run_after=None
[2025-09-25T22:16:28.024+0000] {processor.py:208} INFO - Processing /opt/airflow/dags/etl_dag.py took 0.095 seconds
[2025-09-25T22:16:59.127+0000] {processor.py:186} INFO - Started process (PID=192) to work on /opt/airflow/dags/etl_dag.py
[2025-09-25T22:16:59.129+0000] {processor.py:914} INFO - Processing file /opt/airflow/dags/etl_dag.py for tasks to queue
[2025-09-25T22:16:59.133+0000] {logging_mixin.py:190} INFO - [2025-09-25T22:16:59.133+0000] {dagbag.py:588} INFO - Filling up the DagBag from /opt/airflow/dags/etl_dag.py
[2025-09-25T22:16:59.161+0000] {processor.py:925} INFO - DAG(s) 'etl_pipeline' retrieved from /opt/airflow/dags/etl_dag.py
[2025-09-25T22:16:59.296+0000] {logging_mixin.py:190} INFO - [2025-09-25T22:16:59.295+0000] {dag.py:3239} INFO - Sync 1 DAGs
[2025-09-25T22:16:59.307+0000] {logging_mixin.py:190} INFO - [2025-09-25T22:16:59.307+0000] {dag.py:4180} INFO - Setting next_dagrun for etl_pipeline to None, run_after=None
[2025-09-25T22:16:59.325+0000] {processor.py:208} INFO - Processing /opt/airflow/dags/etl_dag.py took 0.209 seconds
[2025-09-25T22:17:29.731+0000] {processor.py:186} INFO - Started process (PID=202) to work on /opt/airflow/dags/etl_dag.py
[2025-09-25T22:17:29.732+0000] {processor.py:914} INFO - Processing file /opt/airflow/dags/etl_dag.py for tasks to queue
[2025-09-25T22:17:29.735+0000] {logging_mixin.py:190} INFO - [2025-09-25T22:17:29.734+0000] {dagbag.py:588} INFO - Filling up the DagBag from /opt/airflow/dags/etl_dag.py
[2025-09-25T22:17:29.754+0000] {processor.py:925} INFO - DAG(s) 'etl_pipeline' retrieved from /opt/airflow/dags/etl_dag.py
[2025-09-25T22:17:29.780+0000] {logging_mixin.py:190} INFO - [2025-09-25T22:17:29.779+0000] {dag.py:3239} INFO - Sync 1 DAGs
[2025-09-25T22:17:29.794+0000] {logging_mixin.py:190} INFO - [2025-09-25T22:17:29.794+0000] {dag.py:4180} INFO - Setting next_dagrun for etl_pipeline to None, run_after=None
[2025-09-25T22:17:29.811+0000] {processor.py:208} INFO - Processing /opt/airflow/dags/etl_dag.py took 0.086 seconds
[2025-09-25T22:18:00.569+0000] {processor.py:186} INFO - Started process (PID=212) to work on /opt/airflow/dags/etl_dag.py
[2025-09-25T22:18:00.570+0000] {processor.py:914} INFO - Processing file /opt/airflow/dags/etl_dag.py for tasks to queue
[2025-09-25T22:18:00.572+0000] {logging_mixin.py:190} INFO - [2025-09-25T22:18:00.572+0000] {dagbag.py:588} INFO - Filling up the DagBag from /opt/airflow/dags/etl_dag.py
[2025-09-25T22:18:00.590+0000] {processor.py:925} INFO - DAG(s) 'etl_pipeline' retrieved from /opt/airflow/dags/etl_dag.py
[2025-09-25T22:18:00.703+0000] {logging_mixin.py:190} INFO - [2025-09-25T22:18:00.703+0000] {dag.py:3239} INFO - Sync 1 DAGs
[2025-09-25T22:18:00.715+0000] {logging_mixin.py:190} INFO - [2025-09-25T22:18:00.715+0000] {dag.py:4180} INFO - Setting next_dagrun for etl_pipeline to None, run_after=None
[2025-09-25T22:18:00.733+0000] {processor.py:208} INFO - Processing /opt/airflow/dags/etl_dag.py took 0.171 seconds
[2025-09-25T22:18:31.078+0000] {processor.py:186} INFO - Started process (PID=222) to work on /opt/airflow/dags/etl_dag.py
[2025-09-25T22:18:31.079+0000] {processor.py:914} INFO - Processing file /opt/airflow/dags/etl_dag.py for tasks to queue
[2025-09-25T22:18:31.083+0000] {logging_mixin.py:190} INFO - [2025-09-25T22:18:31.082+0000] {dagbag.py:588} INFO - Filling up the DagBag from /opt/airflow/dags/etl_dag.py
[2025-09-25T22:18:31.105+0000] {processor.py:925} INFO - DAG(s) 'etl_pipeline' retrieved from /opt/airflow/dags/etl_dag.py
[2025-09-25T22:18:31.134+0000] {logging_mixin.py:190} INFO - [2025-09-25T22:18:31.134+0000] {dag.py:3239} INFO - Sync 1 DAGs
[2025-09-25T22:18:31.152+0000] {logging_mixin.py:190} INFO - [2025-09-25T22:18:31.152+0000] {dag.py:4180} INFO - Setting next_dagrun for etl_pipeline to None, run_after=None
[2025-09-25T22:18:31.170+0000] {processor.py:208} INFO - Processing /opt/airflow/dags/etl_dag.py took 0.100 seconds
[2025-09-25T22:19:01.688+0000] {processor.py:186} INFO - Started process (PID=232) to work on /opt/airflow/dags/etl_dag.py
[2025-09-25T22:19:01.689+0000] {processor.py:914} INFO - Processing file /opt/airflow/dags/etl_dag.py for tasks to queue
[2025-09-25T22:19:01.692+0000] {logging_mixin.py:190} INFO - [2025-09-25T22:19:01.691+0000] {dagbag.py:588} INFO - Filling up the DagBag from /opt/airflow/dags/etl_dag.py
[2025-09-25T22:19:01.710+0000] {processor.py:925} INFO - DAG(s) 'etl_pipeline' retrieved from /opt/airflow/dags/etl_dag.py
[2025-09-25T22:19:01.817+0000] {logging_mixin.py:190} INFO - [2025-09-25T22:19:01.817+0000] {dag.py:3239} INFO - Sync 1 DAGs
[2025-09-25T22:19:01.827+0000] {logging_mixin.py:190} INFO - [2025-09-25T22:19:01.827+0000] {dag.py:4180} INFO - Setting next_dagrun for etl_pipeline to None, run_after=None
[2025-09-25T22:19:01.843+0000] {processor.py:208} INFO - Processing /opt/airflow/dags/etl_dag.py took 0.162 seconds
[2025-09-25T22:19:51.592+0000] {processor.py:186} INFO - Started process (PID=172) to work on /opt/airflow/dags/etl_dag.py
[2025-09-25T22:19:51.593+0000] {processor.py:914} INFO - Processing file /opt/airflow/dags/etl_dag.py for tasks to queue
[2025-09-25T22:19:51.595+0000] {logging_mixin.py:190} INFO - [2025-09-25T22:19:51.595+0000] {dagbag.py:588} INFO - Filling up the DagBag from /opt/airflow/dags/etl_dag.py
[2025-09-25T22:19:51.625+0000] {processor.py:925} INFO - DAG(s) 'etl_pipeline' retrieved from /opt/airflow/dags/etl_dag.py
[2025-09-25T22:19:51.662+0000] {logging_mixin.py:190} INFO - [2025-09-25T22:19:51.662+0000] {dag.py:3239} INFO - Sync 1 DAGs
[2025-09-25T22:19:51.677+0000] {logging_mixin.py:190} INFO - [2025-09-25T22:19:51.677+0000] {dag.py:4180} INFO - Setting next_dagrun for etl_pipeline to None, run_after=None
[2025-09-25T22:19:51.695+0000] {processor.py:208} INFO - Processing /opt/airflow/dags/etl_dag.py took 0.110 seconds
[2025-09-25T22:20:21.953+0000] {processor.py:186} INFO - Started process (PID=182) to work on /opt/airflow/dags/etl_dag.py
[2025-09-25T22:20:21.954+0000] {processor.py:914} INFO - Processing file /opt/airflow/dags/etl_dag.py for tasks to queue
[2025-09-25T22:20:21.956+0000] {logging_mixin.py:190} INFO - [2025-09-25T22:20:21.956+0000] {dagbag.py:588} INFO - Filling up the DagBag from /opt/airflow/dags/etl_dag.py
[2025-09-25T22:20:21.977+0000] {processor.py:925} INFO - DAG(s) 'etl_pipeline' retrieved from /opt/airflow/dags/etl_dag.py
[2025-09-25T22:20:22.094+0000] {logging_mixin.py:190} INFO - [2025-09-25T22:20:22.094+0000] {dag.py:3239} INFO - Sync 1 DAGs
[2025-09-25T22:20:22.105+0000] {logging_mixin.py:190} INFO - [2025-09-25T22:20:22.105+0000] {dag.py:4180} INFO - Setting next_dagrun for etl_pipeline to None, run_after=None
[2025-09-25T22:20:22.120+0000] {processor.py:208} INFO - Processing /opt/airflow/dags/etl_dag.py took 0.175 seconds
[2025-09-25T22:20:52.346+0000] {processor.py:186} INFO - Started process (PID=192) to work on /opt/airflow/dags/etl_dag.py
[2025-09-25T22:20:52.347+0000] {processor.py:914} INFO - Processing file /opt/airflow/dags/etl_dag.py for tasks to queue
[2025-09-25T22:20:52.350+0000] {logging_mixin.py:190} INFO - [2025-09-25T22:20:52.349+0000] {dagbag.py:588} INFO - Filling up the DagBag from /opt/airflow/dags/etl_dag.py
[2025-09-25T22:20:52.368+0000] {processor.py:925} INFO - DAG(s) 'etl_pipeline' retrieved from /opt/airflow/dags/etl_dag.py
[2025-09-25T22:20:52.396+0000] {logging_mixin.py:190} INFO - [2025-09-25T22:20:52.396+0000] {dag.py:3239} INFO - Sync 1 DAGs
[2025-09-25T22:20:52.409+0000] {logging_mixin.py:190} INFO - [2025-09-25T22:20:52.409+0000] {dag.py:4180} INFO - Setting next_dagrun for etl_pipeline to None, run_after=None
[2025-09-25T22:20:52.426+0000] {processor.py:208} INFO - Processing /opt/airflow/dags/etl_dag.py took 0.086 seconds
[2025-09-25T22:21:22.547+0000] {processor.py:186} INFO - Started process (PID=202) to work on /opt/airflow/dags/etl_dag.py
[2025-09-25T22:21:22.548+0000] {processor.py:914} INFO - Processing file /opt/airflow/dags/etl_dag.py for tasks to queue
[2025-09-25T22:21:22.553+0000] {logging_mixin.py:190} INFO - [2025-09-25T22:21:22.550+0000] {dagbag.py:588} INFO - Filling up the DagBag from /opt/airflow/dags/etl_dag.py
[2025-09-25T22:21:22.571+0000] {processor.py:925} INFO - DAG(s) 'etl_pipeline' retrieved from /opt/airflow/dags/etl_dag.py
[2025-09-25T22:21:22.680+0000] {logging_mixin.py:190} INFO - [2025-09-25T22:21:22.680+0000] {dag.py:3239} INFO - Sync 1 DAGs
[2025-09-25T22:21:22.690+0000] {logging_mixin.py:190} INFO - [2025-09-25T22:21:22.690+0000] {dag.py:4180} INFO - Setting next_dagrun for etl_pipeline to None, run_after=None
[2025-09-25T22:21:22.705+0000] {processor.py:208} INFO - Processing /opt/airflow/dags/etl_dag.py took 0.163 seconds
[2025-09-25T22:21:53.302+0000] {processor.py:186} INFO - Started process (PID=212) to work on /opt/airflow/dags/etl_dag.py
[2025-09-25T22:21:53.304+0000] {processor.py:914} INFO - Processing file /opt/airflow/dags/etl_dag.py for tasks to queue
[2025-09-25T22:21:53.307+0000] {logging_mixin.py:190} INFO - [2025-09-25T22:21:53.307+0000] {dagbag.py:588} INFO - Filling up the DagBag from /opt/airflow/dags/etl_dag.py
[2025-09-25T22:21:53.326+0000] {processor.py:925} INFO - DAG(s) 'etl_pipeline' retrieved from /opt/airflow/dags/etl_dag.py
[2025-09-25T22:21:53.354+0000] {logging_mixin.py:190} INFO - [2025-09-25T22:21:53.353+0000] {dag.py:3239} INFO - Sync 1 DAGs
[2025-09-25T22:21:53.368+0000] {logging_mixin.py:190} INFO - [2025-09-25T22:21:53.367+0000] {dag.py:4180} INFO - Setting next_dagrun for etl_pipeline to None, run_after=None
[2025-09-25T22:21:53.389+0000] {processor.py:208} INFO - Processing /opt/airflow/dags/etl_dag.py took 0.094 seconds
[2025-09-25T22:22:23.905+0000] {processor.py:186} INFO - Started process (PID=222) to work on /opt/airflow/dags/etl_dag.py
[2025-09-25T22:22:23.906+0000] {processor.py:914} INFO - Processing file /opt/airflow/dags/etl_dag.py for tasks to queue
[2025-09-25T22:22:23.908+0000] {logging_mixin.py:190} INFO - [2025-09-25T22:22:23.908+0000] {dagbag.py:588} INFO - Filling up the DagBag from /opt/airflow/dags/etl_dag.py
[2025-09-25T22:22:23.927+0000] {processor.py:925} INFO - DAG(s) 'etl_pipeline' retrieved from /opt/airflow/dags/etl_dag.py
[2025-09-25T22:22:24.034+0000] {logging_mixin.py:190} INFO - [2025-09-25T22:22:24.034+0000] {dag.py:3239} INFO - Sync 1 DAGs
[2025-09-25T22:22:24.045+0000] {logging_mixin.py:190} INFO - [2025-09-25T22:22:24.045+0000] {dag.py:4180} INFO - Setting next_dagrun for etl_pipeline to None, run_after=None
[2025-09-25T22:22:24.061+0000] {processor.py:208} INFO - Processing /opt/airflow/dags/etl_dag.py took 0.164 seconds
[2025-09-25T22:22:54.200+0000] {processor.py:186} INFO - Started process (PID=232) to work on /opt/airflow/dags/etl_dag.py
[2025-09-25T22:22:54.201+0000] {processor.py:914} INFO - Processing file /opt/airflow/dags/etl_dag.py for tasks to queue
[2025-09-25T22:22:54.203+0000] {logging_mixin.py:190} INFO - [2025-09-25T22:22:54.203+0000] {dagbag.py:588} INFO - Filling up the DagBag from /opt/airflow/dags/etl_dag.py
[2025-09-25T22:22:54.222+0000] {processor.py:925} INFO - DAG(s) 'etl_pipeline' retrieved from /opt/airflow/dags/etl_dag.py
[2025-09-25T22:22:54.251+0000] {logging_mixin.py:190} INFO - [2025-09-25T22:22:54.250+0000] {dag.py:3239} INFO - Sync 1 DAGs
[2025-09-25T22:22:54.266+0000] {logging_mixin.py:190} INFO - [2025-09-25T22:22:54.266+0000] {dag.py:4180} INFO - Setting next_dagrun for etl_pipeline to None, run_after=None
[2025-09-25T22:22:54.284+0000] {processor.py:208} INFO - Processing /opt/airflow/dags/etl_dag.py took 0.090 seconds
[2025-09-25T22:23:24.567+0000] {processor.py:186} INFO - Started process (PID=242) to work on /opt/airflow/dags/etl_dag.py
[2025-09-25T22:23:24.568+0000] {processor.py:914} INFO - Processing file /opt/airflow/dags/etl_dag.py for tasks to queue
[2025-09-25T22:23:24.571+0000] {logging_mixin.py:190} INFO - [2025-09-25T22:23:24.571+0000] {dagbag.py:588} INFO - Filling up the DagBag from /opt/airflow/dags/etl_dag.py
[2025-09-25T22:23:24.591+0000] {processor.py:925} INFO - DAG(s) 'etl_pipeline' retrieved from /opt/airflow/dags/etl_dag.py
[2025-09-25T22:23:24.714+0000] {logging_mixin.py:190} INFO - [2025-09-25T22:23:24.714+0000] {dag.py:3239} INFO - Sync 1 DAGs
[2025-09-25T22:23:24.725+0000] {logging_mixin.py:190} INFO - [2025-09-25T22:23:24.725+0000] {dag.py:4180} INFO - Setting next_dagrun for etl_pipeline to None, run_after=None
[2025-09-25T22:23:24.741+0000] {processor.py:208} INFO - Processing /opt/airflow/dags/etl_dag.py took 0.181 seconds
[2025-09-25T22:23:54.789+0000] {processor.py:186} INFO - Started process (PID=252) to work on /opt/airflow/dags/etl_dag.py
[2025-09-25T22:23:54.790+0000] {processor.py:914} INFO - Processing file /opt/airflow/dags/etl_dag.py for tasks to queue
[2025-09-25T22:23:54.793+0000] {logging_mixin.py:190} INFO - [2025-09-25T22:23:54.793+0000] {dagbag.py:588} INFO - Filling up the DagBag from /opt/airflow/dags/etl_dag.py
[2025-09-25T22:23:54.812+0000] {processor.py:925} INFO - DAG(s) 'etl_pipeline' retrieved from /opt/airflow/dags/etl_dag.py
[2025-09-25T22:23:54.839+0000] {logging_mixin.py:190} INFO - [2025-09-25T22:23:54.839+0000] {dag.py:3239} INFO - Sync 1 DAGs
[2025-09-25T22:23:54.853+0000] {logging_mixin.py:190} INFO - [2025-09-25T22:23:54.853+0000] {dag.py:4180} INFO - Setting next_dagrun for etl_pipeline to None, run_after=None
[2025-09-25T22:23:54.873+0000] {processor.py:208} INFO - Processing /opt/airflow/dags/etl_dag.py took 0.090 seconds
[2025-09-25T22:24:25.261+0000] {processor.py:186} INFO - Started process (PID=262) to work on /opt/airflow/dags/etl_dag.py
[2025-09-25T22:24:25.262+0000] {processor.py:914} INFO - Processing file /opt/airflow/dags/etl_dag.py for tasks to queue
[2025-09-25T22:24:25.265+0000] {logging_mixin.py:190} INFO - [2025-09-25T22:24:25.264+0000] {dagbag.py:588} INFO - Filling up the DagBag from /opt/airflow/dags/etl_dag.py
[2025-09-25T22:24:25.283+0000] {processor.py:925} INFO - DAG(s) 'etl_pipeline' retrieved from /opt/airflow/dags/etl_dag.py
[2025-09-25T22:24:25.389+0000] {logging_mixin.py:190} INFO - [2025-09-25T22:24:25.389+0000] {dag.py:3239} INFO - Sync 1 DAGs
[2025-09-25T22:24:25.399+0000] {logging_mixin.py:190} INFO - [2025-09-25T22:24:25.399+0000] {dag.py:4180} INFO - Setting next_dagrun for etl_pipeline to None, run_after=None
[2025-09-25T22:24:25.415+0000] {processor.py:208} INFO - Processing /opt/airflow/dags/etl_dag.py took 0.161 seconds
[2025-09-25T22:24:55.777+0000] {processor.py:186} INFO - Started process (PID=272) to work on /opt/airflow/dags/etl_dag.py
[2025-09-25T22:24:55.778+0000] {processor.py:914} INFO - Processing file /opt/airflow/dags/etl_dag.py for tasks to queue
[2025-09-25T22:24:55.781+0000] {logging_mixin.py:190} INFO - [2025-09-25T22:24:55.780+0000] {dagbag.py:588} INFO - Filling up the DagBag from /opt/airflow/dags/etl_dag.py
[2025-09-25T22:24:55.800+0000] {processor.py:925} INFO - DAG(s) 'etl_pipeline' retrieved from /opt/airflow/dags/etl_dag.py
[2025-09-25T22:24:55.827+0000] {logging_mixin.py:190} INFO - [2025-09-25T22:24:55.826+0000] {dag.py:3239} INFO - Sync 1 DAGs
[2025-09-25T22:24:55.840+0000] {logging_mixin.py:190} INFO - [2025-09-25T22:24:55.840+0000] {dag.py:4180} INFO - Setting next_dagrun for etl_pipeline to None, run_after=None
[2025-09-25T22:24:55.856+0000] {processor.py:208} INFO - Processing /opt/airflow/dags/etl_dag.py took 0.086 seconds
[2025-09-25T22:25:26.512+0000] {processor.py:186} INFO - Started process (PID=282) to work on /opt/airflow/dags/etl_dag.py
[2025-09-25T22:25:26.513+0000] {processor.py:914} INFO - Processing file /opt/airflow/dags/etl_dag.py for tasks to queue
[2025-09-25T22:25:26.515+0000] {logging_mixin.py:190} INFO - [2025-09-25T22:25:26.515+0000] {dagbag.py:588} INFO - Filling up the DagBag from /opt/airflow/dags/etl_dag.py
[2025-09-25T22:25:26.535+0000] {processor.py:925} INFO - DAG(s) 'etl_pipeline' retrieved from /opt/airflow/dags/etl_dag.py
[2025-09-25T22:25:26.642+0000] {logging_mixin.py:190} INFO - [2025-09-25T22:25:26.642+0000] {dag.py:3239} INFO - Sync 1 DAGs
[2025-09-25T22:25:26.654+0000] {logging_mixin.py:190} INFO - [2025-09-25T22:25:26.654+0000] {dag.py:4180} INFO - Setting next_dagrun for etl_pipeline to None, run_after=None
[2025-09-25T22:25:26.817+0000] {processor.py:208} INFO - Processing /opt/airflow/dags/etl_dag.py took 0.312 seconds
[2025-09-25T22:25:57.503+0000] {processor.py:186} INFO - Started process (PID=292) to work on /opt/airflow/dags/etl_dag.py
[2025-09-25T22:25:57.504+0000] {processor.py:914} INFO - Processing file /opt/airflow/dags/etl_dag.py for tasks to queue
[2025-09-25T22:25:57.507+0000] {logging_mixin.py:190} INFO - [2025-09-25T22:25:57.506+0000] {dagbag.py:588} INFO - Filling up the DagBag from /opt/airflow/dags/etl_dag.py
[2025-09-25T22:25:57.527+0000] {processor.py:925} INFO - DAG(s) 'etl_pipeline' retrieved from /opt/airflow/dags/etl_dag.py
[2025-09-25T22:25:57.555+0000] {logging_mixin.py:190} INFO - [2025-09-25T22:25:57.555+0000] {dag.py:3239} INFO - Sync 1 DAGs
[2025-09-25T22:25:57.571+0000] {logging_mixin.py:190} INFO - [2025-09-25T22:25:57.571+0000] {dag.py:4180} INFO - Setting next_dagrun for etl_pipeline to None, run_after=None
[2025-09-25T22:25:57.592+0000] {processor.py:208} INFO - Processing /opt/airflow/dags/etl_dag.py took 0.095 seconds
[2025-09-25T22:26:28.365+0000] {processor.py:186} INFO - Started process (PID=302) to work on /opt/airflow/dags/etl_dag.py
[2025-09-25T22:26:28.366+0000] {processor.py:914} INFO - Processing file /opt/airflow/dags/etl_dag.py for tasks to queue
[2025-09-25T22:26:28.369+0000] {logging_mixin.py:190} INFO - [2025-09-25T22:26:28.369+0000] {dagbag.py:588} INFO - Filling up the DagBag from /opt/airflow/dags/etl_dag.py
[2025-09-25T22:26:28.388+0000] {processor.py:925} INFO - DAG(s) 'etl_pipeline' retrieved from /opt/airflow/dags/etl_dag.py
[2025-09-25T22:26:28.500+0000] {logging_mixin.py:190} INFO - [2025-09-25T22:26:28.500+0000] {dag.py:3239} INFO - Sync 1 DAGs
[2025-09-25T22:26:28.511+0000] {logging_mixin.py:190} INFO - [2025-09-25T22:26:28.511+0000] {dag.py:4180} INFO - Setting next_dagrun for etl_pipeline to None, run_after=None
[2025-09-25T22:26:28.526+0000] {processor.py:208} INFO - Processing /opt/airflow/dags/etl_dag.py took 0.168 seconds
[2025-09-25T22:26:59.112+0000] {processor.py:186} INFO - Started process (PID=312) to work on /opt/airflow/dags/etl_dag.py
[2025-09-25T22:26:59.113+0000] {processor.py:914} INFO - Processing file /opt/airflow/dags/etl_dag.py for tasks to queue
[2025-09-25T22:26:59.116+0000] {logging_mixin.py:190} INFO - [2025-09-25T22:26:59.115+0000] {dagbag.py:588} INFO - Filling up the DagBag from /opt/airflow/dags/etl_dag.py
[2025-09-25T22:26:59.135+0000] {processor.py:925} INFO - DAG(s) 'etl_pipeline' retrieved from /opt/airflow/dags/etl_dag.py
[2025-09-25T22:26:59.163+0000] {logging_mixin.py:190} INFO - [2025-09-25T22:26:59.163+0000] {dag.py:3239} INFO - Sync 1 DAGs
[2025-09-25T22:26:59.178+0000] {logging_mixin.py:190} INFO - [2025-09-25T22:26:59.177+0000] {dag.py:4180} INFO - Setting next_dagrun for etl_pipeline to None, run_after=None
[2025-09-25T22:26:59.195+0000] {processor.py:208} INFO - Processing /opt/airflow/dags/etl_dag.py took 0.091 seconds
[2025-09-25T22:27:30.107+0000] {processor.py:186} INFO - Started process (PID=322) to work on /opt/airflow/dags/etl_dag.py
[2025-09-25T22:27:30.108+0000] {processor.py:914} INFO - Processing file /opt/airflow/dags/etl_dag.py for tasks to queue
[2025-09-25T22:27:30.111+0000] {logging_mixin.py:190} INFO - [2025-09-25T22:27:30.111+0000] {dagbag.py:588} INFO - Filling up the DagBag from /opt/airflow/dags/etl_dag.py
[2025-09-25T22:27:30.129+0000] {processor.py:925} INFO - DAG(s) 'etl_pipeline' retrieved from /opt/airflow/dags/etl_dag.py
[2025-09-25T22:27:30.243+0000] {logging_mixin.py:190} INFO - [2025-09-25T22:27:30.243+0000] {dag.py:3239} INFO - Sync 1 DAGs
[2025-09-25T22:27:30.253+0000] {logging_mixin.py:190} INFO - [2025-09-25T22:27:30.253+0000] {dag.py:4180} INFO - Setting next_dagrun for etl_pipeline to None, run_after=None
[2025-09-25T22:27:30.269+0000] {processor.py:208} INFO - Processing /opt/airflow/dags/etl_dag.py took 0.169 seconds
[2025-09-25T22:28:00.418+0000] {processor.py:186} INFO - Started process (PID=332) to work on /opt/airflow/dags/etl_dag.py
[2025-09-25T22:28:00.419+0000] {processor.py:914} INFO - Processing file /opt/airflow/dags/etl_dag.py for tasks to queue
[2025-09-25T22:28:00.422+0000] {logging_mixin.py:190} INFO - [2025-09-25T22:28:00.422+0000] {dagbag.py:588} INFO - Filling up the DagBag from /opt/airflow/dags/etl_dag.py
[2025-09-25T22:28:00.442+0000] {processor.py:925} INFO - DAG(s) 'etl_pipeline' retrieved from /opt/airflow/dags/etl_dag.py
[2025-09-25T22:28:00.471+0000] {logging_mixin.py:190} INFO - [2025-09-25T22:28:00.470+0000] {dag.py:3239} INFO - Sync 1 DAGs
[2025-09-25T22:28:00.485+0000] {logging_mixin.py:190} INFO - [2025-09-25T22:28:00.485+0000] {dag.py:4180} INFO - Setting next_dagrun for etl_pipeline to None, run_after=None
[2025-09-25T22:28:00.507+0000] {processor.py:208} INFO - Processing /opt/airflow/dags/etl_dag.py took 0.095 seconds
[2025-09-25T22:28:31.311+0000] {processor.py:186} INFO - Started process (PID=342) to work on /opt/airflow/dags/etl_dag.py
[2025-09-25T22:28:31.313+0000] {processor.py:914} INFO - Processing file /opt/airflow/dags/etl_dag.py for tasks to queue
[2025-09-25T22:28:31.316+0000] {logging_mixin.py:190} INFO - [2025-09-25T22:28:31.315+0000] {dagbag.py:588} INFO - Filling up the DagBag from /opt/airflow/dags/etl_dag.py
[2025-09-25T22:28:31.337+0000] {processor.py:925} INFO - DAG(s) 'etl_pipeline' retrieved from /opt/airflow/dags/etl_dag.py
[2025-09-25T22:28:31.461+0000] {logging_mixin.py:190} INFO - [2025-09-25T22:28:31.460+0000] {dag.py:3239} INFO - Sync 1 DAGs
[2025-09-25T22:28:31.633+0000] {logging_mixin.py:190} INFO - [2025-09-25T22:28:31.633+0000] {dag.py:4180} INFO - Setting next_dagrun for etl_pipeline to None, run_after=None
[2025-09-25T22:28:31.653+0000] {processor.py:208} INFO - Processing /opt/airflow/dags/etl_dag.py took 0.349 seconds
[2025-09-25T22:29:02.177+0000] {processor.py:186} INFO - Started process (PID=352) to work on /opt/airflow/dags/etl_dag.py
[2025-09-25T22:29:02.178+0000] {processor.py:914} INFO - Processing file /opt/airflow/dags/etl_dag.py for tasks to queue
[2025-09-25T22:29:02.181+0000] {logging_mixin.py:190} INFO - [2025-09-25T22:29:02.181+0000] {dagbag.py:588} INFO - Filling up the DagBag from /opt/airflow/dags/etl_dag.py
[2025-09-25T22:29:02.220+0000] {processor.py:925} INFO - DAG(s) 'etl_pipeline' retrieved from /opt/airflow/dags/etl_dag.py
[2025-09-25T22:29:02.301+0000] {logging_mixin.py:190} INFO - [2025-09-25T22:29:02.301+0000] {dag.py:3239} INFO - Sync 1 DAGs
[2025-09-25T22:29:02.322+0000] {logging_mixin.py:190} INFO - [2025-09-25T22:29:02.322+0000] {dag.py:4180} INFO - Setting next_dagrun for etl_pipeline to None, run_after=None
[2025-09-25T22:29:02.347+0000] {processor.py:208} INFO - Processing /opt/airflow/dags/etl_dag.py took 0.197 seconds
[2025-09-25T22:29:32.940+0000] {processor.py:186} INFO - Started process (PID=362) to work on /opt/airflow/dags/etl_dag.py
[2025-09-25T22:29:32.942+0000] {processor.py:914} INFO - Processing file /opt/airflow/dags/etl_dag.py for tasks to queue
[2025-09-25T22:29:32.945+0000] {logging_mixin.py:190} INFO - [2025-09-25T22:29:32.945+0000] {dagbag.py:588} INFO - Filling up the DagBag from /opt/airflow/dags/etl_dag.py
[2025-09-25T22:29:32.966+0000] {processor.py:925} INFO - DAG(s) 'etl_pipeline' retrieved from /opt/airflow/dags/etl_dag.py
[2025-09-25T22:29:33.089+0000] {logging_mixin.py:190} INFO - [2025-09-25T22:29:33.089+0000] {dag.py:3239} INFO - Sync 1 DAGs
[2025-09-25T22:29:33.100+0000] {logging_mixin.py:190} INFO - [2025-09-25T22:29:33.099+0000] {dag.py:4180} INFO - Setting next_dagrun for etl_pipeline to None, run_after=None
[2025-09-25T22:29:33.117+0000] {processor.py:208} INFO - Processing /opt/airflow/dags/etl_dag.py took 0.186 seconds
[2025-09-25T22:30:03.652+0000] {processor.py:186} INFO - Started process (PID=372) to work on /opt/airflow/dags/etl_dag.py
[2025-09-25T22:30:03.653+0000] {processor.py:914} INFO - Processing file /opt/airflow/dags/etl_dag.py for tasks to queue
[2025-09-25T22:30:03.655+0000] {logging_mixin.py:190} INFO - [2025-09-25T22:30:03.655+0000] {dagbag.py:588} INFO - Filling up the DagBag from /opt/airflow/dags/etl_dag.py
[2025-09-25T22:30:03.672+0000] {processor.py:925} INFO - DAG(s) 'etl_pipeline' retrieved from /opt/airflow/dags/etl_dag.py
[2025-09-25T22:30:03.695+0000] {logging_mixin.py:190} INFO - [2025-09-25T22:30:03.695+0000] {dag.py:3239} INFO - Sync 1 DAGs
[2025-09-25T22:30:03.709+0000] {logging_mixin.py:190} INFO - [2025-09-25T22:30:03.708+0000] {dag.py:4180} INFO - Setting next_dagrun for etl_pipeline to None, run_after=None
[2025-09-25T22:30:03.726+0000] {processor.py:208} INFO - Processing /opt/airflow/dags/etl_dag.py took 0.080 seconds
[2025-09-25T22:30:34.087+0000] {processor.py:186} INFO - Started process (PID=382) to work on /opt/airflow/dags/etl_dag.py
[2025-09-25T22:30:34.088+0000] {processor.py:914} INFO - Processing file /opt/airflow/dags/etl_dag.py for tasks to queue
[2025-09-25T22:30:34.090+0000] {logging_mixin.py:190} INFO - [2025-09-25T22:30:34.090+0000] {dagbag.py:588} INFO - Filling up the DagBag from /opt/airflow/dags/etl_dag.py
[2025-09-25T22:30:34.106+0000] {processor.py:925} INFO - DAG(s) 'etl_pipeline' retrieved from /opt/airflow/dags/etl_dag.py
[2025-09-25T22:30:34.219+0000] {logging_mixin.py:190} INFO - [2025-09-25T22:30:34.219+0000] {dag.py:3239} INFO - Sync 1 DAGs
[2025-09-25T22:30:34.230+0000] {logging_mixin.py:190} INFO - [2025-09-25T22:30:34.229+0000] {dag.py:4180} INFO - Setting next_dagrun for etl_pipeline to None, run_after=None
[2025-09-25T22:30:34.247+0000] {processor.py:208} INFO - Processing /opt/airflow/dags/etl_dag.py took 0.165 seconds
[2025-09-25T22:31:04.562+0000] {processor.py:186} INFO - Started process (PID=392) to work on /opt/airflow/dags/etl_dag.py
[2025-09-25T22:31:04.563+0000] {processor.py:914} INFO - Processing file /opt/airflow/dags/etl_dag.py for tasks to queue
[2025-09-25T22:31:04.566+0000] {logging_mixin.py:190} INFO - [2025-09-25T22:31:04.565+0000] {dagbag.py:588} INFO - Filling up the DagBag from /opt/airflow/dags/etl_dag.py
[2025-09-25T22:31:04.584+0000] {processor.py:925} INFO - DAG(s) 'etl_pipeline' retrieved from /opt/airflow/dags/etl_dag.py
[2025-09-25T22:31:04.607+0000] {logging_mixin.py:190} INFO - [2025-09-25T22:31:04.607+0000] {dag.py:3239} INFO - Sync 1 DAGs
[2025-09-25T22:31:04.620+0000] {logging_mixin.py:190} INFO - [2025-09-25T22:31:04.619+0000] {dag.py:4180} INFO - Setting next_dagrun for etl_pipeline to None, run_after=None
[2025-09-25T22:31:04.635+0000] {processor.py:208} INFO - Processing /opt/airflow/dags/etl_dag.py took 0.078 seconds
[2025-09-25T22:31:34.964+0000] {processor.py:186} INFO - Started process (PID=402) to work on /opt/airflow/dags/etl_dag.py
[2025-09-25T22:31:34.965+0000] {processor.py:914} INFO - Processing file /opt/airflow/dags/etl_dag.py for tasks to queue
[2025-09-25T22:31:34.967+0000] {logging_mixin.py:190} INFO - [2025-09-25T22:31:34.967+0000] {dagbag.py:588} INFO - Filling up the DagBag from /opt/airflow/dags/etl_dag.py
[2025-09-25T22:31:34.984+0000] {processor.py:925} INFO - DAG(s) 'etl_pipeline' retrieved from /opt/airflow/dags/etl_dag.py
[2025-09-25T22:31:35.262+0000] {logging_mixin.py:190} INFO - [2025-09-25T22:31:35.262+0000] {dag.py:3239} INFO - Sync 1 DAGs
[2025-09-25T22:31:35.272+0000] {logging_mixin.py:190} INFO - [2025-09-25T22:31:35.272+0000] {dag.py:4180} INFO - Setting next_dagrun for etl_pipeline to None, run_after=None
[2025-09-25T22:31:35.289+0000] {processor.py:208} INFO - Processing /opt/airflow/dags/etl_dag.py took 0.331 seconds
