[2025-11-11T23:29:58.031+0000] {local_task_job_runner.py:123} INFO - ::group::Pre task execution logs
[2025-11-11T23:29:58.046+0000] {taskinstance.py:2612} INFO - Dependencies all met for dep_context=non-requeueable deps ti=<TaskInstance: etl_pipeline.load_to_mongodb scheduled__2025-11-10T00:00:00+00:00 [queued]>
[2025-11-11T23:29:58.053+0000] {taskinstance.py:2612} INFO - Dependencies all met for dep_context=requeueable deps ti=<TaskInstance: etl_pipeline.load_to_mongodb scheduled__2025-11-10T00:00:00+00:00 [queued]>
[2025-11-11T23:29:58.053+0000] {taskinstance.py:2865} INFO - Starting attempt 1 of 1
[2025-11-11T23:29:58.063+0000] {taskinstance.py:2888} INFO - Executing <Task(BashOperator): load_to_mongodb> on 2025-11-10 00:00:00+00:00
[2025-11-11T23:29:58.071+0000] {standard_task_runner.py:104} INFO - Running: ['***', 'tasks', 'run', 'etl_pipeline', 'load_to_mongodb', 'scheduled__2025-11-10T00:00:00+00:00', '--job-id', '30', '--raw', '--subdir', 'DAGS_FOLDER/etl_pipeline_dag.py', '--cfg-path', '/tmp/tmpqgo3____']
[2025-11-11T23:29:58.073+0000] {standard_task_runner.py:105} INFO - Job 30: Subtask load_to_mongodb
[2025-11-11T23:29:58.073+0000] {logging_mixin.py:190} WARNING - /home/***/.local/lib/python3.12/site-packages/***/task/task_runner/standard_task_runner.py:70 DeprecationWarning: This process (pid=498) is multi-threaded, use of fork() may lead to deadlocks in the child.
[2025-11-11T23:29:58.074+0000] {standard_task_runner.py:72} INFO - Started process 500 to run task
[2025-11-11T23:29:58.113+0000] {task_command.py:467} INFO - Running <TaskInstance: etl_pipeline.load_to_mongodb scheduled__2025-11-10T00:00:00+00:00 [running]> on host b4c6e0d2ed01
[2025-11-11T23:29:58.179+0000] {taskinstance.py:3131} INFO - Exporting env vars: AIRFLOW_CTX_DAG_OWNER='***' AIRFLOW_CTX_DAG_ID='etl_pipeline' AIRFLOW_CTX_TASK_ID='load_to_mongodb' AIRFLOW_CTX_EXECUTION_DATE='2025-11-10T00:00:00+00:00' AIRFLOW_CTX_TRY_NUMBER='1' AIRFLOW_CTX_DAG_RUN_ID='scheduled__2025-11-10T00:00:00+00:00'
[2025-11-11T23:29:58.181+0000] {taskinstance.py:731} INFO - ::endgroup::
[2025-11-11T23:29:58.193+0000] {subprocess.py:63} INFO - Tmp dir root location: /tmp
[2025-11-11T23:29:58.195+0000] {subprocess.py:75} INFO - Running command: ['/usr/bin/bash', '-c', 'python /opt/***/dags/scripts/load_to_mongodb.py']
[2025-11-11T23:29:58.206+0000] {subprocess.py:86} INFO - Output:
[2025-11-11T23:30:00.469+0000] {subprocess.py:93} INFO - /opt/***/dags/scripts/load_to_mongodb.py:33 RemovedInAirflow3Warning: Param `schedule_interval` is deprecated and will be removed in a future release. Please use `schedule` instead.
[2025-11-11T23:30:00.881+0000] {subprocess.py:97} INFO - Command exited with return code 0
[2025-11-11T23:30:00.903+0000] {taskinstance.py:340} INFO - ::group::Post task execution logs
[2025-11-11T23:30:00.903+0000] {taskinstance.py:352} INFO - Marking task as SUCCESS. dag_id=etl_pipeline, task_id=load_to_mongodb, run_id=scheduled__2025-11-10T00:00:00+00:00, execution_date=20251110T000000, start_date=20251111T232958, end_date=20251111T233000
[2025-11-11T23:30:00.939+0000] {local_task_job_runner.py:266} INFO - Task exited with return code 0
[2025-11-11T23:30:00.953+0000] {taskinstance.py:3900} INFO - 0 downstream tasks scheduled from follow-on schedule check
[2025-11-11T23:30:00.955+0000] {local_task_job_runner.py:245} INFO - ::endgroup::
