[2025-11-11T23:21:59.666+0000] {processor.py:186} INFO - Started process (PID=299) to work on /opt/airflow/dags/scripts/ingest_data.py
[2025-11-11T23:21:59.667+0000] {processor.py:914} INFO - Processing file /opt/airflow/dags/scripts/ingest_data.py for tasks to queue
[2025-11-11T23:21:59.669+0000] {logging_mixin.py:190} INFO - [2025-11-11T23:21:59.669+0000] {dagbag.py:588} INFO - Filling up the DagBag from /opt/airflow/dags/scripts/ingest_data.py
[2025-11-11T23:22:00.126+0000] {logging_mixin.py:190} INFO - [2025-11-11T23:22:00.121+0000] {dagbag.py:387} ERROR - Failed to import: /opt/airflow/dags/scripts/ingest_data.py
Traceback (most recent call last):
  File "/home/airflow/.local/lib/python3.12/site-packages/airflow/models/dagbag.py", line 383, in parse
    loader.exec_module(new_module)
  File "<frozen importlib._bootstrap_external>", line 995, in exec_module
  File "<frozen importlib._bootstrap>", line 488, in _call_with_frames_removed
  File "/opt/airflow/dags/scripts/ingest_data.py", line 9, in <module>
    files = os.listdir(raw_data_folder)
            ^^^^^^^^^^^^^^^^^^^^^^^^^^^
FileNotFoundError: [Errno 2] No such file or directory: '/opt/airflow/dags_raw_data'
[2025-11-11T23:22:00.127+0000] {processor.py:927} WARNING - No viable dags retrieved from /opt/airflow/dags/scripts/ingest_data.py
[2025-11-11T23:22:00.143+0000] {processor.py:208} INFO - Processing /opt/airflow/dags/scripts/ingest_data.py took 0.481 seconds
[2025-11-11T23:22:30.556+0000] {processor.py:186} INFO - Started process (PID=328) to work on /opt/airflow/dags/scripts/ingest_data.py
[2025-11-11T23:22:30.557+0000] {processor.py:914} INFO - Processing file /opt/airflow/dags/scripts/ingest_data.py for tasks to queue
[2025-11-11T23:22:30.559+0000] {logging_mixin.py:190} INFO - [2025-11-11T23:22:30.559+0000] {dagbag.py:588} INFO - Filling up the DagBag from /opt/airflow/dags/scripts/ingest_data.py
[2025-11-11T23:22:30.957+0000] {logging_mixin.py:190} INFO - [2025-11-11T23:22:30.953+0000] {dagbag.py:387} ERROR - Failed to import: /opt/airflow/dags/scripts/ingest_data.py
Traceback (most recent call last):
  File "/home/airflow/.local/lib/python3.12/site-packages/airflow/models/dagbag.py", line 383, in parse
    loader.exec_module(new_module)
  File "<frozen importlib._bootstrap_external>", line 995, in exec_module
  File "<frozen importlib._bootstrap>", line 488, in _call_with_frames_removed
  File "/opt/airflow/dags/scripts/ingest_data.py", line 9, in <module>
    files = os.listdir(raw_data_folder)
            ^^^^^^^^^^^^^^^^^^^^^^^^^^^
FileNotFoundError: [Errno 2] No such file or directory: '/opt/airflow/dags_raw_data'
[2025-11-11T23:22:30.959+0000] {processor.py:927} WARNING - No viable dags retrieved from /opt/airflow/dags/scripts/ingest_data.py
[2025-11-11T23:22:30.972+0000] {processor.py:208} INFO - Processing /opt/airflow/dags/scripts/ingest_data.py took 0.421 seconds
[2025-11-11T23:23:01.176+0000] {processor.py:186} INFO - Started process (PID=351) to work on /opt/airflow/dags/scripts/ingest_data.py
[2025-11-11T23:23:01.177+0000] {processor.py:914} INFO - Processing file /opt/airflow/dags/scripts/ingest_data.py for tasks to queue
[2025-11-11T23:23:01.179+0000] {logging_mixin.py:190} INFO - [2025-11-11T23:23:01.179+0000] {dagbag.py:588} INFO - Filling up the DagBag from /opt/airflow/dags/scripts/ingest_data.py
[2025-11-11T23:23:01.595+0000] {logging_mixin.py:190} INFO - [2025-11-11T23:23:01.591+0000] {dagbag.py:387} ERROR - Failed to import: /opt/airflow/dags/scripts/ingest_data.py
Traceback (most recent call last):
  File "/home/airflow/.local/lib/python3.12/site-packages/airflow/models/dagbag.py", line 383, in parse
    loader.exec_module(new_module)
  File "<frozen importlib._bootstrap_external>", line 995, in exec_module
  File "<frozen importlib._bootstrap>", line 488, in _call_with_frames_removed
  File "/opt/airflow/dags/scripts/ingest_data.py", line 9, in <module>
    files = os.listdir(raw_data_folder)
            ^^^^^^^^^^^^^^^^^^^^^^^^^^^
FileNotFoundError: [Errno 2] No such file or directory: '/opt/airflow/dags_raw_data'
[2025-11-11T23:23:01.597+0000] {processor.py:927} WARNING - No viable dags retrieved from /opt/airflow/dags/scripts/ingest_data.py
[2025-11-11T23:23:01.611+0000] {processor.py:208} INFO - Processing /opt/airflow/dags/scripts/ingest_data.py took 0.440 seconds
[2025-11-11T23:23:32.014+0000] {processor.py:186} INFO - Started process (PID=374) to work on /opt/airflow/dags/scripts/ingest_data.py
[2025-11-11T23:23:32.015+0000] {processor.py:914} INFO - Processing file /opt/airflow/dags/scripts/ingest_data.py for tasks to queue
[2025-11-11T23:23:32.018+0000] {logging_mixin.py:190} INFO - [2025-11-11T23:23:32.017+0000] {dagbag.py:588} INFO - Filling up the DagBag from /opt/airflow/dags/scripts/ingest_data.py
[2025-11-11T23:23:32.435+0000] {logging_mixin.py:190} INFO - [2025-11-11T23:23:32.430+0000] {dagbag.py:387} ERROR - Failed to import: /opt/airflow/dags/scripts/ingest_data.py
Traceback (most recent call last):
  File "/home/airflow/.local/lib/python3.12/site-packages/airflow/models/dagbag.py", line 383, in parse
    loader.exec_module(new_module)
  File "<frozen importlib._bootstrap_external>", line 995, in exec_module
  File "<frozen importlib._bootstrap>", line 488, in _call_with_frames_removed
  File "/opt/airflow/dags/scripts/ingest_data.py", line 9, in <module>
    files = os.listdir(raw_data_folder)
            ^^^^^^^^^^^^^^^^^^^^^^^^^^^
FileNotFoundError: [Errno 2] No such file or directory: '/opt/airflow/dags_raw_data'
[2025-11-11T23:23:32.436+0000] {processor.py:927} WARNING - No viable dags retrieved from /opt/airflow/dags/scripts/ingest_data.py
[2025-11-11T23:23:32.452+0000] {processor.py:208} INFO - Processing /opt/airflow/dags/scripts/ingest_data.py took 0.442 seconds
[2025-11-11T23:24:03.325+0000] {processor.py:186} INFO - Started process (PID=397) to work on /opt/airflow/dags/scripts/ingest_data.py
[2025-11-11T23:24:03.325+0000] {processor.py:914} INFO - Processing file /opt/airflow/dags/scripts/ingest_data.py for tasks to queue
[2025-11-11T23:24:03.328+0000] {logging_mixin.py:190} INFO - [2025-11-11T23:24:03.327+0000] {dagbag.py:588} INFO - Filling up the DagBag from /opt/airflow/dags/scripts/ingest_data.py
[2025-11-11T23:24:03.715+0000] {logging_mixin.py:190} INFO - [2025-11-11T23:24:03.711+0000] {dagbag.py:387} ERROR - Failed to import: /opt/airflow/dags/scripts/ingest_data.py
Traceback (most recent call last):
  File "/home/airflow/.local/lib/python3.12/site-packages/airflow/models/dagbag.py", line 383, in parse
    loader.exec_module(new_module)
  File "<frozen importlib._bootstrap_external>", line 995, in exec_module
  File "<frozen importlib._bootstrap>", line 488, in _call_with_frames_removed
  File "/opt/airflow/dags/scripts/ingest_data.py", line 9, in <module>
    files = os.listdir(raw_data_folder)
            ^^^^^^^^^^^^^^^^^^^^^^^^^^^
FileNotFoundError: [Errno 2] No such file or directory: '/opt/airflow/dags_raw_data'
[2025-11-11T23:24:03.717+0000] {processor.py:927} WARNING - No viable dags retrieved from /opt/airflow/dags/scripts/ingest_data.py
[2025-11-11T23:24:03.729+0000] {processor.py:208} INFO - Processing /opt/airflow/dags/scripts/ingest_data.py took 0.409 seconds
[2025-11-11T23:24:34.482+0000] {processor.py:186} INFO - Started process (PID=420) to work on /opt/airflow/dags/scripts/ingest_data.py
[2025-11-11T23:24:34.482+0000] {processor.py:914} INFO - Processing file /opt/airflow/dags/scripts/ingest_data.py for tasks to queue
[2025-11-11T23:24:34.484+0000] {logging_mixin.py:190} INFO - [2025-11-11T23:24:34.484+0000] {dagbag.py:588} INFO - Filling up the DagBag from /opt/airflow/dags/scripts/ingest_data.py
[2025-11-11T23:24:34.887+0000] {logging_mixin.py:190} INFO - [2025-11-11T23:24:34.883+0000] {dagbag.py:387} ERROR - Failed to import: /opt/airflow/dags/scripts/ingest_data.py
Traceback (most recent call last):
  File "/home/airflow/.local/lib/python3.12/site-packages/airflow/models/dagbag.py", line 383, in parse
    loader.exec_module(new_module)
  File "<frozen importlib._bootstrap_external>", line 995, in exec_module
  File "<frozen importlib._bootstrap>", line 488, in _call_with_frames_removed
  File "/opt/airflow/dags/scripts/ingest_data.py", line 9, in <module>
    files = os.listdir(raw_data_folder)
            ^^^^^^^^^^^^^^^^^^^^^^^^^^^
FileNotFoundError: [Errno 2] No such file or directory: '/opt/airflow/dags_raw_data'
[2025-11-11T23:24:34.888+0000] {processor.py:927} WARNING - No viable dags retrieved from /opt/airflow/dags/scripts/ingest_data.py
[2025-11-11T23:24:34.902+0000] {processor.py:208} INFO - Processing /opt/airflow/dags/scripts/ingest_data.py took 0.425 seconds
[2025-11-11T23:24:41.564+0000] {processor.py:186} INFO - Started process (PID=431) to work on /opt/airflow/dags/scripts/ingest_data.py
[2025-11-11T23:24:41.566+0000] {processor.py:914} INFO - Processing file /opt/airflow/dags/scripts/ingest_data.py for tasks to queue
[2025-11-11T23:24:41.568+0000] {logging_mixin.py:190} INFO - [2025-11-11T23:24:41.567+0000] {dagbag.py:588} INFO - Filling up the DagBag from /opt/airflow/dags/scripts/ingest_data.py
[2025-11-11T23:24:42.012+0000] {logging_mixin.py:190} INFO - Files in raw data folder: ['sample1.csv', 'sample2.csv']
[2025-11-11T23:24:42.024+0000] {logging_mixin.py:190} INFO - 
Processed sample1.csv saved to /opt/airflow/dags/processed_data/sample1.csv
[2025-11-11T23:24:42.036+0000] {logging_mixin.py:190} INFO -       name   age                email
0    Alice  25.0    alice@example.com
1      Bob  30.0      bob@example.com
2  Charlie  27.5  charlie@example.com
[2025-11-11T23:24:42.115+0000] {logging_mixin.py:190} INFO - 
Processed sample2.csv saved to /opt/airflow/dags/processed_data/sample2.csv
[2025-11-11T23:24:42.122+0000] {logging_mixin.py:190} INFO -     name   age              email
0  Vince  22.0  vince@example.com
1   John  56.0   john@example.com
2   Will  39.0   will@example.com
[2025-11-11T23:24:42.125+0000] {processor.py:927} WARNING - No viable dags retrieved from /opt/airflow/dags/scripts/ingest_data.py
[2025-11-11T23:24:42.168+0000] {processor.py:208} INFO - Processing /opt/airflow/dags/scripts/ingest_data.py took 0.609 seconds
[2025-11-11T23:25:04.014+0000] {processor.py:186} INFO - Started process (PID=449) to work on /opt/airflow/dags/scripts/ingest_data.py
[2025-11-11T23:25:04.015+0000] {processor.py:914} INFO - Processing file /opt/airflow/dags/scripts/ingest_data.py for tasks to queue
[2025-11-11T23:25:04.017+0000] {logging_mixin.py:190} INFO - [2025-11-11T23:25:04.017+0000] {dagbag.py:588} INFO - Filling up the DagBag from /opt/airflow/dags/scripts/ingest_data.py
[2025-11-11T23:25:04.433+0000] {logging_mixin.py:190} INFO - Files in raw data folder: ['sample1.csv', 'sample2.csv']
[2025-11-11T23:25:04.443+0000] {logging_mixin.py:190} INFO - 
Processed sample1.csv saved to /opt/airflow/dags/processed_data/sample1.csv
[2025-11-11T23:25:04.447+0000] {logging_mixin.py:190} INFO -       name   age                email
0    Alice  25.0    alice@example.com
1      Bob  30.0      bob@example.com
2  Charlie  27.5  charlie@example.com
[2025-11-11T23:25:04.455+0000] {logging_mixin.py:190} INFO - 
Processed sample2.csv saved to /opt/airflow/dags/processed_data/sample2.csv
[2025-11-11T23:25:04.458+0000] {logging_mixin.py:190} INFO -     name   age              email
0  Vince  22.0  vince@example.com
1   John  56.0   john@example.com
2   Will  39.0   will@example.com
[2025-11-11T23:25:04.459+0000] {processor.py:927} WARNING - No viable dags retrieved from /opt/airflow/dags/scripts/ingest_data.py
[2025-11-11T23:25:04.468+0000] {processor.py:208} INFO - Processing /opt/airflow/dags/scripts/ingest_data.py took 0.459 seconds
[2025-11-11T23:25:15.615+0000] {processor.py:186} INFO - Started process (PID=188) to work on /opt/airflow/dags/scripts/ingest_data.py
[2025-11-11T23:25:15.616+0000] {processor.py:914} INFO - Processing file /opt/airflow/dags/scripts/ingest_data.py for tasks to queue
[2025-11-11T23:25:15.618+0000] {logging_mixin.py:190} INFO - [2025-11-11T23:25:15.618+0000] {dagbag.py:588} INFO - Filling up the DagBag from /opt/airflow/dags/scripts/ingest_data.py
[2025-11-11T23:25:16.023+0000] {logging_mixin.py:190} INFO - Files in raw data folder: ['sample1.csv', 'sample2.csv']
[2025-11-11T23:25:16.034+0000] {logging_mixin.py:190} INFO - 
Processed sample1.csv saved to /opt/airflow/dags/processed_data/sample1.csv
[2025-11-11T23:25:16.037+0000] {logging_mixin.py:190} INFO -       name   age                email
0    Alice  25.0    alice@example.com
1      Bob  30.0      bob@example.com
2  Charlie  27.5  charlie@example.com
[2025-11-11T23:25:16.046+0000] {logging_mixin.py:190} INFO - 
Processed sample2.csv saved to /opt/airflow/dags/processed_data/sample2.csv
[2025-11-11T23:25:16.049+0000] {logging_mixin.py:190} INFO -     name   age              email
0  Vince  22.0  vince@example.com
1   John  56.0   john@example.com
2   Will  39.0   will@example.com
[2025-11-11T23:25:16.049+0000] {processor.py:927} WARNING - No viable dags retrieved from /opt/airflow/dags/scripts/ingest_data.py
[2025-11-11T23:25:16.061+0000] {processor.py:208} INFO - Processing /opt/airflow/dags/scripts/ingest_data.py took 0.451 seconds
[2025-11-11T23:25:46.471+0000] {processor.py:186} INFO - Started process (PID=211) to work on /opt/airflow/dags/scripts/ingest_data.py
[2025-11-11T23:25:46.472+0000] {processor.py:914} INFO - Processing file /opt/airflow/dags/scripts/ingest_data.py for tasks to queue
[2025-11-11T23:25:46.474+0000] {logging_mixin.py:190} INFO - [2025-11-11T23:25:46.474+0000] {dagbag.py:588} INFO - Filling up the DagBag from /opt/airflow/dags/scripts/ingest_data.py
[2025-11-11T23:25:46.906+0000] {logging_mixin.py:190} INFO - Files in raw data folder: ['sample1.csv', 'sample2.csv']
[2025-11-11T23:25:46.916+0000] {logging_mixin.py:190} INFO - 
Processed sample1.csv saved to /opt/airflow/dags/processed_data/sample1.csv
[2025-11-11T23:25:46.920+0000] {logging_mixin.py:190} INFO -       name   age                email
0    Alice  25.0    alice@example.com
1      Bob  30.0      bob@example.com
2  Charlie  27.5  charlie@example.com
[2025-11-11T23:25:46.928+0000] {logging_mixin.py:190} INFO - 
Processed sample2.csv saved to /opt/airflow/dags/processed_data/sample2.csv
[2025-11-11T23:25:46.931+0000] {logging_mixin.py:190} INFO -     name   age              email
0  Vince  22.0  vince@example.com
1   John  56.0   john@example.com
2   Will  39.0   will@example.com
[2025-11-11T23:25:46.931+0000] {processor.py:927} WARNING - No viable dags retrieved from /opt/airflow/dags/scripts/ingest_data.py
[2025-11-11T23:25:46.940+0000] {processor.py:208} INFO - Processing /opt/airflow/dags/scripts/ingest_data.py took 0.474 seconds
[2025-11-11T23:26:17.450+0000] {processor.py:186} INFO - Started process (PID=234) to work on /opt/airflow/dags/scripts/ingest_data.py
[2025-11-11T23:26:17.450+0000] {processor.py:914} INFO - Processing file /opt/airflow/dags/scripts/ingest_data.py for tasks to queue
[2025-11-11T23:26:17.452+0000] {logging_mixin.py:190} INFO - [2025-11-11T23:26:17.452+0000] {dagbag.py:588} INFO - Filling up the DagBag from /opt/airflow/dags/scripts/ingest_data.py
[2025-11-11T23:26:17.876+0000] {logging_mixin.py:190} INFO - Files in raw data folder: ['sample1.csv', 'sample2.csv']
[2025-11-11T23:26:17.887+0000] {logging_mixin.py:190} INFO - 
Processed sample1.csv saved to /opt/airflow/dags/processed_data/sample1.csv
[2025-11-11T23:26:17.891+0000] {logging_mixin.py:190} INFO -       name   age                email
0    Alice  25.0    alice@example.com
1      Bob  30.0      bob@example.com
2  Charlie  27.5  charlie@example.com
[2025-11-11T23:26:17.899+0000] {logging_mixin.py:190} INFO - 
Processed sample2.csv saved to /opt/airflow/dags/processed_data/sample2.csv
[2025-11-11T23:26:17.902+0000] {logging_mixin.py:190} INFO -     name   age              email
0  Vince  22.0  vince@example.com
1   John  56.0   john@example.com
2   Will  39.0   will@example.com
[2025-11-11T23:26:17.902+0000] {processor.py:927} WARNING - No viable dags retrieved from /opt/airflow/dags/scripts/ingest_data.py
[2025-11-11T23:26:17.913+0000] {processor.py:208} INFO - Processing /opt/airflow/dags/scripts/ingest_data.py took 0.468 seconds
[2025-11-11T23:26:48.323+0000] {processor.py:186} INFO - Started process (PID=257) to work on /opt/airflow/dags/scripts/ingest_data.py
[2025-11-11T23:26:48.324+0000] {processor.py:914} INFO - Processing file /opt/airflow/dags/scripts/ingest_data.py for tasks to queue
[2025-11-11T23:26:48.326+0000] {logging_mixin.py:190} INFO - [2025-11-11T23:26:48.326+0000] {dagbag.py:588} INFO - Filling up the DagBag from /opt/airflow/dags/scripts/ingest_data.py
[2025-11-11T23:26:48.740+0000] {logging_mixin.py:190} INFO - Files in raw data folder: ['sample1.csv', 'sample2.csv']
[2025-11-11T23:26:48.751+0000] {logging_mixin.py:190} INFO - 
Processed sample1.csv saved to /opt/airflow/dags/processed_data/sample1.csv
[2025-11-11T23:26:48.754+0000] {logging_mixin.py:190} INFO -       name   age                email
0    Alice  25.0    alice@example.com
1      Bob  30.0      bob@example.com
2  Charlie  27.5  charlie@example.com
[2025-11-11T23:26:48.764+0000] {logging_mixin.py:190} INFO - 
Processed sample2.csv saved to /opt/airflow/dags/processed_data/sample2.csv
[2025-11-11T23:26:48.766+0000] {logging_mixin.py:190} INFO -     name   age              email
0  Vince  22.0  vince@example.com
1   John  56.0   john@example.com
2   Will  39.0   will@example.com
[2025-11-11T23:26:48.767+0000] {processor.py:927} WARNING - No viable dags retrieved from /opt/airflow/dags/scripts/ingest_data.py
[2025-11-11T23:26:48.777+0000] {processor.py:208} INFO - Processing /opt/airflow/dags/scripts/ingest_data.py took 0.459 seconds
[2025-11-11T23:27:19.212+0000] {processor.py:186} INFO - Started process (PID=280) to work on /opt/airflow/dags/scripts/ingest_data.py
[2025-11-11T23:27:19.213+0000] {processor.py:914} INFO - Processing file /opt/airflow/dags/scripts/ingest_data.py for tasks to queue
[2025-11-11T23:27:19.215+0000] {logging_mixin.py:190} INFO - [2025-11-11T23:27:19.215+0000] {dagbag.py:588} INFO - Filling up the DagBag from /opt/airflow/dags/scripts/ingest_data.py
[2025-11-11T23:27:19.634+0000] {logging_mixin.py:190} INFO - Files in raw data folder: ['sample1.csv', 'sample2.csv']
[2025-11-11T23:27:19.645+0000] {logging_mixin.py:190} INFO - 
Processed sample1.csv saved to /opt/airflow/dags/processed_data/sample1.csv
[2025-11-11T23:27:19.648+0000] {logging_mixin.py:190} INFO -       name   age                email
0    Alice  25.0    alice@example.com
1      Bob  30.0      bob@example.com
2  Charlie  27.5  charlie@example.com
[2025-11-11T23:27:19.656+0000] {logging_mixin.py:190} INFO - 
Processed sample2.csv saved to /opt/airflow/dags/processed_data/sample2.csv
[2025-11-11T23:27:19.659+0000] {logging_mixin.py:190} INFO -     name   age              email
0  Vince  22.0  vince@example.com
1   John  56.0   john@example.com
2   Will  39.0   will@example.com
[2025-11-11T23:27:19.659+0000] {processor.py:927} WARNING - No viable dags retrieved from /opt/airflow/dags/scripts/ingest_data.py
[2025-11-11T23:27:19.669+0000] {processor.py:208} INFO - Processing /opt/airflow/dags/scripts/ingest_data.py took 0.462 seconds
[2025-11-11T23:27:50.063+0000] {processor.py:186} INFO - Started process (PID=303) to work on /opt/airflow/dags/scripts/ingest_data.py
[2025-11-11T23:27:50.063+0000] {processor.py:914} INFO - Processing file /opt/airflow/dags/scripts/ingest_data.py for tasks to queue
[2025-11-11T23:27:50.066+0000] {logging_mixin.py:190} INFO - [2025-11-11T23:27:50.065+0000] {dagbag.py:588} INFO - Filling up the DagBag from /opt/airflow/dags/scripts/ingest_data.py
[2025-11-11T23:27:50.502+0000] {logging_mixin.py:190} INFO - Files in raw data folder: ['sample1.csv', 'sample2.csv']
[2025-11-11T23:27:50.513+0000] {logging_mixin.py:190} INFO - 
Processed sample1.csv saved to /opt/airflow/dags/processed_data/sample1.csv
[2025-11-11T23:27:50.516+0000] {logging_mixin.py:190} INFO -       name   age                email
0    Alice  25.0    alice@example.com
1      Bob  30.0      bob@example.com
2  Charlie  27.5  charlie@example.com
[2025-11-11T23:27:50.524+0000] {logging_mixin.py:190} INFO - 
Processed sample2.csv saved to /opt/airflow/dags/processed_data/sample2.csv
[2025-11-11T23:27:50.527+0000] {logging_mixin.py:190} INFO -     name   age              email
0  Vince  22.0  vince@example.com
1   John  56.0   john@example.com
2   Will  39.0   will@example.com
[2025-11-11T23:27:50.528+0000] {processor.py:927} WARNING - No viable dags retrieved from /opt/airflow/dags/scripts/ingest_data.py
[2025-11-11T23:27:50.538+0000] {processor.py:208} INFO - Processing /opt/airflow/dags/scripts/ingest_data.py took 0.481 seconds
[2025-11-11T23:28:21.011+0000] {processor.py:186} INFO - Started process (PID=326) to work on /opt/airflow/dags/scripts/ingest_data.py
[2025-11-11T23:28:21.012+0000] {processor.py:914} INFO - Processing file /opt/airflow/dags/scripts/ingest_data.py for tasks to queue
[2025-11-11T23:28:21.014+0000] {logging_mixin.py:190} INFO - [2025-11-11T23:28:21.014+0000] {dagbag.py:588} INFO - Filling up the DagBag from /opt/airflow/dags/scripts/ingest_data.py
[2025-11-11T23:28:21.425+0000] {logging_mixin.py:190} INFO - Files in raw data folder: ['sample1.csv', 'sample2.csv']
[2025-11-11T23:28:21.436+0000] {logging_mixin.py:190} INFO - 
Processed sample1.csv saved to /opt/airflow/dags/processed_data/sample1.csv
[2025-11-11T23:28:21.439+0000] {logging_mixin.py:190} INFO -       name   age                email
0    Alice  25.0    alice@example.com
1      Bob  30.0      bob@example.com
2  Charlie  27.5  charlie@example.com
[2025-11-11T23:28:21.448+0000] {logging_mixin.py:190} INFO - 
Processed sample2.csv saved to /opt/airflow/dags/processed_data/sample2.csv
[2025-11-11T23:28:21.450+0000] {logging_mixin.py:190} INFO -     name   age              email
0  Vince  22.0  vince@example.com
1   John  56.0   john@example.com
2   Will  39.0   will@example.com
[2025-11-11T23:28:21.451+0000] {processor.py:927} WARNING - No viable dags retrieved from /opt/airflow/dags/scripts/ingest_data.py
[2025-11-11T23:28:21.459+0000] {processor.py:208} INFO - Processing /opt/airflow/dags/scripts/ingest_data.py took 0.454 seconds
[2025-11-11T23:28:51.859+0000] {processor.py:186} INFO - Started process (PID=349) to work on /opt/airflow/dags/scripts/ingest_data.py
[2025-11-11T23:28:51.859+0000] {processor.py:914} INFO - Processing file /opt/airflow/dags/scripts/ingest_data.py for tasks to queue
[2025-11-11T23:28:51.861+0000] {logging_mixin.py:190} INFO - [2025-11-11T23:28:51.861+0000] {dagbag.py:588} INFO - Filling up the DagBag from /opt/airflow/dags/scripts/ingest_data.py
[2025-11-11T23:28:52.252+0000] {logging_mixin.py:190} INFO - Files in raw data folder: ['sample1.csv', 'sample2.csv']
[2025-11-11T23:28:52.263+0000] {logging_mixin.py:190} INFO - 
Processed sample1.csv saved to /opt/airflow/dags/processed_data/sample1.csv
[2025-11-11T23:28:52.266+0000] {logging_mixin.py:190} INFO -       name   age                email
0    Alice  25.0    alice@example.com
1      Bob  30.0      bob@example.com
2  Charlie  27.5  charlie@example.com
[2025-11-11T23:28:52.274+0000] {logging_mixin.py:190} INFO - 
Processed sample2.csv saved to /opt/airflow/dags/processed_data/sample2.csv
[2025-11-11T23:28:52.276+0000] {logging_mixin.py:190} INFO -     name   age              email
0  Vince  22.0  vince@example.com
1   John  56.0   john@example.com
2   Will  39.0   will@example.com
[2025-11-11T23:28:52.277+0000] {processor.py:927} WARNING - No viable dags retrieved from /opt/airflow/dags/scripts/ingest_data.py
[2025-11-11T23:28:52.287+0000] {processor.py:208} INFO - Processing /opt/airflow/dags/scripts/ingest_data.py took 0.433 seconds
[2025-11-11T23:29:22.695+0000] {processor.py:186} INFO - Started process (PID=372) to work on /opt/airflow/dags/scripts/ingest_data.py
[2025-11-11T23:29:22.696+0000] {processor.py:914} INFO - Processing file /opt/airflow/dags/scripts/ingest_data.py for tasks to queue
[2025-11-11T23:29:22.698+0000] {logging_mixin.py:190} INFO - [2025-11-11T23:29:22.697+0000] {dagbag.py:588} INFO - Filling up the DagBag from /opt/airflow/dags/scripts/ingest_data.py
[2025-11-11T23:29:23.111+0000] {logging_mixin.py:190} INFO - Files in raw data folder: ['sample1.csv', 'sample2.csv']
[2025-11-11T23:29:23.121+0000] {logging_mixin.py:190} INFO - 
Processed sample1.csv saved to /opt/airflow/dags/processed_data/sample1.csv
[2025-11-11T23:29:23.125+0000] {logging_mixin.py:190} INFO -       name   age                email
0    Alice  25.0    alice@example.com
1      Bob  30.0      bob@example.com
2  Charlie  27.5  charlie@example.com
[2025-11-11T23:29:23.132+0000] {logging_mixin.py:190} INFO - 
Processed sample2.csv saved to /opt/airflow/dags/processed_data/sample2.csv
[2025-11-11T23:29:23.135+0000] {logging_mixin.py:190} INFO -     name   age              email
0  Vince  22.0  vince@example.com
1   John  56.0   john@example.com
2   Will  39.0   will@example.com
[2025-11-11T23:29:23.135+0000] {processor.py:927} WARNING - No viable dags retrieved from /opt/airflow/dags/scripts/ingest_data.py
[2025-11-11T23:29:23.146+0000] {processor.py:208} INFO - Processing /opt/airflow/dags/scripts/ingest_data.py took 0.455 seconds
[2025-11-11T23:29:53.651+0000] {processor.py:186} INFO - Started process (PID=395) to work on /opt/airflow/dags/scripts/ingest_data.py
[2025-11-11T23:29:53.652+0000] {processor.py:914} INFO - Processing file /opt/airflow/dags/scripts/ingest_data.py for tasks to queue
[2025-11-11T23:29:53.655+0000] {logging_mixin.py:190} INFO - [2025-11-11T23:29:53.654+0000] {dagbag.py:588} INFO - Filling up the DagBag from /opt/airflow/dags/scripts/ingest_data.py
[2025-11-11T23:29:54.082+0000] {logging_mixin.py:190} INFO - Files in raw data folder: ['sample1.csv', 'sample2.csv']
[2025-11-11T23:29:54.094+0000] {logging_mixin.py:190} INFO - 
Processed sample1.csv saved to /opt/airflow/dags/processed_data/sample1.csv
[2025-11-11T23:29:54.097+0000] {logging_mixin.py:190} INFO -       name   age                email
0    Alice  25.0    alice@example.com
1      Bob  30.0      bob@example.com
2  Charlie  27.5  charlie@example.com
[2025-11-11T23:29:54.106+0000] {logging_mixin.py:190} INFO - 
Processed sample2.csv saved to /opt/airflow/dags/processed_data/sample2.csv
[2025-11-11T23:29:54.109+0000] {logging_mixin.py:190} INFO -     name   age              email
0  Vince  22.0  vince@example.com
1   John  56.0   john@example.com
2   Will  39.0   will@example.com
[2025-11-11T23:29:54.110+0000] {processor.py:927} WARNING - No viable dags retrieved from /opt/airflow/dags/scripts/ingest_data.py
[2025-11-11T23:29:54.120+0000] {processor.py:208} INFO - Processing /opt/airflow/dags/scripts/ingest_data.py took 0.475 seconds
[2025-11-11T23:30:24.226+0000] {processor.py:186} INFO - Started process (PID=578) to work on /opt/airflow/dags/scripts/ingest_data.py
[2025-11-11T23:30:24.226+0000] {processor.py:914} INFO - Processing file /opt/airflow/dags/scripts/ingest_data.py for tasks to queue
[2025-11-11T23:30:24.228+0000] {logging_mixin.py:190} INFO - [2025-11-11T23:30:24.228+0000] {dagbag.py:588} INFO - Filling up the DagBag from /opt/airflow/dags/scripts/ingest_data.py
[2025-11-11T23:30:24.655+0000] {logging_mixin.py:190} INFO - Files in raw data folder: ['sample1.csv', 'sample2.csv']
[2025-11-11T23:30:24.666+0000] {logging_mixin.py:190} INFO - 
Processed sample1.csv saved to /opt/airflow/dags/processed_data/sample1.csv
[2025-11-11T23:30:24.670+0000] {logging_mixin.py:190} INFO -       name   age                email
0    Alice  25.0    alice@example.com
1      Bob  30.0      bob@example.com
2  Charlie  27.5  charlie@example.com
[2025-11-11T23:30:24.680+0000] {logging_mixin.py:190} INFO - 
Processed sample2.csv saved to /opt/airflow/dags/processed_data/sample2.csv
[2025-11-11T23:30:24.683+0000] {logging_mixin.py:190} INFO -     name   age              email
0  Vince  22.0  vince@example.com
1   John  56.0   john@example.com
2   Will  39.0   will@example.com
[2025-11-11T23:30:24.683+0000] {processor.py:927} WARNING - No viable dags retrieved from /opt/airflow/dags/scripts/ingest_data.py
[2025-11-11T23:30:24.693+0000] {processor.py:208} INFO - Processing /opt/airflow/dags/scripts/ingest_data.py took 0.473 seconds
[2025-11-11T23:30:55.099+0000] {processor.py:186} INFO - Started process (PID=601) to work on /opt/airflow/dags/scripts/ingest_data.py
[2025-11-11T23:30:55.100+0000] {processor.py:914} INFO - Processing file /opt/airflow/dags/scripts/ingest_data.py for tasks to queue
[2025-11-11T23:30:55.101+0000] {logging_mixin.py:190} INFO - [2025-11-11T23:30:55.101+0000] {dagbag.py:588} INFO - Filling up the DagBag from /opt/airflow/dags/scripts/ingest_data.py
[2025-11-11T23:30:55.540+0000] {logging_mixin.py:190} INFO - Files in raw data folder: ['sample1.csv', 'sample2.csv']
[2025-11-11T23:30:55.552+0000] {logging_mixin.py:190} INFO - 
Processed sample1.csv saved to /opt/airflow/dags/processed_data/sample1.csv
[2025-11-11T23:30:55.556+0000] {logging_mixin.py:190} INFO -       name   age                email
0    Alice  25.0    alice@example.com
1      Bob  30.0      bob@example.com
2  Charlie  27.5  charlie@example.com
[2025-11-11T23:30:55.565+0000] {logging_mixin.py:190} INFO - 
Processed sample2.csv saved to /opt/airflow/dags/processed_data/sample2.csv
[2025-11-11T23:30:55.568+0000] {logging_mixin.py:190} INFO -     name   age              email
0  Vince  22.0  vince@example.com
1   John  56.0   john@example.com
2   Will  39.0   will@example.com
[2025-11-11T23:30:55.568+0000] {processor.py:927} WARNING - No viable dags retrieved from /opt/airflow/dags/scripts/ingest_data.py
[2025-11-11T23:30:55.578+0000] {processor.py:208} INFO - Processing /opt/airflow/dags/scripts/ingest_data.py took 0.485 seconds
[2025-11-11T23:31:25.968+0000] {processor.py:186} INFO - Started process (PID=624) to work on /opt/airflow/dags/scripts/ingest_data.py
[2025-11-11T23:31:25.968+0000] {processor.py:914} INFO - Processing file /opt/airflow/dags/scripts/ingest_data.py for tasks to queue
[2025-11-11T23:31:25.970+0000] {logging_mixin.py:190} INFO - [2025-11-11T23:31:25.970+0000] {dagbag.py:588} INFO - Filling up the DagBag from /opt/airflow/dags/scripts/ingest_data.py
[2025-11-11T23:31:26.366+0000] {logging_mixin.py:190} INFO - Files in raw data folder: ['sample1.csv', 'sample2.csv']
[2025-11-11T23:31:26.376+0000] {logging_mixin.py:190} INFO - 
Processed sample1.csv saved to /opt/airflow/dags/processed_data/sample1.csv
[2025-11-11T23:31:26.380+0000] {logging_mixin.py:190} INFO -       name   age                email
0    Alice  25.0    alice@example.com
1      Bob  30.0      bob@example.com
2  Charlie  27.5  charlie@example.com
[2025-11-11T23:31:26.387+0000] {logging_mixin.py:190} INFO - 
Processed sample2.csv saved to /opt/airflow/dags/processed_data/sample2.csv
[2025-11-11T23:31:26.390+0000] {logging_mixin.py:190} INFO -     name   age              email
0  Vince  22.0  vince@example.com
1   John  56.0   john@example.com
2   Will  39.0   will@example.com
[2025-11-11T23:31:26.390+0000] {processor.py:927} WARNING - No viable dags retrieved from /opt/airflow/dags/scripts/ingest_data.py
[2025-11-11T23:31:26.399+0000] {processor.py:208} INFO - Processing /opt/airflow/dags/scripts/ingest_data.py took 0.436 seconds
[2025-11-11T23:31:56.781+0000] {processor.py:186} INFO - Started process (PID=647) to work on /opt/airflow/dags/scripts/ingest_data.py
[2025-11-11T23:31:56.782+0000] {processor.py:914} INFO - Processing file /opt/airflow/dags/scripts/ingest_data.py for tasks to queue
[2025-11-11T23:31:56.784+0000] {logging_mixin.py:190} INFO - [2025-11-11T23:31:56.784+0000] {dagbag.py:588} INFO - Filling up the DagBag from /opt/airflow/dags/scripts/ingest_data.py
[2025-11-11T23:31:57.200+0000] {logging_mixin.py:190} INFO - Files in raw data folder: ['sample1.csv', 'sample2.csv']
[2025-11-11T23:31:57.211+0000] {logging_mixin.py:190} INFO - 
Processed sample1.csv saved to /opt/airflow/dags/processed_data/sample1.csv
[2025-11-11T23:31:57.214+0000] {logging_mixin.py:190} INFO -       name   age                email
0    Alice  25.0    alice@example.com
1      Bob  30.0      bob@example.com
2  Charlie  27.5  charlie@example.com
[2025-11-11T23:31:57.222+0000] {logging_mixin.py:190} INFO - 
Processed sample2.csv saved to /opt/airflow/dags/processed_data/sample2.csv
[2025-11-11T23:31:57.225+0000] {logging_mixin.py:190} INFO -     name   age              email
0  Vince  22.0  vince@example.com
1   John  56.0   john@example.com
2   Will  39.0   will@example.com
[2025-11-11T23:31:57.225+0000] {processor.py:927} WARNING - No viable dags retrieved from /opt/airflow/dags/scripts/ingest_data.py
[2025-11-11T23:31:57.235+0000] {processor.py:208} INFO - Processing /opt/airflow/dags/scripts/ingest_data.py took 0.459 seconds
[2025-11-11T23:32:27.772+0000] {processor.py:186} INFO - Started process (PID=670) to work on /opt/airflow/dags/scripts/ingest_data.py
[2025-11-11T23:32:27.773+0000] {processor.py:914} INFO - Processing file /opt/airflow/dags/scripts/ingest_data.py for tasks to queue
[2025-11-11T23:32:27.775+0000] {logging_mixin.py:190} INFO - [2025-11-11T23:32:27.775+0000] {dagbag.py:588} INFO - Filling up the DagBag from /opt/airflow/dags/scripts/ingest_data.py
[2025-11-11T23:32:28.188+0000] {logging_mixin.py:190} INFO - Files in raw data folder: ['sample1.csv', 'sample2.csv']
[2025-11-11T23:32:28.199+0000] {logging_mixin.py:190} INFO - 
Processed sample1.csv saved to /opt/airflow/dags/processed_data/sample1.csv
[2025-11-11T23:32:28.203+0000] {logging_mixin.py:190} INFO -       name   age                email
0    Alice  25.0    alice@example.com
1      Bob  30.0      bob@example.com
2  Charlie  27.5  charlie@example.com
[2025-11-11T23:32:28.211+0000] {logging_mixin.py:190} INFO - 
Processed sample2.csv saved to /opt/airflow/dags/processed_data/sample2.csv
[2025-11-11T23:32:28.214+0000] {logging_mixin.py:190} INFO -     name   age              email
0  Vince  22.0  vince@example.com
1   John  56.0   john@example.com
2   Will  39.0   will@example.com
[2025-11-11T23:32:28.214+0000] {processor.py:927} WARNING - No viable dags retrieved from /opt/airflow/dags/scripts/ingest_data.py
[2025-11-11T23:32:28.225+0000] {processor.py:208} INFO - Processing /opt/airflow/dags/scripts/ingest_data.py took 0.458 seconds
[2025-11-11T23:32:58.816+0000] {processor.py:186} INFO - Started process (PID=693) to work on /opt/airflow/dags/scripts/ingest_data.py
[2025-11-11T23:32:58.817+0000] {processor.py:914} INFO - Processing file /opt/airflow/dags/scripts/ingest_data.py for tasks to queue
[2025-11-11T23:32:58.819+0000] {logging_mixin.py:190} INFO - [2025-11-11T23:32:58.819+0000] {dagbag.py:588} INFO - Filling up the DagBag from /opt/airflow/dags/scripts/ingest_data.py
[2025-11-11T23:32:59.226+0000] {logging_mixin.py:190} INFO - Files in raw data folder: ['sample1.csv', 'sample2.csv']
[2025-11-11T23:32:59.237+0000] {logging_mixin.py:190} INFO - 
Processed sample1.csv saved to /opt/airflow/dags/processed_data/sample1.csv
[2025-11-11T23:32:59.241+0000] {logging_mixin.py:190} INFO -       name   age                email
0    Alice  25.0    alice@example.com
1      Bob  30.0      bob@example.com
2  Charlie  27.5  charlie@example.com
[2025-11-11T23:32:59.249+0000] {logging_mixin.py:190} INFO - 
Processed sample2.csv saved to /opt/airflow/dags/processed_data/sample2.csv
[2025-11-11T23:32:59.252+0000] {logging_mixin.py:190} INFO -     name   age              email
0  Vince  22.0  vince@example.com
1   John  56.0   john@example.com
2   Will  39.0   will@example.com
[2025-11-11T23:32:59.252+0000] {processor.py:927} WARNING - No viable dags retrieved from /opt/airflow/dags/scripts/ingest_data.py
[2025-11-11T23:32:59.262+0000] {processor.py:208} INFO - Processing /opt/airflow/dags/scripts/ingest_data.py took 0.450 seconds
[2025-11-11T23:33:29.826+0000] {processor.py:186} INFO - Started process (PID=716) to work on /opt/airflow/dags/scripts/ingest_data.py
[2025-11-11T23:33:29.827+0000] {processor.py:914} INFO - Processing file /opt/airflow/dags/scripts/ingest_data.py for tasks to queue
[2025-11-11T23:33:29.828+0000] {logging_mixin.py:190} INFO - [2025-11-11T23:33:29.828+0000] {dagbag.py:588} INFO - Filling up the DagBag from /opt/airflow/dags/scripts/ingest_data.py
[2025-11-11T23:33:30.263+0000] {logging_mixin.py:190} INFO - Files in raw data folder: ['sample1.csv', 'sample2.csv']
[2025-11-11T23:33:30.274+0000] {logging_mixin.py:190} INFO - 
Processed sample1.csv saved to /opt/airflow/dags/processed_data/sample1.csv
[2025-11-11T23:33:30.278+0000] {logging_mixin.py:190} INFO -       name   age                email
0    Alice  25.0    alice@example.com
1      Bob  30.0      bob@example.com
2  Charlie  27.5  charlie@example.com
[2025-11-11T23:33:30.285+0000] {logging_mixin.py:190} INFO - 
Processed sample2.csv saved to /opt/airflow/dags/processed_data/sample2.csv
[2025-11-11T23:33:30.288+0000] {logging_mixin.py:190} INFO -     name   age              email
0  Vince  22.0  vince@example.com
1   John  56.0   john@example.com
2   Will  39.0   will@example.com
[2025-11-11T23:33:30.288+0000] {processor.py:927} WARNING - No viable dags retrieved from /opt/airflow/dags/scripts/ingest_data.py
[2025-11-11T23:33:30.299+0000] {processor.py:208} INFO - Processing /opt/airflow/dags/scripts/ingest_data.py took 0.478 seconds
[2025-11-11T23:34:00.882+0000] {processor.py:186} INFO - Started process (PID=739) to work on /opt/airflow/dags/scripts/ingest_data.py
[2025-11-11T23:34:00.883+0000] {processor.py:914} INFO - Processing file /opt/airflow/dags/scripts/ingest_data.py for tasks to queue
[2025-11-11T23:34:00.885+0000] {logging_mixin.py:190} INFO - [2025-11-11T23:34:00.885+0000] {dagbag.py:588} INFO - Filling up the DagBag from /opt/airflow/dags/scripts/ingest_data.py
[2025-11-11T23:34:01.156+0000] {logging_mixin.py:190} INFO - Files in raw data folder: ['sample1.csv', 'sample2.csv']
[2025-11-11T23:34:01.167+0000] {logging_mixin.py:190} INFO - 
Processed sample1.csv saved to /opt/airflow/dags/processed_data/sample1.csv
[2025-11-11T23:34:01.171+0000] {logging_mixin.py:190} INFO -       name   age                email
0    Alice  25.0    alice@example.com
1      Bob  30.0      bob@example.com
2  Charlie  27.5  charlie@example.com
[2025-11-11T23:34:01.178+0000] {logging_mixin.py:190} INFO - 
Processed sample2.csv saved to /opt/airflow/dags/processed_data/sample2.csv
[2025-11-11T23:34:01.181+0000] {logging_mixin.py:190} INFO -     name   age              email
0  Vince  22.0  vince@example.com
1   John  56.0   john@example.com
2   Will  39.0   will@example.com
[2025-11-11T23:34:01.181+0000] {processor.py:927} WARNING - No viable dags retrieved from /opt/airflow/dags/scripts/ingest_data.py
[2025-11-11T23:34:01.194+0000] {processor.py:208} INFO - Processing /opt/airflow/dags/scripts/ingest_data.py took 0.319 seconds
[2025-11-11T23:34:31.345+0000] {processor.py:186} INFO - Started process (PID=762) to work on /opt/airflow/dags/scripts/ingest_data.py
[2025-11-11T23:34:31.346+0000] {processor.py:914} INFO - Processing file /opt/airflow/dags/scripts/ingest_data.py for tasks to queue
[2025-11-11T23:34:31.349+0000] {logging_mixin.py:190} INFO - [2025-11-11T23:34:31.348+0000] {dagbag.py:588} INFO - Filling up the DagBag from /opt/airflow/dags/scripts/ingest_data.py
[2025-11-11T23:34:31.612+0000] {logging_mixin.py:190} INFO - Files in raw data folder: ['sample1.csv', 'sample2.csv']
[2025-11-11T23:34:31.623+0000] {logging_mixin.py:190} INFO - 
Processed sample1.csv saved to /opt/airflow/dags/processed_data/sample1.csv
[2025-11-11T23:34:31.627+0000] {logging_mixin.py:190} INFO -       name   age                email
0    Alice  25.0    alice@example.com
1      Bob  30.0      bob@example.com
2  Charlie  27.5  charlie@example.com
[2025-11-11T23:34:31.634+0000] {logging_mixin.py:190} INFO - 
Processed sample2.csv saved to /opt/airflow/dags/processed_data/sample2.csv
[2025-11-11T23:34:31.637+0000] {logging_mixin.py:190} INFO -     name   age              email
0  Vince  22.0  vince@example.com
1   John  56.0   john@example.com
2   Will  39.0   will@example.com
[2025-11-11T23:34:31.637+0000] {processor.py:927} WARNING - No viable dags retrieved from /opt/airflow/dags/scripts/ingest_data.py
[2025-11-11T23:34:31.650+0000] {processor.py:208} INFO - Processing /opt/airflow/dags/scripts/ingest_data.py took 0.311 seconds
[2025-11-11T23:35:01.770+0000] {processor.py:186} INFO - Started process (PID=785) to work on /opt/airflow/dags/scripts/ingest_data.py
[2025-11-11T23:35:01.771+0000] {processor.py:914} INFO - Processing file /opt/airflow/dags/scripts/ingest_data.py for tasks to queue
[2025-11-11T23:35:01.775+0000] {logging_mixin.py:190} INFO - [2025-11-11T23:35:01.774+0000] {dagbag.py:588} INFO - Filling up the DagBag from /opt/airflow/dags/scripts/ingest_data.py
[2025-11-11T23:35:02.057+0000] {logging_mixin.py:190} INFO - Files in raw data folder: ['sample1.csv', 'sample2.csv']
[2025-11-11T23:35:02.068+0000] {logging_mixin.py:190} INFO - 
Processed sample1.csv saved to /opt/airflow/dags/processed_data/sample1.csv
[2025-11-11T23:35:02.072+0000] {logging_mixin.py:190} INFO -       name   age                email
0    Alice  25.0    alice@example.com
1      Bob  30.0      bob@example.com
2  Charlie  27.5  charlie@example.com
[2025-11-11T23:35:02.081+0000] {logging_mixin.py:190} INFO - 
Processed sample2.csv saved to /opt/airflow/dags/processed_data/sample2.csv
[2025-11-11T23:35:02.084+0000] {logging_mixin.py:190} INFO -     name   age              email
0  Vince  22.0  vince@example.com
1   John  56.0   john@example.com
2   Will  39.0   will@example.com
[2025-11-11T23:35:02.084+0000] {processor.py:927} WARNING - No viable dags retrieved from /opt/airflow/dags/scripts/ingest_data.py
[2025-11-11T23:35:02.097+0000] {processor.py:208} INFO - Processing /opt/airflow/dags/scripts/ingest_data.py took 0.334 seconds
[2025-11-11T23:35:32.158+0000] {processor.py:186} INFO - Started process (PID=808) to work on /opt/airflow/dags/scripts/ingest_data.py
[2025-11-11T23:35:32.158+0000] {processor.py:914} INFO - Processing file /opt/airflow/dags/scripts/ingest_data.py for tasks to queue
[2025-11-11T23:35:32.160+0000] {logging_mixin.py:190} INFO - [2025-11-11T23:35:32.160+0000] {dagbag.py:588} INFO - Filling up the DagBag from /opt/airflow/dags/scripts/ingest_data.py
[2025-11-11T23:35:32.417+0000] {logging_mixin.py:190} INFO - Files in raw data folder: ['sample1.csv', 'sample2.csv']
[2025-11-11T23:35:32.429+0000] {logging_mixin.py:190} INFO - 
Processed sample1.csv saved to /opt/airflow/dags/processed_data/sample1.csv
[2025-11-11T23:35:32.432+0000] {logging_mixin.py:190} INFO -       name   age                email
0    Alice  25.0    alice@example.com
1      Bob  30.0      bob@example.com
2  Charlie  27.5  charlie@example.com
[2025-11-11T23:35:32.442+0000] {logging_mixin.py:190} INFO - 
Processed sample2.csv saved to /opt/airflow/dags/processed_data/sample2.csv
[2025-11-11T23:35:32.445+0000] {logging_mixin.py:190} INFO -     name   age              email
0  Vince  22.0  vince@example.com
1   John  56.0   john@example.com
2   Will  39.0   will@example.com
[2025-11-11T23:35:32.446+0000] {processor.py:927} WARNING - No viable dags retrieved from /opt/airflow/dags/scripts/ingest_data.py
[2025-11-11T23:35:32.460+0000] {processor.py:208} INFO - Processing /opt/airflow/dags/scripts/ingest_data.py took 0.307 seconds
[2025-11-11T23:36:02.535+0000] {processor.py:186} INFO - Started process (PID=831) to work on /opt/airflow/dags/scripts/ingest_data.py
[2025-11-11T23:36:02.536+0000] {processor.py:914} INFO - Processing file /opt/airflow/dags/scripts/ingest_data.py for tasks to queue
[2025-11-11T23:36:02.538+0000] {logging_mixin.py:190} INFO - [2025-11-11T23:36:02.538+0000] {dagbag.py:588} INFO - Filling up the DagBag from /opt/airflow/dags/scripts/ingest_data.py
[2025-11-11T23:36:02.806+0000] {logging_mixin.py:190} INFO - Files in raw data folder: ['sample1.csv', 'sample2.csv']
[2025-11-11T23:36:02.818+0000] {logging_mixin.py:190} INFO - 
Processed sample1.csv saved to /opt/airflow/dags/processed_data/sample1.csv
[2025-11-11T23:36:02.821+0000] {logging_mixin.py:190} INFO -       name   age                email
0    Alice  25.0    alice@example.com
1      Bob  30.0      bob@example.com
2  Charlie  27.5  charlie@example.com
[2025-11-11T23:36:02.830+0000] {logging_mixin.py:190} INFO - 
Processed sample2.csv saved to /opt/airflow/dags/processed_data/sample2.csv
[2025-11-11T23:36:02.833+0000] {logging_mixin.py:190} INFO -     name   age              email
0  Vince  22.0  vince@example.com
1   John  56.0   john@example.com
2   Will  39.0   will@example.com
[2025-11-11T23:36:02.833+0000] {processor.py:927} WARNING - No viable dags retrieved from /opt/airflow/dags/scripts/ingest_data.py
[2025-11-11T23:36:02.844+0000] {processor.py:208} INFO - Processing /opt/airflow/dags/scripts/ingest_data.py took 0.315 seconds
[2025-11-11T23:36:33.096+0000] {processor.py:186} INFO - Started process (PID=854) to work on /opt/airflow/dags/scripts/ingest_data.py
[2025-11-11T23:36:33.097+0000] {processor.py:914} INFO - Processing file /opt/airflow/dags/scripts/ingest_data.py for tasks to queue
[2025-11-11T23:36:33.100+0000] {logging_mixin.py:190} INFO - [2025-11-11T23:36:33.099+0000] {dagbag.py:588} INFO - Filling up the DagBag from /opt/airflow/dags/scripts/ingest_data.py
[2025-11-11T23:36:33.353+0000] {logging_mixin.py:190} INFO - Files in raw data folder: ['sample1.csv', 'sample2.csv']
[2025-11-11T23:36:33.364+0000] {logging_mixin.py:190} INFO - 
Processed sample1.csv saved to /opt/airflow/dags/processed_data/sample1.csv
[2025-11-11T23:36:33.367+0000] {logging_mixin.py:190} INFO -       name   age                email
0    Alice  25.0    alice@example.com
1      Bob  30.0      bob@example.com
2  Charlie  27.5  charlie@example.com
[2025-11-11T23:36:33.375+0000] {logging_mixin.py:190} INFO - 
Processed sample2.csv saved to /opt/airflow/dags/processed_data/sample2.csv
[2025-11-11T23:36:33.377+0000] {logging_mixin.py:190} INFO -     name   age              email
0  Vince  22.0  vince@example.com
1   John  56.0   john@example.com
2   Will  39.0   will@example.com
[2025-11-11T23:36:33.377+0000] {processor.py:927} WARNING - No viable dags retrieved from /opt/airflow/dags/scripts/ingest_data.py
[2025-11-11T23:36:33.388+0000] {processor.py:208} INFO - Processing /opt/airflow/dags/scripts/ingest_data.py took 0.297 seconds
[2025-11-11T23:37:03.667+0000] {processor.py:186} INFO - Started process (PID=877) to work on /opt/airflow/dags/scripts/ingest_data.py
[2025-11-11T23:37:03.668+0000] {processor.py:914} INFO - Processing file /opt/airflow/dags/scripts/ingest_data.py for tasks to queue
[2025-11-11T23:37:03.670+0000] {logging_mixin.py:190} INFO - [2025-11-11T23:37:03.670+0000] {dagbag.py:588} INFO - Filling up the DagBag from /opt/airflow/dags/scripts/ingest_data.py
[2025-11-11T23:37:03.936+0000] {logging_mixin.py:190} INFO - Files in raw data folder: ['sample1.csv', 'sample2.csv']
[2025-11-11T23:37:03.947+0000] {logging_mixin.py:190} INFO - 
Processed sample1.csv saved to /opt/airflow/dags/processed_data/sample1.csv
[2025-11-11T23:37:03.951+0000] {logging_mixin.py:190} INFO -       name   age                email
0    Alice  25.0    alice@example.com
1      Bob  30.0      bob@example.com
2  Charlie  27.5  charlie@example.com
[2025-11-11T23:37:03.959+0000] {logging_mixin.py:190} INFO - 
Processed sample2.csv saved to /opt/airflow/dags/processed_data/sample2.csv
[2025-11-11T23:37:03.961+0000] {logging_mixin.py:190} INFO -     name   age              email
0  Vince  22.0  vince@example.com
1   John  56.0   john@example.com
2   Will  39.0   will@example.com
[2025-11-11T23:37:03.962+0000] {processor.py:927} WARNING - No viable dags retrieved from /opt/airflow/dags/scripts/ingest_data.py
[2025-11-11T23:37:03.974+0000] {processor.py:208} INFO - Processing /opt/airflow/dags/scripts/ingest_data.py took 0.312 seconds
[2025-11-11T23:37:34.138+0000] {processor.py:186} INFO - Started process (PID=900) to work on /opt/airflow/dags/scripts/ingest_data.py
[2025-11-11T23:37:34.139+0000] {processor.py:914} INFO - Processing file /opt/airflow/dags/scripts/ingest_data.py for tasks to queue
[2025-11-11T23:37:34.141+0000] {logging_mixin.py:190} INFO - [2025-11-11T23:37:34.141+0000] {dagbag.py:588} INFO - Filling up the DagBag from /opt/airflow/dags/scripts/ingest_data.py
[2025-11-11T23:37:34.400+0000] {logging_mixin.py:190} INFO - Files in raw data folder: ['sample1.csv', 'sample2.csv']
[2025-11-11T23:37:34.411+0000] {logging_mixin.py:190} INFO - 
Processed sample1.csv saved to /opt/airflow/dags/processed_data/sample1.csv
[2025-11-11T23:37:34.414+0000] {logging_mixin.py:190} INFO -       name   age                email
0    Alice  25.0    alice@example.com
1      Bob  30.0      bob@example.com
2  Charlie  27.5  charlie@example.com
[2025-11-11T23:37:34.422+0000] {logging_mixin.py:190} INFO - 
Processed sample2.csv saved to /opt/airflow/dags/processed_data/sample2.csv
[2025-11-11T23:37:34.425+0000] {logging_mixin.py:190} INFO -     name   age              email
0  Vince  22.0  vince@example.com
1   John  56.0   john@example.com
2   Will  39.0   will@example.com
[2025-11-11T23:37:34.426+0000] {processor.py:927} WARNING - No viable dags retrieved from /opt/airflow/dags/scripts/ingest_data.py
[2025-11-11T23:37:34.437+0000] {processor.py:208} INFO - Processing /opt/airflow/dags/scripts/ingest_data.py took 0.304 seconds
[2025-11-11T23:38:05.099+0000] {processor.py:186} INFO - Started process (PID=923) to work on /opt/airflow/dags/scripts/ingest_data.py
[2025-11-11T23:38:05.100+0000] {processor.py:914} INFO - Processing file /opt/airflow/dags/scripts/ingest_data.py for tasks to queue
[2025-11-11T23:38:05.102+0000] {logging_mixin.py:190} INFO - [2025-11-11T23:38:05.102+0000] {dagbag.py:588} INFO - Filling up the DagBag from /opt/airflow/dags/scripts/ingest_data.py
[2025-11-11T23:38:05.362+0000] {logging_mixin.py:190} INFO - Files in raw data folder: ['sample1.csv', 'sample2.csv']
[2025-11-11T23:38:05.375+0000] {logging_mixin.py:190} INFO - 
Processed sample1.csv saved to /opt/airflow/dags/processed_data/sample1.csv
[2025-11-11T23:38:05.379+0000] {logging_mixin.py:190} INFO -       name   age                email
0    Alice  25.0    alice@example.com
1      Bob  30.0      bob@example.com
2  Charlie  27.5  charlie@example.com
[2025-11-11T23:38:05.390+0000] {logging_mixin.py:190} INFO - 
Processed sample2.csv saved to /opt/airflow/dags/processed_data/sample2.csv
[2025-11-11T23:38:05.394+0000] {logging_mixin.py:190} INFO -     name   age              email
0  Vince  22.0  vince@example.com
1   John  56.0   john@example.com
2   Will  39.0   will@example.com
[2025-11-11T23:38:05.394+0000] {processor.py:927} WARNING - No viable dags retrieved from /opt/airflow/dags/scripts/ingest_data.py
[2025-11-11T23:38:05.407+0000] {processor.py:208} INFO - Processing /opt/airflow/dags/scripts/ingest_data.py took 0.314 seconds
[2025-11-11T23:38:36.423+0000] {processor.py:186} INFO - Started process (PID=946) to work on /opt/airflow/dags/scripts/ingest_data.py
[2025-11-11T23:38:36.424+0000] {processor.py:914} INFO - Processing file /opt/airflow/dags/scripts/ingest_data.py for tasks to queue
[2025-11-11T23:38:36.427+0000] {logging_mixin.py:190} INFO - [2025-11-11T23:38:36.427+0000] {dagbag.py:588} INFO - Filling up the DagBag from /opt/airflow/dags/scripts/ingest_data.py
[2025-11-11T23:38:36.724+0000] {logging_mixin.py:190} INFO - Files in raw data folder: ['sample1.csv', 'sample2.csv']
[2025-11-11T23:38:36.738+0000] {logging_mixin.py:190} INFO - 
Processed sample1.csv saved to /opt/airflow/dags/processed_data/sample1.csv
[2025-11-11T23:38:36.742+0000] {logging_mixin.py:190} INFO -       name   age                email
0    Alice  25.0    alice@example.com
1      Bob  30.0      bob@example.com
2  Charlie  27.5  charlie@example.com
[2025-11-11T23:38:36.751+0000] {logging_mixin.py:190} INFO - 
Processed sample2.csv saved to /opt/airflow/dags/processed_data/sample2.csv
[2025-11-11T23:38:36.754+0000] {logging_mixin.py:190} INFO -     name   age              email
0  Vince  22.0  vince@example.com
1   John  56.0   john@example.com
2   Will  39.0   will@example.com
[2025-11-11T23:38:36.755+0000] {processor.py:927} WARNING - No viable dags retrieved from /opt/airflow/dags/scripts/ingest_data.py
[2025-11-11T23:38:36.769+0000] {processor.py:208} INFO - Processing /opt/airflow/dags/scripts/ingest_data.py took 0.354 seconds
[2025-11-11T23:39:07.453+0000] {processor.py:186} INFO - Started process (PID=969) to work on /opt/airflow/dags/scripts/ingest_data.py
[2025-11-11T23:39:07.454+0000] {processor.py:914} INFO - Processing file /opt/airflow/dags/scripts/ingest_data.py for tasks to queue
[2025-11-11T23:39:07.456+0000] {logging_mixin.py:190} INFO - [2025-11-11T23:39:07.456+0000] {dagbag.py:588} INFO - Filling up the DagBag from /opt/airflow/dags/scripts/ingest_data.py
[2025-11-11T23:39:07.758+0000] {logging_mixin.py:190} INFO - Files in raw data folder: ['sample1.csv', 'sample2.csv']
[2025-11-11T23:39:07.771+0000] {logging_mixin.py:190} INFO - 
Processed sample1.csv saved to /opt/airflow/dags/processed_data/sample1.csv
[2025-11-11T23:39:07.775+0000] {logging_mixin.py:190} INFO -       name   age                email
0    Alice  25.0    alice@example.com
1      Bob  30.0      bob@example.com
2  Charlie  27.5  charlie@example.com
[2025-11-11T23:39:07.785+0000] {logging_mixin.py:190} INFO - 
Processed sample2.csv saved to /opt/airflow/dags/processed_data/sample2.csv
[2025-11-11T23:39:07.788+0000] {logging_mixin.py:190} INFO -     name   age              email
0  Vince  22.0  vince@example.com
1   John  56.0   john@example.com
2   Will  39.0   will@example.com
[2025-11-11T23:39:07.789+0000] {processor.py:927} WARNING - No viable dags retrieved from /opt/airflow/dags/scripts/ingest_data.py
[2025-11-11T23:39:07.805+0000] {processor.py:208} INFO - Processing /opt/airflow/dags/scripts/ingest_data.py took 0.357 seconds
[2025-11-11T23:39:38.831+0000] {processor.py:186} INFO - Started process (PID=992) to work on /opt/airflow/dags/scripts/ingest_data.py
[2025-11-11T23:39:38.832+0000] {processor.py:914} INFO - Processing file /opt/airflow/dags/scripts/ingest_data.py for tasks to queue
[2025-11-11T23:39:38.834+0000] {logging_mixin.py:190} INFO - [2025-11-11T23:39:38.834+0000] {dagbag.py:588} INFO - Filling up the DagBag from /opt/airflow/dags/scripts/ingest_data.py
[2025-11-11T23:39:39.103+0000] {logging_mixin.py:190} INFO - Files in raw data folder: ['sample1.csv', 'sample2.csv']
[2025-11-11T23:39:39.114+0000] {logging_mixin.py:190} INFO - 
Processed sample1.csv saved to /opt/airflow/dags/processed_data/sample1.csv
[2025-11-11T23:39:39.118+0000] {logging_mixin.py:190} INFO -       name   age                email
0    Alice  25.0    alice@example.com
1      Bob  30.0      bob@example.com
2  Charlie  27.5  charlie@example.com
[2025-11-11T23:39:39.125+0000] {logging_mixin.py:190} INFO - 
Processed sample2.csv saved to /opt/airflow/dags/processed_data/sample2.csv
[2025-11-11T23:39:39.128+0000] {logging_mixin.py:190} INFO -     name   age              email
0  Vince  22.0  vince@example.com
1   John  56.0   john@example.com
2   Will  39.0   will@example.com
[2025-11-11T23:39:39.128+0000] {processor.py:927} WARNING - No viable dags retrieved from /opt/airflow/dags/scripts/ingest_data.py
[2025-11-11T23:39:39.141+0000] {processor.py:208} INFO - Processing /opt/airflow/dags/scripts/ingest_data.py took 0.316 seconds
[2025-11-11T23:40:09.944+0000] {processor.py:186} INFO - Started process (PID=1015) to work on /opt/airflow/dags/scripts/ingest_data.py
[2025-11-11T23:40:09.945+0000] {processor.py:914} INFO - Processing file /opt/airflow/dags/scripts/ingest_data.py for tasks to queue
[2025-11-11T23:40:09.946+0000] {logging_mixin.py:190} INFO - [2025-11-11T23:40:09.946+0000] {dagbag.py:588} INFO - Filling up the DagBag from /opt/airflow/dags/scripts/ingest_data.py
[2025-11-11T23:40:10.213+0000] {logging_mixin.py:190} INFO - Files in raw data folder: ['sample1.csv', 'sample2.csv']
[2025-11-11T23:40:10.225+0000] {logging_mixin.py:190} INFO - 
Processed sample1.csv saved to /opt/airflow/dags/processed_data/sample1.csv
[2025-11-11T23:40:10.228+0000] {logging_mixin.py:190} INFO -       name   age                email
0    Alice  25.0    alice@example.com
1      Bob  30.0      bob@example.com
2  Charlie  27.5  charlie@example.com
[2025-11-11T23:40:10.237+0000] {logging_mixin.py:190} INFO - 
Processed sample2.csv saved to /opt/airflow/dags/processed_data/sample2.csv
[2025-11-11T23:40:10.240+0000] {logging_mixin.py:190} INFO -     name   age              email
0  Vince  22.0  vince@example.com
1   John  56.0   john@example.com
2   Will  39.0   will@example.com
[2025-11-11T23:40:10.240+0000] {processor.py:927} WARNING - No viable dags retrieved from /opt/airflow/dags/scripts/ingest_data.py
[2025-11-11T23:40:10.254+0000] {processor.py:208} INFO - Processing /opt/airflow/dags/scripts/ingest_data.py took 0.316 seconds
[2025-11-11T23:40:40.540+0000] {processor.py:186} INFO - Started process (PID=1038) to work on /opt/airflow/dags/scripts/ingest_data.py
[2025-11-11T23:40:40.541+0000] {processor.py:914} INFO - Processing file /opt/airflow/dags/scripts/ingest_data.py for tasks to queue
[2025-11-11T23:40:40.544+0000] {logging_mixin.py:190} INFO - [2025-11-11T23:40:40.543+0000] {dagbag.py:588} INFO - Filling up the DagBag from /opt/airflow/dags/scripts/ingest_data.py
[2025-11-11T23:40:41.392+0000] {logging_mixin.py:190} INFO - Files in raw data folder: ['sample1.csv', 'sample2.csv']
[2025-11-11T23:40:41.743+0000] {logging_mixin.py:190} INFO - 
Processed sample1.csv saved to /opt/airflow/dags/processed_data/sample1.csv
[2025-11-11T23:40:41.747+0000] {logging_mixin.py:190} INFO -       name   age                email
0    Alice  25.0    alice@example.com
1      Bob  30.0      bob@example.com
2  Charlie  27.5  charlie@example.com
[2025-11-11T23:40:41.757+0000] {logging_mixin.py:190} INFO - 
Processed sample2.csv saved to /opt/airflow/dags/processed_data/sample2.csv
[2025-11-11T23:40:41.760+0000] {logging_mixin.py:190} INFO -     name   age              email
0  Vince  22.0  vince@example.com
1   John  56.0   john@example.com
2   Will  39.0   will@example.com
[2025-11-11T23:40:41.761+0000] {processor.py:927} WARNING - No viable dags retrieved from /opt/airflow/dags/scripts/ingest_data.py
[2025-11-11T23:40:41.774+0000] {processor.py:208} INFO - Processing /opt/airflow/dags/scripts/ingest_data.py took 1.241 seconds
[2025-11-11T23:41:12.390+0000] {processor.py:186} INFO - Started process (PID=1061) to work on /opt/airflow/dags/scripts/ingest_data.py
[2025-11-11T23:41:12.390+0000] {processor.py:914} INFO - Processing file /opt/airflow/dags/scripts/ingest_data.py for tasks to queue
[2025-11-11T23:41:12.393+0000] {logging_mixin.py:190} INFO - [2025-11-11T23:41:12.393+0000] {dagbag.py:588} INFO - Filling up the DagBag from /opt/airflow/dags/scripts/ingest_data.py
[2025-11-11T23:41:12.676+0000] {logging_mixin.py:190} INFO - Files in raw data folder: ['sample1.csv', 'sample2.csv']
[2025-11-11T23:41:12.689+0000] {logging_mixin.py:190} INFO - 
Processed sample1.csv saved to /opt/airflow/dags/processed_data/sample1.csv
[2025-11-11T23:41:12.692+0000] {logging_mixin.py:190} INFO -       name   age                email
0    Alice  25.0    alice@example.com
1      Bob  30.0      bob@example.com
2  Charlie  27.5  charlie@example.com
[2025-11-11T23:41:12.701+0000] {logging_mixin.py:190} INFO - 
Processed sample2.csv saved to /opt/airflow/dags/processed_data/sample2.csv
[2025-11-11T23:41:12.704+0000] {logging_mixin.py:190} INFO -     name   age              email
0  Vince  22.0  vince@example.com
1   John  56.0   john@example.com
2   Will  39.0   will@example.com
[2025-11-11T23:41:12.705+0000] {processor.py:927} WARNING - No viable dags retrieved from /opt/airflow/dags/scripts/ingest_data.py
[2025-11-11T23:41:12.718+0000] {processor.py:208} INFO - Processing /opt/airflow/dags/scripts/ingest_data.py took 0.334 seconds
[2025-11-11T23:41:42.829+0000] {processor.py:186} INFO - Started process (PID=1084) to work on /opt/airflow/dags/scripts/ingest_data.py
[2025-11-11T23:41:42.830+0000] {processor.py:914} INFO - Processing file /opt/airflow/dags/scripts/ingest_data.py for tasks to queue
[2025-11-11T23:41:42.832+0000] {logging_mixin.py:190} INFO - [2025-11-11T23:41:42.832+0000] {dagbag.py:588} INFO - Filling up the DagBag from /opt/airflow/dags/scripts/ingest_data.py
[2025-11-11T23:41:43.491+0000] {logging_mixin.py:190} INFO - Files in raw data folder: ['sample1.csv', 'sample2.csv']
[2025-11-11T23:41:43.658+0000] {logging_mixin.py:190} INFO - 
Processed sample1.csv saved to /opt/airflow/dags/processed_data/sample1.csv
[2025-11-11T23:41:43.673+0000] {logging_mixin.py:190} INFO -       name   age                email
0    Alice  25.0    alice@example.com
1      Bob  30.0      bob@example.com
2  Charlie  27.5  charlie@example.com
[2025-11-11T23:41:43.736+0000] {logging_mixin.py:190} INFO - 
Processed sample2.csv saved to /opt/airflow/dags/processed_data/sample2.csv
[2025-11-11T23:41:43.743+0000] {logging_mixin.py:190} INFO -     name   age              email
0  Vince  22.0  vince@example.com
1   John  56.0   john@example.com
2   Will  39.0   will@example.com
[2025-11-11T23:41:43.755+0000] {processor.py:927} WARNING - No viable dags retrieved from /opt/airflow/dags/scripts/ingest_data.py
[2025-11-11T23:41:43.788+0000] {processor.py:208} INFO - Processing /opt/airflow/dags/scripts/ingest_data.py took 0.966 seconds
[2025-11-11T23:42:14.475+0000] {processor.py:186} INFO - Started process (PID=1107) to work on /opt/airflow/dags/scripts/ingest_data.py
[2025-11-11T23:42:14.476+0000] {processor.py:914} INFO - Processing file /opt/airflow/dags/scripts/ingest_data.py for tasks to queue
[2025-11-11T23:42:14.478+0000] {logging_mixin.py:190} INFO - [2025-11-11T23:42:14.478+0000] {dagbag.py:588} INFO - Filling up the DagBag from /opt/airflow/dags/scripts/ingest_data.py
[2025-11-11T23:42:14.762+0000] {logging_mixin.py:190} INFO - Files in raw data folder: ['sample1.csv', 'sample2.csv']
[2025-11-11T23:42:14.775+0000] {logging_mixin.py:190} INFO - 
Processed sample1.csv saved to /opt/airflow/dags/processed_data/sample1.csv
[2025-11-11T23:42:14.778+0000] {logging_mixin.py:190} INFO -       name   age                email
0    Alice  25.0    alice@example.com
1      Bob  30.0      bob@example.com
2  Charlie  27.5  charlie@example.com
[2025-11-11T23:42:14.787+0000] {logging_mixin.py:190} INFO - 
Processed sample2.csv saved to /opt/airflow/dags/processed_data/sample2.csv
[2025-11-11T23:42:14.790+0000] {logging_mixin.py:190} INFO -     name   age              email
0  Vince  22.0  vince@example.com
1   John  56.0   john@example.com
2   Will  39.0   will@example.com
[2025-11-11T23:42:14.790+0000] {processor.py:927} WARNING - No viable dags retrieved from /opt/airflow/dags/scripts/ingest_data.py
[2025-11-11T23:42:14.804+0000] {processor.py:208} INFO - Processing /opt/airflow/dags/scripts/ingest_data.py took 0.335 seconds
[2025-11-11T23:42:45.240+0000] {processor.py:186} INFO - Started process (PID=1130) to work on /opt/airflow/dags/scripts/ingest_data.py
[2025-11-11T23:42:45.241+0000] {processor.py:914} INFO - Processing file /opt/airflow/dags/scripts/ingest_data.py for tasks to queue
[2025-11-11T23:42:45.244+0000] {logging_mixin.py:190} INFO - [2025-11-11T23:42:45.244+0000] {dagbag.py:588} INFO - Filling up the DagBag from /opt/airflow/dags/scripts/ingest_data.py
[2025-11-11T23:42:45.639+0000] {logging_mixin.py:190} INFO - Files in raw data folder: ['sample1.csv', 'sample2.csv']
[2025-11-11T23:42:45.659+0000] {logging_mixin.py:190} INFO - 
Processed sample1.csv saved to /opt/airflow/dags/processed_data/sample1.csv
[2025-11-11T23:42:45.663+0000] {logging_mixin.py:190} INFO -       name   age                email
0    Alice  25.0    alice@example.com
1      Bob  30.0      bob@example.com
2  Charlie  27.5  charlie@example.com
[2025-11-11T23:42:45.669+0000] {logging_mixin.py:190} INFO - 
Processed sample2.csv saved to /opt/airflow/dags/processed_data/sample2.csv
[2025-11-11T23:42:45.672+0000] {logging_mixin.py:190} INFO -     name   age              email
0  Vince  22.0  vince@example.com
1   John  56.0   john@example.com
2   Will  39.0   will@example.com
[2025-11-11T23:42:45.673+0000] {processor.py:927} WARNING - No viable dags retrieved from /opt/airflow/dags/scripts/ingest_data.py
[2025-11-11T23:42:45.684+0000] {processor.py:208} INFO - Processing /opt/airflow/dags/scripts/ingest_data.py took 0.452 seconds
[2025-11-11T23:43:16.083+0000] {processor.py:186} INFO - Started process (PID=1153) to work on /opt/airflow/dags/scripts/ingest_data.py
[2025-11-11T23:43:16.084+0000] {processor.py:914} INFO - Processing file /opt/airflow/dags/scripts/ingest_data.py for tasks to queue
[2025-11-11T23:43:16.087+0000] {logging_mixin.py:190} INFO - [2025-11-11T23:43:16.086+0000] {dagbag.py:588} INFO - Filling up the DagBag from /opt/airflow/dags/scripts/ingest_data.py
[2025-11-11T23:43:16.351+0000] {logging_mixin.py:190} INFO - Files in raw data folder: ['sample1.csv', 'sample2.csv']
[2025-11-11T23:43:16.363+0000] {logging_mixin.py:190} INFO - 
Processed sample1.csv saved to /opt/airflow/dags/processed_data/sample1.csv
[2025-11-11T23:43:16.367+0000] {logging_mixin.py:190} INFO -       name   age                email
0    Alice  25.0    alice@example.com
1      Bob  30.0      bob@example.com
2  Charlie  27.5  charlie@example.com
[2025-11-11T23:43:16.375+0000] {logging_mixin.py:190} INFO - 
Processed sample2.csv saved to /opt/airflow/dags/processed_data/sample2.csv
[2025-11-11T23:43:16.378+0000] {logging_mixin.py:190} INFO -     name   age              email
0  Vince  22.0  vince@example.com
1   John  56.0   john@example.com
2   Will  39.0   will@example.com
[2025-11-11T23:43:16.378+0000] {processor.py:927} WARNING - No viable dags retrieved from /opt/airflow/dags/scripts/ingest_data.py
[2025-11-11T23:43:16.391+0000] {processor.py:208} INFO - Processing /opt/airflow/dags/scripts/ingest_data.py took 0.313 seconds
[2025-11-11T23:43:46.792+0000] {processor.py:186} INFO - Started process (PID=1176) to work on /opt/airflow/dags/scripts/ingest_data.py
[2025-11-11T23:43:46.793+0000] {processor.py:914} INFO - Processing file /opt/airflow/dags/scripts/ingest_data.py for tasks to queue
[2025-11-11T23:43:46.796+0000] {logging_mixin.py:190} INFO - [2025-11-11T23:43:46.795+0000] {dagbag.py:588} INFO - Filling up the DagBag from /opt/airflow/dags/scripts/ingest_data.py
[2025-11-11T23:43:47.054+0000] {logging_mixin.py:190} INFO - Files in raw data folder: ['sample1.csv', 'sample2.csv']
[2025-11-11T23:43:47.065+0000] {logging_mixin.py:190} INFO - 
Processed sample1.csv saved to /opt/airflow/dags/processed_data/sample1.csv
[2025-11-11T23:43:47.069+0000] {logging_mixin.py:190} INFO -       name   age                email
0    Alice  25.0    alice@example.com
1      Bob  30.0      bob@example.com
2  Charlie  27.5  charlie@example.com
[2025-11-11T23:43:47.076+0000] {logging_mixin.py:190} INFO - 
Processed sample2.csv saved to /opt/airflow/dags/processed_data/sample2.csv
[2025-11-11T23:43:47.078+0000] {logging_mixin.py:190} INFO -     name   age              email
0  Vince  22.0  vince@example.com
1   John  56.0   john@example.com
2   Will  39.0   will@example.com
[2025-11-11T23:43:47.079+0000] {processor.py:927} WARNING - No viable dags retrieved from /opt/airflow/dags/scripts/ingest_data.py
[2025-11-11T23:43:47.091+0000] {processor.py:208} INFO - Processing /opt/airflow/dags/scripts/ingest_data.py took 0.304 seconds
[2025-11-11T23:44:17.493+0000] {processor.py:186} INFO - Started process (PID=1199) to work on /opt/airflow/dags/scripts/ingest_data.py
[2025-11-11T23:44:17.494+0000] {processor.py:914} INFO - Processing file /opt/airflow/dags/scripts/ingest_data.py for tasks to queue
[2025-11-11T23:44:17.496+0000] {logging_mixin.py:190} INFO - [2025-11-11T23:44:17.495+0000] {dagbag.py:588} INFO - Filling up the DagBag from /opt/airflow/dags/scripts/ingest_data.py
[2025-11-11T23:44:17.756+0000] {logging_mixin.py:190} INFO - Files in raw data folder: ['sample1.csv', 'sample2.csv']
[2025-11-11T23:44:17.767+0000] {logging_mixin.py:190} INFO - 
Processed sample1.csv saved to /opt/airflow/dags/processed_data/sample1.csv
[2025-11-11T23:44:17.771+0000] {logging_mixin.py:190} INFO -       name   age                email
0    Alice  25.0    alice@example.com
1      Bob  30.0      bob@example.com
2  Charlie  27.5  charlie@example.com
[2025-11-11T23:44:17.779+0000] {logging_mixin.py:190} INFO - 
Processed sample2.csv saved to /opt/airflow/dags/processed_data/sample2.csv
[2025-11-11T23:44:17.782+0000] {logging_mixin.py:190} INFO -     name   age              email
0  Vince  22.0  vince@example.com
1   John  56.0   john@example.com
2   Will  39.0   will@example.com
[2025-11-11T23:44:17.782+0000] {processor.py:927} WARNING - No viable dags retrieved from /opt/airflow/dags/scripts/ingest_data.py
[2025-11-11T23:44:17.795+0000] {processor.py:208} INFO - Processing /opt/airflow/dags/scripts/ingest_data.py took 0.307 seconds
[2025-11-11T23:44:48.190+0000] {processor.py:186} INFO - Started process (PID=1222) to work on /opt/airflow/dags/scripts/ingest_data.py
[2025-11-11T23:44:48.191+0000] {processor.py:914} INFO - Processing file /opt/airflow/dags/scripts/ingest_data.py for tasks to queue
[2025-11-11T23:44:48.193+0000] {logging_mixin.py:190} INFO - [2025-11-11T23:44:48.193+0000] {dagbag.py:588} INFO - Filling up the DagBag from /opt/airflow/dags/scripts/ingest_data.py
[2025-11-11T23:44:48.461+0000] {logging_mixin.py:190} INFO - Files in raw data folder: ['sample1.csv', 'sample2.csv']
[2025-11-11T23:44:48.472+0000] {logging_mixin.py:190} INFO - 
Processed sample1.csv saved to /opt/airflow/dags/processed_data/sample1.csv
[2025-11-11T23:44:48.475+0000] {logging_mixin.py:190} INFO -       name   age                email
0    Alice  25.0    alice@example.com
1      Bob  30.0      bob@example.com
2  Charlie  27.5  charlie@example.com
[2025-11-11T23:44:48.483+0000] {logging_mixin.py:190} INFO - 
Processed sample2.csv saved to /opt/airflow/dags/processed_data/sample2.csv
[2025-11-11T23:44:48.485+0000] {logging_mixin.py:190} INFO -     name   age              email
0  Vince  22.0  vince@example.com
1   John  56.0   john@example.com
2   Will  39.0   will@example.com
[2025-11-11T23:44:48.486+0000] {processor.py:927} WARNING - No viable dags retrieved from /opt/airflow/dags/scripts/ingest_data.py
[2025-11-11T23:44:48.498+0000] {processor.py:208} INFO - Processing /opt/airflow/dags/scripts/ingest_data.py took 0.314 seconds
[2025-11-11T23:45:18.894+0000] {processor.py:186} INFO - Started process (PID=1245) to work on /opt/airflow/dags/scripts/ingest_data.py
[2025-11-11T23:45:18.894+0000] {processor.py:914} INFO - Processing file /opt/airflow/dags/scripts/ingest_data.py for tasks to queue
[2025-11-11T23:45:18.896+0000] {logging_mixin.py:190} INFO - [2025-11-11T23:45:18.896+0000] {dagbag.py:588} INFO - Filling up the DagBag from /opt/airflow/dags/scripts/ingest_data.py
[2025-11-11T23:45:19.151+0000] {logging_mixin.py:190} INFO - Files in raw data folder: ['sample1.csv', 'sample2.csv']
[2025-11-11T23:45:19.162+0000] {logging_mixin.py:190} INFO - 
Processed sample1.csv saved to /opt/airflow/dags/processed_data/sample1.csv
[2025-11-11T23:45:19.165+0000] {logging_mixin.py:190} INFO -       name   age                email
0    Alice  25.0    alice@example.com
1      Bob  30.0      bob@example.com
2  Charlie  27.5  charlie@example.com
[2025-11-11T23:45:19.173+0000] {logging_mixin.py:190} INFO - 
Processed sample2.csv saved to /opt/airflow/dags/processed_data/sample2.csv
[2025-11-11T23:45:19.175+0000] {logging_mixin.py:190} INFO -     name   age              email
0  Vince  22.0  vince@example.com
1   John  56.0   john@example.com
2   Will  39.0   will@example.com
[2025-11-11T23:45:19.176+0000] {processor.py:927} WARNING - No viable dags retrieved from /opt/airflow/dags/scripts/ingest_data.py
[2025-11-11T23:45:19.189+0000] {processor.py:208} INFO - Processing /opt/airflow/dags/scripts/ingest_data.py took 0.300 seconds
[2025-11-11T23:45:49.601+0000] {processor.py:186} INFO - Started process (PID=1268) to work on /opt/airflow/dags/scripts/ingest_data.py
[2025-11-11T23:45:49.602+0000] {processor.py:914} INFO - Processing file /opt/airflow/dags/scripts/ingest_data.py for tasks to queue
[2025-11-11T23:45:49.605+0000] {logging_mixin.py:190} INFO - [2025-11-11T23:45:49.604+0000] {dagbag.py:588} INFO - Filling up the DagBag from /opt/airflow/dags/scripts/ingest_data.py
[2025-11-11T23:45:49.868+0000] {logging_mixin.py:190} INFO - Files in raw data folder: ['sample1.csv', 'sample2.csv']
[2025-11-11T23:45:49.880+0000] {logging_mixin.py:190} INFO - 
Processed sample1.csv saved to /opt/airflow/dags/processed_data/sample1.csv
[2025-11-11T23:45:49.883+0000] {logging_mixin.py:190} INFO -       name   age                email
0    Alice  25.0    alice@example.com
1      Bob  30.0      bob@example.com
2  Charlie  27.5  charlie@example.com
[2025-11-11T23:45:49.891+0000] {logging_mixin.py:190} INFO - 
Processed sample2.csv saved to /opt/airflow/dags/processed_data/sample2.csv
[2025-11-11T23:45:49.894+0000] {logging_mixin.py:190} INFO -     name   age              email
0  Vince  22.0  vince@example.com
1   John  56.0   john@example.com
2   Will  39.0   will@example.com
[2025-11-11T23:45:49.895+0000] {processor.py:927} WARNING - No viable dags retrieved from /opt/airflow/dags/scripts/ingest_data.py
[2025-11-11T23:45:49.909+0000] {processor.py:208} INFO - Processing /opt/airflow/dags/scripts/ingest_data.py took 0.312 seconds
