[2025-11-11T23:16:59.444+0000] {processor.py:186} INFO - Started process (PID=192) to work on /opt/airflow/dags/scripts/load_to_mongodb.py
[2025-11-11T23:16:59.445+0000] {processor.py:914} INFO - Processing file /opt/airflow/dags/scripts/load_to_mongodb.py for tasks to queue
[2025-11-11T23:16:59.447+0000] {logging_mixin.py:190} INFO - [2025-11-11T23:16:59.447+0000] {dagbag.py:588} INFO - Filling up the DagBag from /opt/airflow/dags/scripts/load_to_mongodb.py
[2025-11-11T23:17:00.220+0000] {processor.py:925} INFO - DAG(s) 'load_to_mongodb' retrieved from /opt/airflow/dags/scripts/load_to_mongodb.py
[2025-11-11T23:17:00.239+0000] {logging_mixin.py:190} INFO - [2025-11-11T23:17:00.239+0000] {dag.py:3239} INFO - Sync 1 DAGs
[2025-11-11T23:17:00.250+0000] {logging_mixin.py:190} INFO - [2025-11-11T23:17:00.249+0000] {dag.py:4180} INFO - Setting next_dagrun for load_to_mongodb to None, run_after=None
[2025-11-11T23:17:00.262+0000] {processor.py:208} INFO - Processing /opt/airflow/dags/scripts/load_to_mongodb.py took 0.824 seconds
[2025-11-11T23:17:30.746+0000] {processor.py:186} INFO - Started process (PID=205) to work on /opt/airflow/dags/scripts/load_to_mongodb.py
[2025-11-11T23:17:30.747+0000] {processor.py:914} INFO - Processing file /opt/airflow/dags/scripts/load_to_mongodb.py for tasks to queue
[2025-11-11T23:17:30.749+0000] {logging_mixin.py:190} INFO - [2025-11-11T23:17:30.749+0000] {dagbag.py:588} INFO - Filling up the DagBag from /opt/airflow/dags/scripts/load_to_mongodb.py
[2025-11-11T23:17:31.218+0000] {processor.py:925} INFO - DAG(s) 'load_to_mongodb' retrieved from /opt/airflow/dags/scripts/load_to_mongodb.py
[2025-11-11T23:17:31.236+0000] {logging_mixin.py:190} INFO - [2025-11-11T23:17:31.235+0000] {dag.py:3239} INFO - Sync 1 DAGs
[2025-11-11T23:17:31.247+0000] {logging_mixin.py:190} INFO - [2025-11-11T23:17:31.247+0000] {dag.py:4180} INFO - Setting next_dagrun for load_to_mongodb to None, run_after=None
[2025-11-11T23:17:31.263+0000] {processor.py:208} INFO - Processing /opt/airflow/dags/scripts/load_to_mongodb.py took 0.522 seconds
[2025-11-11T23:18:02.057+0000] {processor.py:186} INFO - Started process (PID=216) to work on /opt/airflow/dags/scripts/load_to_mongodb.py
[2025-11-11T23:18:02.058+0000] {processor.py:914} INFO - Processing file /opt/airflow/dags/scripts/load_to_mongodb.py for tasks to queue
[2025-11-11T23:18:02.060+0000] {logging_mixin.py:190} INFO - [2025-11-11T23:18:02.059+0000] {dagbag.py:588} INFO - Filling up the DagBag from /opt/airflow/dags/scripts/load_to_mongodb.py
[2025-11-11T23:18:02.492+0000] {processor.py:925} INFO - DAG(s) 'load_to_mongodb' retrieved from /opt/airflow/dags/scripts/load_to_mongodb.py
[2025-11-11T23:18:02.510+0000] {logging_mixin.py:190} INFO - [2025-11-11T23:18:02.509+0000] {dag.py:3239} INFO - Sync 1 DAGs
[2025-11-11T23:18:02.520+0000] {logging_mixin.py:190} INFO - [2025-11-11T23:18:02.519+0000] {dag.py:4180} INFO - Setting next_dagrun for load_to_mongodb to None, run_after=None
[2025-11-11T23:18:02.536+0000] {processor.py:208} INFO - Processing /opt/airflow/dags/scripts/load_to_mongodb.py took 0.483 seconds
[2025-11-11T23:18:33.368+0000] {processor.py:186} INFO - Started process (PID=227) to work on /opt/airflow/dags/scripts/load_to_mongodb.py
[2025-11-11T23:18:33.369+0000] {processor.py:914} INFO - Processing file /opt/airflow/dags/scripts/load_to_mongodb.py for tasks to queue
[2025-11-11T23:18:33.372+0000] {logging_mixin.py:190} INFO - [2025-11-11T23:18:33.372+0000] {dagbag.py:588} INFO - Filling up the DagBag from /opt/airflow/dags/scripts/load_to_mongodb.py
[2025-11-11T23:18:33.843+0000] {processor.py:925} INFO - DAG(s) 'load_to_mongodb' retrieved from /opt/airflow/dags/scripts/load_to_mongodb.py
[2025-11-11T23:18:33.860+0000] {logging_mixin.py:190} INFO - [2025-11-11T23:18:33.860+0000] {dag.py:3239} INFO - Sync 1 DAGs
[2025-11-11T23:18:33.870+0000] {logging_mixin.py:190} INFO - [2025-11-11T23:18:33.869+0000] {dag.py:4180} INFO - Setting next_dagrun for load_to_mongodb to None, run_after=None
[2025-11-11T23:18:33.885+0000] {processor.py:208} INFO - Processing /opt/airflow/dags/scripts/load_to_mongodb.py took 0.523 seconds
[2025-11-11T23:19:04.686+0000] {processor.py:186} INFO - Started process (PID=238) to work on /opt/airflow/dags/scripts/load_to_mongodb.py
[2025-11-11T23:19:04.687+0000] {processor.py:914} INFO - Processing file /opt/airflow/dags/scripts/load_to_mongodb.py for tasks to queue
[2025-11-11T23:19:04.689+0000] {logging_mixin.py:190} INFO - [2025-11-11T23:19:04.689+0000] {dagbag.py:588} INFO - Filling up the DagBag from /opt/airflow/dags/scripts/load_to_mongodb.py
[2025-11-11T23:19:05.135+0000] {processor.py:925} INFO - DAG(s) 'load_to_mongodb' retrieved from /opt/airflow/dags/scripts/load_to_mongodb.py
[2025-11-11T23:19:05.152+0000] {logging_mixin.py:190} INFO - [2025-11-11T23:19:05.152+0000] {dag.py:3239} INFO - Sync 1 DAGs
[2025-11-11T23:19:05.163+0000] {logging_mixin.py:190} INFO - [2025-11-11T23:19:05.162+0000] {dag.py:4180} INFO - Setting next_dagrun for load_to_mongodb to None, run_after=None
[2025-11-11T23:19:05.176+0000] {processor.py:208} INFO - Processing /opt/airflow/dags/scripts/load_to_mongodb.py took 0.496 seconds
[2025-11-11T23:19:35.994+0000] {processor.py:186} INFO - Started process (PID=249) to work on /opt/airflow/dags/scripts/load_to_mongodb.py
[2025-11-11T23:19:35.996+0000] {processor.py:914} INFO - Processing file /opt/airflow/dags/scripts/load_to_mongodb.py for tasks to queue
[2025-11-11T23:19:35.999+0000] {logging_mixin.py:190} INFO - [2025-11-11T23:19:35.998+0000] {dagbag.py:588} INFO - Filling up the DagBag from /opt/airflow/dags/scripts/load_to_mongodb.py
[2025-11-11T23:19:36.468+0000] {processor.py:925} INFO - DAG(s) 'load_to_mongodb' retrieved from /opt/airflow/dags/scripts/load_to_mongodb.py
[2025-11-11T23:19:36.486+0000] {logging_mixin.py:190} INFO - [2025-11-11T23:19:36.486+0000] {dag.py:3239} INFO - Sync 1 DAGs
[2025-11-11T23:19:36.497+0000] {logging_mixin.py:190} INFO - [2025-11-11T23:19:36.497+0000] {dag.py:4180} INFO - Setting next_dagrun for load_to_mongodb to None, run_after=None
[2025-11-11T23:19:36.514+0000] {processor.py:208} INFO - Processing /opt/airflow/dags/scripts/load_to_mongodb.py took 0.526 seconds
[2025-11-11T23:20:07.353+0000] {processor.py:186} INFO - Started process (PID=260) to work on /opt/airflow/dags/scripts/load_to_mongodb.py
[2025-11-11T23:20:07.354+0000] {processor.py:914} INFO - Processing file /opt/airflow/dags/scripts/load_to_mongodb.py for tasks to queue
[2025-11-11T23:20:07.356+0000] {logging_mixin.py:190} INFO - [2025-11-11T23:20:07.356+0000] {dagbag.py:588} INFO - Filling up the DagBag from /opt/airflow/dags/scripts/load_to_mongodb.py
[2025-11-11T23:20:07.782+0000] {processor.py:925} INFO - DAG(s) 'load_to_mongodb' retrieved from /opt/airflow/dags/scripts/load_to_mongodb.py
[2025-11-11T23:20:07.799+0000] {logging_mixin.py:190} INFO - [2025-11-11T23:20:07.799+0000] {dag.py:3239} INFO - Sync 1 DAGs
[2025-11-11T23:20:07.809+0000] {logging_mixin.py:190} INFO - [2025-11-11T23:20:07.809+0000] {dag.py:4180} INFO - Setting next_dagrun for load_to_mongodb to None, run_after=None
[2025-11-11T23:20:07.825+0000] {processor.py:208} INFO - Processing /opt/airflow/dags/scripts/load_to_mongodb.py took 0.477 seconds
[2025-11-11T23:20:38.778+0000] {processor.py:186} INFO - Started process (PID=271) to work on /opt/airflow/dags/scripts/load_to_mongodb.py
[2025-11-11T23:20:38.779+0000] {processor.py:914} INFO - Processing file /opt/airflow/dags/scripts/load_to_mongodb.py for tasks to queue
[2025-11-11T23:20:38.781+0000] {logging_mixin.py:190} INFO - [2025-11-11T23:20:38.781+0000] {dagbag.py:588} INFO - Filling up the DagBag from /opt/airflow/dags/scripts/load_to_mongodb.py
[2025-11-11T23:20:39.251+0000] {processor.py:925} INFO - DAG(s) 'load_to_mongodb' retrieved from /opt/airflow/dags/scripts/load_to_mongodb.py
[2025-11-11T23:20:39.269+0000] {logging_mixin.py:190} INFO - [2025-11-11T23:20:39.269+0000] {dag.py:3239} INFO - Sync 1 DAGs
[2025-11-11T23:20:39.280+0000] {logging_mixin.py:190} INFO - [2025-11-11T23:20:39.280+0000] {dag.py:4180} INFO - Setting next_dagrun for load_to_mongodb to None, run_after=None
[2025-11-11T23:20:39.294+0000] {processor.py:208} INFO - Processing /opt/airflow/dags/scripts/load_to_mongodb.py took 0.521 seconds
[2025-11-11T23:21:10.038+0000] {processor.py:186} INFO - Started process (PID=282) to work on /opt/airflow/dags/scripts/load_to_mongodb.py
[2025-11-11T23:21:10.039+0000] {processor.py:914} INFO - Processing file /opt/airflow/dags/scripts/load_to_mongodb.py for tasks to queue
[2025-11-11T23:21:10.041+0000] {logging_mixin.py:190} INFO - [2025-11-11T23:21:10.041+0000] {dagbag.py:588} INFO - Filling up the DagBag from /opt/airflow/dags/scripts/load_to_mongodb.py
[2025-11-11T23:21:10.533+0000] {processor.py:925} INFO - DAG(s) 'load_to_mongodb' retrieved from /opt/airflow/dags/scripts/load_to_mongodb.py
[2025-11-11T23:21:10.550+0000] {logging_mixin.py:190} INFO - [2025-11-11T23:21:10.550+0000] {dag.py:3239} INFO - Sync 1 DAGs
[2025-11-11T23:21:10.561+0000] {logging_mixin.py:190} INFO - [2025-11-11T23:21:10.561+0000] {dag.py:4180} INFO - Setting next_dagrun for load_to_mongodb to None, run_after=None
[2025-11-11T23:21:10.575+0000] {processor.py:208} INFO - Processing /opt/airflow/dags/scripts/load_to_mongodb.py took 0.542 seconds
[2025-11-11T23:21:41.333+0000] {processor.py:186} INFO - Started process (PID=293) to work on /opt/airflow/dags/scripts/load_to_mongodb.py
[2025-11-11T23:21:41.334+0000] {processor.py:914} INFO - Processing file /opt/airflow/dags/scripts/load_to_mongodb.py for tasks to queue
[2025-11-11T23:21:41.336+0000] {logging_mixin.py:190} INFO - [2025-11-11T23:21:41.336+0000] {dagbag.py:588} INFO - Filling up the DagBag from /opt/airflow/dags/scripts/load_to_mongodb.py
[2025-11-11T23:21:41.773+0000] {processor.py:925} INFO - DAG(s) 'load_to_mongodb' retrieved from /opt/airflow/dags/scripts/load_to_mongodb.py
[2025-11-11T23:21:41.790+0000] {logging_mixin.py:190} INFO - [2025-11-11T23:21:41.790+0000] {dag.py:3239} INFO - Sync 1 DAGs
[2025-11-11T23:21:41.801+0000] {logging_mixin.py:190} INFO - [2025-11-11T23:21:41.801+0000] {dag.py:4180} INFO - Setting next_dagrun for load_to_mongodb to None, run_after=None
[2025-11-11T23:21:41.816+0000] {processor.py:208} INFO - Processing /opt/airflow/dags/scripts/load_to_mongodb.py took 0.488 seconds
[2025-11-11T23:22:12.328+0000] {processor.py:186} INFO - Started process (PID=316) to work on /opt/airflow/dags/scripts/load_to_mongodb.py
[2025-11-11T23:22:12.329+0000] {processor.py:914} INFO - Processing file /opt/airflow/dags/scripts/load_to_mongodb.py for tasks to queue
[2025-11-11T23:22:12.331+0000] {logging_mixin.py:190} INFO - [2025-11-11T23:22:12.331+0000] {dagbag.py:588} INFO - Filling up the DagBag from /opt/airflow/dags/scripts/load_to_mongodb.py
[2025-11-11T23:22:12.839+0000] {processor.py:925} INFO - DAG(s) 'load_to_mongodb' retrieved from /opt/airflow/dags/scripts/load_to_mongodb.py
[2025-11-11T23:22:12.856+0000] {logging_mixin.py:190} INFO - [2025-11-11T23:22:12.856+0000] {dag.py:3239} INFO - Sync 1 DAGs
[2025-11-11T23:22:12.866+0000] {logging_mixin.py:190} INFO - [2025-11-11T23:22:12.866+0000] {dag.py:4180} INFO - Setting next_dagrun for load_to_mongodb to None, run_after=None
[2025-11-11T23:22:12.882+0000] {processor.py:208} INFO - Processing /opt/airflow/dags/scripts/load_to_mongodb.py took 0.559 seconds
[2025-11-11T23:22:43.720+0000] {processor.py:186} INFO - Started process (PID=339) to work on /opt/airflow/dags/scripts/load_to_mongodb.py
[2025-11-11T23:22:43.721+0000] {processor.py:914} INFO - Processing file /opt/airflow/dags/scripts/load_to_mongodb.py for tasks to queue
[2025-11-11T23:22:43.723+0000] {logging_mixin.py:190} INFO - [2025-11-11T23:22:43.723+0000] {dagbag.py:588} INFO - Filling up the DagBag from /opt/airflow/dags/scripts/load_to_mongodb.py
[2025-11-11T23:22:44.329+0000] {processor.py:925} INFO - DAG(s) 'load_to_mongodb' retrieved from /opt/airflow/dags/scripts/load_to_mongodb.py
[2025-11-11T23:22:44.393+0000] {logging_mixin.py:190} INFO - [2025-11-11T23:22:44.393+0000] {dag.py:3239} INFO - Sync 1 DAGs
[2025-11-11T23:22:44.407+0000] {logging_mixin.py:190} INFO - [2025-11-11T23:22:44.406+0000] {dag.py:4180} INFO - Setting next_dagrun for load_to_mongodb to None, run_after=None
[2025-11-11T23:22:44.426+0000] {processor.py:208} INFO - Processing /opt/airflow/dags/scripts/load_to_mongodb.py took 0.711 seconds
[2025-11-11T23:23:14.832+0000] {processor.py:186} INFO - Started process (PID=362) to work on /opt/airflow/dags/scripts/load_to_mongodb.py
[2025-11-11T23:23:14.833+0000] {processor.py:914} INFO - Processing file /opt/airflow/dags/scripts/load_to_mongodb.py for tasks to queue
[2025-11-11T23:23:14.835+0000] {logging_mixin.py:190} INFO - [2025-11-11T23:23:14.835+0000] {dagbag.py:588} INFO - Filling up the DagBag from /opt/airflow/dags/scripts/load_to_mongodb.py
[2025-11-11T23:23:15.361+0000] {processor.py:925} INFO - DAG(s) 'load_to_mongodb' retrieved from /opt/airflow/dags/scripts/load_to_mongodb.py
[2025-11-11T23:23:15.383+0000] {logging_mixin.py:190} INFO - [2025-11-11T23:23:15.383+0000] {dag.py:3239} INFO - Sync 1 DAGs
[2025-11-11T23:23:15.396+0000] {logging_mixin.py:190} INFO - [2025-11-11T23:23:15.396+0000] {dag.py:4180} INFO - Setting next_dagrun for load_to_mongodb to None, run_after=None
[2025-11-11T23:23:15.417+0000] {processor.py:208} INFO - Processing /opt/airflow/dags/scripts/load_to_mongodb.py took 0.590 seconds
[2025-11-11T23:23:45.621+0000] {processor.py:186} INFO - Started process (PID=385) to work on /opt/airflow/dags/scripts/load_to_mongodb.py
[2025-11-11T23:23:45.622+0000] {processor.py:914} INFO - Processing file /opt/airflow/dags/scripts/load_to_mongodb.py for tasks to queue
[2025-11-11T23:23:45.624+0000] {logging_mixin.py:190} INFO - [2025-11-11T23:23:45.624+0000] {dagbag.py:588} INFO - Filling up the DagBag from /opt/airflow/dags/scripts/load_to_mongodb.py
[2025-11-11T23:23:46.075+0000] {processor.py:925} INFO - DAG(s) 'load_to_mongodb' retrieved from /opt/airflow/dags/scripts/load_to_mongodb.py
[2025-11-11T23:23:46.092+0000] {logging_mixin.py:190} INFO - [2025-11-11T23:23:46.091+0000] {dag.py:3239} INFO - Sync 1 DAGs
[2025-11-11T23:23:46.102+0000] {logging_mixin.py:190} INFO - [2025-11-11T23:23:46.101+0000] {dag.py:4180} INFO - Setting next_dagrun for load_to_mongodb to None, run_after=None
[2025-11-11T23:23:46.116+0000] {processor.py:208} INFO - Processing /opt/airflow/dags/scripts/load_to_mongodb.py took 0.499 seconds
[2025-11-11T23:24:16.195+0000] {processor.py:186} INFO - Started process (PID=408) to work on /opt/airflow/dags/scripts/load_to_mongodb.py
[2025-11-11T23:24:16.196+0000] {processor.py:914} INFO - Processing file /opt/airflow/dags/scripts/load_to_mongodb.py for tasks to queue
[2025-11-11T23:24:16.198+0000] {logging_mixin.py:190} INFO - [2025-11-11T23:24:16.198+0000] {dagbag.py:588} INFO - Filling up the DagBag from /opt/airflow/dags/scripts/load_to_mongodb.py
[2025-11-11T23:24:16.637+0000] {processor.py:925} INFO - DAG(s) 'load_to_mongodb' retrieved from /opt/airflow/dags/scripts/load_to_mongodb.py
[2025-11-11T23:24:16.653+0000] {logging_mixin.py:190} INFO - [2025-11-11T23:24:16.653+0000] {dag.py:3239} INFO - Sync 1 DAGs
[2025-11-11T23:24:16.663+0000] {logging_mixin.py:190} INFO - [2025-11-11T23:24:16.663+0000] {dag.py:4180} INFO - Setting next_dagrun for load_to_mongodb to None, run_after=None
[2025-11-11T23:24:16.679+0000] {processor.py:208} INFO - Processing /opt/airflow/dags/scripts/load_to_mongodb.py took 0.489 seconds
[2025-11-11T23:24:46.852+0000] {processor.py:186} INFO - Started process (PID=437) to work on /opt/airflow/dags/scripts/load_to_mongodb.py
[2025-11-11T23:24:46.853+0000] {processor.py:914} INFO - Processing file /opt/airflow/dags/scripts/load_to_mongodb.py for tasks to queue
[2025-11-11T23:24:46.855+0000] {logging_mixin.py:190} INFO - [2025-11-11T23:24:46.855+0000] {dagbag.py:588} INFO - Filling up the DagBag from /opt/airflow/dags/scripts/load_to_mongodb.py
[2025-11-11T23:24:47.300+0000] {processor.py:925} INFO - DAG(s) 'load_to_mongodb' retrieved from /opt/airflow/dags/scripts/load_to_mongodb.py
[2025-11-11T23:24:47.316+0000] {logging_mixin.py:190} INFO - [2025-11-11T23:24:47.316+0000] {dag.py:3239} INFO - Sync 1 DAGs
[2025-11-11T23:24:47.327+0000] {logging_mixin.py:190} INFO - [2025-11-11T23:24:47.327+0000] {dag.py:4180} INFO - Setting next_dagrun for load_to_mongodb to None, run_after=None
[2025-11-11T23:24:47.340+0000] {processor.py:208} INFO - Processing /opt/airflow/dags/scripts/load_to_mongodb.py took 0.493 seconds
[2025-11-11T23:25:16.146+0000] {processor.py:186} INFO - Started process (PID=203) to work on /opt/airflow/dags/scripts/load_to_mongodb.py
[2025-11-11T23:25:16.147+0000] {processor.py:914} INFO - Processing file /opt/airflow/dags/scripts/load_to_mongodb.py for tasks to queue
[2025-11-11T23:25:16.148+0000] {logging_mixin.py:190} INFO - [2025-11-11T23:25:16.148+0000] {dagbag.py:588} INFO - Filling up the DagBag from /opt/airflow/dags/scripts/load_to_mongodb.py
[2025-11-11T23:25:16.584+0000] {processor.py:925} INFO - DAG(s) 'load_to_mongodb' retrieved from /opt/airflow/dags/scripts/load_to_mongodb.py
[2025-11-11T23:25:16.601+0000] {logging_mixin.py:190} INFO - [2025-11-11T23:25:16.600+0000] {dag.py:3239} INFO - Sync 1 DAGs
[2025-11-11T23:25:16.609+0000] {logging_mixin.py:190} INFO - [2025-11-11T23:25:16.609+0000] {dag.py:4180} INFO - Setting next_dagrun for load_to_mongodb to None, run_after=None
[2025-11-11T23:25:16.622+0000] {processor.py:208} INFO - Processing /opt/airflow/dags/scripts/load_to_mongodb.py took 0.482 seconds
[2025-11-11T23:25:47.001+0000] {processor.py:186} INFO - Started process (PID=226) to work on /opt/airflow/dags/scripts/load_to_mongodb.py
[2025-11-11T23:25:47.002+0000] {processor.py:914} INFO - Processing file /opt/airflow/dags/scripts/load_to_mongodb.py for tasks to queue
[2025-11-11T23:25:47.004+0000] {logging_mixin.py:190} INFO - [2025-11-11T23:25:47.004+0000] {dagbag.py:588} INFO - Filling up the DagBag from /opt/airflow/dags/scripts/load_to_mongodb.py
[2025-11-11T23:25:47.410+0000] {processor.py:925} INFO - DAG(s) 'load_to_mongodb' retrieved from /opt/airflow/dags/scripts/load_to_mongodb.py
[2025-11-11T23:25:47.427+0000] {logging_mixin.py:190} INFO - [2025-11-11T23:25:47.427+0000] {dag.py:3239} INFO - Sync 1 DAGs
[2025-11-11T23:25:47.437+0000] {logging_mixin.py:190} INFO - [2025-11-11T23:25:47.437+0000] {dag.py:4180} INFO - Setting next_dagrun for load_to_mongodb to None, run_after=None
[2025-11-11T23:25:47.450+0000] {processor.py:208} INFO - Processing /opt/airflow/dags/scripts/load_to_mongodb.py took 0.454 seconds
[2025-11-11T23:26:18.092+0000] {processor.py:186} INFO - Started process (PID=251) to work on /opt/airflow/dags/scripts/load_to_mongodb.py
[2025-11-11T23:26:18.093+0000] {processor.py:914} INFO - Processing file /opt/airflow/dags/scripts/load_to_mongodb.py for tasks to queue
[2025-11-11T23:26:18.094+0000] {logging_mixin.py:190} INFO - [2025-11-11T23:26:18.094+0000] {dagbag.py:588} INFO - Filling up the DagBag from /opt/airflow/dags/scripts/load_to_mongodb.py
[2025-11-11T23:26:18.508+0000] {processor.py:925} INFO - DAG(s) 'load_to_mongodb' retrieved from /opt/airflow/dags/scripts/load_to_mongodb.py
[2025-11-11T23:26:18.524+0000] {logging_mixin.py:190} INFO - [2025-11-11T23:26:18.523+0000] {dag.py:3239} INFO - Sync 1 DAGs
[2025-11-11T23:26:18.533+0000] {logging_mixin.py:190} INFO - [2025-11-11T23:26:18.532+0000] {dag.py:4180} INFO - Setting next_dagrun for load_to_mongodb to None, run_after=None
[2025-11-11T23:26:18.547+0000] {processor.py:208} INFO - Processing /opt/airflow/dags/scripts/load_to_mongodb.py took 0.460 seconds
[2025-11-11T23:26:48.951+0000] {processor.py:186} INFO - Started process (PID=274) to work on /opt/airflow/dags/scripts/load_to_mongodb.py
[2025-11-11T23:26:48.952+0000] {processor.py:914} INFO - Processing file /opt/airflow/dags/scripts/load_to_mongodb.py for tasks to queue
[2025-11-11T23:26:48.954+0000] {logging_mixin.py:190} INFO - [2025-11-11T23:26:48.954+0000] {dagbag.py:588} INFO - Filling up the DagBag from /opt/airflow/dags/scripts/load_to_mongodb.py
[2025-11-11T23:26:49.348+0000] {processor.py:925} INFO - DAG(s) 'load_to_mongodb' retrieved from /opt/airflow/dags/scripts/load_to_mongodb.py
[2025-11-11T23:26:49.364+0000] {logging_mixin.py:190} INFO - [2025-11-11T23:26:49.363+0000] {dag.py:3239} INFO - Sync 1 DAGs
[2025-11-11T23:26:49.372+0000] {logging_mixin.py:190} INFO - [2025-11-11T23:26:49.372+0000] {dag.py:4180} INFO - Setting next_dagrun for load_to_mongodb to None, run_after=None
[2025-11-11T23:26:49.386+0000] {processor.py:208} INFO - Processing /opt/airflow/dags/scripts/load_to_mongodb.py took 0.439 seconds
[2025-11-11T23:27:19.842+0000] {processor.py:186} INFO - Started process (PID=297) to work on /opt/airflow/dags/scripts/load_to_mongodb.py
[2025-11-11T23:27:19.843+0000] {processor.py:914} INFO - Processing file /opt/airflow/dags/scripts/load_to_mongodb.py for tasks to queue
[2025-11-11T23:27:19.846+0000] {logging_mixin.py:190} INFO - [2025-11-11T23:27:19.846+0000] {dagbag.py:588} INFO - Filling up the DagBag from /opt/airflow/dags/scripts/load_to_mongodb.py
[2025-11-11T23:27:20.272+0000] {processor.py:925} INFO - DAG(s) 'load_to_mongodb' retrieved from /opt/airflow/dags/scripts/load_to_mongodb.py
[2025-11-11T23:27:20.290+0000] {logging_mixin.py:190} INFO - [2025-11-11T23:27:20.290+0000] {dag.py:3239} INFO - Sync 1 DAGs
[2025-11-11T23:27:20.300+0000] {logging_mixin.py:190} INFO - [2025-11-11T23:27:20.300+0000] {dag.py:4180} INFO - Setting next_dagrun for load_to_mongodb to None, run_after=None
[2025-11-11T23:27:20.313+0000] {processor.py:208} INFO - Processing /opt/airflow/dags/scripts/load_to_mongodb.py took 0.476 seconds
[2025-11-11T23:27:50.706+0000] {processor.py:186} INFO - Started process (PID=320) to work on /opt/airflow/dags/scripts/load_to_mongodb.py
[2025-11-11T23:27:50.707+0000] {processor.py:914} INFO - Processing file /opt/airflow/dags/scripts/load_to_mongodb.py for tasks to queue
[2025-11-11T23:27:50.710+0000] {logging_mixin.py:190} INFO - [2025-11-11T23:27:50.709+0000] {dagbag.py:588} INFO - Filling up the DagBag from /opt/airflow/dags/scripts/load_to_mongodb.py
[2025-11-11T23:27:51.135+0000] {processor.py:925} INFO - DAG(s) 'load_to_mongodb' retrieved from /opt/airflow/dags/scripts/load_to_mongodb.py
[2025-11-11T23:27:51.152+0000] {logging_mixin.py:190} INFO - [2025-11-11T23:27:51.151+0000] {dag.py:3239} INFO - Sync 1 DAGs
[2025-11-11T23:27:51.161+0000] {logging_mixin.py:190} INFO - [2025-11-11T23:27:51.161+0000] {dag.py:4180} INFO - Setting next_dagrun for load_to_mongodb to None, run_after=None
[2025-11-11T23:27:51.174+0000] {processor.py:208} INFO - Processing /opt/airflow/dags/scripts/load_to_mongodb.py took 0.473 seconds
[2025-11-11T23:28:21.626+0000] {processor.py:186} INFO - Started process (PID=343) to work on /opt/airflow/dags/scripts/load_to_mongodb.py
[2025-11-11T23:28:21.627+0000] {processor.py:914} INFO - Processing file /opt/airflow/dags/scripts/load_to_mongodb.py for tasks to queue
[2025-11-11T23:28:21.629+0000] {logging_mixin.py:190} INFO - [2025-11-11T23:28:21.628+0000] {dagbag.py:588} INFO - Filling up the DagBag from /opt/airflow/dags/scripts/load_to_mongodb.py
[2025-11-11T23:28:22.021+0000] {processor.py:925} INFO - DAG(s) 'load_to_mongodb' retrieved from /opt/airflow/dags/scripts/load_to_mongodb.py
[2025-11-11T23:28:22.037+0000] {logging_mixin.py:190} INFO - [2025-11-11T23:28:22.037+0000] {dag.py:3239} INFO - Sync 1 DAGs
[2025-11-11T23:28:22.046+0000] {logging_mixin.py:190} INFO - [2025-11-11T23:28:22.046+0000] {dag.py:4180} INFO - Setting next_dagrun for load_to_mongodb to None, run_after=None
[2025-11-11T23:28:22.058+0000] {processor.py:208} INFO - Processing /opt/airflow/dags/scripts/load_to_mongodb.py took 0.437 seconds
[2025-11-11T23:28:52.459+0000] {processor.py:186} INFO - Started process (PID=366) to work on /opt/airflow/dags/scripts/load_to_mongodb.py
[2025-11-11T23:28:52.460+0000] {processor.py:914} INFO - Processing file /opt/airflow/dags/scripts/load_to_mongodb.py for tasks to queue
[2025-11-11T23:28:52.462+0000] {logging_mixin.py:190} INFO - [2025-11-11T23:28:52.462+0000] {dagbag.py:588} INFO - Filling up the DagBag from /opt/airflow/dags/scripts/load_to_mongodb.py
[2025-11-11T23:28:52.878+0000] {processor.py:925} INFO - DAG(s) 'load_to_mongodb' retrieved from /opt/airflow/dags/scripts/load_to_mongodb.py
[2025-11-11T23:28:52.894+0000] {logging_mixin.py:190} INFO - [2025-11-11T23:28:52.894+0000] {dag.py:3239} INFO - Sync 1 DAGs
[2025-11-11T23:28:52.903+0000] {logging_mixin.py:190} INFO - [2025-11-11T23:28:52.903+0000] {dag.py:4180} INFO - Setting next_dagrun for load_to_mongodb to None, run_after=None
[2025-11-11T23:28:52.915+0000] {processor.py:208} INFO - Processing /opt/airflow/dags/scripts/load_to_mongodb.py took 0.461 seconds
[2025-11-11T23:29:23.316+0000] {processor.py:186} INFO - Started process (PID=389) to work on /opt/airflow/dags/scripts/load_to_mongodb.py
[2025-11-11T23:29:23.317+0000] {processor.py:914} INFO - Processing file /opt/airflow/dags/scripts/load_to_mongodb.py for tasks to queue
[2025-11-11T23:29:23.319+0000] {logging_mixin.py:190} INFO - [2025-11-11T23:29:23.319+0000] {dagbag.py:588} INFO - Filling up the DagBag from /opt/airflow/dags/scripts/load_to_mongodb.py
[2025-11-11T23:29:23.725+0000] {processor.py:925} INFO - DAG(s) 'load_to_mongodb' retrieved from /opt/airflow/dags/scripts/load_to_mongodb.py
[2025-11-11T23:29:23.741+0000] {logging_mixin.py:190} INFO - [2025-11-11T23:29:23.740+0000] {dag.py:3239} INFO - Sync 1 DAGs
[2025-11-11T23:29:23.750+0000] {logging_mixin.py:190} INFO - [2025-11-11T23:29:23.749+0000] {dag.py:4180} INFO - Setting next_dagrun for load_to_mongodb to None, run_after=None
[2025-11-11T23:29:23.762+0000] {processor.py:208} INFO - Processing /opt/airflow/dags/scripts/load_to_mongodb.py took 0.450 seconds
[2025-11-11T23:29:54.208+0000] {processor.py:186} INFO - Started process (PID=413) to work on /opt/airflow/dags/scripts/load_to_mongodb.py
[2025-11-11T23:29:54.209+0000] {processor.py:914} INFO - Processing file /opt/airflow/dags/scripts/load_to_mongodb.py for tasks to queue
[2025-11-11T23:29:54.212+0000] {logging_mixin.py:190} INFO - [2025-11-11T23:29:54.211+0000] {dagbag.py:588} INFO - Filling up the DagBag from /opt/airflow/dags/scripts/load_to_mongodb.py
[2025-11-11T23:29:54.757+0000] {processor.py:925} INFO - DAG(s) 'load_to_mongodb' retrieved from /opt/airflow/dags/scripts/load_to_mongodb.py
[2025-11-11T23:29:54.780+0000] {logging_mixin.py:190} INFO - [2025-11-11T23:29:54.780+0000] {dag.py:3239} INFO - Sync 1 DAGs
[2025-11-11T23:29:54.797+0000] {logging_mixin.py:190} INFO - [2025-11-11T23:29:54.796+0000] {dag.py:4180} INFO - Setting next_dagrun for load_to_mongodb to None, run_after=None
[2025-11-11T23:29:54.816+0000] {processor.py:208} INFO - Processing /opt/airflow/dags/scripts/load_to_mongodb.py took 0.612 seconds
[2025-11-11T23:30:25.766+0000] {processor.py:186} INFO - Started process (PID=595) to work on /opt/airflow/dags/scripts/load_to_mongodb.py
[2025-11-11T23:30:25.767+0000] {processor.py:914} INFO - Processing file /opt/airflow/dags/scripts/load_to_mongodb.py for tasks to queue
[2025-11-11T23:30:25.770+0000] {logging_mixin.py:190} INFO - [2025-11-11T23:30:25.769+0000] {dagbag.py:588} INFO - Filling up the DagBag from /opt/airflow/dags/scripts/load_to_mongodb.py
[2025-11-11T23:30:26.207+0000] {processor.py:925} INFO - DAG(s) 'load_to_mongodb' retrieved from /opt/airflow/dags/scripts/load_to_mongodb.py
[2025-11-11T23:30:26.226+0000] {logging_mixin.py:190} INFO - [2025-11-11T23:30:26.225+0000] {dag.py:3239} INFO - Sync 1 DAGs
[2025-11-11T23:30:26.238+0000] {logging_mixin.py:190} INFO - [2025-11-11T23:30:26.237+0000] {dag.py:4180} INFO - Setting next_dagrun for load_to_mongodb to None, run_after=None
[2025-11-11T23:30:26.254+0000] {processor.py:208} INFO - Processing /opt/airflow/dags/scripts/load_to_mongodb.py took 0.493 seconds
[2025-11-11T23:30:56.643+0000] {processor.py:186} INFO - Started process (PID=618) to work on /opt/airflow/dags/scripts/load_to_mongodb.py
[2025-11-11T23:30:56.644+0000] {processor.py:914} INFO - Processing file /opt/airflow/dags/scripts/load_to_mongodb.py for tasks to queue
[2025-11-11T23:30:56.646+0000] {logging_mixin.py:190} INFO - [2025-11-11T23:30:56.646+0000] {dagbag.py:588} INFO - Filling up the DagBag from /opt/airflow/dags/scripts/load_to_mongodb.py
[2025-11-11T23:30:57.092+0000] {processor.py:925} INFO - DAG(s) 'load_to_mongodb' retrieved from /opt/airflow/dags/scripts/load_to_mongodb.py
[2025-11-11T23:30:57.111+0000] {logging_mixin.py:190} INFO - [2025-11-11T23:30:57.111+0000] {dag.py:3239} INFO - Sync 1 DAGs
[2025-11-11T23:30:57.122+0000] {logging_mixin.py:190} INFO - [2025-11-11T23:30:57.121+0000] {dag.py:4180} INFO - Setting next_dagrun for load_to_mongodb to None, run_after=None
[2025-11-11T23:30:57.137+0000] {processor.py:208} INFO - Processing /opt/airflow/dags/scripts/load_to_mongodb.py took 0.499 seconds
[2025-11-11T23:31:27.489+0000] {processor.py:186} INFO - Started process (PID=641) to work on /opt/airflow/dags/scripts/load_to_mongodb.py
[2025-11-11T23:31:27.490+0000] {processor.py:914} INFO - Processing file /opt/airflow/dags/scripts/load_to_mongodb.py for tasks to queue
[2025-11-11T23:31:27.492+0000] {logging_mixin.py:190} INFO - [2025-11-11T23:31:27.492+0000] {dagbag.py:588} INFO - Filling up the DagBag from /opt/airflow/dags/scripts/load_to_mongodb.py
[2025-11-11T23:31:27.914+0000] {processor.py:925} INFO - DAG(s) 'load_to_mongodb' retrieved from /opt/airflow/dags/scripts/load_to_mongodb.py
[2025-11-11T23:31:27.930+0000] {logging_mixin.py:190} INFO - [2025-11-11T23:31:27.930+0000] {dag.py:3239} INFO - Sync 1 DAGs
[2025-11-11T23:31:27.938+0000] {logging_mixin.py:190} INFO - [2025-11-11T23:31:27.938+0000] {dag.py:4180} INFO - Setting next_dagrun for load_to_mongodb to None, run_after=None
[2025-11-11T23:31:27.953+0000] {processor.py:208} INFO - Processing /opt/airflow/dags/scripts/load_to_mongodb.py took 0.469 seconds
[2025-11-11T23:31:58.310+0000] {processor.py:186} INFO - Started process (PID=664) to work on /opt/airflow/dags/scripts/load_to_mongodb.py
[2025-11-11T23:31:58.311+0000] {processor.py:914} INFO - Processing file /opt/airflow/dags/scripts/load_to_mongodb.py for tasks to queue
[2025-11-11T23:31:58.313+0000] {logging_mixin.py:190} INFO - [2025-11-11T23:31:58.313+0000] {dagbag.py:588} INFO - Filling up the DagBag from /opt/airflow/dags/scripts/load_to_mongodb.py
[2025-11-11T23:31:58.729+0000] {processor.py:925} INFO - DAG(s) 'load_to_mongodb' retrieved from /opt/airflow/dags/scripts/load_to_mongodb.py
[2025-11-11T23:31:58.745+0000] {logging_mixin.py:190} INFO - [2025-11-11T23:31:58.744+0000] {dag.py:3239} INFO - Sync 1 DAGs
[2025-11-11T23:31:58.753+0000] {logging_mixin.py:190} INFO - [2025-11-11T23:31:58.753+0000] {dag.py:4180} INFO - Setting next_dagrun for load_to_mongodb to None, run_after=None
[2025-11-11T23:31:58.767+0000] {processor.py:208} INFO - Processing /opt/airflow/dags/scripts/load_to_mongodb.py took 0.462 seconds
[2025-11-11T23:32:29.323+0000] {processor.py:186} INFO - Started process (PID=687) to work on /opt/airflow/dags/scripts/load_to_mongodb.py
[2025-11-11T23:32:29.324+0000] {processor.py:914} INFO - Processing file /opt/airflow/dags/scripts/load_to_mongodb.py for tasks to queue
[2025-11-11T23:32:29.325+0000] {logging_mixin.py:190} INFO - [2025-11-11T23:32:29.325+0000] {dagbag.py:588} INFO - Filling up the DagBag from /opt/airflow/dags/scripts/load_to_mongodb.py
[2025-11-11T23:32:29.722+0000] {processor.py:925} INFO - DAG(s) 'load_to_mongodb' retrieved from /opt/airflow/dags/scripts/load_to_mongodb.py
[2025-11-11T23:32:29.737+0000] {logging_mixin.py:190} INFO - [2025-11-11T23:32:29.737+0000] {dag.py:3239} INFO - Sync 1 DAGs
[2025-11-11T23:32:29.745+0000] {logging_mixin.py:190} INFO - [2025-11-11T23:32:29.745+0000] {dag.py:4180} INFO - Setting next_dagrun for load_to_mongodb to None, run_after=None
[2025-11-11T23:32:29.758+0000] {processor.py:208} INFO - Processing /opt/airflow/dags/scripts/load_to_mongodb.py took 0.440 seconds
[2025-11-11T23:33:00.337+0000] {processor.py:186} INFO - Started process (PID=710) to work on /opt/airflow/dags/scripts/load_to_mongodb.py
[2025-11-11T23:33:00.338+0000] {processor.py:914} INFO - Processing file /opt/airflow/dags/scripts/load_to_mongodb.py for tasks to queue
[2025-11-11T23:33:00.340+0000] {logging_mixin.py:190} INFO - [2025-11-11T23:33:00.340+0000] {dagbag.py:588} INFO - Filling up the DagBag from /opt/airflow/dags/scripts/load_to_mongodb.py
[2025-11-11T23:33:00.748+0000] {processor.py:925} INFO - DAG(s) 'load_to_mongodb' retrieved from /opt/airflow/dags/scripts/load_to_mongodb.py
[2025-11-11T23:33:00.763+0000] {logging_mixin.py:190} INFO - [2025-11-11T23:33:00.763+0000] {dag.py:3239} INFO - Sync 1 DAGs
[2025-11-11T23:33:00.773+0000] {logging_mixin.py:190} INFO - [2025-11-11T23:33:00.772+0000] {dag.py:4180} INFO - Setting next_dagrun for load_to_mongodb to None, run_after=None
[2025-11-11T23:33:00.785+0000] {processor.py:208} INFO - Processing /opt/airflow/dags/scripts/load_to_mongodb.py took 0.452 seconds
[2025-11-11T23:33:31.375+0000] {processor.py:186} INFO - Started process (PID=733) to work on /opt/airflow/dags/scripts/load_to_mongodb.py
[2025-11-11T23:33:31.376+0000] {processor.py:914} INFO - Processing file /opt/airflow/dags/scripts/load_to_mongodb.py for tasks to queue
[2025-11-11T23:33:31.378+0000] {logging_mixin.py:190} INFO - [2025-11-11T23:33:31.378+0000] {dagbag.py:588} INFO - Filling up the DagBag from /opt/airflow/dags/scripts/load_to_mongodb.py
[2025-11-11T23:33:31.833+0000] {processor.py:925} INFO - DAG(s) 'load_to_mongodb' retrieved from /opt/airflow/dags/scripts/load_to_mongodb.py
[2025-11-11T23:33:31.851+0000] {logging_mixin.py:190} INFO - [2025-11-11T23:33:31.851+0000] {dag.py:3239} INFO - Sync 1 DAGs
[2025-11-11T23:33:31.861+0000] {logging_mixin.py:190} INFO - [2025-11-11T23:33:31.860+0000] {dag.py:4180} INFO - Setting next_dagrun for load_to_mongodb to None, run_after=None
[2025-11-11T23:33:31.876+0000] {processor.py:208} INFO - Processing /opt/airflow/dags/scripts/load_to_mongodb.py took 0.506 seconds
[2025-11-11T23:34:02.270+0000] {processor.py:186} INFO - Started process (PID=756) to work on /opt/airflow/dags/scripts/load_to_mongodb.py
[2025-11-11T23:34:02.270+0000] {processor.py:914} INFO - Processing file /opt/airflow/dags/scripts/load_to_mongodb.py for tasks to queue
[2025-11-11T23:34:02.272+0000] {logging_mixin.py:190} INFO - [2025-11-11T23:34:02.272+0000] {dagbag.py:588} INFO - Filling up the DagBag from /opt/airflow/dags/scripts/load_to_mongodb.py
[2025-11-11T23:34:02.557+0000] {processor.py:925} INFO - DAG(s) 'load_to_mongodb' retrieved from /opt/airflow/dags/scripts/load_to_mongodb.py
[2025-11-11T23:34:02.575+0000] {logging_mixin.py:190} INFO - [2025-11-11T23:34:02.575+0000] {dag.py:3239} INFO - Sync 1 DAGs
[2025-11-11T23:34:02.585+0000] {logging_mixin.py:190} INFO - [2025-11-11T23:34:02.585+0000] {dag.py:4180} INFO - Setting next_dagrun for load_to_mongodb to None, run_after=None
[2025-11-11T23:34:02.601+0000] {processor.py:208} INFO - Processing /opt/airflow/dags/scripts/load_to_mongodb.py took 0.336 seconds
[2025-11-11T23:34:33.345+0000] {processor.py:186} INFO - Started process (PID=779) to work on /opt/airflow/dags/scripts/load_to_mongodb.py
[2025-11-11T23:34:33.346+0000] {processor.py:914} INFO - Processing file /opt/airflow/dags/scripts/load_to_mongodb.py for tasks to queue
[2025-11-11T23:34:33.349+0000] {logging_mixin.py:190} INFO - [2025-11-11T23:34:33.349+0000] {dagbag.py:588} INFO - Filling up the DagBag from /opt/airflow/dags/scripts/load_to_mongodb.py
[2025-11-11T23:34:33.663+0000] {processor.py:925} INFO - DAG(s) 'load_to_mongodb' retrieved from /opt/airflow/dags/scripts/load_to_mongodb.py
[2025-11-11T23:34:33.688+0000] {logging_mixin.py:190} INFO - [2025-11-11T23:34:33.687+0000] {dag.py:3239} INFO - Sync 1 DAGs
[2025-11-11T23:34:33.700+0000] {logging_mixin.py:190} INFO - [2025-11-11T23:34:33.700+0000] {dag.py:4180} INFO - Setting next_dagrun for load_to_mongodb to None, run_after=None
[2025-11-11T23:34:33.716+0000] {processor.py:208} INFO - Processing /opt/airflow/dags/scripts/load_to_mongodb.py took 0.378 seconds
[2025-11-11T23:35:04.175+0000] {processor.py:186} INFO - Started process (PID=802) to work on /opt/airflow/dags/scripts/load_to_mongodb.py
[2025-11-11T23:35:04.176+0000] {processor.py:914} INFO - Processing file /opt/airflow/dags/scripts/load_to_mongodb.py for tasks to queue
[2025-11-11T23:35:04.178+0000] {logging_mixin.py:190} INFO - [2025-11-11T23:35:04.178+0000] {dagbag.py:588} INFO - Filling up the DagBag from /opt/airflow/dags/scripts/load_to_mongodb.py
[2025-11-11T23:35:04.469+0000] {processor.py:925} INFO - DAG(s) 'load_to_mongodb' retrieved from /opt/airflow/dags/scripts/load_to_mongodb.py
[2025-11-11T23:35:04.489+0000] {logging_mixin.py:190} INFO - [2025-11-11T23:35:04.489+0000] {dag.py:3239} INFO - Sync 1 DAGs
[2025-11-11T23:35:04.502+0000] {logging_mixin.py:190} INFO - [2025-11-11T23:35:04.501+0000] {dag.py:4180} INFO - Setting next_dagrun for load_to_mongodb to None, run_after=None
[2025-11-11T23:35:04.516+0000] {processor.py:208} INFO - Processing /opt/airflow/dags/scripts/load_to_mongodb.py took 0.346 seconds
[2025-11-11T23:35:34.662+0000] {processor.py:186} INFO - Started process (PID=825) to work on /opt/airflow/dags/scripts/load_to_mongodb.py
[2025-11-11T23:35:34.663+0000] {processor.py:914} INFO - Processing file /opt/airflow/dags/scripts/load_to_mongodb.py for tasks to queue
[2025-11-11T23:35:34.665+0000] {logging_mixin.py:190} INFO - [2025-11-11T23:35:34.664+0000] {dagbag.py:588} INFO - Filling up the DagBag from /opt/airflow/dags/scripts/load_to_mongodb.py
[2025-11-11T23:35:34.960+0000] {processor.py:925} INFO - DAG(s) 'load_to_mongodb' retrieved from /opt/airflow/dags/scripts/load_to_mongodb.py
[2025-11-11T23:35:34.981+0000] {logging_mixin.py:190} INFO - [2025-11-11T23:35:34.981+0000] {dag.py:3239} INFO - Sync 1 DAGs
[2025-11-11T23:35:34.995+0000] {logging_mixin.py:190} INFO - [2025-11-11T23:35:34.994+0000] {dag.py:4180} INFO - Setting next_dagrun for load_to_mongodb to None, run_after=None
[2025-11-11T23:35:35.011+0000] {processor.py:208} INFO - Processing /opt/airflow/dags/scripts/load_to_mongodb.py took 0.354 seconds
[2025-11-11T23:36:05.260+0000] {processor.py:186} INFO - Started process (PID=848) to work on /opt/airflow/dags/scripts/load_to_mongodb.py
[2025-11-11T23:36:05.261+0000] {processor.py:914} INFO - Processing file /opt/airflow/dags/scripts/load_to_mongodb.py for tasks to queue
[2025-11-11T23:36:05.265+0000] {logging_mixin.py:190} INFO - [2025-11-11T23:36:05.264+0000] {dagbag.py:588} INFO - Filling up the DagBag from /opt/airflow/dags/scripts/load_to_mongodb.py
[2025-11-11T23:36:05.578+0000] {processor.py:925} INFO - DAG(s) 'load_to_mongodb' retrieved from /opt/airflow/dags/scripts/load_to_mongodb.py
[2025-11-11T23:36:05.601+0000] {logging_mixin.py:190} INFO - [2025-11-11T23:36:05.601+0000] {dag.py:3239} INFO - Sync 1 DAGs
[2025-11-11T23:36:05.614+0000] {logging_mixin.py:190} INFO - [2025-11-11T23:36:05.614+0000] {dag.py:4180} INFO - Setting next_dagrun for load_to_mongodb to None, run_after=None
[2025-11-11T23:36:05.632+0000] {processor.py:208} INFO - Processing /opt/airflow/dags/scripts/load_to_mongodb.py took 0.378 seconds
[2025-11-11T23:36:35.783+0000] {processor.py:186} INFO - Started process (PID=871) to work on /opt/airflow/dags/scripts/load_to_mongodb.py
[2025-11-11T23:36:35.784+0000] {processor.py:914} INFO - Processing file /opt/airflow/dags/scripts/load_to_mongodb.py for tasks to queue
[2025-11-11T23:36:35.787+0000] {logging_mixin.py:190} INFO - [2025-11-11T23:36:35.787+0000] {dagbag.py:588} INFO - Filling up the DagBag from /opt/airflow/dags/scripts/load_to_mongodb.py
[2025-11-11T23:36:36.088+0000] {processor.py:925} INFO - DAG(s) 'load_to_mongodb' retrieved from /opt/airflow/dags/scripts/load_to_mongodb.py
[2025-11-11T23:36:36.109+0000] {logging_mixin.py:190} INFO - [2025-11-11T23:36:36.109+0000] {dag.py:3239} INFO - Sync 1 DAGs
[2025-11-11T23:36:36.122+0000] {logging_mixin.py:190} INFO - [2025-11-11T23:36:36.122+0000] {dag.py:4180} INFO - Setting next_dagrun for load_to_mongodb to None, run_after=None
[2025-11-11T23:36:36.138+0000] {processor.py:208} INFO - Processing /opt/airflow/dags/scripts/load_to_mongodb.py took 0.359 seconds
[2025-11-11T23:37:07.053+0000] {processor.py:186} INFO - Started process (PID=894) to work on /opt/airflow/dags/scripts/load_to_mongodb.py
[2025-11-11T23:37:07.054+0000] {processor.py:914} INFO - Processing file /opt/airflow/dags/scripts/load_to_mongodb.py for tasks to queue
[2025-11-11T23:37:07.056+0000] {logging_mixin.py:190} INFO - [2025-11-11T23:37:07.056+0000] {dagbag.py:588} INFO - Filling up the DagBag from /opt/airflow/dags/scripts/load_to_mongodb.py
[2025-11-11T23:37:07.336+0000] {processor.py:925} INFO - DAG(s) 'load_to_mongodb' retrieved from /opt/airflow/dags/scripts/load_to_mongodb.py
[2025-11-11T23:37:07.357+0000] {logging_mixin.py:190} INFO - [2025-11-11T23:37:07.356+0000] {dag.py:3239} INFO - Sync 1 DAGs
[2025-11-11T23:37:07.368+0000] {logging_mixin.py:190} INFO - [2025-11-11T23:37:07.368+0000] {dag.py:4180} INFO - Setting next_dagrun for load_to_mongodb to None, run_after=None
[2025-11-11T23:37:07.384+0000] {processor.py:208} INFO - Processing /opt/airflow/dags/scripts/load_to_mongodb.py took 0.337 seconds
[2025-11-11T23:37:37.516+0000] {processor.py:186} INFO - Started process (PID=917) to work on /opt/airflow/dags/scripts/load_to_mongodb.py
[2025-11-11T23:37:37.517+0000] {processor.py:914} INFO - Processing file /opt/airflow/dags/scripts/load_to_mongodb.py for tasks to queue
[2025-11-11T23:37:37.519+0000] {logging_mixin.py:190} INFO - [2025-11-11T23:37:37.519+0000] {dagbag.py:588} INFO - Filling up the DagBag from /opt/airflow/dags/scripts/load_to_mongodb.py
[2025-11-11T23:37:37.819+0000] {processor.py:925} INFO - DAG(s) 'load_to_mongodb' retrieved from /opt/airflow/dags/scripts/load_to_mongodb.py
[2025-11-11T23:37:37.840+0000] {logging_mixin.py:190} INFO - [2025-11-11T23:37:37.840+0000] {dag.py:3239} INFO - Sync 1 DAGs
[2025-11-11T23:37:37.852+0000] {logging_mixin.py:190} INFO - [2025-11-11T23:37:37.852+0000] {dag.py:4180} INFO - Setting next_dagrun for load_to_mongodb to None, run_after=None
[2025-11-11T23:37:37.867+0000] {processor.py:208} INFO - Processing /opt/airflow/dags/scripts/load_to_mongodb.py took 0.356 seconds
[2025-11-11T23:38:08.517+0000] {processor.py:186} INFO - Started process (PID=940) to work on /opt/airflow/dags/scripts/load_to_mongodb.py
[2025-11-11T23:38:08.518+0000] {processor.py:914} INFO - Processing file /opt/airflow/dags/scripts/load_to_mongodb.py for tasks to queue
[2025-11-11T23:38:08.520+0000] {logging_mixin.py:190} INFO - [2025-11-11T23:38:08.519+0000] {dagbag.py:588} INFO - Filling up the DagBag from /opt/airflow/dags/scripts/load_to_mongodb.py
[2025-11-11T23:38:08.821+0000] {processor.py:925} INFO - DAG(s) 'load_to_mongodb' retrieved from /opt/airflow/dags/scripts/load_to_mongodb.py
[2025-11-11T23:38:08.843+0000] {logging_mixin.py:190} INFO - [2025-11-11T23:38:08.843+0000] {dag.py:3239} INFO - Sync 1 DAGs
[2025-11-11T23:38:08.856+0000] {logging_mixin.py:190} INFO - [2025-11-11T23:38:08.856+0000] {dag.py:4180} INFO - Setting next_dagrun for load_to_mongodb to None, run_after=None
[2025-11-11T23:38:08.875+0000] {processor.py:208} INFO - Processing /opt/airflow/dags/scripts/load_to_mongodb.py took 0.363 seconds
[2025-11-11T23:38:39.220+0000] {processor.py:186} INFO - Started process (PID=963) to work on /opt/airflow/dags/scripts/load_to_mongodb.py
[2025-11-11T23:38:39.221+0000] {processor.py:914} INFO - Processing file /opt/airflow/dags/scripts/load_to_mongodb.py for tasks to queue
[2025-11-11T23:38:39.223+0000] {logging_mixin.py:190} INFO - [2025-11-11T23:38:39.223+0000] {dagbag.py:588} INFO - Filling up the DagBag from /opt/airflow/dags/scripts/load_to_mongodb.py
[2025-11-11T23:38:39.544+0000] {processor.py:925} INFO - DAG(s) 'load_to_mongodb' retrieved from /opt/airflow/dags/scripts/load_to_mongodb.py
[2025-11-11T23:38:39.565+0000] {logging_mixin.py:190} INFO - [2025-11-11T23:38:39.565+0000] {dag.py:3239} INFO - Sync 1 DAGs
[2025-11-11T23:38:39.578+0000] {logging_mixin.py:190} INFO - [2025-11-11T23:38:39.578+0000] {dag.py:4180} INFO - Setting next_dagrun for load_to_mongodb to None, run_after=None
[2025-11-11T23:38:39.593+0000] {processor.py:208} INFO - Processing /opt/airflow/dags/scripts/load_to_mongodb.py took 0.380 seconds
[2025-11-11T23:39:09.907+0000] {processor.py:186} INFO - Started process (PID=986) to work on /opt/airflow/dags/scripts/load_to_mongodb.py
[2025-11-11T23:39:09.908+0000] {processor.py:914} INFO - Processing file /opt/airflow/dags/scripts/load_to_mongodb.py for tasks to queue
[2025-11-11T23:39:09.911+0000] {logging_mixin.py:190} INFO - [2025-11-11T23:39:09.910+0000] {dagbag.py:588} INFO - Filling up the DagBag from /opt/airflow/dags/scripts/load_to_mongodb.py
[2025-11-11T23:39:10.210+0000] {processor.py:925} INFO - DAG(s) 'load_to_mongodb' retrieved from /opt/airflow/dags/scripts/load_to_mongodb.py
[2025-11-11T23:39:10.232+0000] {logging_mixin.py:190} INFO - [2025-11-11T23:39:10.232+0000] {dag.py:3239} INFO - Sync 1 DAGs
[2025-11-11T23:39:10.245+0000] {logging_mixin.py:190} INFO - [2025-11-11T23:39:10.245+0000] {dag.py:4180} INFO - Setting next_dagrun for load_to_mongodb to None, run_after=None
[2025-11-11T23:39:10.261+0000] {processor.py:208} INFO - Processing /opt/airflow/dags/scripts/load_to_mongodb.py took 0.392 seconds
[2025-11-11T23:39:41.194+0000] {processor.py:186} INFO - Started process (PID=1009) to work on /opt/airflow/dags/scripts/load_to_mongodb.py
[2025-11-11T23:39:41.195+0000] {processor.py:914} INFO - Processing file /opt/airflow/dags/scripts/load_to_mongodb.py for tasks to queue
[2025-11-11T23:39:41.198+0000] {logging_mixin.py:190} INFO - [2025-11-11T23:39:41.197+0000] {dagbag.py:588} INFO - Filling up the DagBag from /opt/airflow/dags/scripts/load_to_mongodb.py
[2025-11-11T23:39:41.533+0000] {processor.py:925} INFO - DAG(s) 'load_to_mongodb' retrieved from /opt/airflow/dags/scripts/load_to_mongodb.py
[2025-11-11T23:39:41.561+0000] {logging_mixin.py:190} INFO - [2025-11-11T23:39:41.560+0000] {dag.py:3239} INFO - Sync 1 DAGs
[2025-11-11T23:39:41.577+0000] {logging_mixin.py:190} INFO - [2025-11-11T23:39:41.577+0000] {dag.py:4180} INFO - Setting next_dagrun for load_to_mongodb to None, run_after=None
[2025-11-11T23:39:41.597+0000] {processor.py:208} INFO - Processing /opt/airflow/dags/scripts/load_to_mongodb.py took 0.408 seconds
[2025-11-11T23:40:12.431+0000] {processor.py:186} INFO - Started process (PID=1032) to work on /opt/airflow/dags/scripts/load_to_mongodb.py
[2025-11-11T23:40:12.432+0000] {processor.py:914} INFO - Processing file /opt/airflow/dags/scripts/load_to_mongodb.py for tasks to queue
[2025-11-11T23:40:12.435+0000] {logging_mixin.py:190} INFO - [2025-11-11T23:40:12.435+0000] {dagbag.py:588} INFO - Filling up the DagBag from /opt/airflow/dags/scripts/load_to_mongodb.py
[2025-11-11T23:40:12.767+0000] {processor.py:925} INFO - DAG(s) 'load_to_mongodb' retrieved from /opt/airflow/dags/scripts/load_to_mongodb.py
[2025-11-11T23:40:12.789+0000] {logging_mixin.py:190} INFO - [2025-11-11T23:40:12.788+0000] {dag.py:3239} INFO - Sync 1 DAGs
[2025-11-11T23:40:12.802+0000] {logging_mixin.py:190} INFO - [2025-11-11T23:40:12.801+0000] {dag.py:4180} INFO - Setting next_dagrun for load_to_mongodb to None, run_after=None
[2025-11-11T23:40:12.817+0000] {processor.py:208} INFO - Processing /opt/airflow/dags/scripts/load_to_mongodb.py took 0.393 seconds
[2025-11-11T23:40:42.970+0000] {processor.py:186} INFO - Started process (PID=1055) to work on /opt/airflow/dags/scripts/load_to_mongodb.py
[2025-11-11T23:40:42.972+0000] {processor.py:914} INFO - Processing file /opt/airflow/dags/scripts/load_to_mongodb.py for tasks to queue
[2025-11-11T23:40:42.974+0000] {logging_mixin.py:190} INFO - [2025-11-11T23:40:42.974+0000] {dagbag.py:588} INFO - Filling up the DagBag from /opt/airflow/dags/scripts/load_to_mongodb.py
[2025-11-11T23:40:43.293+0000] {processor.py:925} INFO - DAG(s) 'load_to_mongodb' retrieved from /opt/airflow/dags/scripts/load_to_mongodb.py
[2025-11-11T23:40:43.315+0000] {logging_mixin.py:190} INFO - [2025-11-11T23:40:43.315+0000] {dag.py:3239} INFO - Sync 1 DAGs
[2025-11-11T23:40:43.327+0000] {logging_mixin.py:190} INFO - [2025-11-11T23:40:43.327+0000] {dag.py:4180} INFO - Setting next_dagrun for load_to_mongodb to None, run_after=None
[2025-11-11T23:40:43.343+0000] {processor.py:208} INFO - Processing /opt/airflow/dags/scripts/load_to_mongodb.py took 0.380 seconds
[2025-11-11T23:41:13.787+0000] {processor.py:186} INFO - Started process (PID=1078) to work on /opt/airflow/dags/scripts/load_to_mongodb.py
[2025-11-11T23:41:13.788+0000] {processor.py:914} INFO - Processing file /opt/airflow/dags/scripts/load_to_mongodb.py for tasks to queue
[2025-11-11T23:41:13.790+0000] {logging_mixin.py:190} INFO - [2025-11-11T23:41:13.790+0000] {dagbag.py:588} INFO - Filling up the DagBag from /opt/airflow/dags/scripts/load_to_mongodb.py
[2025-11-11T23:41:14.100+0000] {processor.py:925} INFO - DAG(s) 'load_to_mongodb' retrieved from /opt/airflow/dags/scripts/load_to_mongodb.py
[2025-11-11T23:41:14.134+0000] {logging_mixin.py:190} INFO - [2025-11-11T23:41:14.133+0000] {dag.py:3239} INFO - Sync 1 DAGs
[2025-11-11T23:41:14.182+0000] {logging_mixin.py:190} INFO - [2025-11-11T23:41:14.181+0000] {dag.py:4180} INFO - Setting next_dagrun for load_to_mongodb to None, run_after=None
[2025-11-11T23:41:14.278+0000] {processor.py:208} INFO - Processing /opt/airflow/dags/scripts/load_to_mongodb.py took 0.498 seconds
[2025-11-11T23:41:45.025+0000] {processor.py:186} INFO - Started process (PID=1101) to work on /opt/airflow/dags/scripts/load_to_mongodb.py
[2025-11-11T23:41:45.026+0000] {processor.py:914} INFO - Processing file /opt/airflow/dags/scripts/load_to_mongodb.py for tasks to queue
[2025-11-11T23:41:45.028+0000] {logging_mixin.py:190} INFO - [2025-11-11T23:41:45.028+0000] {dagbag.py:588} INFO - Filling up the DagBag from /opt/airflow/dags/scripts/load_to_mongodb.py
[2025-11-11T23:41:45.321+0000] {processor.py:925} INFO - DAG(s) 'load_to_mongodb' retrieved from /opt/airflow/dags/scripts/load_to_mongodb.py
[2025-11-11T23:41:45.339+0000] {logging_mixin.py:190} INFO - [2025-11-11T23:41:45.339+0000] {dag.py:3239} INFO - Sync 1 DAGs
[2025-11-11T23:41:45.350+0000] {logging_mixin.py:190} INFO - [2025-11-11T23:41:45.350+0000] {dag.py:4180} INFO - Setting next_dagrun for load_to_mongodb to None, run_after=None
[2025-11-11T23:41:45.366+0000] {processor.py:208} INFO - Processing /opt/airflow/dags/scripts/load_to_mongodb.py took 0.346 seconds
[2025-11-11T23:42:15.870+0000] {processor.py:186} INFO - Started process (PID=1124) to work on /opt/airflow/dags/scripts/load_to_mongodb.py
[2025-11-11T23:42:15.871+0000] {processor.py:914} INFO - Processing file /opt/airflow/dags/scripts/load_to_mongodb.py for tasks to queue
[2025-11-11T23:42:15.873+0000] {logging_mixin.py:190} INFO - [2025-11-11T23:42:15.873+0000] {dagbag.py:588} INFO - Filling up the DagBag from /opt/airflow/dags/scripts/load_to_mongodb.py
[2025-11-11T23:42:16.157+0000] {processor.py:925} INFO - DAG(s) 'load_to_mongodb' retrieved from /opt/airflow/dags/scripts/load_to_mongodb.py
[2025-11-11T23:42:16.177+0000] {logging_mixin.py:190} INFO - [2025-11-11T23:42:16.176+0000] {dag.py:3239} INFO - Sync 1 DAGs
[2025-11-11T23:42:16.187+0000] {logging_mixin.py:190} INFO - [2025-11-11T23:42:16.187+0000] {dag.py:4180} INFO - Setting next_dagrun for load_to_mongodb to None, run_after=None
[2025-11-11T23:42:16.201+0000] {processor.py:208} INFO - Processing /opt/airflow/dags/scripts/load_to_mongodb.py took 0.336 seconds
[2025-11-11T23:42:46.750+0000] {processor.py:186} INFO - Started process (PID=1147) to work on /opt/airflow/dags/scripts/load_to_mongodb.py
[2025-11-11T23:42:46.751+0000] {processor.py:914} INFO - Processing file /opt/airflow/dags/scripts/load_to_mongodb.py for tasks to queue
[2025-11-11T23:42:46.753+0000] {logging_mixin.py:190} INFO - [2025-11-11T23:42:46.752+0000] {dagbag.py:588} INFO - Filling up the DagBag from /opt/airflow/dags/scripts/load_to_mongodb.py
[2025-11-11T23:42:47.070+0000] {processor.py:925} INFO - DAG(s) 'load_to_mongodb' retrieved from /opt/airflow/dags/scripts/load_to_mongodb.py
[2025-11-11T23:42:47.088+0000] {logging_mixin.py:190} INFO - [2025-11-11T23:42:47.087+0000] {dag.py:3239} INFO - Sync 1 DAGs
[2025-11-11T23:42:47.098+0000] {logging_mixin.py:190} INFO - [2025-11-11T23:42:47.098+0000] {dag.py:4180} INFO - Setting next_dagrun for load_to_mongodb to None, run_after=None
[2025-11-11T23:42:47.112+0000] {processor.py:208} INFO - Processing /opt/airflow/dags/scripts/load_to_mongodb.py took 0.367 seconds
[2025-11-11T23:43:17.454+0000] {processor.py:186} INFO - Started process (PID=1170) to work on /opt/airflow/dags/scripts/load_to_mongodb.py
[2025-11-11T23:43:17.455+0000] {processor.py:914} INFO - Processing file /opt/airflow/dags/scripts/load_to_mongodb.py for tasks to queue
[2025-11-11T23:43:17.458+0000] {logging_mixin.py:190} INFO - [2025-11-11T23:43:17.457+0000] {dagbag.py:588} INFO - Filling up the DagBag from /opt/airflow/dags/scripts/load_to_mongodb.py
[2025-11-11T23:43:17.743+0000] {processor.py:925} INFO - DAG(s) 'load_to_mongodb' retrieved from /opt/airflow/dags/scripts/load_to_mongodb.py
[2025-11-11T23:43:17.761+0000] {logging_mixin.py:190} INFO - [2025-11-11T23:43:17.761+0000] {dag.py:3239} INFO - Sync 1 DAGs
[2025-11-11T23:43:17.772+0000] {logging_mixin.py:190} INFO - [2025-11-11T23:43:17.772+0000] {dag.py:4180} INFO - Setting next_dagrun for load_to_mongodb to None, run_after=None
[2025-11-11T23:43:17.787+0000] {processor.py:208} INFO - Processing /opt/airflow/dags/scripts/load_to_mongodb.py took 0.339 seconds
[2025-11-11T23:43:48.163+0000] {processor.py:186} INFO - Started process (PID=1193) to work on /opt/airflow/dags/scripts/load_to_mongodb.py
[2025-11-11T23:43:48.165+0000] {processor.py:914} INFO - Processing file /opt/airflow/dags/scripts/load_to_mongodb.py for tasks to queue
[2025-11-11T23:43:48.168+0000] {logging_mixin.py:190} INFO - [2025-11-11T23:43:48.168+0000] {dagbag.py:588} INFO - Filling up the DagBag from /opt/airflow/dags/scripts/load_to_mongodb.py
[2025-11-11T23:43:48.485+0000] {processor.py:925} INFO - DAG(s) 'load_to_mongodb' retrieved from /opt/airflow/dags/scripts/load_to_mongodb.py
[2025-11-11T23:43:48.509+0000] {logging_mixin.py:190} INFO - [2025-11-11T23:43:48.508+0000] {dag.py:3239} INFO - Sync 1 DAGs
[2025-11-11T23:43:48.523+0000] {logging_mixin.py:190} INFO - [2025-11-11T23:43:48.522+0000] {dag.py:4180} INFO - Setting next_dagrun for load_to_mongodb to None, run_after=None
[2025-11-11T23:43:48.544+0000] {processor.py:208} INFO - Processing /opt/airflow/dags/scripts/load_to_mongodb.py took 0.386 seconds
[2025-11-11T23:44:18.860+0000] {processor.py:186} INFO - Started process (PID=1216) to work on /opt/airflow/dags/scripts/load_to_mongodb.py
[2025-11-11T23:44:18.861+0000] {processor.py:914} INFO - Processing file /opt/airflow/dags/scripts/load_to_mongodb.py for tasks to queue
[2025-11-11T23:44:18.863+0000] {logging_mixin.py:190} INFO - [2025-11-11T23:44:18.863+0000] {dagbag.py:588} INFO - Filling up the DagBag from /opt/airflow/dags/scripts/load_to_mongodb.py
[2025-11-11T23:44:19.144+0000] {processor.py:925} INFO - DAG(s) 'load_to_mongodb' retrieved from /opt/airflow/dags/scripts/load_to_mongodb.py
[2025-11-11T23:44:19.163+0000] {logging_mixin.py:190} INFO - [2025-11-11T23:44:19.162+0000] {dag.py:3239} INFO - Sync 1 DAGs
[2025-11-11T23:44:19.173+0000] {logging_mixin.py:190} INFO - [2025-11-11T23:44:19.173+0000] {dag.py:4180} INFO - Setting next_dagrun for load_to_mongodb to None, run_after=None
[2025-11-11T23:44:19.188+0000] {processor.py:208} INFO - Processing /opt/airflow/dags/scripts/load_to_mongodb.py took 0.334 seconds
[2025-11-11T23:44:49.564+0000] {processor.py:186} INFO - Started process (PID=1239) to work on /opt/airflow/dags/scripts/load_to_mongodb.py
[2025-11-11T23:44:49.564+0000] {processor.py:914} INFO - Processing file /opt/airflow/dags/scripts/load_to_mongodb.py for tasks to queue
[2025-11-11T23:44:49.567+0000] {logging_mixin.py:190} INFO - [2025-11-11T23:44:49.566+0000] {dagbag.py:588} INFO - Filling up the DagBag from /opt/airflow/dags/scripts/load_to_mongodb.py
[2025-11-11T23:44:49.839+0000] {processor.py:925} INFO - DAG(s) 'load_to_mongodb' retrieved from /opt/airflow/dags/scripts/load_to_mongodb.py
[2025-11-11T23:44:49.858+0000] {logging_mixin.py:190} INFO - [2025-11-11T23:44:49.858+0000] {dag.py:3239} INFO - Sync 1 DAGs
[2025-11-11T23:44:49.868+0000] {logging_mixin.py:190} INFO - [2025-11-11T23:44:49.868+0000] {dag.py:4180} INFO - Setting next_dagrun for load_to_mongodb to None, run_after=None
[2025-11-11T23:44:49.880+0000] {processor.py:208} INFO - Processing /opt/airflow/dags/scripts/load_to_mongodb.py took 0.322 seconds
[2025-11-11T23:45:20.255+0000] {processor.py:186} INFO - Started process (PID=1262) to work on /opt/airflow/dags/scripts/load_to_mongodb.py
[2025-11-11T23:45:20.256+0000] {processor.py:914} INFO - Processing file /opt/airflow/dags/scripts/load_to_mongodb.py for tasks to queue
[2025-11-11T23:45:20.259+0000] {logging_mixin.py:190} INFO - [2025-11-11T23:45:20.259+0000] {dagbag.py:588} INFO - Filling up the DagBag from /opt/airflow/dags/scripts/load_to_mongodb.py
[2025-11-11T23:45:20.538+0000] {processor.py:925} INFO - DAG(s) 'load_to_mongodb' retrieved from /opt/airflow/dags/scripts/load_to_mongodb.py
[2025-11-11T23:45:20.558+0000] {logging_mixin.py:190} INFO - [2025-11-11T23:45:20.558+0000] {dag.py:3239} INFO - Sync 1 DAGs
[2025-11-11T23:45:20.570+0000] {logging_mixin.py:190} INFO - [2025-11-11T23:45:20.569+0000] {dag.py:4180} INFO - Setting next_dagrun for load_to_mongodb to None, run_after=None
[2025-11-11T23:45:20.586+0000] {processor.py:208} INFO - Processing /opt/airflow/dags/scripts/load_to_mongodb.py took 0.337 seconds
[2025-11-11T23:45:50.989+0000] {processor.py:186} INFO - Started process (PID=1285) to work on /opt/airflow/dags/scripts/load_to_mongodb.py
[2025-11-11T23:45:50.990+0000] {processor.py:914} INFO - Processing file /opt/airflow/dags/scripts/load_to_mongodb.py for tasks to queue
[2025-11-11T23:45:50.993+0000] {logging_mixin.py:190} INFO - [2025-11-11T23:45:50.992+0000] {dagbag.py:588} INFO - Filling up the DagBag from /opt/airflow/dags/scripts/load_to_mongodb.py
[2025-11-11T23:45:51.281+0000] {processor.py:925} INFO - DAG(s) 'load_to_mongodb' retrieved from /opt/airflow/dags/scripts/load_to_mongodb.py
[2025-11-11T23:45:51.301+0000] {logging_mixin.py:190} INFO - [2025-11-11T23:45:51.301+0000] {dag.py:3239} INFO - Sync 1 DAGs
[2025-11-11T23:45:51.313+0000] {logging_mixin.py:190} INFO - [2025-11-11T23:45:51.313+0000] {dag.py:4180} INFO - Setting next_dagrun for load_to_mongodb to None, run_after=None
[2025-11-11T23:45:51.328+0000] {processor.py:208} INFO - Processing /opt/airflow/dags/scripts/load_to_mongodb.py took 0.344 seconds
