[2025-11-11T23:21:59.673+0000] {processor.py:186} INFO - Started process (PID=302) to work on /opt/airflow/dags/scripts/transform_data.py
[2025-11-11T23:21:59.674+0000] {processor.py:914} INFO - Processing file /opt/airflow/dags/scripts/transform_data.py for tasks to queue
[2025-11-11T23:21:59.677+0000] {logging_mixin.py:190} INFO - [2025-11-11T23:21:59.677+0000] {dagbag.py:588} INFO - Filling up the DagBag from /opt/airflow/dags/scripts/transform_data.py
[2025-11-11T23:22:00.124+0000] {logging_mixin.py:190} INFO - Files in processed data folder: ['sample1.csv', 'sample2.csv']
[2025-11-11T23:22:00.146+0000] {logging_mixin.py:190} INFO - 
Transformed sample1.csv saved to /opt/airflow/dags/trasnformed_data/sample1.csv
[2025-11-11T23:22:00.153+0000] {logging_mixin.py:190} INFO -       name   age                email age_group  name_length email_domain
0    Alice  25.0    alice@example.com     Adult            5  example.com
1      Bob  30.0      bob@example.com     Adult            3  example.com
2  Charlie  27.5  charlie@example.com     Adult            7  example.com
[2025-11-11T23:22:00.160+0000] {logging_mixin.py:190} INFO - 
Transformed sample2.csv saved to /opt/airflow/dags/trasnformed_data/sample2.csv
[2025-11-11T23:22:00.164+0000] {logging_mixin.py:190} INFO -     name   age              email   age_group  name_length email_domain
0  Vince  22.0  vince@example.com       Adult            5  example.com
1   John  56.0   john@example.com  Middle Age            4  example.com
2   Will  39.0   will@example.com  Middle Age            4  example.com
[2025-11-11T23:22:00.165+0000] {processor.py:927} WARNING - No viable dags retrieved from /opt/airflow/dags/scripts/transform_data.py
[2025-11-11T23:22:00.174+0000] {processor.py:208} INFO - Processing /opt/airflow/dags/scripts/transform_data.py took 0.507 seconds
[2025-11-11T23:22:19.993+0000] {processor.py:186} INFO - Started process (PID=322) to work on /opt/airflow/dags/scripts/transform_data.py
[2025-11-11T23:22:19.994+0000] {processor.py:914} INFO - Processing file /opt/airflow/dags/scripts/transform_data.py for tasks to queue
[2025-11-11T23:22:19.996+0000] {logging_mixin.py:190} INFO - [2025-11-11T23:22:19.996+0000] {dagbag.py:588} INFO - Filling up the DagBag from /opt/airflow/dags/scripts/transform_data.py
[2025-11-11T23:22:20.427+0000] {logging_mixin.py:190} INFO - Files in processed data folder: ['sample1.csv', 'sample2.csv']
[2025-11-11T23:22:20.440+0000] {logging_mixin.py:190} INFO - 
Transformed sample1.csv saved to /opt/airflow/dags/transformed_data/sample1.csv
[2025-11-11T23:22:20.446+0000] {logging_mixin.py:190} INFO -       name   age                email age_group  name_length email_domain
0    Alice  25.0    alice@example.com     Adult            5  example.com
1      Bob  30.0      bob@example.com     Adult            3  example.com
2  Charlie  27.5  charlie@example.com     Adult            7  example.com
[2025-11-11T23:22:20.456+0000] {logging_mixin.py:190} INFO - 
Transformed sample2.csv saved to /opt/airflow/dags/transformed_data/sample2.csv
[2025-11-11T23:22:20.461+0000] {logging_mixin.py:190} INFO -     name   age              email   age_group  name_length email_domain
0  Vince  22.0  vince@example.com       Adult            5  example.com
1   John  56.0   john@example.com  Middle Age            4  example.com
2   Will  39.0   will@example.com  Middle Age            4  example.com
[2025-11-11T23:22:20.461+0000] {processor.py:927} WARNING - No viable dags retrieved from /opt/airflow/dags/scripts/transform_data.py
[2025-11-11T23:22:20.471+0000] {processor.py:208} INFO - Processing /opt/airflow/dags/scripts/transform_data.py took 0.484 seconds
[2025-11-11T23:22:46.510+0000] {processor.py:186} INFO - Started process (PID=345) to work on /opt/airflow/dags/scripts/transform_data.py
[2025-11-11T23:22:46.511+0000] {processor.py:914} INFO - Processing file /opt/airflow/dags/scripts/transform_data.py for tasks to queue
[2025-11-11T23:22:46.513+0000] {logging_mixin.py:190} INFO - [2025-11-11T23:22:46.513+0000] {dagbag.py:588} INFO - Filling up the DagBag from /opt/airflow/dags/scripts/transform_data.py
[2025-11-11T23:22:46.943+0000] {logging_mixin.py:190} INFO - Files in processed data folder: ['sample1.csv', 'sample2.csv']
[2025-11-11T23:22:46.955+0000] {logging_mixin.py:190} INFO - 
Transformed sample1.csv saved to /opt/airflow/dags/transformed_data/sample1.csv
[2025-11-11T23:22:46.959+0000] {logging_mixin.py:190} INFO -       name   age                email age_group  name_length email_domain
0    Alice  25.0    alice@example.com     Adult            5  example.com
1      Bob  30.0      bob@example.com     Adult            3  example.com
2  Charlie  27.5  charlie@example.com     Adult            7  example.com
[2025-11-11T23:22:46.968+0000] {logging_mixin.py:190} INFO - 
Transformed sample2.csv saved to /opt/airflow/dags/transformed_data/sample2.csv
[2025-11-11T23:22:46.972+0000] {logging_mixin.py:190} INFO -     name   age              email   age_group  name_length email_domain
0  Vince  22.0  vince@example.com       Adult            5  example.com
1   John  56.0   john@example.com  Middle Age            4  example.com
2   Will  39.0   will@example.com  Middle Age            4  example.com
[2025-11-11T23:22:46.973+0000] {processor.py:927} WARNING - No viable dags retrieved from /opt/airflow/dags/scripts/transform_data.py
[2025-11-11T23:22:46.983+0000] {processor.py:208} INFO - Processing /opt/airflow/dags/scripts/transform_data.py took 0.480 seconds
[2025-11-11T23:23:16.871+0000] {processor.py:186} INFO - Started process (PID=368) to work on /opt/airflow/dags/scripts/transform_data.py
[2025-11-11T23:23:16.872+0000] {processor.py:914} INFO - Processing file /opt/airflow/dags/scripts/transform_data.py for tasks to queue
[2025-11-11T23:23:16.875+0000] {logging_mixin.py:190} INFO - [2025-11-11T23:23:16.874+0000] {dagbag.py:588} INFO - Filling up the DagBag from /opt/airflow/dags/scripts/transform_data.py
[2025-11-11T23:23:17.372+0000] {logging_mixin.py:190} INFO - Files in processed data folder: ['sample1.csv', 'sample2.csv']
[2025-11-11T23:23:17.385+0000] {logging_mixin.py:190} INFO - 
Transformed sample1.csv saved to /opt/airflow/dags/transformed_data/sample1.csv
[2025-11-11T23:23:17.391+0000] {logging_mixin.py:190} INFO -       name   age                email age_group  name_length email_domain
0    Alice  25.0    alice@example.com     Adult            5  example.com
1      Bob  30.0      bob@example.com     Adult            3  example.com
2  Charlie  27.5  charlie@example.com     Adult            7  example.com
[2025-11-11T23:23:17.402+0000] {logging_mixin.py:190} INFO - 
Transformed sample2.csv saved to /opt/airflow/dags/transformed_data/sample2.csv
[2025-11-11T23:23:17.407+0000] {logging_mixin.py:190} INFO -     name   age              email   age_group  name_length email_domain
0  Vince  22.0  vince@example.com       Adult            5  example.com
1   John  56.0   john@example.com  Middle Age            4  example.com
2   Will  39.0   will@example.com  Middle Age            4  example.com
[2025-11-11T23:23:17.407+0000] {processor.py:927} WARNING - No viable dags retrieved from /opt/airflow/dags/scripts/transform_data.py
[2025-11-11T23:23:17.421+0000] {processor.py:208} INFO - Processing /opt/airflow/dags/scripts/transform_data.py took 0.556 seconds
[2025-11-11T23:23:47.747+0000] {processor.py:186} INFO - Started process (PID=391) to work on /opt/airflow/dags/scripts/transform_data.py
[2025-11-11T23:23:47.748+0000] {processor.py:914} INFO - Processing file /opt/airflow/dags/scripts/transform_data.py for tasks to queue
[2025-11-11T23:23:47.751+0000] {logging_mixin.py:190} INFO - [2025-11-11T23:23:47.750+0000] {dagbag.py:588} INFO - Filling up the DagBag from /opt/airflow/dags/scripts/transform_data.py
[2025-11-11T23:23:48.154+0000] {logging_mixin.py:190} INFO - Files in processed data folder: ['sample1.csv', 'sample2.csv']
[2025-11-11T23:23:48.164+0000] {logging_mixin.py:190} INFO - 
Transformed sample1.csv saved to /opt/airflow/dags/transformed_data/sample1.csv
[2025-11-11T23:23:48.169+0000] {logging_mixin.py:190} INFO -       name   age                email age_group  name_length email_domain
0    Alice  25.0    alice@example.com     Adult            5  example.com
1      Bob  30.0      bob@example.com     Adult            3  example.com
2  Charlie  27.5  charlie@example.com     Adult            7  example.com
[2025-11-11T23:23:48.176+0000] {logging_mixin.py:190} INFO - 
Transformed sample2.csv saved to /opt/airflow/dags/transformed_data/sample2.csv
[2025-11-11T23:23:48.180+0000] {logging_mixin.py:190} INFO -     name   age              email   age_group  name_length email_domain
0  Vince  22.0  vince@example.com       Adult            5  example.com
1   John  56.0   john@example.com  Middle Age            4  example.com
2   Will  39.0   will@example.com  Middle Age            4  example.com
[2025-11-11T23:23:48.180+0000] {processor.py:927} WARNING - No viable dags retrieved from /opt/airflow/dags/scripts/transform_data.py
[2025-11-11T23:23:48.190+0000] {processor.py:208} INFO - Processing /opt/airflow/dags/scripts/transform_data.py took 0.448 seconds
[2025-11-11T23:24:18.753+0000] {processor.py:186} INFO - Started process (PID=414) to work on /opt/airflow/dags/scripts/transform_data.py
[2025-11-11T23:24:18.754+0000] {processor.py:914} INFO - Processing file /opt/airflow/dags/scripts/transform_data.py for tasks to queue
[2025-11-11T23:24:18.756+0000] {logging_mixin.py:190} INFO - [2025-11-11T23:24:18.756+0000] {dagbag.py:588} INFO - Filling up the DagBag from /opt/airflow/dags/scripts/transform_data.py
[2025-11-11T23:24:19.150+0000] {logging_mixin.py:190} INFO - Files in processed data folder: ['sample1.csv', 'sample2.csv']
[2025-11-11T23:24:19.160+0000] {logging_mixin.py:190} INFO - 
Transformed sample1.csv saved to /opt/airflow/dags/transformed_data/sample1.csv
[2025-11-11T23:24:19.165+0000] {logging_mixin.py:190} INFO -       name   age                email age_group  name_length email_domain
0    Alice  25.0    alice@example.com     Adult            5  example.com
1      Bob  30.0      bob@example.com     Adult            3  example.com
2  Charlie  27.5  charlie@example.com     Adult            7  example.com
[2025-11-11T23:24:19.173+0000] {logging_mixin.py:190} INFO - 
Transformed sample2.csv saved to /opt/airflow/dags/transformed_data/sample2.csv
[2025-11-11T23:24:19.177+0000] {logging_mixin.py:190} INFO -     name   age              email   age_group  name_length email_domain
0  Vince  22.0  vince@example.com       Adult            5  example.com
1   John  56.0   john@example.com  Middle Age            4  example.com
2   Will  39.0   will@example.com  Middle Age            4  example.com
[2025-11-11T23:24:19.177+0000] {processor.py:927} WARNING - No viable dags retrieved from /opt/airflow/dags/scripts/transform_data.py
[2025-11-11T23:24:19.187+0000] {processor.py:208} INFO - Processing /opt/airflow/dags/scripts/transform_data.py took 0.439 seconds
[2025-11-11T23:24:49.416+0000] {processor.py:186} INFO - Started process (PID=443) to work on /opt/airflow/dags/scripts/transform_data.py
[2025-11-11T23:24:49.417+0000] {processor.py:914} INFO - Processing file /opt/airflow/dags/scripts/transform_data.py for tasks to queue
[2025-11-11T23:24:49.419+0000] {logging_mixin.py:190} INFO - [2025-11-11T23:24:49.419+0000] {dagbag.py:588} INFO - Filling up the DagBag from /opt/airflow/dags/scripts/transform_data.py
[2025-11-11T23:24:49.833+0000] {logging_mixin.py:190} INFO - Files in processed data folder: ['sample1.csv', 'sample2.csv']
[2025-11-11T23:24:49.844+0000] {logging_mixin.py:190} INFO - 
Transformed sample1.csv saved to /opt/airflow/dags/transformed_data/sample1.csv
[2025-11-11T23:24:49.849+0000] {logging_mixin.py:190} INFO -       name   age                email age_group  name_length email_domain
0    Alice  25.0    alice@example.com     Adult            5  example.com
1      Bob  30.0      bob@example.com     Adult            3  example.com
2  Charlie  27.5  charlie@example.com     Adult            7  example.com
[2025-11-11T23:24:49.858+0000] {logging_mixin.py:190} INFO - 
Transformed sample2.csv saved to /opt/airflow/dags/transformed_data/sample2.csv
[2025-11-11T23:24:49.861+0000] {logging_mixin.py:190} INFO -     name   age              email   age_group  name_length email_domain
0  Vince  22.0  vince@example.com       Adult            5  example.com
1   John  56.0   john@example.com  Middle Age            4  example.com
2   Will  39.0   will@example.com  Middle Age            4  example.com
[2025-11-11T23:24:49.862+0000] {processor.py:927} WARNING - No viable dags retrieved from /opt/airflow/dags/scripts/transform_data.py
[2025-11-11T23:24:49.872+0000] {processor.py:208} INFO - Processing /opt/airflow/dags/scripts/transform_data.py took 0.461 seconds
[2025-11-11T23:25:15.622+0000] {processor.py:186} INFO - Started process (PID=191) to work on /opt/airflow/dags/scripts/transform_data.py
[2025-11-11T23:25:15.623+0000] {processor.py:914} INFO - Processing file /opt/airflow/dags/scripts/transform_data.py for tasks to queue
[2025-11-11T23:25:15.625+0000] {logging_mixin.py:190} INFO - [2025-11-11T23:25:15.624+0000] {dagbag.py:588} INFO - Filling up the DagBag from /opt/airflow/dags/scripts/transform_data.py
[2025-11-11T23:25:16.046+0000] {logging_mixin.py:190} INFO - Files in processed data folder: ['sample1.csv', 'sample2.csv']
[2025-11-11T23:25:16.057+0000] {logging_mixin.py:190} INFO - 
Transformed sample1.csv saved to /opt/airflow/dags/transformed_data/sample1.csv
[2025-11-11T23:25:16.062+0000] {logging_mixin.py:190} INFO -       name   age                email age_group  name_length email_domain
0    Alice  25.0    alice@example.com     Adult            5  example.com
1      Bob  30.0      bob@example.com     Adult            3  example.com
2  Charlie  27.5  charlie@example.com     Adult            7  example.com
[2025-11-11T23:25:16.071+0000] {logging_mixin.py:190} INFO - 
Transformed sample2.csv saved to /opt/airflow/dags/transformed_data/sample2.csv
[2025-11-11T23:25:16.075+0000] {logging_mixin.py:190} INFO -     name   age              email   age_group  name_length email_domain
0  Vince  22.0  vince@example.com       Adult            5  example.com
1   John  56.0   john@example.com  Middle Age            4  example.com
2   Will  39.0   will@example.com  Middle Age            4  example.com
[2025-11-11T23:25:16.076+0000] {processor.py:927} WARNING - No viable dags retrieved from /opt/airflow/dags/scripts/transform_data.py
[2025-11-11T23:25:16.085+0000] {processor.py:208} INFO - Processing /opt/airflow/dags/scripts/transform_data.py took 0.468 seconds
[2025-11-11T23:25:46.478+0000] {processor.py:186} INFO - Started process (PID=214) to work on /opt/airflow/dags/scripts/transform_data.py
[2025-11-11T23:25:46.479+0000] {processor.py:914} INFO - Processing file /opt/airflow/dags/scripts/transform_data.py for tasks to queue
[2025-11-11T23:25:46.481+0000] {logging_mixin.py:190} INFO - [2025-11-11T23:25:46.481+0000] {dagbag.py:588} INFO - Filling up the DagBag from /opt/airflow/dags/scripts/transform_data.py
[2025-11-11T23:25:46.888+0000] {logging_mixin.py:190} INFO - Files in processed data folder: ['sample1.csv', 'sample2.csv']
[2025-11-11T23:25:46.899+0000] {logging_mixin.py:190} INFO - 
Transformed sample1.csv saved to /opt/airflow/dags/transformed_data/sample1.csv
[2025-11-11T23:25:46.903+0000] {logging_mixin.py:190} INFO -       name   age                email age_group  name_length email_domain
0    Alice  25.0    alice@example.com     Adult            5  example.com
1      Bob  30.0      bob@example.com     Adult            3  example.com
2  Charlie  27.5  charlie@example.com     Adult            7  example.com
[2025-11-11T23:25:46.911+0000] {logging_mixin.py:190} INFO - 
Transformed sample2.csv saved to /opt/airflow/dags/transformed_data/sample2.csv
[2025-11-11T23:25:46.915+0000] {logging_mixin.py:190} INFO -     name   age              email   age_group  name_length email_domain
0  Vince  22.0  vince@example.com       Adult            5  example.com
1   John  56.0   john@example.com  Middle Age            4  example.com
2   Will  39.0   will@example.com  Middle Age            4  example.com
[2025-11-11T23:25:46.915+0000] {processor.py:927} WARNING - No viable dags retrieved from /opt/airflow/dags/scripts/transform_data.py
[2025-11-11T23:25:46.926+0000] {processor.py:208} INFO - Processing /opt/airflow/dags/scripts/transform_data.py took 0.452 seconds
[2025-11-11T23:26:17.456+0000] {processor.py:186} INFO - Started process (PID=237) to work on /opt/airflow/dags/scripts/transform_data.py
[2025-11-11T23:26:17.457+0000] {processor.py:914} INFO - Processing file /opt/airflow/dags/scripts/transform_data.py for tasks to queue
[2025-11-11T23:26:17.459+0000] {logging_mixin.py:190} INFO - [2025-11-11T23:26:17.459+0000] {dagbag.py:588} INFO - Filling up the DagBag from /opt/airflow/dags/scripts/transform_data.py
[2025-11-11T23:26:17.878+0000] {logging_mixin.py:190} INFO - Files in processed data folder: ['sample1.csv', 'sample2.csv']
[2025-11-11T23:26:17.888+0000] {logging_mixin.py:190} INFO - 
Transformed sample1.csv saved to /opt/airflow/dags/transformed_data/sample1.csv
[2025-11-11T23:26:17.893+0000] {logging_mixin.py:190} INFO -       name   age                email age_group  name_length email_domain
0    Alice  25.0    alice@example.com     Adult            5  example.com
1      Bob  30.0      bob@example.com     Adult            3  example.com
2  Charlie  27.5  charlie@example.com     Adult            7  example.com
[2025-11-11T23:26:17.901+0000] {logging_mixin.py:190} INFO - 
Transformed sample2.csv saved to /opt/airflow/dags/transformed_data/sample2.csv
[2025-11-11T23:26:17.904+0000] {logging_mixin.py:190} INFO -     name   age              email   age_group  name_length email_domain
0  Vince  22.0  vince@example.com       Adult            5  example.com
1   John  56.0   john@example.com  Middle Age            4  example.com
2   Will  39.0   will@example.com  Middle Age            4  example.com
[2025-11-11T23:26:17.905+0000] {processor.py:927} WARNING - No viable dags retrieved from /opt/airflow/dags/scripts/transform_data.py
[2025-11-11T23:26:17.914+0000] {processor.py:208} INFO - Processing /opt/airflow/dags/scripts/transform_data.py took 0.462 seconds
[2025-11-11T23:26:48.330+0000] {processor.py:186} INFO - Started process (PID=260) to work on /opt/airflow/dags/scripts/transform_data.py
[2025-11-11T23:26:48.331+0000] {processor.py:914} INFO - Processing file /opt/airflow/dags/scripts/transform_data.py for tasks to queue
[2025-11-11T23:26:48.333+0000] {logging_mixin.py:190} INFO - [2025-11-11T23:26:48.333+0000] {dagbag.py:588} INFO - Filling up the DagBag from /opt/airflow/dags/scripts/transform_data.py
[2025-11-11T23:26:48.741+0000] {logging_mixin.py:190} INFO - Files in processed data folder: ['sample1.csv', 'sample2.csv']
[2025-11-11T23:26:48.751+0000] {logging_mixin.py:190} INFO - 
Transformed sample1.csv saved to /opt/airflow/dags/transformed_data/sample1.csv
[2025-11-11T23:26:48.756+0000] {logging_mixin.py:190} INFO -       name   age                email age_group  name_length email_domain
0    Alice  25.0    alice@example.com     Adult            5  example.com
1      Bob  30.0      bob@example.com     Adult            3  example.com
2  Charlie  27.5  charlie@example.com     Adult            7  example.com
[2025-11-11T23:26:48.764+0000] {logging_mixin.py:190} INFO - 
Transformed sample2.csv saved to /opt/airflow/dags/transformed_data/sample2.csv
[2025-11-11T23:26:48.768+0000] {logging_mixin.py:190} INFO -     name   age              email   age_group  name_length email_domain
0  Vince  22.0  vince@example.com       Adult            5  example.com
1   John  56.0   john@example.com  Middle Age            4  example.com
2   Will  39.0   will@example.com  Middle Age            4  example.com
[2025-11-11T23:26:48.768+0000] {processor.py:927} WARNING - No viable dags retrieved from /opt/airflow/dags/scripts/transform_data.py
[2025-11-11T23:26:48.777+0000] {processor.py:208} INFO - Processing /opt/airflow/dags/scripts/transform_data.py took 0.453 seconds
[2025-11-11T23:27:19.219+0000] {processor.py:186} INFO - Started process (PID=283) to work on /opt/airflow/dags/scripts/transform_data.py
[2025-11-11T23:27:19.220+0000] {processor.py:914} INFO - Processing file /opt/airflow/dags/scripts/transform_data.py for tasks to queue
[2025-11-11T23:27:19.222+0000] {logging_mixin.py:190} INFO - [2025-11-11T23:27:19.222+0000] {dagbag.py:588} INFO - Filling up the DagBag from /opt/airflow/dags/scripts/transform_data.py
[2025-11-11T23:27:19.636+0000] {logging_mixin.py:190} INFO - Files in processed data folder: ['sample1.csv', 'sample2.csv']
[2025-11-11T23:27:19.646+0000] {logging_mixin.py:190} INFO - 
Transformed sample1.csv saved to /opt/airflow/dags/transformed_data/sample1.csv
[2025-11-11T23:27:19.651+0000] {logging_mixin.py:190} INFO -       name   age                email age_group  name_length email_domain
0    Alice  25.0    alice@example.com     Adult            5  example.com
1      Bob  30.0      bob@example.com     Adult            3  example.com
2  Charlie  27.5  charlie@example.com     Adult            7  example.com
[2025-11-11T23:27:19.658+0000] {logging_mixin.py:190} INFO - 
Transformed sample2.csv saved to /opt/airflow/dags/transformed_data/sample2.csv
[2025-11-11T23:27:19.662+0000] {logging_mixin.py:190} INFO -     name   age              email   age_group  name_length email_domain
0  Vince  22.0  vince@example.com       Adult            5  example.com
1   John  56.0   john@example.com  Middle Age            4  example.com
2   Will  39.0   will@example.com  Middle Age            4  example.com
[2025-11-11T23:27:19.663+0000] {processor.py:927} WARNING - No viable dags retrieved from /opt/airflow/dags/scripts/transform_data.py
[2025-11-11T23:27:19.672+0000] {processor.py:208} INFO - Processing /opt/airflow/dags/scripts/transform_data.py took 0.458 seconds
[2025-11-11T23:27:50.068+0000] {processor.py:186} INFO - Started process (PID=306) to work on /opt/airflow/dags/scripts/transform_data.py
[2025-11-11T23:27:50.069+0000] {processor.py:914} INFO - Processing file /opt/airflow/dags/scripts/transform_data.py for tasks to queue
[2025-11-11T23:27:50.071+0000] {logging_mixin.py:190} INFO - [2025-11-11T23:27:50.071+0000] {dagbag.py:588} INFO - Filling up the DagBag from /opt/airflow/dags/scripts/transform_data.py
[2025-11-11T23:27:50.491+0000] {logging_mixin.py:190} INFO - Files in processed data folder: ['sample1.csv', 'sample2.csv']
[2025-11-11T23:27:50.502+0000] {logging_mixin.py:190} INFO - 
Transformed sample1.csv saved to /opt/airflow/dags/transformed_data/sample1.csv
[2025-11-11T23:27:50.507+0000] {logging_mixin.py:190} INFO -       name   age                email age_group  name_length email_domain
0    Alice  25.0    alice@example.com     Adult            5  example.com
1      Bob  30.0      bob@example.com     Adult            3  example.com
2  Charlie  27.5  charlie@example.com     Adult            7  example.com
[2025-11-11T23:27:50.514+0000] {logging_mixin.py:190} INFO - 
Transformed sample2.csv saved to /opt/airflow/dags/transformed_data/sample2.csv
[2025-11-11T23:27:50.518+0000] {logging_mixin.py:190} INFO -     name   age              email   age_group  name_length email_domain
0  Vince  22.0  vince@example.com       Adult            5  example.com
1   John  56.0   john@example.com  Middle Age            4  example.com
2   Will  39.0   will@example.com  Middle Age            4  example.com
[2025-11-11T23:27:50.519+0000] {processor.py:927} WARNING - No viable dags retrieved from /opt/airflow/dags/scripts/transform_data.py
[2025-11-11T23:27:50.529+0000] {processor.py:208} INFO - Processing /opt/airflow/dags/scripts/transform_data.py took 0.465 seconds
[2025-11-11T23:28:21.017+0000] {processor.py:186} INFO - Started process (PID=329) to work on /opt/airflow/dags/scripts/transform_data.py
[2025-11-11T23:28:21.018+0000] {processor.py:914} INFO - Processing file /opt/airflow/dags/scripts/transform_data.py for tasks to queue
[2025-11-11T23:28:21.020+0000] {logging_mixin.py:190} INFO - [2025-11-11T23:28:21.020+0000] {dagbag.py:588} INFO - Filling up the DagBag from /opt/airflow/dags/scripts/transform_data.py
[2025-11-11T23:28:21.418+0000] {logging_mixin.py:190} INFO - Files in processed data folder: ['sample1.csv', 'sample2.csv']
[2025-11-11T23:28:21.429+0000] {logging_mixin.py:190} INFO - 
Transformed sample1.csv saved to /opt/airflow/dags/transformed_data/sample1.csv
[2025-11-11T23:28:21.434+0000] {logging_mixin.py:190} INFO -       name   age                email age_group  name_length email_domain
0    Alice  25.0    alice@example.com     Adult            5  example.com
1      Bob  30.0      bob@example.com     Adult            3  example.com
2  Charlie  27.5  charlie@example.com     Adult            7  example.com
[2025-11-11T23:28:21.441+0000] {logging_mixin.py:190} INFO - 
Transformed sample2.csv saved to /opt/airflow/dags/transformed_data/sample2.csv
[2025-11-11T23:28:21.445+0000] {logging_mixin.py:190} INFO -     name   age              email   age_group  name_length email_domain
0  Vince  22.0  vince@example.com       Adult            5  example.com
1   John  56.0   john@example.com  Middle Age            4  example.com
2   Will  39.0   will@example.com  Middle Age            4  example.com
[2025-11-11T23:28:21.445+0000] {processor.py:927} WARNING - No viable dags retrieved from /opt/airflow/dags/scripts/transform_data.py
[2025-11-11T23:28:21.455+0000] {processor.py:208} INFO - Processing /opt/airflow/dags/scripts/transform_data.py took 0.444 seconds
[2025-11-11T23:28:51.865+0000] {processor.py:186} INFO - Started process (PID=352) to work on /opt/airflow/dags/scripts/transform_data.py
[2025-11-11T23:28:51.866+0000] {processor.py:914} INFO - Processing file /opt/airflow/dags/scripts/transform_data.py for tasks to queue
[2025-11-11T23:28:51.868+0000] {logging_mixin.py:190} INFO - [2025-11-11T23:28:51.868+0000] {dagbag.py:588} INFO - Filling up the DagBag from /opt/airflow/dags/scripts/transform_data.py
[2025-11-11T23:28:52.253+0000] {logging_mixin.py:190} INFO - Files in processed data folder: ['sample1.csv', 'sample2.csv']
[2025-11-11T23:28:52.264+0000] {logging_mixin.py:190} INFO - 
Transformed sample1.csv saved to /opt/airflow/dags/transformed_data/sample1.csv
[2025-11-11T23:28:52.268+0000] {logging_mixin.py:190} INFO -       name   age                email age_group  name_length email_domain
0    Alice  25.0    alice@example.com     Adult            5  example.com
1      Bob  30.0      bob@example.com     Adult            3  example.com
2  Charlie  27.5  charlie@example.com     Adult            7  example.com
[2025-11-11T23:28:52.276+0000] {logging_mixin.py:190} INFO - 
Transformed sample2.csv saved to /opt/airflow/dags/transformed_data/sample2.csv
[2025-11-11T23:28:52.279+0000] {logging_mixin.py:190} INFO -     name   age              email   age_group  name_length email_domain
0  Vince  22.0  vince@example.com       Adult            5  example.com
1   John  56.0   john@example.com  Middle Age            4  example.com
2   Will  39.0   will@example.com  Middle Age            4  example.com
[2025-11-11T23:28:52.280+0000] {processor.py:927} WARNING - No viable dags retrieved from /opt/airflow/dags/scripts/transform_data.py
[2025-11-11T23:28:52.289+0000] {processor.py:208} INFO - Processing /opt/airflow/dags/scripts/transform_data.py took 0.428 seconds
[2025-11-11T23:29:22.702+0000] {processor.py:186} INFO - Started process (PID=375) to work on /opt/airflow/dags/scripts/transform_data.py
[2025-11-11T23:29:22.703+0000] {processor.py:914} INFO - Processing file /opt/airflow/dags/scripts/transform_data.py for tasks to queue
[2025-11-11T23:29:22.705+0000] {logging_mixin.py:190} INFO - [2025-11-11T23:29:22.704+0000] {dagbag.py:588} INFO - Filling up the DagBag from /opt/airflow/dags/scripts/transform_data.py
[2025-11-11T23:29:23.120+0000] {logging_mixin.py:190} INFO - Files in processed data folder: ['sample1.csv', 'sample2.csv']
[2025-11-11T23:29:23.130+0000] {logging_mixin.py:190} INFO - 
Transformed sample1.csv saved to /opt/airflow/dags/transformed_data/sample1.csv
[2025-11-11T23:29:23.135+0000] {logging_mixin.py:190} INFO -       name   age                email age_group  name_length email_domain
0    Alice  25.0    alice@example.com     Adult            5  example.com
1      Bob  30.0      bob@example.com     Adult            3  example.com
2  Charlie  27.5  charlie@example.com     Adult            7  example.com
[2025-11-11T23:29:23.143+0000] {logging_mixin.py:190} INFO - 
Transformed sample2.csv saved to /opt/airflow/dags/transformed_data/sample2.csv
[2025-11-11T23:29:23.147+0000] {logging_mixin.py:190} INFO -     name   age              email   age_group  name_length email_domain
0  Vince  22.0  vince@example.com       Adult            5  example.com
1   John  56.0   john@example.com  Middle Age            4  example.com
2   Will  39.0   will@example.com  Middle Age            4  example.com
[2025-11-11T23:29:23.148+0000] {processor.py:927} WARNING - No viable dags retrieved from /opt/airflow/dags/scripts/transform_data.py
[2025-11-11T23:29:23.156+0000] {processor.py:208} INFO - Processing /opt/airflow/dags/scripts/transform_data.py took 0.460 seconds
[2025-11-11T23:29:53.659+0000] {processor.py:186} INFO - Started process (PID=398) to work on /opt/airflow/dags/scripts/transform_data.py
[2025-11-11T23:29:53.660+0000] {processor.py:914} INFO - Processing file /opt/airflow/dags/scripts/transform_data.py for tasks to queue
[2025-11-11T23:29:53.663+0000] {logging_mixin.py:190} INFO - [2025-11-11T23:29:53.662+0000] {dagbag.py:588} INFO - Filling up the DagBag from /opt/airflow/dags/scripts/transform_data.py
[2025-11-11T23:29:54.108+0000] {logging_mixin.py:190} INFO - Files in processed data folder: ['sample1.csv', 'sample2.csv']
[2025-11-11T23:29:54.119+0000] {logging_mixin.py:190} INFO - 
Transformed sample1.csv saved to /opt/airflow/dags/transformed_data/sample1.csv
[2025-11-11T23:29:54.125+0000] {logging_mixin.py:190} INFO -       name   age                email age_group  name_length email_domain
0    Alice  25.0    alice@example.com     Adult            5  example.com
1      Bob  30.0      bob@example.com     Adult            3  example.com
2  Charlie  27.5  charlie@example.com     Adult            7  example.com
[2025-11-11T23:29:54.133+0000] {logging_mixin.py:190} INFO - 
Transformed sample2.csv saved to /opt/airflow/dags/transformed_data/sample2.csv
[2025-11-11T23:29:54.137+0000] {logging_mixin.py:190} INFO -     name   age              email   age_group  name_length email_domain
0  Vince  22.0  vince@example.com       Adult            5  example.com
1   John  56.0   john@example.com  Middle Age            4  example.com
2   Will  39.0   will@example.com  Middle Age            4  example.com
[2025-11-11T23:29:54.137+0000] {processor.py:927} WARNING - No viable dags retrieved from /opt/airflow/dags/scripts/transform_data.py
[2025-11-11T23:29:54.147+0000] {processor.py:208} INFO - Processing /opt/airflow/dags/scripts/transform_data.py took 0.493 seconds
[2025-11-11T23:30:24.232+0000] {processor.py:186} INFO - Started process (PID=581) to work on /opt/airflow/dags/scripts/transform_data.py
[2025-11-11T23:30:24.232+0000] {processor.py:914} INFO - Processing file /opt/airflow/dags/scripts/transform_data.py for tasks to queue
[2025-11-11T23:30:24.234+0000] {logging_mixin.py:190} INFO - [2025-11-11T23:30:24.234+0000] {dagbag.py:588} INFO - Filling up the DagBag from /opt/airflow/dags/scripts/transform_data.py
[2025-11-11T23:30:24.660+0000] {logging_mixin.py:190} INFO - Files in processed data folder: ['sample1.csv', 'sample2.csv']
[2025-11-11T23:30:24.672+0000] {logging_mixin.py:190} INFO - 
Transformed sample1.csv saved to /opt/airflow/dags/transformed_data/sample1.csv
[2025-11-11T23:30:24.677+0000] {logging_mixin.py:190} INFO -       name   age                email age_group  name_length email_domain
0    Alice  25.0    alice@example.com     Adult            5  example.com
1      Bob  30.0      bob@example.com     Adult            3  example.com
2  Charlie  27.5  charlie@example.com     Adult            7  example.com
[2025-11-11T23:30:24.686+0000] {logging_mixin.py:190} INFO - [2025-11-11T23:30:24.679+0000] {dagbag.py:387} ERROR - Failed to import: /opt/airflow/dags/scripts/transform_data.py
Traceback (most recent call last):
  File "/home/airflow/.local/lib/python3.12/site-packages/airflow/models/dagbag.py", line 383, in parse
    loader.exec_module(new_module)
  File "<frozen importlib._bootstrap_external>", line 995, in exec_module
  File "<frozen importlib._bootstrap>", line 488, in _call_with_frames_removed
  File "/opt/airflow/dags/scripts/transform_data.py", line 17, in <module>
    df = pd.read_csv(file_path)
         ^^^^^^^^^^^^^^^^^^^^^^
  File "/home/airflow/.local/lib/python3.12/site-packages/pandas/io/parsers/readers.py", line 948, in read_csv
    return _read(filepath_or_buffer, kwds)
           ^^^^^^^^^^^^^^^^^^^^^^^^^^^^^^^
  File "/home/airflow/.local/lib/python3.12/site-packages/pandas/io/parsers/readers.py", line 611, in _read
    parser = TextFileReader(filepath_or_buffer, **kwds)
             ^^^^^^^^^^^^^^^^^^^^^^^^^^^^^^^^^^^^^^^^^^
  File "/home/airflow/.local/lib/python3.12/site-packages/pandas/io/parsers/readers.py", line 1448, in __init__
    self._engine = self._make_engine(f, self.engine)
                   ^^^^^^^^^^^^^^^^^^^^^^^^^^^^^^^^^
  File "/home/airflow/.local/lib/python3.12/site-packages/pandas/io/parsers/readers.py", line 1723, in _make_engine
    return mapping[engine](f, **self.options)
           ^^^^^^^^^^^^^^^^^^^^^^^^^^^^^^^^^^
  File "/home/airflow/.local/lib/python3.12/site-packages/pandas/io/parsers/c_parser_wrapper.py", line 93, in __init__
    self._reader = parsers.TextReader(src, **kwds)
                   ^^^^^^^^^^^^^^^^^^^^^^^^^^^^^^^
  File "parsers.pyx", line 586, in pandas._libs.parsers.TextReader.__cinit__
pandas.errors.EmptyDataError: No columns to parse from file
[2025-11-11T23:30:24.687+0000] {processor.py:927} WARNING - No viable dags retrieved from /opt/airflow/dags/scripts/transform_data.py
[2025-11-11T23:30:24.700+0000] {processor.py:208} INFO - Processing /opt/airflow/dags/scripts/transform_data.py took 0.473 seconds
[2025-11-11T23:30:55.106+0000] {processor.py:186} INFO - Started process (PID=604) to work on /opt/airflow/dags/scripts/transform_data.py
[2025-11-11T23:30:55.106+0000] {processor.py:914} INFO - Processing file /opt/airflow/dags/scripts/transform_data.py for tasks to queue
[2025-11-11T23:30:55.108+0000] {logging_mixin.py:190} INFO - [2025-11-11T23:30:55.108+0000] {dagbag.py:588} INFO - Filling up the DagBag from /opt/airflow/dags/scripts/transform_data.py
[2025-11-11T23:30:55.523+0000] {logging_mixin.py:190} INFO - Files in processed data folder: ['sample1.csv', 'sample2.csv']
[2025-11-11T23:30:55.534+0000] {logging_mixin.py:190} INFO - 
Transformed sample1.csv saved to /opt/airflow/dags/transformed_data/sample1.csv
[2025-11-11T23:30:55.540+0000] {logging_mixin.py:190} INFO -       name   age                email age_group  name_length email_domain
0    Alice  25.0    alice@example.com     Adult            5  example.com
1      Bob  30.0      bob@example.com     Adult            3  example.com
2  Charlie  27.5  charlie@example.com     Adult            7  example.com
[2025-11-11T23:30:55.548+0000] {logging_mixin.py:190} INFO - 
Transformed sample2.csv saved to /opt/airflow/dags/transformed_data/sample2.csv
[2025-11-11T23:30:55.553+0000] {logging_mixin.py:190} INFO -     name   age              email   age_group  name_length email_domain
0  Vince  22.0  vince@example.com       Adult            5  example.com
1   John  56.0   john@example.com  Middle Age            4  example.com
2   Will  39.0   will@example.com  Middle Age            4  example.com
[2025-11-11T23:30:55.553+0000] {processor.py:927} WARNING - No viable dags retrieved from /opt/airflow/dags/scripts/transform_data.py
[2025-11-11T23:30:55.566+0000] {processor.py:208} INFO - Processing /opt/airflow/dags/scripts/transform_data.py took 0.465 seconds
[2025-11-11T23:31:25.974+0000] {processor.py:186} INFO - Started process (PID=627) to work on /opt/airflow/dags/scripts/transform_data.py
[2025-11-11T23:31:25.975+0000] {processor.py:914} INFO - Processing file /opt/airflow/dags/scripts/transform_data.py for tasks to queue
[2025-11-11T23:31:25.976+0000] {logging_mixin.py:190} INFO - [2025-11-11T23:31:25.976+0000] {dagbag.py:588} INFO - Filling up the DagBag from /opt/airflow/dags/scripts/transform_data.py
[2025-11-11T23:31:26.383+0000] {logging_mixin.py:190} INFO - Files in processed data folder: ['sample1.csv', 'sample2.csv']
[2025-11-11T23:31:26.394+0000] {logging_mixin.py:190} INFO - 
Transformed sample1.csv saved to /opt/airflow/dags/transformed_data/sample1.csv
[2025-11-11T23:31:26.398+0000] {logging_mixin.py:190} INFO -       name   age                email age_group  name_length email_domain
0    Alice  25.0    alice@example.com     Adult            5  example.com
1      Bob  30.0      bob@example.com     Adult            3  example.com
2  Charlie  27.5  charlie@example.com     Adult            7  example.com
[2025-11-11T23:31:26.407+0000] {logging_mixin.py:190} INFO - 
Transformed sample2.csv saved to /opt/airflow/dags/transformed_data/sample2.csv
[2025-11-11T23:31:26.411+0000] {logging_mixin.py:190} INFO -     name   age              email   age_group  name_length email_domain
0  Vince  22.0  vince@example.com       Adult            5  example.com
1   John  56.0   john@example.com  Middle Age            4  example.com
2   Will  39.0   will@example.com  Middle Age            4  example.com
[2025-11-11T23:31:26.411+0000] {processor.py:927} WARNING - No viable dags retrieved from /opt/airflow/dags/scripts/transform_data.py
[2025-11-11T23:31:26.420+0000] {processor.py:208} INFO - Processing /opt/airflow/dags/scripts/transform_data.py took 0.451 seconds
[2025-11-11T23:31:56.788+0000] {processor.py:186} INFO - Started process (PID=650) to work on /opt/airflow/dags/scripts/transform_data.py
[2025-11-11T23:31:56.788+0000] {processor.py:914} INFO - Processing file /opt/airflow/dags/scripts/transform_data.py for tasks to queue
[2025-11-11T23:31:56.790+0000] {logging_mixin.py:190} INFO - [2025-11-11T23:31:56.790+0000] {dagbag.py:588} INFO - Filling up the DagBag from /opt/airflow/dags/scripts/transform_data.py
[2025-11-11T23:31:57.201+0000] {logging_mixin.py:190} INFO - Files in processed data folder: ['sample1.csv', 'sample2.csv']
[2025-11-11T23:31:57.211+0000] {logging_mixin.py:190} INFO - 
Transformed sample1.csv saved to /opt/airflow/dags/transformed_data/sample1.csv
[2025-11-11T23:31:57.216+0000] {logging_mixin.py:190} INFO -       name   age                email age_group  name_length email_domain
0    Alice  25.0    alice@example.com     Adult            5  example.com
1      Bob  30.0      bob@example.com     Adult            3  example.com
2  Charlie  27.5  charlie@example.com     Adult            7  example.com
[2025-11-11T23:31:57.224+0000] {logging_mixin.py:190} INFO - 
Transformed sample2.csv saved to /opt/airflow/dags/transformed_data/sample2.csv
[2025-11-11T23:31:57.228+0000] {logging_mixin.py:190} INFO -     name   age              email   age_group  name_length email_domain
0  Vince  22.0  vince@example.com       Adult            5  example.com
1   John  56.0   john@example.com  Middle Age            4  example.com
2   Will  39.0   will@example.com  Middle Age            4  example.com
[2025-11-11T23:31:57.228+0000] {processor.py:927} WARNING - No viable dags retrieved from /opt/airflow/dags/scripts/transform_data.py
[2025-11-11T23:31:57.237+0000] {processor.py:208} INFO - Processing /opt/airflow/dags/scripts/transform_data.py took 0.454 seconds
[2025-11-11T23:32:27.778+0000] {processor.py:186} INFO - Started process (PID=673) to work on /opt/airflow/dags/scripts/transform_data.py
[2025-11-11T23:32:27.779+0000] {processor.py:914} INFO - Processing file /opt/airflow/dags/scripts/transform_data.py for tasks to queue
[2025-11-11T23:32:27.781+0000] {logging_mixin.py:190} INFO - [2025-11-11T23:32:27.781+0000] {dagbag.py:588} INFO - Filling up the DagBag from /opt/airflow/dags/scripts/transform_data.py
[2025-11-11T23:32:28.213+0000] {logging_mixin.py:190} INFO - Files in processed data folder: ['sample1.csv', 'sample2.csv']
[2025-11-11T23:32:28.224+0000] {logging_mixin.py:190} INFO - 
Transformed sample1.csv saved to /opt/airflow/dags/transformed_data/sample1.csv
[2025-11-11T23:32:28.229+0000] {logging_mixin.py:190} INFO -       name   age                email age_group  name_length email_domain
0    Alice  25.0    alice@example.com     Adult            5  example.com
1      Bob  30.0      bob@example.com     Adult            3  example.com
2  Charlie  27.5  charlie@example.com     Adult            7  example.com
[2025-11-11T23:32:28.238+0000] {logging_mixin.py:190} INFO - 
Transformed sample2.csv saved to /opt/airflow/dags/transformed_data/sample2.csv
[2025-11-11T23:32:28.242+0000] {logging_mixin.py:190} INFO -     name   age              email   age_group  name_length email_domain
0  Vince  22.0  vince@example.com       Adult            5  example.com
1   John  56.0   john@example.com  Middle Age            4  example.com
2   Will  39.0   will@example.com  Middle Age            4  example.com
[2025-11-11T23:32:28.242+0000] {processor.py:927} WARNING - No viable dags retrieved from /opt/airflow/dags/scripts/transform_data.py
[2025-11-11T23:32:28.252+0000] {processor.py:208} INFO - Processing /opt/airflow/dags/scripts/transform_data.py took 0.479 seconds
[2025-11-11T23:32:58.822+0000] {processor.py:186} INFO - Started process (PID=696) to work on /opt/airflow/dags/scripts/transform_data.py
[2025-11-11T23:32:58.823+0000] {processor.py:914} INFO - Processing file /opt/airflow/dags/scripts/transform_data.py for tasks to queue
[2025-11-11T23:32:58.825+0000] {logging_mixin.py:190} INFO - [2025-11-11T23:32:58.825+0000] {dagbag.py:588} INFO - Filling up the DagBag from /opt/airflow/dags/scripts/transform_data.py
[2025-11-11T23:32:59.227+0000] {logging_mixin.py:190} INFO - Files in processed data folder: ['sample1.csv', 'sample2.csv']
[2025-11-11T23:32:59.237+0000] {logging_mixin.py:190} INFO - 
Transformed sample1.csv saved to /opt/airflow/dags/transformed_data/sample1.csv
[2025-11-11T23:32:59.242+0000] {logging_mixin.py:190} INFO -       name   age                email age_group  name_length email_domain
0    Alice  25.0    alice@example.com     Adult            5  example.com
1      Bob  30.0      bob@example.com     Adult            3  example.com
2  Charlie  27.5  charlie@example.com     Adult            7  example.com
[2025-11-11T23:32:59.249+0000] {logging_mixin.py:190} INFO - 
Transformed sample2.csv saved to /opt/airflow/dags/transformed_data/sample2.csv
[2025-11-11T23:32:59.253+0000] {logging_mixin.py:190} INFO -     name   age              email   age_group  name_length email_domain
0  Vince  22.0  vince@example.com       Adult            5  example.com
1   John  56.0   john@example.com  Middle Age            4  example.com
2   Will  39.0   will@example.com  Middle Age            4  example.com
[2025-11-11T23:32:59.253+0000] {processor.py:927} WARNING - No viable dags retrieved from /opt/airflow/dags/scripts/transform_data.py
[2025-11-11T23:32:59.262+0000] {processor.py:208} INFO - Processing /opt/airflow/dags/scripts/transform_data.py took 0.444 seconds
[2025-11-11T23:33:29.832+0000] {processor.py:186} INFO - Started process (PID=719) to work on /opt/airflow/dags/scripts/transform_data.py
[2025-11-11T23:33:29.833+0000] {processor.py:914} INFO - Processing file /opt/airflow/dags/scripts/transform_data.py for tasks to queue
[2025-11-11T23:33:29.835+0000] {logging_mixin.py:190} INFO - [2025-11-11T23:33:29.835+0000] {dagbag.py:588} INFO - Filling up the DagBag from /opt/airflow/dags/scripts/transform_data.py
[2025-11-11T23:33:30.265+0000] {logging_mixin.py:190} INFO - Files in processed data folder: ['sample1.csv', 'sample2.csv']
[2025-11-11T23:33:30.275+0000] {logging_mixin.py:190} INFO - 
Transformed sample1.csv saved to /opt/airflow/dags/transformed_data/sample1.csv
[2025-11-11T23:33:30.280+0000] {logging_mixin.py:190} INFO -       name   age                email age_group  name_length email_domain
0    Alice  25.0    alice@example.com     Adult            5  example.com
1      Bob  30.0      bob@example.com     Adult            3  example.com
2  Charlie  27.5  charlie@example.com     Adult            7  example.com
[2025-11-11T23:33:30.288+0000] {logging_mixin.py:190} INFO - 
Transformed sample2.csv saved to /opt/airflow/dags/transformed_data/sample2.csv
[2025-11-11T23:33:30.293+0000] {logging_mixin.py:190} INFO -     name   age              email   age_group  name_length email_domain
0  Vince  22.0  vince@example.com       Adult            5  example.com
1   John  56.0   john@example.com  Middle Age            4  example.com
2   Will  39.0   will@example.com  Middle Age            4  example.com
[2025-11-11T23:33:30.294+0000] {processor.py:927} WARNING - No viable dags retrieved from /opt/airflow/dags/scripts/transform_data.py
[2025-11-11T23:33:30.303+0000] {processor.py:208} INFO - Processing /opt/airflow/dags/scripts/transform_data.py took 0.476 seconds
[2025-11-11T23:34:00.890+0000] {processor.py:186} INFO - Started process (PID=742) to work on /opt/airflow/dags/scripts/transform_data.py
[2025-11-11T23:34:00.891+0000] {processor.py:914} INFO - Processing file /opt/airflow/dags/scripts/transform_data.py for tasks to queue
[2025-11-11T23:34:00.893+0000] {logging_mixin.py:190} INFO - [2025-11-11T23:34:00.893+0000] {dagbag.py:588} INFO - Filling up the DagBag from /opt/airflow/dags/scripts/transform_data.py
[2025-11-11T23:34:01.159+0000] {logging_mixin.py:190} INFO - Files in processed data folder: ['sample1.csv', 'sample2.csv']
[2025-11-11T23:34:01.170+0000] {logging_mixin.py:190} INFO - 
Transformed sample1.csv saved to /opt/airflow/dags/transformed_data/sample1.csv
[2025-11-11T23:34:01.174+0000] {logging_mixin.py:190} INFO -       name   age                email age_group  name_length email_domain
0    Alice  25.0    alice@example.com     Adult            5  example.com
1      Bob  30.0      bob@example.com     Adult            3  example.com
2  Charlie  27.5  charlie@example.com     Adult            7  example.com
[2025-11-11T23:34:01.182+0000] {logging_mixin.py:190} INFO - 
Transformed sample2.csv saved to /opt/airflow/dags/transformed_data/sample2.csv
[2025-11-11T23:34:01.188+0000] {logging_mixin.py:190} INFO -     name   age              email   age_group  name_length email_domain
0  Vince  22.0  vince@example.com       Adult            5  example.com
1   John  56.0   john@example.com  Middle Age            4  example.com
2   Will  39.0   will@example.com  Middle Age            4  example.com
[2025-11-11T23:34:01.188+0000] {processor.py:927} WARNING - No viable dags retrieved from /opt/airflow/dags/scripts/transform_data.py
[2025-11-11T23:34:01.201+0000] {processor.py:208} INFO - Processing /opt/airflow/dags/scripts/transform_data.py took 0.317 seconds
[2025-11-11T23:34:31.352+0000] {processor.py:186} INFO - Started process (PID=765) to work on /opt/airflow/dags/scripts/transform_data.py
[2025-11-11T23:34:31.353+0000] {processor.py:914} INFO - Processing file /opt/airflow/dags/scripts/transform_data.py for tasks to queue
[2025-11-11T23:34:31.356+0000] {logging_mixin.py:190} INFO - [2025-11-11T23:34:31.356+0000] {dagbag.py:588} INFO - Filling up the DagBag from /opt/airflow/dags/scripts/transform_data.py
[2025-11-11T23:34:31.613+0000] {logging_mixin.py:190} INFO - Files in processed data folder: ['sample1.csv', 'sample2.csv']
[2025-11-11T23:34:31.624+0000] {logging_mixin.py:190} INFO - 
Transformed sample1.csv saved to /opt/airflow/dags/transformed_data/sample1.csv
[2025-11-11T23:34:31.629+0000] {logging_mixin.py:190} INFO -       name   age                email age_group  name_length email_domain
0    Alice  25.0    alice@example.com     Adult            5  example.com
1      Bob  30.0      bob@example.com     Adult            3  example.com
2  Charlie  27.5  charlie@example.com     Adult            7  example.com
[2025-11-11T23:34:31.636+0000] {logging_mixin.py:190} INFO - 
Transformed sample2.csv saved to /opt/airflow/dags/transformed_data/sample2.csv
[2025-11-11T23:34:31.640+0000] {logging_mixin.py:190} INFO -     name   age              email   age_group  name_length email_domain
0  Vince  22.0  vince@example.com       Adult            5  example.com
1   John  56.0   john@example.com  Middle Age            4  example.com
2   Will  39.0   will@example.com  Middle Age            4  example.com
[2025-11-11T23:34:31.641+0000] {processor.py:927} WARNING - No viable dags retrieved from /opt/airflow/dags/scripts/transform_data.py
[2025-11-11T23:34:31.651+0000] {processor.py:208} INFO - Processing /opt/airflow/dags/scripts/transform_data.py took 0.305 seconds
[2025-11-11T23:35:01.781+0000] {processor.py:186} INFO - Started process (PID=788) to work on /opt/airflow/dags/scripts/transform_data.py
[2025-11-11T23:35:01.782+0000] {processor.py:914} INFO - Processing file /opt/airflow/dags/scripts/transform_data.py for tasks to queue
[2025-11-11T23:35:01.785+0000] {logging_mixin.py:190} INFO - [2025-11-11T23:35:01.785+0000] {dagbag.py:588} INFO - Filling up the DagBag from /opt/airflow/dags/scripts/transform_data.py
[2025-11-11T23:35:02.058+0000] {logging_mixin.py:190} INFO - Files in processed data folder: ['sample1.csv', 'sample2.csv']
[2025-11-11T23:35:02.069+0000] {logging_mixin.py:190} INFO - 
Transformed sample1.csv saved to /opt/airflow/dags/transformed_data/sample1.csv
[2025-11-11T23:35:02.074+0000] {logging_mixin.py:190} INFO -       name   age                email age_group  name_length email_domain
0    Alice  25.0    alice@example.com     Adult            5  example.com
1      Bob  30.0      bob@example.com     Adult            3  example.com
2  Charlie  27.5  charlie@example.com     Adult            7  example.com
[2025-11-11T23:35:02.083+0000] {logging_mixin.py:190} INFO - 
Transformed sample2.csv saved to /opt/airflow/dags/transformed_data/sample2.csv
[2025-11-11T23:35:02.087+0000] {logging_mixin.py:190} INFO -     name   age              email   age_group  name_length email_domain
0  Vince  22.0  vince@example.com       Adult            5  example.com
1   John  56.0   john@example.com  Middle Age            4  example.com
2   Will  39.0   will@example.com  Middle Age            4  example.com
[2025-11-11T23:35:02.088+0000] {processor.py:927} WARNING - No viable dags retrieved from /opt/airflow/dags/scripts/transform_data.py
[2025-11-11T23:35:02.101+0000] {processor.py:208} INFO - Processing /opt/airflow/dags/scripts/transform_data.py took 0.327 seconds
[2025-11-11T23:35:32.512+0000] {processor.py:186} INFO - Started process (PID=814) to work on /opt/airflow/dags/scripts/transform_data.py
[2025-11-11T23:35:32.513+0000] {processor.py:914} INFO - Processing file /opt/airflow/dags/scripts/transform_data.py for tasks to queue
[2025-11-11T23:35:32.514+0000] {logging_mixin.py:190} INFO - [2025-11-11T23:35:32.514+0000] {dagbag.py:588} INFO - Filling up the DagBag from /opt/airflow/dags/scripts/transform_data.py
[2025-11-11T23:35:32.774+0000] {logging_mixin.py:190} INFO - Files in processed data folder: ['sample1.csv', 'sample2.csv']
[2025-11-11T23:35:32.785+0000] {logging_mixin.py:190} INFO - 
Transformed sample1.csv saved to /opt/airflow/dags/transformed_data/sample1.csv
[2025-11-11T23:35:32.790+0000] {logging_mixin.py:190} INFO -       name   age                email age_group  name_length email_domain
0    Alice  25.0    alice@example.com     Adult            5  example.com
1      Bob  30.0      bob@example.com     Adult            3  example.com
2  Charlie  27.5  charlie@example.com     Adult            7  example.com
[2025-11-11T23:35:32.798+0000] {logging_mixin.py:190} INFO - 
Transformed sample2.csv saved to /opt/airflow/dags/transformed_data/sample2.csv
[2025-11-11T23:35:32.802+0000] {logging_mixin.py:190} INFO -     name   age              email   age_group  name_length email_domain
0  Vince  22.0  vince@example.com       Adult            5  example.com
1   John  56.0   john@example.com  Middle Age            4  example.com
2   Will  39.0   will@example.com  Middle Age            4  example.com
[2025-11-11T23:35:32.803+0000] {processor.py:927} WARNING - No viable dags retrieved from /opt/airflow/dags/scripts/transform_data.py
[2025-11-11T23:35:32.814+0000] {processor.py:208} INFO - Processing /opt/airflow/dags/scripts/transform_data.py took 0.307 seconds
[2025-11-11T23:36:02.896+0000] {processor.py:186} INFO - Started process (PID=842) to work on /opt/airflow/dags/scripts/transform_data.py
[2025-11-11T23:36:02.897+0000] {processor.py:914} INFO - Processing file /opt/airflow/dags/scripts/transform_data.py for tasks to queue
[2025-11-11T23:36:02.899+0000] {logging_mixin.py:190} INFO - [2025-11-11T23:36:02.899+0000] {dagbag.py:588} INFO - Filling up the DagBag from /opt/airflow/dags/scripts/transform_data.py
[2025-11-11T23:36:03.147+0000] {logging_mixin.py:190} INFO - Files in processed data folder: ['sample1.csv', 'sample2.csv']
[2025-11-11T23:36:03.158+0000] {logging_mixin.py:190} INFO - 
Transformed sample1.csv saved to /opt/airflow/dags/transformed_data/sample1.csv
[2025-11-11T23:36:03.163+0000] {logging_mixin.py:190} INFO -       name   age                email age_group  name_length email_domain
0    Alice  25.0    alice@example.com     Adult            5  example.com
1      Bob  30.0      bob@example.com     Adult            3  example.com
2  Charlie  27.5  charlie@example.com     Adult            7  example.com
[2025-11-11T23:36:03.171+0000] {logging_mixin.py:190} INFO - 
Transformed sample2.csv saved to /opt/airflow/dags/transformed_data/sample2.csv
[2025-11-11T23:36:03.175+0000] {logging_mixin.py:190} INFO -     name   age              email   age_group  name_length email_domain
0  Vince  22.0  vince@example.com       Adult            5  example.com
1   John  56.0   john@example.com  Middle Age            4  example.com
2   Will  39.0   will@example.com  Middle Age            4  example.com
[2025-11-11T23:36:03.175+0000] {processor.py:927} WARNING - No viable dags retrieved from /opt/airflow/dags/scripts/transform_data.py
[2025-11-11T23:36:03.186+0000] {processor.py:208} INFO - Processing /opt/airflow/dags/scripts/transform_data.py took 0.295 seconds
[2025-11-11T23:36:33.437+0000] {processor.py:186} INFO - Started process (PID=865) to work on /opt/airflow/dags/scripts/transform_data.py
[2025-11-11T23:36:33.438+0000] {processor.py:914} INFO - Processing file /opt/airflow/dags/scripts/transform_data.py for tasks to queue
[2025-11-11T23:36:33.440+0000] {logging_mixin.py:190} INFO - [2025-11-11T23:36:33.440+0000] {dagbag.py:588} INFO - Filling up the DagBag from /opt/airflow/dags/scripts/transform_data.py
[2025-11-11T23:36:33.680+0000] {logging_mixin.py:190} INFO - Files in processed data folder: ['sample1.csv', 'sample2.csv']
[2025-11-11T23:36:33.690+0000] {logging_mixin.py:190} INFO - 
Transformed sample1.csv saved to /opt/airflow/dags/transformed_data/sample1.csv
[2025-11-11T23:36:33.695+0000] {logging_mixin.py:190} INFO -       name   age                email age_group  name_length email_domain
0    Alice  25.0    alice@example.com     Adult            5  example.com
1      Bob  30.0      bob@example.com     Adult            3  example.com
2  Charlie  27.5  charlie@example.com     Adult            7  example.com
[2025-11-11T23:36:33.702+0000] {logging_mixin.py:190} INFO - 
Transformed sample2.csv saved to /opt/airflow/dags/transformed_data/sample2.csv
[2025-11-11T23:36:33.706+0000] {logging_mixin.py:190} INFO -     name   age              email   age_group  name_length email_domain
0  Vince  22.0  vince@example.com       Adult            5  example.com
1   John  56.0   john@example.com  Middle Age            4  example.com
2   Will  39.0   will@example.com  Middle Age            4  example.com
[2025-11-11T23:36:33.706+0000] {processor.py:927} WARNING - No viable dags retrieved from /opt/airflow/dags/scripts/transform_data.py
[2025-11-11T23:36:33.717+0000] {processor.py:208} INFO - Processing /opt/airflow/dags/scripts/transform_data.py took 0.284 seconds
[2025-11-11T23:37:03.801+0000] {processor.py:186} INFO - Started process (PID=886) to work on /opt/airflow/dags/scripts/transform_data.py
[2025-11-11T23:37:03.802+0000] {processor.py:914} INFO - Processing file /opt/airflow/dags/scripts/transform_data.py for tasks to queue
[2025-11-11T23:37:03.805+0000] {logging_mixin.py:190} INFO - [2025-11-11T23:37:03.804+0000] {dagbag.py:588} INFO - Filling up the DagBag from /opt/airflow/dags/scripts/transform_data.py
[2025-11-11T23:37:04.063+0000] {logging_mixin.py:190} INFO - Files in processed data folder: ['sample1.csv', 'sample2.csv']
[2025-11-11T23:37:04.074+0000] {logging_mixin.py:190} INFO - 
Transformed sample1.csv saved to /opt/airflow/dags/transformed_data/sample1.csv
[2025-11-11T23:37:04.079+0000] {logging_mixin.py:190} INFO -       name   age                email age_group  name_length email_domain
0    Alice  25.0    alice@example.com     Adult            5  example.com
1      Bob  30.0      bob@example.com     Adult            3  example.com
2  Charlie  27.5  charlie@example.com     Adult            7  example.com
[2025-11-11T23:37:04.086+0000] {logging_mixin.py:190} INFO - 
Transformed sample2.csv saved to /opt/airflow/dags/transformed_data/sample2.csv
[2025-11-11T23:37:04.090+0000] {logging_mixin.py:190} INFO -     name   age              email   age_group  name_length email_domain
0  Vince  22.0  vince@example.com       Adult            5  example.com
1   John  56.0   john@example.com  Middle Age            4  example.com
2   Will  39.0   will@example.com  Middle Age            4  example.com
[2025-11-11T23:37:04.091+0000] {processor.py:927} WARNING - No viable dags retrieved from /opt/airflow/dags/scripts/transform_data.py
[2025-11-11T23:37:04.101+0000] {processor.py:208} INFO - Processing /opt/airflow/dags/scripts/transform_data.py took 0.304 seconds
[2025-11-11T23:37:34.267+0000] {processor.py:186} INFO - Started process (PID=909) to work on /opt/airflow/dags/scripts/transform_data.py
[2025-11-11T23:37:34.268+0000] {processor.py:914} INFO - Processing file /opt/airflow/dags/scripts/transform_data.py for tasks to queue
[2025-11-11T23:37:34.271+0000] {logging_mixin.py:190} INFO - [2025-11-11T23:37:34.270+0000] {dagbag.py:588} INFO - Filling up the DagBag from /opt/airflow/dags/scripts/transform_data.py
[2025-11-11T23:37:34.527+0000] {logging_mixin.py:190} INFO - Files in processed data folder: ['sample1.csv', 'sample2.csv']
[2025-11-11T23:37:34.538+0000] {logging_mixin.py:190} INFO - 
Transformed sample1.csv saved to /opt/airflow/dags/transformed_data/sample1.csv
[2025-11-11T23:37:34.542+0000] {logging_mixin.py:190} INFO -       name   age                email age_group  name_length email_domain
0    Alice  25.0    alice@example.com     Adult            5  example.com
1      Bob  30.0      bob@example.com     Adult            3  example.com
2  Charlie  27.5  charlie@example.com     Adult            7  example.com
[2025-11-11T23:37:34.550+0000] {logging_mixin.py:190} INFO - 
Transformed sample2.csv saved to /opt/airflow/dags/transformed_data/sample2.csv
[2025-11-11T23:37:34.553+0000] {logging_mixin.py:190} INFO -     name   age              email   age_group  name_length email_domain
0  Vince  22.0  vince@example.com       Adult            5  example.com
1   John  56.0   john@example.com  Middle Age            4  example.com
2   Will  39.0   will@example.com  Middle Age            4  example.com
[2025-11-11T23:37:34.554+0000] {processor.py:927} WARNING - No viable dags retrieved from /opt/airflow/dags/scripts/transform_data.py
[2025-11-11T23:37:34.563+0000] {processor.py:208} INFO - Processing /opt/airflow/dags/scripts/transform_data.py took 0.301 seconds
[2025-11-11T23:38:05.104+0000] {processor.py:186} INFO - Started process (PID=926) to work on /opt/airflow/dags/scripts/transform_data.py
[2025-11-11T23:38:05.105+0000] {processor.py:914} INFO - Processing file /opt/airflow/dags/scripts/transform_data.py for tasks to queue
[2025-11-11T23:38:05.107+0000] {logging_mixin.py:190} INFO - [2025-11-11T23:38:05.107+0000] {dagbag.py:588} INFO - Filling up the DagBag from /opt/airflow/dags/scripts/transform_data.py
[2025-11-11T23:38:05.364+0000] {logging_mixin.py:190} INFO - Files in processed data folder: ['sample1.csv', 'sample2.csv']
[2025-11-11T23:38:05.376+0000] {logging_mixin.py:190} INFO - 
Transformed sample1.csv saved to /opt/airflow/dags/transformed_data/sample1.csv
[2025-11-11T23:38:05.382+0000] {logging_mixin.py:190} INFO -       name   age                email age_group  name_length email_domain
0    Alice  25.0    alice@example.com     Adult            5  example.com
1      Bob  30.0      bob@example.com     Adult            3  example.com
2  Charlie  27.5  charlie@example.com     Adult            7  example.com
[2025-11-11T23:38:05.391+0000] {logging_mixin.py:190} INFO - 
Transformed sample2.csv saved to /opt/airflow/dags/transformed_data/sample2.csv
[2025-11-11T23:38:05.397+0000] {logging_mixin.py:190} INFO -     name   age              email   age_group  name_length email_domain
0  Vince  22.0  vince@example.com       Adult            5  example.com
1   John  56.0   john@example.com  Middle Age            4  example.com
2   Will  39.0   will@example.com  Middle Age            4  example.com
[2025-11-11T23:38:05.397+0000] {processor.py:927} WARNING - No viable dags retrieved from /opt/airflow/dags/scripts/transform_data.py
[2025-11-11T23:38:05.409+0000] {processor.py:208} INFO - Processing /opt/airflow/dags/scripts/transform_data.py took 0.310 seconds
[2025-11-11T23:38:36.425+0000] {processor.py:186} INFO - Started process (PID=949) to work on /opt/airflow/dags/scripts/transform_data.py
[2025-11-11T23:38:36.426+0000] {processor.py:914} INFO - Processing file /opt/airflow/dags/scripts/transform_data.py for tasks to queue
[2025-11-11T23:38:36.429+0000] {logging_mixin.py:190} INFO - [2025-11-11T23:38:36.429+0000] {dagbag.py:588} INFO - Filling up the DagBag from /opt/airflow/dags/scripts/transform_data.py
[2025-11-11T23:38:36.727+0000] {logging_mixin.py:190} INFO - Files in processed data folder: ['sample1.csv', 'sample2.csv']
[2025-11-11T23:38:36.739+0000] {logging_mixin.py:190} INFO - 
Transformed sample1.csv saved to /opt/airflow/dags/transformed_data/sample1.csv
[2025-11-11T23:38:36.746+0000] {logging_mixin.py:190} INFO -       name   age                email age_group  name_length email_domain
0    Alice  25.0    alice@example.com     Adult            5  example.com
1      Bob  30.0      bob@example.com     Adult            3  example.com
2  Charlie  27.5  charlie@example.com     Adult            7  example.com
[2025-11-11T23:38:36.755+0000] {logging_mixin.py:190} INFO - 
Transformed sample2.csv saved to /opt/airflow/dags/transformed_data/sample2.csv
[2025-11-11T23:38:36.759+0000] {logging_mixin.py:190} INFO -     name   age              email   age_group  name_length email_domain
0  Vince  22.0  vince@example.com       Adult            5  example.com
1   John  56.0   john@example.com  Middle Age            4  example.com
2   Will  39.0   will@example.com  Middle Age            4  example.com
[2025-11-11T23:38:36.760+0000] {processor.py:927} WARNING - No viable dags retrieved from /opt/airflow/dags/scripts/transform_data.py
[2025-11-11T23:38:36.771+0000] {processor.py:208} INFO - Processing /opt/airflow/dags/scripts/transform_data.py took 0.354 seconds
[2025-11-11T23:39:07.462+0000] {processor.py:186} INFO - Started process (PID=972) to work on /opt/airflow/dags/scripts/transform_data.py
[2025-11-11T23:39:07.463+0000] {processor.py:914} INFO - Processing file /opt/airflow/dags/scripts/transform_data.py for tasks to queue
[2025-11-11T23:39:07.466+0000] {logging_mixin.py:190} INFO - [2025-11-11T23:39:07.465+0000] {dagbag.py:588} INFO - Filling up the DagBag from /opt/airflow/dags/scripts/transform_data.py
[2025-11-11T23:39:07.760+0000] {logging_mixin.py:190} INFO - Files in processed data folder: ['sample1.csv', 'sample2.csv']
[2025-11-11T23:39:07.772+0000] {logging_mixin.py:190} INFO - 
Transformed sample1.csv saved to /opt/airflow/dags/transformed_data/sample1.csv
[2025-11-11T23:39:07.777+0000] {logging_mixin.py:190} INFO -       name   age                email age_group  name_length email_domain
0    Alice  25.0    alice@example.com     Adult            5  example.com
1      Bob  30.0      bob@example.com     Adult            3  example.com
2  Charlie  27.5  charlie@example.com     Adult            7  example.com
[2025-11-11T23:39:07.786+0000] {logging_mixin.py:190} INFO - 
Transformed sample2.csv saved to /opt/airflow/dags/transformed_data/sample2.csv
[2025-11-11T23:39:07.790+0000] {logging_mixin.py:190} INFO -     name   age              email   age_group  name_length email_domain
0  Vince  22.0  vince@example.com       Adult            5  example.com
1   John  56.0   john@example.com  Middle Age            4  example.com
2   Will  39.0   will@example.com  Middle Age            4  example.com
[2025-11-11T23:39:07.790+0000] {processor.py:927} WARNING - No viable dags retrieved from /opt/airflow/dags/scripts/transform_data.py
[2025-11-11T23:39:07.804+0000] {processor.py:208} INFO - Processing /opt/airflow/dags/scripts/transform_data.py took 0.350 seconds
[2025-11-11T23:39:38.839+0000] {processor.py:186} INFO - Started process (PID=995) to work on /opt/airflow/dags/scripts/transform_data.py
[2025-11-11T23:39:38.840+0000] {processor.py:914} INFO - Processing file /opt/airflow/dags/scripts/transform_data.py for tasks to queue
[2025-11-11T23:39:38.843+0000] {logging_mixin.py:190} INFO - [2025-11-11T23:39:38.842+0000] {dagbag.py:588} INFO - Filling up the DagBag from /opt/airflow/dags/scripts/transform_data.py
[2025-11-11T23:39:39.106+0000] {logging_mixin.py:190} INFO - Files in processed data folder: ['sample1.csv', 'sample2.csv']
[2025-11-11T23:39:39.118+0000] {logging_mixin.py:190} INFO - 
Transformed sample1.csv saved to /opt/airflow/dags/transformed_data/sample1.csv
[2025-11-11T23:39:39.122+0000] {logging_mixin.py:190} INFO -       name   age                email age_group  name_length email_domain
0    Alice  25.0    alice@example.com     Adult            5  example.com
1      Bob  30.0      bob@example.com     Adult            3  example.com
2  Charlie  27.5  charlie@example.com     Adult            7  example.com
[2025-11-11T23:39:39.131+0000] {logging_mixin.py:190} INFO - 
Transformed sample2.csv saved to /opt/airflow/dags/transformed_data/sample2.csv
[2025-11-11T23:39:39.135+0000] {logging_mixin.py:190} INFO -     name   age              email   age_group  name_length email_domain
0  Vince  22.0  vince@example.com       Adult            5  example.com
1   John  56.0   john@example.com  Middle Age            4  example.com
2   Will  39.0   will@example.com  Middle Age            4  example.com
[2025-11-11T23:39:39.135+0000] {processor.py:927} WARNING - No viable dags retrieved from /opt/airflow/dags/scripts/transform_data.py
[2025-11-11T23:39:39.147+0000] {processor.py:208} INFO - Processing /opt/airflow/dags/scripts/transform_data.py took 0.314 seconds
[2025-11-11T23:40:09.950+0000] {processor.py:186} INFO - Started process (PID=1018) to work on /opt/airflow/dags/scripts/transform_data.py
[2025-11-11T23:40:09.951+0000] {processor.py:914} INFO - Processing file /opt/airflow/dags/scripts/transform_data.py for tasks to queue
[2025-11-11T23:40:09.954+0000] {logging_mixin.py:190} INFO - [2025-11-11T23:40:09.953+0000] {dagbag.py:588} INFO - Filling up the DagBag from /opt/airflow/dags/scripts/transform_data.py
[2025-11-11T23:40:10.227+0000] {logging_mixin.py:190} INFO - Files in processed data folder: ['sample1.csv', 'sample2.csv']
[2025-11-11T23:40:10.239+0000] {logging_mixin.py:190} INFO - 
Transformed sample1.csv saved to /opt/airflow/dags/transformed_data/sample1.csv
[2025-11-11T23:40:10.244+0000] {logging_mixin.py:190} INFO -       name   age                email age_group  name_length email_domain
0    Alice  25.0    alice@example.com     Adult            5  example.com
1      Bob  30.0      bob@example.com     Adult            3  example.com
2  Charlie  27.5  charlie@example.com     Adult            7  example.com
[2025-11-11T23:40:10.252+0000] {logging_mixin.py:190} INFO - 
Transformed sample2.csv saved to /opt/airflow/dags/transformed_data/sample2.csv
[2025-11-11T23:40:10.256+0000] {logging_mixin.py:190} INFO -     name   age              email   age_group  name_length email_domain
0  Vince  22.0  vince@example.com       Adult            5  example.com
1   John  56.0   john@example.com  Middle Age            4  example.com
2   Will  39.0   will@example.com  Middle Age            4  example.com
[2025-11-11T23:40:10.257+0000] {processor.py:927} WARNING - No viable dags retrieved from /opt/airflow/dags/scripts/transform_data.py
[2025-11-11T23:40:10.267+0000] {processor.py:208} INFO - Processing /opt/airflow/dags/scripts/transform_data.py took 0.322 seconds
[2025-11-11T23:40:40.550+0000] {processor.py:186} INFO - Started process (PID=1041) to work on /opt/airflow/dags/scripts/transform_data.py
[2025-11-11T23:40:40.552+0000] {processor.py:914} INFO - Processing file /opt/airflow/dags/scripts/transform_data.py for tasks to queue
[2025-11-11T23:40:40.555+0000] {logging_mixin.py:190} INFO - [2025-11-11T23:40:40.555+0000] {dagbag.py:588} INFO - Filling up the DagBag from /opt/airflow/dags/scripts/transform_data.py
[2025-11-11T23:40:41.638+0000] {logging_mixin.py:190} INFO - Files in processed data folder: ['sample1.csv', 'sample2.csv']
[2025-11-11T23:40:41.747+0000] {logging_mixin.py:190} INFO - [2025-11-11T23:40:41.741+0000] {dagbag.py:387} ERROR - Failed to import: /opt/airflow/dags/scripts/transform_data.py
Traceback (most recent call last):
  File "/home/airflow/.local/lib/python3.12/site-packages/airflow/models/dagbag.py", line 383, in parse
    loader.exec_module(new_module)
  File "<frozen importlib._bootstrap_external>", line 995, in exec_module
  File "<frozen importlib._bootstrap>", line 488, in _call_with_frames_removed
  File "/opt/airflow/dags/scripts/transform_data.py", line 17, in <module>
    df = pd.read_csv(file_path)
         ^^^^^^^^^^^^^^^^^^^^^^
  File "/home/airflow/.local/lib/python3.12/site-packages/pandas/io/parsers/readers.py", line 948, in read_csv
    return _read(filepath_or_buffer, kwds)
           ^^^^^^^^^^^^^^^^^^^^^^^^^^^^^^^
  File "/home/airflow/.local/lib/python3.12/site-packages/pandas/io/parsers/readers.py", line 611, in _read
    parser = TextFileReader(filepath_or_buffer, **kwds)
             ^^^^^^^^^^^^^^^^^^^^^^^^^^^^^^^^^^^^^^^^^^
  File "/home/airflow/.local/lib/python3.12/site-packages/pandas/io/parsers/readers.py", line 1448, in __init__
    self._engine = self._make_engine(f, self.engine)
                   ^^^^^^^^^^^^^^^^^^^^^^^^^^^^^^^^^
  File "/home/airflow/.local/lib/python3.12/site-packages/pandas/io/parsers/readers.py", line 1723, in _make_engine
    return mapping[engine](f, **self.options)
           ^^^^^^^^^^^^^^^^^^^^^^^^^^^^^^^^^^
  File "/home/airflow/.local/lib/python3.12/site-packages/pandas/io/parsers/c_parser_wrapper.py", line 93, in __init__
    self._reader = parsers.TextReader(src, **kwds)
                   ^^^^^^^^^^^^^^^^^^^^^^^^^^^^^^^
  File "parsers.pyx", line 586, in pandas._libs.parsers.TextReader.__cinit__
pandas.errors.EmptyDataError: No columns to parse from file
[2025-11-11T23:40:41.747+0000] {processor.py:927} WARNING - No viable dags retrieved from /opt/airflow/dags/scripts/transform_data.py
[2025-11-11T23:40:41.770+0000] {processor.py:208} INFO - Processing /opt/airflow/dags/scripts/transform_data.py took 1.227 seconds
[2025-11-11T23:41:12.396+0000] {processor.py:186} INFO - Started process (PID=1064) to work on /opt/airflow/dags/scripts/transform_data.py
[2025-11-11T23:41:12.398+0000] {processor.py:914} INFO - Processing file /opt/airflow/dags/scripts/transform_data.py for tasks to queue
[2025-11-11T23:41:12.400+0000] {logging_mixin.py:190} INFO - [2025-11-11T23:41:12.400+0000] {dagbag.py:588} INFO - Filling up the DagBag from /opt/airflow/dags/scripts/transform_data.py
[2025-11-11T23:41:12.684+0000] {logging_mixin.py:190} INFO - Files in processed data folder: ['sample1.csv', 'sample2.csv']
[2025-11-11T23:41:12.693+0000] {logging_mixin.py:190} INFO - [2025-11-11T23:41:12.687+0000] {dagbag.py:387} ERROR - Failed to import: /opt/airflow/dags/scripts/transform_data.py
Traceback (most recent call last):
  File "/home/airflow/.local/lib/python3.12/site-packages/airflow/models/dagbag.py", line 383, in parse
    loader.exec_module(new_module)
  File "<frozen importlib._bootstrap_external>", line 995, in exec_module
  File "<frozen importlib._bootstrap>", line 488, in _call_with_frames_removed
  File "/opt/airflow/dags/scripts/transform_data.py", line 17, in <module>
    df = pd.read_csv(file_path)
         ^^^^^^^^^^^^^^^^^^^^^^
  File "/home/airflow/.local/lib/python3.12/site-packages/pandas/io/parsers/readers.py", line 948, in read_csv
    return _read(filepath_or_buffer, kwds)
           ^^^^^^^^^^^^^^^^^^^^^^^^^^^^^^^
  File "/home/airflow/.local/lib/python3.12/site-packages/pandas/io/parsers/readers.py", line 611, in _read
    parser = TextFileReader(filepath_or_buffer, **kwds)
             ^^^^^^^^^^^^^^^^^^^^^^^^^^^^^^^^^^^^^^^^^^
  File "/home/airflow/.local/lib/python3.12/site-packages/pandas/io/parsers/readers.py", line 1448, in __init__
    self._engine = self._make_engine(f, self.engine)
                   ^^^^^^^^^^^^^^^^^^^^^^^^^^^^^^^^^
  File "/home/airflow/.local/lib/python3.12/site-packages/pandas/io/parsers/readers.py", line 1723, in _make_engine
    return mapping[engine](f, **self.options)
           ^^^^^^^^^^^^^^^^^^^^^^^^^^^^^^^^^^
  File "/home/airflow/.local/lib/python3.12/site-packages/pandas/io/parsers/c_parser_wrapper.py", line 93, in __init__
    self._reader = parsers.TextReader(src, **kwds)
                   ^^^^^^^^^^^^^^^^^^^^^^^^^^^^^^^
  File "parsers.pyx", line 586, in pandas._libs.parsers.TextReader.__cinit__
pandas.errors.EmptyDataError: No columns to parse from file
[2025-11-11T23:41:12.693+0000] {processor.py:927} WARNING - No viable dags retrieved from /opt/airflow/dags/scripts/transform_data.py
[2025-11-11T23:41:12.713+0000] {processor.py:208} INFO - Processing /opt/airflow/dags/scripts/transform_data.py took 0.322 seconds
[2025-11-11T23:41:42.837+0000] {processor.py:186} INFO - Started process (PID=1087) to work on /opt/airflow/dags/scripts/transform_data.py
[2025-11-11T23:41:42.838+0000] {processor.py:914} INFO - Processing file /opt/airflow/dags/scripts/transform_data.py for tasks to queue
[2025-11-11T23:41:42.840+0000] {logging_mixin.py:190} INFO - [2025-11-11T23:41:42.840+0000] {dagbag.py:588} INFO - Filling up the DagBag from /opt/airflow/dags/scripts/transform_data.py
[2025-11-11T23:41:43.510+0000] {logging_mixin.py:190} INFO - Files in processed data folder: ['sample1.csv', 'sample2.csv']
[2025-11-11T23:41:43.667+0000] {logging_mixin.py:190} INFO - 
Transformed sample1.csv saved to /opt/airflow/dags/transformed_data/sample1.csv
[2025-11-11T23:41:43.687+0000] {logging_mixin.py:190} INFO -       name   age                email age_group  name_length email_domain
0    Alice  25.0    alice@example.com     Adult            5  example.com
1      Bob  30.0      bob@example.com     Adult            3  example.com
2  Charlie  27.5  charlie@example.com     Adult            7  example.com
[2025-11-11T23:41:43.846+0000] {logging_mixin.py:190} INFO - 
Transformed sample2.csv saved to /opt/airflow/dags/transformed_data/sample2.csv
[2025-11-11T23:41:43.867+0000] {logging_mixin.py:190} INFO -     name   age              email   age_group  name_length email_domain
0  Vince  22.0  vince@example.com       Adult            5  example.com
1   John  56.0   john@example.com  Middle Age            4  example.com
2   Will  39.0   will@example.com  Middle Age            4  example.com
[2025-11-11T23:41:43.874+0000] {processor.py:927} WARNING - No viable dags retrieved from /opt/airflow/dags/scripts/transform_data.py
[2025-11-11T23:41:43.911+0000] {processor.py:208} INFO - Processing /opt/airflow/dags/scripts/transform_data.py took 1.081 seconds
[2025-11-11T23:42:14.481+0000] {processor.py:186} INFO - Started process (PID=1110) to work on /opt/airflow/dags/scripts/transform_data.py
[2025-11-11T23:42:14.482+0000] {processor.py:914} INFO - Processing file /opt/airflow/dags/scripts/transform_data.py for tasks to queue
[2025-11-11T23:42:14.485+0000] {logging_mixin.py:190} INFO - [2025-11-11T23:42:14.485+0000] {dagbag.py:588} INFO - Filling up the DagBag from /opt/airflow/dags/scripts/transform_data.py
[2025-11-11T23:42:14.763+0000] {logging_mixin.py:190} INFO - Files in processed data folder: ['sample1.csv', 'sample2.csv']
[2025-11-11T23:42:14.775+0000] {logging_mixin.py:190} INFO - 
Transformed sample1.csv saved to /opt/airflow/dags/transformed_data/sample1.csv
[2025-11-11T23:42:14.781+0000] {logging_mixin.py:190} INFO -       name   age                email age_group  name_length email_domain
0    Alice  25.0    alice@example.com     Adult            5  example.com
1      Bob  30.0      bob@example.com     Adult            3  example.com
2  Charlie  27.5  charlie@example.com     Adult            7  example.com
[2025-11-11T23:42:14.789+0000] {logging_mixin.py:190} INFO - 
Transformed sample2.csv saved to /opt/airflow/dags/transformed_data/sample2.csv
[2025-11-11T23:42:14.793+0000] {logging_mixin.py:190} INFO -     name   age              email   age_group  name_length email_domain
0  Vince  22.0  vince@example.com       Adult            5  example.com
1   John  56.0   john@example.com  Middle Age            4  example.com
2   Will  39.0   will@example.com  Middle Age            4  example.com
[2025-11-11T23:42:14.794+0000] {processor.py:927} WARNING - No viable dags retrieved from /opt/airflow/dags/scripts/transform_data.py
[2025-11-11T23:42:14.805+0000] {processor.py:208} INFO - Processing /opt/airflow/dags/scripts/transform_data.py took 0.330 seconds
[2025-11-11T23:42:45.246+0000] {processor.py:186} INFO - Started process (PID=1133) to work on /opt/airflow/dags/scripts/transform_data.py
[2025-11-11T23:42:45.246+0000] {processor.py:914} INFO - Processing file /opt/airflow/dags/scripts/transform_data.py for tasks to queue
[2025-11-11T23:42:45.249+0000] {logging_mixin.py:190} INFO - [2025-11-11T23:42:45.248+0000] {dagbag.py:588} INFO - Filling up the DagBag from /opt/airflow/dags/scripts/transform_data.py
[2025-11-11T23:42:45.641+0000] {logging_mixin.py:190} INFO - Files in processed data folder: ['sample1.csv', 'sample2.csv']
[2025-11-11T23:42:45.661+0000] {logging_mixin.py:190} INFO - 
Transformed sample1.csv saved to /opt/airflow/dags/transformed_data/sample1.csv
[2025-11-11T23:42:45.666+0000] {logging_mixin.py:190} INFO -       name   age                email age_group  name_length email_domain
0    Alice  25.0    alice@example.com     Adult            5  example.com
1      Bob  30.0      bob@example.com     Adult            3  example.com
2  Charlie  27.5  charlie@example.com     Adult            7  example.com
[2025-11-11T23:42:45.673+0000] {logging_mixin.py:190} INFO - 
Transformed sample2.csv saved to /opt/airflow/dags/transformed_data/sample2.csv
[2025-11-11T23:42:45.677+0000] {logging_mixin.py:190} INFO -     name   age              email   age_group  name_length email_domain
0  Vince  22.0  vince@example.com       Adult            5  example.com
1   John  56.0   john@example.com  Middle Age            4  example.com
2   Will  39.0   will@example.com  Middle Age            4  example.com
[2025-11-11T23:42:45.677+0000] {processor.py:927} WARNING - No viable dags retrieved from /opt/airflow/dags/scripts/transform_data.py
[2025-11-11T23:42:45.688+0000] {processor.py:208} INFO - Processing /opt/airflow/dags/scripts/transform_data.py took 0.448 seconds
[2025-11-11T23:43:16.091+0000] {processor.py:186} INFO - Started process (PID=1156) to work on /opt/airflow/dags/scripts/transform_data.py
[2025-11-11T23:43:16.092+0000] {processor.py:914} INFO - Processing file /opt/airflow/dags/scripts/transform_data.py for tasks to queue
[2025-11-11T23:43:16.094+0000] {logging_mixin.py:190} INFO - [2025-11-11T23:43:16.094+0000] {dagbag.py:588} INFO - Filling up the DagBag from /opt/airflow/dags/scripts/transform_data.py
[2025-11-11T23:43:16.362+0000] {logging_mixin.py:190} INFO - Files in processed data folder: ['sample1.csv', 'sample2.csv']
[2025-11-11T23:43:16.373+0000] {logging_mixin.py:190} INFO - 
Transformed sample1.csv saved to /opt/airflow/dags/transformed_data/sample1.csv
[2025-11-11T23:43:16.378+0000] {logging_mixin.py:190} INFO -       name   age                email age_group  name_length email_domain
0    Alice  25.0    alice@example.com     Adult            5  example.com
1      Bob  30.0      bob@example.com     Adult            3  example.com
2  Charlie  27.5  charlie@example.com     Adult            7  example.com
[2025-11-11T23:43:16.386+0000] {logging_mixin.py:190} INFO - 
Transformed sample2.csv saved to /opt/airflow/dags/transformed_data/sample2.csv
[2025-11-11T23:43:16.390+0000] {logging_mixin.py:190} INFO -     name   age              email   age_group  name_length email_domain
0  Vince  22.0  vince@example.com       Adult            5  example.com
1   John  56.0   john@example.com  Middle Age            4  example.com
2   Will  39.0   will@example.com  Middle Age            4  example.com
[2025-11-11T23:43:16.391+0000] {processor.py:927} WARNING - No viable dags retrieved from /opt/airflow/dags/scripts/transform_data.py
[2025-11-11T23:43:16.401+0000] {processor.py:208} INFO - Processing /opt/airflow/dags/scripts/transform_data.py took 0.315 seconds
[2025-11-11T23:43:46.799+0000] {processor.py:186} INFO - Started process (PID=1179) to work on /opt/airflow/dags/scripts/transform_data.py
[2025-11-11T23:43:46.799+0000] {processor.py:914} INFO - Processing file /opt/airflow/dags/scripts/transform_data.py for tasks to queue
[2025-11-11T23:43:46.802+0000] {logging_mixin.py:190} INFO - [2025-11-11T23:43:46.802+0000] {dagbag.py:588} INFO - Filling up the DagBag from /opt/airflow/dags/scripts/transform_data.py
[2025-11-11T23:43:47.055+0000] {logging_mixin.py:190} INFO - Files in processed data folder: ['sample1.csv', 'sample2.csv']
[2025-11-11T23:43:47.066+0000] {logging_mixin.py:190} INFO - 
Transformed sample1.csv saved to /opt/airflow/dags/transformed_data/sample1.csv
[2025-11-11T23:43:47.071+0000] {logging_mixin.py:190} INFO -       name   age                email age_group  name_length email_domain
0    Alice  25.0    alice@example.com     Adult            5  example.com
1      Bob  30.0      bob@example.com     Adult            3  example.com
2  Charlie  27.5  charlie@example.com     Adult            7  example.com
[2025-11-11T23:43:47.078+0000] {logging_mixin.py:190} INFO - 
Transformed sample2.csv saved to /opt/airflow/dags/transformed_data/sample2.csv
[2025-11-11T23:43:47.082+0000] {logging_mixin.py:190} INFO -     name   age              email   age_group  name_length email_domain
0  Vince  22.0  vince@example.com       Adult            5  example.com
1   John  56.0   john@example.com  Middle Age            4  example.com
2   Will  39.0   will@example.com  Middle Age            4  example.com
[2025-11-11T23:43:47.083+0000] {processor.py:927} WARNING - No viable dags retrieved from /opt/airflow/dags/scripts/transform_data.py
[2025-11-11T23:43:47.093+0000] {processor.py:208} INFO - Processing /opt/airflow/dags/scripts/transform_data.py took 0.299 seconds
[2025-11-11T23:44:17.500+0000] {processor.py:186} INFO - Started process (PID=1202) to work on /opt/airflow/dags/scripts/transform_data.py
[2025-11-11T23:44:17.501+0000] {processor.py:914} INFO - Processing file /opt/airflow/dags/scripts/transform_data.py for tasks to queue
[2025-11-11T23:44:17.503+0000] {logging_mixin.py:190} INFO - [2025-11-11T23:44:17.502+0000] {dagbag.py:588} INFO - Filling up the DagBag from /opt/airflow/dags/scripts/transform_data.py
[2025-11-11T23:44:17.758+0000] {logging_mixin.py:190} INFO - Files in processed data folder: ['sample1.csv', 'sample2.csv']
[2025-11-11T23:44:17.768+0000] {logging_mixin.py:190} INFO - 
Transformed sample1.csv saved to /opt/airflow/dags/transformed_data/sample1.csv
[2025-11-11T23:44:17.773+0000] {logging_mixin.py:190} INFO -       name   age                email age_group  name_length email_domain
0    Alice  25.0    alice@example.com     Adult            5  example.com
1      Bob  30.0      bob@example.com     Adult            3  example.com
2  Charlie  27.5  charlie@example.com     Adult            7  example.com
[2025-11-11T23:44:17.781+0000] {logging_mixin.py:190} INFO - 
Transformed sample2.csv saved to /opt/airflow/dags/transformed_data/sample2.csv
[2025-11-11T23:44:17.785+0000] {logging_mixin.py:190} INFO -     name   age              email   age_group  name_length email_domain
0  Vince  22.0  vince@example.com       Adult            5  example.com
1   John  56.0   john@example.com  Middle Age            4  example.com
2   Will  39.0   will@example.com  Middle Age            4  example.com
[2025-11-11T23:44:17.786+0000] {processor.py:927} WARNING - No viable dags retrieved from /opt/airflow/dags/scripts/transform_data.py
[2025-11-11T23:44:17.796+0000] {processor.py:208} INFO - Processing /opt/airflow/dags/scripts/transform_data.py took 0.301 seconds
[2025-11-11T23:44:48.197+0000] {processor.py:186} INFO - Started process (PID=1225) to work on /opt/airflow/dags/scripts/transform_data.py
[2025-11-11T23:44:48.199+0000] {processor.py:914} INFO - Processing file /opt/airflow/dags/scripts/transform_data.py for tasks to queue
[2025-11-11T23:44:48.201+0000] {logging_mixin.py:190} INFO - [2025-11-11T23:44:48.201+0000] {dagbag.py:588} INFO - Filling up the DagBag from /opt/airflow/dags/scripts/transform_data.py
[2025-11-11T23:44:48.462+0000] {logging_mixin.py:190} INFO - Files in processed data folder: ['sample1.csv', 'sample2.csv']
[2025-11-11T23:44:48.473+0000] {logging_mixin.py:190} INFO - 
Transformed sample1.csv saved to /opt/airflow/dags/transformed_data/sample1.csv
[2025-11-11T23:44:48.477+0000] {logging_mixin.py:190} INFO -       name   age                email age_group  name_length email_domain
0    Alice  25.0    alice@example.com     Adult            5  example.com
1      Bob  30.0      bob@example.com     Adult            3  example.com
2  Charlie  27.5  charlie@example.com     Adult            7  example.com
[2025-11-11T23:44:48.484+0000] {logging_mixin.py:190} INFO - 
Transformed sample2.csv saved to /opt/airflow/dags/transformed_data/sample2.csv
[2025-11-11T23:44:48.489+0000] {logging_mixin.py:190} INFO -     name   age              email   age_group  name_length email_domain
0  Vince  22.0  vince@example.com       Adult            5  example.com
1   John  56.0   john@example.com  Middle Age            4  example.com
2   Will  39.0   will@example.com  Middle Age            4  example.com
[2025-11-11T23:44:48.489+0000] {processor.py:927} WARNING - No viable dags retrieved from /opt/airflow/dags/scripts/transform_data.py
[2025-11-11T23:44:48.500+0000] {processor.py:208} INFO - Processing /opt/airflow/dags/scripts/transform_data.py took 0.309 seconds
[2025-11-11T23:45:18.901+0000] {processor.py:186} INFO - Started process (PID=1248) to work on /opt/airflow/dags/scripts/transform_data.py
[2025-11-11T23:45:18.901+0000] {processor.py:914} INFO - Processing file /opt/airflow/dags/scripts/transform_data.py for tasks to queue
[2025-11-11T23:45:18.904+0000] {logging_mixin.py:190} INFO - [2025-11-11T23:45:18.903+0000] {dagbag.py:588} INFO - Filling up the DagBag from /opt/airflow/dags/scripts/transform_data.py
[2025-11-11T23:45:19.152+0000] {logging_mixin.py:190} INFO - Files in processed data folder: ['sample1.csv', 'sample2.csv']
[2025-11-11T23:45:19.163+0000] {logging_mixin.py:190} INFO - 
Transformed sample1.csv saved to /opt/airflow/dags/transformed_data/sample1.csv
[2025-11-11T23:45:19.168+0000] {logging_mixin.py:190} INFO -       name   age                email age_group  name_length email_domain
0    Alice  25.0    alice@example.com     Adult            5  example.com
1      Bob  30.0      bob@example.com     Adult            3  example.com
2  Charlie  27.5  charlie@example.com     Adult            7  example.com
[2025-11-11T23:45:19.175+0000] {logging_mixin.py:190} INFO - 
Transformed sample2.csv saved to /opt/airflow/dags/transformed_data/sample2.csv
[2025-11-11T23:45:19.179+0000] {logging_mixin.py:190} INFO -     name   age              email   age_group  name_length email_domain
0  Vince  22.0  vince@example.com       Adult            5  example.com
1   John  56.0   john@example.com  Middle Age            4  example.com
2   Will  39.0   will@example.com  Middle Age            4  example.com
[2025-11-11T23:45:19.179+0000] {processor.py:927} WARNING - No viable dags retrieved from /opt/airflow/dags/scripts/transform_data.py
[2025-11-11T23:45:19.191+0000] {processor.py:208} INFO - Processing /opt/airflow/dags/scripts/transform_data.py took 0.295 seconds
[2025-11-11T23:45:49.609+0000] {processor.py:186} INFO - Started process (PID=1271) to work on /opt/airflow/dags/scripts/transform_data.py
[2025-11-11T23:45:49.609+0000] {processor.py:914} INFO - Processing file /opt/airflow/dags/scripts/transform_data.py for tasks to queue
[2025-11-11T23:45:49.612+0000] {logging_mixin.py:190} INFO - [2025-11-11T23:45:49.612+0000] {dagbag.py:588} INFO - Filling up the DagBag from /opt/airflow/dags/scripts/transform_data.py
[2025-11-11T23:45:49.882+0000] {logging_mixin.py:190} INFO - Files in processed data folder: ['sample1.csv', 'sample2.csv']
[2025-11-11T23:45:49.894+0000] {logging_mixin.py:190} INFO - 
Transformed sample1.csv saved to /opt/airflow/dags/transformed_data/sample1.csv
[2025-11-11T23:45:49.900+0000] {logging_mixin.py:190} INFO -       name   age                email age_group  name_length email_domain
0    Alice  25.0    alice@example.com     Adult            5  example.com
1      Bob  30.0      bob@example.com     Adult            3  example.com
2  Charlie  27.5  charlie@example.com     Adult            7  example.com
[2025-11-11T23:45:49.909+0000] {logging_mixin.py:190} INFO - 
Transformed sample2.csv saved to /opt/airflow/dags/transformed_data/sample2.csv
[2025-11-11T23:45:49.913+0000] {logging_mixin.py:190} INFO -     name   age              email   age_group  name_length email_domain
0  Vince  22.0  vince@example.com       Adult            5  example.com
1   John  56.0   john@example.com  Middle Age            4  example.com
2   Will  39.0   will@example.com  Middle Age            4  example.com
[2025-11-11T23:45:49.913+0000] {processor.py:927} WARNING - No viable dags retrieved from /opt/airflow/dags/scripts/transform_data.py
[2025-11-11T23:45:49.927+0000] {processor.py:208} INFO - Processing /opt/airflow/dags/scripts/transform_data.py took 0.324 seconds
