[2026-03-09T21:50:32.002+0000] {processor.py:186} INFO - Started process (PID=217) to work on /opt/airflow/dags/scripts/load_to_mongodb.py
[2026-03-09T21:50:32.003+0000] {processor.py:914} INFO - Processing file /opt/airflow/dags/scripts/load_to_mongodb.py for tasks to queue
[2026-03-09T21:50:32.005+0000] {logging_mixin.py:190} INFO - [2026-03-09T21:50:32.005+0000] {dagbag.py:588} INFO - Filling up the DagBag from /opt/airflow/dags/scripts/load_to_mongodb.py
[2026-03-09T21:50:32.512+0000] {processor.py:925} INFO - DAG(s) 'load_to_mongodb' retrieved from /opt/airflow/dags/scripts/load_to_mongodb.py
[2026-03-09T21:50:32.530+0000] {logging_mixin.py:190} INFO - [2026-03-09T21:50:32.530+0000] {dag.py:3239} INFO - Sync 1 DAGs
[2026-03-09T21:50:32.541+0000] {logging_mixin.py:190} INFO - [2026-03-09T21:50:32.540+0000] {dag.py:4180} INFO - Setting next_dagrun for load_to_mongodb to None, run_after=None
[2026-03-09T21:50:32.556+0000] {processor.py:208} INFO - Processing /opt/airflow/dags/scripts/load_to_mongodb.py took 0.560 seconds
[2026-03-09T21:51:02.844+0000] {processor.py:186} INFO - Started process (PID=240) to work on /opt/airflow/dags/scripts/load_to_mongodb.py
[2026-03-09T21:51:02.844+0000] {processor.py:914} INFO - Processing file /opt/airflow/dags/scripts/load_to_mongodb.py for tasks to queue
[2026-03-09T21:51:02.847+0000] {logging_mixin.py:190} INFO - [2026-03-09T21:51:02.846+0000] {dagbag.py:588} INFO - Filling up the DagBag from /opt/airflow/dags/scripts/load_to_mongodb.py
[2026-03-09T21:51:03.283+0000] {processor.py:925} INFO - DAG(s) 'load_to_mongodb' retrieved from /opt/airflow/dags/scripts/load_to_mongodb.py
[2026-03-09T21:51:03.301+0000] {logging_mixin.py:190} INFO - [2026-03-09T21:51:03.301+0000] {dag.py:3239} INFO - Sync 1 DAGs
[2026-03-09T21:51:03.311+0000] {logging_mixin.py:190} INFO - [2026-03-09T21:51:03.311+0000] {dag.py:4180} INFO - Setting next_dagrun for load_to_mongodb to None, run_after=None
[2026-03-09T21:51:03.326+0000] {processor.py:208} INFO - Processing /opt/airflow/dags/scripts/load_to_mongodb.py took 0.487 seconds
[2026-03-09T21:51:33.731+0000] {processor.py:186} INFO - Started process (PID=263) to work on /opt/airflow/dags/scripts/load_to_mongodb.py
[2026-03-09T21:51:33.732+0000] {processor.py:914} INFO - Processing file /opt/airflow/dags/scripts/load_to_mongodb.py for tasks to queue
[2026-03-09T21:51:33.734+0000] {logging_mixin.py:190} INFO - [2026-03-09T21:51:33.734+0000] {dagbag.py:588} INFO - Filling up the DagBag from /opt/airflow/dags/scripts/load_to_mongodb.py
[2026-03-09T21:51:34.137+0000] {processor.py:925} INFO - DAG(s) 'load_to_mongodb' retrieved from /opt/airflow/dags/scripts/load_to_mongodb.py
[2026-03-09T21:51:34.154+0000] {logging_mixin.py:190} INFO - [2026-03-09T21:51:34.153+0000] {dag.py:3239} INFO - Sync 1 DAGs
[2026-03-09T21:51:34.163+0000] {logging_mixin.py:190} INFO - [2026-03-09T21:51:34.163+0000] {dag.py:4180} INFO - Setting next_dagrun for load_to_mongodb to None, run_after=None
[2026-03-09T21:51:34.176+0000] {processor.py:208} INFO - Processing /opt/airflow/dags/scripts/load_to_mongodb.py took 0.449 seconds
[2026-03-09T21:52:04.579+0000] {processor.py:186} INFO - Started process (PID=286) to work on /opt/airflow/dags/scripts/load_to_mongodb.py
[2026-03-09T21:52:04.580+0000] {processor.py:914} INFO - Processing file /opt/airflow/dags/scripts/load_to_mongodb.py for tasks to queue
[2026-03-09T21:52:04.582+0000] {logging_mixin.py:190} INFO - [2026-03-09T21:52:04.582+0000] {dagbag.py:588} INFO - Filling up the DagBag from /opt/airflow/dags/scripts/load_to_mongodb.py
[2026-03-09T21:52:05.023+0000] {processor.py:925} INFO - DAG(s) 'load_to_mongodb' retrieved from /opt/airflow/dags/scripts/load_to_mongodb.py
[2026-03-09T21:52:05.041+0000] {logging_mixin.py:190} INFO - [2026-03-09T21:52:05.041+0000] {dag.py:3239} INFO - Sync 1 DAGs
[2026-03-09T21:52:05.051+0000] {logging_mixin.py:190} INFO - [2026-03-09T21:52:05.051+0000] {dag.py:4180} INFO - Setting next_dagrun for load_to_mongodb to None, run_after=None
[2026-03-09T21:52:05.066+0000] {processor.py:208} INFO - Processing /opt/airflow/dags/scripts/load_to_mongodb.py took 0.492 seconds
[2026-03-09T21:52:35.486+0000] {processor.py:186} INFO - Started process (PID=309) to work on /opt/airflow/dags/scripts/load_to_mongodb.py
[2026-03-09T21:52:35.487+0000] {processor.py:914} INFO - Processing file /opt/airflow/dags/scripts/load_to_mongodb.py for tasks to queue
[2026-03-09T21:52:35.490+0000] {logging_mixin.py:190} INFO - [2026-03-09T21:52:35.489+0000] {dagbag.py:588} INFO - Filling up the DagBag from /opt/airflow/dags/scripts/load_to_mongodb.py
[2026-03-09T21:52:35.933+0000] {processor.py:925} INFO - DAG(s) 'load_to_mongodb' retrieved from /opt/airflow/dags/scripts/load_to_mongodb.py
[2026-03-09T21:52:35.953+0000] {logging_mixin.py:190} INFO - [2026-03-09T21:52:35.953+0000] {dag.py:3239} INFO - Sync 1 DAGs
[2026-03-09T21:52:35.966+0000] {logging_mixin.py:190} INFO - [2026-03-09T21:52:35.966+0000] {dag.py:4180} INFO - Setting next_dagrun for load_to_mongodb to None, run_after=None
[2026-03-09T21:52:35.982+0000] {processor.py:208} INFO - Processing /opt/airflow/dags/scripts/load_to_mongodb.py took 0.501 seconds
[2026-03-09T21:53:06.212+0000] {processor.py:186} INFO - Started process (PID=330) to work on /opt/airflow/dags/scripts/load_to_mongodb.py
[2026-03-09T21:53:06.213+0000] {processor.py:914} INFO - Processing file /opt/airflow/dags/scripts/load_to_mongodb.py for tasks to queue
[2026-03-09T21:53:06.215+0000] {logging_mixin.py:190} INFO - [2026-03-09T21:53:06.215+0000] {dagbag.py:588} INFO - Filling up the DagBag from /opt/airflow/dags/scripts/load_to_mongodb.py
[2026-03-09T21:53:06.620+0000] {processor.py:925} INFO - DAG(s) 'load_to_mongodb' retrieved from /opt/airflow/dags/scripts/load_to_mongodb.py
[2026-03-09T21:53:06.635+0000] {logging_mixin.py:190} INFO - [2026-03-09T21:53:06.635+0000] {dag.py:3239} INFO - Sync 1 DAGs
[2026-03-09T21:53:06.645+0000] {logging_mixin.py:190} INFO - [2026-03-09T21:53:06.645+0000] {dag.py:4180} INFO - Setting next_dagrun for load_to_mongodb to None, run_after=None
[2026-03-09T21:53:06.657+0000] {processor.py:208} INFO - Processing /opt/airflow/dags/scripts/load_to_mongodb.py took 0.450 seconds
[2026-03-09T21:53:37.113+0000] {processor.py:186} INFO - Started process (PID=353) to work on /opt/airflow/dags/scripts/load_to_mongodb.py
[2026-03-09T21:53:37.114+0000] {processor.py:914} INFO - Processing file /opt/airflow/dags/scripts/load_to_mongodb.py for tasks to queue
[2026-03-09T21:53:37.118+0000] {logging_mixin.py:190} INFO - [2026-03-09T21:53:37.117+0000] {dagbag.py:588} INFO - Filling up the DagBag from /opt/airflow/dags/scripts/load_to_mongodb.py
[2026-03-09T21:53:37.626+0000] {processor.py:925} INFO - DAG(s) 'load_to_mongodb' retrieved from /opt/airflow/dags/scripts/load_to_mongodb.py
[2026-03-09T21:53:37.646+0000] {logging_mixin.py:190} INFO - [2026-03-09T21:53:37.646+0000] {dag.py:3239} INFO - Sync 1 DAGs
[2026-03-09T21:53:37.657+0000] {logging_mixin.py:190} INFO - [2026-03-09T21:53:37.656+0000] {dag.py:4180} INFO - Setting next_dagrun for load_to_mongodb to None, run_after=None
[2026-03-09T21:53:37.676+0000] {processor.py:208} INFO - Processing /opt/airflow/dags/scripts/load_to_mongodb.py took 0.570 seconds
[2026-03-09T21:54:07.967+0000] {processor.py:186} INFO - Started process (PID=376) to work on /opt/airflow/dags/scripts/load_to_mongodb.py
[2026-03-09T21:54:07.968+0000] {processor.py:914} INFO - Processing file /opt/airflow/dags/scripts/load_to_mongodb.py for tasks to queue
[2026-03-09T21:54:07.970+0000] {logging_mixin.py:190} INFO - [2026-03-09T21:54:07.970+0000] {dagbag.py:588} INFO - Filling up the DagBag from /opt/airflow/dags/scripts/load_to_mongodb.py
[2026-03-09T21:54:08.382+0000] {processor.py:925} INFO - DAG(s) 'load_to_mongodb' retrieved from /opt/airflow/dags/scripts/load_to_mongodb.py
[2026-03-09T21:54:08.397+0000] {logging_mixin.py:190} INFO - [2026-03-09T21:54:08.397+0000] {dag.py:3239} INFO - Sync 1 DAGs
[2026-03-09T21:54:08.406+0000] {logging_mixin.py:190} INFO - [2026-03-09T21:54:08.406+0000] {dag.py:4180} INFO - Setting next_dagrun for load_to_mongodb to None, run_after=None
[2026-03-09T21:54:08.425+0000] {processor.py:208} INFO - Processing /opt/airflow/dags/scripts/load_to_mongodb.py took 0.463 seconds
[2026-03-09T21:54:38.923+0000] {processor.py:186} INFO - Started process (PID=401) to work on /opt/airflow/dags/scripts/load_to_mongodb.py
[2026-03-09T21:54:38.924+0000] {processor.py:914} INFO - Processing file /opt/airflow/dags/scripts/load_to_mongodb.py for tasks to queue
[2026-03-09T21:54:38.926+0000] {logging_mixin.py:190} INFO - [2026-03-09T21:54:38.926+0000] {dagbag.py:588} INFO - Filling up the DagBag from /opt/airflow/dags/scripts/load_to_mongodb.py
[2026-03-09T21:54:39.406+0000] {processor.py:925} INFO - DAG(s) 'load_to_mongodb' retrieved from /opt/airflow/dags/scripts/load_to_mongodb.py
[2026-03-09T21:54:39.425+0000] {logging_mixin.py:190} INFO - [2026-03-09T21:54:39.425+0000] {dag.py:3239} INFO - Sync 1 DAGs
[2026-03-09T21:54:39.436+0000] {logging_mixin.py:190} INFO - [2026-03-09T21:54:39.435+0000] {dag.py:4180} INFO - Setting next_dagrun for load_to_mongodb to None, run_after=None
[2026-03-09T21:54:39.452+0000] {processor.py:208} INFO - Processing /opt/airflow/dags/scripts/load_to_mongodb.py took 0.535 seconds
