[2026-03-09T21:50:31.059+0000] {processor.py:186} INFO - Started process (PID=203) to work on /opt/airflow/dags/scripts/transform_data.py
[2026-03-09T21:50:31.060+0000] {processor.py:914} INFO - Processing file /opt/airflow/dags/scripts/transform_data.py for tasks to queue
[2026-03-09T21:50:31.061+0000] {logging_mixin.py:190} INFO - [2026-03-09T21:50:31.061+0000] {dagbag.py:588} INFO - Filling up the DagBag from /opt/airflow/dags/scripts/transform_data.py
[2026-03-09T21:50:31.741+0000] {logging_mixin.py:190} INFO - Files in processed data folder: ['sample1.csv', 'sample2.csv']
[2026-03-09T21:50:31.757+0000] {logging_mixin.py:190} INFO - 
Transformed sample1.csv saved to /opt/airflow/dags/transformed_data/sample1.csv
[2026-03-09T21:50:31.761+0000] {logging_mixin.py:190} INFO -       name   age                email age_group  name_length email_domain
0    Alice  25.0    alice@example.com     Adult            5  example.com
1      Bob  30.0      bob@example.com     Adult            3  example.com
2  Charlie  27.5  charlie@example.com     Adult            7  example.com
[2026-03-09T21:50:31.770+0000] {logging_mixin.py:190} INFO - 
Transformed sample2.csv saved to /opt/airflow/dags/transformed_data/sample2.csv
[2026-03-09T21:50:31.774+0000] {logging_mixin.py:190} INFO -     name   age              email   age_group  name_length email_domain
0  Vince  22.0  vince@example.com       Adult            5  example.com
1   John  56.0   john@example.com  Middle Age            4  example.com
2   Will  39.0   will@example.com  Middle Age            4  example.com
[2026-03-09T21:50:31.774+0000] {processor.py:927} WARNING - No viable dags retrieved from /opt/airflow/dags/scripts/transform_data.py
[2026-03-09T21:50:31.783+0000] {processor.py:208} INFO - Processing /opt/airflow/dags/scripts/transform_data.py took 0.730 seconds
[2026-03-09T21:51:02.195+0000] {processor.py:186} INFO - Started process (PID=226) to work on /opt/airflow/dags/scripts/transform_data.py
[2026-03-09T21:51:02.195+0000] {processor.py:914} INFO - Processing file /opt/airflow/dags/scripts/transform_data.py for tasks to queue
[2026-03-09T21:51:02.198+0000] {logging_mixin.py:190} INFO - [2026-03-09T21:51:02.197+0000] {dagbag.py:588} INFO - Filling up the DagBag from /opt/airflow/dags/scripts/transform_data.py
[2026-03-09T21:51:02.634+0000] {logging_mixin.py:190} INFO - Files in processed data folder: ['sample1.csv', 'sample2.csv']
[2026-03-09T21:51:02.645+0000] {logging_mixin.py:190} INFO - 
Transformed sample1.csv saved to /opt/airflow/dags/transformed_data/sample1.csv
[2026-03-09T21:51:02.650+0000] {logging_mixin.py:190} INFO -       name   age                email age_group  name_length email_domain
0    Alice  25.0    alice@example.com     Adult            5  example.com
1      Bob  30.0      bob@example.com     Adult            3  example.com
2  Charlie  27.5  charlie@example.com     Adult            7  example.com
[2026-03-09T21:51:02.657+0000] {logging_mixin.py:190} INFO - 
Transformed sample2.csv saved to /opt/airflow/dags/transformed_data/sample2.csv
[2026-03-09T21:51:02.661+0000] {logging_mixin.py:190} INFO -     name   age              email   age_group  name_length email_domain
0  Vince  22.0  vince@example.com       Adult            5  example.com
1   John  56.0   john@example.com  Middle Age            4  example.com
2   Will  39.0   will@example.com  Middle Age            4  example.com
[2026-03-09T21:51:02.661+0000] {processor.py:927} WARNING - No viable dags retrieved from /opt/airflow/dags/scripts/transform_data.py
[2026-03-09T21:51:02.672+0000] {processor.py:208} INFO - Processing /opt/airflow/dags/scripts/transform_data.py took 0.483 seconds
[2026-03-09T21:51:33.065+0000] {processor.py:186} INFO - Started process (PID=249) to work on /opt/airflow/dags/scripts/transform_data.py
[2026-03-09T21:51:33.066+0000] {processor.py:914} INFO - Processing file /opt/airflow/dags/scripts/transform_data.py for tasks to queue
[2026-03-09T21:51:33.068+0000] {logging_mixin.py:190} INFO - [2026-03-09T21:51:33.068+0000] {dagbag.py:588} INFO - Filling up the DagBag from /opt/airflow/dags/scripts/transform_data.py
[2026-03-09T21:51:33.511+0000] {logging_mixin.py:190} INFO - Files in processed data folder: ['sample1.csv', 'sample2.csv']
[2026-03-09T21:51:33.523+0000] {logging_mixin.py:190} INFO - 
Transformed sample1.csv saved to /opt/airflow/dags/transformed_data/sample1.csv
[2026-03-09T21:51:33.528+0000] {logging_mixin.py:190} INFO -       name   age                email age_group  name_length email_domain
0    Alice  25.0    alice@example.com     Adult            5  example.com
1      Bob  30.0      bob@example.com     Adult            3  example.com
2  Charlie  27.5  charlie@example.com     Adult            7  example.com
[2026-03-09T21:51:33.537+0000] {logging_mixin.py:190} INFO - 
Transformed sample2.csv saved to /opt/airflow/dags/transformed_data/sample2.csv
[2026-03-09T21:51:33.541+0000] {logging_mixin.py:190} INFO -     name   age              email   age_group  name_length email_domain
0  Vince  22.0  vince@example.com       Adult            5  example.com
1   John  56.0   john@example.com  Middle Age            4  example.com
2   Will  39.0   will@example.com  Middle Age            4  example.com
[2026-03-09T21:51:33.541+0000] {processor.py:927} WARNING - No viable dags retrieved from /opt/airflow/dags/scripts/transform_data.py
[2026-03-09T21:51:33.550+0000] {processor.py:208} INFO - Processing /opt/airflow/dags/scripts/transform_data.py took 0.493 seconds
[2026-03-09T21:52:03.934+0000] {processor.py:186} INFO - Started process (PID=272) to work on /opt/airflow/dags/scripts/transform_data.py
[2026-03-09T21:52:03.935+0000] {processor.py:914} INFO - Processing file /opt/airflow/dags/scripts/transform_data.py for tasks to queue
[2026-03-09T21:52:03.937+0000] {logging_mixin.py:190} INFO - [2026-03-09T21:52:03.936+0000] {dagbag.py:588} INFO - Filling up the DagBag from /opt/airflow/dags/scripts/transform_data.py
[2026-03-09T21:52:04.350+0000] {logging_mixin.py:190} INFO - Files in processed data folder: ['sample1.csv', 'sample2.csv']
[2026-03-09T21:52:04.362+0000] {logging_mixin.py:190} INFO - 
Transformed sample1.csv saved to /opt/airflow/dags/transformed_data/sample1.csv
[2026-03-09T21:52:04.367+0000] {logging_mixin.py:190} INFO -       name   age                email age_group  name_length email_domain
0    Alice  25.0    alice@example.com     Adult            5  example.com
1      Bob  30.0      bob@example.com     Adult            3  example.com
2  Charlie  27.5  charlie@example.com     Adult            7  example.com
[2026-03-09T21:52:04.376+0000] {logging_mixin.py:190} INFO - 
Transformed sample2.csv saved to /opt/airflow/dags/transformed_data/sample2.csv
[2026-03-09T21:52:04.381+0000] {logging_mixin.py:190} INFO -     name   age              email   age_group  name_length email_domain
0  Vince  22.0  vince@example.com       Adult            5  example.com
1   John  56.0   john@example.com  Middle Age            4  example.com
2   Will  39.0   will@example.com  Middle Age            4  example.com
[2026-03-09T21:52:04.381+0000] {processor.py:927} WARNING - No viable dags retrieved from /opt/airflow/dags/scripts/transform_data.py
[2026-03-09T21:52:04.393+0000] {processor.py:208} INFO - Processing /opt/airflow/dags/scripts/transform_data.py took 0.465 seconds
[2026-03-09T21:52:34.809+0000] {processor.py:186} INFO - Started process (PID=295) to work on /opt/airflow/dags/scripts/transform_data.py
[2026-03-09T21:52:34.810+0000] {processor.py:914} INFO - Processing file /opt/airflow/dags/scripts/transform_data.py for tasks to queue
[2026-03-09T21:52:34.812+0000] {logging_mixin.py:190} INFO - [2026-03-09T21:52:34.812+0000] {dagbag.py:588} INFO - Filling up the DagBag from /opt/airflow/dags/scripts/transform_data.py
[2026-03-09T21:52:35.259+0000] {logging_mixin.py:190} INFO - Files in processed data folder: ['sample1.csv', 'sample2.csv']
[2026-03-09T21:52:35.271+0000] {logging_mixin.py:190} INFO - 
Transformed sample1.csv saved to /opt/airflow/dags/transformed_data/sample1.csv
[2026-03-09T21:52:35.276+0000] {logging_mixin.py:190} INFO -       name   age                email age_group  name_length email_domain
0    Alice  25.0    alice@example.com     Adult            5  example.com
1      Bob  30.0      bob@example.com     Adult            3  example.com
2  Charlie  27.5  charlie@example.com     Adult            7  example.com
[2026-03-09T21:52:35.285+0000] {logging_mixin.py:190} INFO - 
Transformed sample2.csv saved to /opt/airflow/dags/transformed_data/sample2.csv
[2026-03-09T21:52:35.289+0000] {logging_mixin.py:190} INFO -     name   age              email   age_group  name_length email_domain
0  Vince  22.0  vince@example.com       Adult            5  example.com
1   John  56.0   john@example.com  Middle Age            4  example.com
2   Will  39.0   will@example.com  Middle Age            4  example.com
[2026-03-09T21:52:35.289+0000] {processor.py:927} WARNING - No viable dags retrieved from /opt/airflow/dags/scripts/transform_data.py
[2026-03-09T21:52:35.300+0000] {processor.py:208} INFO - Processing /opt/airflow/dags/scripts/transform_data.py took 0.498 seconds
[2026-03-09T21:53:05.670+0000] {processor.py:186} INFO - Started process (PID=318) to work on /opt/airflow/dags/scripts/transform_data.py
[2026-03-09T21:53:05.671+0000] {processor.py:914} INFO - Processing file /opt/airflow/dags/scripts/transform_data.py for tasks to queue
[2026-03-09T21:53:05.673+0000] {logging_mixin.py:190} INFO - [2026-03-09T21:53:05.673+0000] {dagbag.py:588} INFO - Filling up the DagBag from /opt/airflow/dags/scripts/transform_data.py
[2026-03-09T21:53:06.115+0000] {logging_mixin.py:190} INFO - Files in processed data folder: ['sample1.csv', 'sample2.csv']
[2026-03-09T21:53:06.125+0000] {logging_mixin.py:190} INFO - 
Transformed sample1.csv saved to /opt/airflow/dags/transformed_data/sample1.csv
[2026-03-09T21:53:06.130+0000] {logging_mixin.py:190} INFO -       name   age                email age_group  name_length email_domain
0    Alice  25.0    alice@example.com     Adult            5  example.com
1      Bob  30.0      bob@example.com     Adult            3  example.com
2  Charlie  27.5  charlie@example.com     Adult            7  example.com
[2026-03-09T21:53:06.138+0000] {logging_mixin.py:190} INFO - 
Transformed sample2.csv saved to /opt/airflow/dags/transformed_data/sample2.csv
[2026-03-09T21:53:06.142+0000] {logging_mixin.py:190} INFO -     name   age              email   age_group  name_length email_domain
0  Vince  22.0  vince@example.com       Adult            5  example.com
1   John  56.0   john@example.com  Middle Age            4  example.com
2   Will  39.0   will@example.com  Middle Age            4  example.com
[2026-03-09T21:53:06.143+0000] {processor.py:927} WARNING - No viable dags retrieved from /opt/airflow/dags/scripts/transform_data.py
[2026-03-09T21:53:06.152+0000] {processor.py:208} INFO - Processing /opt/airflow/dags/scripts/transform_data.py took 0.487 seconds
[2026-03-09T21:53:36.525+0000] {processor.py:186} INFO - Started process (PID=341) to work on /opt/airflow/dags/scripts/transform_data.py
[2026-03-09T21:53:36.526+0000] {processor.py:914} INFO - Processing file /opt/airflow/dags/scripts/transform_data.py for tasks to queue
[2026-03-09T21:53:36.528+0000] {logging_mixin.py:190} INFO - [2026-03-09T21:53:36.527+0000] {dagbag.py:588} INFO - Filling up the DagBag from /opt/airflow/dags/scripts/transform_data.py
[2026-03-09T21:53:36.974+0000] {logging_mixin.py:190} INFO - Files in processed data folder: ['sample1.csv', 'sample2.csv']
[2026-03-09T21:53:36.988+0000] {logging_mixin.py:190} INFO - 
Transformed sample1.csv saved to /opt/airflow/dags/transformed_data/sample1.csv
[2026-03-09T21:53:36.994+0000] {logging_mixin.py:190} INFO -       name   age                email age_group  name_length email_domain
0    Alice  25.0    alice@example.com     Adult            5  example.com
1      Bob  30.0      bob@example.com     Adult            3  example.com
2  Charlie  27.5  charlie@example.com     Adult            7  example.com
[2026-03-09T21:53:37.004+0000] {logging_mixin.py:190} INFO - 
Transformed sample2.csv saved to /opt/airflow/dags/transformed_data/sample2.csv
[2026-03-09T21:53:37.009+0000] {logging_mixin.py:190} INFO -     name   age              email   age_group  name_length email_domain
0  Vince  22.0  vince@example.com       Adult            5  example.com
1   John  56.0   john@example.com  Middle Age            4  example.com
2   Will  39.0   will@example.com  Middle Age            4  example.com
[2026-03-09T21:53:37.009+0000] {processor.py:927} WARNING - No viable dags retrieved from /opt/airflow/dags/scripts/transform_data.py
[2026-03-09T21:53:37.021+0000] {processor.py:208} INFO - Processing /opt/airflow/dags/scripts/transform_data.py took 0.500 seconds
[2026-03-09T21:54:07.446+0000] {processor.py:186} INFO - Started process (PID=364) to work on /opt/airflow/dags/scripts/transform_data.py
[2026-03-09T21:54:07.447+0000] {processor.py:914} INFO - Processing file /opt/airflow/dags/scripts/transform_data.py for tasks to queue
[2026-03-09T21:54:07.449+0000] {logging_mixin.py:190} INFO - [2026-03-09T21:54:07.449+0000] {dagbag.py:588} INFO - Filling up the DagBag from /opt/airflow/dags/scripts/transform_data.py
[2026-03-09T21:54:07.867+0000] {logging_mixin.py:190} INFO - Files in processed data folder: ['sample1.csv', 'sample2.csv']
[2026-03-09T21:54:07.878+0000] {logging_mixin.py:190} INFO - 
Transformed sample1.csv saved to /opt/airflow/dags/transformed_data/sample1.csv
[2026-03-09T21:54:07.883+0000] {logging_mixin.py:190} INFO -       name   age                email age_group  name_length email_domain
0    Alice  25.0    alice@example.com     Adult            5  example.com
1      Bob  30.0      bob@example.com     Adult            3  example.com
2  Charlie  27.5  charlie@example.com     Adult            7  example.com
[2026-03-09T21:54:07.892+0000] {logging_mixin.py:190} INFO - 
Transformed sample2.csv saved to /opt/airflow/dags/transformed_data/sample2.csv
[2026-03-09T21:54:07.896+0000] {logging_mixin.py:190} INFO -     name   age              email   age_group  name_length email_domain
0  Vince  22.0  vince@example.com       Adult            5  example.com
1   John  56.0   john@example.com  Middle Age            4  example.com
2   Will  39.0   will@example.com  Middle Age            4  example.com
[2026-03-09T21:54:07.897+0000] {processor.py:927} WARNING - No viable dags retrieved from /opt/airflow/dags/scripts/transform_data.py
[2026-03-09T21:54:07.908+0000] {processor.py:208} INFO - Processing /opt/airflow/dags/scripts/transform_data.py took 0.467 seconds
[2026-03-09T21:54:38.263+0000] {processor.py:186} INFO - Started process (PID=387) to work on /opt/airflow/dags/scripts/transform_data.py
[2026-03-09T21:54:38.264+0000] {processor.py:914} INFO - Processing file /opt/airflow/dags/scripts/transform_data.py for tasks to queue
[2026-03-09T21:54:38.266+0000] {logging_mixin.py:190} INFO - [2026-03-09T21:54:38.266+0000] {dagbag.py:588} INFO - Filling up the DagBag from /opt/airflow/dags/scripts/transform_data.py
[2026-03-09T21:54:38.688+0000] {logging_mixin.py:190} INFO - Files in processed data folder: ['sample1.csv', 'sample2.csv']
[2026-03-09T21:54:38.699+0000] {logging_mixin.py:190} INFO - 
Transformed sample1.csv saved to /opt/airflow/dags/transformed_data/sample1.csv
[2026-03-09T21:54:38.704+0000] {logging_mixin.py:190} INFO -       name   age                email age_group  name_length email_domain
0    Alice  25.0    alice@example.com     Adult            5  example.com
1      Bob  30.0      bob@example.com     Adult            3  example.com
2  Charlie  27.5  charlie@example.com     Adult            7  example.com
[2026-03-09T21:54:38.712+0000] {logging_mixin.py:190} INFO - 
Transformed sample2.csv saved to /opt/airflow/dags/transformed_data/sample2.csv
[2026-03-09T21:54:38.717+0000] {logging_mixin.py:190} INFO -     name   age              email   age_group  name_length email_domain
0  Vince  22.0  vince@example.com       Adult            5  example.com
1   John  56.0   john@example.com  Middle Age            4  example.com
2   Will  39.0   will@example.com  Middle Age            4  example.com
[2026-03-09T21:54:38.717+0000] {processor.py:927} WARNING - No viable dags retrieved from /opt/airflow/dags/scripts/transform_data.py
[2026-03-09T21:54:38.728+0000] {processor.py:208} INFO - Processing /opt/airflow/dags/scripts/transform_data.py took 0.470 seconds
