[2025-11-19T21:59:25.981+0000] {local_task_job_runner.py:123} INFO - ::group::Pre task execution logs
[2025-11-19T21:59:25.998+0000] {taskinstance.py:2612} INFO - Dependencies all met for dep_context=non-requeueable deps ti=<TaskInstance: etl_pipeline.load_to_mongodb scheduled__2025-11-11T00:00:00+00:00 [queued]>
[2025-11-19T21:59:26.011+0000] {taskinstance.py:2612} INFO - Dependencies all met for dep_context=requeueable deps ti=<TaskInstance: etl_pipeline.load_to_mongodb scheduled__2025-11-11T00:00:00+00:00 [queued]>
[2025-11-19T21:59:26.012+0000] {taskinstance.py:2865} INFO - Starting attempt 1 of 1
[2025-11-19T21:59:26.031+0000] {taskinstance.py:2888} INFO - Executing <Task(BashOperator): load_to_mongodb> on 2025-11-11 00:00:00+00:00
[2025-11-19T21:59:26.042+0000] {standard_task_runner.py:104} INFO - Running: ['***', 'tasks', 'run', 'etl_pipeline', 'load_to_mongodb', 'scheduled__2025-11-11T00:00:00+00:00', '--job-id', '40', '--raw', '--subdir', 'DAGS_FOLDER/etl_pipeline_dag.py', '--cfg-path', '/tmp/tmpn350lonn']
[2025-11-19T21:59:26.045+0000] {logging_mixin.py:190} WARNING - /home/***/.local/lib/python3.12/site-packages/***/task/task_runner/standard_task_runner.py:70 DeprecationWarning: This process (pid=294) is multi-threaded, use of fork() may lead to deadlocks in the child.
[2025-11-19T21:59:26.046+0000] {standard_task_runner.py:105} INFO - Job 40: Subtask load_to_mongodb
[2025-11-19T21:59:26.049+0000] {standard_task_runner.py:72} INFO - Started process 296 to run task
[2025-11-19T21:59:26.103+0000] {task_command.py:467} INFO - Running <TaskInstance: etl_pipeline.load_to_mongodb scheduled__2025-11-11T00:00:00+00:00 [running]> on host b4c6e0d2ed01
[2025-11-19T21:59:26.198+0000] {taskinstance.py:3131} INFO - Exporting env vars: AIRFLOW_CTX_DAG_OWNER='***' AIRFLOW_CTX_DAG_ID='etl_pipeline' AIRFLOW_CTX_TASK_ID='load_to_mongodb' AIRFLOW_CTX_EXECUTION_DATE='2025-11-11T00:00:00+00:00' AIRFLOW_CTX_TRY_NUMBER='1' AIRFLOW_CTX_DAG_RUN_ID='scheduled__2025-11-11T00:00:00+00:00'
[2025-11-19T21:59:26.199+0000] {taskinstance.py:731} INFO - ::endgroup::
[2025-11-19T21:59:26.215+0000] {subprocess.py:63} INFO - Tmp dir root location: /tmp
[2025-11-19T21:59:26.217+0000] {subprocess.py:75} INFO - Running command: ['/usr/bin/bash', '-c', 'python /opt/***/dags/scripts/load_to_mongodb.py']
[2025-11-19T21:59:26.232+0000] {subprocess.py:86} INFO - Output:
[2025-11-19T21:59:28.752+0000] {subprocess.py:93} INFO - /opt/***/dags/scripts/load_to_mongodb.py:33 RemovedInAirflow3Warning: Param `schedule_interval` is deprecated and will be removed in a future release. Please use `schedule` instead.
[2025-11-19T21:59:29.183+0000] {subprocess.py:97} INFO - Command exited with return code 0
[2025-11-19T21:59:29.204+0000] {taskinstance.py:340} INFO - ::group::Post task execution logs
[2025-11-19T21:59:29.205+0000] {taskinstance.py:352} INFO - Marking task as SUCCESS. dag_id=etl_pipeline, task_id=load_to_mongodb, run_id=scheduled__2025-11-11T00:00:00+00:00, execution_date=20251111T000000, start_date=20251119T215925, end_date=20251119T215929
[2025-11-19T21:59:29.243+0000] {local_task_job_runner.py:266} INFO - Task exited with return code 0
[2025-11-19T21:59:29.258+0000] {taskinstance.py:3900} INFO - 0 downstream tasks scheduled from follow-on schedule check
[2025-11-19T21:59:29.260+0000] {local_task_job_runner.py:245} INFO - ::endgroup::
