[2025-11-07T22:56:20.611+0000] {processor.py:186} INFO - Started process (PID=191) to work on /opt/airflow/dags/scripts/load_to_mongodb.py
[2025-11-07T22:56:20.612+0000] {processor.py:914} INFO - Processing file /opt/airflow/dags/scripts/load_to_mongodb.py for tasks to queue
[2025-11-07T22:56:20.614+0000] {logging_mixin.py:190} INFO - [2025-11-07T22:56:20.614+0000] {dagbag.py:588} INFO - Filling up the DagBag from /opt/airflow/dags/scripts/load_to_mongodb.py
[2025-11-07T22:56:21.104+0000] {processor.py:925} INFO - DAG(s) 'load_to_mongodb' retrieved from /opt/airflow/dags/scripts/load_to_mongodb.py
[2025-11-07T22:56:21.198+0000] {logging_mixin.py:190} INFO - [2025-11-07T22:56:21.198+0000] {dag.py:3239} INFO - Sync 1 DAGs
[2025-11-07T22:56:21.208+0000] {logging_mixin.py:190} INFO - [2025-11-07T22:56:21.208+0000] {dag.py:4180} INFO - Setting next_dagrun for load_to_mongodb to None, run_after=None
[2025-11-07T22:56:21.225+0000] {processor.py:208} INFO - Processing /opt/airflow/dags/scripts/load_to_mongodb.py took 0.619 seconds
[2025-11-07T22:56:51.831+0000] {processor.py:186} INFO - Started process (PID=204) to work on /opt/airflow/dags/scripts/load_to_mongodb.py
[2025-11-07T22:56:51.831+0000] {processor.py:914} INFO - Processing file /opt/airflow/dags/scripts/load_to_mongodb.py for tasks to queue
[2025-11-07T22:56:51.833+0000] {logging_mixin.py:190} INFO - [2025-11-07T22:56:51.833+0000] {dagbag.py:588} INFO - Filling up the DagBag from /opt/airflow/dags/scripts/load_to_mongodb.py
[2025-11-07T22:56:52.339+0000] {processor.py:925} INFO - DAG(s) 'load_to_mongodb' retrieved from /opt/airflow/dags/scripts/load_to_mongodb.py
[2025-11-07T22:56:52.358+0000] {logging_mixin.py:190} INFO - [2025-11-07T22:56:52.357+0000] {dag.py:3239} INFO - Sync 1 DAGs
[2025-11-07T22:56:52.369+0000] {logging_mixin.py:190} INFO - [2025-11-07T22:56:52.369+0000] {dag.py:4180} INFO - Setting next_dagrun for load_to_mongodb to None, run_after=None
[2025-11-07T22:56:52.384+0000] {processor.py:208} INFO - Processing /opt/airflow/dags/scripts/load_to_mongodb.py took 0.558 seconds
[2025-11-07T22:57:23.120+0000] {processor.py:186} INFO - Started process (PID=255) to work on /opt/airflow/dags/scripts/load_to_mongodb.py
[2025-11-07T22:57:23.121+0000] {processor.py:914} INFO - Processing file /opt/airflow/dags/scripts/load_to_mongodb.py for tasks to queue
[2025-11-07T22:57:23.124+0000] {logging_mixin.py:190} INFO - [2025-11-07T22:57:23.123+0000] {dagbag.py:588} INFO - Filling up the DagBag from /opt/airflow/dags/scripts/load_to_mongodb.py
[2025-11-07T22:57:23.668+0000] {processor.py:925} INFO - DAG(s) 'load_to_mongodb' retrieved from /opt/airflow/dags/scripts/load_to_mongodb.py
[2025-11-07T22:57:23.689+0000] {logging_mixin.py:190} INFO - [2025-11-07T22:57:23.688+0000] {dag.py:3239} INFO - Sync 1 DAGs
[2025-11-07T22:57:23.699+0000] {logging_mixin.py:190} INFO - [2025-11-07T22:57:23.699+0000] {dag.py:4180} INFO - Setting next_dagrun for load_to_mongodb to None, run_after=None
[2025-11-07T22:57:23.712+0000] {processor.py:208} INFO - Processing /opt/airflow/dags/scripts/load_to_mongodb.py took 0.599 seconds
[2025-11-07T22:57:54.307+0000] {processor.py:186} INFO - Started process (PID=266) to work on /opt/airflow/dags/scripts/load_to_mongodb.py
[2025-11-07T22:57:54.308+0000] {processor.py:914} INFO - Processing file /opt/airflow/dags/scripts/load_to_mongodb.py for tasks to queue
[2025-11-07T22:57:54.312+0000] {logging_mixin.py:190} INFO - [2025-11-07T22:57:54.311+0000] {dagbag.py:588} INFO - Filling up the DagBag from /opt/airflow/dags/scripts/load_to_mongodb.py
[2025-11-07T22:57:54.789+0000] {processor.py:925} INFO - DAG(s) 'load_to_mongodb' retrieved from /opt/airflow/dags/scripts/load_to_mongodb.py
[2025-11-07T22:57:54.808+0000] {logging_mixin.py:190} INFO - [2025-11-07T22:57:54.808+0000] {dag.py:3239} INFO - Sync 1 DAGs
[2025-11-07T22:57:54.819+0000] {logging_mixin.py:190} INFO - [2025-11-07T22:57:54.819+0000] {dag.py:4180} INFO - Setting next_dagrun for load_to_mongodb to None, run_after=None
[2025-11-07T22:57:54.834+0000] {processor.py:208} INFO - Processing /opt/airflow/dags/scripts/load_to_mongodb.py took 0.532 seconds
[2025-11-07T22:58:25.657+0000] {processor.py:186} INFO - Started process (PID=277) to work on /opt/airflow/dags/scripts/load_to_mongodb.py
[2025-11-07T22:58:25.658+0000] {processor.py:914} INFO - Processing file /opt/airflow/dags/scripts/load_to_mongodb.py for tasks to queue
[2025-11-07T22:58:25.660+0000] {logging_mixin.py:190} INFO - [2025-11-07T22:58:25.659+0000] {dagbag.py:588} INFO - Filling up the DagBag from /opt/airflow/dags/scripts/load_to_mongodb.py
[2025-11-07T22:58:26.147+0000] {processor.py:925} INFO - DAG(s) 'load_to_mongodb' retrieved from /opt/airflow/dags/scripts/load_to_mongodb.py
[2025-11-07T22:58:26.165+0000] {logging_mixin.py:190} INFO - [2025-11-07T22:58:26.165+0000] {dag.py:3239} INFO - Sync 1 DAGs
[2025-11-07T22:58:26.176+0000] {logging_mixin.py:190} INFO - [2025-11-07T22:58:26.176+0000] {dag.py:4180} INFO - Setting next_dagrun for load_to_mongodb to None, run_after=None
[2025-11-07T22:58:26.193+0000] {processor.py:208} INFO - Processing /opt/airflow/dags/scripts/load_to_mongodb.py took 0.542 seconds
[2025-11-07T22:58:57.100+0000] {processor.py:186} INFO - Started process (PID=288) to work on /opt/airflow/dags/scripts/load_to_mongodb.py
[2025-11-07T22:58:57.101+0000] {processor.py:914} INFO - Processing file /opt/airflow/dags/scripts/load_to_mongodb.py for tasks to queue
[2025-11-07T22:58:57.104+0000] {logging_mixin.py:190} INFO - [2025-11-07T22:58:57.104+0000] {dagbag.py:588} INFO - Filling up the DagBag from /opt/airflow/dags/scripts/load_to_mongodb.py
[2025-11-07T22:58:57.570+0000] {processor.py:925} INFO - DAG(s) 'load_to_mongodb' retrieved from /opt/airflow/dags/scripts/load_to_mongodb.py
[2025-11-07T22:58:57.589+0000] {logging_mixin.py:190} INFO - [2025-11-07T22:58:57.589+0000] {dag.py:3239} INFO - Sync 1 DAGs
[2025-11-07T22:58:57.599+0000] {logging_mixin.py:190} INFO - [2025-11-07T22:58:57.599+0000] {dag.py:4180} INFO - Setting next_dagrun for load_to_mongodb to None, run_after=None
[2025-11-07T22:58:57.615+0000] {processor.py:208} INFO - Processing /opt/airflow/dags/scripts/load_to_mongodb.py took 0.520 seconds
[2025-11-07T22:59:28.434+0000] {processor.py:186} INFO - Started process (PID=299) to work on /opt/airflow/dags/scripts/load_to_mongodb.py
[2025-11-07T22:59:28.435+0000] {processor.py:914} INFO - Processing file /opt/airflow/dags/scripts/load_to_mongodb.py for tasks to queue
[2025-11-07T22:59:28.438+0000] {logging_mixin.py:190} INFO - [2025-11-07T22:59:28.437+0000] {dagbag.py:588} INFO - Filling up the DagBag from /opt/airflow/dags/scripts/load_to_mongodb.py
[2025-11-07T22:59:26.548+0000] {processor.py:925} INFO - DAG(s) 'load_to_mongodb' retrieved from /opt/airflow/dags/scripts/load_to_mongodb.py
[2025-11-07T22:59:26.566+0000] {logging_mixin.py:190} INFO - [2025-11-07T22:59:26.565+0000] {dag.py:3239} INFO - Sync 1 DAGs
[2025-11-07T22:59:26.575+0000] {logging_mixin.py:190} INFO - [2025-11-07T22:59:26.575+0000] {dag.py:4180} INFO - Setting next_dagrun for load_to_mongodb to None, run_after=None
[2025-11-07T22:59:26.588+0000] {processor.py:208} INFO - Processing /opt/airflow/dags/scripts/load_to_mongodb.py took 0.538 seconds
[2025-11-07T22:59:54.148+0000] {processor.py:186} INFO - Started process (PID=310) to work on /opt/airflow/dags/scripts/load_to_mongodb.py
[2025-11-07T22:59:54.149+0000] {processor.py:914} INFO - Processing file /opt/airflow/dags/scripts/load_to_mongodb.py for tasks to queue
[2025-11-07T22:59:54.152+0000] {logging_mixin.py:190} INFO - [2025-11-07T22:59:54.152+0000] {dagbag.py:588} INFO - Filling up the DagBag from /opt/airflow/dags/scripts/load_to_mongodb.py
[2025-11-07T22:59:54.661+0000] {processor.py:925} INFO - DAG(s) 'load_to_mongodb' retrieved from /opt/airflow/dags/scripts/load_to_mongodb.py
[2025-11-07T22:59:54.681+0000] {logging_mixin.py:190} INFO - [2025-11-07T22:59:54.681+0000] {dag.py:3239} INFO - Sync 1 DAGs
[2025-11-07T22:59:54.692+0000] {logging_mixin.py:190} INFO - [2025-11-07T22:59:54.691+0000] {dag.py:4180} INFO - Setting next_dagrun for load_to_mongodb to None, run_after=None
[2025-11-07T22:59:54.707+0000] {processor.py:208} INFO - Processing /opt/airflow/dags/scripts/load_to_mongodb.py took 0.564 seconds
[2025-11-07T23:00:25.481+0000] {processor.py:186} INFO - Started process (PID=321) to work on /opt/airflow/dags/scripts/load_to_mongodb.py
[2025-11-07T23:00:25.482+0000] {processor.py:914} INFO - Processing file /opt/airflow/dags/scripts/load_to_mongodb.py for tasks to queue
[2025-11-07T23:00:25.485+0000] {logging_mixin.py:190} INFO - [2025-11-07T23:00:25.485+0000] {dagbag.py:588} INFO - Filling up the DagBag from /opt/airflow/dags/scripts/load_to_mongodb.py
[2025-11-07T23:00:25.984+0000] {processor.py:925} INFO - DAG(s) 'load_to_mongodb' retrieved from /opt/airflow/dags/scripts/load_to_mongodb.py
[2025-11-07T23:00:26.002+0000] {logging_mixin.py:190} INFO - [2025-11-07T23:00:26.002+0000] {dag.py:3239} INFO - Sync 1 DAGs
[2025-11-07T23:00:26.012+0000] {logging_mixin.py:190} INFO - [2025-11-07T23:00:26.012+0000] {dag.py:4180} INFO - Setting next_dagrun for load_to_mongodb to None, run_after=None
[2025-11-07T23:00:26.027+0000] {processor.py:208} INFO - Processing /opt/airflow/dags/scripts/load_to_mongodb.py took 0.551 seconds
[2025-11-07T23:00:56.569+0000] {processor.py:186} INFO - Started process (PID=332) to work on /opt/airflow/dags/scripts/load_to_mongodb.py
[2025-11-07T23:00:56.570+0000] {processor.py:914} INFO - Processing file /opt/airflow/dags/scripts/load_to_mongodb.py for tasks to queue
[2025-11-07T23:00:56.572+0000] {logging_mixin.py:190} INFO - [2025-11-07T23:00:56.572+0000] {dagbag.py:588} INFO - Filling up the DagBag from /opt/airflow/dags/scripts/load_to_mongodb.py
[2025-11-07T23:00:57.077+0000] {processor.py:925} INFO - DAG(s) 'load_to_mongodb' retrieved from /opt/airflow/dags/scripts/load_to_mongodb.py
[2025-11-07T23:00:57.095+0000] {logging_mixin.py:190} INFO - [2025-11-07T23:00:57.095+0000] {dag.py:3239} INFO - Sync 1 DAGs
[2025-11-07T23:00:57.106+0000] {logging_mixin.py:190} INFO - [2025-11-07T23:00:57.106+0000] {dag.py:4180} INFO - Setting next_dagrun for load_to_mongodb to None, run_after=None
[2025-11-07T23:00:57.120+0000] {processor.py:208} INFO - Processing /opt/airflow/dags/scripts/load_to_mongodb.py took 0.557 seconds
