[2025-10-28T21:52:15.546+0000] {processor.py:186} INFO - Started process (PID=206) to work on /opt/airflow/dags/etl_pipeline_dag.py
[2025-10-28T21:52:15.547+0000] {processor.py:914} INFO - Processing file /opt/airflow/dags/etl_pipeline_dag.py for tasks to queue
[2025-10-28T21:52:15.550+0000] {logging_mixin.py:190} INFO - [2025-10-28T21:52:15.549+0000] {dagbag.py:588} INFO - Filling up the DagBag from /opt/airflow/dags/etl_pipeline_dag.py
[2025-10-28T21:52:15.572+0000] {processor.py:925} INFO - DAG(s) 'etl_pipeline' retrieved from /opt/airflow/dags/etl_pipeline_dag.py
[2025-10-28T21:52:15.600+0000] {logging_mixin.py:190} INFO - [2025-10-28T21:52:15.600+0000] {dag.py:3239} INFO - Sync 1 DAGs
[2025-10-28T21:52:15.626+0000] {logging_mixin.py:190} INFO - [2025-10-28T21:52:15.626+0000] {dag.py:4180} INFO - Setting next_dagrun for etl_pipeline to 2025-10-27 00:00:00+00:00, run_after=2025-10-28 00:00:00+00:00
[2025-10-28T21:52:15.643+0000] {processor.py:208} INFO - Processing /opt/airflow/dags/etl_pipeline_dag.py took 0.104 seconds
[2025-10-28T21:52:45.884+0000] {processor.py:186} INFO - Started process (PID=216) to work on /opt/airflow/dags/etl_pipeline_dag.py
[2025-10-28T21:52:45.885+0000] {processor.py:914} INFO - Processing file /opt/airflow/dags/etl_pipeline_dag.py for tasks to queue
[2025-10-28T21:52:45.887+0000] {logging_mixin.py:190} INFO - [2025-10-28T21:52:45.886+0000] {dagbag.py:588} INFO - Filling up the DagBag from /opt/airflow/dags/etl_pipeline_dag.py
[2025-10-28T21:52:45.906+0000] {processor.py:925} INFO - DAG(s) 'etl_pipeline' retrieved from /opt/airflow/dags/etl_pipeline_dag.py
[2025-10-28T21:52:46.011+0000] {logging_mixin.py:190} INFO - [2025-10-28T21:52:46.011+0000] {dag.py:3239} INFO - Sync 1 DAGs
[2025-10-28T21:52:46.029+0000] {logging_mixin.py:190} INFO - [2025-10-28T21:52:46.029+0000] {dag.py:4180} INFO - Setting next_dagrun for etl_pipeline to 2025-10-27 00:00:00+00:00, run_after=2025-10-28 00:00:00+00:00
[2025-10-28T21:52:46.046+0000] {processor.py:208} INFO - Processing /opt/airflow/dags/etl_pipeline_dag.py took 0.167 seconds
[2025-10-28T21:53:16.140+0000] {processor.py:186} INFO - Started process (PID=226) to work on /opt/airflow/dags/etl_pipeline_dag.py
[2025-10-28T21:53:16.141+0000] {processor.py:914} INFO - Processing file /opt/airflow/dags/etl_pipeline_dag.py for tasks to queue
[2025-10-28T21:53:16.143+0000] {logging_mixin.py:190} INFO - [2025-10-28T21:53:16.143+0000] {dagbag.py:588} INFO - Filling up the DagBag from /opt/airflow/dags/etl_pipeline_dag.py
[2025-10-28T21:53:16.163+0000] {processor.py:925} INFO - DAG(s) 'etl_pipeline' retrieved from /opt/airflow/dags/etl_pipeline_dag.py
[2025-10-28T21:53:16.186+0000] {logging_mixin.py:190} INFO - [2025-10-28T21:53:16.186+0000] {dag.py:3239} INFO - Sync 1 DAGs
[2025-10-28T21:53:16.208+0000] {logging_mixin.py:190} INFO - [2025-10-28T21:53:16.208+0000] {dag.py:4180} INFO - Setting next_dagrun for etl_pipeline to 2025-10-27 00:00:00+00:00, run_after=2025-10-28 00:00:00+00:00
[2025-10-28T21:53:16.227+0000] {processor.py:208} INFO - Processing /opt/airflow/dags/etl_pipeline_dag.py took 0.092 seconds
[2025-10-28T21:53:46.491+0000] {processor.py:186} INFO - Started process (PID=236) to work on /opt/airflow/dags/etl_pipeline_dag.py
[2025-10-28T21:53:46.492+0000] {processor.py:914} INFO - Processing file /opt/airflow/dags/etl_pipeline_dag.py for tasks to queue
[2025-10-28T21:53:46.494+0000] {logging_mixin.py:190} INFO - [2025-10-28T21:53:46.494+0000] {dagbag.py:588} INFO - Filling up the DagBag from /opt/airflow/dags/etl_pipeline_dag.py
[2025-10-28T21:53:46.514+0000] {processor.py:925} INFO - DAG(s) 'etl_pipeline' retrieved from /opt/airflow/dags/etl_pipeline_dag.py
[2025-10-28T21:53:46.623+0000] {logging_mixin.py:190} INFO - [2025-10-28T21:53:46.622+0000] {dag.py:3239} INFO - Sync 1 DAGs
[2025-10-28T21:53:46.645+0000] {logging_mixin.py:190} INFO - [2025-10-28T21:53:46.644+0000] {dag.py:4180} INFO - Setting next_dagrun for etl_pipeline to 2025-10-27 00:00:00+00:00, run_after=2025-10-28 00:00:00+00:00
[2025-10-28T21:53:46.663+0000] {processor.py:208} INFO - Processing /opt/airflow/dags/etl_pipeline_dag.py took 0.178 seconds
[2025-10-28T21:54:16.877+0000] {processor.py:186} INFO - Started process (PID=248) to work on /opt/airflow/dags/etl_pipeline_dag.py
[2025-10-28T21:54:16.878+0000] {processor.py:914} INFO - Processing file /opt/airflow/dags/etl_pipeline_dag.py for tasks to queue
[2025-10-28T21:54:16.881+0000] {logging_mixin.py:190} INFO - [2025-10-28T21:54:16.881+0000] {dagbag.py:588} INFO - Filling up the DagBag from /opt/airflow/dags/etl_pipeline_dag.py
[2025-10-28T21:54:16.901+0000] {processor.py:925} INFO - DAG(s) 'etl_pipeline' retrieved from /opt/airflow/dags/etl_pipeline_dag.py
[2025-10-28T21:54:16.913+0000] {logging_mixin.py:190} INFO - [2025-10-28T21:54:16.912+0000] {dag.py:3239} INFO - Sync 1 DAGs
[2025-10-28T21:54:16.936+0000] {logging_mixin.py:190} INFO - [2025-10-28T21:54:16.935+0000] {dag.py:4180} INFO - Setting next_dagrun for etl_pipeline to 2025-10-27 00:00:00+00:00, run_after=2025-10-28 00:00:00+00:00
[2025-10-28T21:54:16.953+0000] {processor.py:208} INFO - Processing /opt/airflow/dags/etl_pipeline_dag.py took 0.081 seconds
[2025-10-28T21:54:47.028+0000] {processor.py:186} INFO - Started process (PID=256) to work on /opt/airflow/dags/etl_pipeline_dag.py
[2025-10-28T21:54:47.029+0000] {processor.py:914} INFO - Processing file /opt/airflow/dags/etl_pipeline_dag.py for tasks to queue
[2025-10-28T21:54:47.031+0000] {logging_mixin.py:190} INFO - [2025-10-28T21:54:47.031+0000] {dagbag.py:588} INFO - Filling up the DagBag from /opt/airflow/dags/etl_pipeline_dag.py
[2025-10-28T21:54:47.051+0000] {processor.py:925} INFO - DAG(s) 'etl_pipeline' retrieved from /opt/airflow/dags/etl_pipeline_dag.py
[2025-10-28T21:54:47.155+0000] {logging_mixin.py:190} INFO - [2025-10-28T21:54:47.155+0000] {dag.py:3239} INFO - Sync 1 DAGs
[2025-10-28T21:54:47.173+0000] {logging_mixin.py:190} INFO - [2025-10-28T21:54:47.173+0000] {dag.py:4180} INFO - Setting next_dagrun for etl_pipeline to 2025-10-27 00:00:00+00:00, run_after=2025-10-28 00:00:00+00:00
[2025-10-28T21:54:47.188+0000] {processor.py:208} INFO - Processing /opt/airflow/dags/etl_pipeline_dag.py took 0.166 seconds
[2025-10-28T21:55:17.370+0000] {processor.py:186} INFO - Started process (PID=268) to work on /opt/airflow/dags/etl_pipeline_dag.py
[2025-10-28T21:55:17.371+0000] {processor.py:914} INFO - Processing file /opt/airflow/dags/etl_pipeline_dag.py for tasks to queue
[2025-10-28T21:55:17.372+0000] {logging_mixin.py:190} INFO - [2025-10-28T21:55:17.372+0000] {dagbag.py:588} INFO - Filling up the DagBag from /opt/airflow/dags/etl_pipeline_dag.py
[2025-10-28T21:55:17.389+0000] {processor.py:925} INFO - DAG(s) 'etl_pipeline' retrieved from /opt/airflow/dags/etl_pipeline_dag.py
[2025-10-28T21:55:17.399+0000] {logging_mixin.py:190} INFO - [2025-10-28T21:55:17.399+0000] {dag.py:3239} INFO - Sync 1 DAGs
[2025-10-28T21:55:17.417+0000] {logging_mixin.py:190} INFO - [2025-10-28T21:55:17.417+0000] {dag.py:4180} INFO - Setting next_dagrun for etl_pipeline to 2025-10-27 00:00:00+00:00, run_after=2025-10-28 00:00:00+00:00
[2025-10-28T21:55:17.430+0000] {processor.py:208} INFO - Processing /opt/airflow/dags/etl_pipeline_dag.py took 0.065 seconds
[2025-10-28T21:55:47.489+0000] {processor.py:186} INFO - Started process (PID=276) to work on /opt/airflow/dags/etl_pipeline_dag.py
[2025-10-28T21:55:47.490+0000] {processor.py:914} INFO - Processing file /opt/airflow/dags/etl_pipeline_dag.py for tasks to queue
[2025-10-28T21:55:47.492+0000] {logging_mixin.py:190} INFO - [2025-10-28T21:55:47.492+0000] {dagbag.py:588} INFO - Filling up the DagBag from /opt/airflow/dags/etl_pipeline_dag.py
[2025-10-28T21:55:47.512+0000] {processor.py:925} INFO - DAG(s) 'etl_pipeline' retrieved from /opt/airflow/dags/etl_pipeline_dag.py
[2025-10-28T21:55:47.616+0000] {logging_mixin.py:190} INFO - [2025-10-28T21:55:47.615+0000] {dag.py:3239} INFO - Sync 1 DAGs
[2025-10-28T21:55:47.632+0000] {logging_mixin.py:190} INFO - [2025-10-28T21:55:47.632+0000] {dag.py:4180} INFO - Setting next_dagrun for etl_pipeline to 2025-10-27 00:00:00+00:00, run_after=2025-10-28 00:00:00+00:00
[2025-10-28T21:55:47.648+0000] {processor.py:208} INFO - Processing /opt/airflow/dags/etl_pipeline_dag.py took 0.165 seconds
[2025-10-28T21:56:18.589+0000] {processor.py:186} INFO - Started process (PID=286) to work on /opt/airflow/dags/etl_pipeline_dag.py
[2025-10-28T21:56:18.590+0000] {processor.py:914} INFO - Processing file /opt/airflow/dags/etl_pipeline_dag.py for tasks to queue
[2025-10-28T21:56:18.592+0000] {logging_mixin.py:190} INFO - [2025-10-28T21:56:18.592+0000] {dagbag.py:588} INFO - Filling up the DagBag from /opt/airflow/dags/etl_pipeline_dag.py
[2025-10-28T21:56:18.611+0000] {processor.py:925} INFO - DAG(s) 'etl_pipeline' retrieved from /opt/airflow/dags/etl_pipeline_dag.py
[2025-10-28T21:56:18.636+0000] {logging_mixin.py:190} INFO - [2025-10-28T21:56:18.635+0000] {dag.py:3239} INFO - Sync 1 DAGs
[2025-10-28T21:56:18.657+0000] {logging_mixin.py:190} INFO - [2025-10-28T21:56:18.657+0000] {dag.py:4180} INFO - Setting next_dagrun for etl_pipeline to 2025-10-27 00:00:00+00:00, run_after=2025-10-28 00:00:00+00:00
[2025-10-28T21:56:18.676+0000] {processor.py:208} INFO - Processing /opt/airflow/dags/etl_pipeline_dag.py took 0.093 seconds
[2025-10-28T21:56:49.081+0000] {processor.py:186} INFO - Started process (PID=296) to work on /opt/airflow/dags/etl_pipeline_dag.py
[2025-10-28T21:56:49.082+0000] {processor.py:914} INFO - Processing file /opt/airflow/dags/etl_pipeline_dag.py for tasks to queue
[2025-10-28T21:56:49.084+0000] {logging_mixin.py:190} INFO - [2025-10-28T21:56:49.084+0000] {dagbag.py:588} INFO - Filling up the DagBag from /opt/airflow/dags/etl_pipeline_dag.py
[2025-10-28T21:56:49.102+0000] {processor.py:925} INFO - DAG(s) 'etl_pipeline' retrieved from /opt/airflow/dags/etl_pipeline_dag.py
[2025-10-28T21:56:49.194+0000] {logging_mixin.py:190} INFO - [2025-10-28T21:56:49.194+0000] {dag.py:3239} INFO - Sync 1 DAGs
[2025-10-28T21:56:49.357+0000] {logging_mixin.py:190} INFO - [2025-10-28T21:56:49.357+0000] {dag.py:4180} INFO - Setting next_dagrun for etl_pipeline to 2025-10-27 00:00:00+00:00, run_after=2025-10-28 00:00:00+00:00
[2025-10-28T21:56:49.372+0000] {processor.py:208} INFO - Processing /opt/airflow/dags/etl_pipeline_dag.py took 0.296 seconds
[2025-10-28T21:57:19.553+0000] {processor.py:186} INFO - Started process (PID=308) to work on /opt/airflow/dags/etl_pipeline_dag.py
[2025-10-28T21:57:19.554+0000] {processor.py:914} INFO - Processing file /opt/airflow/dags/etl_pipeline_dag.py for tasks to queue
[2025-10-28T21:57:19.556+0000] {logging_mixin.py:190} INFO - [2025-10-28T21:57:19.556+0000] {dagbag.py:588} INFO - Filling up the DagBag from /opt/airflow/dags/etl_pipeline_dag.py
[2025-10-28T21:57:19.572+0000] {processor.py:925} INFO - DAG(s) 'etl_pipeline' retrieved from /opt/airflow/dags/etl_pipeline_dag.py
[2025-10-28T21:57:19.582+0000] {logging_mixin.py:190} INFO - [2025-10-28T21:57:19.582+0000] {dag.py:3239} INFO - Sync 1 DAGs
[2025-10-28T21:57:19.601+0000] {logging_mixin.py:190} INFO - [2025-10-28T21:57:19.601+0000] {dag.py:4180} INFO - Setting next_dagrun for etl_pipeline to 2025-10-27 00:00:00+00:00, run_after=2025-10-28 00:00:00+00:00
[2025-10-28T21:57:19.615+0000] {processor.py:208} INFO - Processing /opt/airflow/dags/etl_pipeline_dag.py took 0.066 seconds
[2025-10-28T21:57:49.857+0000] {processor.py:186} INFO - Started process (PID=316) to work on /opt/airflow/dags/etl_pipeline_dag.py
[2025-10-28T21:57:49.858+0000] {processor.py:914} INFO - Processing file /opt/airflow/dags/etl_pipeline_dag.py for tasks to queue
[2025-10-28T21:57:49.860+0000] {logging_mixin.py:190} INFO - [2025-10-28T21:57:49.860+0000] {dagbag.py:588} INFO - Filling up the DagBag from /opt/airflow/dags/etl_pipeline_dag.py
[2025-10-28T21:57:49.880+0000] {processor.py:925} INFO - DAG(s) 'etl_pipeline' retrieved from /opt/airflow/dags/etl_pipeline_dag.py
[2025-10-28T21:57:50.141+0000] {logging_mixin.py:190} INFO - [2025-10-28T21:57:50.141+0000] {dag.py:3239} INFO - Sync 1 DAGs
[2025-10-28T21:57:50.158+0000] {logging_mixin.py:190} INFO - [2025-10-28T21:57:50.158+0000] {dag.py:4180} INFO - Setting next_dagrun for etl_pipeline to 2025-10-27 00:00:00+00:00, run_after=2025-10-28 00:00:00+00:00
[2025-10-28T21:57:50.173+0000] {processor.py:208} INFO - Processing /opt/airflow/dags/etl_pipeline_dag.py took 0.322 seconds
[2025-10-28T21:58:20.492+0000] {processor.py:186} INFO - Started process (PID=328) to work on /opt/airflow/dags/etl_pipeline_dag.py
[2025-10-28T21:58:20.493+0000] {processor.py:914} INFO - Processing file /opt/airflow/dags/etl_pipeline_dag.py for tasks to queue
[2025-10-28T21:58:20.495+0000] {logging_mixin.py:190} INFO - [2025-10-28T21:58:20.495+0000] {dagbag.py:588} INFO - Filling up the DagBag from /opt/airflow/dags/etl_pipeline_dag.py
[2025-10-28T21:58:20.513+0000] {processor.py:925} INFO - DAG(s) 'etl_pipeline' retrieved from /opt/airflow/dags/etl_pipeline_dag.py
[2025-10-28T21:58:20.524+0000] {logging_mixin.py:190} INFO - [2025-10-28T21:58:20.524+0000] {dag.py:3239} INFO - Sync 1 DAGs
[2025-10-28T21:58:20.544+0000] {logging_mixin.py:190} INFO - [2025-10-28T21:58:20.543+0000] {dag.py:4180} INFO - Setting next_dagrun for etl_pipeline to 2025-10-27 00:00:00+00:00, run_after=2025-10-28 00:00:00+00:00
[2025-10-28T21:58:20.559+0000] {processor.py:208} INFO - Processing /opt/airflow/dags/etl_pipeline_dag.py took 0.072 seconds
[2025-10-28T21:58:50.875+0000] {processor.py:186} INFO - Started process (PID=336) to work on /opt/airflow/dags/etl_pipeline_dag.py
[2025-10-28T21:58:50.876+0000] {processor.py:914} INFO - Processing file /opt/airflow/dags/etl_pipeline_dag.py for tasks to queue
[2025-10-28T21:58:50.879+0000] {logging_mixin.py:190} INFO - [2025-10-28T21:58:50.879+0000] {dagbag.py:588} INFO - Filling up the DagBag from /opt/airflow/dags/etl_pipeline_dag.py
[2025-10-28T21:58:50.899+0000] {processor.py:925} INFO - DAG(s) 'etl_pipeline' retrieved from /opt/airflow/dags/etl_pipeline_dag.py
[2025-10-28T21:58:50.633+0000] {logging_mixin.py:190} INFO - [2025-10-28T21:58:50.633+0000] {dag.py:3239} INFO - Sync 1 DAGs
[2025-10-28T21:58:50.651+0000] {logging_mixin.py:190} INFO - [2025-10-28T21:58:50.650+0000] {dag.py:4180} INFO - Setting next_dagrun for etl_pipeline to 2025-10-27 00:00:00+00:00, run_after=2025-10-28 00:00:00+00:00
[2025-10-28T21:58:50.669+0000] {processor.py:208} INFO - Processing /opt/airflow/dags/etl_pipeline_dag.py took 0.315 seconds
[2025-10-28T21:59:20.744+0000] {processor.py:186} INFO - Started process (PID=343) to work on /opt/airflow/dags/etl_pipeline_dag.py
[2025-10-28T21:59:20.745+0000] {processor.py:914} INFO - Processing file /opt/airflow/dags/etl_pipeline_dag.py for tasks to queue
[2025-10-28T21:59:20.747+0000] {logging_mixin.py:190} INFO - [2025-10-28T21:59:20.747+0000] {dagbag.py:588} INFO - Filling up the DagBag from /opt/airflow/dags/etl_pipeline_dag.py
[2025-10-28T21:59:20.767+0000] {processor.py:925} INFO - DAG(s) 'etl_pipeline' retrieved from /opt/airflow/dags/etl_pipeline_dag.py
[2025-10-28T21:59:20.778+0000] {logging_mixin.py:190} INFO - [2025-10-28T21:59:20.778+0000] {dag.py:3239} INFO - Sync 1 DAGs
[2025-10-28T21:59:20.800+0000] {logging_mixin.py:190} INFO - [2025-10-28T21:59:20.800+0000] {dag.py:4180} INFO - Setting next_dagrun for etl_pipeline to 2025-10-27 00:00:00+00:00, run_after=2025-10-28 00:00:00+00:00
[2025-10-28T21:59:20.817+0000] {processor.py:208} INFO - Processing /opt/airflow/dags/etl_pipeline_dag.py took 0.079 seconds
[2025-10-28T21:59:51.033+0000] {processor.py:186} INFO - Started process (PID=353) to work on /opt/airflow/dags/etl_pipeline_dag.py
[2025-10-28T21:59:51.034+0000] {processor.py:914} INFO - Processing file /opt/airflow/dags/etl_pipeline_dag.py for tasks to queue
[2025-10-28T21:59:51.037+0000] {logging_mixin.py:190} INFO - [2025-10-28T21:59:51.036+0000] {dagbag.py:588} INFO - Filling up the DagBag from /opt/airflow/dags/etl_pipeline_dag.py
[2025-10-28T21:59:51.055+0000] {processor.py:925} INFO - DAG(s) 'etl_pipeline' retrieved from /opt/airflow/dags/etl_pipeline_dag.py
[2025-10-28T21:59:51.066+0000] {logging_mixin.py:190} INFO - [2025-10-28T21:59:51.066+0000] {dag.py:3239} INFO - Sync 1 DAGs
[2025-10-28T21:59:51.220+0000] {logging_mixin.py:190} INFO - [2025-10-28T21:59:51.220+0000] {dag.py:4180} INFO - Setting next_dagrun for etl_pipeline to 2025-10-27 00:00:00+00:00, run_after=2025-10-28 00:00:00+00:00
[2025-10-28T21:59:51.236+0000] {processor.py:208} INFO - Processing /opt/airflow/dags/etl_pipeline_dag.py took 0.208 seconds
[2025-10-28T22:00:21.296+0000] {processor.py:186} INFO - Started process (PID=363) to work on /opt/airflow/dags/etl_pipeline_dag.py
[2025-10-28T22:00:21.297+0000] {processor.py:914} INFO - Processing file /opt/airflow/dags/etl_pipeline_dag.py for tasks to queue
[2025-10-28T22:00:21.299+0000] {logging_mixin.py:190} INFO - [2025-10-28T22:00:21.299+0000] {dagbag.py:588} INFO - Filling up the DagBag from /opt/airflow/dags/etl_pipeline_dag.py
[2025-10-28T22:00:21.319+0000] {processor.py:925} INFO - DAG(s) 'etl_pipeline' retrieved from /opt/airflow/dags/etl_pipeline_dag.py
[2025-10-28T22:00:21.552+0000] {logging_mixin.py:190} INFO - [2025-10-28T22:00:21.552+0000] {dag.py:3239} INFO - Sync 1 DAGs
[2025-10-28T22:00:21.568+0000] {logging_mixin.py:190} INFO - [2025-10-28T22:00:21.568+0000] {dag.py:4180} INFO - Setting next_dagrun for etl_pipeline to 2025-10-27 00:00:00+00:00, run_after=2025-10-28 00:00:00+00:00
[2025-10-28T22:00:21.584+0000] {processor.py:208} INFO - Processing /opt/airflow/dags/etl_pipeline_dag.py took 0.293 seconds
[2025-10-28T22:00:51.676+0000] {processor.py:186} INFO - Started process (PID=373) to work on /opt/airflow/dags/etl_pipeline_dag.py
[2025-10-28T22:00:51.677+0000] {processor.py:914} INFO - Processing file /opt/airflow/dags/etl_pipeline_dag.py for tasks to queue
[2025-10-28T22:00:51.825+0000] {logging_mixin.py:190} INFO - [2025-10-28T22:00:51.825+0000] {dagbag.py:588} INFO - Filling up the DagBag from /opt/airflow/dags/etl_pipeline_dag.py
[2025-10-28T22:00:51.841+0000] {processor.py:925} INFO - DAG(s) 'etl_pipeline' retrieved from /opt/airflow/dags/etl_pipeline_dag.py
[2025-10-28T22:00:51.860+0000] {logging_mixin.py:190} INFO - [2025-10-28T22:00:51.859+0000] {dag.py:3239} INFO - Sync 1 DAGs
[2025-10-28T22:00:51.876+0000] {logging_mixin.py:190} INFO - [2025-10-28T22:00:51.876+0000] {dag.py:4180} INFO - Setting next_dagrun for etl_pipeline to 2025-10-27 00:00:00+00:00, run_after=2025-10-28 00:00:00+00:00
[2025-10-28T22:00:51.890+0000] {processor.py:208} INFO - Processing /opt/airflow/dags/etl_pipeline_dag.py took 0.220 seconds
[2025-10-28T22:01:22.057+0000] {processor.py:186} INFO - Started process (PID=383) to work on /opt/airflow/dags/etl_pipeline_dag.py
[2025-10-28T22:01:22.058+0000] {processor.py:914} INFO - Processing file /opt/airflow/dags/etl_pipeline_dag.py for tasks to queue
[2025-10-28T22:01:22.061+0000] {logging_mixin.py:190} INFO - [2025-10-28T22:01:22.060+0000] {dagbag.py:588} INFO - Filling up the DagBag from /opt/airflow/dags/etl_pipeline_dag.py
[2025-10-28T22:01:22.080+0000] {processor.py:925} INFO - DAG(s) 'etl_pipeline' retrieved from /opt/airflow/dags/etl_pipeline_dag.py
[2025-10-28T22:01:22.091+0000] {logging_mixin.py:190} INFO - [2025-10-28T22:01:22.091+0000] {dag.py:3239} INFO - Sync 1 DAGs
[2025-10-28T22:01:22.113+0000] {logging_mixin.py:190} INFO - [2025-10-28T22:01:22.113+0000] {dag.py:4180} INFO - Setting next_dagrun for etl_pipeline to 2025-10-27 00:00:00+00:00, run_after=2025-10-28 00:00:00+00:00
[2025-10-28T22:01:22.131+0000] {processor.py:208} INFO - Processing /opt/airflow/dags/etl_pipeline_dag.py took 0.080 seconds
[2025-10-28T22:01:52.209+0000] {processor.py:186} INFO - Started process (PID=393) to work on /opt/airflow/dags/etl_pipeline_dag.py
[2025-10-28T22:01:52.210+0000] {processor.py:914} INFO - Processing file /opt/airflow/dags/etl_pipeline_dag.py for tasks to queue
[2025-10-28T22:01:52.212+0000] {logging_mixin.py:190} INFO - [2025-10-28T22:01:52.212+0000] {dagbag.py:588} INFO - Filling up the DagBag from /opt/airflow/dags/etl_pipeline_dag.py
[2025-10-28T22:01:52.232+0000] {processor.py:925} INFO - DAG(s) 'etl_pipeline' retrieved from /opt/airflow/dags/etl_pipeline_dag.py
[2025-10-28T22:01:52.333+0000] {logging_mixin.py:190} INFO - [2025-10-28T22:01:52.333+0000] {dag.py:3239} INFO - Sync 1 DAGs
[2025-10-28T22:01:52.352+0000] {logging_mixin.py:190} INFO - [2025-10-28T22:01:52.352+0000] {dag.py:4180} INFO - Setting next_dagrun for etl_pipeline to 2025-10-27 00:00:00+00:00, run_after=2025-10-28 00:00:00+00:00
[2025-10-28T22:01:52.368+0000] {processor.py:208} INFO - Processing /opt/airflow/dags/etl_pipeline_dag.py took 0.165 seconds
[2025-10-28T22:02:23.339+0000] {processor.py:186} INFO - Started process (PID=403) to work on /opt/airflow/dags/etl_pipeline_dag.py
[2025-10-28T22:02:23.339+0000] {processor.py:914} INFO - Processing file /opt/airflow/dags/etl_pipeline_dag.py for tasks to queue
[2025-10-28T22:02:23.342+0000] {logging_mixin.py:190} INFO - [2025-10-28T22:02:23.342+0000] {dagbag.py:588} INFO - Filling up the DagBag from /opt/airflow/dags/etl_pipeline_dag.py
[2025-10-28T22:02:23.365+0000] {processor.py:925} INFO - DAG(s) 'etl_pipeline' retrieved from /opt/airflow/dags/etl_pipeline_dag.py
[2025-10-28T22:02:23.391+0000] {logging_mixin.py:190} INFO - [2025-10-28T22:02:23.391+0000] {dag.py:3239} INFO - Sync 1 DAGs
[2025-10-28T22:02:23.412+0000] {logging_mixin.py:190} INFO - [2025-10-28T22:02:23.412+0000] {dag.py:4180} INFO - Setting next_dagrun for etl_pipeline to 2025-10-27 00:00:00+00:00, run_after=2025-10-28 00:00:00+00:00
[2025-10-28T22:02:23.428+0000] {processor.py:208} INFO - Processing /opt/airflow/dags/etl_pipeline_dag.py took 0.095 seconds
[2025-10-28T22:02:54.468+0000] {processor.py:186} INFO - Started process (PID=413) to work on /opt/airflow/dags/etl_pipeline_dag.py
[2025-10-28T22:02:54.468+0000] {processor.py:914} INFO - Processing file /opt/airflow/dags/etl_pipeline_dag.py for tasks to queue
[2025-10-28T22:02:54.470+0000] {logging_mixin.py:190} INFO - [2025-10-28T22:02:54.470+0000] {dagbag.py:588} INFO - Filling up the DagBag from /opt/airflow/dags/etl_pipeline_dag.py
[2025-10-28T22:02:54.488+0000] {processor.py:925} INFO - DAG(s) 'etl_pipeline' retrieved from /opt/airflow/dags/etl_pipeline_dag.py
[2025-10-28T22:02:54.499+0000] {logging_mixin.py:190} INFO - [2025-10-28T22:02:54.498+0000] {dag.py:3239} INFO - Sync 1 DAGs
[2025-10-28T22:02:54.519+0000] {logging_mixin.py:190} INFO - [2025-10-28T22:02:54.518+0000] {dag.py:4180} INFO - Setting next_dagrun for etl_pipeline to 2025-10-27 00:00:00+00:00, run_after=2025-10-28 00:00:00+00:00
[2025-10-28T22:02:54.534+0000] {processor.py:208} INFO - Processing /opt/airflow/dags/etl_pipeline_dag.py took 0.072 seconds
[2025-10-28T22:03:25.561+0000] {processor.py:186} INFO - Started process (PID=423) to work on /opt/airflow/dags/etl_pipeline_dag.py
[2025-10-28T22:03:25.562+0000] {processor.py:914} INFO - Processing file /opt/airflow/dags/etl_pipeline_dag.py for tasks to queue
[2025-10-28T22:03:25.564+0000] {logging_mixin.py:190} INFO - [2025-10-28T22:03:25.564+0000] {dagbag.py:588} INFO - Filling up the DagBag from /opt/airflow/dags/etl_pipeline_dag.py
[2025-10-28T22:03:25.582+0000] {processor.py:925} INFO - DAG(s) 'etl_pipeline' retrieved from /opt/airflow/dags/etl_pipeline_dag.py
[2025-10-28T22:03:25.682+0000] {logging_mixin.py:190} INFO - [2025-10-28T22:03:25.681+0000] {dag.py:3239} INFO - Sync 1 DAGs
[2025-10-28T22:03:25.702+0000] {logging_mixin.py:190} INFO - [2025-10-28T22:03:25.702+0000] {dag.py:4180} INFO - Setting next_dagrun for etl_pipeline to 2025-10-27 00:00:00+00:00, run_after=2025-10-28 00:00:00+00:00
[2025-10-28T22:03:25.719+0000] {processor.py:208} INFO - Processing /opt/airflow/dags/etl_pipeline_dag.py took 0.163 seconds
[2025-10-28T22:03:55.963+0000] {processor.py:186} INFO - Started process (PID=433) to work on /opt/airflow/dags/etl_pipeline_dag.py
[2025-10-28T22:03:55.964+0000] {processor.py:914} INFO - Processing file /opt/airflow/dags/etl_pipeline_dag.py for tasks to queue
[2025-10-28T22:03:55.966+0000] {logging_mixin.py:190} INFO - [2025-10-28T22:03:55.966+0000] {dagbag.py:588} INFO - Filling up the DagBag from /opt/airflow/dags/etl_pipeline_dag.py
[2025-10-28T22:03:55.983+0000] {processor.py:925} INFO - DAG(s) 'etl_pipeline' retrieved from /opt/airflow/dags/etl_pipeline_dag.py
[2025-10-28T22:03:56.005+0000] {logging_mixin.py:190} INFO - [2025-10-28T22:03:56.005+0000] {dag.py:3239} INFO - Sync 1 DAGs
[2025-10-28T22:03:56.025+0000] {logging_mixin.py:190} INFO - [2025-10-28T22:03:56.024+0000] {dag.py:4180} INFO - Setting next_dagrun for etl_pipeline to 2025-10-27 00:00:00+00:00, run_after=2025-10-28 00:00:00+00:00
[2025-10-28T22:03:56.042+0000] {processor.py:208} INFO - Processing /opt/airflow/dags/etl_pipeline_dag.py took 0.084 seconds
[2025-10-28T22:04:26.147+0000] {processor.py:186} INFO - Started process (PID=443) to work on /opt/airflow/dags/etl_pipeline_dag.py
[2025-10-28T22:04:26.148+0000] {processor.py:914} INFO - Processing file /opt/airflow/dags/etl_pipeline_dag.py for tasks to queue
[2025-10-28T22:04:26.150+0000] {logging_mixin.py:190} INFO - [2025-10-28T22:04:26.150+0000] {dagbag.py:588} INFO - Filling up the DagBag from /opt/airflow/dags/etl_pipeline_dag.py
[2025-10-28T22:04:26.168+0000] {processor.py:925} INFO - DAG(s) 'etl_pipeline' retrieved from /opt/airflow/dags/etl_pipeline_dag.py
[2025-10-28T22:04:26.178+0000] {logging_mixin.py:190} INFO - [2025-10-28T22:04:26.178+0000] {dag.py:3239} INFO - Sync 1 DAGs
[2025-10-28T22:04:26.201+0000] {logging_mixin.py:190} INFO - [2025-10-28T22:04:26.200+0000] {dag.py:4180} INFO - Setting next_dagrun for etl_pipeline to 2025-10-27 00:00:00+00:00, run_after=2025-10-28 00:00:00+00:00
[2025-10-28T22:04:26.218+0000] {processor.py:208} INFO - Processing /opt/airflow/dags/etl_pipeline_dag.py took 0.076 seconds
[2025-10-28T22:04:57.228+0000] {processor.py:186} INFO - Started process (PID=453) to work on /opt/airflow/dags/etl_pipeline_dag.py
[2025-10-28T22:04:57.229+0000] {processor.py:914} INFO - Processing file /opt/airflow/dags/etl_pipeline_dag.py for tasks to queue
[2025-10-28T22:04:57.232+0000] {logging_mixin.py:190} INFO - [2025-10-28T22:04:57.231+0000] {dagbag.py:588} INFO - Filling up the DagBag from /opt/airflow/dags/etl_pipeline_dag.py
[2025-10-28T22:04:57.251+0000] {processor.py:925} INFO - DAG(s) 'etl_pipeline' retrieved from /opt/airflow/dags/etl_pipeline_dag.py
[2025-10-28T22:04:57.352+0000] {logging_mixin.py:190} INFO - [2025-10-28T22:04:57.352+0000] {dag.py:3239} INFO - Sync 1 DAGs
[2025-10-28T22:04:57.372+0000] {logging_mixin.py:190} INFO - [2025-10-28T22:04:57.372+0000] {dag.py:4180} INFO - Setting next_dagrun for etl_pipeline to 2025-10-27 00:00:00+00:00, run_after=2025-10-28 00:00:00+00:00
[2025-10-28T22:04:57.388+0000] {processor.py:208} INFO - Processing /opt/airflow/dags/etl_pipeline_dag.py took 0.165 seconds
[2025-10-28T22:05:27.963+0000] {processor.py:186} INFO - Started process (PID=466) to work on /opt/airflow/dags/etl_pipeline_dag.py
[2025-10-28T22:05:27.964+0000] {processor.py:914} INFO - Processing file /opt/airflow/dags/etl_pipeline_dag.py for tasks to queue
[2025-10-28T22:05:27.966+0000] {logging_mixin.py:190} INFO - [2025-10-28T22:05:27.966+0000] {dagbag.py:588} INFO - Filling up the DagBag from /opt/airflow/dags/etl_pipeline_dag.py
[2025-10-28T22:05:27.987+0000] {processor.py:925} INFO - DAG(s) 'etl_pipeline' retrieved from /opt/airflow/dags/etl_pipeline_dag.py
[2025-10-28T22:05:28.018+0000] {logging_mixin.py:190} INFO - [2025-10-28T22:05:28.017+0000] {dag.py:3239} INFO - Sync 1 DAGs
[2025-10-28T22:05:28.041+0000] {logging_mixin.py:190} INFO - [2025-10-28T22:05:28.041+0000] {dag.py:4180} INFO - Setting next_dagrun for etl_pipeline to 2025-10-27 00:00:00+00:00, run_after=2025-10-28 00:00:00+00:00
[2025-10-28T22:05:28.061+0000] {processor.py:208} INFO - Processing /opt/airflow/dags/etl_pipeline_dag.py took 0.104 seconds
[2025-10-28T22:05:58.610+0000] {processor.py:186} INFO - Started process (PID=476) to work on /opt/airflow/dags/etl_pipeline_dag.py
[2025-10-28T22:05:58.612+0000] {processor.py:914} INFO - Processing file /opt/airflow/dags/etl_pipeline_dag.py for tasks to queue
[2025-10-28T22:05:58.615+0000] {logging_mixin.py:190} INFO - [2025-10-28T22:05:58.615+0000] {dagbag.py:588} INFO - Filling up the DagBag from /opt/airflow/dags/etl_pipeline_dag.py
[2025-10-28T22:05:58.641+0000] {processor.py:925} INFO - DAG(s) 'etl_pipeline' retrieved from /opt/airflow/dags/etl_pipeline_dag.py
[2025-10-28T22:05:58.757+0000] {logging_mixin.py:190} INFO - [2025-10-28T22:05:58.757+0000] {dag.py:3239} INFO - Sync 1 DAGs
[2025-10-28T22:05:58.776+0000] {logging_mixin.py:190} INFO - [2025-10-28T22:05:58.775+0000] {dag.py:4180} INFO - Setting next_dagrun for etl_pipeline to 2025-10-27 00:00:00+00:00, run_after=2025-10-28 00:00:00+00:00
[2025-10-28T22:05:58.792+0000] {processor.py:208} INFO - Processing /opt/airflow/dags/etl_pipeline_dag.py took 0.192 seconds
[2025-10-28T22:06:29.288+0000] {processor.py:186} INFO - Started process (PID=486) to work on /opt/airflow/dags/etl_pipeline_dag.py
[2025-10-28T22:06:29.289+0000] {processor.py:914} INFO - Processing file /opt/airflow/dags/etl_pipeline_dag.py for tasks to queue
[2025-10-28T22:06:29.292+0000] {logging_mixin.py:190} INFO - [2025-10-28T22:06:29.292+0000] {dagbag.py:588} INFO - Filling up the DagBag from /opt/airflow/dags/etl_pipeline_dag.py
[2025-10-28T22:06:29.312+0000] {processor.py:925} INFO - DAG(s) 'etl_pipeline' retrieved from /opt/airflow/dags/etl_pipeline_dag.py
[2025-10-28T22:06:29.336+0000] {logging_mixin.py:190} INFO - [2025-10-28T22:06:29.336+0000] {dag.py:3239} INFO - Sync 1 DAGs
[2025-10-28T22:06:29.360+0000] {logging_mixin.py:190} INFO - [2025-10-28T22:06:29.360+0000] {dag.py:4180} INFO - Setting next_dagrun for etl_pipeline to 2025-10-27 00:00:00+00:00, run_after=2025-10-28 00:00:00+00:00
[2025-10-28T22:06:29.377+0000] {processor.py:208} INFO - Processing /opt/airflow/dags/etl_pipeline_dag.py took 0.095 seconds
[2025-10-28T22:07:00.240+0000] {processor.py:186} INFO - Started process (PID=496) to work on /opt/airflow/dags/etl_pipeline_dag.py
[2025-10-28T22:07:00.241+0000] {processor.py:914} INFO - Processing file /opt/airflow/dags/etl_pipeline_dag.py for tasks to queue
[2025-10-28T22:07:00.244+0000] {logging_mixin.py:190} INFO - [2025-10-28T22:07:00.243+0000] {dagbag.py:588} INFO - Filling up the DagBag from /opt/airflow/dags/etl_pipeline_dag.py
[2025-10-28T22:07:00.264+0000] {processor.py:925} INFO - DAG(s) 'etl_pipeline' retrieved from /opt/airflow/dags/etl_pipeline_dag.py
[2025-10-28T22:07:00.369+0000] {logging_mixin.py:190} INFO - [2025-10-28T22:07:00.369+0000] {dag.py:3239} INFO - Sync 1 DAGs
[2025-10-28T22:07:00.388+0000] {logging_mixin.py:190} INFO - [2025-10-28T22:07:00.387+0000] {dag.py:4180} INFO - Setting next_dagrun for etl_pipeline to 2025-10-27 00:00:00+00:00, run_after=2025-10-28 00:00:00+00:00
[2025-10-28T22:07:00.406+0000] {processor.py:208} INFO - Processing /opt/airflow/dags/etl_pipeline_dag.py took 0.172 seconds
[2025-10-28T22:07:31.354+0000] {processor.py:186} INFO - Started process (PID=506) to work on /opt/airflow/dags/etl_pipeline_dag.py
[2025-10-28T22:07:31.355+0000] {processor.py:914} INFO - Processing file /opt/airflow/dags/etl_pipeline_dag.py for tasks to queue
[2025-10-28T22:07:31.358+0000] {logging_mixin.py:190} INFO - [2025-10-28T22:07:31.357+0000] {dagbag.py:588} INFO - Filling up the DagBag from /opt/airflow/dags/etl_pipeline_dag.py
[2025-10-28T22:07:31.379+0000] {processor.py:925} INFO - DAG(s) 'etl_pipeline' retrieved from /opt/airflow/dags/etl_pipeline_dag.py
[2025-10-28T22:07:31.405+0000] {logging_mixin.py:190} INFO - [2025-10-28T22:07:31.404+0000] {dag.py:3239} INFO - Sync 1 DAGs
[2025-10-28T22:07:31.428+0000] {logging_mixin.py:190} INFO - [2025-10-28T22:07:31.428+0000] {dag.py:4180} INFO - Setting next_dagrun for etl_pipeline to 2025-10-27 00:00:00+00:00, run_after=2025-10-28 00:00:00+00:00
[2025-10-28T22:07:31.444+0000] {processor.py:208} INFO - Processing /opt/airflow/dags/etl_pipeline_dag.py took 0.097 seconds
[2025-10-28T22:08:02.369+0000] {processor.py:186} INFO - Started process (PID=516) to work on /opt/airflow/dags/etl_pipeline_dag.py
[2025-10-28T22:08:02.369+0000] {processor.py:914} INFO - Processing file /opt/airflow/dags/etl_pipeline_dag.py for tasks to queue
[2025-10-28T22:08:02.372+0000] {logging_mixin.py:190} INFO - [2025-10-28T22:08:02.372+0000] {dagbag.py:588} INFO - Filling up the DagBag from /opt/airflow/dags/etl_pipeline_dag.py
[2025-10-28T22:08:02.392+0000] {processor.py:925} INFO - DAG(s) 'etl_pipeline' retrieved from /opt/airflow/dags/etl_pipeline_dag.py
[2025-10-28T22:08:02.529+0000] {logging_mixin.py:190} INFO - [2025-10-28T22:08:02.529+0000] {dag.py:3239} INFO - Sync 1 DAGs
[2025-10-28T22:08:02.548+0000] {logging_mixin.py:190} INFO - [2025-10-28T22:08:02.548+0000] {dag.py:4180} INFO - Setting next_dagrun for etl_pipeline to 2025-10-27 00:00:00+00:00, run_after=2025-10-28 00:00:00+00:00
[2025-10-28T22:08:02.564+0000] {processor.py:208} INFO - Processing /opt/airflow/dags/etl_pipeline_dag.py took 0.200 seconds
[2025-10-28T22:08:32.776+0000] {processor.py:186} INFO - Started process (PID=528) to work on /opt/airflow/dags/etl_pipeline_dag.py
[2025-10-28T22:08:32.778+0000] {processor.py:914} INFO - Processing file /opt/airflow/dags/etl_pipeline_dag.py for tasks to queue
[2025-10-28T22:08:32.780+0000] {logging_mixin.py:190} INFO - [2025-10-28T22:08:32.780+0000] {dagbag.py:588} INFO - Filling up the DagBag from /opt/airflow/dags/etl_pipeline_dag.py
[2025-10-28T22:08:32.800+0000] {processor.py:925} INFO - DAG(s) 'etl_pipeline' retrieved from /opt/airflow/dags/etl_pipeline_dag.py
[2025-10-28T22:08:32.812+0000] {logging_mixin.py:190} INFO - [2025-10-28T22:08:32.811+0000] {dag.py:3239} INFO - Sync 1 DAGs
[2025-10-28T22:08:32.834+0000] {logging_mixin.py:190} INFO - [2025-10-28T22:08:32.834+0000] {dag.py:4180} INFO - Setting next_dagrun for etl_pipeline to 2025-10-27 00:00:00+00:00, run_after=2025-10-28 00:00:00+00:00
[2025-10-28T22:08:32.849+0000] {processor.py:208} INFO - Processing /opt/airflow/dags/etl_pipeline_dag.py took 0.080 seconds
[2025-10-28T22:09:03.592+0000] {processor.py:186} INFO - Started process (PID=536) to work on /opt/airflow/dags/etl_pipeline_dag.py
[2025-10-28T22:09:03.593+0000] {processor.py:914} INFO - Processing file /opt/airflow/dags/etl_pipeline_dag.py for tasks to queue
[2025-10-28T22:09:03.595+0000] {logging_mixin.py:190} INFO - [2025-10-28T22:09:03.595+0000] {dagbag.py:588} INFO - Filling up the DagBag from /opt/airflow/dags/etl_pipeline_dag.py
[2025-10-28T22:09:03.613+0000] {processor.py:925} INFO - DAG(s) 'etl_pipeline' retrieved from /opt/airflow/dags/etl_pipeline_dag.py
[2025-10-28T22:09:03.711+0000] {logging_mixin.py:190} INFO - [2025-10-28T22:09:03.710+0000] {dag.py:3239} INFO - Sync 1 DAGs
[2025-10-28T22:09:03.729+0000] {logging_mixin.py:190} INFO - [2025-10-28T22:09:03.728+0000] {dag.py:4180} INFO - Setting next_dagrun for etl_pipeline to 2025-10-27 00:00:00+00:00, run_after=2025-10-28 00:00:00+00:00
[2025-10-28T22:09:03.744+0000] {processor.py:208} INFO - Processing /opt/airflow/dags/etl_pipeline_dag.py took 0.157 seconds
[2025-10-28T22:09:34.546+0000] {processor.py:186} INFO - Started process (PID=546) to work on /opt/airflow/dags/etl_pipeline_dag.py
[2025-10-28T22:09:34.547+0000] {processor.py:914} INFO - Processing file /opt/airflow/dags/etl_pipeline_dag.py for tasks to queue
[2025-10-28T22:09:34.549+0000] {logging_mixin.py:190} INFO - [2025-10-28T22:09:34.548+0000] {dagbag.py:588} INFO - Filling up the DagBag from /opt/airflow/dags/etl_pipeline_dag.py
[2025-10-28T22:09:34.567+0000] {processor.py:925} INFO - DAG(s) 'etl_pipeline' retrieved from /opt/airflow/dags/etl_pipeline_dag.py
[2025-10-28T22:09:34.591+0000] {logging_mixin.py:190} INFO - [2025-10-28T22:09:34.590+0000] {dag.py:3239} INFO - Sync 1 DAGs
[2025-10-28T22:09:34.613+0000] {logging_mixin.py:190} INFO - [2025-10-28T22:09:34.613+0000] {dag.py:4180} INFO - Setting next_dagrun for etl_pipeline to 2025-10-27 00:00:00+00:00, run_after=2025-10-28 00:00:00+00:00
[2025-10-28T22:09:34.631+0000] {processor.py:208} INFO - Processing /opt/airflow/dags/etl_pipeline_dag.py took 0.089 seconds
[2025-10-28T22:10:05.645+0000] {processor.py:186} INFO - Started process (PID=556) to work on /opt/airflow/dags/etl_pipeline_dag.py
[2025-10-28T22:10:05.645+0000] {processor.py:914} INFO - Processing file /opt/airflow/dags/etl_pipeline_dag.py for tasks to queue
[2025-10-28T22:10:05.648+0000] {logging_mixin.py:190} INFO - [2025-10-28T22:10:05.647+0000] {dagbag.py:588} INFO - Filling up the DagBag from /opt/airflow/dags/etl_pipeline_dag.py
[2025-10-28T22:10:05.666+0000] {processor.py:925} INFO - DAG(s) 'etl_pipeline' retrieved from /opt/airflow/dags/etl_pipeline_dag.py
[2025-10-28T22:10:05.772+0000] {logging_mixin.py:190} INFO - [2025-10-28T22:10:05.771+0000] {dag.py:3239} INFO - Sync 1 DAGs
[2025-10-28T22:10:05.795+0000] {logging_mixin.py:190} INFO - [2025-10-28T22:10:05.795+0000] {dag.py:4180} INFO - Setting next_dagrun for etl_pipeline to 2025-10-27 00:00:00+00:00, run_after=2025-10-28 00:00:00+00:00
[2025-10-28T22:10:05.814+0000] {processor.py:208} INFO - Processing /opt/airflow/dags/etl_pipeline_dag.py took 0.174 seconds
[2025-10-28T22:10:36.756+0000] {processor.py:186} INFO - Started process (PID=566) to work on /opt/airflow/dags/etl_pipeline_dag.py
[2025-10-28T22:10:36.757+0000] {processor.py:914} INFO - Processing file /opt/airflow/dags/etl_pipeline_dag.py for tasks to queue
[2025-10-28T22:10:36.760+0000] {logging_mixin.py:190} INFO - [2025-10-28T22:10:36.759+0000] {dagbag.py:588} INFO - Filling up the DagBag from /opt/airflow/dags/etl_pipeline_dag.py
[2025-10-28T22:10:36.782+0000] {processor.py:925} INFO - DAG(s) 'etl_pipeline' retrieved from /opt/airflow/dags/etl_pipeline_dag.py
[2025-10-28T22:10:36.816+0000] {logging_mixin.py:190} INFO - [2025-10-28T22:10:36.816+0000] {dag.py:3239} INFO - Sync 1 DAGs
[2025-10-28T22:10:36.838+0000] {logging_mixin.py:190} INFO - [2025-10-28T22:10:36.838+0000] {dag.py:4180} INFO - Setting next_dagrun for etl_pipeline to 2025-10-27 00:00:00+00:00, run_after=2025-10-28 00:00:00+00:00
[2025-10-28T22:10:36.854+0000] {processor.py:208} INFO - Processing /opt/airflow/dags/etl_pipeline_dag.py took 0.104 seconds
[2025-10-28T22:11:07.756+0000] {processor.py:186} INFO - Started process (PID=576) to work on /opt/airflow/dags/etl_pipeline_dag.py
[2025-10-28T22:11:07.757+0000] {processor.py:914} INFO - Processing file /opt/airflow/dags/etl_pipeline_dag.py for tasks to queue
[2025-10-28T22:11:07.759+0000] {logging_mixin.py:190} INFO - [2025-10-28T22:11:07.758+0000] {dagbag.py:588} INFO - Filling up the DagBag from /opt/airflow/dags/etl_pipeline_dag.py
[2025-10-28T22:11:07.778+0000] {processor.py:925} INFO - DAG(s) 'etl_pipeline' retrieved from /opt/airflow/dags/etl_pipeline_dag.py
[2025-10-28T22:11:07.881+0000] {logging_mixin.py:190} INFO - [2025-10-28T22:11:07.880+0000] {dag.py:3239} INFO - Sync 1 DAGs
[2025-10-28T22:11:07.899+0000] {logging_mixin.py:190} INFO - [2025-10-28T22:11:07.898+0000] {dag.py:4180} INFO - Setting next_dagrun for etl_pipeline to 2025-10-27 00:00:00+00:00, run_after=2025-10-28 00:00:00+00:00
[2025-10-28T22:11:07.914+0000] {processor.py:208} INFO - Processing /opt/airflow/dags/etl_pipeline_dag.py took 0.163 seconds
[2025-10-28T22:11:38.762+0000] {processor.py:186} INFO - Started process (PID=586) to work on /opt/airflow/dags/etl_pipeline_dag.py
[2025-10-28T22:11:38.763+0000] {processor.py:914} INFO - Processing file /opt/airflow/dags/etl_pipeline_dag.py for tasks to queue
[2025-10-28T22:11:38.766+0000] {logging_mixin.py:190} INFO - [2025-10-28T22:11:38.765+0000] {dagbag.py:588} INFO - Filling up the DagBag from /opt/airflow/dags/etl_pipeline_dag.py
[2025-10-28T22:11:38.785+0000] {processor.py:925} INFO - DAG(s) 'etl_pipeline' retrieved from /opt/airflow/dags/etl_pipeline_dag.py
[2025-10-28T22:11:38.810+0000] {logging_mixin.py:190} INFO - [2025-10-28T22:11:38.810+0000] {dag.py:3239} INFO - Sync 1 DAGs
[2025-10-28T22:11:38.833+0000] {logging_mixin.py:190} INFO - [2025-10-28T22:11:38.833+0000] {dag.py:4180} INFO - Setting next_dagrun for etl_pipeline to 2025-10-27 00:00:00+00:00, run_after=2025-10-28 00:00:00+00:00
[2025-10-28T22:11:38.849+0000] {processor.py:208} INFO - Processing /opt/airflow/dags/etl_pipeline_dag.py took 0.093 seconds
[2025-10-28T22:12:09.721+0000] {processor.py:186} INFO - Started process (PID=596) to work on /opt/airflow/dags/etl_pipeline_dag.py
[2025-10-28T22:12:09.722+0000] {processor.py:914} INFO - Processing file /opt/airflow/dags/etl_pipeline_dag.py for tasks to queue
[2025-10-28T22:12:09.725+0000] {logging_mixin.py:190} INFO - [2025-10-28T22:12:09.725+0000] {dagbag.py:588} INFO - Filling up the DagBag from /opt/airflow/dags/etl_pipeline_dag.py
[2025-10-28T22:12:09.745+0000] {processor.py:925} INFO - DAG(s) 'etl_pipeline' retrieved from /opt/airflow/dags/etl_pipeline_dag.py
[2025-10-28T22:12:09.847+0000] {logging_mixin.py:190} INFO - [2025-10-28T22:12:09.847+0000] {dag.py:3239} INFO - Sync 1 DAGs
[2025-10-28T22:12:09.865+0000] {logging_mixin.py:190} INFO - [2025-10-28T22:12:09.865+0000] {dag.py:4180} INFO - Setting next_dagrun for etl_pipeline to 2025-10-27 00:00:00+00:00, run_after=2025-10-28 00:00:00+00:00
[2025-10-28T22:12:09.882+0000] {processor.py:208} INFO - Processing /opt/airflow/dags/etl_pipeline_dag.py took 0.165 seconds
[2025-10-28T22:12:40.122+0000] {processor.py:186} INFO - Started process (PID=606) to work on /opt/airflow/dags/etl_pipeline_dag.py
[2025-10-28T22:12:40.123+0000] {processor.py:914} INFO - Processing file /opt/airflow/dags/etl_pipeline_dag.py for tasks to queue
[2025-10-28T22:12:40.125+0000] {logging_mixin.py:190} INFO - [2025-10-28T22:12:40.125+0000] {dagbag.py:588} INFO - Filling up the DagBag from /opt/airflow/dags/etl_pipeline_dag.py
[2025-10-28T22:12:40.147+0000] {processor.py:925} INFO - DAG(s) 'etl_pipeline' retrieved from /opt/airflow/dags/etl_pipeline_dag.py
[2025-10-28T22:12:40.171+0000] {logging_mixin.py:190} INFO - [2025-10-28T22:12:40.171+0000] {dag.py:3239} INFO - Sync 1 DAGs
[2025-10-28T22:12:40.194+0000] {logging_mixin.py:190} INFO - [2025-10-28T22:12:40.194+0000] {dag.py:4180} INFO - Setting next_dagrun for etl_pipeline to 2025-10-27 00:00:00+00:00, run_after=2025-10-28 00:00:00+00:00
[2025-10-28T22:12:40.218+0000] {processor.py:208} INFO - Processing /opt/airflow/dags/etl_pipeline_dag.py took 0.102 seconds
[2025-10-28T22:13:11.145+0000] {processor.py:186} INFO - Started process (PID=616) to work on /opt/airflow/dags/etl_pipeline_dag.py
[2025-10-28T22:13:11.146+0000] {processor.py:914} INFO - Processing file /opt/airflow/dags/etl_pipeline_dag.py for tasks to queue
[2025-10-28T22:13:11.149+0000] {logging_mixin.py:190} INFO - [2025-10-28T22:13:11.148+0000] {dagbag.py:588} INFO - Filling up the DagBag from /opt/airflow/dags/etl_pipeline_dag.py
[2025-10-28T22:13:11.169+0000] {processor.py:925} INFO - DAG(s) 'etl_pipeline' retrieved from /opt/airflow/dags/etl_pipeline_dag.py
[2025-10-28T22:13:11.271+0000] {logging_mixin.py:190} INFO - [2025-10-28T22:13:11.271+0000] {dag.py:3239} INFO - Sync 1 DAGs
[2025-10-28T22:13:11.291+0000] {logging_mixin.py:190} INFO - [2025-10-28T22:13:11.290+0000] {dag.py:4180} INFO - Setting next_dagrun for etl_pipeline to 2025-10-27 00:00:00+00:00, run_after=2025-10-28 00:00:00+00:00
[2025-10-28T22:13:11.307+0000] {processor.py:208} INFO - Processing /opt/airflow/dags/etl_pipeline_dag.py took 0.168 seconds
[2025-10-28T22:13:41.514+0000] {processor.py:186} INFO - Started process (PID=628) to work on /opt/airflow/dags/etl_pipeline_dag.py
[2025-10-28T22:13:41.515+0000] {processor.py:914} INFO - Processing file /opt/airflow/dags/etl_pipeline_dag.py for tasks to queue
[2025-10-28T22:13:41.517+0000] {logging_mixin.py:190} INFO - [2025-10-28T22:13:41.517+0000] {dagbag.py:588} INFO - Filling up the DagBag from /opt/airflow/dags/etl_pipeline_dag.py
[2025-10-28T22:13:41.535+0000] {processor.py:925} INFO - DAG(s) 'etl_pipeline' retrieved from /opt/airflow/dags/etl_pipeline_dag.py
[2025-10-28T22:13:41.545+0000] {logging_mixin.py:190} INFO - [2025-10-28T22:13:41.545+0000] {dag.py:3239} INFO - Sync 1 DAGs
[2025-10-28T22:13:41.566+0000] {logging_mixin.py:190} INFO - [2025-10-28T22:13:41.565+0000] {dag.py:4180} INFO - Setting next_dagrun for etl_pipeline to 2025-10-27 00:00:00+00:00, run_after=2025-10-28 00:00:00+00:00
[2025-10-28T22:13:41.581+0000] {processor.py:208} INFO - Processing /opt/airflow/dags/etl_pipeline_dag.py took 0.073 seconds
[2025-10-28T22:14:12.364+0000] {processor.py:186} INFO - Started process (PID=636) to work on /opt/airflow/dags/etl_pipeline_dag.py
[2025-10-28T22:14:12.365+0000] {processor.py:914} INFO - Processing file /opt/airflow/dags/etl_pipeline_dag.py for tasks to queue
[2025-10-28T22:14:12.368+0000] {logging_mixin.py:190} INFO - [2025-10-28T22:14:12.367+0000] {dagbag.py:588} INFO - Filling up the DagBag from /opt/airflow/dags/etl_pipeline_dag.py
[2025-10-28T22:14:12.387+0000] {processor.py:925} INFO - DAG(s) 'etl_pipeline' retrieved from /opt/airflow/dags/etl_pipeline_dag.py
[2025-10-28T22:14:12.497+0000] {logging_mixin.py:190} INFO - [2025-10-28T22:14:12.497+0000] {dag.py:3239} INFO - Sync 1 DAGs
[2025-10-28T22:14:12.516+0000] {logging_mixin.py:190} INFO - [2025-10-28T22:14:12.516+0000] {dag.py:4180} INFO - Setting next_dagrun for etl_pipeline to 2025-10-27 00:00:00+00:00, run_after=2025-10-28 00:00:00+00:00
[2025-10-28T22:14:12.531+0000] {processor.py:208} INFO - Processing /opt/airflow/dags/etl_pipeline_dag.py took 0.173 seconds
[2025-10-28T22:14:43.409+0000] {processor.py:186} INFO - Started process (PID=646) to work on /opt/airflow/dags/etl_pipeline_dag.py
[2025-10-28T22:14:43.410+0000] {processor.py:914} INFO - Processing file /opt/airflow/dags/etl_pipeline_dag.py for tasks to queue
[2025-10-28T22:14:43.412+0000] {logging_mixin.py:190} INFO - [2025-10-28T22:14:43.412+0000] {dagbag.py:588} INFO - Filling up the DagBag from /opt/airflow/dags/etl_pipeline_dag.py
[2025-10-28T22:14:43.432+0000] {processor.py:925} INFO - DAG(s) 'etl_pipeline' retrieved from /opt/airflow/dags/etl_pipeline_dag.py
[2025-10-28T22:14:43.457+0000] {logging_mixin.py:190} INFO - [2025-10-28T22:14:43.457+0000] {dag.py:3239} INFO - Sync 1 DAGs
[2025-10-28T22:14:43.478+0000] {logging_mixin.py:190} INFO - [2025-10-28T22:14:43.478+0000] {dag.py:4180} INFO - Setting next_dagrun for etl_pipeline to 2025-10-27 00:00:00+00:00, run_after=2025-10-28 00:00:00+00:00
[2025-10-28T22:14:43.495+0000] {processor.py:208} INFO - Processing /opt/airflow/dags/etl_pipeline_dag.py took 0.092 seconds
[2025-10-28T22:15:14.434+0000] {processor.py:186} INFO - Started process (PID=656) to work on /opt/airflow/dags/etl_pipeline_dag.py
[2025-10-28T22:15:14.434+0000] {processor.py:914} INFO - Processing file /opt/airflow/dags/etl_pipeline_dag.py for tasks to queue
[2025-10-28T22:15:14.437+0000] {logging_mixin.py:190} INFO - [2025-10-28T22:15:14.437+0000] {dagbag.py:588} INFO - Filling up the DagBag from /opt/airflow/dags/etl_pipeline_dag.py
[2025-10-28T22:15:14.456+0000] {processor.py:925} INFO - DAG(s) 'etl_pipeline' retrieved from /opt/airflow/dags/etl_pipeline_dag.py
[2025-10-28T22:15:14.563+0000] {logging_mixin.py:190} INFO - [2025-10-28T22:15:14.563+0000] {dag.py:3239} INFO - Sync 1 DAGs
[2025-10-28T22:15:14.583+0000] {logging_mixin.py:190} INFO - [2025-10-28T22:15:14.583+0000] {dag.py:4180} INFO - Setting next_dagrun for etl_pipeline to 2025-10-27 00:00:00+00:00, run_after=2025-10-28 00:00:00+00:00
[2025-10-28T22:15:14.600+0000] {processor.py:208} INFO - Processing /opt/airflow/dags/etl_pipeline_dag.py took 0.171 seconds
[2025-10-28T22:15:45.311+0000] {processor.py:186} INFO - Started process (PID=666) to work on /opt/airflow/dags/etl_pipeline_dag.py
[2025-10-28T22:15:45.312+0000] {processor.py:914} INFO - Processing file /opt/airflow/dags/etl_pipeline_dag.py for tasks to queue
[2025-10-28T22:15:45.314+0000] {logging_mixin.py:190} INFO - [2025-10-28T22:15:45.314+0000] {dagbag.py:588} INFO - Filling up the DagBag from /opt/airflow/dags/etl_pipeline_dag.py
[2025-10-28T22:15:45.334+0000] {processor.py:925} INFO - DAG(s) 'etl_pipeline' retrieved from /opt/airflow/dags/etl_pipeline_dag.py
[2025-10-28T22:15:45.359+0000] {logging_mixin.py:190} INFO - [2025-10-28T22:15:45.359+0000] {dag.py:3239} INFO - Sync 1 DAGs
[2025-10-28T22:15:45.384+0000] {logging_mixin.py:190} INFO - [2025-10-28T22:15:45.383+0000] {dag.py:4180} INFO - Setting next_dagrun for etl_pipeline to 2025-10-27 00:00:00+00:00, run_after=2025-10-28 00:00:00+00:00
[2025-10-28T22:15:45.400+0000] {processor.py:208} INFO - Processing /opt/airflow/dags/etl_pipeline_dag.py took 0.096 seconds
[2025-10-28T22:16:16.246+0000] {processor.py:186} INFO - Started process (PID=676) to work on /opt/airflow/dags/etl_pipeline_dag.py
[2025-10-28T22:16:16.247+0000] {processor.py:914} INFO - Processing file /opt/airflow/dags/etl_pipeline_dag.py for tasks to queue
[2025-10-28T22:16:16.249+0000] {logging_mixin.py:190} INFO - [2025-10-28T22:16:16.248+0000] {dagbag.py:588} INFO - Filling up the DagBag from /opt/airflow/dags/etl_pipeline_dag.py
[2025-10-28T22:16:16.268+0000] {processor.py:925} INFO - DAG(s) 'etl_pipeline' retrieved from /opt/airflow/dags/etl_pipeline_dag.py
[2025-10-28T22:16:16.373+0000] {logging_mixin.py:190} INFO - [2025-10-28T22:16:16.372+0000] {dag.py:3239} INFO - Sync 1 DAGs
[2025-10-28T22:16:16.390+0000] {logging_mixin.py:190} INFO - [2025-10-28T22:16:16.390+0000] {dag.py:4180} INFO - Setting next_dagrun for etl_pipeline to 2025-10-27 00:00:00+00:00, run_after=2025-10-28 00:00:00+00:00
[2025-10-28T22:16:16.406+0000] {processor.py:208} INFO - Processing /opt/airflow/dags/etl_pipeline_dag.py took 0.166 seconds
[2025-10-28T22:16:47.223+0000] {processor.py:186} INFO - Started process (PID=686) to work on /opt/airflow/dags/etl_pipeline_dag.py
[2025-10-28T22:16:47.224+0000] {processor.py:914} INFO - Processing file /opt/airflow/dags/etl_pipeline_dag.py for tasks to queue
[2025-10-28T22:16:47.227+0000] {logging_mixin.py:190} INFO - [2025-10-28T22:16:47.226+0000] {dagbag.py:588} INFO - Filling up the DagBag from /opt/airflow/dags/etl_pipeline_dag.py
[2025-10-28T22:16:47.248+0000] {processor.py:925} INFO - DAG(s) 'etl_pipeline' retrieved from /opt/airflow/dags/etl_pipeline_dag.py
[2025-10-28T22:16:47.272+0000] {logging_mixin.py:190} INFO - [2025-10-28T22:16:47.271+0000] {dag.py:3239} INFO - Sync 1 DAGs
[2025-10-28T22:16:47.294+0000] {logging_mixin.py:190} INFO - [2025-10-28T22:16:47.293+0000] {dag.py:4180} INFO - Setting next_dagrun for etl_pipeline to 2025-10-27 00:00:00+00:00, run_after=2025-10-28 00:00:00+00:00
[2025-10-28T22:16:47.311+0000] {processor.py:208} INFO - Processing /opt/airflow/dags/etl_pipeline_dag.py took 0.094 seconds
[2025-10-28T22:17:18.241+0000] {processor.py:186} INFO - Started process (PID=702) to work on /opt/airflow/dags/etl_pipeline_dag.py
[2025-10-28T22:17:18.242+0000] {processor.py:914} INFO - Processing file /opt/airflow/dags/etl_pipeline_dag.py for tasks to queue
[2025-10-28T22:17:18.245+0000] {logging_mixin.py:190} INFO - [2025-10-28T22:17:18.245+0000] {dagbag.py:588} INFO - Filling up the DagBag from /opt/airflow/dags/etl_pipeline_dag.py
[2025-10-28T22:17:18.266+0000] {processor.py:925} INFO - DAG(s) 'etl_pipeline' retrieved from /opt/airflow/dags/etl_pipeline_dag.py
[2025-10-28T22:17:18.388+0000] {logging_mixin.py:190} INFO - [2025-10-28T22:17:18.388+0000] {dag.py:3239} INFO - Sync 1 DAGs
[2025-10-28T22:17:18.416+0000] {logging_mixin.py:190} INFO - [2025-10-28T22:17:18.416+0000] {dag.py:4180} INFO - Setting next_dagrun for etl_pipeline to 2025-10-27 00:00:00+00:00, run_after=2025-10-28 00:00:00+00:00
[2025-10-28T22:17:18.438+0000] {processor.py:208} INFO - Processing /opt/airflow/dags/etl_pipeline_dag.py took 0.203 seconds
[2025-10-28T22:17:49.132+0000] {processor.py:186} INFO - Started process (PID=712) to work on /opt/airflow/dags/etl_pipeline_dag.py
[2025-10-28T22:17:49.133+0000] {processor.py:914} INFO - Processing file /opt/airflow/dags/etl_pipeline_dag.py for tasks to queue
[2025-10-28T22:17:49.136+0000] {logging_mixin.py:190} INFO - [2025-10-28T22:17:49.135+0000] {dagbag.py:588} INFO - Filling up the DagBag from /opt/airflow/dags/etl_pipeline_dag.py
[2025-10-28T22:17:49.158+0000] {processor.py:925} INFO - DAG(s) 'etl_pipeline' retrieved from /opt/airflow/dags/etl_pipeline_dag.py
[2025-10-28T22:17:49.182+0000] {logging_mixin.py:190} INFO - [2025-10-28T22:17:49.182+0000] {dag.py:3239} INFO - Sync 1 DAGs
[2025-10-28T22:17:49.207+0000] {logging_mixin.py:190} INFO - [2025-10-28T22:17:49.207+0000] {dag.py:4180} INFO - Setting next_dagrun for etl_pipeline to 2025-10-27 00:00:00+00:00, run_after=2025-10-28 00:00:00+00:00
[2025-10-28T22:17:49.223+0000] {processor.py:208} INFO - Processing /opt/airflow/dags/etl_pipeline_dag.py took 0.096 seconds
[2025-10-28T22:18:19.355+0000] {processor.py:186} INFO - Started process (PID=728) to work on /opt/airflow/dags/etl_pipeline_dag.py
[2025-10-28T22:18:19.356+0000] {processor.py:914} INFO - Processing file /opt/airflow/dags/etl_pipeline_dag.py for tasks to queue
[2025-10-28T22:18:19.358+0000] {logging_mixin.py:190} INFO - [2025-10-28T22:18:19.358+0000] {dagbag.py:588} INFO - Filling up the DagBag from /opt/airflow/dags/etl_pipeline_dag.py
[2025-10-28T22:18:19.379+0000] {processor.py:925} INFO - DAG(s) 'etl_pipeline' retrieved from /opt/airflow/dags/etl_pipeline_dag.py
[2025-10-28T22:18:19.481+0000] {logging_mixin.py:190} INFO - [2025-10-28T22:18:19.480+0000] {dag.py:3239} INFO - Sync 1 DAGs
[2025-10-28T22:18:19.499+0000] {logging_mixin.py:190} INFO - [2025-10-28T22:18:19.499+0000] {dag.py:4180} INFO - Setting next_dagrun for etl_pipeline to 2025-10-27 00:00:00+00:00, run_after=2025-10-28 00:00:00+00:00
[2025-10-28T22:18:19.513+0000] {processor.py:208} INFO - Processing /opt/airflow/dags/etl_pipeline_dag.py took 0.164 seconds
[2025-10-28T22:18:49.792+0000] {processor.py:186} INFO - Started process (PID=744) to work on /opt/airflow/dags/etl_pipeline_dag.py
[2025-10-28T22:18:49.793+0000] {processor.py:914} INFO - Processing file /opt/airflow/dags/etl_pipeline_dag.py for tasks to queue
[2025-10-28T22:18:49.796+0000] {logging_mixin.py:190} INFO - [2025-10-28T22:18:49.795+0000] {dagbag.py:588} INFO - Filling up the DagBag from /opt/airflow/dags/etl_pipeline_dag.py
[2025-10-28T22:18:49.815+0000] {processor.py:925} INFO - DAG(s) 'etl_pipeline' retrieved from /opt/airflow/dags/etl_pipeline_dag.py
[2025-10-28T22:18:49.841+0000] {logging_mixin.py:190} INFO - [2025-10-28T22:18:49.840+0000] {dag.py:3239} INFO - Sync 1 DAGs
[2025-10-28T22:18:49.863+0000] {logging_mixin.py:190} INFO - [2025-10-28T22:18:49.862+0000] {dag.py:4180} INFO - Setting next_dagrun for etl_pipeline to 2025-10-27 00:00:00+00:00, run_after=2025-10-28 00:00:00+00:00
[2025-10-28T22:18:49.880+0000] {processor.py:208} INFO - Processing /opt/airflow/dags/etl_pipeline_dag.py took 0.094 seconds
[2025-10-28T22:19:20.010+0000] {processor.py:186} INFO - Started process (PID=760) to work on /opt/airflow/dags/etl_pipeline_dag.py
[2025-10-28T22:19:20.011+0000] {processor.py:914} INFO - Processing file /opt/airflow/dags/etl_pipeline_dag.py for tasks to queue
[2025-10-28T22:19:20.013+0000] {logging_mixin.py:190} INFO - [2025-10-28T22:19:20.013+0000] {dagbag.py:588} INFO - Filling up the DagBag from /opt/airflow/dags/etl_pipeline_dag.py
[2025-10-28T22:19:20.033+0000] {processor.py:925} INFO - DAG(s) 'etl_pipeline' retrieved from /opt/airflow/dags/etl_pipeline_dag.py
[2025-10-28T22:19:20.135+0000] {logging_mixin.py:190} INFO - [2025-10-28T22:19:20.135+0000] {dag.py:3239} INFO - Sync 1 DAGs
[2025-10-28T22:19:20.152+0000] {logging_mixin.py:190} INFO - [2025-10-28T22:19:20.152+0000] {dag.py:4180} INFO - Setting next_dagrun for etl_pipeline to 2025-10-27 00:00:00+00:00, run_after=2025-10-28 00:00:00+00:00
[2025-10-28T22:19:20.167+0000] {processor.py:208} INFO - Processing /opt/airflow/dags/etl_pipeline_dag.py took 0.164 seconds
[2025-10-28T22:19:50.331+0000] {processor.py:186} INFO - Started process (PID=778) to work on /opt/airflow/dags/etl_pipeline_dag.py
[2025-10-28T22:19:50.332+0000] {processor.py:914} INFO - Processing file /opt/airflow/dags/etl_pipeline_dag.py for tasks to queue
[2025-10-28T22:19:50.334+0000] {logging_mixin.py:190} INFO - [2025-10-28T22:19:50.334+0000] {dagbag.py:588} INFO - Filling up the DagBag from /opt/airflow/dags/etl_pipeline_dag.py
[2025-10-28T22:19:50.352+0000] {processor.py:925} INFO - DAG(s) 'etl_pipeline' retrieved from /opt/airflow/dags/etl_pipeline_dag.py
[2025-10-28T22:19:50.363+0000] {logging_mixin.py:190} INFO - [2025-10-28T22:19:50.363+0000] {dag.py:3239} INFO - Sync 1 DAGs
[2025-10-28T22:19:50.383+0000] {logging_mixin.py:190} INFO - [2025-10-28T22:19:50.383+0000] {dag.py:4180} INFO - Setting next_dagrun for etl_pipeline to 2025-10-27 00:00:00+00:00, run_after=2025-10-28 00:00:00+00:00
[2025-10-28T22:19:50.399+0000] {processor.py:208} INFO - Processing /opt/airflow/dags/etl_pipeline_dag.py took 0.073 seconds
[2025-10-28T22:20:20.526+0000] {processor.py:186} INFO - Started process (PID=794) to work on /opt/airflow/dags/etl_pipeline_dag.py
[2025-10-28T22:20:20.527+0000] {processor.py:914} INFO - Processing file /opt/airflow/dags/etl_pipeline_dag.py for tasks to queue
[2025-10-28T22:20:20.529+0000] {logging_mixin.py:190} INFO - [2025-10-28T22:20:20.529+0000] {dagbag.py:588} INFO - Filling up the DagBag from /opt/airflow/dags/etl_pipeline_dag.py
[2025-10-28T22:20:20.547+0000] {processor.py:925} INFO - DAG(s) 'etl_pipeline' retrieved from /opt/airflow/dags/etl_pipeline_dag.py
[2025-10-28T22:20:20.645+0000] {logging_mixin.py:190} INFO - [2025-10-28T22:20:20.645+0000] {dag.py:3239} INFO - Sync 1 DAGs
[2025-10-28T22:20:20.664+0000] {logging_mixin.py:190} INFO - [2025-10-28T22:20:20.663+0000] {dag.py:4180} INFO - Setting next_dagrun for etl_pipeline to 2025-10-27 00:00:00+00:00, run_after=2025-10-28 00:00:00+00:00
[2025-10-28T22:20:20.680+0000] {processor.py:208} INFO - Processing /opt/airflow/dags/etl_pipeline_dag.py took 0.159 seconds
[2025-10-28T22:20:50.804+0000] {processor.py:186} INFO - Started process (PID=810) to work on /opt/airflow/dags/etl_pipeline_dag.py
[2025-10-28T22:20:50.805+0000] {processor.py:914} INFO - Processing file /opt/airflow/dags/etl_pipeline_dag.py for tasks to queue
[2025-10-28T22:20:50.807+0000] {logging_mixin.py:190} INFO - [2025-10-28T22:20:50.807+0000] {dagbag.py:588} INFO - Filling up the DagBag from /opt/airflow/dags/etl_pipeline_dag.py
[2025-10-28T22:20:50.825+0000] {processor.py:925} INFO - DAG(s) 'etl_pipeline' retrieved from /opt/airflow/dags/etl_pipeline_dag.py
[2025-10-28T22:20:50.836+0000] {logging_mixin.py:190} INFO - [2025-10-28T22:20:50.836+0000] {dag.py:3239} INFO - Sync 1 DAGs
[2025-10-28T22:20:50.856+0000] {logging_mixin.py:190} INFO - [2025-10-28T22:20:50.856+0000] {dag.py:4180} INFO - Setting next_dagrun for etl_pipeline to 2025-10-27 00:00:00+00:00, run_after=2025-10-28 00:00:00+00:00
[2025-10-28T22:20:50.872+0000] {processor.py:208} INFO - Processing /opt/airflow/dags/etl_pipeline_dag.py took 0.074 seconds
[2025-10-28T22:21:21.046+0000] {processor.py:186} INFO - Started process (PID=824) to work on /opt/airflow/dags/etl_pipeline_dag.py
[2025-10-28T22:21:21.048+0000] {processor.py:914} INFO - Processing file /opt/airflow/dags/etl_pipeline_dag.py for tasks to queue
[2025-10-28T22:21:21.050+0000] {logging_mixin.py:190} INFO - [2025-10-28T22:21:21.049+0000] {dagbag.py:588} INFO - Filling up the DagBag from /opt/airflow/dags/etl_pipeline_dag.py
[2025-10-28T22:21:21.069+0000] {processor.py:925} INFO - DAG(s) 'etl_pipeline' retrieved from /opt/airflow/dags/etl_pipeline_dag.py
[2025-10-28T22:21:21.171+0000] {logging_mixin.py:190} INFO - [2025-10-28T22:21:21.171+0000] {dag.py:3239} INFO - Sync 1 DAGs
[2025-10-28T22:21:21.188+0000] {logging_mixin.py:190} INFO - [2025-10-28T22:21:21.188+0000] {dag.py:4180} INFO - Setting next_dagrun for etl_pipeline to 2025-10-27 00:00:00+00:00, run_after=2025-10-28 00:00:00+00:00
[2025-10-28T22:21:21.203+0000] {processor.py:208} INFO - Processing /opt/airflow/dags/etl_pipeline_dag.py took 0.163 seconds
[2025-10-28T22:21:51.310+0000] {processor.py:186} INFO - Started process (PID=840) to work on /opt/airflow/dags/etl_pipeline_dag.py
[2025-10-28T22:21:51.311+0000] {processor.py:914} INFO - Processing file /opt/airflow/dags/etl_pipeline_dag.py for tasks to queue
[2025-10-28T22:21:51.313+0000] {logging_mixin.py:190} INFO - [2025-10-28T22:21:51.313+0000] {dagbag.py:588} INFO - Filling up the DagBag from /opt/airflow/dags/etl_pipeline_dag.py
[2025-10-28T22:21:51.332+0000] {processor.py:925} INFO - DAG(s) 'etl_pipeline' retrieved from /opt/airflow/dags/etl_pipeline_dag.py
[2025-10-28T22:21:51.356+0000] {logging_mixin.py:190} INFO - [2025-10-28T22:21:51.356+0000] {dag.py:3239} INFO - Sync 1 DAGs
[2025-10-28T22:21:51.377+0000] {logging_mixin.py:190} INFO - [2025-10-28T22:21:51.377+0000] {dag.py:4180} INFO - Setting next_dagrun for etl_pipeline to 2025-10-27 00:00:00+00:00, run_after=2025-10-28 00:00:00+00:00
[2025-10-28T22:21:51.393+0000] {processor.py:208} INFO - Processing /opt/airflow/dags/etl_pipeline_dag.py took 0.089 seconds
[2025-10-28T22:22:21.509+0000] {processor.py:186} INFO - Started process (PID=856) to work on /opt/airflow/dags/etl_pipeline_dag.py
[2025-10-28T22:22:21.510+0000] {processor.py:914} INFO - Processing file /opt/airflow/dags/etl_pipeline_dag.py for tasks to queue
[2025-10-28T22:22:21.513+0000] {logging_mixin.py:190} INFO - [2025-10-28T22:22:21.513+0000] {dagbag.py:588} INFO - Filling up the DagBag from /opt/airflow/dags/etl_pipeline_dag.py
[2025-10-28T22:22:21.533+0000] {processor.py:925} INFO - DAG(s) 'etl_pipeline' retrieved from /opt/airflow/dags/etl_pipeline_dag.py
[2025-10-28T22:22:21.640+0000] {logging_mixin.py:190} INFO - [2025-10-28T22:22:21.639+0000] {dag.py:3239} INFO - Sync 1 DAGs
[2025-10-28T22:22:21.658+0000] {logging_mixin.py:190} INFO - [2025-10-28T22:22:21.658+0000] {dag.py:4180} INFO - Setting next_dagrun for etl_pipeline to 2025-10-27 00:00:00+00:00, run_after=2025-10-28 00:00:00+00:00
[2025-10-28T22:22:21.675+0000] {processor.py:208} INFO - Processing /opt/airflow/dags/etl_pipeline_dag.py took 0.172 seconds
[2025-10-28T22:22:51.831+0000] {processor.py:186} INFO - Started process (PID=874) to work on /opt/airflow/dags/etl_pipeline_dag.py
[2025-10-28T22:22:51.832+0000] {processor.py:914} INFO - Processing file /opt/airflow/dags/etl_pipeline_dag.py for tasks to queue
[2025-10-28T22:22:51.834+0000] {logging_mixin.py:190} INFO - [2025-10-28T22:22:51.834+0000] {dagbag.py:588} INFO - Filling up the DagBag from /opt/airflow/dags/etl_pipeline_dag.py
[2025-10-28T22:22:51.853+0000] {processor.py:925} INFO - DAG(s) 'etl_pipeline' retrieved from /opt/airflow/dags/etl_pipeline_dag.py
[2025-10-28T22:22:51.864+0000] {logging_mixin.py:190} INFO - [2025-10-28T22:22:51.864+0000] {dag.py:3239} INFO - Sync 1 DAGs
[2025-10-28T22:22:51.884+0000] {logging_mixin.py:190} INFO - [2025-10-28T22:22:51.884+0000] {dag.py:4180} INFO - Setting next_dagrun for etl_pipeline to 2025-10-27 00:00:00+00:00, run_after=2025-10-28 00:00:00+00:00
[2025-10-28T22:22:51.900+0000] {processor.py:208} INFO - Processing /opt/airflow/dags/etl_pipeline_dag.py took 0.074 seconds
[2025-10-28T22:23:22.054+0000] {processor.py:186} INFO - Started process (PID=890) to work on /opt/airflow/dags/etl_pipeline_dag.py
[2025-10-28T22:23:22.055+0000] {processor.py:914} INFO - Processing file /opt/airflow/dags/etl_pipeline_dag.py for tasks to queue
[2025-10-28T22:23:22.056+0000] {logging_mixin.py:190} INFO - [2025-10-28T22:23:22.056+0000] {dagbag.py:588} INFO - Filling up the DagBag from /opt/airflow/dags/etl_pipeline_dag.py
[2025-10-28T22:23:22.075+0000] {processor.py:925} INFO - DAG(s) 'etl_pipeline' retrieved from /opt/airflow/dags/etl_pipeline_dag.py
[2025-10-28T22:23:22.178+0000] {logging_mixin.py:190} INFO - [2025-10-28T22:23:22.178+0000] {dag.py:3239} INFO - Sync 1 DAGs
[2025-10-28T22:23:22.198+0000] {logging_mixin.py:190} INFO - [2025-10-28T22:23:22.198+0000] {dag.py:4180} INFO - Setting next_dagrun for etl_pipeline to 2025-10-27 00:00:00+00:00, run_after=2025-10-28 00:00:00+00:00
[2025-10-28T22:23:22.215+0000] {processor.py:208} INFO - Processing /opt/airflow/dags/etl_pipeline_dag.py took 0.166 seconds
[2025-10-28T22:23:52.538+0000] {processor.py:186} INFO - Started process (PID=904) to work on /opt/airflow/dags/etl_pipeline_dag.py
[2025-10-28T22:23:52.541+0000] {processor.py:914} INFO - Processing file /opt/airflow/dags/etl_pipeline_dag.py for tasks to queue
[2025-10-28T22:23:52.547+0000] {logging_mixin.py:190} INFO - [2025-10-28T22:23:52.546+0000] {dagbag.py:588} INFO - Filling up the DagBag from /opt/airflow/dags/etl_pipeline_dag.py
[2025-10-28T22:23:52.572+0000] {processor.py:925} INFO - DAG(s) 'etl_pipeline' retrieved from /opt/airflow/dags/etl_pipeline_dag.py
[2025-10-28T22:23:52.600+0000] {logging_mixin.py:190} INFO - [2025-10-28T22:23:52.600+0000] {dag.py:3239} INFO - Sync 1 DAGs
[2025-10-28T22:23:52.624+0000] {logging_mixin.py:190} INFO - [2025-10-28T22:23:52.624+0000] {dag.py:4180} INFO - Setting next_dagrun for etl_pipeline to 2025-10-27 00:00:00+00:00, run_after=2025-10-28 00:00:00+00:00
[2025-10-28T22:23:52.642+0000] {processor.py:208} INFO - Processing /opt/airflow/dags/etl_pipeline_dag.py took 0.115 seconds
[2025-10-28T22:24:22.792+0000] {processor.py:186} INFO - Started process (PID=920) to work on /opt/airflow/dags/etl_pipeline_dag.py
[2025-10-28T22:24:22.793+0000] {processor.py:914} INFO - Processing file /opt/airflow/dags/etl_pipeline_dag.py for tasks to queue
[2025-10-28T22:24:22.797+0000] {logging_mixin.py:190} INFO - [2025-10-28T22:24:22.796+0000] {dagbag.py:588} INFO - Filling up the DagBag from /opt/airflow/dags/etl_pipeline_dag.py
[2025-10-28T22:24:22.820+0000] {processor.py:925} INFO - DAG(s) 'etl_pipeline' retrieved from /opt/airflow/dags/etl_pipeline_dag.py
[2025-10-28T22:24:22.933+0000] {logging_mixin.py:190} INFO - [2025-10-28T22:24:22.932+0000] {dag.py:3239} INFO - Sync 1 DAGs
[2025-10-28T22:24:22.953+0000] {logging_mixin.py:190} INFO - [2025-10-28T22:24:22.953+0000] {dag.py:4180} INFO - Setting next_dagrun for etl_pipeline to 2025-10-27 00:00:00+00:00, run_after=2025-10-28 00:00:00+00:00
[2025-10-28T22:24:22.974+0000] {processor.py:208} INFO - Processing /opt/airflow/dags/etl_pipeline_dag.py took 0.190 seconds
[2025-10-28T22:24:53.182+0000] {processor.py:186} INFO - Started process (PID=938) to work on /opt/airflow/dags/etl_pipeline_dag.py
[2025-10-28T22:24:53.183+0000] {processor.py:914} INFO - Processing file /opt/airflow/dags/etl_pipeline_dag.py for tasks to queue
[2025-10-28T22:24:53.185+0000] {logging_mixin.py:190} INFO - [2025-10-28T22:24:53.185+0000] {dagbag.py:588} INFO - Filling up the DagBag from /opt/airflow/dags/etl_pipeline_dag.py
[2025-10-28T22:24:53.205+0000] {processor.py:925} INFO - DAG(s) 'etl_pipeline' retrieved from /opt/airflow/dags/etl_pipeline_dag.py
[2025-10-28T22:24:53.217+0000] {logging_mixin.py:190} INFO - [2025-10-28T22:24:53.217+0000] {dag.py:3239} INFO - Sync 1 DAGs
[2025-10-28T22:24:53.239+0000] {logging_mixin.py:190} INFO - [2025-10-28T22:24:53.239+0000] {dag.py:4180} INFO - Setting next_dagrun for etl_pipeline to 2025-10-27 00:00:00+00:00, run_after=2025-10-28 00:00:00+00:00
[2025-10-28T22:24:53.258+0000] {processor.py:208} INFO - Processing /opt/airflow/dags/etl_pipeline_dag.py took 0.082 seconds
[2025-10-28T22:25:23.300+0000] {processor.py:186} INFO - Started process (PID=954) to work on /opt/airflow/dags/etl_pipeline_dag.py
[2025-10-28T22:25:23.301+0000] {processor.py:914} INFO - Processing file /opt/airflow/dags/etl_pipeline_dag.py for tasks to queue
[2025-10-28T22:25:23.303+0000] {logging_mixin.py:190} INFO - [2025-10-28T22:25:23.303+0000] {dagbag.py:588} INFO - Filling up the DagBag from /opt/airflow/dags/etl_pipeline_dag.py
[2025-10-28T22:25:23.322+0000] {processor.py:925} INFO - DAG(s) 'etl_pipeline' retrieved from /opt/airflow/dags/etl_pipeline_dag.py
[2025-10-28T22:25:23.422+0000] {logging_mixin.py:190} INFO - [2025-10-28T22:25:23.422+0000] {dag.py:3239} INFO - Sync 1 DAGs
[2025-10-28T22:25:23.440+0000] {logging_mixin.py:190} INFO - [2025-10-28T22:25:23.440+0000] {dag.py:4180} INFO - Setting next_dagrun for etl_pipeline to 2025-10-27 00:00:00+00:00, run_after=2025-10-28 00:00:00+00:00
[2025-10-28T22:25:23.457+0000] {processor.py:208} INFO - Processing /opt/airflow/dags/etl_pipeline_dag.py took 0.162 seconds
[2025-10-28T22:25:53.563+0000] {processor.py:186} INFO - Started process (PID=970) to work on /opt/airflow/dags/etl_pipeline_dag.py
[2025-10-28T22:25:53.564+0000] {processor.py:914} INFO - Processing file /opt/airflow/dags/etl_pipeline_dag.py for tasks to queue
[2025-10-28T22:25:53.566+0000] {logging_mixin.py:190} INFO - [2025-10-28T22:25:53.566+0000] {dagbag.py:588} INFO - Filling up the DagBag from /opt/airflow/dags/etl_pipeline_dag.py
[2025-10-28T22:25:53.585+0000] {processor.py:925} INFO - DAG(s) 'etl_pipeline' retrieved from /opt/airflow/dags/etl_pipeline_dag.py
[2025-10-28T22:25:53.596+0000] {logging_mixin.py:190} INFO - [2025-10-28T22:25:53.596+0000] {dag.py:3239} INFO - Sync 1 DAGs
[2025-10-28T22:25:53.617+0000] {logging_mixin.py:190} INFO - [2025-10-28T22:25:53.617+0000] {dag.py:4180} INFO - Setting next_dagrun for etl_pipeline to 2025-10-27 00:00:00+00:00, run_after=2025-10-28 00:00:00+00:00
[2025-10-28T22:25:53.634+0000] {processor.py:208} INFO - Processing /opt/airflow/dags/etl_pipeline_dag.py took 0.076 seconds
[2025-10-28T22:26:23.736+0000] {processor.py:186} INFO - Started process (PID=986) to work on /opt/airflow/dags/etl_pipeline_dag.py
[2025-10-28T22:26:23.737+0000] {processor.py:914} INFO - Processing file /opt/airflow/dags/etl_pipeline_dag.py for tasks to queue
[2025-10-28T22:26:23.740+0000] {logging_mixin.py:190} INFO - [2025-10-28T22:26:23.739+0000] {dagbag.py:588} INFO - Filling up the DagBag from /opt/airflow/dags/etl_pipeline_dag.py
[2025-10-28T22:26:23.760+0000] {processor.py:925} INFO - DAG(s) 'etl_pipeline' retrieved from /opt/airflow/dags/etl_pipeline_dag.py
[2025-10-28T22:26:23.872+0000] {logging_mixin.py:190} INFO - [2025-10-28T22:26:23.872+0000] {dag.py:3239} INFO - Sync 1 DAGs
[2025-10-28T22:26:23.895+0000] {logging_mixin.py:190} INFO - [2025-10-28T22:26:23.894+0000] {dag.py:4180} INFO - Setting next_dagrun for etl_pipeline to 2025-10-27 00:00:00+00:00, run_after=2025-10-28 00:00:00+00:00
[2025-10-28T22:26:23.917+0000] {processor.py:208} INFO - Processing /opt/airflow/dags/etl_pipeline_dag.py took 0.187 seconds
[2025-10-28T22:26:54.186+0000] {processor.py:186} INFO - Started process (PID=1002) to work on /opt/airflow/dags/etl_pipeline_dag.py
[2025-10-28T22:26:54.187+0000] {processor.py:914} INFO - Processing file /opt/airflow/dags/etl_pipeline_dag.py for tasks to queue
[2025-10-28T22:26:54.189+0000] {logging_mixin.py:190} INFO - [2025-10-28T22:26:54.189+0000] {dagbag.py:588} INFO - Filling up the DagBag from /opt/airflow/dags/etl_pipeline_dag.py
[2025-10-28T22:26:54.214+0000] {processor.py:925} INFO - DAG(s) 'etl_pipeline' retrieved from /opt/airflow/dags/etl_pipeline_dag.py
[2025-10-28T22:26:54.228+0000] {logging_mixin.py:190} INFO - [2025-10-28T22:26:54.228+0000] {dag.py:3239} INFO - Sync 1 DAGs
[2025-10-28T22:26:54.254+0000] {logging_mixin.py:190} INFO - [2025-10-28T22:26:54.254+0000] {dag.py:4180} INFO - Setting next_dagrun for etl_pipeline to 2025-10-27 00:00:00+00:00, run_after=2025-10-28 00:00:00+00:00
[2025-10-28T22:26:54.314+0000] {processor.py:208} INFO - Processing /opt/airflow/dags/etl_pipeline_dag.py took 0.135 seconds
[2025-10-28T22:27:24.740+0000] {processor.py:186} INFO - Started process (PID=1016) to work on /opt/airflow/dags/etl_pipeline_dag.py
[2025-10-28T22:27:24.741+0000] {processor.py:914} INFO - Processing file /opt/airflow/dags/etl_pipeline_dag.py for tasks to queue
[2025-10-28T22:27:24.745+0000] {logging_mixin.py:190} INFO - [2025-10-28T22:27:24.744+0000] {dagbag.py:588} INFO - Filling up the DagBag from /opt/airflow/dags/etl_pipeline_dag.py
[2025-10-28T22:27:24.771+0000] {processor.py:925} INFO - DAG(s) 'etl_pipeline' retrieved from /opt/airflow/dags/etl_pipeline_dag.py
[2025-10-28T22:27:24.906+0000] {logging_mixin.py:190} INFO - [2025-10-28T22:27:24.905+0000] {dag.py:3239} INFO - Sync 1 DAGs
[2025-10-28T22:27:24.927+0000] {logging_mixin.py:190} INFO - [2025-10-28T22:27:24.927+0000] {dag.py:4180} INFO - Setting next_dagrun for etl_pipeline to 2025-10-27 00:00:00+00:00, run_after=2025-10-28 00:00:00+00:00
[2025-10-28T22:27:24.950+0000] {processor.py:208} INFO - Processing /opt/airflow/dags/etl_pipeline_dag.py took 0.220 seconds
[2025-10-28T22:27:52.717+0000] {processor.py:186} INFO - Started process (PID=1029) to work on /opt/airflow/dags/etl_pipeline_dag.py
[2025-10-28T22:27:52.718+0000] {processor.py:914} INFO - Processing file /opt/airflow/dags/etl_pipeline_dag.py for tasks to queue
[2025-10-28T22:27:52.721+0000] {logging_mixin.py:190} INFO - [2025-10-28T22:27:52.720+0000] {dagbag.py:588} INFO - Filling up the DagBag from /opt/airflow/dags/etl_pipeline_dag.py
[2025-10-28T22:27:52.751+0000] {processor.py:925} INFO - DAG(s) 'etl_pipeline' retrieved from /opt/airflow/dags/etl_pipeline_dag.py
[2025-10-28T22:27:52.764+0000] {logging_mixin.py:190} INFO - [2025-10-28T22:27:52.764+0000] {dag.py:3239} INFO - Sync 1 DAGs
[2025-10-28T22:27:52.790+0000] {logging_mixin.py:190} INFO - [2025-10-28T22:27:52.790+0000] {dag.py:4180} INFO - Setting next_dagrun for etl_pipeline to 2025-10-27 00:00:00+00:00, run_after=2025-10-28 00:00:00+00:00
[2025-10-28T22:27:52.811+0000] {processor.py:208} INFO - Processing /opt/airflow/dags/etl_pipeline_dag.py took 0.101 seconds
[2025-10-28T22:27:52.859+0000] {processor.py:186} INFO - Started process (PID=1034) to work on /opt/airflow/dags/etl_pipeline_dag.py
[2025-10-28T22:27:52.860+0000] {processor.py:914} INFO - Processing file /opt/airflow/dags/etl_pipeline_dag.py for tasks to queue
[2025-10-28T22:27:52.863+0000] {logging_mixin.py:190} INFO - [2025-10-28T22:27:52.862+0000] {dagbag.py:588} INFO - Filling up the DagBag from /opt/airflow/dags/etl_pipeline_dag.py
[2025-10-28T22:27:52.883+0000] {processor.py:925} INFO - DAG(s) 'etl_pipeline' retrieved from /opt/airflow/dags/etl_pipeline_dag.py
[2025-10-28T22:27:52.895+0000] {logging_mixin.py:190} INFO - [2025-10-28T22:27:52.895+0000] {dag.py:3239} INFO - Sync 1 DAGs
[2025-10-28T22:27:52.919+0000] {logging_mixin.py:190} INFO - [2025-10-28T22:27:52.919+0000] {dag.py:4180} INFO - Setting next_dagrun for etl_pipeline to 2025-10-27 00:00:00+00:00, run_after=2025-10-28 00:00:00+00:00
[2025-10-28T22:27:52.937+0000] {processor.py:208} INFO - Processing /opt/airflow/dags/etl_pipeline_dag.py took 0.084 seconds
[2025-10-28T22:27:52.986+0000] {processor.py:186} INFO - Started process (PID=1039) to work on /opt/airflow/dags/etl_pipeline_dag.py
[2025-10-28T22:27:52.988+0000] {processor.py:914} INFO - Processing file /opt/airflow/dags/etl_pipeline_dag.py for tasks to queue
[2025-10-28T22:27:52.990+0000] {logging_mixin.py:190} INFO - [2025-10-28T22:27:52.989+0000] {dagbag.py:588} INFO - Filling up the DagBag from /opt/airflow/dags/etl_pipeline_dag.py
[2025-10-28T22:27:53.012+0000] {processor.py:925} INFO - DAG(s) 'etl_pipeline' retrieved from /opt/airflow/dags/etl_pipeline_dag.py
[2025-10-28T22:27:53.023+0000] {logging_mixin.py:190} INFO - [2025-10-28T22:27:53.023+0000] {dag.py:3239} INFO - Sync 1 DAGs
[2025-10-28T22:27:53.047+0000] {logging_mixin.py:190} INFO - [2025-10-28T22:27:53.046+0000] {dag.py:4180} INFO - Setting next_dagrun for etl_pipeline to 2025-10-27 00:00:00+00:00, run_after=2025-10-28 00:00:00+00:00
[2025-10-28T22:27:53.064+0000] {processor.py:208} INFO - Processing /opt/airflow/dags/etl_pipeline_dag.py took 0.084 seconds
[2025-10-28T22:27:53.111+0000] {processor.py:186} INFO - Started process (PID=1044) to work on /opt/airflow/dags/etl_pipeline_dag.py
[2025-10-28T22:27:53.112+0000] {processor.py:914} INFO - Processing file /opt/airflow/dags/etl_pipeline_dag.py for tasks to queue
[2025-10-28T22:27:53.115+0000] {logging_mixin.py:190} INFO - [2025-10-28T22:27:53.114+0000] {dagbag.py:588} INFO - Filling up the DagBag from /opt/airflow/dags/etl_pipeline_dag.py
[2025-10-28T22:27:53.134+0000] {processor.py:925} INFO - DAG(s) 'etl_pipeline' retrieved from /opt/airflow/dags/etl_pipeline_dag.py
[2025-10-28T22:27:53.146+0000] {logging_mixin.py:190} INFO - [2025-10-28T22:27:53.146+0000] {dag.py:3239} INFO - Sync 1 DAGs
[2025-10-28T22:27:53.169+0000] {logging_mixin.py:190} INFO - [2025-10-28T22:27:53.168+0000] {dag.py:4180} INFO - Setting next_dagrun for etl_pipeline to 2025-10-27 00:00:00+00:00, run_after=2025-10-28 00:00:00+00:00
[2025-10-28T22:27:53.186+0000] {processor.py:208} INFO - Processing /opt/airflow/dags/etl_pipeline_dag.py took 0.081 seconds
[2025-10-28T22:27:53.233+0000] {processor.py:186} INFO - Started process (PID=1049) to work on /opt/airflow/dags/etl_pipeline_dag.py
[2025-10-28T22:27:53.234+0000] {processor.py:914} INFO - Processing file /opt/airflow/dags/etl_pipeline_dag.py for tasks to queue
[2025-10-28T22:27:53.236+0000] {logging_mixin.py:190} INFO - [2025-10-28T22:27:53.236+0000] {dagbag.py:588} INFO - Filling up the DagBag from /opt/airflow/dags/etl_pipeline_dag.py
[2025-10-28T22:27:53.257+0000] {processor.py:925} INFO - DAG(s) 'etl_pipeline' retrieved from /opt/airflow/dags/etl_pipeline_dag.py
[2025-10-28T22:27:53.268+0000] {logging_mixin.py:190} INFO - [2025-10-28T22:27:53.268+0000] {dag.py:3239} INFO - Sync 1 DAGs
[2025-10-28T22:27:53.292+0000] {logging_mixin.py:190} INFO - [2025-10-28T22:27:53.292+0000] {dag.py:4180} INFO - Setting next_dagrun for etl_pipeline to 2025-10-27 00:00:00+00:00, run_after=2025-10-28 00:00:00+00:00
[2025-10-28T22:27:53.310+0000] {processor.py:208} INFO - Processing /opt/airflow/dags/etl_pipeline_dag.py took 0.083 seconds
[2025-10-28T22:28:23.513+0000] {processor.py:186} INFO - Started process (PID=1065) to work on /opt/airflow/dags/etl_pipeline_dag.py
[2025-10-28T22:28:23.514+0000] {processor.py:914} INFO - Processing file /opt/airflow/dags/etl_pipeline_dag.py for tasks to queue
[2025-10-28T22:28:23.517+0000] {logging_mixin.py:190} INFO - [2025-10-28T22:28:23.517+0000] {dagbag.py:588} INFO - Filling up the DagBag from /opt/airflow/dags/etl_pipeline_dag.py
[2025-10-28T22:28:23.537+0000] {processor.py:925} INFO - DAG(s) 'etl_pipeline' retrieved from /opt/airflow/dags/etl_pipeline_dag.py
[2025-10-28T22:28:23.550+0000] {logging_mixin.py:190} INFO - [2025-10-28T22:28:23.550+0000] {dag.py:3239} INFO - Sync 1 DAGs
[2025-10-28T22:28:23.573+0000] {logging_mixin.py:190} INFO - [2025-10-28T22:28:23.573+0000] {dag.py:4180} INFO - Setting next_dagrun for etl_pipeline to 2025-10-27 00:00:00+00:00, run_after=2025-10-28 00:00:00+00:00
[2025-10-28T22:28:23.590+0000] {processor.py:208} INFO - Processing /opt/airflow/dags/etl_pipeline_dag.py took 0.083 seconds
[2025-10-28T22:28:53.954+0000] {processor.py:186} INFO - Started process (PID=1081) to work on /opt/airflow/dags/etl_pipeline_dag.py
[2025-10-28T22:28:53.954+0000] {processor.py:914} INFO - Processing file /opt/airflow/dags/etl_pipeline_dag.py for tasks to queue
[2025-10-28T22:28:53.957+0000] {logging_mixin.py:190} INFO - [2025-10-28T22:28:53.956+0000] {dagbag.py:588} INFO - Filling up the DagBag from /opt/airflow/dags/etl_pipeline_dag.py
[2025-10-28T22:28:53.980+0000] {processor.py:925} INFO - DAG(s) 'etl_pipeline' retrieved from /opt/airflow/dags/etl_pipeline_dag.py
[2025-10-28T22:28:54.119+0000] {logging_mixin.py:190} INFO - [2025-10-28T22:28:54.119+0000] {dag.py:3239} INFO - Sync 1 DAGs
[2025-10-28T22:28:54.143+0000] {logging_mixin.py:190} INFO - [2025-10-28T22:28:54.143+0000] {dag.py:4180} INFO - Setting next_dagrun for etl_pipeline to 2025-10-27 00:00:00+00:00, run_after=2025-10-28 00:00:00+00:00
[2025-10-28T22:28:54.162+0000] {processor.py:208} INFO - Processing /opt/airflow/dags/etl_pipeline_dag.py took 0.214 seconds
[2025-10-28T22:29:24.331+0000] {processor.py:186} INFO - Started process (PID=1097) to work on /opt/airflow/dags/etl_pipeline_dag.py
[2025-10-28T22:29:24.332+0000] {processor.py:914} INFO - Processing file /opt/airflow/dags/etl_pipeline_dag.py for tasks to queue
[2025-10-28T22:29:24.334+0000] {logging_mixin.py:190} INFO - [2025-10-28T22:29:24.334+0000] {dagbag.py:588} INFO - Filling up the DagBag from /opt/airflow/dags/etl_pipeline_dag.py
[2025-10-28T22:29:24.355+0000] {processor.py:925} INFO - DAG(s) 'etl_pipeline' retrieved from /opt/airflow/dags/etl_pipeline_dag.py
[2025-10-28T22:29:24.382+0000] {logging_mixin.py:190} INFO - [2025-10-28T22:29:24.381+0000] {dag.py:3239} INFO - Sync 1 DAGs
[2025-10-28T22:29:24.407+0000] {logging_mixin.py:190} INFO - [2025-10-28T22:29:24.407+0000] {dag.py:4180} INFO - Setting next_dagrun for etl_pipeline to 2025-10-27 00:00:00+00:00, run_after=2025-10-28 00:00:00+00:00
[2025-10-28T22:29:24.426+0000] {processor.py:208} INFO - Processing /opt/airflow/dags/etl_pipeline_dag.py took 0.103 seconds
[2025-10-28T22:29:54.577+0000] {processor.py:186} INFO - Started process (PID=1113) to work on /opt/airflow/dags/etl_pipeline_dag.py
[2025-10-28T22:29:54.578+0000] {processor.py:914} INFO - Processing file /opt/airflow/dags/etl_pipeline_dag.py for tasks to queue
[2025-10-28T22:29:54.580+0000] {logging_mixin.py:190} INFO - [2025-10-28T22:29:54.580+0000] {dagbag.py:588} INFO - Filling up the DagBag from /opt/airflow/dags/etl_pipeline_dag.py
[2025-10-28T22:29:54.600+0000] {processor.py:925} INFO - DAG(s) 'etl_pipeline' retrieved from /opt/airflow/dags/etl_pipeline_dag.py
[2025-10-28T22:29:54.611+0000] {logging_mixin.py:190} INFO - [2025-10-28T22:29:54.611+0000] {dag.py:3239} INFO - Sync 1 DAGs
[2025-10-28T22:29:54.633+0000] {logging_mixin.py:190} INFO - [2025-10-28T22:29:54.633+0000] {dag.py:4180} INFO - Setting next_dagrun for etl_pipeline to 2025-10-27 00:00:00+00:00, run_after=2025-10-28 00:00:00+00:00
[2025-10-28T22:29:54.650+0000] {processor.py:208} INFO - Processing /opt/airflow/dags/etl_pipeline_dag.py took 0.078 seconds
[2025-10-28T22:30:25.410+0000] {processor.py:186} INFO - Started process (PID=1129) to work on /opt/airflow/dags/etl_pipeline_dag.py
[2025-10-28T22:30:25.435+0000] {processor.py:914} INFO - Processing file /opt/airflow/dags/etl_pipeline_dag.py for tasks to queue
[2025-10-28T22:30:25.461+0000] {logging_mixin.py:190} INFO - [2025-10-28T22:30:25.460+0000] {dagbag.py:588} INFO - Filling up the DagBag from /opt/airflow/dags/etl_pipeline_dag.py
[2025-10-28T22:30:25.555+0000] {processor.py:925} INFO - DAG(s) 'etl_pipeline' retrieved from /opt/airflow/dags/etl_pipeline_dag.py
[2025-10-28T22:30:25.698+0000] {logging_mixin.py:190} INFO - [2025-10-28T22:30:25.698+0000] {dag.py:3239} INFO - Sync 1 DAGs
[2025-10-28T22:30:25.719+0000] {logging_mixin.py:190} INFO - [2025-10-28T22:30:25.719+0000] {dag.py:4180} INFO - Setting next_dagrun for etl_pipeline to 2025-10-27 00:00:00+00:00, run_after=2025-10-28 00:00:00+00:00
[2025-10-28T22:30:25.741+0000] {processor.py:208} INFO - Processing /opt/airflow/dags/etl_pipeline_dag.py took 0.350 seconds
[2025-10-28T22:30:55.835+0000] {processor.py:186} INFO - Started process (PID=1145) to work on /opt/airflow/dags/etl_pipeline_dag.py
[2025-10-28T22:30:55.836+0000] {processor.py:914} INFO - Processing file /opt/airflow/dags/etl_pipeline_dag.py for tasks to queue
[2025-10-28T22:30:55.838+0000] {logging_mixin.py:190} INFO - [2025-10-28T22:30:55.838+0000] {dagbag.py:588} INFO - Filling up the DagBag from /opt/airflow/dags/etl_pipeline_dag.py
[2025-10-28T22:30:55.856+0000] {processor.py:925} INFO - DAG(s) 'etl_pipeline' retrieved from /opt/airflow/dags/etl_pipeline_dag.py
[2025-10-28T22:30:55.879+0000] {logging_mixin.py:190} INFO - [2025-10-28T22:30:55.879+0000] {dag.py:3239} INFO - Sync 1 DAGs
[2025-10-28T22:30:55.899+0000] {logging_mixin.py:190} INFO - [2025-10-28T22:30:55.899+0000] {dag.py:4180} INFO - Setting next_dagrun for etl_pipeline to 2025-10-27 00:00:00+00:00, run_after=2025-10-28 00:00:00+00:00
[2025-10-28T22:30:55.915+0000] {processor.py:208} INFO - Processing /opt/airflow/dags/etl_pipeline_dag.py took 0.086 seconds
[2025-10-28T22:31:26.645+0000] {processor.py:186} INFO - Started process (PID=1161) to work on /opt/airflow/dags/etl_pipeline_dag.py
[2025-10-28T22:31:26.646+0000] {processor.py:914} INFO - Processing file /opt/airflow/dags/etl_pipeline_dag.py for tasks to queue
[2025-10-28T22:31:26.648+0000] {logging_mixin.py:190} INFO - [2025-10-28T22:31:26.648+0000] {dagbag.py:588} INFO - Filling up the DagBag from /opt/airflow/dags/etl_pipeline_dag.py
[2025-10-28T22:31:26.668+0000] {processor.py:925} INFO - DAG(s) 'etl_pipeline' retrieved from /opt/airflow/dags/etl_pipeline_dag.py
[2025-10-28T22:31:26.680+0000] {logging_mixin.py:190} INFO - [2025-10-28T22:31:26.680+0000] {dag.py:3239} INFO - Sync 1 DAGs
[2025-10-28T22:31:26.704+0000] {logging_mixin.py:190} INFO - [2025-10-28T22:31:26.704+0000] {dag.py:4180} INFO - Setting next_dagrun for etl_pipeline to 2025-10-27 00:00:00+00:00, run_after=2025-10-28 00:00:00+00:00
[2025-10-28T22:31:26.723+0000] {processor.py:208} INFO - Processing /opt/airflow/dags/etl_pipeline_dag.py took 0.084 seconds
[2025-10-28T22:31:56.822+0000] {processor.py:186} INFO - Started process (PID=1177) to work on /opt/airflow/dags/etl_pipeline_dag.py
[2025-10-28T22:31:56.823+0000] {processor.py:914} INFO - Processing file /opt/airflow/dags/etl_pipeline_dag.py for tasks to queue
[2025-10-28T22:31:56.825+0000] {logging_mixin.py:190} INFO - [2025-10-28T22:31:56.825+0000] {dagbag.py:588} INFO - Filling up the DagBag from /opt/airflow/dags/etl_pipeline_dag.py
[2025-10-28T22:31:56.844+0000] {processor.py:925} INFO - DAG(s) 'etl_pipeline' retrieved from /opt/airflow/dags/etl_pipeline_dag.py
[2025-10-28T22:31:56.955+0000] {logging_mixin.py:190} INFO - [2025-10-28T22:31:56.955+0000] {dag.py:3239} INFO - Sync 1 DAGs
[2025-10-28T22:31:56.974+0000] {logging_mixin.py:190} INFO - [2025-10-28T22:31:56.973+0000] {dag.py:4180} INFO - Setting next_dagrun for etl_pipeline to 2025-10-27 00:00:00+00:00, run_after=2025-10-28 00:00:00+00:00
[2025-10-28T22:31:56.990+0000] {processor.py:208} INFO - Processing /opt/airflow/dags/etl_pipeline_dag.py took 0.175 seconds
[2025-10-28T22:32:27.338+0000] {processor.py:186} INFO - Started process (PID=1193) to work on /opt/airflow/dags/etl_pipeline_dag.py
[2025-10-28T22:32:27.339+0000] {processor.py:914} INFO - Processing file /opt/airflow/dags/etl_pipeline_dag.py for tasks to queue
[2025-10-28T22:32:27.342+0000] {logging_mixin.py:190} INFO - [2025-10-28T22:32:27.342+0000] {dagbag.py:588} INFO - Filling up the DagBag from /opt/airflow/dags/etl_pipeline_dag.py
[2025-10-28T22:32:27.362+0000] {processor.py:925} INFO - DAG(s) 'etl_pipeline' retrieved from /opt/airflow/dags/etl_pipeline_dag.py
[2025-10-28T22:32:27.389+0000] {logging_mixin.py:190} INFO - [2025-10-28T22:32:27.389+0000] {dag.py:3239} INFO - Sync 1 DAGs
[2025-10-28T22:32:27.412+0000] {logging_mixin.py:190} INFO - [2025-10-28T22:32:27.412+0000] {dag.py:4180} INFO - Setting next_dagrun for etl_pipeline to 2025-10-27 00:00:00+00:00, run_after=2025-10-28 00:00:00+00:00
[2025-10-28T22:32:27.429+0000] {processor.py:208} INFO - Processing /opt/airflow/dags/etl_pipeline_dag.py took 0.096 seconds
[2025-10-28T22:32:57.574+0000] {processor.py:186} INFO - Started process (PID=1209) to work on /opt/airflow/dags/etl_pipeline_dag.py
[2025-10-28T22:32:57.575+0000] {processor.py:914} INFO - Processing file /opt/airflow/dags/etl_pipeline_dag.py for tasks to queue
[2025-10-28T22:32:57.577+0000] {logging_mixin.py:190} INFO - [2025-10-28T22:32:57.576+0000] {dagbag.py:588} INFO - Filling up the DagBag from /opt/airflow/dags/etl_pipeline_dag.py
[2025-10-28T22:32:57.596+0000] {processor.py:925} INFO - DAG(s) 'etl_pipeline' retrieved from /opt/airflow/dags/etl_pipeline_dag.py
[2025-10-28T22:32:57.610+0000] {logging_mixin.py:190} INFO - [2025-10-28T22:32:57.610+0000] {dag.py:3239} INFO - Sync 1 DAGs
[2025-10-28T22:32:57.637+0000] {logging_mixin.py:190} INFO - [2025-10-28T22:32:57.636+0000] {dag.py:4180} INFO - Setting next_dagrun for etl_pipeline to 2025-10-27 00:00:00+00:00, run_after=2025-10-28 00:00:00+00:00
[2025-10-28T22:32:57.654+0000] {processor.py:208} INFO - Processing /opt/airflow/dags/etl_pipeline_dag.py took 0.086 seconds
[2025-10-28T22:33:27.773+0000] {processor.py:186} INFO - Started process (PID=1225) to work on /opt/airflow/dags/etl_pipeline_dag.py
[2025-10-28T22:33:27.774+0000] {processor.py:914} INFO - Processing file /opt/airflow/dags/etl_pipeline_dag.py for tasks to queue
[2025-10-28T22:33:27.776+0000] {logging_mixin.py:190} INFO - [2025-10-28T22:33:27.776+0000] {dagbag.py:588} INFO - Filling up the DagBag from /opt/airflow/dags/etl_pipeline_dag.py
[2025-10-28T22:33:27.797+0000] {processor.py:925} INFO - DAG(s) 'etl_pipeline' retrieved from /opt/airflow/dags/etl_pipeline_dag.py
[2025-10-28T22:33:27.901+0000] {logging_mixin.py:190} INFO - [2025-10-28T22:33:27.901+0000] {dag.py:3239} INFO - Sync 1 DAGs
[2025-10-28T22:33:27.919+0000] {logging_mixin.py:190} INFO - [2025-10-28T22:33:27.919+0000] {dag.py:4180} INFO - Setting next_dagrun for etl_pipeline to 2025-10-27 00:00:00+00:00, run_after=2025-10-28 00:00:00+00:00
[2025-10-28T22:33:27.938+0000] {processor.py:208} INFO - Processing /opt/airflow/dags/etl_pipeline_dag.py took 0.169 seconds
[2025-10-28T22:33:58.090+0000] {processor.py:186} INFO - Started process (PID=1241) to work on /opt/airflow/dags/etl_pipeline_dag.py
[2025-10-28T22:33:58.091+0000] {processor.py:914} INFO - Processing file /opt/airflow/dags/etl_pipeline_dag.py for tasks to queue
[2025-10-28T22:33:58.093+0000] {logging_mixin.py:190} INFO - [2025-10-28T22:33:58.093+0000] {dagbag.py:588} INFO - Filling up the DagBag from /opt/airflow/dags/etl_pipeline_dag.py
[2025-10-28T22:33:58.114+0000] {processor.py:925} INFO - DAG(s) 'etl_pipeline' retrieved from /opt/airflow/dags/etl_pipeline_dag.py
[2025-10-28T22:33:58.140+0000] {logging_mixin.py:190} INFO - [2025-10-28T22:33:58.140+0000] {dag.py:3239} INFO - Sync 1 DAGs
[2025-10-28T22:33:58.163+0000] {logging_mixin.py:190} INFO - [2025-10-28T22:33:58.162+0000] {dag.py:4180} INFO - Setting next_dagrun for etl_pipeline to 2025-10-27 00:00:00+00:00, run_after=2025-10-28 00:00:00+00:00
[2025-10-28T22:33:58.179+0000] {processor.py:208} INFO - Processing /opt/airflow/dags/etl_pipeline_dag.py took 0.094 seconds
[2025-10-28T22:34:28.346+0000] {processor.py:186} INFO - Started process (PID=1257) to work on /opt/airflow/dags/etl_pipeline_dag.py
[2025-10-28T22:34:28.347+0000] {processor.py:914} INFO - Processing file /opt/airflow/dags/etl_pipeline_dag.py for tasks to queue
[2025-10-28T22:34:28.350+0000] {logging_mixin.py:190} INFO - [2025-10-28T22:34:28.350+0000] {dagbag.py:588} INFO - Filling up the DagBag from /opt/airflow/dags/etl_pipeline_dag.py
[2025-10-28T22:34:28.370+0000] {processor.py:925} INFO - DAG(s) 'etl_pipeline' retrieved from /opt/airflow/dags/etl_pipeline_dag.py
[2025-10-28T22:34:28.383+0000] {logging_mixin.py:190} INFO - [2025-10-28T22:34:28.382+0000] {dag.py:3239} INFO - Sync 1 DAGs
[2025-10-28T22:34:28.411+0000] {logging_mixin.py:190} INFO - [2025-10-28T22:34:28.411+0000] {dag.py:4180} INFO - Setting next_dagrun for etl_pipeline to 2025-10-27 00:00:00+00:00, run_after=2025-10-28 00:00:00+00:00
[2025-10-28T22:34:28.431+0000] {processor.py:208} INFO - Processing /opt/airflow/dags/etl_pipeline_dag.py took 0.090 seconds
[2025-10-28T22:34:58.536+0000] {processor.py:186} INFO - Started process (PID=1273) to work on /opt/airflow/dags/etl_pipeline_dag.py
[2025-10-28T22:34:58.537+0000] {processor.py:914} INFO - Processing file /opt/airflow/dags/etl_pipeline_dag.py for tasks to queue
[2025-10-28T22:34:58.540+0000] {logging_mixin.py:190} INFO - [2025-10-28T22:34:58.539+0000] {dagbag.py:588} INFO - Filling up the DagBag from /opt/airflow/dags/etl_pipeline_dag.py
[2025-10-28T22:34:58.561+0000] {processor.py:925} INFO - DAG(s) 'etl_pipeline' retrieved from /opt/airflow/dags/etl_pipeline_dag.py
[2025-10-28T22:34:58.673+0000] {logging_mixin.py:190} INFO - [2025-10-28T22:34:58.673+0000] {dag.py:3239} INFO - Sync 1 DAGs
[2025-10-28T22:34:58.692+0000] {logging_mixin.py:190} INFO - [2025-10-28T22:34:58.692+0000] {dag.py:4180} INFO - Setting next_dagrun for etl_pipeline to 2025-10-27 00:00:00+00:00, run_after=2025-10-28 00:00:00+00:00
[2025-10-28T22:34:58.710+0000] {processor.py:208} INFO - Processing /opt/airflow/dags/etl_pipeline_dag.py took 0.179 seconds
[2025-10-28T22:35:28.899+0000] {processor.py:186} INFO - Started process (PID=1289) to work on /opt/airflow/dags/etl_pipeline_dag.py
[2025-10-28T22:35:28.900+0000] {processor.py:914} INFO - Processing file /opt/airflow/dags/etl_pipeline_dag.py for tasks to queue
[2025-10-28T22:35:28.902+0000] {logging_mixin.py:190} INFO - [2025-10-28T22:35:28.901+0000] {dagbag.py:588} INFO - Filling up the DagBag from /opt/airflow/dags/etl_pipeline_dag.py
[2025-10-28T22:35:28.921+0000] {processor.py:925} INFO - DAG(s) 'etl_pipeline' retrieved from /opt/airflow/dags/etl_pipeline_dag.py
[2025-10-28T22:35:28.946+0000] {logging_mixin.py:190} INFO - [2025-10-28T22:35:28.946+0000] {dag.py:3239} INFO - Sync 1 DAGs
[2025-10-28T22:35:28.968+0000] {logging_mixin.py:190} INFO - [2025-10-28T22:35:28.968+0000] {dag.py:4180} INFO - Setting next_dagrun for etl_pipeline to 2025-10-27 00:00:00+00:00, run_after=2025-10-28 00:00:00+00:00
[2025-10-28T22:35:28.986+0000] {processor.py:208} INFO - Processing /opt/airflow/dags/etl_pipeline_dag.py took 0.093 seconds
[2025-10-28T22:35:59.041+0000] {processor.py:186} INFO - Started process (PID=1305) to work on /opt/airflow/dags/etl_pipeline_dag.py
[2025-10-28T22:35:59.041+0000] {processor.py:914} INFO - Processing file /opt/airflow/dags/etl_pipeline_dag.py for tasks to queue
[2025-10-28T22:35:59.043+0000] {logging_mixin.py:190} INFO - [2025-10-28T22:35:59.043+0000] {dagbag.py:588} INFO - Filling up the DagBag from /opt/airflow/dags/etl_pipeline_dag.py
[2025-10-28T22:35:59.061+0000] {processor.py:925} INFO - DAG(s) 'etl_pipeline' retrieved from /opt/airflow/dags/etl_pipeline_dag.py
[2025-10-28T22:35:59.073+0000] {logging_mixin.py:190} INFO - [2025-10-28T22:35:59.073+0000] {dag.py:3239} INFO - Sync 1 DAGs
[2025-10-28T22:35:59.093+0000] {logging_mixin.py:190} INFO - [2025-10-28T22:35:59.093+0000] {dag.py:4180} INFO - Setting next_dagrun for etl_pipeline to 2025-10-27 00:00:00+00:00, run_after=2025-10-28 00:00:00+00:00
[2025-10-28T22:35:59.109+0000] {processor.py:208} INFO - Processing /opt/airflow/dags/etl_pipeline_dag.py took 0.074 seconds
[2025-10-28T22:36:29.237+0000] {processor.py:186} INFO - Started process (PID=1321) to work on /opt/airflow/dags/etl_pipeline_dag.py
[2025-10-28T22:36:29.238+0000] {processor.py:914} INFO - Processing file /opt/airflow/dags/etl_pipeline_dag.py for tasks to queue
[2025-10-28T22:36:29.240+0000] {logging_mixin.py:190} INFO - [2025-10-28T22:36:29.240+0000] {dagbag.py:588} INFO - Filling up the DagBag from /opt/airflow/dags/etl_pipeline_dag.py
[2025-10-28T22:36:29.259+0000] {processor.py:925} INFO - DAG(s) 'etl_pipeline' retrieved from /opt/airflow/dags/etl_pipeline_dag.py
[2025-10-28T22:36:29.354+0000] {logging_mixin.py:190} INFO - [2025-10-28T22:36:29.354+0000] {dag.py:3239} INFO - Sync 1 DAGs
[2025-10-28T22:36:29.372+0000] {logging_mixin.py:190} INFO - [2025-10-28T22:36:29.372+0000] {dag.py:4180} INFO - Setting next_dagrun for etl_pipeline to 2025-10-27 00:00:00+00:00, run_after=2025-10-28 00:00:00+00:00
[2025-10-28T22:36:29.388+0000] {processor.py:208} INFO - Processing /opt/airflow/dags/etl_pipeline_dag.py took 0.157 seconds
[2025-10-28T22:37:00.036+0000] {processor.py:186} INFO - Started process (PID=1331) to work on /opt/airflow/dags/etl_pipeline_dag.py
[2025-10-28T22:37:00.037+0000] {processor.py:914} INFO - Processing file /opt/airflow/dags/etl_pipeline_dag.py for tasks to queue
[2025-10-28T22:37:00.039+0000] {logging_mixin.py:190} INFO - [2025-10-28T22:37:00.039+0000] {dagbag.py:588} INFO - Filling up the DagBag from /opt/airflow/dags/etl_pipeline_dag.py
[2025-10-28T22:37:00.062+0000] {processor.py:925} INFO - DAG(s) 'etl_pipeline' retrieved from /opt/airflow/dags/etl_pipeline_dag.py
[2025-10-28T22:37:00.091+0000] {logging_mixin.py:190} INFO - [2025-10-28T22:37:00.091+0000] {dag.py:3239} INFO - Sync 1 DAGs
[2025-10-28T22:37:00.116+0000] {logging_mixin.py:190} INFO - [2025-10-28T22:37:00.115+0000] {dag.py:4180} INFO - Setting next_dagrun for etl_pipeline to 2025-10-27 00:00:00+00:00, run_after=2025-10-28 00:00:00+00:00
[2025-10-28T22:37:00.137+0000] {processor.py:208} INFO - Processing /opt/airflow/dags/etl_pipeline_dag.py took 0.108 seconds
[2025-10-28T22:37:31.149+0000] {processor.py:186} INFO - Started process (PID=1347) to work on /opt/airflow/dags/etl_pipeline_dag.py
[2025-10-28T22:37:31.151+0000] {processor.py:914} INFO - Processing file /opt/airflow/dags/etl_pipeline_dag.py for tasks to queue
[2025-10-28T22:37:31.153+0000] {logging_mixin.py:190} INFO - [2025-10-28T22:37:31.153+0000] {dagbag.py:588} INFO - Filling up the DagBag from /opt/airflow/dags/etl_pipeline_dag.py
[2025-10-28T22:37:31.173+0000] {processor.py:925} INFO - DAG(s) 'etl_pipeline' retrieved from /opt/airflow/dags/etl_pipeline_dag.py
[2025-10-28T22:37:31.186+0000] {logging_mixin.py:190} INFO - [2025-10-28T22:37:31.186+0000] {dag.py:3239} INFO - Sync 1 DAGs
[2025-10-28T22:37:31.211+0000] {logging_mixin.py:190} INFO - [2025-10-28T22:37:31.211+0000] {dag.py:4180} INFO - Setting next_dagrun for etl_pipeline to 2025-10-27 00:00:00+00:00, run_after=2025-10-28 00:00:00+00:00
[2025-10-28T22:37:31.228+0000] {processor.py:208} INFO - Processing /opt/airflow/dags/etl_pipeline_dag.py took 0.086 seconds
