[2025-10-28T21:52:15.540+0000] {processor.py:186} INFO - Started process (PID=203) to work on /opt/airflow/dags/etl_dag.py
[2025-10-28T21:52:15.541+0000] {processor.py:914} INFO - Processing file /opt/airflow/dags/etl_dag.py for tasks to queue
[2025-10-28T21:52:15.543+0000] {logging_mixin.py:190} INFO - [2025-10-28T21:52:15.543+0000] {dagbag.py:588} INFO - Filling up the DagBag from /opt/airflow/dags/etl_dag.py
[2025-10-28T21:52:15.565+0000] {processor.py:925} INFO - DAG(s) 'etl_pipeline' retrieved from /opt/airflow/dags/etl_dag.py
[2025-10-28T21:52:15.718+0000] {logging_mixin.py:190} INFO - [2025-10-28T21:52:15.718+0000] {dag.py:3239} INFO - Sync 1 DAGs
[2025-10-28T21:52:15.729+0000] {logging_mixin.py:190} INFO - [2025-10-28T21:52:15.729+0000] {dag.py:4180} INFO - Setting next_dagrun for etl_pipeline to None, run_after=None
[2025-10-28T21:52:15.745+0000] {processor.py:208} INFO - Processing /opt/airflow/dags/etl_dag.py took 0.212 seconds
[2025-10-28T21:52:45.878+0000] {processor.py:186} INFO - Started process (PID=213) to work on /opt/airflow/dags/etl_dag.py
[2025-10-28T21:52:45.878+0000] {processor.py:914} INFO - Processing file /opt/airflow/dags/etl_dag.py for tasks to queue
[2025-10-28T21:52:45.881+0000] {logging_mixin.py:190} INFO - [2025-10-28T21:52:45.881+0000] {dagbag.py:588} INFO - Filling up the DagBag from /opt/airflow/dags/etl_dag.py
[2025-10-28T21:52:45.898+0000] {processor.py:925} INFO - DAG(s) 'etl_pipeline' retrieved from /opt/airflow/dags/etl_dag.py
[2025-10-28T21:52:45.924+0000] {logging_mixin.py:190} INFO - [2025-10-28T21:52:45.924+0000] {dag.py:3239} INFO - Sync 1 DAGs
[2025-10-28T21:52:45.938+0000] {logging_mixin.py:190} INFO - [2025-10-28T21:52:45.938+0000] {dag.py:4180} INFO - Setting next_dagrun for etl_pipeline to None, run_after=None
[2025-10-28T21:52:45.955+0000] {processor.py:208} INFO - Processing /opt/airflow/dags/etl_dag.py took 0.084 seconds
[2025-10-28T21:53:16.134+0000] {processor.py:186} INFO - Started process (PID=223) to work on /opt/airflow/dags/etl_dag.py
[2025-10-28T21:53:16.135+0000] {processor.py:914} INFO - Processing file /opt/airflow/dags/etl_dag.py for tasks to queue
[2025-10-28T21:53:16.137+0000] {logging_mixin.py:190} INFO - [2025-10-28T21:53:16.137+0000] {dagbag.py:588} INFO - Filling up the DagBag from /opt/airflow/dags/etl_dag.py
[2025-10-28T21:53:16.156+0000] {processor.py:925} INFO - DAG(s) 'etl_pipeline' retrieved from /opt/airflow/dags/etl_dag.py
[2025-10-28T21:53:16.259+0000] {logging_mixin.py:190} INFO - [2025-10-28T21:53:16.259+0000] {dag.py:3239} INFO - Sync 1 DAGs
[2025-10-28T21:53:16.269+0000] {logging_mixin.py:190} INFO - [2025-10-28T21:53:16.269+0000] {dag.py:4180} INFO - Setting next_dagrun for etl_pipeline to None, run_after=None
[2025-10-28T21:53:16.285+0000] {processor.py:208} INFO - Processing /opt/airflow/dags/etl_dag.py took 0.157 seconds
[2025-10-28T21:53:46.484+0000] {processor.py:186} INFO - Started process (PID=233) to work on /opt/airflow/dags/etl_dag.py
[2025-10-28T21:53:46.485+0000] {processor.py:914} INFO - Processing file /opt/airflow/dags/etl_dag.py for tasks to queue
[2025-10-28T21:53:46.487+0000] {logging_mixin.py:190} INFO - [2025-10-28T21:53:46.487+0000] {dagbag.py:588} INFO - Filling up the DagBag from /opt/airflow/dags/etl_dag.py
[2025-10-28T21:53:46.505+0000] {processor.py:925} INFO - DAG(s) 'etl_pipeline' retrieved from /opt/airflow/dags/etl_dag.py
[2025-10-28T21:53:46.530+0000] {logging_mixin.py:190} INFO - [2025-10-28T21:53:46.530+0000] {dag.py:3239} INFO - Sync 1 DAGs
[2025-10-28T21:53:46.544+0000] {logging_mixin.py:190} INFO - [2025-10-28T21:53:46.543+0000] {dag.py:4180} INFO - Setting next_dagrun for etl_pipeline to None, run_after=None
[2025-10-28T21:53:46.560+0000] {processor.py:208} INFO - Processing /opt/airflow/dags/etl_dag.py took 0.082 seconds
[2025-10-28T21:54:16.679+0000] {processor.py:186} INFO - Started process (PID=243) to work on /opt/airflow/dags/etl_dag.py
[2025-10-28T21:54:16.680+0000] {processor.py:914} INFO - Processing file /opt/airflow/dags/etl_dag.py for tasks to queue
[2025-10-28T21:54:16.683+0000] {logging_mixin.py:190} INFO - [2025-10-28T21:54:16.683+0000] {dagbag.py:588} INFO - Filling up the DagBag from /opt/airflow/dags/etl_dag.py
[2025-10-28T21:54:16.700+0000] {processor.py:925} INFO - DAG(s) 'etl_pipeline' retrieved from /opt/airflow/dags/etl_dag.py
[2025-10-28T21:54:16.804+0000] {logging_mixin.py:190} INFO - [2025-10-28T21:54:16.804+0000] {dag.py:3239} INFO - Sync 1 DAGs
[2025-10-28T21:54:16.815+0000] {logging_mixin.py:190} INFO - [2025-10-28T21:54:16.815+0000] {dag.py:4180} INFO - Setting next_dagrun for etl_pipeline to None, run_after=None
[2025-10-28T21:54:16.832+0000] {processor.py:208} INFO - Processing /opt/airflow/dags/etl_dag.py took 0.159 seconds
[2025-10-28T21:54:47.020+0000] {processor.py:186} INFO - Started process (PID=253) to work on /opt/airflow/dags/etl_dag.py
[2025-10-28T21:54:47.021+0000] {processor.py:914} INFO - Processing file /opt/airflow/dags/etl_dag.py for tasks to queue
[2025-10-28T21:54:47.024+0000] {logging_mixin.py:190} INFO - [2025-10-28T21:54:47.024+0000] {dagbag.py:588} INFO - Filling up the DagBag from /opt/airflow/dags/etl_dag.py
[2025-10-28T21:54:47.042+0000] {processor.py:925} INFO - DAG(s) 'etl_pipeline' retrieved from /opt/airflow/dags/etl_dag.py
[2025-10-28T21:54:47.068+0000] {logging_mixin.py:190} INFO - [2025-10-28T21:54:47.068+0000] {dag.py:3239} INFO - Sync 1 DAGs
[2025-10-28T21:54:47.083+0000] {logging_mixin.py:190} INFO - [2025-10-28T21:54:47.083+0000] {dag.py:4180} INFO - Setting next_dagrun for etl_pipeline to None, run_after=None
[2025-10-28T21:54:47.101+0000] {processor.py:208} INFO - Processing /opt/airflow/dags/etl_dag.py took 0.087 seconds
[2025-10-28T21:55:17.186+0000] {processor.py:186} INFO - Started process (PID=263) to work on /opt/airflow/dags/etl_dag.py
[2025-10-28T21:55:17.187+0000] {processor.py:914} INFO - Processing file /opt/airflow/dags/etl_dag.py for tasks to queue
[2025-10-28T21:55:17.190+0000] {logging_mixin.py:190} INFO - [2025-10-28T21:55:17.190+0000] {dagbag.py:588} INFO - Filling up the DagBag from /opt/airflow/dags/etl_dag.py
[2025-10-28T21:55:17.209+0000] {processor.py:925} INFO - DAG(s) 'etl_pipeline' retrieved from /opt/airflow/dags/etl_dag.py
[2025-10-28T21:55:17.305+0000] {logging_mixin.py:190} INFO - [2025-10-28T21:55:17.305+0000] {dag.py:3239} INFO - Sync 1 DAGs
[2025-10-28T21:55:17.315+0000] {logging_mixin.py:190} INFO - [2025-10-28T21:55:17.315+0000] {dag.py:4180} INFO - Setting next_dagrun for etl_pipeline to None, run_after=None
[2025-10-28T21:55:17.331+0000] {processor.py:208} INFO - Processing /opt/airflow/dags/etl_dag.py took 0.150 seconds
[2025-10-28T21:55:47.482+0000] {processor.py:186} INFO - Started process (PID=273) to work on /opt/airflow/dags/etl_dag.py
[2025-10-28T21:55:47.483+0000] {processor.py:914} INFO - Processing file /opt/airflow/dags/etl_dag.py for tasks to queue
[2025-10-28T21:55:47.485+0000] {logging_mixin.py:190} INFO - [2025-10-28T21:55:47.485+0000] {dagbag.py:588} INFO - Filling up the DagBag from /opt/airflow/dags/etl_dag.py
[2025-10-28T21:55:47.503+0000] {processor.py:925} INFO - DAG(s) 'etl_pipeline' retrieved from /opt/airflow/dags/etl_dag.py
[2025-10-28T21:55:47.529+0000] {logging_mixin.py:190} INFO - [2025-10-28T21:55:47.528+0000] {dag.py:3239} INFO - Sync 1 DAGs
[2025-10-28T21:55:47.542+0000] {logging_mixin.py:190} INFO - [2025-10-28T21:55:47.542+0000] {dag.py:4180} INFO - Setting next_dagrun for etl_pipeline to None, run_after=None
[2025-10-28T21:55:47.558+0000] {processor.py:208} INFO - Processing /opt/airflow/dags/etl_dag.py took 0.082 seconds
[2025-10-28T21:56:18.583+0000] {processor.py:186} INFO - Started process (PID=283) to work on /opt/airflow/dags/etl_dag.py
[2025-10-28T21:56:18.584+0000] {processor.py:914} INFO - Processing file /opt/airflow/dags/etl_dag.py for tasks to queue
[2025-10-28T21:56:18.587+0000] {logging_mixin.py:190} INFO - [2025-10-28T21:56:18.586+0000] {dagbag.py:588} INFO - Filling up the DagBag from /opt/airflow/dags/etl_dag.py
[2025-10-28T21:56:18.604+0000] {processor.py:925} INFO - DAG(s) 'etl_pipeline' retrieved from /opt/airflow/dags/etl_dag.py
[2025-10-28T21:56:18.710+0000] {logging_mixin.py:190} INFO - [2025-10-28T21:56:18.710+0000] {dag.py:3239} INFO - Sync 1 DAGs
[2025-10-28T21:56:18.720+0000] {logging_mixin.py:190} INFO - [2025-10-28T21:56:18.720+0000] {dag.py:4180} INFO - Setting next_dagrun for etl_pipeline to None, run_after=None
[2025-10-28T21:56:18.738+0000] {processor.py:208} INFO - Processing /opt/airflow/dags/etl_dag.py took 0.161 seconds
[2025-10-28T21:56:49.074+0000] {processor.py:186} INFO - Started process (PID=293) to work on /opt/airflow/dags/etl_dag.py
[2025-10-28T21:56:49.075+0000] {processor.py:914} INFO - Processing file /opt/airflow/dags/etl_dag.py for tasks to queue
[2025-10-28T21:56:49.078+0000] {logging_mixin.py:190} INFO - [2025-10-28T21:56:49.078+0000] {dagbag.py:588} INFO - Filling up the DagBag from /opt/airflow/dags/etl_dag.py
[2025-10-28T21:56:49.094+0000] {processor.py:925} INFO - DAG(s) 'etl_pipeline' retrieved from /opt/airflow/dags/etl_dag.py
[2025-10-28T21:56:49.118+0000] {logging_mixin.py:190} INFO - [2025-10-28T21:56:49.117+0000] {dag.py:3239} INFO - Sync 1 DAGs
[2025-10-28T21:56:49.131+0000] {logging_mixin.py:190} INFO - [2025-10-28T21:56:49.130+0000] {dag.py:4180} INFO - Setting next_dagrun for etl_pipeline to None, run_after=None
[2025-10-28T21:56:49.147+0000] {processor.py:208} INFO - Processing /opt/airflow/dags/etl_dag.py took 0.078 seconds
[2025-10-28T21:57:19.238+0000] {processor.py:186} INFO - Started process (PID=303) to work on /opt/airflow/dags/etl_dag.py
[2025-10-28T21:57:19.239+0000] {processor.py:914} INFO - Processing file /opt/airflow/dags/etl_dag.py for tasks to queue
[2025-10-28T21:57:19.241+0000] {logging_mixin.py:190} INFO - [2025-10-28T21:57:19.241+0000] {dagbag.py:588} INFO - Filling up the DagBag from /opt/airflow/dags/etl_dag.py
[2025-10-28T21:57:19.257+0000] {processor.py:925} INFO - DAG(s) 'etl_pipeline' retrieved from /opt/airflow/dags/etl_dag.py
[2025-10-28T21:57:19.483+0000] {logging_mixin.py:190} INFO - [2025-10-28T21:57:19.483+0000] {dag.py:3239} INFO - Sync 1 DAGs
[2025-10-28T21:57:19.492+0000] {logging_mixin.py:190} INFO - [2025-10-28T21:57:19.492+0000] {dag.py:4180} INFO - Setting next_dagrun for etl_pipeline to None, run_after=None
[2025-10-28T21:57:19.507+0000] {processor.py:208} INFO - Processing /opt/airflow/dags/etl_dag.py took 0.275 seconds
[2025-10-28T21:57:49.850+0000] {processor.py:186} INFO - Started process (PID=313) to work on /opt/airflow/dags/etl_dag.py
[2025-10-28T21:57:49.851+0000] {processor.py:914} INFO - Processing file /opt/airflow/dags/etl_dag.py for tasks to queue
[2025-10-28T21:57:49.854+0000] {logging_mixin.py:190} INFO - [2025-10-28T21:57:49.853+0000] {dagbag.py:588} INFO - Filling up the DagBag from /opt/airflow/dags/etl_dag.py
[2025-10-28T21:57:49.872+0000] {processor.py:925} INFO - DAG(s) 'etl_pipeline' retrieved from /opt/airflow/dags/etl_dag.py
[2025-10-28T21:57:49.899+0000] {logging_mixin.py:190} INFO - [2025-10-28T21:57:49.898+0000] {dag.py:3239} INFO - Sync 1 DAGs
[2025-10-28T21:57:49.913+0000] {logging_mixin.py:190} INFO - [2025-10-28T21:57:49.913+0000] {dag.py:4180} INFO - Setting next_dagrun for etl_pipeline to None, run_after=None
[2025-10-28T21:57:49.931+0000] {processor.py:208} INFO - Processing /opt/airflow/dags/etl_dag.py took 0.087 seconds
[2025-10-28T21:58:20.160+0000] {processor.py:186} INFO - Started process (PID=323) to work on /opt/airflow/dags/etl_dag.py
[2025-10-28T21:58:20.161+0000] {processor.py:914} INFO - Processing file /opt/airflow/dags/etl_dag.py for tasks to queue
[2025-10-28T21:58:20.163+0000] {logging_mixin.py:190} INFO - [2025-10-28T21:58:20.163+0000] {dagbag.py:588} INFO - Filling up the DagBag from /opt/airflow/dags/etl_dag.py
[2025-10-28T21:58:20.179+0000] {processor.py:925} INFO - DAG(s) 'etl_pipeline' retrieved from /opt/airflow/dags/etl_dag.py
[2025-10-28T21:58:20.417+0000] {logging_mixin.py:190} INFO - [2025-10-28T21:58:20.417+0000] {dag.py:3239} INFO - Sync 1 DAGs
[2025-10-28T21:58:20.427+0000] {logging_mixin.py:190} INFO - [2025-10-28T21:58:20.427+0000] {dag.py:4180} INFO - Setting next_dagrun for etl_pipeline to None, run_after=None
[2025-10-28T21:58:20.442+0000] {processor.py:208} INFO - Processing /opt/airflow/dags/etl_dag.py took 0.286 seconds
[2025-10-28T21:58:50.868+0000] {processor.py:186} INFO - Started process (PID=333) to work on /opt/airflow/dags/etl_dag.py
[2025-10-28T21:58:50.869+0000] {processor.py:914} INFO - Processing file /opt/airflow/dags/etl_dag.py for tasks to queue
[2025-10-28T21:58:50.872+0000] {logging_mixin.py:190} INFO - [2025-10-28T21:58:50.872+0000] {dagbag.py:588} INFO - Filling up the DagBag from /opt/airflow/dags/etl_dag.py
[2025-10-28T21:58:50.890+0000] {processor.py:925} INFO - DAG(s) 'etl_pipeline' retrieved from /opt/airflow/dags/etl_dag.py
[2025-10-28T21:58:50.915+0000] {logging_mixin.py:190} INFO - [2025-10-28T21:58:50.915+0000] {dag.py:3239} INFO - Sync 1 DAGs
[2025-10-28T21:58:50.929+0000] {logging_mixin.py:190} INFO - [2025-10-28T21:58:50.928+0000] {dag.py:4180} INFO - Setting next_dagrun for etl_pipeline to None, run_after=None
[2025-10-28T21:58:50.948+0000] {processor.py:208} INFO - Processing /opt/airflow/dags/etl_dag.py took 0.085 seconds
[2025-10-28T21:59:21.772+0000] {processor.py:186} INFO - Started process (PID=348) to work on /opt/airflow/dags/etl_dag.py
[2025-10-28T21:59:21.773+0000] {processor.py:914} INFO - Processing file /opt/airflow/dags/etl_dag.py for tasks to queue
[2025-10-28T21:59:21.775+0000] {logging_mixin.py:190} INFO - [2025-10-28T21:59:21.775+0000] {dagbag.py:588} INFO - Filling up the DagBag from /opt/airflow/dags/etl_dag.py
[2025-10-28T21:59:21.791+0000] {processor.py:925} INFO - DAG(s) 'etl_pipeline' retrieved from /opt/airflow/dags/etl_dag.py
[2025-10-28T21:59:22.022+0000] {logging_mixin.py:190} INFO - [2025-10-28T21:59:22.022+0000] {dag.py:3239} INFO - Sync 1 DAGs
[2025-10-28T21:59:22.033+0000] {logging_mixin.py:190} INFO - [2025-10-28T21:59:22.033+0000] {dag.py:4180} INFO - Setting next_dagrun for etl_pipeline to None, run_after=None
[2025-10-28T21:59:22.048+0000] {processor.py:208} INFO - Processing /opt/airflow/dags/etl_dag.py took 0.280 seconds
[2025-10-28T21:59:52.289+0000] {processor.py:186} INFO - Started process (PID=358) to work on /opt/airflow/dags/etl_dag.py
[2025-10-28T21:59:52.289+0000] {processor.py:914} INFO - Processing file /opt/airflow/dags/etl_dag.py for tasks to queue
[2025-10-28T21:59:52.292+0000] {logging_mixin.py:190} INFO - [2025-10-28T21:59:52.291+0000] {dagbag.py:588} INFO - Filling up the DagBag from /opt/airflow/dags/etl_dag.py
[2025-10-28T21:59:52.307+0000] {processor.py:925} INFO - DAG(s) 'etl_pipeline' retrieved from /opt/airflow/dags/etl_dag.py
[2025-10-28T21:59:52.329+0000] {logging_mixin.py:190} INFO - [2025-10-28T21:59:52.328+0000] {dag.py:3239} INFO - Sync 1 DAGs
[2025-10-28T21:59:52.465+0000] {logging_mixin.py:190} INFO - [2025-10-28T21:59:52.465+0000] {dag.py:4180} INFO - Setting next_dagrun for etl_pipeline to None, run_after=None
[2025-10-28T21:59:52.480+0000] {processor.py:208} INFO - Processing /opt/airflow/dags/etl_dag.py took 0.196 seconds
[2025-10-28T22:00:22.642+0000] {processor.py:186} INFO - Started process (PID=368) to work on /opt/airflow/dags/etl_dag.py
[2025-10-28T22:00:22.643+0000] {processor.py:914} INFO - Processing file /opt/airflow/dags/etl_dag.py for tasks to queue
[2025-10-28T22:00:22.645+0000] {logging_mixin.py:190} INFO - [2025-10-28T22:00:22.645+0000] {dagbag.py:588} INFO - Filling up the DagBag from /opt/airflow/dags/etl_dag.py
[2025-10-28T22:00:22.662+0000] {processor.py:925} INFO - DAG(s) 'etl_pipeline' retrieved from /opt/airflow/dags/etl_dag.py
[2025-10-28T22:00:22.673+0000] {logging_mixin.py:190} INFO - [2025-10-28T22:00:22.672+0000] {dag.py:3239} INFO - Sync 1 DAGs
[2025-10-28T22:00:22.812+0000] {logging_mixin.py:190} INFO - [2025-10-28T22:00:22.812+0000] {dag.py:4180} INFO - Setting next_dagrun for etl_pipeline to None, run_after=None
[2025-10-28T22:00:22.826+0000] {processor.py:208} INFO - Processing /opt/airflow/dags/etl_dag.py took 0.189 seconds
[2025-10-28T22:00:52.947+0000] {processor.py:186} INFO - Started process (PID=378) to work on /opt/airflow/dags/etl_dag.py
[2025-10-28T22:00:52.948+0000] {processor.py:914} INFO - Processing file /opt/airflow/dags/etl_dag.py for tasks to queue
[2025-10-28T22:00:53.092+0000] {logging_mixin.py:190} INFO - [2025-10-28T22:00:53.092+0000] {dagbag.py:588} INFO - Filling up the DagBag from /opt/airflow/dags/etl_dag.py
[2025-10-28T22:00:53.107+0000] {processor.py:925} INFO - DAG(s) 'etl_pipeline' retrieved from /opt/airflow/dags/etl_dag.py
[2025-10-28T22:00:53.193+0000] {logging_mixin.py:190} INFO - [2025-10-28T22:00:53.193+0000] {dag.py:3239} INFO - Sync 1 DAGs
[2025-10-28T22:00:53.202+0000] {logging_mixin.py:190} INFO - [2025-10-28T22:00:53.202+0000] {dag.py:4180} INFO - Setting next_dagrun for etl_pipeline to None, run_after=None
[2025-10-28T22:00:53.217+0000] {processor.py:208} INFO - Processing /opt/airflow/dags/etl_dag.py took 0.275 seconds
[2025-10-28T22:01:24.133+0000] {processor.py:186} INFO - Started process (PID=388) to work on /opt/airflow/dags/etl_dag.py
[2025-10-28T22:01:24.134+0000] {processor.py:914} INFO - Processing file /opt/airflow/dags/etl_dag.py for tasks to queue
[2025-10-28T22:01:24.136+0000] {logging_mixin.py:190} INFO - [2025-10-28T22:01:24.136+0000] {dagbag.py:588} INFO - Filling up the DagBag from /opt/airflow/dags/etl_dag.py
[2025-10-28T22:01:24.156+0000] {processor.py:925} INFO - DAG(s) 'etl_pipeline' retrieved from /opt/airflow/dags/etl_dag.py
[2025-10-28T22:01:24.179+0000] {logging_mixin.py:190} INFO - [2025-10-28T22:01:24.179+0000] {dag.py:3239} INFO - Sync 1 DAGs
[2025-10-28T22:01:24.192+0000] {logging_mixin.py:190} INFO - [2025-10-28T22:01:24.192+0000] {dag.py:4180} INFO - Setting next_dagrun for etl_pipeline to None, run_after=None
[2025-10-28T22:01:24.208+0000] {processor.py:208} INFO - Processing /opt/airflow/dags/etl_dag.py took 0.080 seconds
[2025-10-28T22:01:54.425+0000] {processor.py:186} INFO - Started process (PID=398) to work on /opt/airflow/dags/etl_dag.py
[2025-10-28T22:01:54.426+0000] {processor.py:914} INFO - Processing file /opt/airflow/dags/etl_dag.py for tasks to queue
[2025-10-28T22:01:54.428+0000] {logging_mixin.py:190} INFO - [2025-10-28T22:01:54.428+0000] {dagbag.py:588} INFO - Filling up the DagBag from /opt/airflow/dags/etl_dag.py
[2025-10-28T22:01:54.446+0000] {processor.py:925} INFO - DAG(s) 'etl_pipeline' retrieved from /opt/airflow/dags/etl_dag.py
[2025-10-28T22:01:54.458+0000] {logging_mixin.py:190} INFO - [2025-10-28T22:01:54.458+0000] {dag.py:3239} INFO - Sync 1 DAGs
[2025-10-28T22:01:54.472+0000] {logging_mixin.py:190} INFO - [2025-10-28T22:01:54.472+0000] {dag.py:4180} INFO - Setting next_dagrun for etl_pipeline to None, run_after=None
[2025-10-28T22:01:54.489+0000] {processor.py:208} INFO - Processing /opt/airflow/dags/etl_dag.py took 0.069 seconds
[2025-10-28T22:02:25.370+0000] {processor.py:186} INFO - Started process (PID=408) to work on /opt/airflow/dags/etl_dag.py
[2025-10-28T22:02:25.371+0000] {processor.py:914} INFO - Processing file /opt/airflow/dags/etl_dag.py for tasks to queue
[2025-10-28T22:02:25.373+0000] {logging_mixin.py:190} INFO - [2025-10-28T22:02:25.372+0000] {dagbag.py:588} INFO - Filling up the DagBag from /opt/airflow/dags/etl_dag.py
[2025-10-28T22:02:25.389+0000] {processor.py:925} INFO - DAG(s) 'etl_pipeline' retrieved from /opt/airflow/dags/etl_dag.py
[2025-10-28T22:02:25.530+0000] {logging_mixin.py:190} INFO - [2025-10-28T22:02:25.530+0000] {dag.py:3239} INFO - Sync 1 DAGs
[2025-10-28T22:02:25.539+0000] {logging_mixin.py:190} INFO - [2025-10-28T22:02:25.539+0000] {dag.py:4180} INFO - Setting next_dagrun for etl_pipeline to None, run_after=None
[2025-10-28T22:02:25.554+0000] {processor.py:208} INFO - Processing /opt/airflow/dags/etl_dag.py took 0.190 seconds
[2025-10-28T22:02:56.519+0000] {processor.py:186} INFO - Started process (PID=418) to work on /opt/airflow/dags/etl_dag.py
[2025-10-28T22:02:56.520+0000] {processor.py:914} INFO - Processing file /opt/airflow/dags/etl_dag.py for tasks to queue
[2025-10-28T22:02:56.522+0000] {logging_mixin.py:190} INFO - [2025-10-28T22:02:56.521+0000] {dagbag.py:588} INFO - Filling up the DagBag from /opt/airflow/dags/etl_dag.py
[2025-10-28T22:02:56.538+0000] {processor.py:925} INFO - DAG(s) 'etl_pipeline' retrieved from /opt/airflow/dags/etl_dag.py
[2025-10-28T22:02:56.560+0000] {logging_mixin.py:190} INFO - [2025-10-28T22:02:56.560+0000] {dag.py:3239} INFO - Sync 1 DAGs
[2025-10-28T22:02:56.573+0000] {logging_mixin.py:190} INFO - [2025-10-28T22:02:56.572+0000] {dag.py:4180} INFO - Setting next_dagrun for etl_pipeline to None, run_after=None
[2025-10-28T22:02:56.593+0000] {processor.py:208} INFO - Processing /opt/airflow/dags/etl_dag.py took 0.079 seconds
[2025-10-28T22:03:26.768+0000] {processor.py:186} INFO - Started process (PID=428) to work on /opt/airflow/dags/etl_dag.py
[2025-10-28T22:03:26.769+0000] {processor.py:914} INFO - Processing file /opt/airflow/dags/etl_dag.py for tasks to queue
[2025-10-28T22:03:26.771+0000] {logging_mixin.py:190} INFO - [2025-10-28T22:03:26.771+0000] {dagbag.py:588} INFO - Filling up the DagBag from /opt/airflow/dags/etl_dag.py
[2025-10-28T22:03:26.787+0000] {processor.py:925} INFO - DAG(s) 'etl_pipeline' retrieved from /opt/airflow/dags/etl_dag.py
[2025-10-28T22:03:26.797+0000] {logging_mixin.py:190} INFO - [2025-10-28T22:03:26.797+0000] {dag.py:3239} INFO - Sync 1 DAGs
[2025-10-28T22:03:26.810+0000] {logging_mixin.py:190} INFO - [2025-10-28T22:03:26.810+0000] {dag.py:4180} INFO - Setting next_dagrun for etl_pipeline to None, run_after=None
[2025-10-28T22:03:26.825+0000] {processor.py:208} INFO - Processing /opt/airflow/dags/etl_dag.py took 0.063 seconds
[2025-10-28T22:03:56.987+0000] {processor.py:186} INFO - Started process (PID=438) to work on /opt/airflow/dags/etl_dag.py
[2025-10-28T22:03:56.987+0000] {processor.py:914} INFO - Processing file /opt/airflow/dags/etl_dag.py for tasks to queue
[2025-10-28T22:03:56.990+0000] {logging_mixin.py:190} INFO - [2025-10-28T22:03:56.990+0000] {dagbag.py:588} INFO - Filling up the DagBag from /opt/airflow/dags/etl_dag.py
[2025-10-28T22:03:57.005+0000] {processor.py:925} INFO - DAG(s) 'etl_pipeline' retrieved from /opt/airflow/dags/etl_dag.py
[2025-10-28T22:03:57.102+0000] {logging_mixin.py:190} INFO - [2025-10-28T22:03:57.102+0000] {dag.py:3239} INFO - Sync 1 DAGs
[2025-10-28T22:03:57.113+0000] {logging_mixin.py:190} INFO - [2025-10-28T22:03:57.113+0000] {dag.py:4180} INFO - Setting next_dagrun for etl_pipeline to None, run_after=None
[2025-10-28T22:03:57.129+0000] {processor.py:208} INFO - Processing /opt/airflow/dags/etl_dag.py took 0.147 seconds
[2025-10-28T22:04:27.208+0000] {processor.py:186} INFO - Started process (PID=448) to work on /opt/airflow/dags/etl_dag.py
[2025-10-28T22:04:27.209+0000] {processor.py:914} INFO - Processing file /opt/airflow/dags/etl_dag.py for tasks to queue
[2025-10-28T22:04:27.211+0000] {logging_mixin.py:190} INFO - [2025-10-28T22:04:27.211+0000] {dagbag.py:588} INFO - Filling up the DagBag from /opt/airflow/dags/etl_dag.py
[2025-10-28T22:04:27.228+0000] {processor.py:925} INFO - DAG(s) 'etl_pipeline' retrieved from /opt/airflow/dags/etl_dag.py
[2025-10-28T22:04:27.250+0000] {logging_mixin.py:190} INFO - [2025-10-28T22:04:27.250+0000] {dag.py:3239} INFO - Sync 1 DAGs
[2025-10-28T22:04:27.265+0000] {logging_mixin.py:190} INFO - [2025-10-28T22:04:27.264+0000] {dag.py:4180} INFO - Setting next_dagrun for etl_pipeline to None, run_after=None
[2025-10-28T22:04:27.283+0000] {processor.py:208} INFO - Processing /opt/airflow/dags/etl_dag.py took 0.082 seconds
[2025-10-28T22:04:57.432+0000] {processor.py:186} INFO - Started process (PID=458) to work on /opt/airflow/dags/etl_dag.py
[2025-10-28T22:04:57.433+0000] {processor.py:914} INFO - Processing file /opt/airflow/dags/etl_dag.py for tasks to queue
[2025-10-28T22:04:57.435+0000] {logging_mixin.py:190} INFO - [2025-10-28T22:04:57.434+0000] {dagbag.py:588} INFO - Filling up the DagBag from /opt/airflow/dags/etl_dag.py
[2025-10-28T22:04:57.451+0000] {processor.py:925} INFO - DAG(s) 'etl_pipeline' retrieved from /opt/airflow/dags/etl_dag.py
[2025-10-28T22:04:57.462+0000] {logging_mixin.py:190} INFO - [2025-10-28T22:04:57.462+0000] {dag.py:3239} INFO - Sync 1 DAGs
[2025-10-28T22:04:57.475+0000] {logging_mixin.py:190} INFO - [2025-10-28T22:04:57.475+0000] {dag.py:4180} INFO - Setting next_dagrun for etl_pipeline to None, run_after=None
[2025-10-28T22:04:57.494+0000] {processor.py:208} INFO - Processing /opt/airflow/dags/etl_dag.py took 0.068 seconds
[2025-10-28T22:05:27.956+0000] {processor.py:186} INFO - Started process (PID=463) to work on /opt/airflow/dags/etl_dag.py
[2025-10-28T22:05:27.957+0000] {processor.py:914} INFO - Processing file /opt/airflow/dags/etl_dag.py for tasks to queue
[2025-10-28T22:05:27.960+0000] {logging_mixin.py:190} INFO - [2025-10-28T22:05:27.959+0000] {dagbag.py:588} INFO - Filling up the DagBag from /opt/airflow/dags/etl_dag.py
[2025-10-28T22:05:27.982+0000] {processor.py:925} INFO - DAG(s) 'etl_pipeline' retrieved from /opt/airflow/dags/etl_dag.py
[2025-10-28T22:05:28.138+0000] {logging_mixin.py:190} INFO - [2025-10-28T22:05:28.138+0000] {dag.py:3239} INFO - Sync 1 DAGs
[2025-10-28T22:05:28.148+0000] {logging_mixin.py:190} INFO - [2025-10-28T22:05:28.148+0000] {dag.py:4180} INFO - Setting next_dagrun for etl_pipeline to None, run_after=None
[2025-10-28T22:05:28.167+0000] {processor.py:208} INFO - Processing /opt/airflow/dags/etl_dag.py took 0.219 seconds
[2025-10-28T22:05:58.592+0000] {processor.py:186} INFO - Started process (PID=473) to work on /opt/airflow/dags/etl_dag.py
[2025-10-28T22:05:58.593+0000] {processor.py:914} INFO - Processing file /opt/airflow/dags/etl_dag.py for tasks to queue
[2025-10-28T22:05:58.597+0000] {logging_mixin.py:190} INFO - [2025-10-28T22:05:58.596+0000] {dagbag.py:588} INFO - Filling up the DagBag from /opt/airflow/dags/etl_dag.py
[2025-10-28T22:05:58.622+0000] {processor.py:925} INFO - DAG(s) 'etl_pipeline' retrieved from /opt/airflow/dags/etl_dag.py
[2025-10-28T22:05:58.651+0000] {logging_mixin.py:190} INFO - [2025-10-28T22:05:58.650+0000] {dag.py:3239} INFO - Sync 1 DAGs
[2025-10-28T22:05:58.666+0000] {logging_mixin.py:190} INFO - [2025-10-28T22:05:58.666+0000] {dag.py:4180} INFO - Setting next_dagrun for etl_pipeline to None, run_after=None
[2025-10-28T22:05:58.685+0000] {processor.py:208} INFO - Processing /opt/airflow/dags/etl_dag.py took 0.101 seconds
[2025-10-28T22:06:29.280+0000] {processor.py:186} INFO - Started process (PID=483) to work on /opt/airflow/dags/etl_dag.py
[2025-10-28T22:06:29.281+0000] {processor.py:914} INFO - Processing file /opt/airflow/dags/etl_dag.py for tasks to queue
[2025-10-28T22:06:29.284+0000] {logging_mixin.py:190} INFO - [2025-10-28T22:06:29.284+0000] {dagbag.py:588} INFO - Filling up the DagBag from /opt/airflow/dags/etl_dag.py
[2025-10-28T22:06:29.302+0000] {processor.py:925} INFO - DAG(s) 'etl_pipeline' retrieved from /opt/airflow/dags/etl_dag.py
[2025-10-28T22:06:29.411+0000] {logging_mixin.py:190} INFO - [2025-10-28T22:06:29.411+0000] {dag.py:3239} INFO - Sync 1 DAGs
[2025-10-28T22:06:29.422+0000] {logging_mixin.py:190} INFO - [2025-10-28T22:06:29.422+0000] {dag.py:4180} INFO - Setting next_dagrun for etl_pipeline to None, run_after=None
[2025-10-28T22:06:29.439+0000] {processor.py:208} INFO - Processing /opt/airflow/dags/etl_dag.py took 0.166 seconds
[2025-10-28T22:07:00.233+0000] {processor.py:186} INFO - Started process (PID=493) to work on /opt/airflow/dags/etl_dag.py
[2025-10-28T22:07:00.234+0000] {processor.py:914} INFO - Processing file /opt/airflow/dags/etl_dag.py for tasks to queue
[2025-10-28T22:07:00.236+0000] {logging_mixin.py:190} INFO - [2025-10-28T22:07:00.236+0000] {dagbag.py:588} INFO - Filling up the DagBag from /opt/airflow/dags/etl_dag.py
[2025-10-28T22:07:00.255+0000] {processor.py:925} INFO - DAG(s) 'etl_pipeline' retrieved from /opt/airflow/dags/etl_dag.py
[2025-10-28T22:07:00.281+0000] {logging_mixin.py:190} INFO - [2025-10-28T22:07:00.281+0000] {dag.py:3239} INFO - Sync 1 DAGs
[2025-10-28T22:07:00.295+0000] {logging_mixin.py:190} INFO - [2025-10-28T22:07:00.295+0000] {dag.py:4180} INFO - Setting next_dagrun for etl_pipeline to None, run_after=None
[2025-10-28T22:07:00.312+0000] {processor.py:208} INFO - Processing /opt/airflow/dags/etl_dag.py took 0.086 seconds
[2025-10-28T22:07:31.346+0000] {processor.py:186} INFO - Started process (PID=503) to work on /opt/airflow/dags/etl_dag.py
[2025-10-28T22:07:31.347+0000] {processor.py:914} INFO - Processing file /opt/airflow/dags/etl_dag.py for tasks to queue
[2025-10-28T22:07:31.349+0000] {logging_mixin.py:190} INFO - [2025-10-28T22:07:31.349+0000] {dagbag.py:588} INFO - Filling up the DagBag from /opt/airflow/dags/etl_dag.py
[2025-10-28T22:07:31.368+0000] {processor.py:925} INFO - DAG(s) 'etl_pipeline' retrieved from /opt/airflow/dags/etl_dag.py
[2025-10-28T22:07:31.475+0000] {logging_mixin.py:190} INFO - [2025-10-28T22:07:31.475+0000] {dag.py:3239} INFO - Sync 1 DAGs
[2025-10-28T22:07:31.486+0000] {logging_mixin.py:190} INFO - [2025-10-28T22:07:31.486+0000] {dag.py:4180} INFO - Setting next_dagrun for etl_pipeline to None, run_after=None
[2025-10-28T22:07:31.502+0000] {processor.py:208} INFO - Processing /opt/airflow/dags/etl_dag.py took 0.162 seconds
[2025-10-28T22:08:02.362+0000] {processor.py:186} INFO - Started process (PID=513) to work on /opt/airflow/dags/etl_dag.py
[2025-10-28T22:08:02.363+0000] {processor.py:914} INFO - Processing file /opt/airflow/dags/etl_dag.py for tasks to queue
[2025-10-28T22:08:02.365+0000] {logging_mixin.py:190} INFO - [2025-10-28T22:08:02.365+0000] {dagbag.py:588} INFO - Filling up the DagBag from /opt/airflow/dags/etl_dag.py
[2025-10-28T22:08:02.385+0000] {processor.py:925} INFO - DAG(s) 'etl_pipeline' retrieved from /opt/airflow/dags/etl_dag.py
[2025-10-28T22:08:02.413+0000] {logging_mixin.py:190} INFO - [2025-10-28T22:08:02.412+0000] {dag.py:3239} INFO - Sync 1 DAGs
[2025-10-28T22:08:02.425+0000] {logging_mixin.py:190} INFO - [2025-10-28T22:08:02.425+0000] {dag.py:4180} INFO - Setting next_dagrun for etl_pipeline to None, run_after=None
[2025-10-28T22:08:02.440+0000] {processor.py:208} INFO - Processing /opt/airflow/dags/etl_dag.py took 0.084 seconds
[2025-10-28T22:08:32.588+0000] {processor.py:186} INFO - Started process (PID=523) to work on /opt/airflow/dags/etl_dag.py
[2025-10-28T22:08:32.589+0000] {processor.py:914} INFO - Processing file /opt/airflow/dags/etl_dag.py for tasks to queue
[2025-10-28T22:08:32.591+0000] {logging_mixin.py:190} INFO - [2025-10-28T22:08:32.591+0000] {dagbag.py:588} INFO - Filling up the DagBag from /opt/airflow/dags/etl_dag.py
[2025-10-28T22:08:32.607+0000] {processor.py:925} INFO - DAG(s) 'etl_pipeline' retrieved from /opt/airflow/dags/etl_dag.py
[2025-10-28T22:08:32.703+0000] {logging_mixin.py:190} INFO - [2025-10-28T22:08:32.703+0000] {dag.py:3239} INFO - Sync 1 DAGs
[2025-10-28T22:08:32.714+0000] {logging_mixin.py:190} INFO - [2025-10-28T22:08:32.714+0000] {dag.py:4180} INFO - Setting next_dagrun for etl_pipeline to None, run_after=None
[2025-10-28T22:08:32.730+0000] {processor.py:208} INFO - Processing /opt/airflow/dags/etl_dag.py took 0.147 seconds
[2025-10-28T22:09:03.586+0000] {processor.py:186} INFO - Started process (PID=533) to work on /opt/airflow/dags/etl_dag.py
[2025-10-28T22:09:03.587+0000] {processor.py:914} INFO - Processing file /opt/airflow/dags/etl_dag.py for tasks to queue
[2025-10-28T22:09:03.589+0000] {logging_mixin.py:190} INFO - [2025-10-28T22:09:03.588+0000] {dagbag.py:588} INFO - Filling up the DagBag from /opt/airflow/dags/etl_dag.py
[2025-10-28T22:09:03.605+0000] {processor.py:925} INFO - DAG(s) 'etl_pipeline' retrieved from /opt/airflow/dags/etl_dag.py
[2025-10-28T22:09:03.627+0000] {logging_mixin.py:190} INFO - [2025-10-28T22:09:03.627+0000] {dag.py:3239} INFO - Sync 1 DAGs
[2025-10-28T22:09:03.639+0000] {logging_mixin.py:190} INFO - [2025-10-28T22:09:03.639+0000] {dag.py:4180} INFO - Setting next_dagrun for etl_pipeline to None, run_after=None
[2025-10-28T22:09:03.655+0000] {processor.py:208} INFO - Processing /opt/airflow/dags/etl_dag.py took 0.074 seconds
[2025-10-28T22:09:34.540+0000] {processor.py:186} INFO - Started process (PID=543) to work on /opt/airflow/dags/etl_dag.py
[2025-10-28T22:09:34.541+0000] {processor.py:914} INFO - Processing file /opt/airflow/dags/etl_dag.py for tasks to queue
[2025-10-28T22:09:34.543+0000] {logging_mixin.py:190} INFO - [2025-10-28T22:09:34.542+0000] {dagbag.py:588} INFO - Filling up the DagBag from /opt/airflow/dags/etl_dag.py
[2025-10-28T22:09:34.559+0000] {processor.py:925} INFO - DAG(s) 'etl_pipeline' retrieved from /opt/airflow/dags/etl_dag.py
[2025-10-28T22:09:34.663+0000] {logging_mixin.py:190} INFO - [2025-10-28T22:09:34.663+0000] {dag.py:3239} INFO - Sync 1 DAGs
[2025-10-28T22:09:34.673+0000] {logging_mixin.py:190} INFO - [2025-10-28T22:09:34.672+0000] {dag.py:4180} INFO - Setting next_dagrun for etl_pipeline to None, run_after=None
[2025-10-28T22:09:34.688+0000] {processor.py:208} INFO - Processing /opt/airflow/dags/etl_dag.py took 0.153 seconds
[2025-10-28T22:10:05.638+0000] {processor.py:186} INFO - Started process (PID=553) to work on /opt/airflow/dags/etl_dag.py
[2025-10-28T22:10:05.639+0000] {processor.py:914} INFO - Processing file /opt/airflow/dags/etl_dag.py for tasks to queue
[2025-10-28T22:10:05.641+0000] {logging_mixin.py:190} INFO - [2025-10-28T22:10:05.641+0000] {dagbag.py:588} INFO - Filling up the DagBag from /opt/airflow/dags/etl_dag.py
[2025-10-28T22:10:05.657+0000] {processor.py:925} INFO - DAG(s) 'etl_pipeline' retrieved from /opt/airflow/dags/etl_dag.py
[2025-10-28T22:10:05.681+0000] {logging_mixin.py:190} INFO - [2025-10-28T22:10:05.681+0000] {dag.py:3239} INFO - Sync 1 DAGs
[2025-10-28T22:10:05.694+0000] {logging_mixin.py:190} INFO - [2025-10-28T22:10:05.694+0000] {dag.py:4180} INFO - Setting next_dagrun for etl_pipeline to None, run_after=None
[2025-10-28T22:10:05.713+0000] {processor.py:208} INFO - Processing /opt/airflow/dags/etl_dag.py took 0.081 seconds
[2025-10-28T22:10:36.750+0000] {processor.py:186} INFO - Started process (PID=563) to work on /opt/airflow/dags/etl_dag.py
[2025-10-28T22:10:36.751+0000] {processor.py:914} INFO - Processing file /opt/airflow/dags/etl_dag.py for tasks to queue
[2025-10-28T22:10:36.753+0000] {logging_mixin.py:190} INFO - [2025-10-28T22:10:36.753+0000] {dagbag.py:588} INFO - Filling up the DagBag from /opt/airflow/dags/etl_dag.py
[2025-10-28T22:10:36.773+0000] {processor.py:925} INFO - DAG(s) 'etl_pipeline' retrieved from /opt/airflow/dags/etl_dag.py
[2025-10-28T22:10:36.895+0000] {logging_mixin.py:190} INFO - [2025-10-28T22:10:36.895+0000] {dag.py:3239} INFO - Sync 1 DAGs
[2025-10-28T22:10:36.906+0000] {logging_mixin.py:190} INFO - [2025-10-28T22:10:36.906+0000] {dag.py:4180} INFO - Setting next_dagrun for etl_pipeline to None, run_after=None
[2025-10-28T22:10:36.922+0000] {processor.py:208} INFO - Processing /opt/airflow/dags/etl_dag.py took 0.178 seconds
[2025-10-28T22:11:07.750+0000] {processor.py:186} INFO - Started process (PID=573) to work on /opt/airflow/dags/etl_dag.py
[2025-10-28T22:11:07.750+0000] {processor.py:914} INFO - Processing file /opt/airflow/dags/etl_dag.py for tasks to queue
[2025-10-28T22:11:07.752+0000] {logging_mixin.py:190} INFO - [2025-10-28T22:11:07.752+0000] {dagbag.py:588} INFO - Filling up the DagBag from /opt/airflow/dags/etl_dag.py
[2025-10-28T22:11:07.770+0000] {processor.py:925} INFO - DAG(s) 'etl_pipeline' retrieved from /opt/airflow/dags/etl_dag.py
[2025-10-28T22:11:07.795+0000] {logging_mixin.py:190} INFO - [2025-10-28T22:11:07.795+0000] {dag.py:3239} INFO - Sync 1 DAGs
[2025-10-28T22:11:07.808+0000] {logging_mixin.py:190} INFO - [2025-10-28T22:11:07.808+0000] {dag.py:4180} INFO - Setting next_dagrun for etl_pipeline to None, run_after=None
[2025-10-28T22:11:07.824+0000] {processor.py:208} INFO - Processing /opt/airflow/dags/etl_dag.py took 0.080 seconds
[2025-10-28T22:11:38.753+0000] {processor.py:186} INFO - Started process (PID=583) to work on /opt/airflow/dags/etl_dag.py
[2025-10-28T22:11:38.754+0000] {processor.py:914} INFO - Processing file /opt/airflow/dags/etl_dag.py for tasks to queue
[2025-10-28T22:11:38.757+0000] {logging_mixin.py:190} INFO - [2025-10-28T22:11:38.756+0000] {dagbag.py:588} INFO - Filling up the DagBag from /opt/airflow/dags/etl_dag.py
[2025-10-28T22:11:38.775+0000] {processor.py:925} INFO - DAG(s) 'etl_pipeline' retrieved from /opt/airflow/dags/etl_dag.py
[2025-10-28T22:11:38.886+0000] {logging_mixin.py:190} INFO - [2025-10-28T22:11:38.886+0000] {dag.py:3239} INFO - Sync 1 DAGs
[2025-10-28T22:11:38.897+0000] {logging_mixin.py:190} INFO - [2025-10-28T22:11:38.896+0000] {dag.py:4180} INFO - Setting next_dagrun for etl_pipeline to None, run_after=None
[2025-10-28T22:11:38.912+0000] {processor.py:208} INFO - Processing /opt/airflow/dags/etl_dag.py took 0.164 seconds
[2025-10-28T22:12:09.714+0000] {processor.py:186} INFO - Started process (PID=593) to work on /opt/airflow/dags/etl_dag.py
[2025-10-28T22:12:09.715+0000] {processor.py:914} INFO - Processing file /opt/airflow/dags/etl_dag.py for tasks to queue
[2025-10-28T22:12:09.718+0000] {logging_mixin.py:190} INFO - [2025-10-28T22:12:09.717+0000] {dagbag.py:588} INFO - Filling up the DagBag from /opt/airflow/dags/etl_dag.py
[2025-10-28T22:12:09.734+0000] {processor.py:925} INFO - DAG(s) 'etl_pipeline' retrieved from /opt/airflow/dags/etl_dag.py
[2025-10-28T22:12:09.759+0000] {logging_mixin.py:190} INFO - [2025-10-28T22:12:09.759+0000] {dag.py:3239} INFO - Sync 1 DAGs
[2025-10-28T22:12:09.772+0000] {logging_mixin.py:190} INFO - [2025-10-28T22:12:09.772+0000] {dag.py:4180} INFO - Setting next_dagrun for etl_pipeline to None, run_after=None
[2025-10-28T22:12:09.789+0000] {processor.py:208} INFO - Processing /opt/airflow/dags/etl_dag.py took 0.080 seconds
[2025-10-28T22:12:40.114+0000] {processor.py:186} INFO - Started process (PID=603) to work on /opt/airflow/dags/etl_dag.py
[2025-10-28T22:12:40.116+0000] {processor.py:914} INFO - Processing file /opt/airflow/dags/etl_dag.py for tasks to queue
[2025-10-28T22:12:40.118+0000] {logging_mixin.py:190} INFO - [2025-10-28T22:12:40.118+0000] {dagbag.py:588} INFO - Filling up the DagBag from /opt/airflow/dags/etl_dag.py
[2025-10-28T22:12:40.137+0000] {processor.py:925} INFO - DAG(s) 'etl_pipeline' retrieved from /opt/airflow/dags/etl_dag.py
[2025-10-28T22:12:40.252+0000] {logging_mixin.py:190} INFO - [2025-10-28T22:12:40.252+0000] {dag.py:3239} INFO - Sync 1 DAGs
[2025-10-28T22:12:40.264+0000] {logging_mixin.py:190} INFO - [2025-10-28T22:12:40.264+0000] {dag.py:4180} INFO - Setting next_dagrun for etl_pipeline to None, run_after=None
[2025-10-28T22:12:40.281+0000] {processor.py:208} INFO - Processing /opt/airflow/dags/etl_dag.py took 0.176 seconds
[2025-10-28T22:13:11.138+0000] {processor.py:186} INFO - Started process (PID=613) to work on /opt/airflow/dags/etl_dag.py
[2025-10-28T22:13:11.139+0000] {processor.py:914} INFO - Processing file /opt/airflow/dags/etl_dag.py for tasks to queue
[2025-10-28T22:13:11.142+0000] {logging_mixin.py:190} INFO - [2025-10-28T22:13:11.142+0000] {dagbag.py:588} INFO - Filling up the DagBag from /opt/airflow/dags/etl_dag.py
[2025-10-28T22:13:11.160+0000] {processor.py:925} INFO - DAG(s) 'etl_pipeline' retrieved from /opt/airflow/dags/etl_dag.py
[2025-10-28T22:13:11.186+0000] {logging_mixin.py:190} INFO - [2025-10-28T22:13:11.186+0000] {dag.py:3239} INFO - Sync 1 DAGs
[2025-10-28T22:13:11.200+0000] {logging_mixin.py:190} INFO - [2025-10-28T22:13:11.200+0000] {dag.py:4180} INFO - Setting next_dagrun for etl_pipeline to None, run_after=None
[2025-10-28T22:13:11.216+0000] {processor.py:208} INFO - Processing /opt/airflow/dags/etl_dag.py took 0.084 seconds
[2025-10-28T22:13:41.324+0000] {processor.py:186} INFO - Started process (PID=623) to work on /opt/airflow/dags/etl_dag.py
[2025-10-28T22:13:41.325+0000] {processor.py:914} INFO - Processing file /opt/airflow/dags/etl_dag.py for tasks to queue
[2025-10-28T22:13:41.327+0000] {logging_mixin.py:190} INFO - [2025-10-28T22:13:41.327+0000] {dagbag.py:588} INFO - Filling up the DagBag from /opt/airflow/dags/etl_dag.py
[2025-10-28T22:13:41.343+0000] {processor.py:925} INFO - DAG(s) 'etl_pipeline' retrieved from /opt/airflow/dags/etl_dag.py
[2025-10-28T22:13:41.445+0000] {logging_mixin.py:190} INFO - [2025-10-28T22:13:41.445+0000] {dag.py:3239} INFO - Sync 1 DAGs
[2025-10-28T22:13:41.456+0000] {logging_mixin.py:190} INFO - [2025-10-28T22:13:41.455+0000] {dag.py:4180} INFO - Setting next_dagrun for etl_pipeline to None, run_after=None
[2025-10-28T22:13:41.470+0000] {processor.py:208} INFO - Processing /opt/airflow/dags/etl_dag.py took 0.152 seconds
[2025-10-28T22:14:12.357+0000] {processor.py:186} INFO - Started process (PID=633) to work on /opt/airflow/dags/etl_dag.py
[2025-10-28T22:14:12.358+0000] {processor.py:914} INFO - Processing file /opt/airflow/dags/etl_dag.py for tasks to queue
[2025-10-28T22:14:12.361+0000] {logging_mixin.py:190} INFO - [2025-10-28T22:14:12.360+0000] {dagbag.py:588} INFO - Filling up the DagBag from /opt/airflow/dags/etl_dag.py
[2025-10-28T22:14:12.378+0000] {processor.py:925} INFO - DAG(s) 'etl_pipeline' retrieved from /opt/airflow/dags/etl_dag.py
[2025-10-28T22:14:12.404+0000] {logging_mixin.py:190} INFO - [2025-10-28T22:14:12.404+0000] {dag.py:3239} INFO - Sync 1 DAGs
[2025-10-28T22:14:12.418+0000] {logging_mixin.py:190} INFO - [2025-10-28T22:14:12.418+0000] {dag.py:4180} INFO - Setting next_dagrun for etl_pipeline to None, run_after=None
[2025-10-28T22:14:12.435+0000] {processor.py:208} INFO - Processing /opt/airflow/dags/etl_dag.py took 0.084 seconds
[2025-10-28T22:14:43.402+0000] {processor.py:186} INFO - Started process (PID=643) to work on /opt/airflow/dags/etl_dag.py
[2025-10-28T22:14:43.403+0000] {processor.py:914} INFO - Processing file /opt/airflow/dags/etl_dag.py for tasks to queue
[2025-10-28T22:14:43.405+0000] {logging_mixin.py:190} INFO - [2025-10-28T22:14:43.405+0000] {dagbag.py:588} INFO - Filling up the DagBag from /opt/airflow/dags/etl_dag.py
[2025-10-28T22:14:43.423+0000] {processor.py:925} INFO - DAG(s) 'etl_pipeline' retrieved from /opt/airflow/dags/etl_dag.py
[2025-10-28T22:14:43.527+0000] {logging_mixin.py:190} INFO - [2025-10-28T22:14:43.527+0000] {dag.py:3239} INFO - Sync 1 DAGs
[2025-10-28T22:14:43.537+0000] {logging_mixin.py:190} INFO - [2025-10-28T22:14:43.537+0000] {dag.py:4180} INFO - Setting next_dagrun for etl_pipeline to None, run_after=None
[2025-10-28T22:14:43.553+0000] {processor.py:208} INFO - Processing /opt/airflow/dags/etl_dag.py took 0.158 seconds
[2025-10-28T22:15:14.428+0000] {processor.py:186} INFO - Started process (PID=653) to work on /opt/airflow/dags/etl_dag.py
[2025-10-28T22:15:14.429+0000] {processor.py:914} INFO - Processing file /opt/airflow/dags/etl_dag.py for tasks to queue
[2025-10-28T22:15:14.431+0000] {logging_mixin.py:190} INFO - [2025-10-28T22:15:14.431+0000] {dagbag.py:588} INFO - Filling up the DagBag from /opt/airflow/dags/etl_dag.py
[2025-10-28T22:15:14.448+0000] {processor.py:925} INFO - DAG(s) 'etl_pipeline' retrieved from /opt/airflow/dags/etl_dag.py
[2025-10-28T22:15:14.473+0000] {logging_mixin.py:190} INFO - [2025-10-28T22:15:14.473+0000] {dag.py:3239} INFO - Sync 1 DAGs
[2025-10-28T22:15:14.487+0000] {logging_mixin.py:190} INFO - [2025-10-28T22:15:14.487+0000] {dag.py:4180} INFO - Setting next_dagrun for etl_pipeline to None, run_after=None
[2025-10-28T22:15:14.507+0000] {processor.py:208} INFO - Processing /opt/airflow/dags/etl_dag.py took 0.085 seconds
[2025-10-28T22:15:45.303+0000] {processor.py:186} INFO - Started process (PID=663) to work on /opt/airflow/dags/etl_dag.py
[2025-10-28T22:15:45.304+0000] {processor.py:914} INFO - Processing file /opt/airflow/dags/etl_dag.py for tasks to queue
[2025-10-28T22:15:45.307+0000] {logging_mixin.py:190} INFO - [2025-10-28T22:15:45.306+0000] {dagbag.py:588} INFO - Filling up the DagBag from /opt/airflow/dags/etl_dag.py
[2025-10-28T22:15:45.324+0000] {processor.py:925} INFO - DAG(s) 'etl_pipeline' retrieved from /opt/airflow/dags/etl_dag.py
[2025-10-28T22:15:45.429+0000] {logging_mixin.py:190} INFO - [2025-10-28T22:15:45.429+0000] {dag.py:3239} INFO - Sync 1 DAGs
[2025-10-28T22:15:45.441+0000] {logging_mixin.py:190} INFO - [2025-10-28T22:15:45.440+0000] {dag.py:4180} INFO - Setting next_dagrun for etl_pipeline to None, run_after=None
[2025-10-28T22:15:45.455+0000] {processor.py:208} INFO - Processing /opt/airflow/dags/etl_dag.py took 0.158 seconds
[2025-10-28T22:16:16.238+0000] {processor.py:186} INFO - Started process (PID=673) to work on /opt/airflow/dags/etl_dag.py
[2025-10-28T22:16:16.239+0000] {processor.py:914} INFO - Processing file /opt/airflow/dags/etl_dag.py for tasks to queue
[2025-10-28T22:16:16.242+0000] {logging_mixin.py:190} INFO - [2025-10-28T22:16:16.241+0000] {dagbag.py:588} INFO - Filling up the DagBag from /opt/airflow/dags/etl_dag.py
[2025-10-28T22:16:16.259+0000] {processor.py:925} INFO - DAG(s) 'etl_pipeline' retrieved from /opt/airflow/dags/etl_dag.py
[2025-10-28T22:16:16.286+0000] {logging_mixin.py:190} INFO - [2025-10-28T22:16:16.285+0000] {dag.py:3239} INFO - Sync 1 DAGs
[2025-10-28T22:16:16.299+0000] {logging_mixin.py:190} INFO - [2025-10-28T22:16:16.299+0000] {dag.py:4180} INFO - Setting next_dagrun for etl_pipeline to None, run_after=None
[2025-10-28T22:16:16.315+0000] {processor.py:208} INFO - Processing /opt/airflow/dags/etl_dag.py took 0.083 seconds
[2025-10-28T22:16:47.216+0000] {processor.py:186} INFO - Started process (PID=683) to work on /opt/airflow/dags/etl_dag.py
[2025-10-28T22:16:47.217+0000] {processor.py:914} INFO - Processing file /opt/airflow/dags/etl_dag.py for tasks to queue
[2025-10-28T22:16:47.219+0000] {logging_mixin.py:190} INFO - [2025-10-28T22:16:47.219+0000] {dagbag.py:588} INFO - Filling up the DagBag from /opt/airflow/dags/etl_dag.py
[2025-10-28T22:16:47.238+0000] {processor.py:925} INFO - DAG(s) 'etl_pipeline' retrieved from /opt/airflow/dags/etl_dag.py
[2025-10-28T22:16:47.352+0000] {logging_mixin.py:190} INFO - [2025-10-28T22:16:47.351+0000] {dag.py:3239} INFO - Sync 1 DAGs
[2025-10-28T22:16:47.362+0000] {logging_mixin.py:190} INFO - [2025-10-28T22:16:47.362+0000] {dag.py:4180} INFO - Setting next_dagrun for etl_pipeline to None, run_after=None
[2025-10-28T22:16:47.377+0000] {processor.py:208} INFO - Processing /opt/airflow/dags/etl_dag.py took 0.168 seconds
[2025-10-28T22:17:18.105+0000] {processor.py:186} INFO - Started process (PID=696) to work on /opt/airflow/dags/etl_dag.py
[2025-10-28T22:17:18.106+0000] {processor.py:914} INFO - Processing file /opt/airflow/dags/etl_dag.py for tasks to queue
[2025-10-28T22:17:18.109+0000] {logging_mixin.py:190} INFO - [2025-10-28T22:17:18.109+0000] {dagbag.py:588} INFO - Filling up the DagBag from /opt/airflow/dags/etl_dag.py
[2025-10-28T22:17:18.127+0000] {processor.py:925} INFO - DAG(s) 'etl_pipeline' retrieved from /opt/airflow/dags/etl_dag.py
[2025-10-28T22:17:18.153+0000] {logging_mixin.py:190} INFO - [2025-10-28T22:17:18.153+0000] {dag.py:3239} INFO - Sync 1 DAGs
[2025-10-28T22:17:18.170+0000] {logging_mixin.py:190} INFO - [2025-10-28T22:17:18.169+0000] {dag.py:4180} INFO - Setting next_dagrun for etl_pipeline to None, run_after=None
[2025-10-28T22:17:18.198+0000] {processor.py:208} INFO - Processing /opt/airflow/dags/etl_dag.py took 0.099 seconds
[2025-10-28T22:17:49.125+0000] {processor.py:186} INFO - Started process (PID=709) to work on /opt/airflow/dags/etl_dag.py
[2025-10-28T22:17:49.126+0000] {processor.py:914} INFO - Processing file /opt/airflow/dags/etl_dag.py for tasks to queue
[2025-10-28T22:17:49.128+0000] {logging_mixin.py:190} INFO - [2025-10-28T22:17:49.128+0000] {dagbag.py:588} INFO - Filling up the DagBag from /opt/airflow/dags/etl_dag.py
[2025-10-28T22:17:49.147+0000] {processor.py:925} INFO - DAG(s) 'etl_pipeline' retrieved from /opt/airflow/dags/etl_dag.py
[2025-10-28T22:17:49.258+0000] {logging_mixin.py:190} INFO - [2025-10-28T22:17:49.258+0000] {dag.py:3239} INFO - Sync 1 DAGs
[2025-10-28T22:17:49.269+0000] {logging_mixin.py:190} INFO - [2025-10-28T22:17:49.269+0000] {dag.py:4180} INFO - Setting next_dagrun for etl_pipeline to None, run_after=None
[2025-10-28T22:17:49.297+0000] {processor.py:208} INFO - Processing /opt/airflow/dags/etl_dag.py took 0.177 seconds
[2025-10-28T22:18:19.347+0000] {processor.py:186} INFO - Started process (PID=725) to work on /opt/airflow/dags/etl_dag.py
[2025-10-28T22:18:19.348+0000] {processor.py:914} INFO - Processing file /opt/airflow/dags/etl_dag.py for tasks to queue
[2025-10-28T22:18:19.351+0000] {logging_mixin.py:190} INFO - [2025-10-28T22:18:19.350+0000] {dagbag.py:588} INFO - Filling up the DagBag from /opt/airflow/dags/etl_dag.py
[2025-10-28T22:18:19.368+0000] {processor.py:925} INFO - DAG(s) 'etl_pipeline' retrieved from /opt/airflow/dags/etl_dag.py
[2025-10-28T22:18:19.393+0000] {logging_mixin.py:190} INFO - [2025-10-28T22:18:19.393+0000] {dag.py:3239} INFO - Sync 1 DAGs
[2025-10-28T22:18:19.409+0000] {logging_mixin.py:190} INFO - [2025-10-28T22:18:19.409+0000] {dag.py:4180} INFO - Setting next_dagrun for etl_pipeline to None, run_after=None
[2025-10-28T22:18:19.427+0000] {processor.py:208} INFO - Processing /opt/airflow/dags/etl_dag.py took 0.085 seconds
[2025-10-28T22:18:49.785+0000] {processor.py:186} INFO - Started process (PID=741) to work on /opt/airflow/dags/etl_dag.py
[2025-10-28T22:18:49.786+0000] {processor.py:914} INFO - Processing file /opt/airflow/dags/etl_dag.py for tasks to queue
[2025-10-28T22:18:49.788+0000] {logging_mixin.py:190} INFO - [2025-10-28T22:18:49.788+0000] {dagbag.py:588} INFO - Filling up the DagBag from /opt/airflow/dags/etl_dag.py
[2025-10-28T22:18:49.805+0000] {processor.py:925} INFO - DAG(s) 'etl_pipeline' retrieved from /opt/airflow/dags/etl_dag.py
[2025-10-28T22:18:49.908+0000] {logging_mixin.py:190} INFO - [2025-10-28T22:18:49.907+0000] {dag.py:3239} INFO - Sync 1 DAGs
[2025-10-28T22:18:49.918+0000] {logging_mixin.py:190} INFO - [2025-10-28T22:18:49.917+0000] {dag.py:4180} INFO - Setting next_dagrun for etl_pipeline to None, run_after=None
[2025-10-28T22:18:49.933+0000] {processor.py:208} INFO - Processing /opt/airflow/dags/etl_dag.py took 0.153 seconds
[2025-10-28T22:19:20.000+0000] {processor.py:186} INFO - Started process (PID=757) to work on /opt/airflow/dags/etl_dag.py
[2025-10-28T22:19:20.002+0000] {processor.py:914} INFO - Processing file /opt/airflow/dags/etl_dag.py for tasks to queue
[2025-10-28T22:19:20.004+0000] {logging_mixin.py:190} INFO - [2025-10-28T22:19:20.004+0000] {dagbag.py:588} INFO - Filling up the DagBag from /opt/airflow/dags/etl_dag.py
[2025-10-28T22:19:20.021+0000] {processor.py:925} INFO - DAG(s) 'etl_pipeline' retrieved from /opt/airflow/dags/etl_dag.py
[2025-10-28T22:19:20.046+0000] {logging_mixin.py:190} INFO - [2025-10-28T22:19:20.045+0000] {dag.py:3239} INFO - Sync 1 DAGs
[2025-10-28T22:19:20.060+0000] {logging_mixin.py:190} INFO - [2025-10-28T22:19:20.059+0000] {dag.py:4180} INFO - Setting next_dagrun for etl_pipeline to None, run_after=None
[2025-10-28T22:19:20.078+0000] {processor.py:208} INFO - Processing /opt/airflow/dags/etl_dag.py took 0.083 seconds
[2025-10-28T22:19:50.140+0000] {processor.py:186} INFO - Started process (PID=773) to work on /opt/airflow/dags/etl_dag.py
[2025-10-28T22:19:50.141+0000] {processor.py:914} INFO - Processing file /opt/airflow/dags/etl_dag.py for tasks to queue
[2025-10-28T22:19:50.143+0000] {logging_mixin.py:190} INFO - [2025-10-28T22:19:50.142+0000] {dagbag.py:588} INFO - Filling up the DagBag from /opt/airflow/dags/etl_dag.py
[2025-10-28T22:19:50.158+0000] {processor.py:925} INFO - DAG(s) 'etl_pipeline' retrieved from /opt/airflow/dags/etl_dag.py
[2025-10-28T22:19:50.259+0000] {logging_mixin.py:190} INFO - [2025-10-28T22:19:50.259+0000] {dag.py:3239} INFO - Sync 1 DAGs
[2025-10-28T22:19:50.270+0000] {logging_mixin.py:190} INFO - [2025-10-28T22:19:50.270+0000] {dag.py:4180} INFO - Setting next_dagrun for etl_pipeline to None, run_after=None
[2025-10-28T22:19:50.288+0000] {processor.py:208} INFO - Processing /opt/airflow/dags/etl_dag.py took 0.153 seconds
[2025-10-28T22:20:20.410+0000] {processor.py:186} INFO - Started process (PID=789) to work on /opt/airflow/dags/etl_dag.py
[2025-10-28T22:20:20.411+0000] {processor.py:914} INFO - Processing file /opt/airflow/dags/etl_dag.py for tasks to queue
[2025-10-28T22:20:20.413+0000] {logging_mixin.py:190} INFO - [2025-10-28T22:20:20.413+0000] {dagbag.py:588} INFO - Filling up the DagBag from /opt/airflow/dags/etl_dag.py
[2025-10-28T22:20:20.430+0000] {processor.py:925} INFO - DAG(s) 'etl_pipeline' retrieved from /opt/airflow/dags/etl_dag.py
[2025-10-28T22:20:20.455+0000] {logging_mixin.py:190} INFO - [2025-10-28T22:20:20.454+0000] {dag.py:3239} INFO - Sync 1 DAGs
[2025-10-28T22:20:20.468+0000] {logging_mixin.py:190} INFO - [2025-10-28T22:20:20.468+0000] {dag.py:4180} INFO - Setting next_dagrun for etl_pipeline to None, run_after=None
[2025-10-28T22:20:20.483+0000] {processor.py:208} INFO - Processing /opt/airflow/dags/etl_dag.py took 0.079 seconds
[2025-10-28T22:20:50.606+0000] {processor.py:186} INFO - Started process (PID=805) to work on /opt/airflow/dags/etl_dag.py
[2025-10-28T22:20:50.607+0000] {processor.py:914} INFO - Processing file /opt/airflow/dags/etl_dag.py for tasks to queue
[2025-10-28T22:20:50.610+0000] {logging_mixin.py:190} INFO - [2025-10-28T22:20:50.609+0000] {dagbag.py:588} INFO - Filling up the DagBag from /opt/airflow/dags/etl_dag.py
[2025-10-28T22:20:50.626+0000] {processor.py:925} INFO - DAG(s) 'etl_pipeline' retrieved from /opt/airflow/dags/etl_dag.py
[2025-10-28T22:20:50.731+0000] {logging_mixin.py:190} INFO - [2025-10-28T22:20:50.731+0000] {dag.py:3239} INFO - Sync 1 DAGs
[2025-10-28T22:20:50.743+0000] {logging_mixin.py:190} INFO - [2025-10-28T22:20:50.743+0000] {dag.py:4180} INFO - Setting next_dagrun for etl_pipeline to None, run_after=None
[2025-10-28T22:20:50.760+0000] {processor.py:208} INFO - Processing /opt/airflow/dags/etl_dag.py took 0.160 seconds
[2025-10-28T22:21:21.039+0000] {processor.py:186} INFO - Started process (PID=821) to work on /opt/airflow/dags/etl_dag.py
[2025-10-28T22:21:21.040+0000] {processor.py:914} INFO - Processing file /opt/airflow/dags/etl_dag.py for tasks to queue
[2025-10-28T22:21:21.043+0000] {logging_mixin.py:190} INFO - [2025-10-28T22:21:21.042+0000] {dagbag.py:588} INFO - Filling up the DagBag from /opt/airflow/dags/etl_dag.py
[2025-10-28T22:21:21.060+0000] {processor.py:925} INFO - DAG(s) 'etl_pipeline' retrieved from /opt/airflow/dags/etl_dag.py
[2025-10-28T22:21:21.085+0000] {logging_mixin.py:190} INFO - [2025-10-28T22:21:21.085+0000] {dag.py:3239} INFO - Sync 1 DAGs
[2025-10-28T22:21:21.098+0000] {logging_mixin.py:190} INFO - [2025-10-28T22:21:21.098+0000] {dag.py:4180} INFO - Setting next_dagrun for etl_pipeline to None, run_after=None
[2025-10-28T22:21:21.117+0000] {processor.py:208} INFO - Processing /opt/airflow/dags/etl_dag.py took 0.083 seconds
[2025-10-28T22:21:51.303+0000] {processor.py:186} INFO - Started process (PID=837) to work on /opt/airflow/dags/etl_dag.py
[2025-10-28T22:21:51.304+0000] {processor.py:914} INFO - Processing file /opt/airflow/dags/etl_dag.py for tasks to queue
[2025-10-28T22:21:51.307+0000] {logging_mixin.py:190} INFO - [2025-10-28T22:21:51.306+0000] {dagbag.py:588} INFO - Filling up the DagBag from /opt/airflow/dags/etl_dag.py
[2025-10-28T22:21:51.324+0000] {processor.py:925} INFO - DAG(s) 'etl_pipeline' retrieved from /opt/airflow/dags/etl_dag.py
[2025-10-28T22:21:51.428+0000] {logging_mixin.py:190} INFO - [2025-10-28T22:21:51.428+0000] {dag.py:3239} INFO - Sync 1 DAGs
[2025-10-28T22:21:51.438+0000] {logging_mixin.py:190} INFO - [2025-10-28T22:21:51.438+0000] {dag.py:4180} INFO - Setting next_dagrun for etl_pipeline to None, run_after=None
[2025-10-28T22:21:51.453+0000] {processor.py:208} INFO - Processing /opt/airflow/dags/etl_dag.py took 0.157 seconds
[2025-10-28T22:22:21.501+0000] {processor.py:186} INFO - Started process (PID=853) to work on /opt/airflow/dags/etl_dag.py
[2025-10-28T22:22:21.502+0000] {processor.py:914} INFO - Processing file /opt/airflow/dags/etl_dag.py for tasks to queue
[2025-10-28T22:22:21.506+0000] {logging_mixin.py:190} INFO - [2025-10-28T22:22:21.505+0000] {dagbag.py:588} INFO - Filling up the DagBag from /opt/airflow/dags/etl_dag.py
[2025-10-28T22:22:21.523+0000] {processor.py:925} INFO - DAG(s) 'etl_pipeline' retrieved from /opt/airflow/dags/etl_dag.py
[2025-10-28T22:22:21.550+0000] {logging_mixin.py:190} INFO - [2025-10-28T22:22:21.550+0000] {dag.py:3239} INFO - Sync 1 DAGs
[2025-10-28T22:22:21.564+0000] {logging_mixin.py:190} INFO - [2025-10-28T22:22:21.563+0000] {dag.py:4180} INFO - Setting next_dagrun for etl_pipeline to None, run_after=None
[2025-10-28T22:22:21.580+0000] {processor.py:208} INFO - Processing /opt/airflow/dags/etl_dag.py took 0.085 seconds
[2025-10-28T22:22:51.629+0000] {processor.py:186} INFO - Started process (PID=869) to work on /opt/airflow/dags/etl_dag.py
[2025-10-28T22:22:51.630+0000] {processor.py:914} INFO - Processing file /opt/airflow/dags/etl_dag.py for tasks to queue
[2025-10-28T22:22:51.633+0000] {logging_mixin.py:190} INFO - [2025-10-28T22:22:51.633+0000] {dagbag.py:588} INFO - Filling up the DagBag from /opt/airflow/dags/etl_dag.py
[2025-10-28T22:22:51.651+0000] {processor.py:925} INFO - DAG(s) 'etl_pipeline' retrieved from /opt/airflow/dags/etl_dag.py
[2025-10-28T22:22:51.759+0000] {logging_mixin.py:190} INFO - [2025-10-28T22:22:51.759+0000] {dag.py:3239} INFO - Sync 1 DAGs
[2025-10-28T22:22:51.771+0000] {logging_mixin.py:190} INFO - [2025-10-28T22:22:51.771+0000] {dag.py:4180} INFO - Setting next_dagrun for etl_pipeline to None, run_after=None
[2025-10-28T22:22:51.786+0000] {processor.py:208} INFO - Processing /opt/airflow/dags/etl_dag.py took 0.162 seconds
[2025-10-28T22:23:21.929+0000] {processor.py:186} INFO - Started process (PID=885) to work on /opt/airflow/dags/etl_dag.py
[2025-10-28T22:23:21.931+0000] {processor.py:914} INFO - Processing file /opt/airflow/dags/etl_dag.py for tasks to queue
[2025-10-28T22:23:21.933+0000] {logging_mixin.py:190} INFO - [2025-10-28T22:23:21.933+0000] {dagbag.py:588} INFO - Filling up the DagBag from /opt/airflow/dags/etl_dag.py
[2025-10-28T22:23:21.951+0000] {processor.py:925} INFO - DAG(s) 'etl_pipeline' retrieved from /opt/airflow/dags/etl_dag.py
[2025-10-28T22:23:21.978+0000] {logging_mixin.py:190} INFO - [2025-10-28T22:23:21.977+0000] {dag.py:3239} INFO - Sync 1 DAGs
[2025-10-28T22:23:21.992+0000] {logging_mixin.py:190} INFO - [2025-10-28T22:23:21.992+0000] {dag.py:4180} INFO - Setting next_dagrun for etl_pipeline to None, run_after=None
[2025-10-28T22:23:22.008+0000] {processor.py:208} INFO - Processing /opt/airflow/dags/etl_dag.py took 0.085 seconds
[2025-10-28T22:23:52.523+0000] {processor.py:186} INFO - Started process (PID=901) to work on /opt/airflow/dags/etl_dag.py
[2025-10-28T22:23:52.524+0000] {processor.py:914} INFO - Processing file /opt/airflow/dags/etl_dag.py for tasks to queue
[2025-10-28T22:23:52.528+0000] {logging_mixin.py:190} INFO - [2025-10-28T22:23:52.527+0000] {dagbag.py:588} INFO - Filling up the DagBag from /opt/airflow/dags/etl_dag.py
[2025-10-28T22:23:52.554+0000] {processor.py:925} INFO - DAG(s) 'etl_pipeline' retrieved from /opt/airflow/dags/etl_dag.py
[2025-10-28T22:23:52.676+0000] {logging_mixin.py:190} INFO - [2025-10-28T22:23:52.675+0000] {dag.py:3239} INFO - Sync 1 DAGs
[2025-10-28T22:23:52.686+0000] {logging_mixin.py:190} INFO - [2025-10-28T22:23:52.686+0000] {dag.py:4180} INFO - Setting next_dagrun for etl_pipeline to None, run_after=None
[2025-10-28T22:23:52.708+0000] {processor.py:208} INFO - Processing /opt/airflow/dags/etl_dag.py took 0.194 seconds
[2025-10-28T22:24:22.782+0000] {processor.py:186} INFO - Started process (PID=917) to work on /opt/airflow/dags/etl_dag.py
[2025-10-28T22:24:22.783+0000] {processor.py:914} INFO - Processing file /opt/airflow/dags/etl_dag.py for tasks to queue
[2025-10-28T22:24:22.786+0000] {logging_mixin.py:190} INFO - [2025-10-28T22:24:22.786+0000] {dagbag.py:588} INFO - Filling up the DagBag from /opt/airflow/dags/etl_dag.py
[2025-10-28T22:24:22.805+0000] {processor.py:925} INFO - DAG(s) 'etl_pipeline' retrieved from /opt/airflow/dags/etl_dag.py
[2025-10-28T22:24:22.835+0000] {logging_mixin.py:190} INFO - [2025-10-28T22:24:22.835+0000] {dag.py:3239} INFO - Sync 1 DAGs
[2025-10-28T22:24:22.850+0000] {logging_mixin.py:190} INFO - [2025-10-28T22:24:22.849+0000] {dag.py:4180} INFO - Setting next_dagrun for etl_pipeline to None, run_after=None
[2025-10-28T22:24:22.867+0000] {processor.py:208} INFO - Processing /opt/airflow/dags/etl_dag.py took 0.092 seconds
[2025-10-28T22:24:52.959+0000] {processor.py:186} INFO - Started process (PID=933) to work on /opt/airflow/dags/etl_dag.py
[2025-10-28T22:24:52.960+0000] {processor.py:914} INFO - Processing file /opt/airflow/dags/etl_dag.py for tasks to queue
[2025-10-28T22:24:52.963+0000] {logging_mixin.py:190} INFO - [2025-10-28T22:24:52.962+0000] {dagbag.py:588} INFO - Filling up the DagBag from /opt/airflow/dags/etl_dag.py
[2025-10-28T22:24:52.982+0000] {processor.py:925} INFO - DAG(s) 'etl_pipeline' retrieved from /opt/airflow/dags/etl_dag.py
[2025-10-28T22:24:53.099+0000] {logging_mixin.py:190} INFO - [2025-10-28T22:24:53.099+0000] {dag.py:3239} INFO - Sync 1 DAGs
[2025-10-28T22:24:53.111+0000] {logging_mixin.py:190} INFO - [2025-10-28T22:24:53.110+0000] {dag.py:4180} INFO - Setting next_dagrun for etl_pipeline to None, run_after=None
[2025-10-28T22:24:53.135+0000] {processor.py:208} INFO - Processing /opt/airflow/dags/etl_dag.py took 0.182 seconds
[2025-10-28T22:25:23.185+0000] {processor.py:186} INFO - Started process (PID=949) to work on /opt/airflow/dags/etl_dag.py
[2025-10-28T22:25:23.186+0000] {processor.py:914} INFO - Processing file /opt/airflow/dags/etl_dag.py for tasks to queue
[2025-10-28T22:25:23.188+0000] {logging_mixin.py:190} INFO - [2025-10-28T22:25:23.188+0000] {dagbag.py:588} INFO - Filling up the DagBag from /opt/airflow/dags/etl_dag.py
[2025-10-28T22:25:23.206+0000] {processor.py:925} INFO - DAG(s) 'etl_pipeline' retrieved from /opt/airflow/dags/etl_dag.py
[2025-10-28T22:25:23.229+0000] {logging_mixin.py:190} INFO - [2025-10-28T22:25:23.229+0000] {dag.py:3239} INFO - Sync 1 DAGs
[2025-10-28T22:25:23.243+0000] {logging_mixin.py:190} INFO - [2025-10-28T22:25:23.242+0000] {dag.py:4180} INFO - Setting next_dagrun for etl_pipeline to None, run_after=None
[2025-10-28T22:25:23.258+0000] {processor.py:208} INFO - Processing /opt/airflow/dags/etl_dag.py took 0.079 seconds
[2025-10-28T22:25:53.365+0000] {processor.py:186} INFO - Started process (PID=965) to work on /opt/airflow/dags/etl_dag.py
[2025-10-28T22:25:53.366+0000] {processor.py:914} INFO - Processing file /opt/airflow/dags/etl_dag.py for tasks to queue
[2025-10-28T22:25:53.368+0000] {logging_mixin.py:190} INFO - [2025-10-28T22:25:53.368+0000] {dagbag.py:588} INFO - Filling up the DagBag from /opt/airflow/dags/etl_dag.py
[2025-10-28T22:25:53.385+0000] {processor.py:925} INFO - DAG(s) 'etl_pipeline' retrieved from /opt/airflow/dags/etl_dag.py
[2025-10-28T22:25:53.490+0000] {logging_mixin.py:190} INFO - [2025-10-28T22:25:53.489+0000] {dag.py:3239} INFO - Sync 1 DAGs
[2025-10-28T22:25:53.500+0000] {logging_mixin.py:190} INFO - [2025-10-28T22:25:53.500+0000] {dag.py:4180} INFO - Setting next_dagrun for etl_pipeline to None, run_after=None
[2025-10-28T22:25:53.519+0000] {processor.py:208} INFO - Processing /opt/airflow/dags/etl_dag.py took 0.159 seconds
[2025-10-28T22:26:23.593+0000] {processor.py:186} INFO - Started process (PID=981) to work on /opt/airflow/dags/etl_dag.py
[2025-10-28T22:26:23.594+0000] {processor.py:914} INFO - Processing file /opt/airflow/dags/etl_dag.py for tasks to queue
[2025-10-28T22:26:23.597+0000] {logging_mixin.py:190} INFO - [2025-10-28T22:26:23.597+0000] {dagbag.py:588} INFO - Filling up the DagBag from /opt/airflow/dags/etl_dag.py
[2025-10-28T22:26:23.618+0000] {processor.py:925} INFO - DAG(s) 'etl_pipeline' retrieved from /opt/airflow/dags/etl_dag.py
[2025-10-28T22:26:23.649+0000] {logging_mixin.py:190} INFO - [2025-10-28T22:26:23.649+0000] {dag.py:3239} INFO - Sync 1 DAGs
[2025-10-28T22:26:23.667+0000] {logging_mixin.py:190} INFO - [2025-10-28T22:26:23.667+0000] {dag.py:4180} INFO - Setting next_dagrun for etl_pipeline to None, run_after=None
[2025-10-28T22:26:23.688+0000] {processor.py:208} INFO - Processing /opt/airflow/dags/etl_dag.py took 0.101 seconds
[2025-10-28T22:26:53.952+0000] {processor.py:186} INFO - Started process (PID=997) to work on /opt/airflow/dags/etl_dag.py
[2025-10-28T22:26:53.953+0000] {processor.py:914} INFO - Processing file /opt/airflow/dags/etl_dag.py for tasks to queue
[2025-10-28T22:26:53.956+0000] {logging_mixin.py:190} INFO - [2025-10-28T22:26:53.956+0000] {dagbag.py:588} INFO - Filling up the DagBag from /opt/airflow/dags/etl_dag.py
[2025-10-28T22:26:53.977+0000] {processor.py:925} INFO - DAG(s) 'etl_pipeline' retrieved from /opt/airflow/dags/etl_dag.py
[2025-10-28T22:26:54.099+0000] {logging_mixin.py:190} INFO - [2025-10-28T22:26:54.098+0000] {dag.py:3239} INFO - Sync 1 DAGs
[2025-10-28T22:26:54.111+0000] {logging_mixin.py:190} INFO - [2025-10-28T22:26:54.111+0000] {dag.py:4180} INFO - Setting next_dagrun for etl_pipeline to None, run_after=None
[2025-10-28T22:26:54.133+0000] {processor.py:208} INFO - Processing /opt/airflow/dags/etl_dag.py took 0.188 seconds
[2025-10-28T22:27:24.726+0000] {processor.py:186} INFO - Started process (PID=1013) to work on /opt/airflow/dags/etl_dag.py
[2025-10-28T22:27:24.728+0000] {processor.py:914} INFO - Processing file /opt/airflow/dags/etl_dag.py for tasks to queue
[2025-10-28T22:27:24.731+0000] {logging_mixin.py:190} INFO - [2025-10-28T22:27:24.731+0000] {dagbag.py:588} INFO - Filling up the DagBag from /opt/airflow/dags/etl_dag.py
[2025-10-28T22:27:24.756+0000] {processor.py:925} INFO - DAG(s) 'etl_pipeline' retrieved from /opt/airflow/dags/etl_dag.py
[2025-10-28T22:27:24.791+0000] {logging_mixin.py:190} INFO - [2025-10-28T22:27:24.790+0000] {dag.py:3239} INFO - Sync 1 DAGs
[2025-10-28T22:27:24.807+0000] {logging_mixin.py:190} INFO - [2025-10-28T22:27:24.807+0000] {dag.py:4180} INFO - Setting next_dagrun for etl_pipeline to None, run_after=None
[2025-10-28T22:27:24.830+0000] {processor.py:208} INFO - Processing /opt/airflow/dags/etl_dag.py took 0.112 seconds
[2025-10-28T22:27:55.262+0000] {processor.py:186} INFO - Started process (PID=1054) to work on /opt/airflow/dags/etl_dag.py
[2025-10-28T22:27:55.263+0000] {processor.py:914} INFO - Processing file /opt/airflow/dags/etl_dag.py for tasks to queue
[2025-10-28T22:27:55.266+0000] {logging_mixin.py:190} INFO - [2025-10-28T22:27:55.266+0000] {dagbag.py:588} INFO - Filling up the DagBag from /opt/airflow/dags/etl_dag.py
[2025-10-28T22:27:55.285+0000] {processor.py:925} INFO - DAG(s) 'etl_pipeline' retrieved from /opt/airflow/dags/etl_dag.py
[2025-10-28T22:27:55.404+0000] {logging_mixin.py:190} INFO - [2025-10-28T22:27:55.404+0000] {dag.py:3239} INFO - Sync 1 DAGs
[2025-10-28T22:27:55.417+0000] {logging_mixin.py:190} INFO - [2025-10-28T22:27:55.416+0000] {dag.py:4180} INFO - Setting next_dagrun for etl_pipeline to None, run_after=None
[2025-10-28T22:27:55.436+0000] {processor.py:208} INFO - Processing /opt/airflow/dags/etl_dag.py took 0.179 seconds
[2025-10-28T22:28:25.541+0000] {processor.py:186} INFO - Started process (PID=1070) to work on /opt/airflow/dags/etl_dag.py
[2025-10-28T22:28:25.542+0000] {processor.py:914} INFO - Processing file /opt/airflow/dags/etl_dag.py for tasks to queue
[2025-10-28T22:28:25.544+0000] {logging_mixin.py:190} INFO - [2025-10-28T22:28:25.544+0000] {dagbag.py:588} INFO - Filling up the DagBag from /opt/airflow/dags/etl_dag.py
[2025-10-28T22:28:25.562+0000] {processor.py:925} INFO - DAG(s) 'etl_pipeline' retrieved from /opt/airflow/dags/etl_dag.py
[2025-10-28T22:28:25.586+0000] {logging_mixin.py:190} INFO - [2025-10-28T22:28:25.585+0000] {dag.py:3239} INFO - Sync 1 DAGs
[2025-10-28T22:28:25.599+0000] {logging_mixin.py:190} INFO - [2025-10-28T22:28:25.599+0000] {dag.py:4180} INFO - Setting next_dagrun for etl_pipeline to None, run_after=None
[2025-10-28T22:28:25.617+0000] {processor.py:208} INFO - Processing /opt/airflow/dags/etl_dag.py took 0.081 seconds
[2025-10-28T22:28:55.985+0000] {processor.py:186} INFO - Started process (PID=1086) to work on /opt/airflow/dags/etl_dag.py
[2025-10-28T22:28:55.986+0000] {processor.py:914} INFO - Processing file /opt/airflow/dags/etl_dag.py for tasks to queue
[2025-10-28T22:28:55.988+0000] {logging_mixin.py:190} INFO - [2025-10-28T22:28:55.988+0000] {dagbag.py:588} INFO - Filling up the DagBag from /opt/airflow/dags/etl_dag.py
[2025-10-28T22:28:56.005+0000] {processor.py:925} INFO - DAG(s) 'etl_pipeline' retrieved from /opt/airflow/dags/etl_dag.py
[2025-10-28T22:28:56.016+0000] {logging_mixin.py:190} INFO - [2025-10-28T22:28:56.016+0000] {dag.py:3239} INFO - Sync 1 DAGs
[2025-10-28T22:28:56.029+0000] {logging_mixin.py:190} INFO - [2025-10-28T22:28:56.029+0000] {dag.py:4180} INFO - Setting next_dagrun for etl_pipeline to None, run_after=None
[2025-10-28T22:28:56.045+0000] {processor.py:208} INFO - Processing /opt/airflow/dags/etl_dag.py took 0.065 seconds
[2025-10-28T22:29:26.358+0000] {processor.py:186} INFO - Started process (PID=1102) to work on /opt/airflow/dags/etl_dag.py
[2025-10-28T22:29:26.359+0000] {processor.py:914} INFO - Processing file /opt/airflow/dags/etl_dag.py for tasks to queue
[2025-10-28T22:29:26.361+0000] {logging_mixin.py:190} INFO - [2025-10-28T22:29:26.361+0000] {dagbag.py:588} INFO - Filling up the DagBag from /opt/airflow/dags/etl_dag.py
[2025-10-28T22:29:26.378+0000] {processor.py:925} INFO - DAG(s) 'etl_pipeline' retrieved from /opt/airflow/dags/etl_dag.py
[2025-10-28T22:29:26.486+0000] {logging_mixin.py:190} INFO - [2025-10-28T22:29:26.486+0000] {dag.py:3239} INFO - Sync 1 DAGs
[2025-10-28T22:29:26.497+0000] {logging_mixin.py:190} INFO - [2025-10-28T22:29:26.497+0000] {dag.py:4180} INFO - Setting next_dagrun for etl_pipeline to None, run_after=None
[2025-10-28T22:29:26.518+0000] {processor.py:208} INFO - Processing /opt/airflow/dags/etl_dag.py took 0.165 seconds
[2025-10-28T22:29:56.621+0000] {processor.py:186} INFO - Started process (PID=1118) to work on /opt/airflow/dags/etl_dag.py
[2025-10-28T22:29:56.622+0000] {processor.py:914} INFO - Processing file /opt/airflow/dags/etl_dag.py for tasks to queue
[2025-10-28T22:29:56.625+0000] {logging_mixin.py:190} INFO - [2025-10-28T22:29:56.624+0000] {dagbag.py:588} INFO - Filling up the DagBag from /opt/airflow/dags/etl_dag.py
[2025-10-28T22:29:56.643+0000] {processor.py:925} INFO - DAG(s) 'etl_pipeline' retrieved from /opt/airflow/dags/etl_dag.py
[2025-10-28T22:29:56.667+0000] {logging_mixin.py:190} INFO - [2025-10-28T22:29:56.667+0000] {dag.py:3239} INFO - Sync 1 DAGs
[2025-10-28T22:29:56.681+0000] {logging_mixin.py:190} INFO - [2025-10-28T22:29:56.681+0000] {dag.py:4180} INFO - Setting next_dagrun for etl_pipeline to None, run_after=None
[2025-10-28T22:29:56.700+0000] {processor.py:208} INFO - Processing /opt/airflow/dags/etl_dag.py took 0.085 seconds
[2025-10-28T22:30:26.807+0000] {processor.py:186} INFO - Started process (PID=1134) to work on /opt/airflow/dags/etl_dag.py
[2025-10-28T22:30:26.808+0000] {processor.py:914} INFO - Processing file /opt/airflow/dags/etl_dag.py for tasks to queue
[2025-10-28T22:30:26.811+0000] {logging_mixin.py:190} INFO - [2025-10-28T22:30:26.811+0000] {dagbag.py:588} INFO - Filling up the DagBag from /opt/airflow/dags/etl_dag.py
[2025-10-28T22:30:26.835+0000] {processor.py:925} INFO - DAG(s) 'etl_pipeline' retrieved from /opt/airflow/dags/etl_dag.py
[2025-10-28T22:30:26.854+0000] {logging_mixin.py:190} INFO - [2025-10-28T22:30:26.854+0000] {dag.py:3239} INFO - Sync 1 DAGs
[2025-10-28T22:30:26.878+0000] {logging_mixin.py:190} INFO - [2025-10-28T22:30:26.878+0000] {dag.py:4180} INFO - Setting next_dagrun for etl_pipeline to None, run_after=None
[2025-10-28T22:30:26.900+0000] {processor.py:208} INFO - Processing /opt/airflow/dags/etl_dag.py took 0.100 seconds
[2025-10-28T22:30:57.487+0000] {processor.py:186} INFO - Started process (PID=1150) to work on /opt/airflow/dags/etl_dag.py
[2025-10-28T22:30:57.499+0000] {processor.py:914} INFO - Processing file /opt/airflow/dags/etl_dag.py for tasks to queue
[2025-10-28T22:30:57.503+0000] {logging_mixin.py:190} INFO - [2025-10-28T22:30:57.503+0000] {dagbag.py:588} INFO - Filling up the DagBag from /opt/airflow/dags/etl_dag.py
[2025-10-28T22:30:57.738+0000] {processor.py:925} INFO - DAG(s) 'etl_pipeline' retrieved from /opt/airflow/dags/etl_dag.py
[2025-10-28T22:30:57.875+0000] {logging_mixin.py:190} INFO - [2025-10-28T22:30:57.875+0000] {dag.py:3239} INFO - Sync 1 DAGs
[2025-10-28T22:30:57.886+0000] {logging_mixin.py:190} INFO - [2025-10-28T22:30:57.886+0000] {dag.py:4180} INFO - Setting next_dagrun for etl_pipeline to None, run_after=None
[2025-10-28T22:30:57.904+0000] {processor.py:208} INFO - Processing /opt/airflow/dags/etl_dag.py took 0.427 seconds
[2025-10-28T22:31:28.673+0000] {processor.py:186} INFO - Started process (PID=1166) to work on /opt/airflow/dags/etl_dag.py
[2025-10-28T22:31:28.673+0000] {processor.py:914} INFO - Processing file /opt/airflow/dags/etl_dag.py for tasks to queue
[2025-10-28T22:31:28.675+0000] {logging_mixin.py:190} INFO - [2025-10-28T22:31:28.675+0000] {dagbag.py:588} INFO - Filling up the DagBag from /opt/airflow/dags/etl_dag.py
[2025-10-28T22:31:28.692+0000] {processor.py:925} INFO - DAG(s) 'etl_pipeline' retrieved from /opt/airflow/dags/etl_dag.py
[2025-10-28T22:31:28.715+0000] {logging_mixin.py:190} INFO - [2025-10-28T22:31:28.715+0000] {dag.py:3239} INFO - Sync 1 DAGs
[2025-10-28T22:31:28.728+0000] {logging_mixin.py:190} INFO - [2025-10-28T22:31:28.728+0000] {dag.py:4180} INFO - Setting next_dagrun for etl_pipeline to None, run_after=None
[2025-10-28T22:31:28.747+0000] {processor.py:208} INFO - Processing /opt/airflow/dags/etl_dag.py took 0.079 seconds
[2025-10-28T22:31:58.854+0000] {processor.py:186} INFO - Started process (PID=1182) to work on /opt/airflow/dags/etl_dag.py
[2025-10-28T22:31:58.855+0000] {processor.py:914} INFO - Processing file /opt/airflow/dags/etl_dag.py for tasks to queue
[2025-10-28T22:31:58.858+0000] {logging_mixin.py:190} INFO - [2025-10-28T22:31:58.857+0000] {dagbag.py:588} INFO - Filling up the DagBag from /opt/airflow/dags/etl_dag.py
[2025-10-28T22:31:58.874+0000] {processor.py:925} INFO - DAG(s) 'etl_pipeline' retrieved from /opt/airflow/dags/etl_dag.py
[2025-10-28T22:31:58.885+0000] {logging_mixin.py:190} INFO - [2025-10-28T22:31:58.885+0000] {dag.py:3239} INFO - Sync 1 DAGs
[2025-10-28T22:31:58.899+0000] {logging_mixin.py:190} INFO - [2025-10-28T22:31:58.898+0000] {dag.py:4180} INFO - Setting next_dagrun for etl_pipeline to None, run_after=None
[2025-10-28T22:31:58.916+0000] {processor.py:208} INFO - Processing /opt/airflow/dags/etl_dag.py took 0.067 seconds
[2025-10-28T22:32:29.364+0000] {processor.py:186} INFO - Started process (PID=1198) to work on /opt/airflow/dags/etl_dag.py
[2025-10-28T22:32:29.365+0000] {processor.py:914} INFO - Processing file /opt/airflow/dags/etl_dag.py for tasks to queue
[2025-10-28T22:32:29.368+0000] {logging_mixin.py:190} INFO - [2025-10-28T22:32:29.368+0000] {dagbag.py:588} INFO - Filling up the DagBag from /opt/airflow/dags/etl_dag.py
[2025-10-28T22:32:29.384+0000] {processor.py:925} INFO - DAG(s) 'etl_pipeline' retrieved from /opt/airflow/dags/etl_dag.py
[2025-10-28T22:32:29.487+0000] {logging_mixin.py:190} INFO - [2025-10-28T22:32:29.487+0000] {dag.py:3239} INFO - Sync 1 DAGs
[2025-10-28T22:32:29.498+0000] {logging_mixin.py:190} INFO - [2025-10-28T22:32:29.497+0000] {dag.py:4180} INFO - Setting next_dagrun for etl_pipeline to None, run_after=None
[2025-10-28T22:32:29.514+0000] {processor.py:208} INFO - Processing /opt/airflow/dags/etl_dag.py took 0.155 seconds
[2025-10-28T22:32:59.876+0000] {processor.py:186} INFO - Started process (PID=1214) to work on /opt/airflow/dags/etl_dag.py
[2025-10-28T22:32:59.877+0000] {processor.py:914} INFO - Processing file /opt/airflow/dags/etl_dag.py for tasks to queue
[2025-10-28T22:32:59.879+0000] {logging_mixin.py:190} INFO - [2025-10-28T22:32:59.879+0000] {dagbag.py:588} INFO - Filling up the DagBag from /opt/airflow/dags/etl_dag.py
[2025-10-28T22:32:59.898+0000] {processor.py:925} INFO - DAG(s) 'etl_pipeline' retrieved from /opt/airflow/dags/etl_dag.py
[2025-10-28T22:32:59.926+0000] {logging_mixin.py:190} INFO - [2025-10-28T22:32:59.925+0000] {dag.py:3239} INFO - Sync 1 DAGs
[2025-10-28T22:32:59.940+0000] {logging_mixin.py:190} INFO - [2025-10-28T22:32:59.940+0000] {dag.py:4180} INFO - Setting next_dagrun for etl_pipeline to None, run_after=None
[2025-10-28T22:32:59.961+0000] {processor.py:208} INFO - Processing /opt/airflow/dags/etl_dag.py took 0.090 seconds
[2025-10-28T22:33:30.012+0000] {processor.py:186} INFO - Started process (PID=1230) to work on /opt/airflow/dags/etl_dag.py
[2025-10-28T22:33:30.013+0000] {processor.py:914} INFO - Processing file /opt/airflow/dags/etl_dag.py for tasks to queue
[2025-10-28T22:33:30.015+0000] {logging_mixin.py:190} INFO - [2025-10-28T22:33:30.015+0000] {dagbag.py:588} INFO - Filling up the DagBag from /opt/airflow/dags/etl_dag.py
[2025-10-28T22:33:30.032+0000] {processor.py:925} INFO - DAG(s) 'etl_pipeline' retrieved from /opt/airflow/dags/etl_dag.py
[2025-10-28T22:33:30.045+0000] {logging_mixin.py:190} INFO - [2025-10-28T22:33:30.045+0000] {dag.py:3239} INFO - Sync 1 DAGs
[2025-10-28T22:33:30.061+0000] {logging_mixin.py:190} INFO - [2025-10-28T22:33:30.061+0000] {dag.py:4180} INFO - Setting next_dagrun for etl_pipeline to None, run_after=None
[2025-10-28T22:33:30.080+0000] {processor.py:208} INFO - Processing /opt/airflow/dags/etl_dag.py took 0.073 seconds
[2025-10-28T22:34:00.247+0000] {processor.py:186} INFO - Started process (PID=1246) to work on /opt/airflow/dags/etl_dag.py
[2025-10-28T22:34:00.248+0000] {processor.py:914} INFO - Processing file /opt/airflow/dags/etl_dag.py for tasks to queue
[2025-10-28T22:34:00.251+0000] {logging_mixin.py:190} INFO - [2025-10-28T22:34:00.250+0000] {dagbag.py:588} INFO - Filling up the DagBag from /opt/airflow/dags/etl_dag.py
[2025-10-28T22:34:00.268+0000] {processor.py:925} INFO - DAG(s) 'etl_pipeline' retrieved from /opt/airflow/dags/etl_dag.py
[2025-10-28T22:34:00.375+0000] {logging_mixin.py:190} INFO - [2025-10-28T22:34:00.375+0000] {dag.py:3239} INFO - Sync 1 DAGs
[2025-10-28T22:34:00.387+0000] {logging_mixin.py:190} INFO - [2025-10-28T22:34:00.387+0000] {dag.py:4180} INFO - Setting next_dagrun for etl_pipeline to None, run_after=None
[2025-10-28T22:34:00.406+0000] {processor.py:208} INFO - Processing /opt/airflow/dags/etl_dag.py took 0.165 seconds
[2025-10-28T22:34:30.490+0000] {processor.py:186} INFO - Started process (PID=1262) to work on /opt/airflow/dags/etl_dag.py
[2025-10-28T22:34:30.491+0000] {processor.py:914} INFO - Processing file /opt/airflow/dags/etl_dag.py for tasks to queue
[2025-10-28T22:34:30.493+0000] {logging_mixin.py:190} INFO - [2025-10-28T22:34:30.493+0000] {dagbag.py:588} INFO - Filling up the DagBag from /opt/airflow/dags/etl_dag.py
[2025-10-28T22:34:30.510+0000] {processor.py:925} INFO - DAG(s) 'etl_pipeline' retrieved from /opt/airflow/dags/etl_dag.py
[2025-10-28T22:34:30.536+0000] {logging_mixin.py:190} INFO - [2025-10-28T22:34:30.535+0000] {dag.py:3239} INFO - Sync 1 DAGs
[2025-10-28T22:34:30.550+0000] {logging_mixin.py:190} INFO - [2025-10-28T22:34:30.550+0000] {dag.py:4180} INFO - Setting next_dagrun for etl_pipeline to None, run_after=None
[2025-10-28T22:34:30.566+0000] {processor.py:208} INFO - Processing /opt/airflow/dags/etl_dag.py took 0.082 seconds
[2025-10-28T22:35:00.782+0000] {processor.py:186} INFO - Started process (PID=1278) to work on /opt/airflow/dags/etl_dag.py
[2025-10-28T22:35:00.783+0000] {processor.py:914} INFO - Processing file /opt/airflow/dags/etl_dag.py for tasks to queue
[2025-10-28T22:35:00.785+0000] {logging_mixin.py:190} INFO - [2025-10-28T22:35:00.785+0000] {dagbag.py:588} INFO - Filling up the DagBag from /opt/airflow/dags/etl_dag.py
[2025-10-28T22:35:00.804+0000] {processor.py:925} INFO - DAG(s) 'etl_pipeline' retrieved from /opt/airflow/dags/etl_dag.py
[2025-10-28T22:35:00.817+0000] {logging_mixin.py:190} INFO - [2025-10-28T22:35:00.817+0000] {dag.py:3239} INFO - Sync 1 DAGs
[2025-10-28T22:35:00.833+0000] {logging_mixin.py:190} INFO - [2025-10-28T22:35:00.833+0000] {dag.py:4180} INFO - Setting next_dagrun for etl_pipeline to None, run_after=None
[2025-10-28T22:35:00.851+0000] {processor.py:208} INFO - Processing /opt/airflow/dags/etl_dag.py took 0.075 seconds
[2025-10-28T22:35:30.931+0000] {processor.py:186} INFO - Started process (PID=1294) to work on /opt/airflow/dags/etl_dag.py
[2025-10-28T22:35:30.932+0000] {processor.py:914} INFO - Processing file /opt/airflow/dags/etl_dag.py for tasks to queue
[2025-10-28T22:35:30.934+0000] {logging_mixin.py:190} INFO - [2025-10-28T22:35:30.934+0000] {dagbag.py:588} INFO - Filling up the DagBag from /opt/airflow/dags/etl_dag.py
[2025-10-28T22:35:30.951+0000] {processor.py:925} INFO - DAG(s) 'etl_pipeline' retrieved from /opt/airflow/dags/etl_dag.py
[2025-10-28T22:35:31.051+0000] {logging_mixin.py:190} INFO - [2025-10-28T22:35:31.051+0000] {dag.py:3239} INFO - Sync 1 DAGs
[2025-10-28T22:35:31.062+0000] {logging_mixin.py:190} INFO - [2025-10-28T22:35:31.062+0000] {dag.py:4180} INFO - Setting next_dagrun for etl_pipeline to None, run_after=None
[2025-10-28T22:35:31.079+0000] {processor.py:208} INFO - Processing /opt/airflow/dags/etl_dag.py took 0.153 seconds
[2025-10-28T22:36:01.172+0000] {processor.py:186} INFO - Started process (PID=1310) to work on /opt/airflow/dags/etl_dag.py
[2025-10-28T22:36:01.173+0000] {processor.py:914} INFO - Processing file /opt/airflow/dags/etl_dag.py for tasks to queue
[2025-10-28T22:36:01.176+0000] {logging_mixin.py:190} INFO - [2025-10-28T22:36:01.176+0000] {dagbag.py:588} INFO - Filling up the DagBag from /opt/airflow/dags/etl_dag.py
[2025-10-28T22:36:01.195+0000] {processor.py:925} INFO - DAG(s) 'etl_pipeline' retrieved from /opt/airflow/dags/etl_dag.py
[2025-10-28T22:36:01.220+0000] {logging_mixin.py:190} INFO - [2025-10-28T22:36:01.220+0000] {dag.py:3239} INFO - Sync 1 DAGs
[2025-10-28T22:36:01.235+0000] {logging_mixin.py:190} INFO - [2025-10-28T22:36:01.235+0000] {dag.py:4180} INFO - Setting next_dagrun for etl_pipeline to None, run_after=None
[2025-10-28T22:36:01.253+0000] {processor.py:208} INFO - Processing /opt/airflow/dags/etl_dag.py took 0.086 seconds
[2025-10-28T22:36:31.447+0000] {processor.py:186} INFO - Started process (PID=1326) to work on /opt/airflow/dags/etl_dag.py
[2025-10-28T22:36:31.448+0000] {processor.py:914} INFO - Processing file /opt/airflow/dags/etl_dag.py for tasks to queue
[2025-10-28T22:36:31.451+0000] {logging_mixin.py:190} INFO - [2025-10-28T22:36:31.450+0000] {dagbag.py:588} INFO - Filling up the DagBag from /opt/airflow/dags/etl_dag.py
[2025-10-28T22:36:31.468+0000] {processor.py:925} INFO - DAG(s) 'etl_pipeline' retrieved from /opt/airflow/dags/etl_dag.py
[2025-10-28T22:36:31.481+0000] {logging_mixin.py:190} INFO - [2025-10-28T22:36:31.480+0000] {dag.py:3239} INFO - Sync 1 DAGs
[2025-10-28T22:36:31.497+0000] {logging_mixin.py:190} INFO - [2025-10-28T22:36:31.497+0000] {dag.py:4180} INFO - Setting next_dagrun for etl_pipeline to None, run_after=None
[2025-10-28T22:36:31.516+0000] {processor.py:208} INFO - Processing /opt/airflow/dags/etl_dag.py took 0.075 seconds
[2025-10-28T22:37:02.211+0000] {processor.py:186} INFO - Started process (PID=1342) to work on /opt/airflow/dags/etl_dag.py
[2025-10-28T22:37:02.212+0000] {processor.py:914} INFO - Processing file /opt/airflow/dags/etl_dag.py for tasks to queue
[2025-10-28T22:37:02.214+0000] {logging_mixin.py:190} INFO - [2025-10-28T22:37:02.214+0000] {dagbag.py:588} INFO - Filling up the DagBag from /opt/airflow/dags/etl_dag.py
[2025-10-28T22:37:02.232+0000] {processor.py:925} INFO - DAG(s) 'etl_pipeline' retrieved from /opt/airflow/dags/etl_dag.py
[2025-10-28T22:37:02.346+0000] {logging_mixin.py:190} INFO - [2025-10-28T22:37:02.345+0000] {dag.py:3239} INFO - Sync 1 DAGs
[2025-10-28T22:37:02.359+0000] {logging_mixin.py:190} INFO - [2025-10-28T22:37:02.359+0000] {dag.py:4180} INFO - Setting next_dagrun for etl_pipeline to None, run_after=None
[2025-10-28T22:37:02.379+0000] {processor.py:208} INFO - Processing /opt/airflow/dags/etl_dag.py took 0.174 seconds
[2025-10-28T22:37:32.563+0000] {processor.py:186} INFO - Started process (PID=1358) to work on /opt/airflow/dags/etl_dag.py
[2025-10-28T22:37:32.564+0000] {processor.py:914} INFO - Processing file /opt/airflow/dags/etl_dag.py for tasks to queue
[2025-10-28T22:37:32.568+0000] {logging_mixin.py:190} INFO - [2025-10-28T22:37:32.567+0000] {dagbag.py:588} INFO - Filling up the DagBag from /opt/airflow/dags/etl_dag.py
[2025-10-28T22:37:32.586+0000] {processor.py:925} INFO - DAG(s) 'etl_pipeline' retrieved from /opt/airflow/dags/etl_dag.py
[2025-10-28T22:37:32.613+0000] {logging_mixin.py:190} INFO - [2025-10-28T22:37:32.613+0000] {dag.py:3239} INFO - Sync 1 DAGs
[2025-10-28T22:37:32.627+0000] {logging_mixin.py:190} INFO - [2025-10-28T22:37:32.627+0000] {dag.py:4180} INFO - Setting next_dagrun for etl_pipeline to None, run_after=None
[2025-10-28T22:37:32.645+0000] {processor.py:208} INFO - Processing /opt/airflow/dags/etl_dag.py took 0.089 seconds
