[2025-11-04T00:00:03.574+0000] {processor.py:186} INFO - Started process (PID=3046) to work on /opt/airflow/dags/etl_dag.py
[2025-11-04T00:00:03.575+0000] {processor.py:914} INFO - Processing file /opt/airflow/dags/etl_dag.py for tasks to queue
[2025-11-04T00:00:03.578+0000] {logging_mixin.py:190} INFO - [2025-11-04T00:00:03.577+0000] {dagbag.py:588} INFO - Filling up the DagBag from /opt/airflow/dags/etl_dag.py
[2025-11-04T00:00:03.595+0000] {processor.py:925} INFO - DAG(s) 'etl_pipeline' retrieved from /opt/airflow/dags/etl_dag.py
[2025-11-04T00:00:03.608+0000] {logging_mixin.py:190} INFO - [2025-11-04T00:00:03.607+0000] {dag.py:3239} INFO - Sync 1 DAGs
[2025-11-04T00:00:03.622+0000] {logging_mixin.py:190} INFO - [2025-11-04T00:00:03.622+0000] {dag.py:4180} INFO - Setting next_dagrun for etl_pipeline to None, run_after=None
[2025-11-04T00:00:03.640+0000] {processor.py:208} INFO - Processing /opt/airflow/dags/etl_dag.py took 0.071 seconds
[2025-11-04T00:00:34.000+0000] {processor.py:186} INFO - Started process (PID=3062) to work on /opt/airflow/dags/etl_dag.py
[2025-11-04T00:00:34.001+0000] {processor.py:914} INFO - Processing file /opt/airflow/dags/etl_dag.py for tasks to queue
[2025-11-04T00:00:34.003+0000] {logging_mixin.py:190} INFO - [2025-11-04T00:00:34.003+0000] {dagbag.py:588} INFO - Filling up the DagBag from /opt/airflow/dags/etl_dag.py
[2025-11-04T00:00:34.021+0000] {processor.py:925} INFO - DAG(s) 'etl_pipeline' retrieved from /opt/airflow/dags/etl_dag.py
[2025-11-04T00:00:34.129+0000] {logging_mixin.py:190} INFO - [2025-11-04T00:00:34.129+0000] {dag.py:3239} INFO - Sync 1 DAGs
[2025-11-04T00:00:34.142+0000] {logging_mixin.py:190} INFO - [2025-11-04T00:00:34.142+0000] {dag.py:4180} INFO - Setting next_dagrun for etl_pipeline to None, run_after=None
[2025-11-04T00:00:34.161+0000] {processor.py:208} INFO - Processing /opt/airflow/dags/etl_dag.py took 0.167 seconds
[2025-11-04T00:01:04.611+0000] {processor.py:186} INFO - Started process (PID=3078) to work on /opt/airflow/dags/etl_dag.py
[2025-11-04T00:01:04.612+0000] {processor.py:914} INFO - Processing file /opt/airflow/dags/etl_dag.py for tasks to queue
[2025-11-04T00:01:04.615+0000] {logging_mixin.py:190} INFO - [2025-11-04T00:01:04.615+0000] {dagbag.py:588} INFO - Filling up the DagBag from /opt/airflow/dags/etl_dag.py
[2025-11-04T00:01:04.632+0000] {processor.py:925} INFO - DAG(s) 'etl_pipeline' retrieved from /opt/airflow/dags/etl_dag.py
[2025-11-04T00:01:04.645+0000] {logging_mixin.py:190} INFO - [2025-11-04T00:01:04.644+0000] {dag.py:3239} INFO - Sync 1 DAGs
[2025-11-04T00:01:04.659+0000] {logging_mixin.py:190} INFO - [2025-11-04T00:01:04.659+0000] {dag.py:4180} INFO - Setting next_dagrun for etl_pipeline to None, run_after=None
[2025-11-04T00:01:04.676+0000] {processor.py:208} INFO - Processing /opt/airflow/dags/etl_dag.py took 0.071 seconds
[2025-11-04T00:01:35.030+0000] {processor.py:186} INFO - Started process (PID=3094) to work on /opt/airflow/dags/etl_dag.py
[2025-11-04T00:01:35.031+0000] {processor.py:914} INFO - Processing file /opt/airflow/dags/etl_dag.py for tasks to queue
[2025-11-04T00:01:35.034+0000] {logging_mixin.py:190} INFO - [2025-11-04T00:01:35.034+0000] {dagbag.py:588} INFO - Filling up the DagBag from /opt/airflow/dags/etl_dag.py
[2025-11-04T00:01:35.051+0000] {processor.py:925} INFO - DAG(s) 'etl_pipeline' retrieved from /opt/airflow/dags/etl_dag.py
[2025-11-04T00:01:35.158+0000] {logging_mixin.py:190} INFO - [2025-11-04T00:01:35.158+0000] {dag.py:3239} INFO - Sync 1 DAGs
[2025-11-04T00:01:35.169+0000] {logging_mixin.py:190} INFO - [2025-11-04T00:01:35.169+0000] {dag.py:4180} INFO - Setting next_dagrun for etl_pipeline to None, run_after=None
[2025-11-04T00:01:35.187+0000] {processor.py:208} INFO - Processing /opt/airflow/dags/etl_dag.py took 0.163 seconds
[2025-11-04T00:02:05.579+0000] {processor.py:186} INFO - Started process (PID=3110) to work on /opt/airflow/dags/etl_dag.py
[2025-11-04T00:02:05.580+0000] {processor.py:914} INFO - Processing file /opt/airflow/dags/etl_dag.py for tasks to queue
[2025-11-04T00:02:05.582+0000] {logging_mixin.py:190} INFO - [2025-11-04T00:02:05.581+0000] {dagbag.py:588} INFO - Filling up the DagBag from /opt/airflow/dags/etl_dag.py
[2025-11-04T00:02:05.600+0000] {processor.py:925} INFO - DAG(s) 'etl_pipeline' retrieved from /opt/airflow/dags/etl_dag.py
[2025-11-04T00:02:05.612+0000] {logging_mixin.py:190} INFO - [2025-11-04T00:02:05.612+0000] {dag.py:3239} INFO - Sync 1 DAGs
[2025-11-04T00:02:05.627+0000] {logging_mixin.py:190} INFO - [2025-11-04T00:02:05.627+0000] {dag.py:4180} INFO - Setting next_dagrun for etl_pipeline to None, run_after=None
[2025-11-04T00:02:05.646+0000] {processor.py:208} INFO - Processing /opt/airflow/dags/etl_dag.py took 0.074 seconds
[2025-11-04T00:02:36.029+0000] {processor.py:186} INFO - Started process (PID=3126) to work on /opt/airflow/dags/etl_dag.py
[2025-11-04T00:02:36.030+0000] {processor.py:914} INFO - Processing file /opt/airflow/dags/etl_dag.py for tasks to queue
[2025-11-04T00:02:36.033+0000] {logging_mixin.py:190} INFO - [2025-11-04T00:02:36.032+0000] {dagbag.py:588} INFO - Filling up the DagBag from /opt/airflow/dags/etl_dag.py
[2025-11-04T00:02:36.051+0000] {processor.py:925} INFO - DAG(s) 'etl_pipeline' retrieved from /opt/airflow/dags/etl_dag.py
[2025-11-04T00:02:36.170+0000] {logging_mixin.py:190} INFO - [2025-11-04T00:02:36.170+0000] {dag.py:3239} INFO - Sync 1 DAGs
[2025-11-04T00:02:36.183+0000] {logging_mixin.py:190} INFO - [2025-11-04T00:02:36.182+0000] {dag.py:4180} INFO - Setting next_dagrun for etl_pipeline to None, run_after=None
[2025-11-04T00:02:36.202+0000] {processor.py:208} INFO - Processing /opt/airflow/dags/etl_dag.py took 0.179 seconds
[2025-11-04T00:03:06.706+0000] {processor.py:186} INFO - Started process (PID=3142) to work on /opt/airflow/dags/etl_dag.py
[2025-11-04T00:03:06.707+0000] {processor.py:914} INFO - Processing file /opt/airflow/dags/etl_dag.py for tasks to queue
[2025-11-04T00:03:06.709+0000] {logging_mixin.py:190} INFO - [2025-11-04T00:03:06.709+0000] {dagbag.py:588} INFO - Filling up the DagBag from /opt/airflow/dags/etl_dag.py
[2025-11-04T00:03:06.729+0000] {processor.py:925} INFO - DAG(s) 'etl_pipeline' retrieved from /opt/airflow/dags/etl_dag.py
[2025-11-04T00:03:06.742+0000] {logging_mixin.py:190} INFO - [2025-11-04T00:03:06.742+0000] {dag.py:3239} INFO - Sync 1 DAGs
[2025-11-04T00:03:06.757+0000] {logging_mixin.py:190} INFO - [2025-11-04T00:03:06.757+0000] {dag.py:4180} INFO - Setting next_dagrun for etl_pipeline to None, run_after=None
[2025-11-04T00:03:06.778+0000] {processor.py:208} INFO - Processing /opt/airflow/dags/etl_dag.py took 0.079 seconds
[2025-11-04T00:03:37.151+0000] {processor.py:186} INFO - Started process (PID=3158) to work on /opt/airflow/dags/etl_dag.py
[2025-11-04T00:03:37.152+0000] {processor.py:914} INFO - Processing file /opt/airflow/dags/etl_dag.py for tasks to queue
[2025-11-04T00:03:37.156+0000] {logging_mixin.py:190} INFO - [2025-11-04T00:03:37.155+0000] {dagbag.py:588} INFO - Filling up the DagBag from /opt/airflow/dags/etl_dag.py
[2025-11-04T00:03:37.173+0000] {processor.py:925} INFO - DAG(s) 'etl_pipeline' retrieved from /opt/airflow/dags/etl_dag.py
[2025-11-04T00:03:37.285+0000] {logging_mixin.py:190} INFO - [2025-11-04T00:03:37.285+0000] {dag.py:3239} INFO - Sync 1 DAGs
[2025-11-04T00:03:37.300+0000] {logging_mixin.py:190} INFO - [2025-11-04T00:03:37.300+0000] {dag.py:4180} INFO - Setting next_dagrun for etl_pipeline to None, run_after=None
[2025-11-04T00:03:37.322+0000] {processor.py:208} INFO - Processing /opt/airflow/dags/etl_dag.py took 0.177 seconds
[2025-11-04T00:04:07.758+0000] {processor.py:186} INFO - Started process (PID=3174) to work on /opt/airflow/dags/etl_dag.py
[2025-11-04T00:04:07.759+0000] {processor.py:914} INFO - Processing file /opt/airflow/dags/etl_dag.py for tasks to queue
[2025-11-04T00:04:07.762+0000] {logging_mixin.py:190} INFO - [2025-11-04T00:04:07.762+0000] {dagbag.py:588} INFO - Filling up the DagBag from /opt/airflow/dags/etl_dag.py
[2025-11-04T00:04:07.781+0000] {processor.py:925} INFO - DAG(s) 'etl_pipeline' retrieved from /opt/airflow/dags/etl_dag.py
[2025-11-04T00:04:07.793+0000] {logging_mixin.py:190} INFO - [2025-11-04T00:04:07.793+0000] {dag.py:3239} INFO - Sync 1 DAGs
[2025-11-04T00:04:07.808+0000] {logging_mixin.py:190} INFO - [2025-11-04T00:04:07.807+0000] {dag.py:4180} INFO - Setting next_dagrun for etl_pipeline to None, run_after=None
[2025-11-04T00:04:07.826+0000] {processor.py:208} INFO - Processing /opt/airflow/dags/etl_dag.py took 0.073 seconds
[2025-11-04T00:04:38.194+0000] {processor.py:186} INFO - Started process (PID=3190) to work on /opt/airflow/dags/etl_dag.py
[2025-11-04T00:04:38.195+0000] {processor.py:914} INFO - Processing file /opt/airflow/dags/etl_dag.py for tasks to queue
[2025-11-04T00:04:38.197+0000] {logging_mixin.py:190} INFO - [2025-11-04T00:04:38.196+0000] {dagbag.py:588} INFO - Filling up the DagBag from /opt/airflow/dags/etl_dag.py
[2025-11-04T00:04:38.215+0000] {processor.py:925} INFO - DAG(s) 'etl_pipeline' retrieved from /opt/airflow/dags/etl_dag.py
[2025-11-04T00:04:38.335+0000] {logging_mixin.py:190} INFO - [2025-11-04T00:04:38.335+0000] {dag.py:3239} INFO - Sync 1 DAGs
[2025-11-04T00:04:38.347+0000] {logging_mixin.py:190} INFO - [2025-11-04T00:04:38.347+0000] {dag.py:4180} INFO - Setting next_dagrun for etl_pipeline to None, run_after=None
[2025-11-04T00:04:38.369+0000] {processor.py:208} INFO - Processing /opt/airflow/dags/etl_dag.py took 0.182 seconds
[2025-11-04T00:05:08.821+0000] {processor.py:186} INFO - Started process (PID=3206) to work on /opt/airflow/dags/etl_dag.py
[2025-11-04T00:05:08.822+0000] {processor.py:914} INFO - Processing file /opt/airflow/dags/etl_dag.py for tasks to queue
[2025-11-04T00:05:08.824+0000] {logging_mixin.py:190} INFO - [2025-11-04T00:05:08.824+0000] {dagbag.py:588} INFO - Filling up the DagBag from /opt/airflow/dags/etl_dag.py
[2025-11-04T00:05:08.843+0000] {processor.py:925} INFO - DAG(s) 'etl_pipeline' retrieved from /opt/airflow/dags/etl_dag.py
[2025-11-04T00:05:08.855+0000] {logging_mixin.py:190} INFO - [2025-11-04T00:05:08.854+0000] {dag.py:3239} INFO - Sync 1 DAGs
[2025-11-04T00:05:08.870+0000] {logging_mixin.py:190} INFO - [2025-11-04T00:05:08.870+0000] {dag.py:4180} INFO - Setting next_dagrun for etl_pipeline to None, run_after=None
[2025-11-04T00:05:08.888+0000] {processor.py:208} INFO - Processing /opt/airflow/dags/etl_dag.py took 0.073 seconds
[2025-11-04T00:05:39.291+0000] {processor.py:186} INFO - Started process (PID=3222) to work on /opt/airflow/dags/etl_dag.py
[2025-11-04T00:05:39.292+0000] {processor.py:914} INFO - Processing file /opt/airflow/dags/etl_dag.py for tasks to queue
[2025-11-04T00:05:39.294+0000] {logging_mixin.py:190} INFO - [2025-11-04T00:05:39.294+0000] {dagbag.py:588} INFO - Filling up the DagBag from /opt/airflow/dags/etl_dag.py
[2025-11-04T00:05:39.314+0000] {processor.py:925} INFO - DAG(s) 'etl_pipeline' retrieved from /opt/airflow/dags/etl_dag.py
[2025-11-04T00:05:39.438+0000] {logging_mixin.py:190} INFO - [2025-11-04T00:05:39.437+0000] {dag.py:3239} INFO - Sync 1 DAGs
[2025-11-04T00:05:39.453+0000] {logging_mixin.py:190} INFO - [2025-11-04T00:05:39.452+0000] {dag.py:4180} INFO - Setting next_dagrun for etl_pipeline to None, run_after=None
[2025-11-04T00:05:39.478+0000] {processor.py:208} INFO - Processing /opt/airflow/dags/etl_dag.py took 0.193 seconds
[2025-11-04T00:06:09.975+0000] {processor.py:186} INFO - Started process (PID=3238) to work on /opt/airflow/dags/etl_dag.py
[2025-11-04T00:06:09.976+0000] {processor.py:914} INFO - Processing file /opt/airflow/dags/etl_dag.py for tasks to queue
[2025-11-04T00:06:09.980+0000] {logging_mixin.py:190} INFO - [2025-11-04T00:06:09.979+0000] {dagbag.py:588} INFO - Filling up the DagBag from /opt/airflow/dags/etl_dag.py
[2025-11-04T00:06:09.999+0000] {processor.py:925} INFO - DAG(s) 'etl_pipeline' retrieved from /opt/airflow/dags/etl_dag.py
[2025-11-04T00:06:10.011+0000] {logging_mixin.py:190} INFO - [2025-11-04T00:06:10.011+0000] {dag.py:3239} INFO - Sync 1 DAGs
[2025-11-04T00:06:10.027+0000] {logging_mixin.py:190} INFO - [2025-11-04T00:06:10.027+0000] {dag.py:4180} INFO - Setting next_dagrun for etl_pipeline to None, run_after=None
[2025-11-04T00:06:10.046+0000] {processor.py:208} INFO - Processing /opt/airflow/dags/etl_dag.py took 0.077 seconds
[2025-11-04T00:06:40.433+0000] {processor.py:186} INFO - Started process (PID=3254) to work on /opt/airflow/dags/etl_dag.py
[2025-11-04T00:06:40.434+0000] {processor.py:914} INFO - Processing file /opt/airflow/dags/etl_dag.py for tasks to queue
[2025-11-04T00:06:40.437+0000] {logging_mixin.py:190} INFO - [2025-11-04T00:06:40.437+0000] {dagbag.py:588} INFO - Filling up the DagBag from /opt/airflow/dags/etl_dag.py
[2025-11-04T00:06:40.457+0000] {processor.py:925} INFO - DAG(s) 'etl_pipeline' retrieved from /opt/airflow/dags/etl_dag.py
[2025-11-04T00:06:40.581+0000] {logging_mixin.py:190} INFO - [2025-11-04T00:06:40.580+0000] {dag.py:3239} INFO - Sync 1 DAGs
[2025-11-04T00:06:40.593+0000] {logging_mixin.py:190} INFO - [2025-11-04T00:06:40.593+0000] {dag.py:4180} INFO - Setting next_dagrun for etl_pipeline to None, run_after=None
[2025-11-04T00:06:40.615+0000] {processor.py:208} INFO - Processing /opt/airflow/dags/etl_dag.py took 0.188 seconds
[2025-11-04T00:07:11.093+0000] {processor.py:186} INFO - Started process (PID=3270) to work on /opt/airflow/dags/etl_dag.py
[2025-11-04T00:07:11.095+0000] {processor.py:914} INFO - Processing file /opt/airflow/dags/etl_dag.py for tasks to queue
[2025-11-04T00:07:11.097+0000] {logging_mixin.py:190} INFO - [2025-11-04T00:07:11.097+0000] {dagbag.py:588} INFO - Filling up the DagBag from /opt/airflow/dags/etl_dag.py
[2025-11-04T00:07:11.116+0000] {processor.py:925} INFO - DAG(s) 'etl_pipeline' retrieved from /opt/airflow/dags/etl_dag.py
[2025-11-04T00:07:11.128+0000] {logging_mixin.py:190} INFO - [2025-11-04T00:07:11.127+0000] {dag.py:3239} INFO - Sync 1 DAGs
[2025-11-04T00:07:11.145+0000] {logging_mixin.py:190} INFO - [2025-11-04T00:07:11.145+0000] {dag.py:4180} INFO - Setting next_dagrun for etl_pipeline to None, run_after=None
[2025-11-04T00:07:11.164+0000] {processor.py:208} INFO - Processing /opt/airflow/dags/etl_dag.py took 0.077 seconds
[2025-11-04T00:07:41.526+0000] {processor.py:186} INFO - Started process (PID=3286) to work on /opt/airflow/dags/etl_dag.py
[2025-11-04T00:07:41.527+0000] {processor.py:914} INFO - Processing file /opt/airflow/dags/etl_dag.py for tasks to queue
[2025-11-04T00:07:41.530+0000] {logging_mixin.py:190} INFO - [2025-11-04T00:07:41.530+0000] {dagbag.py:588} INFO - Filling up the DagBag from /opt/airflow/dags/etl_dag.py
[2025-11-04T00:07:41.551+0000] {processor.py:925} INFO - DAG(s) 'etl_pipeline' retrieved from /opt/airflow/dags/etl_dag.py
[2025-11-04T00:07:41.669+0000] {logging_mixin.py:190} INFO - [2025-11-04T00:07:41.669+0000] {dag.py:3239} INFO - Sync 1 DAGs
[2025-11-04T00:07:41.682+0000] {logging_mixin.py:190} INFO - [2025-11-04T00:07:41.682+0000] {dag.py:4180} INFO - Setting next_dagrun for etl_pipeline to None, run_after=None
[2025-11-04T00:07:41.705+0000] {processor.py:208} INFO - Processing /opt/airflow/dags/etl_dag.py took 0.187 seconds
[2025-11-04T00:08:12.156+0000] {processor.py:186} INFO - Started process (PID=3302) to work on /opt/airflow/dags/etl_dag.py
[2025-11-04T00:08:12.158+0000] {processor.py:914} INFO - Processing file /opt/airflow/dags/etl_dag.py for tasks to queue
[2025-11-04T00:08:12.161+0000] {logging_mixin.py:190} INFO - [2025-11-04T00:08:12.160+0000] {dagbag.py:588} INFO - Filling up the DagBag from /opt/airflow/dags/etl_dag.py
[2025-11-04T00:08:12.182+0000] {processor.py:925} INFO - DAG(s) 'etl_pipeline' retrieved from /opt/airflow/dags/etl_dag.py
[2025-11-04T00:08:12.195+0000] {logging_mixin.py:190} INFO - [2025-11-04T00:08:12.194+0000] {dag.py:3239} INFO - Sync 1 DAGs
[2025-11-04T00:08:12.210+0000] {logging_mixin.py:190} INFO - [2025-11-04T00:08:12.210+0000] {dag.py:4180} INFO - Setting next_dagrun for etl_pipeline to None, run_after=None
[2025-11-04T00:08:12.231+0000] {processor.py:208} INFO - Processing /opt/airflow/dags/etl_dag.py took 0.081 seconds
[2025-11-04T00:08:42.596+0000] {processor.py:186} INFO - Started process (PID=3318) to work on /opt/airflow/dags/etl_dag.py
[2025-11-04T00:08:42.597+0000] {processor.py:914} INFO - Processing file /opt/airflow/dags/etl_dag.py for tasks to queue
[2025-11-04T00:08:42.599+0000] {logging_mixin.py:190} INFO - [2025-11-04T00:08:42.599+0000] {dagbag.py:588} INFO - Filling up the DagBag from /opt/airflow/dags/etl_dag.py
[2025-11-04T00:08:42.617+0000] {processor.py:925} INFO - DAG(s) 'etl_pipeline' retrieved from /opt/airflow/dags/etl_dag.py
[2025-11-04T00:08:42.735+0000] {logging_mixin.py:190} INFO - [2025-11-04T00:08:42.734+0000] {dag.py:3239} INFO - Sync 1 DAGs
[2025-11-04T00:08:42.748+0000] {logging_mixin.py:190} INFO - [2025-11-04T00:08:42.748+0000] {dag.py:4180} INFO - Setting next_dagrun for etl_pipeline to None, run_after=None
[2025-11-04T00:08:42.768+0000] {processor.py:208} INFO - Processing /opt/airflow/dags/etl_dag.py took 0.178 seconds
[2025-11-04T00:09:13.234+0000] {processor.py:186} INFO - Started process (PID=3334) to work on /opt/airflow/dags/etl_dag.py
[2025-11-04T00:09:13.235+0000] {processor.py:914} INFO - Processing file /opt/airflow/dags/etl_dag.py for tasks to queue
[2025-11-04T00:09:13.238+0000] {logging_mixin.py:190} INFO - [2025-11-04T00:09:13.238+0000] {dagbag.py:588} INFO - Filling up the DagBag from /opt/airflow/dags/etl_dag.py
[2025-11-04T00:09:13.257+0000] {processor.py:925} INFO - DAG(s) 'etl_pipeline' retrieved from /opt/airflow/dags/etl_dag.py
[2025-11-04T00:09:13.269+0000] {logging_mixin.py:190} INFO - [2025-11-04T00:09:13.269+0000] {dag.py:3239} INFO - Sync 1 DAGs
[2025-11-04T00:09:13.285+0000] {logging_mixin.py:190} INFO - [2025-11-04T00:09:13.284+0000] {dag.py:4180} INFO - Setting next_dagrun for etl_pipeline to None, run_after=None
[2025-11-04T00:09:13.303+0000] {processor.py:208} INFO - Processing /opt/airflow/dags/etl_dag.py took 0.075 seconds
[2025-11-04T00:09:43.748+0000] {processor.py:186} INFO - Started process (PID=3350) to work on /opt/airflow/dags/etl_dag.py
[2025-11-04T00:09:43.749+0000] {processor.py:914} INFO - Processing file /opt/airflow/dags/etl_dag.py for tasks to queue
[2025-11-04T00:09:43.752+0000] {logging_mixin.py:190} INFO - [2025-11-04T00:09:43.752+0000] {dagbag.py:588} INFO - Filling up the DagBag from /opt/airflow/dags/etl_dag.py
[2025-11-04T00:09:43.770+0000] {processor.py:925} INFO - DAG(s) 'etl_pipeline' retrieved from /opt/airflow/dags/etl_dag.py
[2025-11-04T00:09:43.892+0000] {logging_mixin.py:190} INFO - [2025-11-04T00:09:43.892+0000] {dag.py:3239} INFO - Sync 1 DAGs
[2025-11-04T00:09:43.904+0000] {logging_mixin.py:190} INFO - [2025-11-04T00:09:43.904+0000] {dag.py:4180} INFO - Setting next_dagrun for etl_pipeline to None, run_after=None
[2025-11-04T00:09:43.926+0000] {processor.py:208} INFO - Processing /opt/airflow/dags/etl_dag.py took 0.184 seconds
[2025-11-04T00:10:14.385+0000] {processor.py:186} INFO - Started process (PID=3366) to work on /opt/airflow/dags/etl_dag.py
[2025-11-04T00:10:14.386+0000] {processor.py:914} INFO - Processing file /opt/airflow/dags/etl_dag.py for tasks to queue
[2025-11-04T00:10:14.389+0000] {logging_mixin.py:190} INFO - [2025-11-04T00:10:14.388+0000] {dagbag.py:588} INFO - Filling up the DagBag from /opt/airflow/dags/etl_dag.py
[2025-11-04T00:10:14.408+0000] {processor.py:925} INFO - DAG(s) 'etl_pipeline' retrieved from /opt/airflow/dags/etl_dag.py
[2025-11-04T00:10:14.420+0000] {logging_mixin.py:190} INFO - [2025-11-04T00:10:14.420+0000] {dag.py:3239} INFO - Sync 1 DAGs
[2025-11-04T00:10:14.434+0000] {logging_mixin.py:190} INFO - [2025-11-04T00:10:14.434+0000] {dag.py:4180} INFO - Setting next_dagrun for etl_pipeline to None, run_after=None
[2025-11-04T00:10:14.453+0000] {processor.py:208} INFO - Processing /opt/airflow/dags/etl_dag.py took 0.073 seconds
[2025-11-04T00:10:44.867+0000] {processor.py:186} INFO - Started process (PID=3382) to work on /opt/airflow/dags/etl_dag.py
[2025-11-04T00:10:44.868+0000] {processor.py:914} INFO - Processing file /opt/airflow/dags/etl_dag.py for tasks to queue
[2025-11-04T00:10:44.870+0000] {logging_mixin.py:190} INFO - [2025-11-04T00:10:44.870+0000] {dagbag.py:588} INFO - Filling up the DagBag from /opt/airflow/dags/etl_dag.py
[2025-11-04T00:10:44.891+0000] {processor.py:925} INFO - DAG(s) 'etl_pipeline' retrieved from /opt/airflow/dags/etl_dag.py
[2025-11-04T00:10:45.056+0000] {logging_mixin.py:190} INFO - [2025-11-04T00:10:45.056+0000] {dag.py:3239} INFO - Sync 1 DAGs
[2025-11-04T00:10:45.069+0000] {logging_mixin.py:190} INFO - [2025-11-04T00:10:45.069+0000] {dag.py:4180} INFO - Setting next_dagrun for etl_pipeline to None, run_after=None
[2025-11-04T00:10:45.089+0000] {processor.py:208} INFO - Processing /opt/airflow/dags/etl_dag.py took 0.228 seconds
[2025-11-04T00:11:15.301+0000] {processor.py:186} INFO - Started process (PID=3392) to work on /opt/airflow/dags/etl_dag.py
[2025-11-04T00:11:15.302+0000] {processor.py:914} INFO - Processing file /opt/airflow/dags/etl_dag.py for tasks to queue
[2025-11-04T00:11:15.304+0000] {logging_mixin.py:190} INFO - [2025-11-04T00:11:15.304+0000] {dagbag.py:588} INFO - Filling up the DagBag from /opt/airflow/dags/etl_dag.py
[2025-11-04T00:11:15.322+0000] {processor.py:925} INFO - DAG(s) 'etl_pipeline' retrieved from /opt/airflow/dags/etl_dag.py
[2025-11-04T00:11:15.352+0000] {logging_mixin.py:190} INFO - [2025-11-04T00:11:15.352+0000] {dag.py:3239} INFO - Sync 1 DAGs
[2025-11-04T00:11:15.366+0000] {logging_mixin.py:190} INFO - [2025-11-04T00:11:15.366+0000] {dag.py:4180} INFO - Setting next_dagrun for etl_pipeline to None, run_after=None
[2025-11-04T00:11:15.385+0000] {processor.py:208} INFO - Processing /opt/airflow/dags/etl_dag.py took 0.090 seconds
[2025-11-04T00:11:45.702+0000] {processor.py:186} INFO - Started process (PID=3408) to work on /opt/airflow/dags/etl_dag.py
[2025-11-04T00:11:45.703+0000] {processor.py:914} INFO - Processing file /opt/airflow/dags/etl_dag.py for tasks to queue
[2025-11-04T00:11:45.706+0000] {logging_mixin.py:190} INFO - [2025-11-04T00:11:45.706+0000] {dagbag.py:588} INFO - Filling up the DagBag from /opt/airflow/dags/etl_dag.py
[2025-11-04T00:11:45.724+0000] {processor.py:925} INFO - DAG(s) 'etl_pipeline' retrieved from /opt/airflow/dags/etl_dag.py
[2025-11-04T00:11:45.846+0000] {logging_mixin.py:190} INFO - [2025-11-04T00:11:45.846+0000] {dag.py:3239} INFO - Sync 1 DAGs
[2025-11-04T00:11:45.858+0000] {logging_mixin.py:190} INFO - [2025-11-04T00:11:45.858+0000] {dag.py:4180} INFO - Setting next_dagrun for etl_pipeline to None, run_after=None
[2025-11-04T00:11:45.877+0000] {processor.py:208} INFO - Processing /opt/airflow/dags/etl_dag.py took 0.182 seconds
[2025-11-04T00:12:16.112+0000] {processor.py:186} INFO - Started process (PID=3424) to work on /opt/airflow/dags/etl_dag.py
[2025-11-04T00:12:16.113+0000] {processor.py:914} INFO - Processing file /opt/airflow/dags/etl_dag.py for tasks to queue
[2025-11-04T00:12:16.116+0000] {logging_mixin.py:190} INFO - [2025-11-04T00:12:16.115+0000] {dagbag.py:588} INFO - Filling up the DagBag from /opt/airflow/dags/etl_dag.py
[2025-11-04T00:12:16.134+0000] {processor.py:925} INFO - DAG(s) 'etl_pipeline' retrieved from /opt/airflow/dags/etl_dag.py
[2025-11-04T00:12:16.163+0000] {logging_mixin.py:190} INFO - [2025-11-04T00:12:16.163+0000] {dag.py:3239} INFO - Sync 1 DAGs
[2025-11-04T00:12:16.180+0000] {logging_mixin.py:190} INFO - [2025-11-04T00:12:16.179+0000] {dag.py:4180} INFO - Setting next_dagrun for etl_pipeline to None, run_after=None
[2025-11-04T00:12:16.199+0000] {processor.py:208} INFO - Processing /opt/airflow/dags/etl_dag.py took 0.094 seconds
[2025-11-04T00:12:46.512+0000] {processor.py:186} INFO - Started process (PID=3440) to work on /opt/airflow/dags/etl_dag.py
[2025-11-04T00:12:46.514+0000] {processor.py:914} INFO - Processing file /opt/airflow/dags/etl_dag.py for tasks to queue
[2025-11-04T00:12:46.518+0000] {logging_mixin.py:190} INFO - [2025-11-04T00:12:46.517+0000] {dagbag.py:588} INFO - Filling up the DagBag from /opt/airflow/dags/etl_dag.py
[2025-11-04T00:12:46.540+0000] {processor.py:925} INFO - DAG(s) 'etl_pipeline' retrieved from /opt/airflow/dags/etl_dag.py
[2025-11-04T00:12:46.666+0000] {logging_mixin.py:190} INFO - [2025-11-04T00:12:46.666+0000] {dag.py:3239} INFO - Sync 1 DAGs
[2025-11-04T00:12:46.677+0000] {logging_mixin.py:190} INFO - [2025-11-04T00:12:46.677+0000] {dag.py:4180} INFO - Setting next_dagrun for etl_pipeline to None, run_after=None
[2025-11-04T00:12:46.697+0000] {processor.py:208} INFO - Processing /opt/airflow/dags/etl_dag.py took 0.194 seconds
[2025-11-04T00:13:16.915+0000] {processor.py:186} INFO - Started process (PID=3456) to work on /opt/airflow/dags/etl_dag.py
[2025-11-04T00:13:16.916+0000] {processor.py:914} INFO - Processing file /opt/airflow/dags/etl_dag.py for tasks to queue
[2025-11-04T00:13:16.919+0000] {logging_mixin.py:190} INFO - [2025-11-04T00:13:16.918+0000] {dagbag.py:588} INFO - Filling up the DagBag from /opt/airflow/dags/etl_dag.py
[2025-11-04T00:13:16.939+0000] {processor.py:925} INFO - DAG(s) 'etl_pipeline' retrieved from /opt/airflow/dags/etl_dag.py
[2025-11-04T00:13:16.967+0000] {logging_mixin.py:190} INFO - [2025-11-04T00:13:16.967+0000] {dag.py:3239} INFO - Sync 1 DAGs
[2025-11-04T00:13:16.985+0000] {logging_mixin.py:190} INFO - [2025-11-04T00:13:16.985+0000] {dag.py:4180} INFO - Setting next_dagrun for etl_pipeline to None, run_after=None
[2025-11-04T00:13:17.006+0000] {processor.py:208} INFO - Processing /opt/airflow/dags/etl_dag.py took 0.098 seconds
[2025-11-04T00:13:47.307+0000] {processor.py:186} INFO - Started process (PID=3472) to work on /opt/airflow/dags/etl_dag.py
[2025-11-04T00:13:47.308+0000] {processor.py:914} INFO - Processing file /opt/airflow/dags/etl_dag.py for tasks to queue
[2025-11-04T00:13:47.311+0000] {logging_mixin.py:190} INFO - [2025-11-04T00:13:47.310+0000] {dagbag.py:588} INFO - Filling up the DagBag from /opt/airflow/dags/etl_dag.py
[2025-11-04T00:13:47.331+0000] {processor.py:925} INFO - DAG(s) 'etl_pipeline' retrieved from /opt/airflow/dags/etl_dag.py
[2025-11-04T00:13:47.452+0000] {logging_mixin.py:190} INFO - [2025-11-04T00:13:47.451+0000] {dag.py:3239} INFO - Sync 1 DAGs
[2025-11-04T00:13:47.464+0000] {logging_mixin.py:190} INFO - [2025-11-04T00:13:47.463+0000] {dag.py:4180} INFO - Setting next_dagrun for etl_pipeline to None, run_after=None
[2025-11-04T00:13:47.483+0000] {processor.py:208} INFO - Processing /opt/airflow/dags/etl_dag.py took 0.182 seconds
[2025-11-04T00:14:17.701+0000] {processor.py:186} INFO - Started process (PID=3488) to work on /opt/airflow/dags/etl_dag.py
[2025-11-04T00:14:17.702+0000] {processor.py:914} INFO - Processing file /opt/airflow/dags/etl_dag.py for tasks to queue
[2025-11-04T00:14:17.705+0000] {logging_mixin.py:190} INFO - [2025-11-04T00:14:17.704+0000] {dagbag.py:588} INFO - Filling up the DagBag from /opt/airflow/dags/etl_dag.py
[2025-11-04T00:14:17.728+0000] {processor.py:925} INFO - DAG(s) 'etl_pipeline' retrieved from /opt/airflow/dags/etl_dag.py
[2025-11-04T00:14:17.758+0000] {logging_mixin.py:190} INFO - [2025-11-04T00:14:17.758+0000] {dag.py:3239} INFO - Sync 1 DAGs
[2025-11-04T00:14:17.774+0000] {logging_mixin.py:190} INFO - [2025-11-04T00:14:17.773+0000] {dag.py:4180} INFO - Setting next_dagrun for etl_pipeline to None, run_after=None
[2025-11-04T00:14:17.796+0000] {processor.py:208} INFO - Processing /opt/airflow/dags/etl_dag.py took 0.101 seconds
[2025-11-04T00:14:48.152+0000] {processor.py:186} INFO - Started process (PID=3504) to work on /opt/airflow/dags/etl_dag.py
[2025-11-04T00:14:48.153+0000] {processor.py:914} INFO - Processing file /opt/airflow/dags/etl_dag.py for tasks to queue
[2025-11-04T00:14:48.156+0000] {logging_mixin.py:190} INFO - [2025-11-04T00:14:48.156+0000] {dagbag.py:588} INFO - Filling up the DagBag from /opt/airflow/dags/etl_dag.py
[2025-11-04T00:14:48.177+0000] {processor.py:925} INFO - DAG(s) 'etl_pipeline' retrieved from /opt/airflow/dags/etl_dag.py
[2025-11-04T00:14:48.299+0000] {logging_mixin.py:190} INFO - [2025-11-04T00:14:48.299+0000] {dag.py:3239} INFO - Sync 1 DAGs
[2025-11-04T00:14:48.313+0000] {logging_mixin.py:190} INFO - [2025-11-04T00:14:48.313+0000] {dag.py:4180} INFO - Setting next_dagrun for etl_pipeline to None, run_after=None
[2025-11-04T00:14:48.332+0000] {processor.py:208} INFO - Processing /opt/airflow/dags/etl_dag.py took 0.185 seconds
[2025-11-04T00:15:18.569+0000] {processor.py:186} INFO - Started process (PID=3520) to work on /opt/airflow/dags/etl_dag.py
[2025-11-04T00:15:18.570+0000] {processor.py:914} INFO - Processing file /opt/airflow/dags/etl_dag.py for tasks to queue
[2025-11-04T00:15:18.572+0000] {logging_mixin.py:190} INFO - [2025-11-04T00:15:18.572+0000] {dagbag.py:588} INFO - Filling up the DagBag from /opt/airflow/dags/etl_dag.py
[2025-11-04T00:15:18.591+0000] {processor.py:925} INFO - DAG(s) 'etl_pipeline' retrieved from /opt/airflow/dags/etl_dag.py
[2025-11-04T00:15:18.619+0000] {logging_mixin.py:190} INFO - [2025-11-04T00:15:18.619+0000] {dag.py:3239} INFO - Sync 1 DAGs
[2025-11-04T00:15:18.634+0000] {logging_mixin.py:190} INFO - [2025-11-04T00:15:18.634+0000] {dag.py:4180} INFO - Setting next_dagrun for etl_pipeline to None, run_after=None
[2025-11-04T00:15:18.653+0000] {processor.py:208} INFO - Processing /opt/airflow/dags/etl_dag.py took 0.091 seconds
[2025-11-04T00:15:48.958+0000] {processor.py:186} INFO - Started process (PID=3536) to work on /opt/airflow/dags/etl_dag.py
[2025-11-04T00:15:48.959+0000] {processor.py:914} INFO - Processing file /opt/airflow/dags/etl_dag.py for tasks to queue
[2025-11-04T00:15:48.962+0000] {logging_mixin.py:190} INFO - [2025-11-04T00:15:48.961+0000] {dagbag.py:588} INFO - Filling up the DagBag from /opt/airflow/dags/etl_dag.py
[2025-11-04T00:15:48.983+0000] {processor.py:925} INFO - DAG(s) 'etl_pipeline' retrieved from /opt/airflow/dags/etl_dag.py
[2025-11-04T00:15:49.102+0000] {logging_mixin.py:190} INFO - [2025-11-04T00:15:49.102+0000] {dag.py:3239} INFO - Sync 1 DAGs
[2025-11-04T00:15:49.114+0000] {logging_mixin.py:190} INFO - [2025-11-04T00:15:49.114+0000] {dag.py:4180} INFO - Setting next_dagrun for etl_pipeline to None, run_after=None
[2025-11-04T00:15:49.134+0000] {processor.py:208} INFO - Processing /opt/airflow/dags/etl_dag.py took 0.183 seconds
[2025-11-04T00:16:19.360+0000] {processor.py:186} INFO - Started process (PID=3552) to work on /opt/airflow/dags/etl_dag.py
[2025-11-04T00:16:19.361+0000] {processor.py:914} INFO - Processing file /opt/airflow/dags/etl_dag.py for tasks to queue
[2025-11-04T00:16:19.363+0000] {logging_mixin.py:190} INFO - [2025-11-04T00:16:19.362+0000] {dagbag.py:588} INFO - Filling up the DagBag from /opt/airflow/dags/etl_dag.py
[2025-11-04T00:16:19.384+0000] {processor.py:925} INFO - DAG(s) 'etl_pipeline' retrieved from /opt/airflow/dags/etl_dag.py
[2025-11-04T00:16:19.412+0000] {logging_mixin.py:190} INFO - [2025-11-04T00:16:19.412+0000] {dag.py:3239} INFO - Sync 1 DAGs
[2025-11-04T00:16:19.428+0000] {logging_mixin.py:190} INFO - [2025-11-04T00:16:19.428+0000] {dag.py:4180} INFO - Setting next_dagrun for etl_pipeline to None, run_after=None
[2025-11-04T00:16:19.448+0000] {processor.py:208} INFO - Processing /opt/airflow/dags/etl_dag.py took 0.095 seconds
[2025-11-04T00:16:49.740+0000] {processor.py:186} INFO - Started process (PID=3568) to work on /opt/airflow/dags/etl_dag.py
[2025-11-04T00:16:49.741+0000] {processor.py:914} INFO - Processing file /opt/airflow/dags/etl_dag.py for tasks to queue
[2025-11-04T00:16:49.743+0000] {logging_mixin.py:190} INFO - [2025-11-04T00:16:49.743+0000] {dagbag.py:588} INFO - Filling up the DagBag from /opt/airflow/dags/etl_dag.py
[2025-11-04T00:16:49.764+0000] {processor.py:925} INFO - DAG(s) 'etl_pipeline' retrieved from /opt/airflow/dags/etl_dag.py
[2025-11-04T00:16:49.886+0000] {logging_mixin.py:190} INFO - [2025-11-04T00:16:49.886+0000] {dag.py:3239} INFO - Sync 1 DAGs
[2025-11-04T00:16:49.897+0000] {logging_mixin.py:190} INFO - [2025-11-04T00:16:49.897+0000] {dag.py:4180} INFO - Setting next_dagrun for etl_pipeline to None, run_after=None
[2025-11-04T00:16:49.916+0000] {processor.py:208} INFO - Processing /opt/airflow/dags/etl_dag.py took 0.182 seconds
[2025-11-04T00:17:20.116+0000] {processor.py:186} INFO - Started process (PID=3584) to work on /opt/airflow/dags/etl_dag.py
[2025-11-04T00:17:20.117+0000] {processor.py:914} INFO - Processing file /opt/airflow/dags/etl_dag.py for tasks to queue
[2025-11-04T00:17:20.119+0000] {logging_mixin.py:190} INFO - [2025-11-04T00:17:20.118+0000] {dagbag.py:588} INFO - Filling up the DagBag from /opt/airflow/dags/etl_dag.py
[2025-11-04T00:17:20.141+0000] {processor.py:925} INFO - DAG(s) 'etl_pipeline' retrieved from /opt/airflow/dags/etl_dag.py
[2025-11-04T00:17:20.169+0000] {logging_mixin.py:190} INFO - [2025-11-04T00:17:20.168+0000] {dag.py:3239} INFO - Sync 1 DAGs
[2025-11-04T00:17:20.185+0000] {logging_mixin.py:190} INFO - [2025-11-04T00:17:20.185+0000] {dag.py:4180} INFO - Setting next_dagrun for etl_pipeline to None, run_after=None
[2025-11-04T00:17:20.206+0000] {processor.py:208} INFO - Processing /opt/airflow/dags/etl_dag.py took 0.096 seconds
[2025-11-04T00:17:50.502+0000] {processor.py:186} INFO - Started process (PID=3600) to work on /opt/airflow/dags/etl_dag.py
[2025-11-04T00:17:50.503+0000] {processor.py:914} INFO - Processing file /opt/airflow/dags/etl_dag.py for tasks to queue
[2025-11-04T00:17:50.507+0000] {logging_mixin.py:190} INFO - [2025-11-04T00:17:50.506+0000] {dagbag.py:588} INFO - Filling up the DagBag from /opt/airflow/dags/etl_dag.py
[2025-11-04T00:17:50.527+0000] {processor.py:925} INFO - DAG(s) 'etl_pipeline' retrieved from /opt/airflow/dags/etl_dag.py
[2025-11-04T00:17:50.643+0000] {logging_mixin.py:190} INFO - [2025-11-04T00:17:50.642+0000] {dag.py:3239} INFO - Sync 1 DAGs
[2025-11-04T00:17:50.653+0000] {logging_mixin.py:190} INFO - [2025-11-04T00:17:50.653+0000] {dag.py:4180} INFO - Setting next_dagrun for etl_pipeline to None, run_after=None
[2025-11-04T00:17:50.671+0000] {processor.py:208} INFO - Processing /opt/airflow/dags/etl_dag.py took 0.175 seconds
[2025-11-04T00:18:20.885+0000] {processor.py:186} INFO - Started process (PID=3616) to work on /opt/airflow/dags/etl_dag.py
[2025-11-04T00:18:20.886+0000] {processor.py:914} INFO - Processing file /opt/airflow/dags/etl_dag.py for tasks to queue
[2025-11-04T00:18:20.890+0000] {logging_mixin.py:190} INFO - [2025-11-04T00:18:20.890+0000] {dagbag.py:588} INFO - Filling up the DagBag from /opt/airflow/dags/etl_dag.py
[2025-11-04T00:18:20.911+0000] {processor.py:925} INFO - DAG(s) 'etl_pipeline' retrieved from /opt/airflow/dags/etl_dag.py
[2025-11-04T00:18:20.939+0000] {logging_mixin.py:190} INFO - [2025-11-04T00:18:20.938+0000] {dag.py:3239} INFO - Sync 1 DAGs
[2025-11-04T00:18:20.954+0000] {logging_mixin.py:190} INFO - [2025-11-04T00:18:20.954+0000] {dag.py:4180} INFO - Setting next_dagrun for etl_pipeline to None, run_after=None
[2025-11-04T00:18:20.974+0000] {processor.py:208} INFO - Processing /opt/airflow/dags/etl_dag.py took 0.095 seconds
[2025-11-04T00:18:51.271+0000] {processor.py:186} INFO - Started process (PID=3632) to work on /opt/airflow/dags/etl_dag.py
[2025-11-04T00:18:51.272+0000] {processor.py:914} INFO - Processing file /opt/airflow/dags/etl_dag.py for tasks to queue
[2025-11-04T00:18:51.275+0000] {logging_mixin.py:190} INFO - [2025-11-04T00:18:51.274+0000] {dagbag.py:588} INFO - Filling up the DagBag from /opt/airflow/dags/etl_dag.py
[2025-11-04T00:18:51.294+0000] {processor.py:925} INFO - DAG(s) 'etl_pipeline' retrieved from /opt/airflow/dags/etl_dag.py
[2025-11-04T00:18:51.409+0000] {logging_mixin.py:190} INFO - [2025-11-04T00:18:51.409+0000] {dag.py:3239} INFO - Sync 1 DAGs
[2025-11-04T00:18:51.419+0000] {logging_mixin.py:190} INFO - [2025-11-04T00:18:51.419+0000] {dag.py:4180} INFO - Setting next_dagrun for etl_pipeline to None, run_after=None
[2025-11-04T00:18:51.437+0000] {processor.py:208} INFO - Processing /opt/airflow/dags/etl_dag.py took 0.172 seconds
[2025-11-04T00:19:21.642+0000] {processor.py:186} INFO - Started process (PID=3648) to work on /opt/airflow/dags/etl_dag.py
[2025-11-04T00:19:21.643+0000] {processor.py:914} INFO - Processing file /opt/airflow/dags/etl_dag.py for tasks to queue
[2025-11-04T00:19:21.645+0000] {logging_mixin.py:190} INFO - [2025-11-04T00:19:21.645+0000] {dagbag.py:588} INFO - Filling up the DagBag from /opt/airflow/dags/etl_dag.py
[2025-11-04T00:19:21.665+0000] {processor.py:925} INFO - DAG(s) 'etl_pipeline' retrieved from /opt/airflow/dags/etl_dag.py
[2025-11-04T00:19:21.694+0000] {logging_mixin.py:190} INFO - [2025-11-04T00:19:21.694+0000] {dag.py:3239} INFO - Sync 1 DAGs
[2025-11-04T00:19:21.709+0000] {logging_mixin.py:190} INFO - [2025-11-04T00:19:21.709+0000] {dag.py:4180} INFO - Setting next_dagrun for etl_pipeline to None, run_after=None
[2025-11-04T00:19:21.730+0000] {processor.py:208} INFO - Processing /opt/airflow/dags/etl_dag.py took 0.095 seconds
[2025-11-04T00:19:51.991+0000] {processor.py:186} INFO - Started process (PID=3664) to work on /opt/airflow/dags/etl_dag.py
[2025-11-04T00:19:51.992+0000] {processor.py:914} INFO - Processing file /opt/airflow/dags/etl_dag.py for tasks to queue
[2025-11-04T00:19:51.994+0000] {logging_mixin.py:190} INFO - [2025-11-04T00:19:51.994+0000] {dagbag.py:588} INFO - Filling up the DagBag from /opt/airflow/dags/etl_dag.py
[2025-11-04T00:19:52.013+0000] {processor.py:925} INFO - DAG(s) 'etl_pipeline' retrieved from /opt/airflow/dags/etl_dag.py
[2025-11-04T00:19:52.129+0000] {logging_mixin.py:190} INFO - [2025-11-04T00:19:52.129+0000] {dag.py:3239} INFO - Sync 1 DAGs
[2025-11-04T00:19:52.141+0000] {logging_mixin.py:190} INFO - [2025-11-04T00:19:52.141+0000] {dag.py:4180} INFO - Setting next_dagrun for etl_pipeline to None, run_after=None
[2025-11-04T00:19:52.159+0000] {processor.py:208} INFO - Processing /opt/airflow/dags/etl_dag.py took 0.175 seconds
[2025-11-04T00:20:22.357+0000] {processor.py:186} INFO - Started process (PID=3680) to work on /opt/airflow/dags/etl_dag.py
[2025-11-04T00:20:22.358+0000] {processor.py:914} INFO - Processing file /opt/airflow/dags/etl_dag.py for tasks to queue
[2025-11-04T00:20:22.361+0000] {logging_mixin.py:190} INFO - [2025-11-04T00:20:22.360+0000] {dagbag.py:588} INFO - Filling up the DagBag from /opt/airflow/dags/etl_dag.py
[2025-11-04T00:20:22.382+0000] {processor.py:925} INFO - DAG(s) 'etl_pipeline' retrieved from /opt/airflow/dags/etl_dag.py
[2025-11-04T00:20:22.413+0000] {logging_mixin.py:190} INFO - [2025-11-04T00:20:22.413+0000] {dag.py:3239} INFO - Sync 1 DAGs
[2025-11-04T00:20:22.432+0000] {logging_mixin.py:190} INFO - [2025-11-04T00:20:22.432+0000] {dag.py:4180} INFO - Setting next_dagrun for etl_pipeline to None, run_after=None
[2025-11-04T00:20:22.454+0000] {processor.py:208} INFO - Processing /opt/airflow/dags/etl_dag.py took 0.103 seconds
[2025-11-04T22:18:47.126+0000] {processor.py:186} INFO - Started process (PID=198) to work on /opt/airflow/dags/etl_dag.py
[2025-11-04T22:18:47.128+0000] {processor.py:914} INFO - Processing file /opt/airflow/dags/etl_dag.py for tasks to queue
[2025-11-04T22:18:47.130+0000] {logging_mixin.py:190} INFO - [2025-11-04T22:18:47.130+0000] {dagbag.py:588} INFO - Filling up the DagBag from /opt/airflow/dags/etl_dag.py
[2025-11-04T22:18:47.154+0000] {processor.py:925} INFO - DAG(s) 'etl_pipeline' retrieved from /opt/airflow/dags/etl_dag.py
[2025-11-04T22:18:47.166+0000] {logging_mixin.py:190} INFO - [2025-11-04T22:18:47.166+0000] {dag.py:3239} INFO - Sync 1 DAGs
[2025-11-04T22:18:47.180+0000] {logging_mixin.py:190} INFO - [2025-11-04T22:18:47.179+0000] {dag.py:4180} INFO - Setting next_dagrun for etl_pipeline to None, run_after=None
[2025-11-04T22:18:47.198+0000] {processor.py:208} INFO - Processing /opt/airflow/dags/etl_dag.py took 0.078 seconds
[2025-11-04T22:19:17.285+0000] {processor.py:186} INFO - Started process (PID=208) to work on /opt/airflow/dags/etl_dag.py
[2025-11-04T22:19:17.286+0000] {processor.py:914} INFO - Processing file /opt/airflow/dags/etl_dag.py for tasks to queue
[2025-11-04T22:19:17.288+0000] {logging_mixin.py:190} INFO - [2025-11-04T22:19:17.288+0000] {dagbag.py:588} INFO - Filling up the DagBag from /opt/airflow/dags/etl_dag.py
[2025-11-04T22:19:17.307+0000] {processor.py:925} INFO - DAG(s) 'etl_pipeline' retrieved from /opt/airflow/dags/etl_dag.py
[2025-11-04T22:19:17.420+0000] {logging_mixin.py:190} INFO - [2025-11-04T22:19:17.419+0000] {dag.py:3239} INFO - Sync 1 DAGs
[2025-11-04T22:19:17.431+0000] {logging_mixin.py:190} INFO - [2025-11-04T22:19:17.430+0000] {dag.py:4180} INFO - Setting next_dagrun for etl_pipeline to None, run_after=None
[2025-11-04T22:19:17.446+0000] {processor.py:208} INFO - Processing /opt/airflow/dags/etl_dag.py took 0.167 seconds
[2025-11-04T22:19:47.561+0000] {processor.py:186} INFO - Started process (PID=228) to work on /opt/airflow/dags/etl_dag.py
[2025-11-04T22:19:47.563+0000] {processor.py:914} INFO - Processing file /opt/airflow/dags/etl_dag.py for tasks to queue
[2025-11-04T22:19:47.565+0000] {logging_mixin.py:190} INFO - [2025-11-04T22:19:47.565+0000] {dagbag.py:588} INFO - Filling up the DagBag from /opt/airflow/dags/etl_dag.py
[2025-11-04T22:19:47.584+0000] {processor.py:925} INFO - DAG(s) 'etl_pipeline' retrieved from /opt/airflow/dags/etl_dag.py
[2025-11-04T22:19:47.615+0000] {logging_mixin.py:190} INFO - [2025-11-04T22:19:47.615+0000] {dag.py:3239} INFO - Sync 1 DAGs
[2025-11-04T22:19:47.630+0000] {logging_mixin.py:190} INFO - [2025-11-04T22:19:47.630+0000] {dag.py:4180} INFO - Setting next_dagrun for etl_pipeline to None, run_after=None
[2025-11-04T22:19:47.648+0000] {processor.py:208} INFO - Processing /opt/airflow/dags/etl_dag.py took 0.092 seconds
[2025-11-04T22:20:17.766+0000] {processor.py:186} INFO - Started process (PID=242) to work on /opt/airflow/dags/etl_dag.py
[2025-11-04T22:20:17.767+0000] {processor.py:914} INFO - Processing file /opt/airflow/dags/etl_dag.py for tasks to queue
[2025-11-04T22:20:17.770+0000] {logging_mixin.py:190} INFO - [2025-11-04T22:20:17.769+0000] {dagbag.py:588} INFO - Filling up the DagBag from /opt/airflow/dags/etl_dag.py
[2025-11-04T22:20:17.787+0000] {processor.py:925} INFO - DAG(s) 'etl_pipeline' retrieved from /opt/airflow/dags/etl_dag.py
[2025-11-04T22:20:17.893+0000] {logging_mixin.py:190} INFO - [2025-11-04T22:20:17.892+0000] {dag.py:3239} INFO - Sync 1 DAGs
[2025-11-04T22:20:17.903+0000] {logging_mixin.py:190} INFO - [2025-11-04T22:20:17.903+0000] {dag.py:4180} INFO - Setting next_dagrun for etl_pipeline to None, run_after=None
[2025-11-04T22:20:17.922+0000] {processor.py:208} INFO - Processing /opt/airflow/dags/etl_dag.py took 0.162 seconds
[2025-11-04T22:20:48.464+0000] {processor.py:186} INFO - Started process (PID=261) to work on /opt/airflow/dags/etl_dag.py
[2025-11-04T22:20:48.465+0000] {processor.py:914} INFO - Processing file /opt/airflow/dags/etl_dag.py for tasks to queue
[2025-11-04T22:20:48.468+0000] {logging_mixin.py:190} INFO - [2025-11-04T22:20:48.467+0000] {dagbag.py:588} INFO - Filling up the DagBag from /opt/airflow/dags/etl_dag.py
[2025-11-04T22:20:48.486+0000] {processor.py:925} INFO - DAG(s) 'etl_pipeline' retrieved from /opt/airflow/dags/etl_dag.py
[2025-11-04T22:20:48.512+0000] {logging_mixin.py:190} INFO - [2025-11-04T22:20:48.512+0000] {dag.py:3239} INFO - Sync 1 DAGs
[2025-11-04T22:20:48.527+0000] {logging_mixin.py:190} INFO - [2025-11-04T22:20:48.526+0000] {dag.py:4180} INFO - Setting next_dagrun for etl_pipeline to None, run_after=None
[2025-11-04T22:20:48.543+0000] {processor.py:208} INFO - Processing /opt/airflow/dags/etl_dag.py took 0.086 seconds
[2025-11-04T22:21:18.814+0000] {processor.py:186} INFO - Started process (PID=277) to work on /opt/airflow/dags/etl_dag.py
[2025-11-04T22:21:18.815+0000] {processor.py:914} INFO - Processing file /opt/airflow/dags/etl_dag.py for tasks to queue
[2025-11-04T22:21:18.818+0000] {logging_mixin.py:190} INFO - [2025-11-04T22:21:18.818+0000] {dagbag.py:588} INFO - Filling up the DagBag from /opt/airflow/dags/etl_dag.py
[2025-11-04T22:21:18.836+0000] {processor.py:925} INFO - DAG(s) 'etl_pipeline' retrieved from /opt/airflow/dags/etl_dag.py
[2025-11-04T22:21:18.942+0000] {logging_mixin.py:190} INFO - [2025-11-04T22:21:18.941+0000] {dag.py:3239} INFO - Sync 1 DAGs
[2025-11-04T22:21:18.953+0000] {logging_mixin.py:190} INFO - [2025-11-04T22:21:18.953+0000] {dag.py:4180} INFO - Setting next_dagrun for etl_pipeline to None, run_after=None
[2025-11-04T22:21:18.968+0000] {processor.py:208} INFO - Processing /opt/airflow/dags/etl_dag.py took 0.160 seconds
[2025-11-04T22:21:49.207+0000] {processor.py:186} INFO - Started process (PID=293) to work on /opt/airflow/dags/etl_dag.py
[2025-11-04T22:21:49.208+0000] {processor.py:914} INFO - Processing file /opt/airflow/dags/etl_dag.py for tasks to queue
[2025-11-04T22:21:49.210+0000] {logging_mixin.py:190} INFO - [2025-11-04T22:21:49.209+0000] {dagbag.py:588} INFO - Filling up the DagBag from /opt/airflow/dags/etl_dag.py
[2025-11-04T22:21:49.227+0000] {processor.py:925} INFO - DAG(s) 'etl_pipeline' retrieved from /opt/airflow/dags/etl_dag.py
[2025-11-04T22:21:49.251+0000] {logging_mixin.py:190} INFO - [2025-11-04T22:21:49.251+0000] {dag.py:3239} INFO - Sync 1 DAGs
[2025-11-04T22:21:49.265+0000] {logging_mixin.py:190} INFO - [2025-11-04T22:21:49.265+0000] {dag.py:4180} INFO - Setting next_dagrun for etl_pipeline to None, run_after=None
[2025-11-04T22:21:49.282+0000] {processor.py:208} INFO - Processing /opt/airflow/dags/etl_dag.py took 0.081 seconds
[2025-11-04T22:22:19.612+0000] {processor.py:186} INFO - Started process (PID=309) to work on /opt/airflow/dags/etl_dag.py
[2025-11-04T22:22:19.613+0000] {processor.py:914} INFO - Processing file /opt/airflow/dags/etl_dag.py for tasks to queue
[2025-11-04T22:22:19.616+0000] {logging_mixin.py:190} INFO - [2025-11-04T22:22:19.616+0000] {dagbag.py:588} INFO - Filling up the DagBag from /opt/airflow/dags/etl_dag.py
[2025-11-04T22:22:19.634+0000] {processor.py:925} INFO - DAG(s) 'etl_pipeline' retrieved from /opt/airflow/dags/etl_dag.py
[2025-11-04T22:22:19.739+0000] {logging_mixin.py:190} INFO - [2025-11-04T22:22:19.739+0000] {dag.py:3239} INFO - Sync 1 DAGs
[2025-11-04T22:22:19.749+0000] {logging_mixin.py:190} INFO - [2025-11-04T22:22:19.749+0000] {dag.py:4180} INFO - Setting next_dagrun for etl_pipeline to None, run_after=None
[2025-11-04T22:22:19.765+0000] {processor.py:208} INFO - Processing /opt/airflow/dags/etl_dag.py took 0.158 seconds
[2025-11-04T22:22:50.274+0000] {processor.py:186} INFO - Started process (PID=325) to work on /opt/airflow/dags/etl_dag.py
[2025-11-04T22:22:50.275+0000] {processor.py:914} INFO - Processing file /opt/airflow/dags/etl_dag.py for tasks to queue
[2025-11-04T22:22:50.277+0000] {logging_mixin.py:190} INFO - [2025-11-04T22:22:50.277+0000] {dagbag.py:588} INFO - Filling up the DagBag from /opt/airflow/dags/etl_dag.py
[2025-11-04T22:22:50.297+0000] {processor.py:925} INFO - DAG(s) 'etl_pipeline' retrieved from /opt/airflow/dags/etl_dag.py
[2025-11-04T22:22:50.322+0000] {logging_mixin.py:190} INFO - [2025-11-04T22:22:50.322+0000] {dag.py:3239} INFO - Sync 1 DAGs
[2025-11-04T22:22:50.335+0000] {logging_mixin.py:190} INFO - [2025-11-04T22:22:50.335+0000] {dag.py:4180} INFO - Setting next_dagrun for etl_pipeline to None, run_after=None
[2025-11-04T22:22:50.352+0000] {processor.py:208} INFO - Processing /opt/airflow/dags/etl_dag.py took 0.084 seconds
[2025-11-04T22:23:20.428+0000] {processor.py:186} INFO - Started process (PID=338) to work on /opt/airflow/dags/etl_dag.py
[2025-11-04T22:23:20.429+0000] {processor.py:914} INFO - Processing file /opt/airflow/dags/etl_dag.py for tasks to queue
[2025-11-04T22:23:20.430+0000] {logging_mixin.py:190} INFO - [2025-11-04T22:23:20.430+0000] {dagbag.py:588} INFO - Filling up the DagBag from /opt/airflow/dags/etl_dag.py
[2025-11-04T22:23:20.448+0000] {processor.py:925} INFO - DAG(s) 'etl_pipeline' retrieved from /opt/airflow/dags/etl_dag.py
[2025-11-04T22:23:20.556+0000] {logging_mixin.py:190} INFO - [2025-11-04T22:23:20.556+0000] {dag.py:3239} INFO - Sync 1 DAGs
[2025-11-04T22:23:20.567+0000] {logging_mixin.py:190} INFO - [2025-11-04T22:23:20.567+0000] {dag.py:4180} INFO - Setting next_dagrun for etl_pipeline to None, run_after=None
[2025-11-04T22:23:20.584+0000] {processor.py:208} INFO - Processing /opt/airflow/dags/etl_dag.py took 0.162 seconds
[2025-11-04T22:23:50.996+0000] {processor.py:186} INFO - Started process (PID=357) to work on /opt/airflow/dags/etl_dag.py
[2025-11-04T22:23:50.997+0000] {processor.py:914} INFO - Processing file /opt/airflow/dags/etl_dag.py for tasks to queue
[2025-11-04T22:23:51.000+0000] {logging_mixin.py:190} INFO - [2025-11-04T22:23:51.000+0000] {dagbag.py:588} INFO - Filling up the DagBag from /opt/airflow/dags/etl_dag.py
[2025-11-04T22:23:51.018+0000] {processor.py:925} INFO - DAG(s) 'etl_pipeline' retrieved from /opt/airflow/dags/etl_dag.py
[2025-11-04T22:23:51.044+0000] {logging_mixin.py:190} INFO - [2025-11-04T22:23:51.043+0000] {dag.py:3239} INFO - Sync 1 DAGs
[2025-11-04T22:23:51.059+0000] {logging_mixin.py:190} INFO - [2025-11-04T22:23:51.059+0000] {dag.py:4180} INFO - Setting next_dagrun for etl_pipeline to None, run_after=None
[2025-11-04T22:23:51.077+0000] {processor.py:208} INFO - Processing /opt/airflow/dags/etl_dag.py took 0.089 seconds
[2025-11-04T22:24:21.780+0000] {processor.py:186} INFO - Started process (PID=373) to work on /opt/airflow/dags/etl_dag.py
[2025-11-04T22:24:21.781+0000] {processor.py:914} INFO - Processing file /opt/airflow/dags/etl_dag.py for tasks to queue
[2025-11-04T22:24:21.784+0000] {logging_mixin.py:190} INFO - [2025-11-04T22:24:21.783+0000] {dagbag.py:588} INFO - Filling up the DagBag from /opt/airflow/dags/etl_dag.py
[2025-11-04T22:24:21.801+0000] {processor.py:925} INFO - DAG(s) 'etl_pipeline' retrieved from /opt/airflow/dags/etl_dag.py
[2025-11-04T22:24:21.909+0000] {logging_mixin.py:190} INFO - [2025-11-04T22:24:21.909+0000] {dag.py:3239} INFO - Sync 1 DAGs
[2025-11-04T22:24:22.064+0000] {logging_mixin.py:190} INFO - [2025-11-04T22:24:22.064+0000] {dag.py:4180} INFO - Setting next_dagrun for etl_pipeline to None, run_after=None
[2025-11-04T22:24:22.080+0000] {processor.py:208} INFO - Processing /opt/airflow/dags/etl_dag.py took 0.306 seconds
[2025-11-04T22:24:52.473+0000] {processor.py:186} INFO - Started process (PID=389) to work on /opt/airflow/dags/etl_dag.py
[2025-11-04T22:24:52.474+0000] {processor.py:914} INFO - Processing file /opt/airflow/dags/etl_dag.py for tasks to queue
[2025-11-04T22:24:52.477+0000] {logging_mixin.py:190} INFO - [2025-11-04T22:24:52.476+0000] {dagbag.py:588} INFO - Filling up the DagBag from /opt/airflow/dags/etl_dag.py
[2025-11-04T22:24:52.495+0000] {processor.py:925} INFO - DAG(s) 'etl_pipeline' retrieved from /opt/airflow/dags/etl_dag.py
[2025-11-04T22:24:52.522+0000] {logging_mixin.py:190} INFO - [2025-11-04T22:24:52.522+0000] {dag.py:3239} INFO - Sync 1 DAGs
[2025-11-04T22:24:52.536+0000] {logging_mixin.py:190} INFO - [2025-11-04T22:24:52.536+0000] {dag.py:4180} INFO - Setting next_dagrun for etl_pipeline to None, run_after=None
[2025-11-04T22:24:52.552+0000] {processor.py:208} INFO - Processing /opt/airflow/dags/etl_dag.py took 0.085 seconds
[2025-11-04T22:25:22.941+0000] {processor.py:186} INFO - Started process (PID=405) to work on /opt/airflow/dags/etl_dag.py
[2025-11-04T22:25:22.942+0000] {processor.py:914} INFO - Processing file /opt/airflow/dags/etl_dag.py for tasks to queue
[2025-11-04T22:25:22.945+0000] {logging_mixin.py:190} INFO - [2025-11-04T22:25:22.944+0000] {dagbag.py:588} INFO - Filling up the DagBag from /opt/airflow/dags/etl_dag.py
[2025-11-04T22:25:22.962+0000] {processor.py:925} INFO - DAG(s) 'etl_pipeline' retrieved from /opt/airflow/dags/etl_dag.py
[2025-11-04T22:25:23.070+0000] {logging_mixin.py:190} INFO - [2025-11-04T22:25:23.069+0000] {dag.py:3239} INFO - Sync 1 DAGs
[2025-11-04T22:25:23.080+0000] {logging_mixin.py:190} INFO - [2025-11-04T22:25:23.080+0000] {dag.py:4180} INFO - Setting next_dagrun for etl_pipeline to None, run_after=None
[2025-11-04T22:25:23.096+0000] {processor.py:208} INFO - Processing /opt/airflow/dags/etl_dag.py took 0.160 seconds
[2025-11-04T22:25:53.228+0000] {processor.py:186} INFO - Started process (PID=421) to work on /opt/airflow/dags/etl_dag.py
[2025-11-04T22:25:53.229+0000] {processor.py:914} INFO - Processing file /opt/airflow/dags/etl_dag.py for tasks to queue
[2025-11-04T22:25:53.231+0000] {logging_mixin.py:190} INFO - [2025-11-04T22:25:53.231+0000] {dagbag.py:588} INFO - Filling up the DagBag from /opt/airflow/dags/etl_dag.py
[2025-11-04T22:25:53.249+0000] {processor.py:925} INFO - DAG(s) 'etl_pipeline' retrieved from /opt/airflow/dags/etl_dag.py
[2025-11-04T22:25:53.275+0000] {logging_mixin.py:190} INFO - [2025-11-04T22:25:53.275+0000] {dag.py:3239} INFO - Sync 1 DAGs
[2025-11-04T22:25:53.290+0000] {logging_mixin.py:190} INFO - [2025-11-04T22:25:53.290+0000] {dag.py:4180} INFO - Setting next_dagrun for etl_pipeline to None, run_after=None
[2025-11-04T22:25:53.306+0000] {processor.py:208} INFO - Processing /opt/airflow/dags/etl_dag.py took 0.085 seconds
[2025-11-04T22:26:24.031+0000] {processor.py:186} INFO - Started process (PID=437) to work on /opt/airflow/dags/etl_dag.py
[2025-11-04T22:26:24.032+0000] {processor.py:914} INFO - Processing file /opt/airflow/dags/etl_dag.py for tasks to queue
[2025-11-04T22:26:24.034+0000] {logging_mixin.py:190} INFO - [2025-11-04T22:26:24.034+0000] {dagbag.py:588} INFO - Filling up the DagBag from /opt/airflow/dags/etl_dag.py
[2025-11-04T22:26:24.053+0000] {processor.py:925} INFO - DAG(s) 'etl_pipeline' retrieved from /opt/airflow/dags/etl_dag.py
[2025-11-04T22:26:24.158+0000] {logging_mixin.py:190} INFO - [2025-11-04T22:26:24.158+0000] {dag.py:3239} INFO - Sync 1 DAGs
[2025-11-04T22:26:24.169+0000] {logging_mixin.py:190} INFO - [2025-11-04T22:26:24.169+0000] {dag.py:4180} INFO - Setting next_dagrun for etl_pipeline to None, run_after=None
[2025-11-04T22:26:24.184+0000] {processor.py:208} INFO - Processing /opt/airflow/dags/etl_dag.py took 0.158 seconds
[2025-11-04T22:26:54.242+0000] {processor.py:186} INFO - Started process (PID=453) to work on /opt/airflow/dags/etl_dag.py
[2025-11-04T22:26:54.243+0000] {processor.py:914} INFO - Processing file /opt/airflow/dags/etl_dag.py for tasks to queue
[2025-11-04T22:26:54.246+0000] {logging_mixin.py:190} INFO - [2025-11-04T22:26:54.246+0000] {dagbag.py:588} INFO - Filling up the DagBag from /opt/airflow/dags/etl_dag.py
[2025-11-04T22:26:54.264+0000] {processor.py:925} INFO - DAG(s) 'etl_pipeline' retrieved from /opt/airflow/dags/etl_dag.py
[2025-11-04T22:26:54.288+0000] {logging_mixin.py:190} INFO - [2025-11-04T22:26:54.287+0000] {dag.py:3239} INFO - Sync 1 DAGs
[2025-11-04T22:26:54.303+0000] {logging_mixin.py:190} INFO - [2025-11-04T22:26:54.303+0000] {dag.py:4180} INFO - Setting next_dagrun for etl_pipeline to None, run_after=None
[2025-11-04T22:26:54.319+0000] {processor.py:208} INFO - Processing /opt/airflow/dags/etl_dag.py took 0.084 seconds
[2025-11-04T22:27:24.862+0000] {processor.py:186} INFO - Started process (PID=469) to work on /opt/airflow/dags/etl_dag.py
[2025-11-04T22:27:24.864+0000] {processor.py:914} INFO - Processing file /opt/airflow/dags/etl_dag.py for tasks to queue
[2025-11-04T22:27:24.866+0000] {logging_mixin.py:190} INFO - [2025-11-04T22:27:24.866+0000] {dagbag.py:588} INFO - Filling up the DagBag from /opt/airflow/dags/etl_dag.py
[2025-11-04T22:27:24.883+0000] {processor.py:925} INFO - DAG(s) 'etl_pipeline' retrieved from /opt/airflow/dags/etl_dag.py
[2025-11-04T22:27:24.984+0000] {logging_mixin.py:190} INFO - [2025-11-04T22:27:24.984+0000] {dag.py:3239} INFO - Sync 1 DAGs
[2025-11-04T22:27:24.429+0000] {logging_mixin.py:190} INFO - [2025-11-04T22:27:24.429+0000] {dag.py:4180} INFO - Setting next_dagrun for etl_pipeline to None, run_after=None
[2025-11-04T22:27:24.447+0000] {processor.py:208} INFO - Processing /opt/airflow/dags/etl_dag.py took 0.315 seconds
[2025-11-04T22:27:54.769+0000] {processor.py:186} INFO - Started process (PID=482) to work on /opt/airflow/dags/etl_dag.py
[2025-11-04T22:27:54.770+0000] {processor.py:914} INFO - Processing file /opt/airflow/dags/etl_dag.py for tasks to queue
[2025-11-04T22:27:54.773+0000] {logging_mixin.py:190} INFO - [2025-11-04T22:27:54.772+0000] {dagbag.py:588} INFO - Filling up the DagBag from /opt/airflow/dags/etl_dag.py
[2025-11-04T22:27:54.792+0000] {processor.py:925} INFO - DAG(s) 'etl_pipeline' retrieved from /opt/airflow/dags/etl_dag.py
[2025-11-04T22:27:54.805+0000] {logging_mixin.py:190} INFO - [2025-11-04T22:27:54.805+0000] {dag.py:3239} INFO - Sync 1 DAGs
[2025-11-04T22:27:54.820+0000] {logging_mixin.py:190} INFO - [2025-11-04T22:27:54.820+0000] {dag.py:4180} INFO - Setting next_dagrun for etl_pipeline to None, run_after=None
[2025-11-04T22:27:54.837+0000] {processor.py:208} INFO - Processing /opt/airflow/dags/etl_dag.py took 0.075 seconds
[2025-11-04T22:28:24.956+0000] {processor.py:186} INFO - Started process (PID=498) to work on /opt/airflow/dags/etl_dag.py
[2025-11-04T22:28:24.957+0000] {processor.py:914} INFO - Processing file /opt/airflow/dags/etl_dag.py for tasks to queue
[2025-11-04T22:28:24.960+0000] {logging_mixin.py:190} INFO - [2025-11-04T22:28:24.959+0000] {dagbag.py:588} INFO - Filling up the DagBag from /opt/airflow/dags/etl_dag.py
[2025-11-04T22:28:24.976+0000] {processor.py:925} INFO - DAG(s) 'etl_pipeline' retrieved from /opt/airflow/dags/etl_dag.py
[2025-11-04T22:28:24.987+0000] {logging_mixin.py:190} INFO - [2025-11-04T22:28:24.987+0000] {dag.py:3239} INFO - Sync 1 DAGs
[2025-11-04T22:28:25.000+0000] {logging_mixin.py:190} INFO - [2025-11-04T22:28:24.999+0000] {dag.py:4180} INFO - Setting next_dagrun for etl_pipeline to None, run_after=None
[2025-11-04T22:28:25.015+0000] {processor.py:208} INFO - Processing /opt/airflow/dags/etl_dag.py took 0.064 seconds
[2025-11-04T22:28:55.318+0000] {processor.py:186} INFO - Started process (PID=514) to work on /opt/airflow/dags/etl_dag.py
[2025-11-04T22:28:55.319+0000] {processor.py:914} INFO - Processing file /opt/airflow/dags/etl_dag.py for tasks to queue
[2025-11-04T22:28:55.323+0000] {logging_mixin.py:190} INFO - [2025-11-04T22:28:55.323+0000] {dagbag.py:588} INFO - Filling up the DagBag from /opt/airflow/dags/etl_dag.py
[2025-11-04T22:28:55.346+0000] {processor.py:925} INFO - DAG(s) 'etl_pipeline' retrieved from /opt/airflow/dags/etl_dag.py
[2025-11-04T22:28:55.501+0000] {logging_mixin.py:190} INFO - [2025-11-04T22:28:55.500+0000] {dag.py:3239} INFO - Sync 1 DAGs
[2025-11-04T22:28:55.512+0000] {logging_mixin.py:190} INFO - [2025-11-04T22:28:55.511+0000] {dag.py:4180} INFO - Setting next_dagrun for etl_pipeline to None, run_after=None
[2025-11-04T22:28:55.529+0000] {processor.py:208} INFO - Processing /opt/airflow/dags/etl_dag.py took 0.221 seconds
[2025-11-04T22:29:26.384+0000] {processor.py:186} INFO - Started process (PID=530) to work on /opt/airflow/dags/etl_dag.py
[2025-11-04T22:29:26.385+0000] {processor.py:914} INFO - Processing file /opt/airflow/dags/etl_dag.py for tasks to queue
[2025-11-04T22:29:26.388+0000] {logging_mixin.py:190} INFO - [2025-11-04T22:29:26.387+0000] {dagbag.py:588} INFO - Filling up the DagBag from /opt/airflow/dags/etl_dag.py
[2025-11-04T22:29:26.404+0000] {processor.py:925} INFO - DAG(s) 'etl_pipeline' retrieved from /opt/airflow/dags/etl_dag.py
[2025-11-04T22:29:26.427+0000] {logging_mixin.py:190} INFO - [2025-11-04T22:29:26.427+0000] {dag.py:3239} INFO - Sync 1 DAGs
[2025-11-04T22:29:26.440+0000] {logging_mixin.py:190} INFO - [2025-11-04T22:29:26.440+0000] {dag.py:4180} INFO - Setting next_dagrun for etl_pipeline to None, run_after=None
[2025-11-04T22:29:26.456+0000] {processor.py:208} INFO - Processing /opt/airflow/dags/etl_dag.py took 0.076 seconds
[2025-11-04T22:29:56.987+0000] {processor.py:186} INFO - Started process (PID=549) to work on /opt/airflow/dags/etl_dag.py
[2025-11-04T22:29:56.988+0000] {processor.py:914} INFO - Processing file /opt/airflow/dags/etl_dag.py for tasks to queue
[2025-11-04T22:29:56.990+0000] {logging_mixin.py:190} INFO - [2025-11-04T22:29:56.990+0000] {dagbag.py:588} INFO - Filling up the DagBag from /opt/airflow/dags/etl_dag.py
[2025-11-04T22:29:57.009+0000] {processor.py:925} INFO - DAG(s) 'etl_pipeline' retrieved from /opt/airflow/dags/etl_dag.py
[2025-11-04T22:29:57.109+0000] {logging_mixin.py:190} INFO - [2025-11-04T22:29:57.109+0000] {dag.py:3239} INFO - Sync 1 DAGs
[2025-11-04T22:29:57.263+0000] {logging_mixin.py:190} INFO - [2025-11-04T22:29:57.263+0000] {dag.py:4180} INFO - Setting next_dagrun for etl_pipeline to None, run_after=None
[2025-11-04T22:29:57.277+0000] {processor.py:208} INFO - Processing /opt/airflow/dags/etl_dag.py took 0.296 seconds
[2025-11-04T22:30:27.496+0000] {processor.py:186} INFO - Started process (PID=567) to work on /opt/airflow/dags/etl_dag.py
[2025-11-04T22:30:27.497+0000] {processor.py:914} INFO - Processing file /opt/airflow/dags/etl_dag.py for tasks to queue
[2025-11-04T22:30:27.500+0000] {logging_mixin.py:190} INFO - [2025-11-04T22:30:27.500+0000] {dagbag.py:588} INFO - Filling up the DagBag from /opt/airflow/dags/etl_dag.py
[2025-11-04T22:30:27.518+0000] {processor.py:925} INFO - DAG(s) 'etl_pipeline' retrieved from /opt/airflow/dags/etl_dag.py
[2025-11-04T22:30:27.531+0000] {logging_mixin.py:190} INFO - [2025-11-04T22:30:27.530+0000] {dag.py:3239} INFO - Sync 1 DAGs
[2025-11-04T22:30:27.545+0000] {logging_mixin.py:190} INFO - [2025-11-04T22:30:27.545+0000] {dag.py:4180} INFO - Setting next_dagrun for etl_pipeline to None, run_after=None
[2025-11-04T22:30:27.562+0000] {processor.py:208} INFO - Processing /opt/airflow/dags/etl_dag.py took 0.072 seconds
[2025-11-04T22:30:57.639+0000] {processor.py:186} INFO - Started process (PID=583) to work on /opt/airflow/dags/etl_dag.py
[2025-11-04T22:30:57.640+0000] {processor.py:914} INFO - Processing file /opt/airflow/dags/etl_dag.py for tasks to queue
[2025-11-04T22:30:57.642+0000] {logging_mixin.py:190} INFO - [2025-11-04T22:30:57.642+0000] {dagbag.py:588} INFO - Filling up the DagBag from /opt/airflow/dags/etl_dag.py
[2025-11-04T22:30:57.659+0000] {processor.py:925} INFO - DAG(s) 'etl_pipeline' retrieved from /opt/airflow/dags/etl_dag.py
[2025-11-04T22:30:57.759+0000] {logging_mixin.py:190} INFO - [2025-11-04T22:30:57.758+0000] {dag.py:3239} INFO - Sync 1 DAGs
[2025-11-04T22:30:57.768+0000] {logging_mixin.py:190} INFO - [2025-11-04T22:30:57.768+0000] {dag.py:4180} INFO - Setting next_dagrun for etl_pipeline to None, run_after=None
[2025-11-04T22:30:57.783+0000] {processor.py:208} INFO - Processing /opt/airflow/dags/etl_dag.py took 0.150 seconds
[2025-11-04T22:31:27.961+0000] {processor.py:186} INFO - Started process (PID=597) to work on /opt/airflow/dags/etl_dag.py
[2025-11-04T22:31:27.962+0000] {processor.py:914} INFO - Processing file /opt/airflow/dags/etl_dag.py for tasks to queue
[2025-11-04T22:31:27.964+0000] {logging_mixin.py:190} INFO - [2025-11-04T22:31:27.964+0000] {dagbag.py:588} INFO - Filling up the DagBag from /opt/airflow/dags/etl_dag.py
[2025-11-04T22:31:27.980+0000] {processor.py:925} INFO - DAG(s) 'etl_pipeline' retrieved from /opt/airflow/dags/etl_dag.py
[2025-11-04T22:31:28.002+0000] {logging_mixin.py:190} INFO - [2025-11-04T22:31:28.002+0000] {dag.py:3239} INFO - Sync 1 DAGs
[2025-11-04T22:31:28.016+0000] {logging_mixin.py:190} INFO - [2025-11-04T22:31:28.016+0000] {dag.py:4180} INFO - Setting next_dagrun for etl_pipeline to None, run_after=None
[2025-11-04T22:31:28.034+0000] {processor.py:208} INFO - Processing /opt/airflow/dags/etl_dag.py took 0.078 seconds
[2025-11-04T22:31:58.191+0000] {processor.py:186} INFO - Started process (PID=613) to work on /opt/airflow/dags/etl_dag.py
[2025-11-04T22:31:58.192+0000] {processor.py:914} INFO - Processing file /opt/airflow/dags/etl_dag.py for tasks to queue
[2025-11-04T22:31:58.195+0000] {logging_mixin.py:190} INFO - [2025-11-04T22:31:58.194+0000] {dagbag.py:588} INFO - Filling up the DagBag from /opt/airflow/dags/etl_dag.py
[2025-11-04T22:31:58.212+0000] {processor.py:925} INFO - DAG(s) 'etl_pipeline' retrieved from /opt/airflow/dags/etl_dag.py
[2025-11-04T22:31:58.322+0000] {logging_mixin.py:190} INFO - [2025-11-04T22:31:58.321+0000] {dag.py:3239} INFO - Sync 1 DAGs
[2025-11-04T22:31:58.333+0000] {logging_mixin.py:190} INFO - [2025-11-04T22:31:58.333+0000] {dag.py:4180} INFO - Setting next_dagrun for etl_pipeline to None, run_after=None
[2025-11-04T22:31:58.523+0000] {processor.py:208} INFO - Processing /opt/airflow/dags/etl_dag.py took 0.337 seconds
[2025-11-04T22:32:29.093+0000] {processor.py:186} INFO - Started process (PID=631) to work on /opt/airflow/dags/etl_dag.py
[2025-11-04T22:32:29.094+0000] {processor.py:914} INFO - Processing file /opt/airflow/dags/etl_dag.py for tasks to queue
[2025-11-04T22:32:29.096+0000] {logging_mixin.py:190} INFO - [2025-11-04T22:32:29.096+0000] {dagbag.py:588} INFO - Filling up the DagBag from /opt/airflow/dags/etl_dag.py
[2025-11-04T22:32:29.115+0000] {processor.py:925} INFO - DAG(s) 'etl_pipeline' retrieved from /opt/airflow/dags/etl_dag.py
[2025-11-04T22:32:29.128+0000] {logging_mixin.py:190} INFO - [2025-11-04T22:32:29.128+0000] {dag.py:3239} INFO - Sync 1 DAGs
[2025-11-04T22:32:29.142+0000] {logging_mixin.py:190} INFO - [2025-11-04T22:32:29.142+0000] {dag.py:4180} INFO - Setting next_dagrun for etl_pipeline to None, run_after=None
[2025-11-04T22:32:29.160+0000] {processor.py:208} INFO - Processing /opt/airflow/dags/etl_dag.py took 0.074 seconds
[2025-11-04T22:32:59.323+0000] {processor.py:186} INFO - Started process (PID=647) to work on /opt/airflow/dags/etl_dag.py
[2025-11-04T22:32:59.324+0000] {processor.py:914} INFO - Processing file /opt/airflow/dags/etl_dag.py for tasks to queue
[2025-11-04T22:32:59.327+0000] {logging_mixin.py:190} INFO - [2025-11-04T22:32:59.326+0000] {dagbag.py:588} INFO - Filling up the DagBag from /opt/airflow/dags/etl_dag.py
[2025-11-04T22:32:59.346+0000] {processor.py:925} INFO - DAG(s) 'etl_pipeline' retrieved from /opt/airflow/dags/etl_dag.py
[2025-11-04T22:32:59.627+0000] {logging_mixin.py:190} INFO - [2025-11-04T22:32:59.627+0000] {dag.py:3239} INFO - Sync 1 DAGs
[2025-11-04T22:32:59.638+0000] {logging_mixin.py:190} INFO - [2025-11-04T22:32:59.637+0000] {dag.py:4180} INFO - Setting next_dagrun for etl_pipeline to None, run_after=None
[2025-11-04T22:32:59.654+0000] {processor.py:208} INFO - Processing /opt/airflow/dags/etl_dag.py took 0.338 seconds
[2025-11-04T22:33:29.830+0000] {processor.py:186} INFO - Started process (PID=663) to work on /opt/airflow/dags/etl_dag.py
[2025-11-04T22:33:29.831+0000] {processor.py:914} INFO - Processing file /opt/airflow/dags/etl_dag.py for tasks to queue
[2025-11-04T22:33:29.834+0000] {logging_mixin.py:190} INFO - [2025-11-04T22:33:29.833+0000] {dagbag.py:588} INFO - Filling up the DagBag from /opt/airflow/dags/etl_dag.py
[2025-11-04T22:33:29.849+0000] {processor.py:925} INFO - DAG(s) 'etl_pipeline' retrieved from /opt/airflow/dags/etl_dag.py
[2025-11-04T22:33:29.870+0000] {logging_mixin.py:190} INFO - [2025-11-04T22:33:29.870+0000] {dag.py:3239} INFO - Sync 1 DAGs
[2025-11-04T22:33:29.883+0000] {logging_mixin.py:190} INFO - [2025-11-04T22:33:29.882+0000] {dag.py:4180} INFO - Setting next_dagrun for etl_pipeline to None, run_after=None
[2025-11-04T22:33:29.898+0000] {processor.py:208} INFO - Processing /opt/airflow/dags/etl_dag.py took 0.073 seconds
[2025-11-04T22:34:00.022+0000] {processor.py:186} INFO - Started process (PID=679) to work on /opt/airflow/dags/etl_dag.py
[2025-11-04T22:34:00.023+0000] {processor.py:914} INFO - Processing file /opt/airflow/dags/etl_dag.py for tasks to queue
[2025-11-04T22:34:00.025+0000] {logging_mixin.py:190} INFO - [2025-11-04T22:34:00.025+0000] {dagbag.py:588} INFO - Filling up the DagBag from /opt/airflow/dags/etl_dag.py
[2025-11-04T22:34:00.042+0000] {processor.py:925} INFO - DAG(s) 'etl_pipeline' retrieved from /opt/airflow/dags/etl_dag.py
[2025-11-04T22:34:00.054+0000] {logging_mixin.py:190} INFO - [2025-11-04T22:34:00.053+0000] {dag.py:3239} INFO - Sync 1 DAGs
[2025-11-04T22:34:00.066+0000] {logging_mixin.py:190} INFO - [2025-11-04T22:34:00.066+0000] {dag.py:4180} INFO - Setting next_dagrun for etl_pipeline to None, run_after=None
[2025-11-04T22:34:00.081+0000] {processor.py:208} INFO - Processing /opt/airflow/dags/etl_dag.py took 0.063 seconds
[2025-11-04T22:34:30.725+0000] {processor.py:186} INFO - Started process (PID=695) to work on /opt/airflow/dags/etl_dag.py
[2025-11-04T22:34:30.727+0000] {processor.py:914} INFO - Processing file /opt/airflow/dags/etl_dag.py for tasks to queue
[2025-11-04T22:34:30.730+0000] {logging_mixin.py:190} INFO - [2025-11-04T22:34:30.729+0000] {dagbag.py:588} INFO - Filling up the DagBag from /opt/airflow/dags/etl_dag.py
[2025-11-04T22:34:30.747+0000] {processor.py:925} INFO - DAG(s) 'etl_pipeline' retrieved from /opt/airflow/dags/etl_dag.py
[2025-11-04T22:34:30.860+0000] {logging_mixin.py:190} INFO - [2025-11-04T22:34:30.860+0000] {dag.py:3239} INFO - Sync 1 DAGs
[2025-11-04T22:34:30.873+0000] {logging_mixin.py:190} INFO - [2025-11-04T22:34:30.873+0000] {dag.py:4180} INFO - Setting next_dagrun for etl_pipeline to None, run_after=None
[2025-11-04T22:34:31.057+0000] {processor.py:208} INFO - Processing /opt/airflow/dags/etl_dag.py took 0.337 seconds
[2025-11-04T22:35:01.121+0000] {processor.py:186} INFO - Started process (PID=711) to work on /opt/airflow/dags/etl_dag.py
[2025-11-04T22:35:01.122+0000] {processor.py:914} INFO - Processing file /opt/airflow/dags/etl_dag.py for tasks to queue
[2025-11-04T22:35:01.125+0000] {logging_mixin.py:190} INFO - [2025-11-04T22:35:01.125+0000] {dagbag.py:588} INFO - Filling up the DagBag from /opt/airflow/dags/etl_dag.py
[2025-11-04T22:35:01.143+0000] {processor.py:925} INFO - DAG(s) 'etl_pipeline' retrieved from /opt/airflow/dags/etl_dag.py
[2025-11-04T22:35:01.169+0000] {logging_mixin.py:190} INFO - [2025-11-04T22:35:01.168+0000] {dag.py:3239} INFO - Sync 1 DAGs
[2025-11-04T22:35:01.182+0000] {logging_mixin.py:190} INFO - [2025-11-04T22:35:01.182+0000] {dag.py:4180} INFO - Setting next_dagrun for etl_pipeline to None, run_after=None
[2025-11-04T22:35:01.198+0000] {processor.py:208} INFO - Processing /opt/airflow/dags/etl_dag.py took 0.083 seconds
[2025-11-04T22:35:31.484+0000] {processor.py:186} INFO - Started process (PID=727) to work on /opt/airflow/dags/etl_dag.py
[2025-11-04T22:35:31.485+0000] {processor.py:914} INFO - Processing file /opt/airflow/dags/etl_dag.py for tasks to queue
[2025-11-04T22:35:31.487+0000] {logging_mixin.py:190} INFO - [2025-11-04T22:35:31.487+0000] {dagbag.py:588} INFO - Filling up the DagBag from /opt/airflow/dags/etl_dag.py
[2025-11-04T22:35:31.505+0000] {processor.py:925} INFO - DAG(s) 'etl_pipeline' retrieved from /opt/airflow/dags/etl_dag.py
[2025-11-04T22:35:31.517+0000] {logging_mixin.py:190} INFO - [2025-11-04T22:35:31.517+0000] {dag.py:3239} INFO - Sync 1 DAGs
[2025-11-04T22:35:31.531+0000] {logging_mixin.py:190} INFO - [2025-11-04T22:35:31.531+0000] {dag.py:4180} INFO - Setting next_dagrun for etl_pipeline to None, run_after=None
[2025-11-04T22:35:31.549+0000] {processor.py:208} INFO - Processing /opt/airflow/dags/etl_dag.py took 0.071 seconds
[2025-11-04T22:36:02.501+0000] {processor.py:186} INFO - Started process (PID=743) to work on /opt/airflow/dags/etl_dag.py
[2025-11-04T22:36:02.516+0000] {processor.py:914} INFO - Processing file /opt/airflow/dags/etl_dag.py for tasks to queue
[2025-11-04T22:36:02.520+0000] {logging_mixin.py:190} INFO - [2025-11-04T22:36:02.519+0000] {dagbag.py:588} INFO - Filling up the DagBag from /opt/airflow/dags/etl_dag.py
[2025-11-04T22:36:02.584+0000] {processor.py:925} INFO - DAG(s) 'etl_pipeline' retrieved from /opt/airflow/dags/etl_dag.py
[2025-11-04T22:36:02.715+0000] {logging_mixin.py:190} INFO - [2025-11-04T22:36:02.715+0000] {dag.py:3239} INFO - Sync 1 DAGs
[2025-11-04T22:36:02.727+0000] {logging_mixin.py:190} INFO - [2025-11-04T22:36:02.727+0000] {dag.py:4180} INFO - Setting next_dagrun for etl_pipeline to None, run_after=None
[2025-11-04T22:36:02.745+0000] {processor.py:208} INFO - Processing /opt/airflow/dags/etl_dag.py took 0.254 seconds
[2025-11-04T22:36:33.427+0000] {processor.py:186} INFO - Started process (PID=759) to work on /opt/airflow/dags/etl_dag.py
[2025-11-04T22:36:33.428+0000] {processor.py:914} INFO - Processing file /opt/airflow/dags/etl_dag.py for tasks to queue
[2025-11-04T22:36:33.431+0000] {logging_mixin.py:190} INFO - [2025-11-04T22:36:33.430+0000] {dagbag.py:588} INFO - Filling up the DagBag from /opt/airflow/dags/etl_dag.py
[2025-11-04T22:36:33.448+0000] {processor.py:925} INFO - DAG(s) 'etl_pipeline' retrieved from /opt/airflow/dags/etl_dag.py
[2025-11-04T22:36:33.475+0000] {logging_mixin.py:190} INFO - [2025-11-04T22:36:33.475+0000] {dag.py:3239} INFO - Sync 1 DAGs
[2025-11-04T22:36:33.490+0000] {logging_mixin.py:190} INFO - [2025-11-04T22:36:33.489+0000] {dag.py:4180} INFO - Setting next_dagrun for etl_pipeline to None, run_after=None
[2025-11-04T22:36:33.508+0000] {processor.py:208} INFO - Processing /opt/airflow/dags/etl_dag.py took 0.087 seconds
[2025-11-04T22:37:03.838+0000] {processor.py:186} INFO - Started process (PID=775) to work on /opt/airflow/dags/etl_dag.py
[2025-11-04T22:37:03.839+0000] {processor.py:914} INFO - Processing file /opt/airflow/dags/etl_dag.py for tasks to queue
[2025-11-04T22:37:03.842+0000] {logging_mixin.py:190} INFO - [2025-11-04T22:37:03.841+0000] {dagbag.py:588} INFO - Filling up the DagBag from /opt/airflow/dags/etl_dag.py
[2025-11-04T22:37:03.862+0000] {processor.py:925} INFO - DAG(s) 'etl_pipeline' retrieved from /opt/airflow/dags/etl_dag.py
[2025-11-04T22:37:03.878+0000] {logging_mixin.py:190} INFO - [2025-11-04T22:37:03.877+0000] {dag.py:3239} INFO - Sync 1 DAGs
[2025-11-04T22:37:03.895+0000] {logging_mixin.py:190} INFO - [2025-11-04T22:37:03.895+0000] {dag.py:4180} INFO - Setting next_dagrun for etl_pipeline to None, run_after=None
[2025-11-04T22:37:03.917+0000] {processor.py:208} INFO - Processing /opt/airflow/dags/etl_dag.py took 0.086 seconds
[2025-11-04T22:37:34.053+0000] {processor.py:186} INFO - Started process (PID=791) to work on /opt/airflow/dags/etl_dag.py
[2025-11-04T22:37:34.054+0000] {processor.py:914} INFO - Processing file /opt/airflow/dags/etl_dag.py for tasks to queue
[2025-11-04T22:37:34.057+0000] {logging_mixin.py:190} INFO - [2025-11-04T22:37:34.057+0000] {dagbag.py:588} INFO - Filling up the DagBag from /opt/airflow/dags/etl_dag.py
[2025-11-04T22:37:34.080+0000] {processor.py:925} INFO - DAG(s) 'etl_pipeline' retrieved from /opt/airflow/dags/etl_dag.py
[2025-11-04T22:37:34.199+0000] {logging_mixin.py:190} INFO - [2025-11-04T22:37:34.199+0000] {dag.py:3239} INFO - Sync 1 DAGs
[2025-11-04T22:37:34.389+0000] {logging_mixin.py:190} INFO - [2025-11-04T22:37:34.389+0000] {dag.py:4180} INFO - Setting next_dagrun for etl_pipeline to None, run_after=None
[2025-11-04T22:37:34.411+0000] {processor.py:208} INFO - Processing /opt/airflow/dags/etl_dag.py took 0.366 seconds
[2025-11-04T22:38:05.287+0000] {processor.py:186} INFO - Started process (PID=807) to work on /opt/airflow/dags/etl_dag.py
[2025-11-04T22:38:05.298+0000] {processor.py:914} INFO - Processing file /opt/airflow/dags/etl_dag.py for tasks to queue
[2025-11-04T22:38:05.306+0000] {logging_mixin.py:190} INFO - [2025-11-04T22:38:05.306+0000] {dagbag.py:588} INFO - Filling up the DagBag from /opt/airflow/dags/etl_dag.py
[2025-11-04T22:38:05.481+0000] {processor.py:925} INFO - DAG(s) 'etl_pipeline' retrieved from /opt/airflow/dags/etl_dag.py
[2025-11-04T22:38:05.505+0000] {logging_mixin.py:190} INFO - [2025-11-04T22:38:05.505+0000] {dag.py:3239} INFO - Sync 1 DAGs
[2025-11-04T22:38:05.518+0000] {logging_mixin.py:190} INFO - [2025-11-04T22:38:05.518+0000] {dag.py:4180} INFO - Setting next_dagrun for etl_pipeline to None, run_after=None
[2025-11-04T22:38:05.535+0000] {processor.py:208} INFO - Processing /opt/airflow/dags/etl_dag.py took 0.258 seconds
[2025-11-04T22:38:35.701+0000] {processor.py:186} INFO - Started process (PID=823) to work on /opt/airflow/dags/etl_dag.py
[2025-11-04T22:38:35.702+0000] {processor.py:914} INFO - Processing file /opt/airflow/dags/etl_dag.py for tasks to queue
[2025-11-04T22:38:35.705+0000] {logging_mixin.py:190} INFO - [2025-11-04T22:38:35.704+0000] {dagbag.py:588} INFO - Filling up the DagBag from /opt/airflow/dags/etl_dag.py
[2025-11-04T22:38:35.722+0000] {processor.py:925} INFO - DAG(s) 'etl_pipeline' retrieved from /opt/airflow/dags/etl_dag.py
[2025-11-04T22:38:35.734+0000] {logging_mixin.py:190} INFO - [2025-11-04T22:38:35.734+0000] {dag.py:3239} INFO - Sync 1 DAGs
[2025-11-04T22:38:35.748+0000] {logging_mixin.py:190} INFO - [2025-11-04T22:38:35.748+0000] {dag.py:4180} INFO - Setting next_dagrun for etl_pipeline to None, run_after=None
[2025-11-04T22:38:35.764+0000] {processor.py:208} INFO - Processing /opt/airflow/dags/etl_dag.py took 0.068 seconds
[2025-11-04T22:39:06.229+0000] {processor.py:186} INFO - Started process (PID=839) to work on /opt/airflow/dags/etl_dag.py
[2025-11-04T22:39:06.231+0000] {processor.py:914} INFO - Processing file /opt/airflow/dags/etl_dag.py for tasks to queue
[2025-11-04T22:39:06.234+0000] {logging_mixin.py:190} INFO - [2025-11-04T22:39:06.234+0000] {dagbag.py:588} INFO - Filling up the DagBag from /opt/airflow/dags/etl_dag.py
[2025-11-04T22:39:06.257+0000] {processor.py:925} INFO - DAG(s) 'etl_pipeline' retrieved from /opt/airflow/dags/etl_dag.py
[2025-11-04T22:39:06.444+0000] {logging_mixin.py:190} INFO - [2025-11-04T22:39:06.444+0000] {dag.py:3239} INFO - Sync 1 DAGs
[2025-11-04T22:39:06.459+0000] {logging_mixin.py:190} INFO - [2025-11-04T22:39:06.459+0000] {dag.py:4180} INFO - Setting next_dagrun for etl_pipeline to None, run_after=None
[2025-11-04T22:39:06.478+0000] {processor.py:208} INFO - Processing /opt/airflow/dags/etl_dag.py took 0.257 seconds
[2025-11-04T22:39:37.412+0000] {processor.py:186} INFO - Started process (PID=855) to work on /opt/airflow/dags/etl_dag.py
[2025-11-04T22:39:37.413+0000] {processor.py:914} INFO - Processing file /opt/airflow/dags/etl_dag.py for tasks to queue
[2025-11-04T22:39:37.416+0000] {logging_mixin.py:190} INFO - [2025-11-04T22:39:37.416+0000] {dagbag.py:588} INFO - Filling up the DagBag from /opt/airflow/dags/etl_dag.py
[2025-11-04T22:39:37.435+0000] {processor.py:925} INFO - DAG(s) 'etl_pipeline' retrieved from /opt/airflow/dags/etl_dag.py
[2025-11-04T22:39:37.460+0000] {logging_mixin.py:190} INFO - [2025-11-04T22:39:37.459+0000] {dag.py:3239} INFO - Sync 1 DAGs
[2025-11-04T22:39:37.472+0000] {logging_mixin.py:190} INFO - [2025-11-04T22:39:37.472+0000] {dag.py:4180} INFO - Setting next_dagrun for etl_pipeline to None, run_after=None
[2025-11-04T22:39:37.487+0000] {processor.py:208} INFO - Processing /opt/airflow/dags/etl_dag.py took 0.081 seconds
[2025-11-04T22:40:07.973+0000] {processor.py:186} INFO - Started process (PID=871) to work on /opt/airflow/dags/etl_dag.py
[2025-11-04T22:40:07.975+0000] {processor.py:914} INFO - Processing file /opt/airflow/dags/etl_dag.py for tasks to queue
[2025-11-04T22:40:07.977+0000] {logging_mixin.py:190} INFO - [2025-11-04T22:40:07.976+0000] {dagbag.py:588} INFO - Filling up the DagBag from /opt/airflow/dags/etl_dag.py
[2025-11-04T22:40:07.994+0000] {processor.py:925} INFO - DAG(s) 'etl_pipeline' retrieved from /opt/airflow/dags/etl_dag.py
[2025-11-04T22:40:08.006+0000] {logging_mixin.py:190} INFO - [2025-11-04T22:40:08.005+0000] {dag.py:3239} INFO - Sync 1 DAGs
[2025-11-04T22:40:08.019+0000] {logging_mixin.py:190} INFO - [2025-11-04T22:40:08.019+0000] {dag.py:4180} INFO - Setting next_dagrun for etl_pipeline to None, run_after=None
[2025-11-04T22:40:08.036+0000] {processor.py:208} INFO - Processing /opt/airflow/dags/etl_dag.py took 0.069 seconds
